Building DAG of jobs...
Using shell: /usr/bin/bash
Provided cores: 24
Rules claiming more threads will be scaled down.
Job counts:
	count	jobs
	1	all
	4	bmat2pmat
	96	pmat_merge
	101

[Sun Sep 27 14:48:52 2020]
rule pmat_merge:
    input: ../mpileup_pmat_bmat/293T-bat_VEGFA-sgRNADel-PD_rep1_hg38.MAPQ20.select.A.pmat
    output: ../mpileup_pmat_bmat/293T-bat_VEGFA-sgRNADel-PD_rep1_hg38.MAPQ20.select.A2A.mpmat
    log: ../mpileup_pmat_bmat/293T-bat_VEGFA-sgRNADel-PD_rep1_hg38.MAPQ20.select.A2A.mpmat.log
    jobid: 125
    reason: Missing output files: ../mpileup_pmat_bmat/293T-bat_VEGFA-sgRNADel-PD_rep1_hg38.MAPQ20.select.A2A.mpmat
    wildcards: sample=VEGFA-sgRNADel-PD, rep=rep1, from_base=A, to_base=A


        F="A"
        T="A"

        echo "From base to base：F=$A,T=$B"
        if [ "$A" = "$B" ];then
        echo "From base == To base, skip.."
        else
        echo /home/zhaohuanan/miniconda3/envs/snakepipes_detect-seq_fastq_bam_plot/bin/python ./program/pmat-merge-V04.py             -f A             -t A             -r /home/zhaohuanan/zhaohn_HD/2.database/fasta_hg38/hg38_only_chromosome.fa             --OutHeader False             -i ../mpileup_pmat_bmat/293T-bat_VEGFA-sgRNADel-PD_rep1_hg38.MAPQ20.select.A.pmat             -o ../mpileup_pmat_bmat/293T-bat_VEGFA-sgRNADel-PD_rep1_hg38.MAPQ20.select.A2A.mpmat             -d 50 -D 100 --NoMutNumCutoff 2 --OmitTandemNumCutoff 2 --SNP /home/zhaohuanan/zhaohn_HD/2.database/GATK_resource_bundle/resources_broad_hg38_v0_Homo_sapiens_assembly38.dbsnp138.vcf 2>../mpileup_pmat_bmat/293T-bat_VEGFA-sgRNADel-PD_rep1_hg38.MAPQ20.select.A2A.mpmat.log;         fi
        

[Sun Sep 27 14:48:52 2020]
rule pmat_merge:
    input: ../mpileup_pmat_bmat/293T-bat_VEGFA-sgRNADel-PD_rep1_hg38.MAPQ20.select.T.pmat
    output: ../mpileup_pmat_bmat/293T-bat_VEGFA-sgRNADel-PD_rep1_hg38.MAPQ20.select.T2C.mpmat
    log: ../mpileup_pmat_bmat/293T-bat_VEGFA-sgRNADel-PD_rep1_hg38.MAPQ20.select.T2C.mpmat.log
    jobid: 139
    reason: Missing output files: ../mpileup_pmat_bmat/293T-bat_VEGFA-sgRNADel-PD_rep1_hg38.MAPQ20.select.T2C.mpmat
    wildcards: sample=VEGFA-sgRNADel-PD, rep=rep1, from_base=T, to_base=C


        F="T"
        T="C"

        echo "From base to base：F=$A,T=$B"
        if [ "$A" = "$B" ];then
        echo "From base == To base, skip.."
        else
        echo /home/zhaohuanan/miniconda3/envs/snakepipes_detect-seq_fastq_bam_plot/bin/python ./program/pmat-merge-V04.py             -f T             -t C             -r /home/zhaohuanan/zhaohn_HD/2.database/fasta_hg38/hg38_only_chromosome.fa             --OutHeader False             -i ../mpileup_pmat_bmat/293T-bat_VEGFA-sgRNADel-PD_rep1_hg38.MAPQ20.select.T.pmat             -o ../mpileup_pmat_bmat/293T-bat_VEGFA-sgRNADel-PD_rep1_hg38.MAPQ20.select.T2C.mpmat             -d 50 -D 100 --NoMutNumCutoff 2 --OmitTandemNumCutoff 2 --SNP /home/zhaohuanan/zhaohn_HD/2.database/GATK_resource_bundle/resources_broad_hg38_v0_Homo_sapiens_assembly38.dbsnp138.vcf 2>../mpileup_pmat_bmat/293T-bat_VEGFA-sgRNADel-PD_rep1_hg38.MAPQ20.select.T2C.mpmat.log;         fi
        

[Sun Sep 27 14:48:52 2020]
rule pmat_merge:
    input: ../mpileup_pmat_bmat/293T-bat_VEGFA-sgRNADel-PD_rep1_hg38.MAPQ20.select.A.pmat
    output: ../mpileup_pmat_bmat/293T-bat_VEGFA-sgRNADel-PD_rep1_hg38.MAPQ20.select.A2G.mpmat
    log: ../mpileup_pmat_bmat/293T-bat_VEGFA-sgRNADel-PD_rep1_hg38.MAPQ20.select.A2G.mpmat.log
    jobid: 126
    reason: Missing output files: ../mpileup_pmat_bmat/293T-bat_VEGFA-sgRNADel-PD_rep1_hg38.MAPQ20.select.A2G.mpmat
    wildcards: sample=VEGFA-sgRNADel-PD, rep=rep1, from_base=A, to_base=G


        F="A"
        T="G"

        echo "From base to base：F=$A,T=$B"
        if [ "$A" = "$B" ];then
        echo "From base == To base, skip.."
        else
        echo /home/zhaohuanan/miniconda3/envs/snakepipes_detect-seq_fastq_bam_plot/bin/python ./program/pmat-merge-V04.py             -f A             -t G             -r /home/zhaohuanan/zhaohn_HD/2.database/fasta_hg38/hg38_only_chromosome.fa             --OutHeader False             -i ../mpileup_pmat_bmat/293T-bat_VEGFA-sgRNADel-PD_rep1_hg38.MAPQ20.select.A.pmat             -o ../mpileup_pmat_bmat/293T-bat_VEGFA-sgRNADel-PD_rep1_hg38.MAPQ20.select.A2G.mpmat             -d 50 -D 100 --NoMutNumCutoff 2 --OmitTandemNumCutoff 2 --SNP /home/zhaohuanan/zhaohn_HD/2.database/GATK_resource_bundle/resources_broad_hg38_v0_Homo_sapiens_assembly38.dbsnp138.vcf 2>../mpileup_pmat_bmat/293T-bat_VEGFA-sgRNADel-PD_rep1_hg38.MAPQ20.select.A2G.mpmat.log;         fi
        
[Sun Sep 27 14:48:52 2020]
Error in rule pmat_merge:
    jobid: 125
    output: ../mpileup_pmat_bmat/293T-bat_VEGFA-sgRNADel-PD_rep1_hg38.MAPQ20.select.A2A.mpmat
[Sun Sep 27 14:48:52 2020]
    log: ../mpileup_pmat_bmat/293T-bat_VEGFA-sgRNADel-PD_rep1_hg38.MAPQ20.select.A2A.mpmat.log (check log file(s) for error message)
Error in rule pmat_merge:
    shell:
        
        F="A"
        T="A"

        echo "From base to base：F=$A,T=$B"
        if [ "$A" = "$B" ];then
        echo "From base == To base, skip.."
        else
        echo /home/zhaohuanan/miniconda3/envs/snakepipes_detect-seq_fastq_bam_plot/bin/python ./program/pmat-merge-V04.py             -f A             -t A             -r /home/zhaohuanan/zhaohn_HD/2.database/fasta_hg38/hg38_only_chromosome.fa             --OutHeader False             -i ../mpileup_pmat_bmat/293T-bat_VEGFA-sgRNADel-PD_rep1_hg38.MAPQ20.select.A.pmat             -o ../mpileup_pmat_bmat/293T-bat_VEGFA-sgRNADel-PD_rep1_hg38.MAPQ20.select.A2A.mpmat             -d 50 -D 100 --NoMutNumCutoff 2 --OmitTandemNumCutoff 2 --SNP /home/zhaohuanan/zhaohn_HD/2.database/GATK_resource_bundle/resources_broad_hg38_v0_Homo_sapiens_assembly38.dbsnp138.vcf 2>../mpileup_pmat_bmat/293T-bat_VEGFA-sgRNADel-PD_rep1_hg38.MAPQ20.select.A2A.mpmat.log;         fi
        
        (one of the commands exited with non-zero exit code; note that snakemake uses bash strict mode!)
    jobid: 139


    output: ../mpileup_pmat_bmat/293T-bat_VEGFA-sgRNADel-PD_rep1_hg38.MAPQ20.select.T2C.mpmat
[Sun Sep 27 14:48:52 2020]
    log: ../mpileup_pmat_bmat/293T-bat_VEGFA-sgRNADel-PD_rep1_hg38.MAPQ20.select.T2C.mpmat.log (check log file(s) for error message)
rule pmat_merge:
    input: ../mpileup_pmat_bmat/293T-bat_VEGFA-sgRNADel-PD_rep1_hg38.MAPQ20.select.T.pmat
    output: ../mpileup_pmat_bmat/293T-bat_VEGFA-sgRNADel-PD_rep1_hg38.MAPQ20.select.T2T.mpmat
    log: ../mpileup_pmat_bmat/293T-bat_VEGFA-sgRNADel-PD_rep1_hg38.MAPQ20.select.T2T.mpmat.log
    jobid: 140
    reason: Missing output files: ../mpileup_pmat_bmat/293T-bat_VEGFA-sgRNADel-PD_rep1_hg38.MAPQ20.select.T2T.mpmat
    wildcards: sample=VEGFA-sgRNADel-PD, rep=rep1, from_base=T, to_base=T
    shell:
        
        F="T"
        T="C"

        echo "From base to base：F=$A,T=$B"
        if [ "$A" = "$B" ];then
        echo "From base == To base, skip.."
        else
        echo /home/zhaohuanan/miniconda3/envs/snakepipes_detect-seq_fastq_bam_plot/bin/python ./program/pmat-merge-V04.py             -f T             -t C             -r /home/zhaohuanan/zhaohn_HD/2.database/fasta_hg38/hg38_only_chromosome.fa             --OutHeader False             -i ../mpileup_pmat_bmat/293T-bat_VEGFA-sgRNADel-PD_rep1_hg38.MAPQ20.select.T.pmat             -o ../mpileup_pmat_bmat/293T-bat_VEGFA-sgRNADel-PD_rep1_hg38.MAPQ20.select.T2C.mpmat             -d 50 -D 100 --NoMutNumCutoff 2 --OmitTandemNumCutoff 2 --SNP /home/zhaohuanan/zhaohn_HD/2.database/GATK_resource_bundle/resources_broad_hg38_v0_Homo_sapiens_assembly38.dbsnp138.vcf 2>../mpileup_pmat_bmat/293T-bat_VEGFA-sgRNADel-PD_rep1_hg38.MAPQ20.select.T2C.mpmat.log;         fi
        
        (one of the commands exited with non-zero exit code; note that snakemake uses bash strict mode!)



        F="T"
        T="T"

        echo "From base to base：F=$A,T=$B"
        if [ "$A" = "$B" ];then
        echo "From base == To base, skip.."
        else
        echo /home/zhaohuanan/miniconda3/envs/snakepipes_detect-seq_fastq_bam_plot/bin/python ./program/pmat-merge-V04.py             -f T             -t T             -r /home/zhaohuanan/zhaohn_HD/2.database/fasta_hg38/hg38_only_chromosome.fa             --OutHeader False             -i ../mpileup_pmat_bmat/293T-bat_VEGFA-sgRNADel-PD_rep1_hg38.MAPQ20.select.T.pmat             -o ../mpileup_pmat_bmat/293T-bat_VEGFA-sgRNADel-PD_rep1_hg38.MAPQ20.select.T2T.mpmat             -d 50 -D 100 --NoMutNumCutoff 2 --OmitTandemNumCutoff 2 --SNP /home/zhaohuanan/zhaohn_HD/2.database/GATK_resource_bundle/resources_broad_hg38_v0_Homo_sapiens_assembly38.dbsnp138.vcf 2>../mpileup_pmat_bmat/293T-bat_VEGFA-sgRNADel-PD_rep1_hg38.MAPQ20.select.T2T.mpmat.log;         fi
        

[Sun Sep 27 14:48:52 2020]
rule pmat_merge:
    input: ../mpileup_pmat_bmat/293T-bat_VEGFA-sgRNADel-PD_rep1_hg38.MAPQ20.select.A.pmat
    output: ../mpileup_pmat_bmat/293T-bat_VEGFA-sgRNADel-PD_rep1_hg38.MAPQ20.select.A2C.mpmat
    log: ../mpileup_pmat_bmat/293T-bat_VEGFA-sgRNADel-PD_rep1_hg38.MAPQ20.select.A2C.mpmat.log
    jobid: 127
    reason: Missing output files: ../mpileup_pmat_bmat/293T-bat_VEGFA-sgRNADel-PD_rep1_hg38.MAPQ20.select.A2C.mpmat
    wildcards: sample=VEGFA-sgRNADel-PD, rep=rep1, from_base=A, to_base=C


        F="A"
        T="C"

        echo "From base to base：F=$A,T=$B"
        if [ "$A" = "$B" ];then
        echo "From base == To base, skip.."
        else
        echo /home/zhaohuanan/miniconda3/envs/snakepipes_detect-seq_fastq_bam_plot/bin/python ./program/pmat-merge-V04.py             -f A             -t C             -r /home/zhaohuanan/zhaohn_HD/2.database/fasta_hg38/hg38_only_chromosome.fa             --OutHeader False             -i ../mpileup_pmat_bmat/293T-bat_VEGFA-sgRNADel-PD_rep1_hg38.MAPQ20.select.A.pmat             -o ../mpileup_pmat_bmat/293T-bat_VEGFA-sgRNADel-PD_rep1_hg38.MAPQ20.select.A2C.mpmat             -d 50 -D 100 --NoMutNumCutoff 2 --OmitTandemNumCutoff 2 --SNP /home/zhaohuanan/zhaohn_HD/2.database/GATK_resource_bundle/resources_broad_hg38_v0_Homo_sapiens_assembly38.dbsnp138.vcf 2>../mpileup_pmat_bmat/293T-bat_VEGFA-sgRNADel-PD_rep1_hg38.MAPQ20.select.A2C.mpmat.log;         fi
        
[Sun Sep 27 14:48:52 2020]
Error in rule pmat_merge:
    jobid: 126
    output: ../mpileup_pmat_bmat/293T-bat_VEGFA-sgRNADel-PD_rep1_hg38.MAPQ20.select.A2G.mpmat
    log: ../mpileup_pmat_bmat/293T-bat_VEGFA-sgRNADel-PD_rep1_hg38.MAPQ20.select.A2G.mpmat.log (check log file(s) for error message)
    shell:
        
        F="A"
        T="G"

        echo "From base to base：F=$A,T=$B"
        if [ "$A" = "$B" ];then
        echo "From base == To base, skip.."
        else
        echo /home/zhaohuanan/miniconda3/envs/snakepipes_detect-seq_fastq_bam_plot/bin/python ./program/pmat-merge-V04.py             -f A             -t G             -r /home/zhaohuanan/zhaohn_HD/2.database/fasta_hg38/hg38_only_chromosome.fa             --OutHeader False             -i ../mpileup_pmat_bmat/293T-bat_VEGFA-sgRNADel-PD_rep1_hg38.MAPQ20.select.A.pmat             -o ../mpileup_pmat_bmat/293T-bat_VEGFA-sgRNADel-PD_rep1_hg38.MAPQ20.select.A2G.mpmat             -d 50 -D 100 --NoMutNumCutoff 2 --OmitTandemNumCutoff 2 --SNP /home/zhaohuanan/zhaohn_HD/2.database/GATK_resource_bundle/resources_broad_hg38_v0_Homo_sapiens_assembly38.dbsnp138.vcf 2>../mpileup_pmat_bmat/293T-bat_VEGFA-sgRNADel-PD_rep1_hg38.MAPQ20.select.A2G.mpmat.log;         fi
        
        (one of the commands exited with non-zero exit code; note that snakemake uses bash strict mode!)


[Sun Sep 27 14:48:52 2020]
rule pmat_merge:
    input: ../mpileup_pmat_bmat/293T-bat_VEGFA-sgRNADel-PD_rep2_hg38.MAPQ20.select.A.pmat
    output: ../mpileup_pmat_bmat/293T-bat_VEGFA-sgRNADel-PD_rep2_hg38.MAPQ20.select.A2A.mpmat
    log: ../mpileup_pmat_bmat/293T-bat_VEGFA-sgRNADel-PD_rep2_hg38.MAPQ20.select.A2A.mpmat.log
    jobid: 141
    reason: Missing output files: ../mpileup_pmat_bmat/293T-bat_VEGFA-sgRNADel-PD_rep2_hg38.MAPQ20.select.A2A.mpmat
    wildcards: sample=VEGFA-sgRNADel-PD, rep=rep2, from_base=A, to_base=A
[Sun Sep 27 14:48:52 2020]

Error in rule pmat_merge:

        F="A"
        T="A"

        echo "From base to base：F=$A,T=$B"
        if [ "$A" = "$B" ];then
        echo "From base == To base, skip.."
        else
        echo /home/zhaohuanan/miniconda3/envs/snakepipes_detect-seq_fastq_bam_plot/bin/python ./program/pmat-merge-V04.py             -f A             -t A             -r /home/zhaohuanan/zhaohn_HD/2.database/fasta_hg38/hg38_only_chromosome.fa             --OutHeader False             -i ../mpileup_pmat_bmat/293T-bat_VEGFA-sgRNADel-PD_rep2_hg38.MAPQ20.select.A.pmat             -o ../mpileup_pmat_bmat/293T-bat_VEGFA-sgRNADel-PD_rep2_hg38.MAPQ20.select.A2A.mpmat             -d 50 -D 100 --NoMutNumCutoff 2 --OmitTandemNumCutoff 2 --SNP /home/zhaohuanan/zhaohn_HD/2.database/GATK_resource_bundle/resources_broad_hg38_v0_Homo_sapiens_assembly38.dbsnp138.vcf 2>../mpileup_pmat_bmat/293T-bat_VEGFA-sgRNADel-PD_rep2_hg38.MAPQ20.select.A2A.mpmat.log;         fi
        
    jobid: 140
    output: ../mpileup_pmat_bmat/293T-bat_VEGFA-sgRNADel-PD_rep1_hg38.MAPQ20.select.T2T.mpmat
    log: ../mpileup_pmat_bmat/293T-bat_VEGFA-sgRNADel-PD_rep1_hg38.MAPQ20.select.T2T.mpmat.log (check log file(s) for error message)
    shell:
        
        F="T"
        T="T"

        echo "From base to base：F=$A,T=$B"
        if [ "$A" = "$B" ];then
        echo "From base == To base, skip.."
        else
        echo /home/zhaohuanan/miniconda3/envs/snakepipes_detect-seq_fastq_bam_plot/bin/python ./program/pmat-merge-V04.py             -f T             -t T             -r /home/zhaohuanan/zhaohn_HD/2.database/fasta_hg38/hg38_only_chromosome.fa             --OutHeader False             -i ../mpileup_pmat_bmat/293T-bat_VEGFA-sgRNADel-PD_rep1_hg38.MAPQ20.select.T.pmat             -o ../mpileup_pmat_bmat/293T-bat_VEGFA-sgRNADel-PD_rep1_hg38.MAPQ20.select.T2T.mpmat             -d 50 -D 100 --NoMutNumCutoff 2 --OmitTandemNumCutoff 2 --SNP /home/zhaohuanan/zhaohn_HD/2.database/GATK_resource_bundle/resources_broad_hg38_v0_Homo_sapiens_assembly38.dbsnp138.vcf 2>../mpileup_pmat_bmat/293T-bat_VEGFA-sgRNADel-PD_rep1_hg38.MAPQ20.select.T2T.mpmat.log;         fi
        
        (one of the commands exited with non-zero exit code; note that snakemake uses bash strict mode!)
[Sun Sep 27 14:48:52 2020]

Error in rule pmat_merge:
    jobid: 127
    output: ../mpileup_pmat_bmat/293T-bat_VEGFA-sgRNADel-PD_rep1_hg38.MAPQ20.select.A2C.mpmat
    log: ../mpileup_pmat_bmat/293T-bat_VEGFA-sgRNADel-PD_rep1_hg38.MAPQ20.select.A2C.mpmat.log (check log file(s) for error message)
    shell:
        
        F="A"
        T="C"

        echo "From base to base：F=$A,T=$B"
        if [ "$A" = "$B" ];then
        echo "From base == To base, skip.."
        else
        echo /home/zhaohuanan/miniconda3/envs/snakepipes_detect-seq_fastq_bam_plot/bin/python ./program/pmat-merge-V04.py             -f A             -t C             -r /home/zhaohuanan/zhaohn_HD/2.database/fasta_hg38/hg38_only_chromosome.fa             --OutHeader False             -i ../mpileup_pmat_bmat/293T-bat_VEGFA-sgRNADel-PD_rep1_hg38.MAPQ20.select.A.pmat             -o ../mpileup_pmat_bmat/293T-bat_VEGFA-sgRNADel-PD_rep1_hg38.MAPQ20.select.A2C.mpmat             -d 50 -D 100 --NoMutNumCutoff 2 --OmitTandemNumCutoff 2 --SNP /home/zhaohuanan/zhaohn_HD/2.database/GATK_resource_bundle/resources_broad_hg38_v0_Homo_sapiens_assembly38.dbsnp138.vcf 2>../mpileup_pmat_bmat/293T-bat_VEGFA-sgRNADel-PD_rep1_hg38.MAPQ20.select.A2C.mpmat.log;         fi
        
        (one of the commands exited with non-zero exit code; note that snakemake uses bash strict mode!)


[Sun Sep 27 14:48:52 2020]
rule pmat_merge:
    input: ../mpileup_pmat_bmat/293T-bat_VEGFA-sgRNADel-PD_rep1_hg38.MAPQ20.select.A.pmat
    output: ../mpileup_pmat_bmat/293T-bat_VEGFA-sgRNADel-PD_rep1_hg38.MAPQ20.select.A2T.mpmat
    log: ../mpileup_pmat_bmat/293T-bat_VEGFA-sgRNADel-PD_rep1_hg38.MAPQ20.select.A2T.mpmat.log
    jobid: 128
    reason: Missing output files: ../mpileup_pmat_bmat/293T-bat_VEGFA-sgRNADel-PD_rep1_hg38.MAPQ20.select.A2T.mpmat
    wildcards: sample=VEGFA-sgRNADel-PD, rep=rep1, from_base=A, to_base=T


        F="A"
        T="T"

        echo "From base to base：F=$A,T=$B"
        if [ "$A" = "$B" ];then
        echo "From base == To base, skip.."
        else
        echo /home/zhaohuanan/miniconda3/envs/snakepipes_detect-seq_fastq_bam_plot/bin/python ./program/pmat-merge-V04.py             -f A             -t T             -r /home/zhaohuanan/zhaohn_HD/2.database/fasta_hg38/hg38_only_chromosome.fa             --OutHeader False             -i ../mpileup_pmat_bmat/293T-bat_VEGFA-sgRNADel-PD_rep1_hg38.MAPQ20.select.A.pmat             -o ../mpileup_pmat_bmat/293T-bat_VEGFA-sgRNADel-PD_rep1_hg38.MAPQ20.select.A2T.mpmat             -d 50 -D 100 --NoMutNumCutoff 2 --OmitTandemNumCutoff 2 --SNP /home/zhaohuanan/zhaohn_HD/2.database/GATK_resource_bundle/resources_broad_hg38_v0_Homo_sapiens_assembly38.dbsnp138.vcf 2>../mpileup_pmat_bmat/293T-bat_VEGFA-sgRNADel-PD_rep1_hg38.MAPQ20.select.A2T.mpmat.log;         fi
        

[Sun Sep 27 14:48:52 2020]
rule pmat_merge:
    input: ../mpileup_pmat_bmat/293T-bat_VEGFA-sgRNADel-PD_rep2_hg38.MAPQ20.select.A.pmat
    output: ../mpileup_pmat_bmat/293T-bat_VEGFA-sgRNADel-PD_rep2_hg38.MAPQ20.select.A2G.mpmat
    log: ../mpileup_pmat_bmat/293T-bat_VEGFA-sgRNADel-PD_rep2_hg38.MAPQ20.select.A2G.mpmat.log
    jobid: 142
    reason: Missing output files: ../mpileup_pmat_bmat/293T-bat_VEGFA-sgRNADel-PD_rep2_hg38.MAPQ20.select.A2G.mpmat
    wildcards: sample=VEGFA-sgRNADel-PD, rep=rep2, from_base=A, to_base=G


        F="A"
        T="G"

        echo "From base to base：F=$A,T=$B"
        if [ "$A" = "$B" ];then
        echo "From base == To base, skip.."
        else
        echo /home/zhaohuanan/miniconda3/envs/snakepipes_detect-seq_fastq_bam_plot/bin/python ./program/pmat-merge-V04.py             -f A             -t G             -r /home/zhaohuanan/zhaohn_HD/2.database/fasta_hg38/hg38_only_chromosome.fa             --OutHeader False             -i ../mpileup_pmat_bmat/293T-bat_VEGFA-sgRNADel-PD_rep2_hg38.MAPQ20.select.A.pmat             -o ../mpileup_pmat_bmat/293T-bat_VEGFA-sgRNADel-PD_rep2_hg38.MAPQ20.select.A2G.mpmat             -d 50 -D 100 --NoMutNumCutoff 2 --OmitTandemNumCutoff 2 --SNP /home/zhaohuanan/zhaohn_HD/2.database/GATK_resource_bundle/resources_broad_hg38_v0_Homo_sapiens_assembly38.dbsnp138.vcf 2>../mpileup_pmat_bmat/293T-bat_VEGFA-sgRNADel-PD_rep2_hg38.MAPQ20.select.A2G.mpmat.log;         fi
        
[Sun Sep 27 14:48:52 2020]
Error in rule pmat_merge:
    jobid: 141
    output: ../mpileup_pmat_bmat/293T-bat_VEGFA-sgRNADel-PD_rep2_hg38.MAPQ20.select.A2A.mpmat
    log: ../mpileup_pmat_bmat/293T-bat_VEGFA-sgRNADel-PD_rep2_hg38.MAPQ20.select.A2A.mpmat.log (check log file(s) for error message)
    shell:
        
        F="A"
        T="A"

        echo "From base to base：F=$A,T=$B"
        if [ "$A" = "$B" ];then
        echo "From base == To base, skip.."
        else
        echo /home/zhaohuanan/miniconda3/envs/snakepipes_detect-seq_fastq_bam_plot/bin/python ./program/pmat-merge-V04.py             -f A             -t A             -r /home/zhaohuanan/zhaohn_HD/2.database/fasta_hg38/hg38_only_chromosome.fa             --OutHeader False             -i ../mpileup_pmat_bmat/293T-bat_VEGFA-sgRNADel-PD_rep2_hg38.MAPQ20.select.A.pmat             -o ../mpileup_pmat_bmat/293T-bat_VEGFA-sgRNADel-PD_rep2_hg38.MAPQ20.select.A2A.mpmat             -d 50 -D 100 --NoMutNumCutoff 2 --OmitTandemNumCutoff 2 --SNP /home/zhaohuanan/zhaohn_HD/2.database/GATK_resource_bundle/resources_broad_hg38_v0_Homo_sapiens_assembly38.dbsnp138.vcf 2>../mpileup_pmat_bmat/293T-bat_VEGFA-sgRNADel-PD_rep2_hg38.MAPQ20.select.A2A.mpmat.log;         fi
        
        (one of the commands exited with non-zero exit code; note that snakemake uses bash strict mode!)


[Sun Sep 27 14:48:52 2020]
rule pmat_merge:
    input: ../mpileup_pmat_bmat/293T-bat_VEGFA-sgRNADel-PD_rep2_hg38.MAPQ20.select.A.pmat
    output: ../mpileup_pmat_bmat/293T-bat_VEGFA-sgRNADel-PD_rep2_hg38.MAPQ20.select.A2C.mpmat
    log: ../mpileup_pmat_bmat/293T-bat_VEGFA-sgRNADel-PD_rep2_hg38.MAPQ20.select.A2C.mpmat.log
    jobid: 143
    reason: Missing output files: ../mpileup_pmat_bmat/293T-bat_VEGFA-sgRNADel-PD_rep2_hg38.MAPQ20.select.A2C.mpmat
    wildcards: sample=VEGFA-sgRNADel-PD, rep=rep2, from_base=A, to_base=C


        F="A"
        T="C"

        echo "From base to base：F=$A,T=$B"
        if [ "$A" = "$B" ];then
        echo "From base == To base, skip.."
        else
        echo /home/zhaohuanan/miniconda3/envs/snakepipes_detect-seq_fastq_bam_plot/bin/python ./program/pmat-merge-V04.py             -f A             -t C             -r /home/zhaohuanan/zhaohn_HD/2.database/fasta_hg38/hg38_only_chromosome.fa             --OutHeader False             -i ../mpileup_pmat_bmat/293T-bat_VEGFA-sgRNADel-PD_rep2_hg38.MAPQ20.select.A.pmat             -o ../mpileup_pmat_bmat/293T-bat_VEGFA-sgRNADel-PD_rep2_hg38.MAPQ20.select.A2C.mpmat             -d 50 -D 100 --NoMutNumCutoff 2 --OmitTandemNumCutoff 2 --SNP /home/zhaohuanan/zhaohn_HD/2.database/GATK_resource_bundle/resources_broad_hg38_v0_Homo_sapiens_assembly38.dbsnp138.vcf 2>../mpileup_pmat_bmat/293T-bat_VEGFA-sgRNADel-PD_rep2_hg38.MAPQ20.select.A2C.mpmat.log;         fi
        
[Sun Sep 27 14:48:52 2020]
Error in rule pmat_merge:
    jobid: 128
    output: ../mpileup_pmat_bmat/293T-bat_VEGFA-sgRNADel-PD_rep1_hg38.MAPQ20.select.A2T.mpmat
    log: ../mpileup_pmat_bmat/293T-bat_VEGFA-sgRNADel-PD_rep1_hg38.MAPQ20.select.A2T.mpmat.log (check log file(s) for error message)
    shell:
        
        F="A"
        T="T"

        echo "From base to base：F=$A,T=$B"
        if [ "$A" = "$B" ];then
        echo "From base == To base, skip.."
        else
        echo /home/zhaohuanan/miniconda3/envs/snakepipes_detect-seq_fastq_bam_plot/bin/python ./program/pmat-merge-V04.py             -f A             -t T             -r /home/zhaohuanan/zhaohn_HD/2.database/fasta_hg38/hg38_only_chromosome.fa             --OutHeader False             -i ../mpileup_pmat_bmat/293T-bat_VEGFA-sgRNADel-PD_rep1_hg38.MAPQ20.select.A.pmat             -o ../mpileup_pmat_bmat/293T-bat_VEGFA-sgRNADel-PD_rep1_hg38.MAPQ20.select.A2T.mpmat             -d 50 -D 100 --NoMutNumCutoff 2 --OmitTandemNumCutoff 2 --SNP /home/zhaohuanan/zhaohn_HD/2.database/GATK_resource_bundle/resources_broad_hg38_v0_Homo_sapiens_assembly38.dbsnp138.vcf 2>../mpileup_pmat_bmat/293T-bat_VEGFA-sgRNADel-PD_rep1_hg38.MAPQ20.select.A2T.mpmat.log;         fi
        
        (one of the commands exited with non-zero exit code; note that snakemake uses bash strict mode!)

[Sun Sep 27 14:48:52 2020]

Error in rule pmat_merge:
[Sun Sep 27 14:48:52 2020]
    jobid: 142
rule pmat_merge:
    input: ../mpileup_pmat_bmat/293T-bat_VEGFA-sgRNADel-PD_rep2_hg38.MAPQ20.select.A.pmat
    output: ../mpileup_pmat_bmat/293T-bat_VEGFA-sgRNADel-PD_rep2_hg38.MAPQ20.select.A2T.mpmat
    log: ../mpileup_pmat_bmat/293T-bat_VEGFA-sgRNADel-PD_rep2_hg38.MAPQ20.select.A2T.mpmat.log
    jobid: 144
    reason: Missing output files: ../mpileup_pmat_bmat/293T-bat_VEGFA-sgRNADel-PD_rep2_hg38.MAPQ20.select.A2T.mpmat
    wildcards: sample=VEGFA-sgRNADel-PD, rep=rep2, from_base=A, to_base=T
    output: ../mpileup_pmat_bmat/293T-bat_VEGFA-sgRNADel-PD_rep2_hg38.MAPQ20.select.A2G.mpmat

    log: ../mpileup_pmat_bmat/293T-bat_VEGFA-sgRNADel-PD_rep2_hg38.MAPQ20.select.A2G.mpmat.log (check log file(s) for error message)

        F="A"
        T="T"

        echo "From base to base：F=$A,T=$B"
        if [ "$A" = "$B" ];then
        echo "From base == To base, skip.."
        else
        echo /home/zhaohuanan/miniconda3/envs/snakepipes_detect-seq_fastq_bam_plot/bin/python ./program/pmat-merge-V04.py             -f A             -t T             -r /home/zhaohuanan/zhaohn_HD/2.database/fasta_hg38/hg38_only_chromosome.fa             --OutHeader False             -i ../mpileup_pmat_bmat/293T-bat_VEGFA-sgRNADel-PD_rep2_hg38.MAPQ20.select.A.pmat             -o ../mpileup_pmat_bmat/293T-bat_VEGFA-sgRNADel-PD_rep2_hg38.MAPQ20.select.A2T.mpmat             -d 50 -D 100 --NoMutNumCutoff 2 --OmitTandemNumCutoff 2 --SNP /home/zhaohuanan/zhaohn_HD/2.database/GATK_resource_bundle/resources_broad_hg38_v0_Homo_sapiens_assembly38.dbsnp138.vcf 2>../mpileup_pmat_bmat/293T-bat_VEGFA-sgRNADel-PD_rep2_hg38.MAPQ20.select.A2T.mpmat.log;         fi
        
    shell:
        
        F="A"
        T="G"

        echo "From base to base：F=$A,T=$B"
        if [ "$A" = "$B" ];then
        echo "From base == To base, skip.."
        else
        echo /home/zhaohuanan/miniconda3/envs/snakepipes_detect-seq_fastq_bam_plot/bin/python ./program/pmat-merge-V04.py             -f A             -t G             -r /home/zhaohuanan/zhaohn_HD/2.database/fasta_hg38/hg38_only_chromosome.fa             --OutHeader False             -i ../mpileup_pmat_bmat/293T-bat_VEGFA-sgRNADel-PD_rep2_hg38.MAPQ20.select.A.pmat             -o ../mpileup_pmat_bmat/293T-bat_VEGFA-sgRNADel-PD_rep2_hg38.MAPQ20.select.A2G.mpmat             -d 50 -D 100 --NoMutNumCutoff 2 --OmitTandemNumCutoff 2 --SNP /home/zhaohuanan/zhaohn_HD/2.database/GATK_resource_bundle/resources_broad_hg38_v0_Homo_sapiens_assembly38.dbsnp138.vcf 2>../mpileup_pmat_bmat/293T-bat_VEGFA-sgRNADel-PD_rep2_hg38.MAPQ20.select.A2G.mpmat.log;         fi
        
        (one of the commands exited with non-zero exit code; note that snakemake uses bash strict mode!)


[Sun Sep 27 14:48:52 2020]
rule pmat_merge:
    input: ../mpileup_pmat_bmat/293T-bat_VEGFA-Vector-PD_rep1_hg38.MAPQ20.select.T.pmat
    output: ../mpileup_pmat_bmat/293T-bat_VEGFA-Vector-PD_rep1_hg38.MAPQ20.select.T2A.mpmat
    log: ../mpileup_pmat_bmat/293T-bat_VEGFA-Vector-PD_rep1_hg38.MAPQ20.select.T2A.mpmat.log
    jobid: 105
    reason: Missing output files: ../mpileup_pmat_bmat/293T-bat_VEGFA-Vector-PD_rep1_hg38.MAPQ20.select.T2A.mpmat
    wildcards: sample=VEGFA-Vector-PD, rep=rep1, from_base=T, to_base=A


        F="T"
        T="A"

        echo "From base to base：F=$A,T=$B"
        if [ "$A" = "$B" ];then
        echo "From base == To base, skip.."
        else
        echo /home/zhaohuanan/miniconda3/envs/snakepipes_detect-seq_fastq_bam_plot/bin/python ./program/pmat-merge-V04.py             -f T             -t A             -r /home/zhaohuanan/zhaohn_HD/2.database/fasta_hg38/hg38_only_chromosome.fa             --OutHeader False             -i ../mpileup_pmat_bmat/293T-bat_VEGFA-Vector-PD_rep1_hg38.MAPQ20.select.T.pmat             -o ../mpileup_pmat_bmat/293T-bat_VEGFA-Vector-PD_rep1_hg38.MAPQ20.select.T2A.mpmat             -d 50 -D 100 --NoMutNumCutoff 2 --OmitTandemNumCutoff 2 --SNP /home/zhaohuanan/zhaohn_HD/2.database/GATK_resource_bundle/resources_broad_hg38_v0_Homo_sapiens_assembly38.dbsnp138.vcf 2>../mpileup_pmat_bmat/293T-bat_VEGFA-Vector-PD_rep1_hg38.MAPQ20.select.T2A.mpmat.log;         fi
        
[Sun Sep 27 14:48:52 2020]
Error in rule pmat_merge:
    jobid: 143
    output: ../mpileup_pmat_bmat/293T-bat_VEGFA-sgRNADel-PD_rep2_hg38.MAPQ20.select.A2C.mpmat
    log: ../mpileup_pmat_bmat/293T-bat_VEGFA-sgRNADel-PD_rep2_hg38.MAPQ20.select.A2C.mpmat.log (check log file(s) for error message)
    shell:
        
        F="A"
        T="C"

        echo "From base to base：F=$A,T=$B"
        if [ "$A" = "$B" ];then
        echo "From base == To base, skip.."
        else
        echo /home/zhaohuanan/miniconda3/envs/snakepipes_detect-seq_fastq_bam_plot/bin/python ./program/pmat-merge-V04.py             -f A             -t C             -r /home/zhaohuanan/zhaohn_HD/2.database/fasta_hg38/hg38_only_chromosome.fa             --OutHeader False             -i ../mpileup_pmat_bmat/293T-bat_VEGFA-sgRNADel-PD_rep2_hg38.MAPQ20.select.A.pmat             -o ../mpileup_pmat_bmat/293T-bat_VEGFA-sgRNADel-PD_rep2_hg38.MAPQ20.select.A2C.mpmat             -d 50 -D 100 --NoMutNumCutoff 2 --OmitTandemNumCutoff 2 --SNP /home/zhaohuanan/zhaohn_HD/2.database/GATK_resource_bundle/resources_broad_hg38_v0_Homo_sapiens_assembly38.dbsnp138.vcf 2>../mpileup_pmat_bmat/293T-bat_VEGFA-sgRNADel-PD_rep2_hg38.MAPQ20.select.A2C.mpmat.log;         fi
        
        (one of the commands exited with non-zero exit code; note that snakemake uses bash strict mode!)


[Sun Sep 27 14:48:52 2020]
rule pmat_merge:
    input: ../mpileup_pmat_bmat/293T-bat_VEGFA-Vector-PD_rep1_hg38.MAPQ20.select.T.pmat
    output: ../mpileup_pmat_bmat/293T-bat_VEGFA-Vector-PD_rep1_hg38.MAPQ20.select.T2G.mpmat
    log: ../mpileup_pmat_bmat/293T-bat_VEGFA-Vector-PD_rep1_hg38.MAPQ20.select.T2G.mpmat.log
    jobid: 106
    reason: Missing output files: ../mpileup_pmat_bmat/293T-bat_VEGFA-Vector-PD_rep1_hg38.MAPQ20.select.T2G.mpmat
    wildcards: sample=VEGFA-Vector-PD, rep=rep1, from_base=T, to_base=G


        F="T"
        T="G"

        echo "From base to base：F=$A,T=$B"
        if [ "$A" = "$B" ];then
        echo "From base == To base, skip.."
        else
        echo /home/zhaohuanan/miniconda3/envs/snakepipes_detect-seq_fastq_bam_plot/bin/python ./program/pmat-merge-V04.py             -f T             -t G             -r /home/zhaohuanan/zhaohn_HD/2.database/fasta_hg38/hg38_only_chromosome.fa             --OutHeader False             -i ../mpileup_pmat_bmat/293T-bat_VEGFA-Vector-PD_rep1_hg38.MAPQ20.select.T.pmat             -o ../mpileup_pmat_bmat/293T-bat_VEGFA-Vector-PD_rep1_hg38.MAPQ20.select.T2G.mpmat             -d 50 -D 100 --NoMutNumCutoff 2 --OmitTandemNumCutoff 2 --SNP /home/zhaohuanan/zhaohn_HD/2.database/GATK_resource_bundle/resources_broad_hg38_v0_Homo_sapiens_assembly38.dbsnp138.vcf 2>../mpileup_pmat_bmat/293T-bat_VEGFA-Vector-PD_rep1_hg38.MAPQ20.select.T2G.mpmat.log;         fi
        
[Sun Sep 27 14:48:52 2020]
Error in rule pmat_merge:
    jobid: 144
    output: ../mpileup_pmat_bmat/293T-bat_VEGFA-sgRNADel-PD_rep2_hg38.MAPQ20.select.A2T.mpmat
    log: ../mpileup_pmat_bmat/293T-bat_VEGFA-sgRNADel-PD_rep2_hg38.MAPQ20.select.A2T.mpmat.log (check log file(s) for error message)
    shell:
        
        F="A"
        T="T"

        echo "From base to base：F=$A,T=$B"
        if [ "$A" = "$B" ];then
        echo "From base == To base, skip.."
        else
        echo /home/zhaohuanan/miniconda3/envs/snakepipes_detect-seq_fastq_bam_plot/bin/python ./program/pmat-merge-V04.py             -f A             -t T             -r /home/zhaohuanan/zhaohn_HD/2.database/fasta_hg38/hg38_only_chromosome.fa             --OutHeader False             -i ../mpileup_pmat_bmat/293T-bat_VEGFA-sgRNADel-PD_rep2_hg38.MAPQ20.select.A.pmat             -o ../mpileup_pmat_bmat/293T-bat_VEGFA-sgRNADel-PD_rep2_hg38.MAPQ20.select.A2T.mpmat             -d 50 -D 100 --NoMutNumCutoff 2 --OmitTandemNumCutoff 2 --SNP /home/zhaohuanan/zhaohn_HD/2.database/GATK_resource_bundle/resources_broad_hg38_v0_Homo_sapiens_assembly38.dbsnp138.vcf 2>../mpileup_pmat_bmat/293T-bat_VEGFA-sgRNADel-PD_rep2_hg38.MAPQ20.select.A2T.mpmat.log;         fi
        
        (one of the commands exited with non-zero exit code; note that snakemake uses bash strict mode!)


[Sun Sep 27 14:48:52 2020]
rule pmat_merge:
    input: ../mpileup_pmat_bmat/293T-bat_VEGFA-Vector-PD_rep1_hg38.MAPQ20.select.T.pmat
    output: ../mpileup_pmat_bmat/293T-bat_VEGFA-Vector-PD_rep1_hg38.MAPQ20.select.T2C.mpmat
    log: ../mpileup_pmat_bmat/293T-bat_VEGFA-Vector-PD_rep1_hg38.MAPQ20.select.T2C.mpmat.log
    jobid: 107
    reason: Missing output files: ../mpileup_pmat_bmat/293T-bat_VEGFA-Vector-PD_rep1_hg38.MAPQ20.select.T2C.mpmat
    wildcards: sample=VEGFA-Vector-PD, rep=rep1, from_base=T, to_base=C


        F="T"
        T="C"

        echo "From base to base：F=$A,T=$B"
        if [ "$A" = "$B" ];then
        echo "From base == To base, skip.."
        else
        echo /home/zhaohuanan/miniconda3/envs/snakepipes_detect-seq_fastq_bam_plot/bin/python ./program/pmat-merge-V04.py             -f T             -t C             -r /home/zhaohuanan/zhaohn_HD/2.database/fasta_hg38/hg38_only_chromosome.fa             --OutHeader False             -i ../mpileup_pmat_bmat/293T-bat_VEGFA-Vector-PD_rep1_hg38.MAPQ20.select.T.pmat             -o ../mpileup_pmat_bmat/293T-bat_VEGFA-Vector-PD_rep1_hg38.MAPQ20.select.T2C.mpmat             -d 50 -D 100 --NoMutNumCutoff 2 --OmitTandemNumCutoff 2 --SNP /home/zhaohuanan/zhaohn_HD/2.database/GATK_resource_bundle/resources_broad_hg38_v0_Homo_sapiens_assembly38.dbsnp138.vcf 2>../mpileup_pmat_bmat/293T-bat_VEGFA-Vector-PD_rep1_hg38.MAPQ20.select.T2C.mpmat.log;         fi
        
[Sun Sep 27 14:48:52 2020]
Error in rule pmat_merge:
    jobid: 105
    output: ../mpileup_pmat_bmat/293T-bat_VEGFA-Vector-PD_rep1_hg38.MAPQ20.select.T2A.mpmat
    log: ../mpileup_pmat_bmat/293T-bat_VEGFA-Vector-PD_rep1_hg38.MAPQ20.select.T2A.mpmat.log (check log file(s) for error message)
    shell:
        
        F="T"
        T="A"

        echo "From base to base：F=$A,T=$B"
        if [ "$A" = "$B" ];then
        echo "From base == To base, skip.."
        else
        echo /home/zhaohuanan/miniconda3/envs/snakepipes_detect-seq_fastq_bam_plot/bin/python ./program/pmat-merge-V04.py             -f T             -t A             -r /home/zhaohuanan/zhaohn_HD/2.database/fasta_hg38/hg38_only_chromosome.fa             --OutHeader False             -i ../mpileup_pmat_bmat/293T-bat_VEGFA-Vector-PD_rep1_hg38.MAPQ20.select.T.pmat             -o ../mpileup_pmat_bmat/293T-bat_VEGFA-Vector-PD_rep1_hg38.MAPQ20.select.T2A.mpmat             -d 50 -D 100 --NoMutNumCutoff 2 --OmitTandemNumCutoff 2 --SNP /home/zhaohuanan/zhaohn_HD/2.database/GATK_resource_bundle/resources_broad_hg38_v0_Homo_sapiens_assembly38.dbsnp138.vcf 2>../mpileup_pmat_bmat/293T-bat_VEGFA-Vector-PD_rep1_hg38.MAPQ20.select.T2A.mpmat.log;         fi
        
        (one of the commands exited with non-zero exit code; note that snakemake uses bash strict mode!)

[Sun Sep 27 14:48:52 2020]
Error in rule pmat_merge:

    jobid: 106
[Sun Sep 27 14:48:52 2020]
    output: ../mpileup_pmat_bmat/293T-bat_VEGFA-Vector-PD_rep1_hg38.MAPQ20.select.T2G.mpmat
rule pmat_merge:
    input: ../mpileup_pmat_bmat/293T-bat_VEGFA-Vector-PD_rep1_hg38.MAPQ20.select.T.pmat
    output: ../mpileup_pmat_bmat/293T-bat_VEGFA-Vector-PD_rep1_hg38.MAPQ20.select.T2T.mpmat
    log: ../mpileup_pmat_bmat/293T-bat_VEGFA-Vector-PD_rep1_hg38.MAPQ20.select.T2T.mpmat.log
    jobid: 108
    reason: Missing output files: ../mpileup_pmat_bmat/293T-bat_VEGFA-Vector-PD_rep1_hg38.MAPQ20.select.T2T.mpmat
    wildcards: sample=VEGFA-Vector-PD, rep=rep1, from_base=T, to_base=T
    log: ../mpileup_pmat_bmat/293T-bat_VEGFA-Vector-PD_rep1_hg38.MAPQ20.select.T2G.mpmat.log (check log file(s) for error message)

    shell:
        
        F="T"
        T="G"

        echo "From base to base：F=$A,T=$B"
        if [ "$A" = "$B" ];then
        echo "From base == To base, skip.."
        else
        echo /home/zhaohuanan/miniconda3/envs/snakepipes_detect-seq_fastq_bam_plot/bin/python ./program/pmat-merge-V04.py             -f T             -t G             -r /home/zhaohuanan/zhaohn_HD/2.database/fasta_hg38/hg38_only_chromosome.fa             --OutHeader False             -i ../mpileup_pmat_bmat/293T-bat_VEGFA-Vector-PD_rep1_hg38.MAPQ20.select.T.pmat             -o ../mpileup_pmat_bmat/293T-bat_VEGFA-Vector-PD_rep1_hg38.MAPQ20.select.T2G.mpmat             -d 50 -D 100 --NoMutNumCutoff 2 --OmitTandemNumCutoff 2 --SNP /home/zhaohuanan/zhaohn_HD/2.database/GATK_resource_bundle/resources_broad_hg38_v0_Homo_sapiens_assembly38.dbsnp138.vcf 2>../mpileup_pmat_bmat/293T-bat_VEGFA-Vector-PD_rep1_hg38.MAPQ20.select.T2G.mpmat.log;         fi
        
        (one of the commands exited with non-zero exit code; note that snakemake uses bash strict mode!)

        F="T"
        T="T"

        echo "From base to base：F=$A,T=$B"
        if [ "$A" = "$B" ];then
        echo "From base == To base, skip.."
        else
        echo /home/zhaohuanan/miniconda3/envs/snakepipes_detect-seq_fastq_bam_plot/bin/python ./program/pmat-merge-V04.py             -f T             -t T             -r /home/zhaohuanan/zhaohn_HD/2.database/fasta_hg38/hg38_only_chromosome.fa             --OutHeader False             -i ../mpileup_pmat_bmat/293T-bat_VEGFA-Vector-PD_rep1_hg38.MAPQ20.select.T.pmat             -o ../mpileup_pmat_bmat/293T-bat_VEGFA-Vector-PD_rep1_hg38.MAPQ20.select.T2T.mpmat             -d 50 -D 100 --NoMutNumCutoff 2 --OmitTandemNumCutoff 2 --SNP /home/zhaohuanan/zhaohn_HD/2.database/GATK_resource_bundle/resources_broad_hg38_v0_Homo_sapiens_assembly38.dbsnp138.vcf 2>../mpileup_pmat_bmat/293T-bat_VEGFA-Vector-PD_rep1_hg38.MAPQ20.select.T2T.mpmat.log;         fi
        


[Sun Sep 27 14:48:52 2020]
rule pmat_merge:
    input: ../mpileup_pmat_bmat/293T-bat_VEGFA-sgRNADel-PD_rep1_hg38.MAPQ20.select.T.pmat
    output: ../mpileup_pmat_bmat/293T-bat_VEGFA-sgRNADel-PD_rep1_hg38.MAPQ20.select.T2A.mpmat
    log: ../mpileup_pmat_bmat/293T-bat_VEGFA-sgRNADel-PD_rep1_hg38.MAPQ20.select.T2A.mpmat.log
    jobid: 137
    reason: Missing output files: ../mpileup_pmat_bmat/293T-bat_VEGFA-sgRNADel-PD_rep1_hg38.MAPQ20.select.T2A.mpmat
    wildcards: sample=VEGFA-sgRNADel-PD, rep=rep1, from_base=T, to_base=A


        F="T"
        T="A"

        echo "From base to base：F=$A,T=$B"
        if [ "$A" = "$B" ];then
        echo "From base == To base, skip.."
        else
        echo /home/zhaohuanan/miniconda3/envs/snakepipes_detect-seq_fastq_bam_plot/bin/python ./program/pmat-merge-V04.py             -f T             -t A             -r /home/zhaohuanan/zhaohn_HD/2.database/fasta_hg38/hg38_only_chromosome.fa             --OutHeader False             -i ../mpileup_pmat_bmat/293T-bat_VEGFA-sgRNADel-PD_rep1_hg38.MAPQ20.select.T.pmat             -o ../mpileup_pmat_bmat/293T-bat_VEGFA-sgRNADel-PD_rep1_hg38.MAPQ20.select.T2A.mpmat             -d 50 -D 100 --NoMutNumCutoff 2 --OmitTandemNumCutoff 2 --SNP /home/zhaohuanan/zhaohn_HD/2.database/GATK_resource_bundle/resources_broad_hg38_v0_Homo_sapiens_assembly38.dbsnp138.vcf 2>../mpileup_pmat_bmat/293T-bat_VEGFA-sgRNADel-PD_rep1_hg38.MAPQ20.select.T2A.mpmat.log;         fi
        
[Sun Sep 27 14:48:52 2020]
Error in rule pmat_merge:
    jobid: 107
    output: ../mpileup_pmat_bmat/293T-bat_VEGFA-Vector-PD_rep1_hg38.MAPQ20.select.T2C.mpmat
    log: ../mpileup_pmat_bmat/293T-bat_VEGFA-Vector-PD_rep1_hg38.MAPQ20.select.T2C.mpmat.log (check log file(s) for error message)
    shell:
        
        F="T"
        T="C"

        echo "From base to base：F=$A,T=$B"
        if [ "$A" = "$B" ];then
        echo "From base == To base, skip.."
        else
        echo /home/zhaohuanan/miniconda3/envs/snakepipes_detect-seq_fastq_bam_plot/bin/python ./program/pmat-merge-V04.py             -f T             -t C             -r /home/zhaohuanan/zhaohn_HD/2.database/fasta_hg38/hg38_only_chromosome.fa             --OutHeader False             -i ../mpileup_pmat_bmat/293T-bat_VEGFA-Vector-PD_rep1_hg38.MAPQ20.select.T.pmat             -o ../mpileup_pmat_bmat/293T-bat_VEGFA-Vector-PD_rep1_hg38.MAPQ20.select.T2C.mpmat             -d 50 -D 100 --NoMutNumCutoff 2 --OmitTandemNumCutoff 2 --SNP /home/zhaohuanan/zhaohn_HD/2.database/GATK_resource_bundle/resources_broad_hg38_v0_Homo_sapiens_assembly38.dbsnp138.vcf 2>../mpileup_pmat_bmat/293T-bat_VEGFA-Vector-PD_rep1_hg38.MAPQ20.select.T2C.mpmat.log;         fi
        
        (one of the commands exited with non-zero exit code; note that snakemake uses bash strict mode!)


[Sun Sep 27 14:48:52 2020]
rule pmat_merge:
    input: ../mpileup_pmat_bmat/293T-bat_VEGFA-sgRNADel-PD_rep1_hg38.MAPQ20.select.T.pmat
    output: ../mpileup_pmat_bmat/293T-bat_VEGFA-sgRNADel-PD_rep1_hg38.MAPQ20.select.T2G.mpmat
    log: ../mpileup_pmat_bmat/293T-bat_VEGFA-sgRNADel-PD_rep1_hg38.MAPQ20.select.T2G.mpmat.log
    jobid: 138
    reason: Missing output files: ../mpileup_pmat_bmat/293T-bat_VEGFA-sgRNADel-PD_rep1_hg38.MAPQ20.select.T2G.mpmat
    wildcards: sample=VEGFA-sgRNADel-PD, rep=rep1, from_base=T, to_base=G
[Sun Sep 27 14:48:52 2020]

Error in rule pmat_merge:

        F="T"
        T="G"

        echo "From base to base：F=$A,T=$B"
        if [ "$A" = "$B" ];then
        echo "From base == To base, skip.."
        else
        echo /home/zhaohuanan/miniconda3/envs/snakepipes_detect-seq_fastq_bam_plot/bin/python ./program/pmat-merge-V04.py             -f T             -t G             -r /home/zhaohuanan/zhaohn_HD/2.database/fasta_hg38/hg38_only_chromosome.fa             --OutHeader False             -i ../mpileup_pmat_bmat/293T-bat_VEGFA-sgRNADel-PD_rep1_hg38.MAPQ20.select.T.pmat             -o ../mpileup_pmat_bmat/293T-bat_VEGFA-sgRNADel-PD_rep1_hg38.MAPQ20.select.T2G.mpmat             -d 50 -D 100 --NoMutNumCutoff 2 --OmitTandemNumCutoff 2 --SNP /home/zhaohuanan/zhaohn_HD/2.database/GATK_resource_bundle/resources_broad_hg38_v0_Homo_sapiens_assembly38.dbsnp138.vcf 2>../mpileup_pmat_bmat/293T-bat_VEGFA-sgRNADel-PD_rep1_hg38.MAPQ20.select.T2G.mpmat.log;         fi
        
    jobid: 108
    output: ../mpileup_pmat_bmat/293T-bat_VEGFA-Vector-PD_rep1_hg38.MAPQ20.select.T2T.mpmat
    log: ../mpileup_pmat_bmat/293T-bat_VEGFA-Vector-PD_rep1_hg38.MAPQ20.select.T2T.mpmat.log (check log file(s) for error message)
    shell:
        
        F="T"
        T="T"

        echo "From base to base：F=$A,T=$B"
        if [ "$A" = "$B" ];then
        echo "From base == To base, skip.."
        else
        echo /home/zhaohuanan/miniconda3/envs/snakepipes_detect-seq_fastq_bam_plot/bin/python ./program/pmat-merge-V04.py             -f T             -t T             -r /home/zhaohuanan/zhaohn_HD/2.database/fasta_hg38/hg38_only_chromosome.fa             --OutHeader False             -i ../mpileup_pmat_bmat/293T-bat_VEGFA-Vector-PD_rep1_hg38.MAPQ20.select.T.pmat             -o ../mpileup_pmat_bmat/293T-bat_VEGFA-Vector-PD_rep1_hg38.MAPQ20.select.T2T.mpmat             -d 50 -D 100 --NoMutNumCutoff 2 --OmitTandemNumCutoff 2 --SNP /home/zhaohuanan/zhaohn_HD/2.database/GATK_resource_bundle/resources_broad_hg38_v0_Homo_sapiens_assembly38.dbsnp138.vcf 2>../mpileup_pmat_bmat/293T-bat_VEGFA-Vector-PD_rep1_hg38.MAPQ20.select.T2T.mpmat.log;         fi
        
        (one of the commands exited with non-zero exit code; note that snakemake uses bash strict mode!)


[Sun Sep 27 14:48:52 2020]
rule pmat_merge:
    input: ../mpileup_pmat_bmat/293T-bat_VEGFA-sgRNADel-PD_rep2_hg38.MAPQ20.select.T.pmat
    output: ../mpileup_pmat_bmat/293T-bat_VEGFA-sgRNADel-PD_rep2_hg38.MAPQ20.select.T2A.mpmat
    log: ../mpileup_pmat_bmat/293T-bat_VEGFA-sgRNADel-PD_rep2_hg38.MAPQ20.select.T2A.mpmat.log
    jobid: 153
    reason: Missing output files: ../mpileup_pmat_bmat/293T-bat_VEGFA-sgRNADel-PD_rep2_hg38.MAPQ20.select.T2A.mpmat
    wildcards: sample=VEGFA-sgRNADel-PD, rep=rep2, from_base=T, to_base=A
[Sun Sep 27 14:48:52 2020]

Error in rule pmat_merge:

        F="T"
        T="A"

        echo "From base to base：F=$A,T=$B"
        if [ "$A" = "$B" ];then
        echo "From base == To base, skip.."
        else
        echo /home/zhaohuanan/miniconda3/envs/snakepipes_detect-seq_fastq_bam_plot/bin/python ./program/pmat-merge-V04.py             -f T             -t A             -r /home/zhaohuanan/zhaohn_HD/2.database/fasta_hg38/hg38_only_chromosome.fa             --OutHeader False             -i ../mpileup_pmat_bmat/293T-bat_VEGFA-sgRNADel-PD_rep2_hg38.MAPQ20.select.T.pmat             -o ../mpileup_pmat_bmat/293T-bat_VEGFA-sgRNADel-PD_rep2_hg38.MAPQ20.select.T2A.mpmat             -d 50 -D 100 --NoMutNumCutoff 2 --OmitTandemNumCutoff 2 --SNP /home/zhaohuanan/zhaohn_HD/2.database/GATK_resource_bundle/resources_broad_hg38_v0_Homo_sapiens_assembly38.dbsnp138.vcf 2>../mpileup_pmat_bmat/293T-bat_VEGFA-sgRNADel-PD_rep2_hg38.MAPQ20.select.T2A.mpmat.log;         fi
        
    jobid: 137
    output: ../mpileup_pmat_bmat/293T-bat_VEGFA-sgRNADel-PD_rep1_hg38.MAPQ20.select.T2A.mpmat
    log: ../mpileup_pmat_bmat/293T-bat_VEGFA-sgRNADel-PD_rep1_hg38.MAPQ20.select.T2A.mpmat.log (check log file(s) for error message)
    shell:
        
        F="T"
        T="A"

        echo "From base to base：F=$A,T=$B"
        if [ "$A" = "$B" ];then
        echo "From base == To base, skip.."
        else
        echo /home/zhaohuanan/miniconda3/envs/snakepipes_detect-seq_fastq_bam_plot/bin/python ./program/pmat-merge-V04.py             -f T             -t A             -r /home/zhaohuanan/zhaohn_HD/2.database/fasta_hg38/hg38_only_chromosome.fa             --OutHeader False             -i ../mpileup_pmat_bmat/293T-bat_VEGFA-sgRNADel-PD_rep1_hg38.MAPQ20.select.T.pmat             -o ../mpileup_pmat_bmat/293T-bat_VEGFA-sgRNADel-PD_rep1_hg38.MAPQ20.select.T2A.mpmat             -d 50 -D 100 --NoMutNumCutoff 2 --OmitTandemNumCutoff 2 --SNP /home/zhaohuanan/zhaohn_HD/2.database/GATK_resource_bundle/resources_broad_hg38_v0_Homo_sapiens_assembly38.dbsnp138.vcf 2>../mpileup_pmat_bmat/293T-bat_VEGFA-sgRNADel-PD_rep1_hg38.MAPQ20.select.T2A.mpmat.log;         fi
        
        (one of the commands exited with non-zero exit code; note that snakemake uses bash strict mode!)

[Sun Sep 27 14:48:52 2020]
Error in rule pmat_merge:
    jobid: 138
    output: ../mpileup_pmat_bmat/293T-bat_VEGFA-sgRNADel-PD_rep1_hg38.MAPQ20.select.T2G.mpmat

    log: ../mpileup_pmat_bmat/293T-bat_VEGFA-sgRNADel-PD_rep1_hg38.MAPQ20.select.T2G.mpmat.log (check log file(s) for error message)
[Sun Sep 27 14:48:52 2020]
    shell:
        
        F="T"
        T="G"

        echo "From base to base：F=$A,T=$B"
        if [ "$A" = "$B" ];then
        echo "From base == To base, skip.."
        else
        echo /home/zhaohuanan/miniconda3/envs/snakepipes_detect-seq_fastq_bam_plot/bin/python ./program/pmat-merge-V04.py             -f T             -t G             -r /home/zhaohuanan/zhaohn_HD/2.database/fasta_hg38/hg38_only_chromosome.fa             --OutHeader False             -i ../mpileup_pmat_bmat/293T-bat_VEGFA-sgRNADel-PD_rep1_hg38.MAPQ20.select.T.pmat             -o ../mpileup_pmat_bmat/293T-bat_VEGFA-sgRNADel-PD_rep1_hg38.MAPQ20.select.T2G.mpmat             -d 50 -D 100 --NoMutNumCutoff 2 --OmitTandemNumCutoff 2 --SNP /home/zhaohuanan/zhaohn_HD/2.database/GATK_resource_bundle/resources_broad_hg38_v0_Homo_sapiens_assembly38.dbsnp138.vcf 2>../mpileup_pmat_bmat/293T-bat_VEGFA-sgRNADel-PD_rep1_hg38.MAPQ20.select.T2G.mpmat.log;         fi
        
        (one of the commands exited with non-zero exit code; note that snakemake uses bash strict mode!)
rule pmat_merge:
    input: ../mpileup_pmat_bmat/293T-bat_VEGFA-sgRNADel-PD_rep2_hg38.MAPQ20.select.T.pmat
    output: ../mpileup_pmat_bmat/293T-bat_VEGFA-sgRNADel-PD_rep2_hg38.MAPQ20.select.T2G.mpmat
    log: ../mpileup_pmat_bmat/293T-bat_VEGFA-sgRNADel-PD_rep2_hg38.MAPQ20.select.T2G.mpmat.log
    jobid: 154
    reason: Missing output files: ../mpileup_pmat_bmat/293T-bat_VEGFA-sgRNADel-PD_rep2_hg38.MAPQ20.select.T2G.mpmat
    wildcards: sample=VEGFA-sgRNADel-PD, rep=rep2, from_base=T, to_base=G



        F="T"
        T="G"

        echo "From base to base：F=$A,T=$B"
        if [ "$A" = "$B" ];then
        echo "From base == To base, skip.."
        else
        echo /home/zhaohuanan/miniconda3/envs/snakepipes_detect-seq_fastq_bam_plot/bin/python ./program/pmat-merge-V04.py             -f T             -t G             -r /home/zhaohuanan/zhaohn_HD/2.database/fasta_hg38/hg38_only_chromosome.fa             --OutHeader False             -i ../mpileup_pmat_bmat/293T-bat_VEGFA-sgRNADel-PD_rep2_hg38.MAPQ20.select.T.pmat             -o ../mpileup_pmat_bmat/293T-bat_VEGFA-sgRNADel-PD_rep2_hg38.MAPQ20.select.T2G.mpmat             -d 50 -D 100 --NoMutNumCutoff 2 --OmitTandemNumCutoff 2 --SNP /home/zhaohuanan/zhaohn_HD/2.database/GATK_resource_bundle/resources_broad_hg38_v0_Homo_sapiens_assembly38.dbsnp138.vcf 2>../mpileup_pmat_bmat/293T-bat_VEGFA-sgRNADel-PD_rep2_hg38.MAPQ20.select.T2G.mpmat.log;         fi
        

[Sun Sep 27 14:48:52 2020]
rule pmat_merge:
    input: ../mpileup_pmat_bmat/293T-bat_VEGFA-sgRNADel-PD_rep2_hg38.MAPQ20.select.T.pmat
    output: ../mpileup_pmat_bmat/293T-bat_VEGFA-sgRNADel-PD_rep2_hg38.MAPQ20.select.T2C.mpmat
    log: ../mpileup_pmat_bmat/293T-bat_VEGFA-sgRNADel-PD_rep2_hg38.MAPQ20.select.T2C.mpmat.log
    jobid: 155
    reason: Missing output files: ../mpileup_pmat_bmat/293T-bat_VEGFA-sgRNADel-PD_rep2_hg38.MAPQ20.select.T2C.mpmat
    wildcards: sample=VEGFA-sgRNADel-PD, rep=rep2, from_base=T, to_base=C


        F="T"
        T="C"

        echo "From base to base：F=$A,T=$B"
        if [ "$A" = "$B" ];then
        echo "From base == To base, skip.."
        else
        echo /home/zhaohuanan/miniconda3/envs/snakepipes_detect-seq_fastq_bam_plot/bin/python ./program/pmat-merge-V04.py             -f T             -t C             -r /home/zhaohuanan/zhaohn_HD/2.database/fasta_hg38/hg38_only_chromosome.fa             --OutHeader False             -i ../mpileup_pmat_bmat/293T-bat_VEGFA-sgRNADel-PD_rep2_hg38.MAPQ20.select.T.pmat             -o ../mpileup_pmat_bmat/293T-bat_VEGFA-sgRNADel-PD_rep2_hg38.MAPQ20.select.T2C.mpmat             -d 50 -D 100 --NoMutNumCutoff 2 --OmitTandemNumCutoff 2 --SNP /home/zhaohuanan/zhaohn_HD/2.database/GATK_resource_bundle/resources_broad_hg38_v0_Homo_sapiens_assembly38.dbsnp138.vcf 2>../mpileup_pmat_bmat/293T-bat_VEGFA-sgRNADel-PD_rep2_hg38.MAPQ20.select.T2C.mpmat.log;         fi
        
[Sun Sep 27 14:48:52 2020]
Error in rule pmat_merge:
    jobid: 153
    output: ../mpileup_pmat_bmat/293T-bat_VEGFA-sgRNADel-PD_rep2_hg38.MAPQ20.select.T2A.mpmat
    log: ../mpileup_pmat_bmat/293T-bat_VEGFA-sgRNADel-PD_rep2_hg38.MAPQ20.select.T2A.mpmat.log (check log file(s) for error message)
    shell:
        
        F="T"
        T="A"

        echo "From base to base：F=$A,T=$B"
        if [ "$A" = "$B" ];then
        echo "From base == To base, skip.."
        else
        echo /home/zhaohuanan/miniconda3/envs/snakepipes_detect-seq_fastq_bam_plot/bin/python ./program/pmat-merge-V04.py             -f T             -t A             -r /home/zhaohuanan/zhaohn_HD/2.database/fasta_hg38/hg38_only_chromosome.fa             --OutHeader False             -i ../mpileup_pmat_bmat/293T-bat_VEGFA-sgRNADel-PD_rep2_hg38.MAPQ20.select.T.pmat             -o ../mpileup_pmat_bmat/293T-bat_VEGFA-sgRNADel-PD_rep2_hg38.MAPQ20.select.T2A.mpmat             -d 50 -D 100 --NoMutNumCutoff 2 --OmitTandemNumCutoff 2 --SNP /home/zhaohuanan/zhaohn_HD/2.database/GATK_resource_bundle/resources_broad_hg38_v0_Homo_sapiens_assembly38.dbsnp138.vcf 2>../mpileup_pmat_bmat/293T-bat_VEGFA-sgRNADel-PD_rep2_hg38.MAPQ20.select.T2A.mpmat.log;         fi
        
        (one of the commands exited with non-zero exit code; note that snakemake uses bash strict mode!)


[Sun Sep 27 14:48:52 2020]
rule pmat_merge:
    input: ../mpileup_pmat_bmat/293T-bat_VEGFA-sgRNADel-PD_rep2_hg38.MAPQ20.select.T.pmat
    output: ../mpileup_pmat_bmat/293T-bat_VEGFA-sgRNADel-PD_rep2_hg38.MAPQ20.select.T2T.mpmat
    log: ../mpileup_pmat_bmat/293T-bat_VEGFA-sgRNADel-PD_rep2_hg38.MAPQ20.select.T2T.mpmat.log
    jobid: 156
    reason: Missing output files: ../mpileup_pmat_bmat/293T-bat_VEGFA-sgRNADel-PD_rep2_hg38.MAPQ20.select.T2T.mpmat
    wildcards: sample=VEGFA-sgRNADel-PD, rep=rep2, from_base=T, to_base=T


        F="T"
        T="T"

        echo "From base to base：F=$A,T=$B"
        if [ "$A" = "$B" ];then
        echo "From base == To base, skip.."
        else
        echo /home/zhaohuanan/miniconda3/envs/snakepipes_detect-seq_fastq_bam_plot/bin/python ./program/pmat-merge-V04.py             -f T             -t T             -r /home/zhaohuanan/zhaohn_HD/2.database/fasta_hg38/hg38_only_chromosome.fa             --OutHeader False             -i ../mpileup_pmat_bmat/293T-bat_VEGFA-sgRNADel-PD_rep2_hg38.MAPQ20.select.T.pmat             -o ../mpileup_pmat_bmat/293T-bat_VEGFA-sgRNADel-PD_rep2_hg38.MAPQ20.select.T2T.mpmat             -d 50 -D 100 --NoMutNumCutoff 2 --OmitTandemNumCutoff 2 --SNP /home/zhaohuanan/zhaohn_HD/2.database/GATK_resource_bundle/resources_broad_hg38_v0_Homo_sapiens_assembly38.dbsnp138.vcf 2>../mpileup_pmat_bmat/293T-bat_VEGFA-sgRNADel-PD_rep2_hg38.MAPQ20.select.T2T.mpmat.log;         fi
        
[Sun Sep 27 14:48:52 2020]
Error in rule pmat_merge:
    jobid: 154
    output: ../mpileup_pmat_bmat/293T-bat_VEGFA-sgRNADel-PD_rep2_hg38.MAPQ20.select.T2G.mpmat
    log: ../mpileup_pmat_bmat/293T-bat_VEGFA-sgRNADel-PD_rep2_hg38.MAPQ20.select.T2G.mpmat.log (check log file(s) for error message)
    shell:
        
        F="T"
        T="G"

        echo "From base to base：F=$A,T=$B"
        if [ "$A" = "$B" ];then
        echo "From base == To base, skip.."
        else
        echo /home/zhaohuanan/miniconda3/envs/snakepipes_detect-seq_fastq_bam_plot/bin/python ./program/pmat-merge-V04.py             -f T             -t G             -r /home/zhaohuanan/zhaohn_HD/2.database/fasta_hg38/hg38_only_chromosome.fa             --OutHeader False             -i ../mpileup_pmat_bmat/293T-bat_VEGFA-sgRNADel-PD_rep2_hg38.MAPQ20.select.T.pmat             -o ../mpileup_pmat_bmat/293T-bat_VEGFA-sgRNADel-PD_rep2_hg38.MAPQ20.select.T2G.mpmat             -d 50 -D 100 --NoMutNumCutoff 2 --OmitTandemNumCutoff 2 --SNP /home/zhaohuanan/zhaohn_HD/2.database/GATK_resource_bundle/resources_broad_hg38_v0_Homo_sapiens_assembly38.dbsnp138.vcf 2>../mpileup_pmat_bmat/293T-bat_VEGFA-sgRNADel-PD_rep2_hg38.MAPQ20.select.T2G.mpmat.log;         fi
        
        (one of the commands exited with non-zero exit code; note that snakemake uses bash strict mode!)


[Sun Sep 27 14:48:52 2020]
[Sun Sep 27 14:48:52 2020]
Error in rule pmat_merge:
rule pmat_merge:
    input: ../mpileup_pmat_bmat/293T-bat_VEGFA-Vector-PD_rep1_hg38.MAPQ20.select.A.pmat
    output: ../mpileup_pmat_bmat/293T-bat_VEGFA-Vector-PD_rep1_hg38.MAPQ20.select.A2A.mpmat
    log: ../mpileup_pmat_bmat/293T-bat_VEGFA-Vector-PD_rep1_hg38.MAPQ20.select.A2A.mpmat.log
    jobid: 93
    reason: Missing output files: ../mpileup_pmat_bmat/293T-bat_VEGFA-Vector-PD_rep1_hg38.MAPQ20.select.A2A.mpmat
    wildcards: sample=VEGFA-Vector-PD, rep=rep1, from_base=A, to_base=A
    jobid: 155

    output: ../mpileup_pmat_bmat/293T-bat_VEGFA-sgRNADel-PD_rep2_hg38.MAPQ20.select.T2C.mpmat

        F="A"
        T="A"

        echo "From base to base：F=$A,T=$B"
        if [ "$A" = "$B" ];then
        echo "From base == To base, skip.."
        else
        echo /home/zhaohuanan/miniconda3/envs/snakepipes_detect-seq_fastq_bam_plot/bin/python ./program/pmat-merge-V04.py             -f A             -t A             -r /home/zhaohuanan/zhaohn_HD/2.database/fasta_hg38/hg38_only_chromosome.fa             --OutHeader False             -i ../mpileup_pmat_bmat/293T-bat_VEGFA-Vector-PD_rep1_hg38.MAPQ20.select.A.pmat             -o ../mpileup_pmat_bmat/293T-bat_VEGFA-Vector-PD_rep1_hg38.MAPQ20.select.A2A.mpmat             -d 50 -D 100 --NoMutNumCutoff 2 --OmitTandemNumCutoff 2 --SNP /home/zhaohuanan/zhaohn_HD/2.database/GATK_resource_bundle/resources_broad_hg38_v0_Homo_sapiens_assembly38.dbsnp138.vcf 2>../mpileup_pmat_bmat/293T-bat_VEGFA-Vector-PD_rep1_hg38.MAPQ20.select.A2A.mpmat.log;         fi
        
    log: ../mpileup_pmat_bmat/293T-bat_VEGFA-sgRNADel-PD_rep2_hg38.MAPQ20.select.T2C.mpmat.log (check log file(s) for error message)
    shell:
        
        F="T"
        T="C"

        echo "From base to base：F=$A,T=$B"
        if [ "$A" = "$B" ];then
        echo "From base == To base, skip.."
        else
        echo /home/zhaohuanan/miniconda3/envs/snakepipes_detect-seq_fastq_bam_plot/bin/python ./program/pmat-merge-V04.py             -f T             -t C             -r /home/zhaohuanan/zhaohn_HD/2.database/fasta_hg38/hg38_only_chromosome.fa             --OutHeader False             -i ../mpileup_pmat_bmat/293T-bat_VEGFA-sgRNADel-PD_rep2_hg38.MAPQ20.select.T.pmat             -o ../mpileup_pmat_bmat/293T-bat_VEGFA-sgRNADel-PD_rep2_hg38.MAPQ20.select.T2C.mpmat             -d 50 -D 100 --NoMutNumCutoff 2 --OmitTandemNumCutoff 2 --SNP /home/zhaohuanan/zhaohn_HD/2.database/GATK_resource_bundle/resources_broad_hg38_v0_Homo_sapiens_assembly38.dbsnp138.vcf 2>../mpileup_pmat_bmat/293T-bat_VEGFA-sgRNADel-PD_rep2_hg38.MAPQ20.select.T2C.mpmat.log;         fi
        
        (one of the commands exited with non-zero exit code; note that snakemake uses bash strict mode!)


[Sun Sep 27 14:48:52 2020]
rule pmat_merge:
    input: ../mpileup_pmat_bmat/293T-bat_VEGFA-Vector-PD_rep1_hg38.MAPQ20.select.A.pmat
    output: ../mpileup_pmat_bmat/293T-bat_VEGFA-Vector-PD_rep1_hg38.MAPQ20.select.A2G.mpmat
    log: ../mpileup_pmat_bmat/293T-bat_VEGFA-Vector-PD_rep1_hg38.MAPQ20.select.A2G.mpmat.log
    jobid: 94
    reason: Missing output files: ../mpileup_pmat_bmat/293T-bat_VEGFA-Vector-PD_rep1_hg38.MAPQ20.select.A2G.mpmat
    wildcards: sample=VEGFA-Vector-PD, rep=rep1, from_base=A, to_base=G
[Sun Sep 27 14:48:52 2020]

Error in rule pmat_merge:

        F="A"
        T="G"

        echo "From base to base：F=$A,T=$B"
        if [ "$A" = "$B" ];then
        echo "From base == To base, skip.."
        else
        echo /home/zhaohuanan/miniconda3/envs/snakepipes_detect-seq_fastq_bam_plot/bin/python ./program/pmat-merge-V04.py             -f A             -t G             -r /home/zhaohuanan/zhaohn_HD/2.database/fasta_hg38/hg38_only_chromosome.fa             --OutHeader False             -i ../mpileup_pmat_bmat/293T-bat_VEGFA-Vector-PD_rep1_hg38.MAPQ20.select.A.pmat             -o ../mpileup_pmat_bmat/293T-bat_VEGFA-Vector-PD_rep1_hg38.MAPQ20.select.A2G.mpmat             -d 50 -D 100 --NoMutNumCutoff 2 --OmitTandemNumCutoff 2 --SNP /home/zhaohuanan/zhaohn_HD/2.database/GATK_resource_bundle/resources_broad_hg38_v0_Homo_sapiens_assembly38.dbsnp138.vcf 2>../mpileup_pmat_bmat/293T-bat_VEGFA-Vector-PD_rep1_hg38.MAPQ20.select.A2G.mpmat.log;         fi
        
    jobid: 156
    output: ../mpileup_pmat_bmat/293T-bat_VEGFA-sgRNADel-PD_rep2_hg38.MAPQ20.select.T2T.mpmat
    log: ../mpileup_pmat_bmat/293T-bat_VEGFA-sgRNADel-PD_rep2_hg38.MAPQ20.select.T2T.mpmat.log (check log file(s) for error message)
    shell:
        
        F="T"
        T="T"

        echo "From base to base：F=$A,T=$B"
        if [ "$A" = "$B" ];then
        echo "From base == To base, skip.."
        else
        echo /home/zhaohuanan/miniconda3/envs/snakepipes_detect-seq_fastq_bam_plot/bin/python ./program/pmat-merge-V04.py             -f T             -t T             -r /home/zhaohuanan/zhaohn_HD/2.database/fasta_hg38/hg38_only_chromosome.fa             --OutHeader False             -i ../mpileup_pmat_bmat/293T-bat_VEGFA-sgRNADel-PD_rep2_hg38.MAPQ20.select.T.pmat             -o ../mpileup_pmat_bmat/293T-bat_VEGFA-sgRNADel-PD_rep2_hg38.MAPQ20.select.T2T.mpmat             -d 50 -D 100 --NoMutNumCutoff 2 --OmitTandemNumCutoff 2 --SNP /home/zhaohuanan/zhaohn_HD/2.database/GATK_resource_bundle/resources_broad_hg38_v0_Homo_sapiens_assembly38.dbsnp138.vcf 2>../mpileup_pmat_bmat/293T-bat_VEGFA-sgRNADel-PD_rep2_hg38.MAPQ20.select.T2T.mpmat.log;         fi
        
        (one of the commands exited with non-zero exit code; note that snakemake uses bash strict mode!)


[Sun Sep 27 14:48:52 2020]
rule pmat_merge:
    input: ../mpileup_pmat_bmat/293T-bat_VEGFA-Vector-PD_rep1_hg38.MAPQ20.select.A.pmat
    output: ../mpileup_pmat_bmat/293T-bat_VEGFA-Vector-PD_rep1_hg38.MAPQ20.select.A2C.mpmat
    log: ../mpileup_pmat_bmat/293T-bat_VEGFA-Vector-PD_rep1_hg38.MAPQ20.select.A2C.mpmat.log
    jobid: 95
    reason: Missing output files: ../mpileup_pmat_bmat/293T-bat_VEGFA-Vector-PD_rep1_hg38.MAPQ20.select.A2C.mpmat
    wildcards: sample=VEGFA-Vector-PD, rep=rep1, from_base=A, to_base=C


        F="A"
        T="C"

        echo "From base to base：F=$A,T=$B"
        if [ "$A" = "$B" ];then
        echo "From base == To base, skip.."
        else
        echo /home/zhaohuanan/miniconda3/envs/snakepipes_detect-seq_fastq_bam_plot/bin/python ./program/pmat-merge-V04.py             -f A             -t C             -r /home/zhaohuanan/zhaohn_HD/2.database/fasta_hg38/hg38_only_chromosome.fa             --OutHeader False             -i ../mpileup_pmat_bmat/293T-bat_VEGFA-Vector-PD_rep1_hg38.MAPQ20.select.A.pmat             -o ../mpileup_pmat_bmat/293T-bat_VEGFA-Vector-PD_rep1_hg38.MAPQ20.select.A2C.mpmat             -d 50 -D 100 --NoMutNumCutoff 2 --OmitTandemNumCutoff 2 --SNP /home/zhaohuanan/zhaohn_HD/2.database/GATK_resource_bundle/resources_broad_hg38_v0_Homo_sapiens_assembly38.dbsnp138.vcf 2>../mpileup_pmat_bmat/293T-bat_VEGFA-Vector-PD_rep1_hg38.MAPQ20.select.A2C.mpmat.log;         fi
        
[Sun Sep 27 14:48:52 2020]
Error in rule pmat_merge:
    jobid: 93
    output: ../mpileup_pmat_bmat/293T-bat_VEGFA-Vector-PD_rep1_hg38.MAPQ20.select.A2A.mpmat
    log: ../mpileup_pmat_bmat/293T-bat_VEGFA-Vector-PD_rep1_hg38.MAPQ20.select.A2A.mpmat.log (check log file(s) for error message)

    shell:
        
        F="A"
        T="A"

        echo "From base to base：F=$A,T=$B"
        if [ "$A" = "$B" ];then
        echo "From base == To base, skip.."
        else
        echo /home/zhaohuanan/miniconda3/envs/snakepipes_detect-seq_fastq_bam_plot/bin/python ./program/pmat-merge-V04.py             -f A             -t A             -r /home/zhaohuanan/zhaohn_HD/2.database/fasta_hg38/hg38_only_chromosome.fa             --OutHeader False             -i ../mpileup_pmat_bmat/293T-bat_VEGFA-Vector-PD_rep1_hg38.MAPQ20.select.A.pmat             -o ../mpileup_pmat_bmat/293T-bat_VEGFA-Vector-PD_rep1_hg38.MAPQ20.select.A2A.mpmat             -d 50 -D 100 --NoMutNumCutoff 2 --OmitTandemNumCutoff 2 --SNP /home/zhaohuanan/zhaohn_HD/2.database/GATK_resource_bundle/resources_broad_hg38_v0_Homo_sapiens_assembly38.dbsnp138.vcf 2>../mpileup_pmat_bmat/293T-bat_VEGFA-Vector-PD_rep1_hg38.MAPQ20.select.A2A.mpmat.log;         fi
        
        (one of the commands exited with non-zero exit code; note that snakemake uses bash strict mode!)
[Sun Sep 27 14:48:52 2020]

rule pmat_merge:
    input: ../mpileup_pmat_bmat/293T-bat_VEGFA-Vector-PD_rep1_hg38.MAPQ20.select.A.pmat
    output: ../mpileup_pmat_bmat/293T-bat_VEGFA-Vector-PD_rep1_hg38.MAPQ20.select.A2T.mpmat
    log: ../mpileup_pmat_bmat/293T-bat_VEGFA-Vector-PD_rep1_hg38.MAPQ20.select.A2T.mpmat.log
    jobid: 96
    reason: Missing output files: ../mpileup_pmat_bmat/293T-bat_VEGFA-Vector-PD_rep1_hg38.MAPQ20.select.A2T.mpmat
    wildcards: sample=VEGFA-Vector-PD, rep=rep1, from_base=A, to_base=T


        F="A"
        T="T"

        echo "From base to base：F=$A,T=$B"
        if [ "$A" = "$B" ];then
        echo "From base == To base, skip.."
        else
        echo /home/zhaohuanan/miniconda3/envs/snakepipes_detect-seq_fastq_bam_plot/bin/python ./program/pmat-merge-V04.py             -f A             -t T             -r /home/zhaohuanan/zhaohn_HD/2.database/fasta_hg38/hg38_only_chromosome.fa             --OutHeader False             -i ../mpileup_pmat_bmat/293T-bat_VEGFA-Vector-PD_rep1_hg38.MAPQ20.select.A.pmat             -o ../mpileup_pmat_bmat/293T-bat_VEGFA-Vector-PD_rep1_hg38.MAPQ20.select.A2T.mpmat             -d 50 -D 100 --NoMutNumCutoff 2 --OmitTandemNumCutoff 2 --SNP /home/zhaohuanan/zhaohn_HD/2.database/GATK_resource_bundle/resources_broad_hg38_v0_Homo_sapiens_assembly38.dbsnp138.vcf 2>../mpileup_pmat_bmat/293T-bat_VEGFA-Vector-PD_rep1_hg38.MAPQ20.select.A2T.mpmat.log;         fi
        
[Sun Sep 27 14:48:52 2020]
Error in rule pmat_merge:
    jobid: 94
    output: ../mpileup_pmat_bmat/293T-bat_VEGFA-Vector-PD_rep1_hg38.MAPQ20.select.A2G.mpmat
    log: ../mpileup_pmat_bmat/293T-bat_VEGFA-Vector-PD_rep1_hg38.MAPQ20.select.A2G.mpmat.log (check log file(s) for error message)
    shell:
        
        F="A"
        T="G"

        echo "From base to base：F=$A,T=$B"
        if [ "$A" = "$B" ];then
        echo "From base == To base, skip.."
        else
        echo /home/zhaohuanan/miniconda3/envs/snakepipes_detect-seq_fastq_bam_plot/bin/python ./program/pmat-merge-V04.py             -f A             -t G             -r /home/zhaohuanan/zhaohn_HD/2.database/fasta_hg38/hg38_only_chromosome.fa             --OutHeader False             -i ../mpileup_pmat_bmat/293T-bat_VEGFA-Vector-PD_rep1_hg38.MAPQ20.select.A.pmat             -o ../mpileup_pmat_bmat/293T-bat_VEGFA-Vector-PD_rep1_hg38.MAPQ20.select.A2G.mpmat             -d 50 -D 100 --NoMutNumCutoff 2 --OmitTandemNumCutoff 2 --SNP /home/zhaohuanan/zhaohn_HD/2.database/GATK_resource_bundle/resources_broad_hg38_v0_Homo_sapiens_assembly38.dbsnp138.vcf 2>../mpileup_pmat_bmat/293T-bat_VEGFA-Vector-PD_rep1_hg38.MAPQ20.select.A2G.mpmat.log;         fi
        
        (one of the commands exited with non-zero exit code; note that snakemake uses bash strict mode!)

[Sun Sep 27 14:48:52 2020]
Error in rule pmat_merge:
    jobid: 95
    output: ../mpileup_pmat_bmat/293T-bat_VEGFA-Vector-PD_rep1_hg38.MAPQ20.select.A2C.mpmat
    log: ../mpileup_pmat_bmat/293T-bat_VEGFA-Vector-PD_rep1_hg38.MAPQ20.select.A2C.mpmat.log (check log file(s) for error message)
    shell:
        
        F="A"
        T="C"

        echo "From base to base：F=$A,T=$B"
        if [ "$A" = "$B" ];then
        echo "From base == To base, skip.."
        else
        echo /home/zhaohuanan/miniconda3/envs/snakepipes_detect-seq_fastq_bam_plot/bin/python ./program/pmat-merge-V04.py             -f A             -t C             -r /home/zhaohuanan/zhaohn_HD/2.database/fasta_hg38/hg38_only_chromosome.fa             --OutHeader False             -i ../mpileup_pmat_bmat/293T-bat_VEGFA-Vector-PD_rep1_hg38.MAPQ20.select.A.pmat             -o ../mpileup_pmat_bmat/293T-bat_VEGFA-Vector-PD_rep1_hg38.MAPQ20.select.A2C.mpmat             -d 50 -D 100 --NoMutNumCutoff 2 --OmitTandemNumCutoff 2 --SNP /home/zhaohuanan/zhaohn_HD/2.database/GATK_resource_bundle/resources_broad_hg38_v0_Homo_sapiens_assembly38.dbsnp138.vcf 2>../mpileup_pmat_bmat/293T-bat_VEGFA-Vector-PD_rep1_hg38.MAPQ20.select.A2C.mpmat.log;         fi
        
        (one of the commands exited with non-zero exit code; note that snakemake uses bash strict mode!)

[Sun Sep 27 14:48:52 2020]
Error in rule pmat_merge:
    jobid: 96
    output: ../mpileup_pmat_bmat/293T-bat_VEGFA-Vector-PD_rep1_hg38.MAPQ20.select.A2T.mpmat
    log: ../mpileup_pmat_bmat/293T-bat_VEGFA-Vector-PD_rep1_hg38.MAPQ20.select.A2T.mpmat.log (check log file(s) for error message)
    shell:
        
        F="A"
        T="T"

        echo "From base to base：F=$A,T=$B"
        if [ "$A" = "$B" ];then
        echo "From base == To base, skip.."
        else
        echo /home/zhaohuanan/miniconda3/envs/snakepipes_detect-seq_fastq_bam_plot/bin/python ./program/pmat-merge-V04.py             -f A             -t T             -r /home/zhaohuanan/zhaohn_HD/2.database/fasta_hg38/hg38_only_chromosome.fa             --OutHeader False             -i ../mpileup_pmat_bmat/293T-bat_VEGFA-Vector-PD_rep1_hg38.MAPQ20.select.A.pmat             -o ../mpileup_pmat_bmat/293T-bat_VEGFA-Vector-PD_rep1_hg38.MAPQ20.select.A2T.mpmat             -d 50 -D 100 --NoMutNumCutoff 2 --OmitTandemNumCutoff 2 --SNP /home/zhaohuanan/zhaohn_HD/2.database/GATK_resource_bundle/resources_broad_hg38_v0_Homo_sapiens_assembly38.dbsnp138.vcf 2>../mpileup_pmat_bmat/293T-bat_VEGFA-Vector-PD_rep1_hg38.MAPQ20.select.A2T.mpmat.log;         fi
        
        (one of the commands exited with non-zero exit code; note that snakemake uses bash strict mode!)

Shutting down, this might take some time.
Exiting because a job execution failed. Look above for error message
Complete log: /gpfs/user/zhaohuanan/3.project/10.2020-09_0923_Practice_for_detect-seq-data/snakepipes_detect-seq_fastq_bam_plot/.snakemake/log/2020-09-27T144852.501616.snakemake.log
