Building DAG of jobs...
Using shell: /usr/bin/bash
Provided cores: 3
Rules claiming more threads will be scaled down.
Job counts:
	count	jobs
	1	all
	3	poisson_test
	4

[Fri Nov 13 14:45:53 2020]
rule poisson_test:
    input: ../mpmat_with_block_info/293T-bat_TREAT-test_rep1_CTRL-VEGFA-Vector-PD_hg38.filtered_SMN-4_SCN-10_SMR-0.1_RPN-1_RTN-2.C2T_merge_G2A.block_info.mpmat, ../bam/293T-bat_VEGFA-Vector-PD_rep1_bwa_hg38_sort_rmdup_MAPQ20.bam, ../bam/293T-bat_test_rep1_bwa_hg38_sort_rmdup_MAPQ20.bam
    output: ../table/detect_seq.StatsTest.table_CTRL-VEGFA-Vector-PD_TREAT-test_rep1.filtered_SMN-4_SCN-10_SMR-0.1_RPN-1_RTN-2.C2T_merge_G2A.tsv
    jobid: 6
    reason: Missing output files: ../table/detect_seq.StatsTest.table_CTRL-VEGFA-Vector-PD_TREAT-test_rep1.filtered_SMN-4_SCN-10_SMR-0.1_RPN-1_RTN-2.C2T_merge_G2A.tsv
    wildcards: ctrl=VEGFA-Vector-PD, treat=test, rep=rep1, SMN=4, SCN=10, SMR=0.1, RPN=1, RTN=2, a=C, b=T, c=G, d=A


        /home/zhaohuanan/zhaohn_HD/miniconda3/envs/snakepipes_detect-seq/bin/python ./program/find-significant-mpmat-V05.py         -i ../mpmat_with_block_info/293T-bat_TREAT-test_rep1_CTRL-VEGFA-Vector-PD_hg38.filtered_SMN-4_SCN-10_SMR-0.1_RPN-1_RTN-2.C2T_merge_G2A.block_info.mpmat         -o ../table/detect_seq.StatsTest.table_CTRL-VEGFA-Vector-PD_TREAT-test_rep1.filtered_SMN-4_SCN-10_SMR-0.1_RPN-1_RTN-2.C2T_merge_G2A.tsv         -c ../bam/293T-bat_VEGFA-Vector-PD_rep1_bwa_hg38_sort_rmdup_MAPQ20.bam         -t ../bam/293T-bat_test_rep1_bwa_hg38_sort_rmdup_MAPQ20.bam         -r /home/zhaohuanan/zhaohn_HD/2.database/fasta_hg38/hg38_only_chromosome.fa         -p 24         --query_mutation_type CT,GA         --mpmat_filter_info_col_index 13         --mpmat_block_info_col_index 14         --seq_reads_length 150         --poisson_method mutation
        

[Fri Nov 13 14:45:53 2020]
rule poisson_test:
    input: ../mpmat_with_block_info/293T-bat_TREAT-GBEmini-AP-RNF2-All-PD_rep1_CTRL-VEGFA-Vector-PD_hg38.filtered_SMN-4_SCN-10_SMR-0.1_RPN-1_RTN-2.C2T_merge_G2A.block_info.mpmat, ../bam/293T-bat_VEGFA-Vector-PD_rep1_bwa_hg38_sort_rmdup_MAPQ20.bam, ../bam/293T-bat_GBEmini-AP-RNF2-All-PD_rep1_bwa_hg38_sort_rmdup_MAPQ20.bam
    output: ../table/detect_seq.StatsTest.table_CTRL-VEGFA-Vector-PD_TREAT-GBEmini-AP-RNF2-All-PD_rep1.filtered_SMN-4_SCN-10_SMR-0.1_RPN-1_RTN-2.C2T_merge_G2A.tsv
    jobid: 4
    reason: Missing output files: ../table/detect_seq.StatsTest.table_CTRL-VEGFA-Vector-PD_TREAT-GBEmini-AP-RNF2-All-PD_rep1.filtered_SMN-4_SCN-10_SMR-0.1_RPN-1_RTN-2.C2T_merge_G2A.tsv
    wildcards: ctrl=VEGFA-Vector-PD, treat=GBEmini-AP-RNF2-All-PD, rep=rep1, SMN=4, SCN=10, SMR=0.1, RPN=1, RTN=2, a=C, b=T, c=G, d=A


        /home/zhaohuanan/zhaohn_HD/miniconda3/envs/snakepipes_detect-seq/bin/python ./program/find-significant-mpmat-V05.py         -i ../mpmat_with_block_info/293T-bat_TREAT-GBEmini-AP-RNF2-All-PD_rep1_CTRL-VEGFA-Vector-PD_hg38.filtered_SMN-4_SCN-10_SMR-0.1_RPN-1_RTN-2.C2T_merge_G2A.block_info.mpmat         -o ../table/detect_seq.StatsTest.table_CTRL-VEGFA-Vector-PD_TREAT-GBEmini-AP-RNF2-All-PD_rep1.filtered_SMN-4_SCN-10_SMR-0.1_RPN-1_RTN-2.C2T_merge_G2A.tsv         -c ../bam/293T-bat_VEGFA-Vector-PD_rep1_bwa_hg38_sort_rmdup_MAPQ20.bam         -t ../bam/293T-bat_GBEmini-AP-RNF2-All-PD_rep1_bwa_hg38_sort_rmdup_MAPQ20.bam         -r /home/zhaohuanan/zhaohn_HD/2.database/fasta_hg38/hg38_only_chromosome.fa         -p 24         --query_mutation_type CT,GA         --mpmat_filter_info_col_index 13         --mpmat_block_info_col_index 14         --seq_reads_length 150         --poisson_method mutation
        

[Fri Nov 13 14:45:53 2020]
rule poisson_test:
    input: ../mpmat_with_block_info/293T-bat_TREAT-GBEmini-dU-RNF2-All-PD_rep1_CTRL-VEGFA-Vector-PD_hg38.filtered_SMN-4_SCN-10_SMR-0.1_RPN-1_RTN-2.C2T_merge_G2A.block_info.mpmat, ../bam/293T-bat_VEGFA-Vector-PD_rep1_bwa_hg38_sort_rmdup_MAPQ20.bam, ../bam/293T-bat_GBEmini-dU-RNF2-All-PD_rep1_bwa_hg38_sort_rmdup_MAPQ20.bam
    output: ../table/detect_seq.StatsTest.table_CTRL-VEGFA-Vector-PD_TREAT-GBEmini-dU-RNF2-All-PD_rep1.filtered_SMN-4_SCN-10_SMR-0.1_RPN-1_RTN-2.C2T_merge_G2A.tsv
    jobid: 5
    reason: Missing output files: ../table/detect_seq.StatsTest.table_CTRL-VEGFA-Vector-PD_TREAT-GBEmini-dU-RNF2-All-PD_rep1.filtered_SMN-4_SCN-10_SMR-0.1_RPN-1_RTN-2.C2T_merge_G2A.tsv
    wildcards: ctrl=VEGFA-Vector-PD, treat=GBEmini-dU-RNF2-All-PD, rep=rep1, SMN=4, SCN=10, SMR=0.1, RPN=1, RTN=2, a=C, b=T, c=G, d=A


        /home/zhaohuanan/zhaohn_HD/miniconda3/envs/snakepipes_detect-seq/bin/python ./program/find-significant-mpmat-V05.py         -i ../mpmat_with_block_info/293T-bat_TREAT-GBEmini-dU-RNF2-All-PD_rep1_CTRL-VEGFA-Vector-PD_hg38.filtered_SMN-4_SCN-10_SMR-0.1_RPN-1_RTN-2.C2T_merge_G2A.block_info.mpmat         -o ../table/detect_seq.StatsTest.table_CTRL-VEGFA-Vector-PD_TREAT-GBEmini-dU-RNF2-All-PD_rep1.filtered_SMN-4_SCN-10_SMR-0.1_RPN-1_RTN-2.C2T_merge_G2A.tsv         -c ../bam/293T-bat_VEGFA-Vector-PD_rep1_bwa_hg38_sort_rmdup_MAPQ20.bam         -t ../bam/293T-bat_GBEmini-dU-RNF2-All-PD_rep1_bwa_hg38_sort_rmdup_MAPQ20.bam         -r /home/zhaohuanan/zhaohn_HD/2.database/fasta_hg38/hg38_only_chromosome.fa         -p 24         --query_mutation_type CT,GA         --mpmat_filter_info_col_index 13         --mpmat_block_info_col_index 14         --seq_reads_length 150         --poisson_method mutation
        
Terminating processes on user request, this might take some time.
Cancelling snakemake on user request.
