Building DAG of jobs...
Using shell: /usr/bin/bash
Provided cores: 24
Rules claiming more threads will be scaled down.
Job counts:
	count	jobs
	1	all
	6	bam2mpileup
	6	mpileup2bmat
	96	pmat_merge
	24	select_bmat
	24	select_bmat2pmat
	157

[Tue Sep 29 14:52:02 2020]
rule bam2mpileup:
    input: ../bam/293T-bat_VEGFA-Vector-PD_rep1_hg38.MAPQ20.bam
    output: ../mpileup_pmat_bmat/293T-bat_VEGFA-Vector-PD_rep1_hg38.MAPQ20.mpileup
    log: ../mpileup_pmat_bmat/293T-bat_VEGFA-Vector-PD_rep1_hg38.MAPQ20.mpileup.log
    jobid: 3
    reason: Missing output files: ../mpileup_pmat_bmat/293T-bat_VEGFA-Vector-PD_rep1_hg38.MAPQ20.mpileup
    wildcards: sample=VEGFA-Vector-PD, rep=rep1


        /home/zhaohuanan/miniconda3/envs/snakepipes_detect-seq_fastq_bam_plot/bin/samtools mpileup -q 20 -Q 20         --reference /home/zhaohuanan/zhaohn_HD/2.database/fasta_hg38/hg38_only_chromosome.fa         -o ../mpileup_pmat_bmat/293T-bat_VEGFA-Vector-PD_rep1_hg38.MAPQ20.mpileup         ../bam/293T-bat_VEGFA-Vector-PD_rep1_hg38.MAPQ20.bam >../mpileup_pmat_bmat/293T-bat_VEGFA-Vector-PD_rep1_hg38.MAPQ20.mpileup.log 2>&1
        

[Tue Sep 29 14:52:03 2020]
rule bam2mpileup:
    input: ../bam/293T-bat_VEGFA-All-PD_rep2_hg38.MAPQ20.bam
    output: ../mpileup_pmat_bmat/293T-bat_VEGFA-All-PD_rep2_hg38.MAPQ20.mpileup
    log: ../mpileup_pmat_bmat/293T-bat_VEGFA-All-PD_rep2_hg38.MAPQ20.mpileup.log
    jobid: 2
    reason: Missing output files: ../mpileup_pmat_bmat/293T-bat_VEGFA-All-PD_rep2_hg38.MAPQ20.mpileup
    wildcards: sample=VEGFA-All-PD, rep=rep2


        /home/zhaohuanan/miniconda3/envs/snakepipes_detect-seq_fastq_bam_plot/bin/samtools mpileup -q 20 -Q 20         --reference /home/zhaohuanan/zhaohn_HD/2.database/fasta_hg38/hg38_only_chromosome.fa         -o ../mpileup_pmat_bmat/293T-bat_VEGFA-All-PD_rep2_hg38.MAPQ20.mpileup         ../bam/293T-bat_VEGFA-All-PD_rep2_hg38.MAPQ20.bam >../mpileup_pmat_bmat/293T-bat_VEGFA-All-PD_rep2_hg38.MAPQ20.mpileup.log 2>&1
        

[Tue Sep 29 14:52:03 2020]
rule bam2mpileup:
    input: ../bam/293T-bat_VEGFA-sgRNADel-PD_rep1_hg38.MAPQ20.bam
    output: ../mpileup_pmat_bmat/293T-bat_VEGFA-sgRNADel-PD_rep1_hg38.MAPQ20.mpileup
    log: ../mpileup_pmat_bmat/293T-bat_VEGFA-sgRNADel-PD_rep1_hg38.MAPQ20.mpileup.log
    jobid: 5
    reason: Missing output files: ../mpileup_pmat_bmat/293T-bat_VEGFA-sgRNADel-PD_rep1_hg38.MAPQ20.mpileup
    wildcards: sample=VEGFA-sgRNADel-PD, rep=rep1


        /home/zhaohuanan/miniconda3/envs/snakepipes_detect-seq_fastq_bam_plot/bin/samtools mpileup -q 20 -Q 20         --reference /home/zhaohuanan/zhaohn_HD/2.database/fasta_hg38/hg38_only_chromosome.fa         -o ../mpileup_pmat_bmat/293T-bat_VEGFA-sgRNADel-PD_rep1_hg38.MAPQ20.mpileup         ../bam/293T-bat_VEGFA-sgRNADel-PD_rep1_hg38.MAPQ20.bam >../mpileup_pmat_bmat/293T-bat_VEGFA-sgRNADel-PD_rep1_hg38.MAPQ20.mpileup.log 2>&1
        

[Tue Sep 29 14:52:03 2020]
rule bam2mpileup:
    input: ../bam/293T-bat_VEGFA-All-PD_rep1_hg38.MAPQ20.bam
    output: ../mpileup_pmat_bmat/293T-bat_VEGFA-All-PD_rep1_hg38.MAPQ20.mpileup
    log: ../mpileup_pmat_bmat/293T-bat_VEGFA-All-PD_rep1_hg38.MAPQ20.mpileup.log
    jobid: 1
    reason: Missing output files: ../mpileup_pmat_bmat/293T-bat_VEGFA-All-PD_rep1_hg38.MAPQ20.mpileup
    wildcards: sample=VEGFA-All-PD, rep=rep1


        /home/zhaohuanan/miniconda3/envs/snakepipes_detect-seq_fastq_bam_plot/bin/samtools mpileup -q 20 -Q 20         --reference /home/zhaohuanan/zhaohn_HD/2.database/fasta_hg38/hg38_only_chromosome.fa         -o ../mpileup_pmat_bmat/293T-bat_VEGFA-All-PD_rep1_hg38.MAPQ20.mpileup         ../bam/293T-bat_VEGFA-All-PD_rep1_hg38.MAPQ20.bam >../mpileup_pmat_bmat/293T-bat_VEGFA-All-PD_rep1_hg38.MAPQ20.mpileup.log 2>&1
        

[Tue Sep 29 14:52:03 2020]
rule bam2mpileup:
    input: ../bam/293T-bat_VEGFA-Vector-PD_rep2_hg38.MAPQ20.bam
    output: ../mpileup_pmat_bmat/293T-bat_VEGFA-Vector-PD_rep2_hg38.MAPQ20.mpileup
    log: ../mpileup_pmat_bmat/293T-bat_VEGFA-Vector-PD_rep2_hg38.MAPQ20.mpileup.log
    jobid: 4
    reason: Missing output files: ../mpileup_pmat_bmat/293T-bat_VEGFA-Vector-PD_rep2_hg38.MAPQ20.mpileup
    wildcards: sample=VEGFA-Vector-PD, rep=rep2


        /home/zhaohuanan/miniconda3/envs/snakepipes_detect-seq_fastq_bam_plot/bin/samtools mpileup -q 20 -Q 20         --reference /home/zhaohuanan/zhaohn_HD/2.database/fasta_hg38/hg38_only_chromosome.fa         -o ../mpileup_pmat_bmat/293T-bat_VEGFA-Vector-PD_rep2_hg38.MAPQ20.mpileup         ../bam/293T-bat_VEGFA-Vector-PD_rep2_hg38.MAPQ20.bam >../mpileup_pmat_bmat/293T-bat_VEGFA-Vector-PD_rep2_hg38.MAPQ20.mpileup.log 2>&1
        

[Tue Sep 29 14:52:03 2020]
rule bam2mpileup:
    input: ../bam/293T-bat_VEGFA-sgRNADel-PD_rep2_hg38.MAPQ20.bam
    output: ../mpileup_pmat_bmat/293T-bat_VEGFA-sgRNADel-PD_rep2_hg38.MAPQ20.mpileup
    log: ../mpileup_pmat_bmat/293T-bat_VEGFA-sgRNADel-PD_rep2_hg38.MAPQ20.mpileup.log
    jobid: 6
    reason: Missing output files: ../mpileup_pmat_bmat/293T-bat_VEGFA-sgRNADel-PD_rep2_hg38.MAPQ20.mpileup
    wildcards: sample=VEGFA-sgRNADel-PD, rep=rep2


        /home/zhaohuanan/miniconda3/envs/snakepipes_detect-seq_fastq_bam_plot/bin/samtools mpileup -q 20 -Q 20         --reference /home/zhaohuanan/zhaohn_HD/2.database/fasta_hg38/hg38_only_chromosome.fa         -o ../mpileup_pmat_bmat/293T-bat_VEGFA-sgRNADel-PD_rep2_hg38.MAPQ20.mpileup         ../bam/293T-bat_VEGFA-sgRNADel-PD_rep2_hg38.MAPQ20.bam >../mpileup_pmat_bmat/293T-bat_VEGFA-sgRNADel-PD_rep2_hg38.MAPQ20.mpileup.log 2>&1
        
[Tue Sep 29 16:56:20 2020]
Finished job 4.
1 of 157 steps (0.64%) done

[Tue Sep 29 16:56:20 2020]
rule mpileup2bmat:
    input: ../mpileup_pmat_bmat/293T-bat_VEGFA-Vector-PD_rep2_hg38.MAPQ20.mpileup
    output: ../mpileup_pmat_bmat/293T-bat_VEGFA-Vector-PD_rep2_hg38.MAPQ20.bmat
    log: ../mpileup_pmat_bmat/293T-bat_VEGFA-Vector-PD_rep2_hg38.MAPQ20.bmat.log
    jobid: 10
    reason: Missing output files: ../mpileup_pmat_bmat/293T-bat_VEGFA-Vector-PD_rep2_hg38.MAPQ20.bmat; Input files updated by another job: ../mpileup_pmat_bmat/293T-bat_VEGFA-Vector-PD_rep2_hg38.MAPQ20.mpileup
    wildcards: sample=VEGFA-Vector-PD, rep=rep2


        /home/zhaohuanan/miniconda3/envs/snakepipes_detect-seq_fastq_bam_plot/bin/python ./program/parse-mpileup-V04.py         -i ../mpileup_pmat_bmat/293T-bat_VEGFA-Vector-PD_rep2_hg38.MAPQ20.mpileup         -o ../mpileup_pmat_bmat/293T-bat_VEGFA-Vector-PD_rep2_hg38.MAPQ20.bmat         -p 24 -n 0 >../mpileup_pmat_bmat/293T-bat_VEGFA-Vector-PD_rep2_hg38.MAPQ20.bmat.log 2>&1
        
