Building DAG of jobs...
Using shell: /usr/bin/bash
Provided cores: 24
Rules claiming more threads will be scaled down.
Job counts:
	count	jobs
	1	all
	96	pmat_merge
	97

[Mon Sep 28 16:50:37 2020]
rule pmat_merge:
    input: ../mpileup_pmat_bmat/293T-bat_VEGFA-sgRNADel-PD_rep1_hg38.MAPQ20.select.T.pmat
    output: ../mpmat/293T-bat_VEGFA-sgRNADel-PD_rep1_hg38.MAPQ20.select.T2C.mpmat
    log: ../mpmat/293T-bat_VEGFA-sgRNADel-PD_rep1_hg38.MAPQ20.select.T2C.mpmat.log
    jobid: 139
    reason: Missing output files: ../mpmat/293T-bat_VEGFA-sgRNADel-PD_rep1_hg38.MAPQ20.select.T2C.mpmat
    wildcards: sample=VEGFA-sgRNADel-PD, rep=rep1, from_base=T, to_base=C


        F="T"
        T="C"

        echo "From base to base：FB=$F,TB=$T"
        if [ "$F" = "$T" ];then
        echo "From base == To base, skip.." >../mpmat/293T-bat_VEGFA-sgRNADel-PD_rep1_hg38.MAPQ20.select.T2C.mpmat.log
        touch ../mpmat/293T-bat_VEGFA-sgRNADel-PD_rep1_hg38.MAPQ20.select.T2C.mpmat
        else
        /home/zhaohuanan/miniconda3/envs/snakepipes_detect-seq_fastq_bam_plot/bin/python ./program/pmat-merge-V04.py             -f T             -t C             -r /home/zhaohuanan/zhaohn_HD/2.database/fasta_hg38/hg38_only_chromosome.fa             --OutHeader False             -i ../mpileup_pmat_bmat/293T-bat_VEGFA-sgRNADel-PD_rep1_hg38.MAPQ20.select.T.pmat             -o ../mpmat/293T-bat_VEGFA-sgRNADel-PD_rep1_hg38.MAPQ20.select.T2C.mpmat             -d 50 -D 100 --NoMutNumCutoff 2 --OmitTandemNumCutoff 2 --SNP /home/zhaohuanan/zhaohn_HD/2.database/GATK_resource_bundle/resources_broad_hg38_v0_Homo_sapiens_assembly38.dbsnp138.vcf 2>../mpmat/293T-bat_VEGFA-sgRNADel-PD_rep1_hg38.MAPQ20.select.T2C.mpmat.log;         fi
        

[Mon Sep 28 16:50:37 2020]
rule pmat_merge:
    input: ../mpileup_pmat_bmat/293T-bat_VEGFA-sgRNADel-PD_rep1_hg38.MAPQ20.select.T.pmat
    output: ../mpmat/293T-bat_VEGFA-sgRNADel-PD_rep1_hg38.MAPQ20.select.T2T.mpmat
    log: ../mpmat/293T-bat_VEGFA-sgRNADel-PD_rep1_hg38.MAPQ20.select.T2T.mpmat.log
    jobid: 140
    reason: Missing output files: ../mpmat/293T-bat_VEGFA-sgRNADel-PD_rep1_hg38.MAPQ20.select.T2T.mpmat
    wildcards: sample=VEGFA-sgRNADel-PD, rep=rep1, from_base=T, to_base=T


        F="T"
        T="T"

        echo "From base to base：FB=$F,TB=$T"
        if [ "$F" = "$T" ];then
        echo "From base == To base, skip.." >../mpmat/293T-bat_VEGFA-sgRNADel-PD_rep1_hg38.MAPQ20.select.T2T.mpmat.log
        touch ../mpmat/293T-bat_VEGFA-sgRNADel-PD_rep1_hg38.MAPQ20.select.T2T.mpmat
        else
        /home/zhaohuanan/miniconda3/envs/snakepipes_detect-seq_fastq_bam_plot/bin/python ./program/pmat-merge-V04.py             -f T             -t T             -r /home/zhaohuanan/zhaohn_HD/2.database/fasta_hg38/hg38_only_chromosome.fa             --OutHeader False             -i ../mpileup_pmat_bmat/293T-bat_VEGFA-sgRNADel-PD_rep1_hg38.MAPQ20.select.T.pmat             -o ../mpmat/293T-bat_VEGFA-sgRNADel-PD_rep1_hg38.MAPQ20.select.T2T.mpmat             -d 50 -D 100 --NoMutNumCutoff 2 --OmitTandemNumCutoff 2 --SNP /home/zhaohuanan/zhaohn_HD/2.database/GATK_resource_bundle/resources_broad_hg38_v0_Homo_sapiens_assembly38.dbsnp138.vcf 2>../mpmat/293T-bat_VEGFA-sgRNADel-PD_rep1_hg38.MAPQ20.select.T2T.mpmat.log;         fi
        

[Mon Sep 28 16:50:37 2020]
rule pmat_merge:
    input: ../mpileup_pmat_bmat/293T-bat_VEGFA-All-PD_rep1_hg38.MAPQ20.select.T.pmat
    output: ../mpmat/293T-bat_VEGFA-All-PD_rep1_hg38.MAPQ20.select.T2A.mpmat
    log: ../mpmat/293T-bat_VEGFA-All-PD_rep1_hg38.MAPQ20.select.T2A.mpmat.log
    jobid: 73
    reason: Missing output files: ../mpmat/293T-bat_VEGFA-All-PD_rep1_hg38.MAPQ20.select.T2A.mpmat
    wildcards: sample=VEGFA-All-PD, rep=rep1, from_base=T, to_base=A


        F="T"
        T="A"

        echo "From base to base：FB=$F,TB=$T"
        if [ "$F" = "$T" ];then
        echo "From base == To base, skip.." >../mpmat/293T-bat_VEGFA-All-PD_rep1_hg38.MAPQ20.select.T2A.mpmat.log
        touch ../mpmat/293T-bat_VEGFA-All-PD_rep1_hg38.MAPQ20.select.T2A.mpmat
        else
        /home/zhaohuanan/miniconda3/envs/snakepipes_detect-seq_fastq_bam_plot/bin/python ./program/pmat-merge-V04.py             -f T             -t A             -r /home/zhaohuanan/zhaohn_HD/2.database/fasta_hg38/hg38_only_chromosome.fa             --OutHeader False             -i ../mpileup_pmat_bmat/293T-bat_VEGFA-All-PD_rep1_hg38.MAPQ20.select.T.pmat             -o ../mpmat/293T-bat_VEGFA-All-PD_rep1_hg38.MAPQ20.select.T2A.mpmat             -d 50 -D 100 --NoMutNumCutoff 2 --OmitTandemNumCutoff 2 --SNP /home/zhaohuanan/zhaohn_HD/2.database/GATK_resource_bundle/resources_broad_hg38_v0_Homo_sapiens_assembly38.dbsnp138.vcf 2>../mpmat/293T-bat_VEGFA-All-PD_rep1_hg38.MAPQ20.select.T2A.mpmat.log;         fi
        

[Mon Sep 28 16:50:37 2020]
rule pmat_merge:
    input: ../mpileup_pmat_bmat/293T-bat_VEGFA-All-PD_rep1_hg38.MAPQ20.select.T.pmat
    output: ../mpmat/293T-bat_VEGFA-All-PD_rep1_hg38.MAPQ20.select.T2G.mpmat
    log: ../mpmat/293T-bat_VEGFA-All-PD_rep1_hg38.MAPQ20.select.T2G.mpmat.log
    jobid: 74
    reason: Missing output files: ../mpmat/293T-bat_VEGFA-All-PD_rep1_hg38.MAPQ20.select.T2G.mpmat
    wildcards: sample=VEGFA-All-PD, rep=rep1, from_base=T, to_base=G


        F="T"
        T="G"

        echo "From base to base：FB=$F,TB=$T"
        if [ "$F" = "$T" ];then
        echo "From base == To base, skip.." >../mpmat/293T-bat_VEGFA-All-PD_rep1_hg38.MAPQ20.select.T2G.mpmat.log
        touch ../mpmat/293T-bat_VEGFA-All-PD_rep1_hg38.MAPQ20.select.T2G.mpmat
        else
        /home/zhaohuanan/miniconda3/envs/snakepipes_detect-seq_fastq_bam_plot/bin/python ./program/pmat-merge-V04.py             -f T             -t G             -r /home/zhaohuanan/zhaohn_HD/2.database/fasta_hg38/hg38_only_chromosome.fa             --OutHeader False             -i ../mpileup_pmat_bmat/293T-bat_VEGFA-All-PD_rep1_hg38.MAPQ20.select.T.pmat             -o ../mpmat/293T-bat_VEGFA-All-PD_rep1_hg38.MAPQ20.select.T2G.mpmat             -d 50 -D 100 --NoMutNumCutoff 2 --OmitTandemNumCutoff 2 --SNP /home/zhaohuanan/zhaohn_HD/2.database/GATK_resource_bundle/resources_broad_hg38_v0_Homo_sapiens_assembly38.dbsnp138.vcf 2>../mpmat/293T-bat_VEGFA-All-PD_rep1_hg38.MAPQ20.select.T2G.mpmat.log;         fi
        

[Mon Sep 28 16:50:37 2020]
rule pmat_merge:
    input: ../mpileup_pmat_bmat/293T-bat_VEGFA-All-PD_rep1_hg38.MAPQ20.select.T.pmat
    output: ../mpmat/293T-bat_VEGFA-All-PD_rep1_hg38.MAPQ20.select.T2C.mpmat
    log: ../mpmat/293T-bat_VEGFA-All-PD_rep1_hg38.MAPQ20.select.T2C.mpmat.log
    jobid: 75
    reason: Missing output files: ../mpmat/293T-bat_VEGFA-All-PD_rep1_hg38.MAPQ20.select.T2C.mpmat
    wildcards: sample=VEGFA-All-PD, rep=rep1, from_base=T, to_base=C


        F="T"
        T="C"

        echo "From base to base：FB=$F,TB=$T"
        if [ "$F" = "$T" ];then
        echo "From base == To base, skip.." >../mpmat/293T-bat_VEGFA-All-PD_rep1_hg38.MAPQ20.select.T2C.mpmat.log
        touch ../mpmat/293T-bat_VEGFA-All-PD_rep1_hg38.MAPQ20.select.T2C.mpmat
        else
        /home/zhaohuanan/miniconda3/envs/snakepipes_detect-seq_fastq_bam_plot/bin/python ./program/pmat-merge-V04.py             -f T             -t C             -r /home/zhaohuanan/zhaohn_HD/2.database/fasta_hg38/hg38_only_chromosome.fa             --OutHeader False             -i ../mpileup_pmat_bmat/293T-bat_VEGFA-All-PD_rep1_hg38.MAPQ20.select.T.pmat             -o ../mpmat/293T-bat_VEGFA-All-PD_rep1_hg38.MAPQ20.select.T2C.mpmat             -d 50 -D 100 --NoMutNumCutoff 2 --OmitTandemNumCutoff 2 --SNP /home/zhaohuanan/zhaohn_HD/2.database/GATK_resource_bundle/resources_broad_hg38_v0_Homo_sapiens_assembly38.dbsnp138.vcf 2>../mpmat/293T-bat_VEGFA-All-PD_rep1_hg38.MAPQ20.select.T2C.mpmat.log;         fi
        

[Mon Sep 28 16:50:37 2020]
rule pmat_merge:
    input: ../mpileup_pmat_bmat/293T-bat_VEGFA-All-PD_rep1_hg38.MAPQ20.select.T.pmat
    output: ../mpmat/293T-bat_VEGFA-All-PD_rep1_hg38.MAPQ20.select.T2T.mpmat
    log: ../mpmat/293T-bat_VEGFA-All-PD_rep1_hg38.MAPQ20.select.T2T.mpmat.log
    jobid: 76
    reason: Missing output files: ../mpmat/293T-bat_VEGFA-All-PD_rep1_hg38.MAPQ20.select.T2T.mpmat
    wildcards: sample=VEGFA-All-PD, rep=rep1, from_base=T, to_base=T


        F="T"
        T="T"

        echo "From base to base：FB=$F,TB=$T"
        if [ "$F" = "$T" ];then
        echo "From base == To base, skip.." >../mpmat/293T-bat_VEGFA-All-PD_rep1_hg38.MAPQ20.select.T2T.mpmat.log
        touch ../mpmat/293T-bat_VEGFA-All-PD_rep1_hg38.MAPQ20.select.T2T.mpmat
        else
        /home/zhaohuanan/miniconda3/envs/snakepipes_detect-seq_fastq_bam_plot/bin/python ./program/pmat-merge-V04.py             -f T             -t T             -r /home/zhaohuanan/zhaohn_HD/2.database/fasta_hg38/hg38_only_chromosome.fa             --OutHeader False             -i ../mpileup_pmat_bmat/293T-bat_VEGFA-All-PD_rep1_hg38.MAPQ20.select.T.pmat             -o ../mpmat/293T-bat_VEGFA-All-PD_rep1_hg38.MAPQ20.select.T2T.mpmat             -d 50 -D 100 --NoMutNumCutoff 2 --OmitTandemNumCutoff 2 --SNP /home/zhaohuanan/zhaohn_HD/2.database/GATK_resource_bundle/resources_broad_hg38_v0_Homo_sapiens_assembly38.dbsnp138.vcf 2>../mpmat/293T-bat_VEGFA-All-PD_rep1_hg38.MAPQ20.select.T2T.mpmat.log;         fi
        
[Mon Sep 28 16:50:37 2020]
Finished job 140.
1 of 97 steps (1%) done

[Mon Sep 28 16:50:37 2020]
rule pmat_merge:
    input: ../mpileup_pmat_bmat/293T-bat_VEGFA-Vector-PD_rep1_hg38.MAPQ20.select.T.pmat
    output: ../mpmat/293T-bat_VEGFA-Vector-PD_rep1_hg38.MAPQ20.select.T2A.mpmat
    log: ../mpmat/293T-bat_VEGFA-Vector-PD_rep1_hg38.MAPQ20.select.T2A.mpmat.log
    jobid: 105
    reason: Missing output files: ../mpmat/293T-bat_VEGFA-Vector-PD_rep1_hg38.MAPQ20.select.T2A.mpmat
    wildcards: sample=VEGFA-Vector-PD, rep=rep1, from_base=T, to_base=A


        F="T"
        T="A"

        echo "From base to base：FB=$F,TB=$T"
        if [ "$F" = "$T" ];then
        echo "From base == To base, skip.." >../mpmat/293T-bat_VEGFA-Vector-PD_rep1_hg38.MAPQ20.select.T2A.mpmat.log
        touch ../mpmat/293T-bat_VEGFA-Vector-PD_rep1_hg38.MAPQ20.select.T2A.mpmat
        else
        /home/zhaohuanan/miniconda3/envs/snakepipes_detect-seq_fastq_bam_plot/bin/python ./program/pmat-merge-V04.py             -f T             -t A             -r /home/zhaohuanan/zhaohn_HD/2.database/fasta_hg38/hg38_only_chromosome.fa             --OutHeader False             -i ../mpileup_pmat_bmat/293T-bat_VEGFA-Vector-PD_rep1_hg38.MAPQ20.select.T.pmat             -o ../mpmat/293T-bat_VEGFA-Vector-PD_rep1_hg38.MAPQ20.select.T2A.mpmat             -d 50 -D 100 --NoMutNumCutoff 2 --OmitTandemNumCutoff 2 --SNP /home/zhaohuanan/zhaohn_HD/2.database/GATK_resource_bundle/resources_broad_hg38_v0_Homo_sapiens_assembly38.dbsnp138.vcf 2>../mpmat/293T-bat_VEGFA-Vector-PD_rep1_hg38.MAPQ20.select.T2A.mpmat.log;         fi
        

[Mon Sep 28 16:50:37 2020]
rule pmat_merge:
    input: ../mpileup_pmat_bmat/293T-bat_VEGFA-Vector-PD_rep1_hg38.MAPQ20.select.T.pmat
    output: ../mpmat/293T-bat_VEGFA-Vector-PD_rep1_hg38.MAPQ20.select.T2G.mpmat
    log: ../mpmat/293T-bat_VEGFA-Vector-PD_rep1_hg38.MAPQ20.select.T2G.mpmat.log
    jobid: 106
    reason: Missing output files: ../mpmat/293T-bat_VEGFA-Vector-PD_rep1_hg38.MAPQ20.select.T2G.mpmat
    wildcards: sample=VEGFA-Vector-PD, rep=rep1, from_base=T, to_base=G


        F="T"
        T="G"

        echo "From base to base：FB=$F,TB=$T"
        if [ "$F" = "$T" ];then
        echo "From base == To base, skip.." >../mpmat/293T-bat_VEGFA-Vector-PD_rep1_hg38.MAPQ20.select.T2G.mpmat.log
        touch ../mpmat/293T-bat_VEGFA-Vector-PD_rep1_hg38.MAPQ20.select.T2G.mpmat
        else
        /home/zhaohuanan/miniconda3/envs/snakepipes_detect-seq_fastq_bam_plot/bin/python ./program/pmat-merge-V04.py             -f T             -t G             -r /home/zhaohuanan/zhaohn_HD/2.database/fasta_hg38/hg38_only_chromosome.fa             --OutHeader False             -i ../mpileup_pmat_bmat/293T-bat_VEGFA-Vector-PD_rep1_hg38.MAPQ20.select.T.pmat             -o ../mpmat/293T-bat_VEGFA-Vector-PD_rep1_hg38.MAPQ20.select.T2G.mpmat             -d 50 -D 100 --NoMutNumCutoff 2 --OmitTandemNumCutoff 2 --SNP /home/zhaohuanan/zhaohn_HD/2.database/GATK_resource_bundle/resources_broad_hg38_v0_Homo_sapiens_assembly38.dbsnp138.vcf 2>../mpmat/293T-bat_VEGFA-Vector-PD_rep1_hg38.MAPQ20.select.T2G.mpmat.log;         fi
        

[Mon Sep 28 16:50:37 2020]
rule pmat_merge:
    input: ../mpileup_pmat_bmat/293T-bat_VEGFA-Vector-PD_rep1_hg38.MAPQ20.select.T.pmat
    output: ../mpmat/293T-bat_VEGFA-Vector-PD_rep1_hg38.MAPQ20.select.T2C.mpmat
    log: ../mpmat/293T-bat_VEGFA-Vector-PD_rep1_hg38.MAPQ20.select.T2C.mpmat.log
    jobid: 107
    reason: Missing output files: ../mpmat/293T-bat_VEGFA-Vector-PD_rep1_hg38.MAPQ20.select.T2C.mpmat
    wildcards: sample=VEGFA-Vector-PD, rep=rep1, from_base=T, to_base=C


        F="T"
        T="C"

        echo "From base to base：FB=$F,TB=$T"
        if [ "$F" = "$T" ];then
        echo "From base == To base, skip.." >../mpmat/293T-bat_VEGFA-Vector-PD_rep1_hg38.MAPQ20.select.T2C.mpmat.log
        touch ../mpmat/293T-bat_VEGFA-Vector-PD_rep1_hg38.MAPQ20.select.T2C.mpmat
        else
        /home/zhaohuanan/miniconda3/envs/snakepipes_detect-seq_fastq_bam_plot/bin/python ./program/pmat-merge-V04.py             -f T             -t C             -r /home/zhaohuanan/zhaohn_HD/2.database/fasta_hg38/hg38_only_chromosome.fa             --OutHeader False             -i ../mpileup_pmat_bmat/293T-bat_VEGFA-Vector-PD_rep1_hg38.MAPQ20.select.T.pmat             -o ../mpmat/293T-bat_VEGFA-Vector-PD_rep1_hg38.MAPQ20.select.T2C.mpmat             -d 50 -D 100 --NoMutNumCutoff 2 --OmitTandemNumCutoff 2 --SNP /home/zhaohuanan/zhaohn_HD/2.database/GATK_resource_bundle/resources_broad_hg38_v0_Homo_sapiens_assembly38.dbsnp138.vcf 2>../mpmat/293T-bat_VEGFA-Vector-PD_rep1_hg38.MAPQ20.select.T2C.mpmat.log;         fi
        
[Mon Sep 28 16:50:37 2020]

Finished job 76.
[Mon Sep 28 16:50:37 2020]
2 of 97 steps (2%) done
rule pmat_merge:
    input: ../mpileup_pmat_bmat/293T-bat_VEGFA-Vector-PD_rep1_hg38.MAPQ20.select.T.pmat
    output: ../mpmat/293T-bat_VEGFA-Vector-PD_rep1_hg38.MAPQ20.select.T2T.mpmat
    log: ../mpmat/293T-bat_VEGFA-Vector-PD_rep1_hg38.MAPQ20.select.T2T.mpmat.log
    jobid: 108
    reason: Missing output files: ../mpmat/293T-bat_VEGFA-Vector-PD_rep1_hg38.MAPQ20.select.T2T.mpmat
    wildcards: sample=VEGFA-Vector-PD, rep=rep1, from_base=T, to_base=T


        F="T"
        T="T"

        echo "From base to base：FB=$F,TB=$T"
        if [ "$F" = "$T" ];then
        echo "From base == To base, skip.." >../mpmat/293T-bat_VEGFA-Vector-PD_rep1_hg38.MAPQ20.select.T2T.mpmat.log
        touch ../mpmat/293T-bat_VEGFA-Vector-PD_rep1_hg38.MAPQ20.select.T2T.mpmat
        else
        /home/zhaohuanan/miniconda3/envs/snakepipes_detect-seq_fastq_bam_plot/bin/python ./program/pmat-merge-V04.py             -f T             -t T             -r /home/zhaohuanan/zhaohn_HD/2.database/fasta_hg38/hg38_only_chromosome.fa             --OutHeader False             -i ../mpileup_pmat_bmat/293T-bat_VEGFA-Vector-PD_rep1_hg38.MAPQ20.select.T.pmat             -o ../mpmat/293T-bat_VEGFA-Vector-PD_rep1_hg38.MAPQ20.select.T2T.mpmat             -d 50 -D 100 --NoMutNumCutoff 2 --OmitTandemNumCutoff 2 --SNP /home/zhaohuanan/zhaohn_HD/2.database/GATK_resource_bundle/resources_broad_hg38_v0_Homo_sapiens_assembly38.dbsnp138.vcf 2>../mpmat/293T-bat_VEGFA-Vector-PD_rep1_hg38.MAPQ20.select.T2T.mpmat.log;         fi
        

[Mon Sep 28 16:50:37 2020]
rule pmat_merge:
    input: ../mpileup_pmat_bmat/293T-bat_VEGFA-sgRNADel-PD_rep1_hg38.MAPQ20.select.A.pmat
    output: ../mpmat/293T-bat_VEGFA-sgRNADel-PD_rep1_hg38.MAPQ20.select.A2A.mpmat
    log: ../mpmat/293T-bat_VEGFA-sgRNADel-PD_rep1_hg38.MAPQ20.select.A2A.mpmat.log
    jobid: 125
    reason: Missing output files: ../mpmat/293T-bat_VEGFA-sgRNADel-PD_rep1_hg38.MAPQ20.select.A2A.mpmat
    wildcards: sample=VEGFA-sgRNADel-PD, rep=rep1, from_base=A, to_base=A


        F="A"
        T="A"

        echo "From base to base：FB=$F,TB=$T"
        if [ "$F" = "$T" ];then
        echo "From base == To base, skip.." >../mpmat/293T-bat_VEGFA-sgRNADel-PD_rep1_hg38.MAPQ20.select.A2A.mpmat.log
        touch ../mpmat/293T-bat_VEGFA-sgRNADel-PD_rep1_hg38.MAPQ20.select.A2A.mpmat
        else
        /home/zhaohuanan/miniconda3/envs/snakepipes_detect-seq_fastq_bam_plot/bin/python ./program/pmat-merge-V04.py             -f A             -t A             -r /home/zhaohuanan/zhaohn_HD/2.database/fasta_hg38/hg38_only_chromosome.fa             --OutHeader False             -i ../mpileup_pmat_bmat/293T-bat_VEGFA-sgRNADel-PD_rep1_hg38.MAPQ20.select.A.pmat             -o ../mpmat/293T-bat_VEGFA-sgRNADel-PD_rep1_hg38.MAPQ20.select.A2A.mpmat             -d 50 -D 100 --NoMutNumCutoff 2 --OmitTandemNumCutoff 2 --SNP /home/zhaohuanan/zhaohn_HD/2.database/GATK_resource_bundle/resources_broad_hg38_v0_Homo_sapiens_assembly38.dbsnp138.vcf 2>../mpmat/293T-bat_VEGFA-sgRNADel-PD_rep1_hg38.MAPQ20.select.A2A.mpmat.log;         fi
        

[Mon Sep 28 16:50:37 2020]
rule pmat_merge:
    input: ../mpileup_pmat_bmat/293T-bat_VEGFA-sgRNADel-PD_rep1_hg38.MAPQ20.select.A.pmat
    output: ../mpmat/293T-bat_VEGFA-sgRNADel-PD_rep1_hg38.MAPQ20.select.A2G.mpmat
    log: ../mpmat/293T-bat_VEGFA-sgRNADel-PD_rep1_hg38.MAPQ20.select.A2G.mpmat.log
    jobid: 126
    reason: Missing output files: ../mpmat/293T-bat_VEGFA-sgRNADel-PD_rep1_hg38.MAPQ20.select.A2G.mpmat
    wildcards: sample=VEGFA-sgRNADel-PD, rep=rep1, from_base=A, to_base=G


        F="A"
        T="G"

        echo "From base to base：FB=$F,TB=$T"
        if [ "$F" = "$T" ];then
        echo "From base == To base, skip.." >../mpmat/293T-bat_VEGFA-sgRNADel-PD_rep1_hg38.MAPQ20.select.A2G.mpmat.log
        touch ../mpmat/293T-bat_VEGFA-sgRNADel-PD_rep1_hg38.MAPQ20.select.A2G.mpmat
        else
        /home/zhaohuanan/miniconda3/envs/snakepipes_detect-seq_fastq_bam_plot/bin/python ./program/pmat-merge-V04.py             -f A             -t G             -r /home/zhaohuanan/zhaohn_HD/2.database/fasta_hg38/hg38_only_chromosome.fa             --OutHeader False             -i ../mpileup_pmat_bmat/293T-bat_VEGFA-sgRNADel-PD_rep1_hg38.MAPQ20.select.A.pmat             -o ../mpmat/293T-bat_VEGFA-sgRNADel-PD_rep1_hg38.MAPQ20.select.A2G.mpmat             -d 50 -D 100 --NoMutNumCutoff 2 --OmitTandemNumCutoff 2 --SNP /home/zhaohuanan/zhaohn_HD/2.database/GATK_resource_bundle/resources_broad_hg38_v0_Homo_sapiens_assembly38.dbsnp138.vcf 2>../mpmat/293T-bat_VEGFA-sgRNADel-PD_rep1_hg38.MAPQ20.select.A2G.mpmat.log;         fi
        

[Mon Sep 28 16:50:37 2020]
rule pmat_merge:
    input: ../mpileup_pmat_bmat/293T-bat_VEGFA-sgRNADel-PD_rep1_hg38.MAPQ20.select.A.pmat
    output: ../mpmat/293T-bat_VEGFA-sgRNADel-PD_rep1_hg38.MAPQ20.select.A2C.mpmat
    log: ../mpmat/293T-bat_VEGFA-sgRNADel-PD_rep1_hg38.MAPQ20.select.A2C.mpmat.log
    jobid: 127
    reason: Missing output files: ../mpmat/293T-bat_VEGFA-sgRNADel-PD_rep1_hg38.MAPQ20.select.A2C.mpmat
    wildcards: sample=VEGFA-sgRNADel-PD, rep=rep1, from_base=A, to_base=C


        F="A"
        T="C"

        echo "From base to base：FB=$F,TB=$T"
        if [ "$F" = "$T" ];then
        echo "From base == To base, skip.." >../mpmat/293T-bat_VEGFA-sgRNADel-PD_rep1_hg38.MAPQ20.select.A2C.mpmat.log
        touch ../mpmat/293T-bat_VEGFA-sgRNADel-PD_rep1_hg38.MAPQ20.select.A2C.mpmat
        else
        /home/zhaohuanan/miniconda3/envs/snakepipes_detect-seq_fastq_bam_plot/bin/python ./program/pmat-merge-V04.py             -f A             -t C             -r /home/zhaohuanan/zhaohn_HD/2.database/fasta_hg38/hg38_only_chromosome.fa             --OutHeader False             -i ../mpileup_pmat_bmat/293T-bat_VEGFA-sgRNADel-PD_rep1_hg38.MAPQ20.select.A.pmat             -o ../mpmat/293T-bat_VEGFA-sgRNADel-PD_rep1_hg38.MAPQ20.select.A2C.mpmat             -d 50 -D 100 --NoMutNumCutoff 2 --OmitTandemNumCutoff 2 --SNP /home/zhaohuanan/zhaohn_HD/2.database/GATK_resource_bundle/resources_broad_hg38_v0_Homo_sapiens_assembly38.dbsnp138.vcf 2>../mpmat/293T-bat_VEGFA-sgRNADel-PD_rep1_hg38.MAPQ20.select.A2C.mpmat.log;         fi
        
[Mon Sep 28 16:50:37 2020]
Finished job 108.
3 of 97 steps (3%) done
[Mon Sep 28 16:50:37 2020]
Finished job 125.

4 of 97 steps (4%) done
[Mon Sep 28 16:50:37 2020]
rule pmat_merge:
    input: ../mpileup_pmat_bmat/293T-bat_VEGFA-sgRNADel-PD_rep1_hg38.MAPQ20.select.A.pmat
    output: ../mpmat/293T-bat_VEGFA-sgRNADel-PD_rep1_hg38.MAPQ20.select.A2T.mpmat
    log: ../mpmat/293T-bat_VEGFA-sgRNADel-PD_rep1_hg38.MAPQ20.select.A2T.mpmat.log
    jobid: 128
    reason: Missing output files: ../mpmat/293T-bat_VEGFA-sgRNADel-PD_rep1_hg38.MAPQ20.select.A2T.mpmat
    wildcards: sample=VEGFA-sgRNADel-PD, rep=rep1, from_base=A, to_base=T


        F="A"
        T="T"

        echo "From base to base：FB=$F,TB=$T"
        if [ "$F" = "$T" ];then
        echo "From base == To base, skip.." >../mpmat/293T-bat_VEGFA-sgRNADel-PD_rep1_hg38.MAPQ20.select.A2T.mpmat.log
        touch ../mpmat/293T-bat_VEGFA-sgRNADel-PD_rep1_hg38.MAPQ20.select.A2T.mpmat
        else
        /home/zhaohuanan/miniconda3/envs/snakepipes_detect-seq_fastq_bam_plot/bin/python ./program/pmat-merge-V04.py             -f A             -t T             -r /home/zhaohuanan/zhaohn_HD/2.database/fasta_hg38/hg38_only_chromosome.fa             --OutHeader False             -i ../mpileup_pmat_bmat/293T-bat_VEGFA-sgRNADel-PD_rep1_hg38.MAPQ20.select.A.pmat             -o ../mpmat/293T-bat_VEGFA-sgRNADel-PD_rep1_hg38.MAPQ20.select.A2T.mpmat             -d 50 -D 100 --NoMutNumCutoff 2 --OmitTandemNumCutoff 2 --SNP /home/zhaohuanan/zhaohn_HD/2.database/GATK_resource_bundle/resources_broad_hg38_v0_Homo_sapiens_assembly38.dbsnp138.vcf 2>../mpmat/293T-bat_VEGFA-sgRNADel-PD_rep1_hg38.MAPQ20.select.A2T.mpmat.log;         fi
        

[Mon Sep 28 16:50:37 2020]
rule pmat_merge:
    input: ../mpileup_pmat_bmat/293T-bat_VEGFA-All-PD_rep1_hg38.MAPQ20.select.A.pmat
    output: ../mpmat/293T-bat_VEGFA-All-PD_rep1_hg38.MAPQ20.select.A2A.mpmat
    log: ../mpmat/293T-bat_VEGFA-All-PD_rep1_hg38.MAPQ20.select.A2A.mpmat.log
    jobid: 61
    reason: Missing output files: ../mpmat/293T-bat_VEGFA-All-PD_rep1_hg38.MAPQ20.select.A2A.mpmat
    wildcards: sample=VEGFA-All-PD, rep=rep1, from_base=A, to_base=A


        F="A"
        T="A"

        echo "From base to base：FB=$F,TB=$T"
        if [ "$F" = "$T" ];then
        echo "From base == To base, skip.." >../mpmat/293T-bat_VEGFA-All-PD_rep1_hg38.MAPQ20.select.A2A.mpmat.log
        touch ../mpmat/293T-bat_VEGFA-All-PD_rep1_hg38.MAPQ20.select.A2A.mpmat
        else
        /home/zhaohuanan/miniconda3/envs/snakepipes_detect-seq_fastq_bam_plot/bin/python ./program/pmat-merge-V04.py             -f A             -t A             -r /home/zhaohuanan/zhaohn_HD/2.database/fasta_hg38/hg38_only_chromosome.fa             --OutHeader False             -i ../mpileup_pmat_bmat/293T-bat_VEGFA-All-PD_rep1_hg38.MAPQ20.select.A.pmat             -o ../mpmat/293T-bat_VEGFA-All-PD_rep1_hg38.MAPQ20.select.A2A.mpmat             -d 50 -D 100 --NoMutNumCutoff 2 --OmitTandemNumCutoff 2 --SNP /home/zhaohuanan/zhaohn_HD/2.database/GATK_resource_bundle/resources_broad_hg38_v0_Homo_sapiens_assembly38.dbsnp138.vcf 2>../mpmat/293T-bat_VEGFA-All-PD_rep1_hg38.MAPQ20.select.A2A.mpmat.log;         fi
        

[Mon Sep 28 16:50:37 2020]
rule pmat_merge:
    input: ../mpileup_pmat_bmat/293T-bat_VEGFA-All-PD_rep1_hg38.MAPQ20.select.A.pmat
    output: ../mpmat/293T-bat_VEGFA-All-PD_rep1_hg38.MAPQ20.select.A2G.mpmat
    log: ../mpmat/293T-bat_VEGFA-All-PD_rep1_hg38.MAPQ20.select.A2G.mpmat.log
    jobid: 62
    reason: Missing output files: ../mpmat/293T-bat_VEGFA-All-PD_rep1_hg38.MAPQ20.select.A2G.mpmat
    wildcards: sample=VEGFA-All-PD, rep=rep1, from_base=A, to_base=G


        F="A"
        T="G"

        echo "From base to base：FB=$F,TB=$T"
        if [ "$F" = "$T" ];then
        echo "From base == To base, skip.." >../mpmat/293T-bat_VEGFA-All-PD_rep1_hg38.MAPQ20.select.A2G.mpmat.log
        touch ../mpmat/293T-bat_VEGFA-All-PD_rep1_hg38.MAPQ20.select.A2G.mpmat
        else
        /home/zhaohuanan/miniconda3/envs/snakepipes_detect-seq_fastq_bam_plot/bin/python ./program/pmat-merge-V04.py             -f A             -t G             -r /home/zhaohuanan/zhaohn_HD/2.database/fasta_hg38/hg38_only_chromosome.fa             --OutHeader False             -i ../mpileup_pmat_bmat/293T-bat_VEGFA-All-PD_rep1_hg38.MAPQ20.select.A.pmat             -o ../mpmat/293T-bat_VEGFA-All-PD_rep1_hg38.MAPQ20.select.A2G.mpmat             -d 50 -D 100 --NoMutNumCutoff 2 --OmitTandemNumCutoff 2 --SNP /home/zhaohuanan/zhaohn_HD/2.database/GATK_resource_bundle/resources_broad_hg38_v0_Homo_sapiens_assembly38.dbsnp138.vcf 2>../mpmat/293T-bat_VEGFA-All-PD_rep1_hg38.MAPQ20.select.A2G.mpmat.log;         fi
        

[Mon Sep 28 16:50:37 2020]
rule pmat_merge:
    input: ../mpileup_pmat_bmat/293T-bat_VEGFA-All-PD_rep1_hg38.MAPQ20.select.A.pmat
    output: ../mpmat/293T-bat_VEGFA-All-PD_rep1_hg38.MAPQ20.select.A2C.mpmat
    log: ../mpmat/293T-bat_VEGFA-All-PD_rep1_hg38.MAPQ20.select.A2C.mpmat.log
    jobid: 63
    reason: Missing output files: ../mpmat/293T-bat_VEGFA-All-PD_rep1_hg38.MAPQ20.select.A2C.mpmat
    wildcards: sample=VEGFA-All-PD, rep=rep1, from_base=A, to_base=C


        F="A"
        T="C"

        echo "From base to base：FB=$F,TB=$T"
        if [ "$F" = "$T" ];then
        echo "From base == To base, skip.." >../mpmat/293T-bat_VEGFA-All-PD_rep1_hg38.MAPQ20.select.A2C.mpmat.log
        touch ../mpmat/293T-bat_VEGFA-All-PD_rep1_hg38.MAPQ20.select.A2C.mpmat
        else
        /home/zhaohuanan/miniconda3/envs/snakepipes_detect-seq_fastq_bam_plot/bin/python ./program/pmat-merge-V04.py             -f A             -t C             -r /home/zhaohuanan/zhaohn_HD/2.database/fasta_hg38/hg38_only_chromosome.fa             --OutHeader False             -i ../mpileup_pmat_bmat/293T-bat_VEGFA-All-PD_rep1_hg38.MAPQ20.select.A.pmat             -o ../mpmat/293T-bat_VEGFA-All-PD_rep1_hg38.MAPQ20.select.A2C.mpmat             -d 50 -D 100 --NoMutNumCutoff 2 --OmitTandemNumCutoff 2 --SNP /home/zhaohuanan/zhaohn_HD/2.database/GATK_resource_bundle/resources_broad_hg38_v0_Homo_sapiens_assembly38.dbsnp138.vcf 2>../mpmat/293T-bat_VEGFA-All-PD_rep1_hg38.MAPQ20.select.A2C.mpmat.log;         fi
        

[Mon Sep 28 16:50:37 2020]
rule pmat_merge:
    input: ../mpileup_pmat_bmat/293T-bat_VEGFA-All-PD_rep1_hg38.MAPQ20.select.A.pmat
    output: ../mpmat/293T-bat_VEGFA-All-PD_rep1_hg38.MAPQ20.select.A2T.mpmat
    log: ../mpmat/293T-bat_VEGFA-All-PD_rep1_hg38.MAPQ20.select.A2T.mpmat.log
    jobid: 64
    reason: Missing output files: ../mpmat/293T-bat_VEGFA-All-PD_rep1_hg38.MAPQ20.select.A2T.mpmat
    wildcards: sample=VEGFA-All-PD, rep=rep1, from_base=A, to_base=T


        F="A"
        T="T"

        echo "From base to base：FB=$F,TB=$T"
        if [ "$F" = "$T" ];then
        echo "From base == To base, skip.." >../mpmat/293T-bat_VEGFA-All-PD_rep1_hg38.MAPQ20.select.A2T.mpmat.log
        touch ../mpmat/293T-bat_VEGFA-All-PD_rep1_hg38.MAPQ20.select.A2T.mpmat
        else
        /home/zhaohuanan/miniconda3/envs/snakepipes_detect-seq_fastq_bam_plot/bin/python ./program/pmat-merge-V04.py             -f A             -t T             -r /home/zhaohuanan/zhaohn_HD/2.database/fasta_hg38/hg38_only_chromosome.fa             --OutHeader False             -i ../mpileup_pmat_bmat/293T-bat_VEGFA-All-PD_rep1_hg38.MAPQ20.select.A.pmat             -o ../mpmat/293T-bat_VEGFA-All-PD_rep1_hg38.MAPQ20.select.A2T.mpmat             -d 50 -D 100 --NoMutNumCutoff 2 --OmitTandemNumCutoff 2 --SNP /home/zhaohuanan/zhaohn_HD/2.database/GATK_resource_bundle/resources_broad_hg38_v0_Homo_sapiens_assembly38.dbsnp138.vcf 2>../mpmat/293T-bat_VEGFA-All-PD_rep1_hg38.MAPQ20.select.A2T.mpmat.log;         fi
        

[Mon Sep 28 16:50:37 2020]
rule pmat_merge:
    input: ../mpileup_pmat_bmat/293T-bat_VEGFA-Vector-PD_rep1_hg38.MAPQ20.select.A.pmat
    output: ../mpmat/293T-bat_VEGFA-Vector-PD_rep1_hg38.MAPQ20.select.A2A.mpmat
    log: ../mpmat/293T-bat_VEGFA-Vector-PD_rep1_hg38.MAPQ20.select.A2A.mpmat.log
    jobid: 93
    reason: Missing output files: ../mpmat/293T-bat_VEGFA-Vector-PD_rep1_hg38.MAPQ20.select.A2A.mpmat
    wildcards: sample=VEGFA-Vector-PD, rep=rep1, from_base=A, to_base=A


        F="A"
        T="A"

        echo "From base to base：FB=$F,TB=$T"
        if [ "$F" = "$T" ];then
        echo "From base == To base, skip.." >../mpmat/293T-bat_VEGFA-Vector-PD_rep1_hg38.MAPQ20.select.A2A.mpmat.log
        touch ../mpmat/293T-bat_VEGFA-Vector-PD_rep1_hg38.MAPQ20.select.A2A.mpmat
        else
        /home/zhaohuanan/miniconda3/envs/snakepipes_detect-seq_fastq_bam_plot/bin/python ./program/pmat-merge-V04.py             -f A             -t A             -r /home/zhaohuanan/zhaohn_HD/2.database/fasta_hg38/hg38_only_chromosome.fa             --OutHeader False             -i ../mpileup_pmat_bmat/293T-bat_VEGFA-Vector-PD_rep1_hg38.MAPQ20.select.A.pmat             -o ../mpmat/293T-bat_VEGFA-Vector-PD_rep1_hg38.MAPQ20.select.A2A.mpmat             -d 50 -D 100 --NoMutNumCutoff 2 --OmitTandemNumCutoff 2 --SNP /home/zhaohuanan/zhaohn_HD/2.database/GATK_resource_bundle/resources_broad_hg38_v0_Homo_sapiens_assembly38.dbsnp138.vcf 2>../mpmat/293T-bat_VEGFA-Vector-PD_rep1_hg38.MAPQ20.select.A2A.mpmat.log;         fi
        
[Mon Sep 28 16:50:37 2020]
Finished job 61.
5 of 97 steps (5%) done

[Mon Sep 28 16:50:37 2020]
rule pmat_merge:
    input: ../mpileup_pmat_bmat/293T-bat_VEGFA-Vector-PD_rep1_hg38.MAPQ20.select.A.pmat
    output: ../mpmat/293T-bat_VEGFA-Vector-PD_rep1_hg38.MAPQ20.select.A2G.mpmat
    log: ../mpmat/293T-bat_VEGFA-Vector-PD_rep1_hg38.MAPQ20.select.A2G.mpmat.log
    jobid: 94
    reason: Missing output files: ../mpmat/293T-bat_VEGFA-Vector-PD_rep1_hg38.MAPQ20.select.A2G.mpmat
    wildcards: sample=VEGFA-Vector-PD, rep=rep1, from_base=A, to_base=G


        F="A"
        T="G"

        echo "From base to base：FB=$F,TB=$T"
        if [ "$F" = "$T" ];then
        echo "From base == To base, skip.." >../mpmat/293T-bat_VEGFA-Vector-PD_rep1_hg38.MAPQ20.select.A2G.mpmat.log
        touch ../mpmat/293T-bat_VEGFA-Vector-PD_rep1_hg38.MAPQ20.select.A2G.mpmat
        else
        /home/zhaohuanan/miniconda3/envs/snakepipes_detect-seq_fastq_bam_plot/bin/python ./program/pmat-merge-V04.py             -f A             -t G             -r /home/zhaohuanan/zhaohn_HD/2.database/fasta_hg38/hg38_only_chromosome.fa             --OutHeader False             -i ../mpileup_pmat_bmat/293T-bat_VEGFA-Vector-PD_rep1_hg38.MAPQ20.select.A.pmat             -o ../mpmat/293T-bat_VEGFA-Vector-PD_rep1_hg38.MAPQ20.select.A2G.mpmat             -d 50 -D 100 --NoMutNumCutoff 2 --OmitTandemNumCutoff 2 --SNP /home/zhaohuanan/zhaohn_HD/2.database/GATK_resource_bundle/resources_broad_hg38_v0_Homo_sapiens_assembly38.dbsnp138.vcf 2>../mpmat/293T-bat_VEGFA-Vector-PD_rep1_hg38.MAPQ20.select.A2G.mpmat.log;         fi
        

[Mon Sep 28 16:50:37 2020]
rule pmat_merge:
    input: ../mpileup_pmat_bmat/293T-bat_VEGFA-Vector-PD_rep1_hg38.MAPQ20.select.A.pmat
    output: ../mpmat/293T-bat_VEGFA-Vector-PD_rep1_hg38.MAPQ20.select.A2C.mpmat
    log: ../mpmat/293T-bat_VEGFA-Vector-PD_rep1_hg38.MAPQ20.select.A2C.mpmat.log
    jobid: 95
    reason: Missing output files: ../mpmat/293T-bat_VEGFA-Vector-PD_rep1_hg38.MAPQ20.select.A2C.mpmat
    wildcards: sample=VEGFA-Vector-PD, rep=rep1, from_base=A, to_base=C


        F="A"
        T="C"

        echo "From base to base：FB=$F,TB=$T"
        if [ "$F" = "$T" ];then
        echo "From base == To base, skip.." >../mpmat/293T-bat_VEGFA-Vector-PD_rep1_hg38.MAPQ20.select.A2C.mpmat.log
        touch ../mpmat/293T-bat_VEGFA-Vector-PD_rep1_hg38.MAPQ20.select.A2C.mpmat
        else
        /home/zhaohuanan/miniconda3/envs/snakepipes_detect-seq_fastq_bam_plot/bin/python ./program/pmat-merge-V04.py             -f A             -t C             -r /home/zhaohuanan/zhaohn_HD/2.database/fasta_hg38/hg38_only_chromosome.fa             --OutHeader False             -i ../mpileup_pmat_bmat/293T-bat_VEGFA-Vector-PD_rep1_hg38.MAPQ20.select.A.pmat             -o ../mpmat/293T-bat_VEGFA-Vector-PD_rep1_hg38.MAPQ20.select.A2C.mpmat             -d 50 -D 100 --NoMutNumCutoff 2 --OmitTandemNumCutoff 2 --SNP /home/zhaohuanan/zhaohn_HD/2.database/GATK_resource_bundle/resources_broad_hg38_v0_Homo_sapiens_assembly38.dbsnp138.vcf 2>../mpmat/293T-bat_VEGFA-Vector-PD_rep1_hg38.MAPQ20.select.A2C.mpmat.log;         fi
        

[Mon Sep 28 16:50:37 2020]
rule pmat_merge:
    input: ../mpileup_pmat_bmat/293T-bat_VEGFA-sgRNADel-PD_rep1_hg38.MAPQ20.select.T.pmat
    output: ../mpmat/293T-bat_VEGFA-sgRNADel-PD_rep1_hg38.MAPQ20.select.T2A.mpmat
    log: ../mpmat/293T-bat_VEGFA-sgRNADel-PD_rep1_hg38.MAPQ20.select.T2A.mpmat.log
    jobid: 137
    reason: Missing output files: ../mpmat/293T-bat_VEGFA-sgRNADel-PD_rep1_hg38.MAPQ20.select.T2A.mpmat
    wildcards: sample=VEGFA-sgRNADel-PD, rep=rep1, from_base=T, to_base=A


        F="T"
        T="A"

        echo "From base to base：FB=$F,TB=$T"
        if [ "$F" = "$T" ];then
        echo "From base == To base, skip.." >../mpmat/293T-bat_VEGFA-sgRNADel-PD_rep1_hg38.MAPQ20.select.T2A.mpmat.log
        touch ../mpmat/293T-bat_VEGFA-sgRNADel-PD_rep1_hg38.MAPQ20.select.T2A.mpmat
        else
        /home/zhaohuanan/miniconda3/envs/snakepipes_detect-seq_fastq_bam_plot/bin/python ./program/pmat-merge-V04.py             -f T             -t A             -r /home/zhaohuanan/zhaohn_HD/2.database/fasta_hg38/hg38_only_chromosome.fa             --OutHeader False             -i ../mpileup_pmat_bmat/293T-bat_VEGFA-sgRNADel-PD_rep1_hg38.MAPQ20.select.T.pmat             -o ../mpmat/293T-bat_VEGFA-sgRNADel-PD_rep1_hg38.MAPQ20.select.T2A.mpmat             -d 50 -D 100 --NoMutNumCutoff 2 --OmitTandemNumCutoff 2 --SNP /home/zhaohuanan/zhaohn_HD/2.database/GATK_resource_bundle/resources_broad_hg38_v0_Homo_sapiens_assembly38.dbsnp138.vcf 2>../mpmat/293T-bat_VEGFA-sgRNADel-PD_rep1_hg38.MAPQ20.select.T2A.mpmat.log;         fi
        
[Mon Sep 28 16:50:37 2020]
Finished job 93.
6 of 97 steps (6%) done

[Mon Sep 28 16:50:37 2020]
rule pmat_merge:
    input: ../mpileup_pmat_bmat/293T-bat_VEGFA-Vector-PD_rep1_hg38.MAPQ20.select.A.pmat
    output: ../mpmat/293T-bat_VEGFA-Vector-PD_rep1_hg38.MAPQ20.select.A2T.mpmat
    log: ../mpmat/293T-bat_VEGFA-Vector-PD_rep1_hg38.MAPQ20.select.A2T.mpmat.log
    jobid: 96
    reason: Missing output files: ../mpmat/293T-bat_VEGFA-Vector-PD_rep1_hg38.MAPQ20.select.A2T.mpmat
    wildcards: sample=VEGFA-Vector-PD, rep=rep1, from_base=A, to_base=T


        F="A"
        T="T"

        echo "From base to base：FB=$F,TB=$T"
        if [ "$F" = "$T" ];then
        echo "From base == To base, skip.." >../mpmat/293T-bat_VEGFA-Vector-PD_rep1_hg38.MAPQ20.select.A2T.mpmat.log
        touch ../mpmat/293T-bat_VEGFA-Vector-PD_rep1_hg38.MAPQ20.select.A2T.mpmat
        else
        /home/zhaohuanan/miniconda3/envs/snakepipes_detect-seq_fastq_bam_plot/bin/python ./program/pmat-merge-V04.py             -f A             -t T             -r /home/zhaohuanan/zhaohn_HD/2.database/fasta_hg38/hg38_only_chromosome.fa             --OutHeader False             -i ../mpileup_pmat_bmat/293T-bat_VEGFA-Vector-PD_rep1_hg38.MAPQ20.select.A.pmat             -o ../mpmat/293T-bat_VEGFA-Vector-PD_rep1_hg38.MAPQ20.select.A2T.mpmat             -d 50 -D 100 --NoMutNumCutoff 2 --OmitTandemNumCutoff 2 --SNP /home/zhaohuanan/zhaohn_HD/2.database/GATK_resource_bundle/resources_broad_hg38_v0_Homo_sapiens_assembly38.dbsnp138.vcf 2>../mpmat/293T-bat_VEGFA-Vector-PD_rep1_hg38.MAPQ20.select.A2T.mpmat.log;         fi
        

[Mon Sep 28 16:50:37 2020]
rule pmat_merge:
    input: ../mpileup_pmat_bmat/293T-bat_VEGFA-sgRNADel-PD_rep1_hg38.MAPQ20.select.T.pmat
    output: ../mpmat/293T-bat_VEGFA-sgRNADel-PD_rep1_hg38.MAPQ20.select.T2G.mpmat
    log: ../mpmat/293T-bat_VEGFA-sgRNADel-PD_rep1_hg38.MAPQ20.select.T2G.mpmat.log
    jobid: 138
    reason: Missing output files: ../mpmat/293T-bat_VEGFA-sgRNADel-PD_rep1_hg38.MAPQ20.select.T2G.mpmat
    wildcards: sample=VEGFA-sgRNADel-PD, rep=rep1, from_base=T, to_base=G


        F="T"
        T="G"

        echo "From base to base：FB=$F,TB=$T"
        if [ "$F" = "$T" ];then
        echo "From base == To base, skip.." >../mpmat/293T-bat_VEGFA-sgRNADel-PD_rep1_hg38.MAPQ20.select.T2G.mpmat.log
        touch ../mpmat/293T-bat_VEGFA-sgRNADel-PD_rep1_hg38.MAPQ20.select.T2G.mpmat
        else
        /home/zhaohuanan/miniconda3/envs/snakepipes_detect-seq_fastq_bam_plot/bin/python ./program/pmat-merge-V04.py             -f T             -t G             -r /home/zhaohuanan/zhaohn_HD/2.database/fasta_hg38/hg38_only_chromosome.fa             --OutHeader False             -i ../mpileup_pmat_bmat/293T-bat_VEGFA-sgRNADel-PD_rep1_hg38.MAPQ20.select.T.pmat             -o ../mpmat/293T-bat_VEGFA-sgRNADel-PD_rep1_hg38.MAPQ20.select.T2G.mpmat             -d 50 -D 100 --NoMutNumCutoff 2 --OmitTandemNumCutoff 2 --SNP /home/zhaohuanan/zhaohn_HD/2.database/GATK_resource_bundle/resources_broad_hg38_v0_Homo_sapiens_assembly38.dbsnp138.vcf 2>../mpmat/293T-bat_VEGFA-sgRNADel-PD_rep1_hg38.MAPQ20.select.T2G.mpmat.log;         fi
        

[Mon Sep 28 16:50:37 2020]
rule pmat_merge:
    input: ../mpileup_pmat_bmat/293T-bat_VEGFA-sgRNADel-PD_rep2_hg38.MAPQ20.select.A.pmat
    output: ../mpmat/293T-bat_VEGFA-sgRNADel-PD_rep2_hg38.MAPQ20.select.A2A.mpmat
    log: ../mpmat/293T-bat_VEGFA-sgRNADel-PD_rep2_hg38.MAPQ20.select.A2A.mpmat.log
    jobid: 141
    reason: Missing output files: ../mpmat/293T-bat_VEGFA-sgRNADel-PD_rep2_hg38.MAPQ20.select.A2A.mpmat
    wildcards: sample=VEGFA-sgRNADel-PD, rep=rep2, from_base=A, to_base=A


        F="A"
        T="A"

        echo "From base to base：FB=$F,TB=$T"
        if [ "$F" = "$T" ];then
        echo "From base == To base, skip.." >../mpmat/293T-bat_VEGFA-sgRNADel-PD_rep2_hg38.MAPQ20.select.A2A.mpmat.log
        touch ../mpmat/293T-bat_VEGFA-sgRNADel-PD_rep2_hg38.MAPQ20.select.A2A.mpmat
        else
        /home/zhaohuanan/miniconda3/envs/snakepipes_detect-seq_fastq_bam_plot/bin/python ./program/pmat-merge-V04.py             -f A             -t A             -r /home/zhaohuanan/zhaohn_HD/2.database/fasta_hg38/hg38_only_chromosome.fa             --OutHeader False             -i ../mpileup_pmat_bmat/293T-bat_VEGFA-sgRNADel-PD_rep2_hg38.MAPQ20.select.A.pmat             -o ../mpmat/293T-bat_VEGFA-sgRNADel-PD_rep2_hg38.MAPQ20.select.A2A.mpmat             -d 50 -D 100 --NoMutNumCutoff 2 --OmitTandemNumCutoff 2 --SNP /home/zhaohuanan/zhaohn_HD/2.database/GATK_resource_bundle/resources_broad_hg38_v0_Homo_sapiens_assembly38.dbsnp138.vcf 2>../mpmat/293T-bat_VEGFA-sgRNADel-PD_rep2_hg38.MAPQ20.select.A2A.mpmat.log;         fi
        

[Mon Sep 28 16:50:37 2020]
rule pmat_merge:
    input: ../mpileup_pmat_bmat/293T-bat_VEGFA-sgRNADel-PD_rep2_hg38.MAPQ20.select.A.pmat
    output: ../mpmat/293T-bat_VEGFA-sgRNADel-PD_rep2_hg38.MAPQ20.select.A2G.mpmat
    log: ../mpmat/293T-bat_VEGFA-sgRNADel-PD_rep2_hg38.MAPQ20.select.A2G.mpmat.log
    jobid: 142
    reason: Missing output files: ../mpmat/293T-bat_VEGFA-sgRNADel-PD_rep2_hg38.MAPQ20.select.A2G.mpmat
    wildcards: sample=VEGFA-sgRNADel-PD, rep=rep2, from_base=A, to_base=G


        F="A"
        T="G"

        echo "From base to base：FB=$F,TB=$T"
        if [ "$F" = "$T" ];then
        echo "From base == To base, skip.." >../mpmat/293T-bat_VEGFA-sgRNADel-PD_rep2_hg38.MAPQ20.select.A2G.mpmat.log
        touch ../mpmat/293T-bat_VEGFA-sgRNADel-PD_rep2_hg38.MAPQ20.select.A2G.mpmat
        else
        /home/zhaohuanan/miniconda3/envs/snakepipes_detect-seq_fastq_bam_plot/bin/python ./program/pmat-merge-V04.py             -f A             -t G             -r /home/zhaohuanan/zhaohn_HD/2.database/fasta_hg38/hg38_only_chromosome.fa             --OutHeader False             -i ../mpileup_pmat_bmat/293T-bat_VEGFA-sgRNADel-PD_rep2_hg38.MAPQ20.select.A.pmat             -o ../mpmat/293T-bat_VEGFA-sgRNADel-PD_rep2_hg38.MAPQ20.select.A2G.mpmat             -d 50 -D 100 --NoMutNumCutoff 2 --OmitTandemNumCutoff 2 --SNP /home/zhaohuanan/zhaohn_HD/2.database/GATK_resource_bundle/resources_broad_hg38_v0_Homo_sapiens_assembly38.dbsnp138.vcf 2>../mpmat/293T-bat_VEGFA-sgRNADel-PD_rep2_hg38.MAPQ20.select.A2G.mpmat.log;         fi
        

[Mon Sep 28 16:50:37 2020]
rule pmat_merge:
    input: ../mpileup_pmat_bmat/293T-bat_VEGFA-sgRNADel-PD_rep2_hg38.MAPQ20.select.T.pmat
    output: ../mpmat/293T-bat_VEGFA-sgRNADel-PD_rep2_hg38.MAPQ20.select.T2A.mpmat
    log: ../mpmat/293T-bat_VEGFA-sgRNADel-PD_rep2_hg38.MAPQ20.select.T2A.mpmat.log
    jobid: 153
    reason: Missing output files: ../mpmat/293T-bat_VEGFA-sgRNADel-PD_rep2_hg38.MAPQ20.select.T2A.mpmat
    wildcards: sample=VEGFA-sgRNADel-PD, rep=rep2, from_base=T, to_base=A


        F="T"
        T="A"

        echo "From base to base：FB=$F,TB=$T"
        if [ "$F" = "$T" ];then
        echo "From base == To base, skip.." >../mpmat/293T-bat_VEGFA-sgRNADel-PD_rep2_hg38.MAPQ20.select.T2A.mpmat.log
        touch ../mpmat/293T-bat_VEGFA-sgRNADel-PD_rep2_hg38.MAPQ20.select.T2A.mpmat
        else
        /home/zhaohuanan/miniconda3/envs/snakepipes_detect-seq_fastq_bam_plot/bin/python ./program/pmat-merge-V04.py             -f T             -t A             -r /home/zhaohuanan/zhaohn_HD/2.database/fasta_hg38/hg38_only_chromosome.fa             --OutHeader False             -i ../mpileup_pmat_bmat/293T-bat_VEGFA-sgRNADel-PD_rep2_hg38.MAPQ20.select.T.pmat             -o ../mpmat/293T-bat_VEGFA-sgRNADel-PD_rep2_hg38.MAPQ20.select.T2A.mpmat             -d 50 -D 100 --NoMutNumCutoff 2 --OmitTandemNumCutoff 2 --SNP /home/zhaohuanan/zhaohn_HD/2.database/GATK_resource_bundle/resources_broad_hg38_v0_Homo_sapiens_assembly38.dbsnp138.vcf 2>../mpmat/293T-bat_VEGFA-sgRNADel-PD_rep2_hg38.MAPQ20.select.T2A.mpmat.log;         fi
        

[Mon Sep 28 16:50:37 2020]
rule pmat_merge:
    input: ../mpileup_pmat_bmat/293T-bat_VEGFA-sgRNADel-PD_rep2_hg38.MAPQ20.select.T.pmat
    output: ../mpmat/293T-bat_VEGFA-sgRNADel-PD_rep2_hg38.MAPQ20.select.T2G.mpmat
    log: ../mpmat/293T-bat_VEGFA-sgRNADel-PD_rep2_hg38.MAPQ20.select.T2G.mpmat.log
    jobid: 154
    reason: Missing output files: ../mpmat/293T-bat_VEGFA-sgRNADel-PD_rep2_hg38.MAPQ20.select.T2G.mpmat
    wildcards: sample=VEGFA-sgRNADel-PD, rep=rep2, from_base=T, to_base=G


        F="T"
        T="G"

        echo "From base to base：FB=$F,TB=$T"
        if [ "$F" = "$T" ];then
        echo "From base == To base, skip.." >../mpmat/293T-bat_VEGFA-sgRNADel-PD_rep2_hg38.MAPQ20.select.T2G.mpmat.log
        touch ../mpmat/293T-bat_VEGFA-sgRNADel-PD_rep2_hg38.MAPQ20.select.T2G.mpmat
        else
        /home/zhaohuanan/miniconda3/envs/snakepipes_detect-seq_fastq_bam_plot/bin/python ./program/pmat-merge-V04.py             -f T             -t G             -r /home/zhaohuanan/zhaohn_HD/2.database/fasta_hg38/hg38_only_chromosome.fa             --OutHeader False             -i ../mpileup_pmat_bmat/293T-bat_VEGFA-sgRNADel-PD_rep2_hg38.MAPQ20.select.T.pmat             -o ../mpmat/293T-bat_VEGFA-sgRNADel-PD_rep2_hg38.MAPQ20.select.T2G.mpmat             -d 50 -D 100 --NoMutNumCutoff 2 --OmitTandemNumCutoff 2 --SNP /home/zhaohuanan/zhaohn_HD/2.database/GATK_resource_bundle/resources_broad_hg38_v0_Homo_sapiens_assembly38.dbsnp138.vcf 2>../mpmat/293T-bat_VEGFA-sgRNADel-PD_rep2_hg38.MAPQ20.select.T2G.mpmat.log;         fi
        
[Mon Sep 28 16:50:37 2020]
Finished job 141.
7 of 97 steps (7%) done

[Mon Sep 28 16:50:37 2020]
rule pmat_merge:
    input: ../mpileup_pmat_bmat/293T-bat_VEGFA-sgRNADel-PD_rep2_hg38.MAPQ20.select.T.pmat
    output: ../mpmat/293T-bat_VEGFA-sgRNADel-PD_rep2_hg38.MAPQ20.select.T2C.mpmat
    log: ../mpmat/293T-bat_VEGFA-sgRNADel-PD_rep2_hg38.MAPQ20.select.T2C.mpmat.log
    jobid: 155
    reason: Missing output files: ../mpmat/293T-bat_VEGFA-sgRNADel-PD_rep2_hg38.MAPQ20.select.T2C.mpmat
    wildcards: sample=VEGFA-sgRNADel-PD, rep=rep2, from_base=T, to_base=C


        F="T"
        T="C"

        echo "From base to base：FB=$F,TB=$T"
        if [ "$F" = "$T" ];then
        echo "From base == To base, skip.." >../mpmat/293T-bat_VEGFA-sgRNADel-PD_rep2_hg38.MAPQ20.select.T2C.mpmat.log
        touch ../mpmat/293T-bat_VEGFA-sgRNADel-PD_rep2_hg38.MAPQ20.select.T2C.mpmat
        else
        /home/zhaohuanan/miniconda3/envs/snakepipes_detect-seq_fastq_bam_plot/bin/python ./program/pmat-merge-V04.py             -f T             -t C             -r /home/zhaohuanan/zhaohn_HD/2.database/fasta_hg38/hg38_only_chromosome.fa             --OutHeader False             -i ../mpileup_pmat_bmat/293T-bat_VEGFA-sgRNADel-PD_rep2_hg38.MAPQ20.select.T.pmat             -o ../mpmat/293T-bat_VEGFA-sgRNADel-PD_rep2_hg38.MAPQ20.select.T2C.mpmat             -d 50 -D 100 --NoMutNumCutoff 2 --OmitTandemNumCutoff 2 --SNP /home/zhaohuanan/zhaohn_HD/2.database/GATK_resource_bundle/resources_broad_hg38_v0_Homo_sapiens_assembly38.dbsnp138.vcf 2>../mpmat/293T-bat_VEGFA-sgRNADel-PD_rep2_hg38.MAPQ20.select.T2C.mpmat.log;         fi
        

[Mon Sep 28 16:50:37 2020]
rule pmat_merge:
    input: ../mpileup_pmat_bmat/293T-bat_VEGFA-sgRNADel-PD_rep2_hg38.MAPQ20.select.T.pmat
    output: ../mpmat/293T-bat_VEGFA-sgRNADel-PD_rep2_hg38.MAPQ20.select.T2T.mpmat
    log: ../mpmat/293T-bat_VEGFA-sgRNADel-PD_rep2_hg38.MAPQ20.select.T2T.mpmat.log
    jobid: 156
    reason: Missing output files: ../mpmat/293T-bat_VEGFA-sgRNADel-PD_rep2_hg38.MAPQ20.select.T2T.mpmat
    wildcards: sample=VEGFA-sgRNADel-PD, rep=rep2, from_base=T, to_base=T


        F="T"
        T="T"

        echo "From base to base：FB=$F,TB=$T"
        if [ "$F" = "$T" ];then
        echo "From base == To base, skip.." >../mpmat/293T-bat_VEGFA-sgRNADel-PD_rep2_hg38.MAPQ20.select.T2T.mpmat.log
        touch ../mpmat/293T-bat_VEGFA-sgRNADel-PD_rep2_hg38.MAPQ20.select.T2T.mpmat
        else
        /home/zhaohuanan/miniconda3/envs/snakepipes_detect-seq_fastq_bam_plot/bin/python ./program/pmat-merge-V04.py             -f T             -t T             -r /home/zhaohuanan/zhaohn_HD/2.database/fasta_hg38/hg38_only_chromosome.fa             --OutHeader False             -i ../mpileup_pmat_bmat/293T-bat_VEGFA-sgRNADel-PD_rep2_hg38.MAPQ20.select.T.pmat             -o ../mpmat/293T-bat_VEGFA-sgRNADel-PD_rep2_hg38.MAPQ20.select.T2T.mpmat             -d 50 -D 100 --NoMutNumCutoff 2 --OmitTandemNumCutoff 2 --SNP /home/zhaohuanan/zhaohn_HD/2.database/GATK_resource_bundle/resources_broad_hg38_v0_Homo_sapiens_assembly38.dbsnp138.vcf 2>../mpmat/293T-bat_VEGFA-sgRNADel-PD_rep2_hg38.MAPQ20.select.T2T.mpmat.log;         fi
        

[Mon Sep 28 16:50:37 2020]
rule pmat_merge:
    input: ../mpileup_pmat_bmat/293T-bat_VEGFA-sgRNADel-PD_rep2_hg38.MAPQ20.select.A.pmat
    output: ../mpmat/293T-bat_VEGFA-sgRNADel-PD_rep2_hg38.MAPQ20.select.A2C.mpmat
    log: ../mpmat/293T-bat_VEGFA-sgRNADel-PD_rep2_hg38.MAPQ20.select.A2C.mpmat.log
    jobid: 143
    reason: Missing output files: ../mpmat/293T-bat_VEGFA-sgRNADel-PD_rep2_hg38.MAPQ20.select.A2C.mpmat
    wildcards: sample=VEGFA-sgRNADel-PD, rep=rep2, from_base=A, to_base=C


        F="A"
        T="C"

        echo "From base to base：FB=$F,TB=$T"
        if [ "$F" = "$T" ];then
        echo "From base == To base, skip.." >../mpmat/293T-bat_VEGFA-sgRNADel-PD_rep2_hg38.MAPQ20.select.A2C.mpmat.log
        touch ../mpmat/293T-bat_VEGFA-sgRNADel-PD_rep2_hg38.MAPQ20.select.A2C.mpmat
        else
        /home/zhaohuanan/miniconda3/envs/snakepipes_detect-seq_fastq_bam_plot/bin/python ./program/pmat-merge-V04.py             -f A             -t C             -r /home/zhaohuanan/zhaohn_HD/2.database/fasta_hg38/hg38_only_chromosome.fa             --OutHeader False             -i ../mpileup_pmat_bmat/293T-bat_VEGFA-sgRNADel-PD_rep2_hg38.MAPQ20.select.A.pmat             -o ../mpmat/293T-bat_VEGFA-sgRNADel-PD_rep2_hg38.MAPQ20.select.A2C.mpmat             -d 50 -D 100 --NoMutNumCutoff 2 --OmitTandemNumCutoff 2 --SNP /home/zhaohuanan/zhaohn_HD/2.database/GATK_resource_bundle/resources_broad_hg38_v0_Homo_sapiens_assembly38.dbsnp138.vcf 2>../mpmat/293T-bat_VEGFA-sgRNADel-PD_rep2_hg38.MAPQ20.select.A2C.mpmat.log;         fi
        
[Mon Sep 28 16:50:37 2020]
Finished job 156.
8 of 97 steps (8%) done

[Mon Sep 28 16:50:37 2020]
rule pmat_merge:
    input: ../mpileup_pmat_bmat/293T-bat_VEGFA-sgRNADel-PD_rep2_hg38.MAPQ20.select.A.pmat
    output: ../mpmat/293T-bat_VEGFA-sgRNADel-PD_rep2_hg38.MAPQ20.select.A2T.mpmat
    log: ../mpmat/293T-bat_VEGFA-sgRNADel-PD_rep2_hg38.MAPQ20.select.A2T.mpmat.log
    jobid: 144
    reason: Missing output files: ../mpmat/293T-bat_VEGFA-sgRNADel-PD_rep2_hg38.MAPQ20.select.A2T.mpmat
    wildcards: sample=VEGFA-sgRNADel-PD, rep=rep2, from_base=A, to_base=T


        F="A"
        T="T"

        echo "From base to base：FB=$F,TB=$T"
        if [ "$F" = "$T" ];then
        echo "From base == To base, skip.." >../mpmat/293T-bat_VEGFA-sgRNADel-PD_rep2_hg38.MAPQ20.select.A2T.mpmat.log
        touch ../mpmat/293T-bat_VEGFA-sgRNADel-PD_rep2_hg38.MAPQ20.select.A2T.mpmat
        else
        /home/zhaohuanan/miniconda3/envs/snakepipes_detect-seq_fastq_bam_plot/bin/python ./program/pmat-merge-V04.py             -f A             -t T             -r /home/zhaohuanan/zhaohn_HD/2.database/fasta_hg38/hg38_only_chromosome.fa             --OutHeader False             -i ../mpileup_pmat_bmat/293T-bat_VEGFA-sgRNADel-PD_rep2_hg38.MAPQ20.select.A.pmat             -o ../mpmat/293T-bat_VEGFA-sgRNADel-PD_rep2_hg38.MAPQ20.select.A2T.mpmat             -d 50 -D 100 --NoMutNumCutoff 2 --OmitTandemNumCutoff 2 --SNP /home/zhaohuanan/zhaohn_HD/2.database/GATK_resource_bundle/resources_broad_hg38_v0_Homo_sapiens_assembly38.dbsnp138.vcf 2>../mpmat/293T-bat_VEGFA-sgRNADel-PD_rep2_hg38.MAPQ20.select.A2T.mpmat.log;         fi
        
