Building DAG of jobs...
Using shell: /usr/bin/bash
Provided cores: 24
Rules claiming more threads will be scaled down.
Job counts:
	count	jobs
	1	all
	4	del_first_row_of_table
	4	intersect_select_mpmat
	4	poisson_test
	4	sgRNA_alignment
	17

[Thu Oct  1 16:50:41 2020]
rule poisson_test:
    input: ../mpmat_merge/293T-bat_VEGFA-All-PD_rep2_hg38.filtered.C2T_merge_G2A.sort.mpmat, ../bam/293T-bat_VEGFA-Vector-PD_rep2_hg38.MAPQ20.bam, ../bam/293T-bat_VEGFA-All-PD_rep2_hg38.MAPQ20.bam, ../json/293T-bat_VEGFA-Vector-PD_rep2_hg38.MAPQ20.background.json, ../json/293T-bat_VEGFA-All-PD_rep2_hg38.MAPQ20.background.json
    output: ../table/detect_seq.StatsTest.table_CTRL-VEGFA-Vector-PD_TREAT-VEGFA-All-PD_rep2.filtered.C2T_merge_G2A.tsv
    log: ../table/detect_seq.StatsTest.table_CTRL-VEGFA-Vector-PD_TREAT-VEGFA-All-PD_rep2.filtered.C2T_merge_G2A.tsv.log
    jobid: 2
    reason: Missing output files: ../table/detect_seq.StatsTest.table_CTRL-VEGFA-Vector-PD_TREAT-VEGFA-All-PD_rep2.filtered.C2T_merge_G2A.tsv
    wildcards: ctrl=VEGFA-Vector-PD, treat=VEGFA-All-PD, rep=rep2, a=C, b=T, c=G, d=A


        /home/zhaohuanan/miniconda3/envs/snakepipes_detect-seq_fastq_bam_plot/bin/python ./program/find-significant-mpmat-V02.py         -i ../mpmat_merge/293T-bat_VEGFA-All-PD_rep2_hg38.filtered.C2T_merge_G2A.sort.mpmat         -c ../bam/293T-bat_VEGFA-Vector-PD_rep2_hg38.MAPQ20.bam         -t ../bam/293T-bat_VEGFA-All-PD_rep2_hg38.MAPQ20.bam         -r /home/zhaohuanan/zhaohn_HD/2.database/fasta_hg38/hg38_only_chromosome.fa         -m ../json/293T-bat_VEGFA-Vector-PD_rep2_hg38.MAPQ20.background.json         -n ../json/293T-bat_VEGFA-All-PD_rep2_hg38.MAPQ20.background.json         -g ./lib/hg38.json         -o ../table/detect_seq.StatsTest.table_CTRL-VEGFA-Vector-PD_TREAT-VEGFA-All-PD_rep2.filtered.C2T_merge_G2A.tsv         --region_mutation_min_cutoff 2         --query_mutation_type CT,GA         --query_mutation_min_cutoff 2         --query_mutation_max_cutoff 18         --other_mutation_max_cutoff 12         --total_mutation_max_cutoff 26 >../table/detect_seq.StatsTest.table_CTRL-VEGFA-Vector-PD_TREAT-VEGFA-All-PD_rep2.filtered.C2T_merge_G2A.tsv.log 2>&1
        

[Thu Oct  1 16:50:41 2020]
rule poisson_test:
    input: ../mpmat_merge/293T-bat_VEGFA-sgRNADel-PD_rep1_hg38.filtered.C2T_merge_G2A.sort.mpmat, ../bam/293T-bat_VEGFA-Vector-PD_rep1_hg38.MAPQ20.bam, ../bam/293T-bat_VEGFA-sgRNADel-PD_rep1_hg38.MAPQ20.bam, ../json/293T-bat_VEGFA-Vector-PD_rep1_hg38.MAPQ20.background.json, ../json/293T-bat_VEGFA-sgRNADel-PD_rep1_hg38.MAPQ20.background.json
    output: ../table/detect_seq.StatsTest.table_CTRL-VEGFA-Vector-PD_TREAT-VEGFA-sgRNADel-PD_rep1.filtered.C2T_merge_G2A.tsv
    log: ../table/detect_seq.StatsTest.table_CTRL-VEGFA-Vector-PD_TREAT-VEGFA-sgRNADel-PD_rep1.filtered.C2T_merge_G2A.tsv.log
    jobid: 3
    reason: Missing output files: ../table/detect_seq.StatsTest.table_CTRL-VEGFA-Vector-PD_TREAT-VEGFA-sgRNADel-PD_rep1.filtered.C2T_merge_G2A.tsv
    wildcards: ctrl=VEGFA-Vector-PD, treat=VEGFA-sgRNADel-PD, rep=rep1, a=C, b=T, c=G, d=A


        /home/zhaohuanan/miniconda3/envs/snakepipes_detect-seq_fastq_bam_plot/bin/python ./program/find-significant-mpmat-V02.py         -i ../mpmat_merge/293T-bat_VEGFA-sgRNADel-PD_rep1_hg38.filtered.C2T_merge_G2A.sort.mpmat         -c ../bam/293T-bat_VEGFA-Vector-PD_rep1_hg38.MAPQ20.bam         -t ../bam/293T-bat_VEGFA-sgRNADel-PD_rep1_hg38.MAPQ20.bam         -r /home/zhaohuanan/zhaohn_HD/2.database/fasta_hg38/hg38_only_chromosome.fa         -m ../json/293T-bat_VEGFA-Vector-PD_rep1_hg38.MAPQ20.background.json         -n ../json/293T-bat_VEGFA-sgRNADel-PD_rep1_hg38.MAPQ20.background.json         -g ./lib/hg38.json         -o ../table/detect_seq.StatsTest.table_CTRL-VEGFA-Vector-PD_TREAT-VEGFA-sgRNADel-PD_rep1.filtered.C2T_merge_G2A.tsv         --region_mutation_min_cutoff 2         --query_mutation_type CT,GA         --query_mutation_min_cutoff 2         --query_mutation_max_cutoff 18         --other_mutation_max_cutoff 12         --total_mutation_max_cutoff 26 >../table/detect_seq.StatsTest.table_CTRL-VEGFA-Vector-PD_TREAT-VEGFA-sgRNADel-PD_rep1.filtered.C2T_merge_G2A.tsv.log 2>&1
        

[Thu Oct  1 16:50:41 2020]
rule poisson_test:
    input: ../mpmat_merge/293T-bat_VEGFA-sgRNADel-PD_rep2_hg38.filtered.C2T_merge_G2A.sort.mpmat, ../bam/293T-bat_VEGFA-Vector-PD_rep2_hg38.MAPQ20.bam, ../bam/293T-bat_VEGFA-sgRNADel-PD_rep2_hg38.MAPQ20.bam, ../json/293T-bat_VEGFA-Vector-PD_rep2_hg38.MAPQ20.background.json, ../json/293T-bat_VEGFA-sgRNADel-PD_rep2_hg38.MAPQ20.background.json
    output: ../table/detect_seq.StatsTest.table_CTRL-VEGFA-Vector-PD_TREAT-VEGFA-sgRNADel-PD_rep2.filtered.C2T_merge_G2A.tsv
    log: ../table/detect_seq.StatsTest.table_CTRL-VEGFA-Vector-PD_TREAT-VEGFA-sgRNADel-PD_rep2.filtered.C2T_merge_G2A.tsv.log
    jobid: 4
    reason: Missing output files: ../table/detect_seq.StatsTest.table_CTRL-VEGFA-Vector-PD_TREAT-VEGFA-sgRNADel-PD_rep2.filtered.C2T_merge_G2A.tsv
    wildcards: ctrl=VEGFA-Vector-PD, treat=VEGFA-sgRNADel-PD, rep=rep2, a=C, b=T, c=G, d=A


        /home/zhaohuanan/miniconda3/envs/snakepipes_detect-seq_fastq_bam_plot/bin/python ./program/find-significant-mpmat-V02.py         -i ../mpmat_merge/293T-bat_VEGFA-sgRNADel-PD_rep2_hg38.filtered.C2T_merge_G2A.sort.mpmat         -c ../bam/293T-bat_VEGFA-Vector-PD_rep2_hg38.MAPQ20.bam         -t ../bam/293T-bat_VEGFA-sgRNADel-PD_rep2_hg38.MAPQ20.bam         -r /home/zhaohuanan/zhaohn_HD/2.database/fasta_hg38/hg38_only_chromosome.fa         -m ../json/293T-bat_VEGFA-Vector-PD_rep2_hg38.MAPQ20.background.json         -n ../json/293T-bat_VEGFA-sgRNADel-PD_rep2_hg38.MAPQ20.background.json         -g ./lib/hg38.json         -o ../table/detect_seq.StatsTest.table_CTRL-VEGFA-Vector-PD_TREAT-VEGFA-sgRNADel-PD_rep2.filtered.C2T_merge_G2A.tsv         --region_mutation_min_cutoff 2         --query_mutation_type CT,GA         --query_mutation_min_cutoff 2         --query_mutation_max_cutoff 18         --other_mutation_max_cutoff 12         --total_mutation_max_cutoff 26 >../table/detect_seq.StatsTest.table_CTRL-VEGFA-Vector-PD_TREAT-VEGFA-sgRNADel-PD_rep2.filtered.C2T_merge_G2A.tsv.log 2>&1
        

[Thu Oct  1 16:50:41 2020]
rule poisson_test:
    input: ../mpmat_merge/293T-bat_VEGFA-All-PD_rep1_hg38.filtered.C2T_merge_G2A.sort.mpmat, ../bam/293T-bat_VEGFA-Vector-PD_rep1_hg38.MAPQ20.bam, ../bam/293T-bat_VEGFA-All-PD_rep1_hg38.MAPQ20.bam, ../json/293T-bat_VEGFA-Vector-PD_rep1_hg38.MAPQ20.background.json, ../json/293T-bat_VEGFA-All-PD_rep1_hg38.MAPQ20.background.json
    output: ../table/detect_seq.StatsTest.table_CTRL-VEGFA-Vector-PD_TREAT-VEGFA-All-PD_rep1.filtered.C2T_merge_G2A.tsv
    log: ../table/detect_seq.StatsTest.table_CTRL-VEGFA-Vector-PD_TREAT-VEGFA-All-PD_rep1.filtered.C2T_merge_G2A.tsv.log
    jobid: 1
    reason: Missing output files: ../table/detect_seq.StatsTest.table_CTRL-VEGFA-Vector-PD_TREAT-VEGFA-All-PD_rep1.filtered.C2T_merge_G2A.tsv
    wildcards: ctrl=VEGFA-Vector-PD, treat=VEGFA-All-PD, rep=rep1, a=C, b=T, c=G, d=A


        /home/zhaohuanan/miniconda3/envs/snakepipes_detect-seq_fastq_bam_plot/bin/python ./program/find-significant-mpmat-V02.py         -i ../mpmat_merge/293T-bat_VEGFA-All-PD_rep1_hg38.filtered.C2T_merge_G2A.sort.mpmat         -c ../bam/293T-bat_VEGFA-Vector-PD_rep1_hg38.MAPQ20.bam         -t ../bam/293T-bat_VEGFA-All-PD_rep1_hg38.MAPQ20.bam         -r /home/zhaohuanan/zhaohn_HD/2.database/fasta_hg38/hg38_only_chromosome.fa         -m ../json/293T-bat_VEGFA-Vector-PD_rep1_hg38.MAPQ20.background.json         -n ../json/293T-bat_VEGFA-All-PD_rep1_hg38.MAPQ20.background.json         -g ./lib/hg38.json         -o ../table/detect_seq.StatsTest.table_CTRL-VEGFA-Vector-PD_TREAT-VEGFA-All-PD_rep1.filtered.C2T_merge_G2A.tsv         --region_mutation_min_cutoff 2         --query_mutation_type CT,GA         --query_mutation_min_cutoff 2         --query_mutation_max_cutoff 18         --other_mutation_max_cutoff 12         --total_mutation_max_cutoff 26 >../table/detect_seq.StatsTest.table_CTRL-VEGFA-Vector-PD_TREAT-VEGFA-All-PD_rep1.filtered.C2T_merge_G2A.tsv.log 2>&1
        
[Thu Oct  1 16:52:01 2020]
Finished job 4.
1 of 17 steps (6%) done

[Thu Oct  1 16:52:01 2020]
rule del_first_row_of_table:
    input: ../table/detect_seq.StatsTest.table_CTRL-VEGFA-Vector-PD_TREAT-VEGFA-sgRNADel-PD_rep2.filtered.C2T_merge_G2A.tsv
    output: ../table/detect_seq.StatsTest.table_CTRL-VEGFA-Vector-PD_TREAT-VEGFA-sgRNADel-PD_rep2.filtered.C2T_merge_G2A_noHeader.tsv
    jobid: 8
    reason: Missing output files: ../table/detect_seq.StatsTest.table_CTRL-VEGFA-Vector-PD_TREAT-VEGFA-sgRNADel-PD_rep2.filtered.C2T_merge_G2A_noHeader.tsv; Input files updated by another job: ../table/detect_seq.StatsTest.table_CTRL-VEGFA-Vector-PD_TREAT-VEGFA-sgRNADel-PD_rep2.filtered.C2T_merge_G2A.tsv
    wildcards: ctrl=VEGFA-Vector-PD, treat=VEGFA-sgRNADel-PD, rep=rep2, a=C, b=T, c=G, d=A


        sed '1d' ../table/detect_seq.StatsTest.table_CTRL-VEGFA-Vector-PD_TREAT-VEGFA-sgRNADel-PD_rep2.filtered.C2T_merge_G2A.tsv > ../table/detect_seq.StatsTest.table_CTRL-VEGFA-Vector-PD_TREAT-VEGFA-sgRNADel-PD_rep2.filtered.C2T_merge_G2A_noHeader.tsv
        
[Thu Oct  1 16:52:01 2020]
Finished job 8.
2 of 17 steps (12%) done

[Thu Oct  1 16:52:01 2020]
rule intersect_select_mpmat:
    input: ../mpmat_merge/293T-bat_VEGFA-sgRNADel-PD_rep2_hg38.filtered.C2T_merge_G2A.sort.mpmat, ../table/detect_seq.StatsTest.table_CTRL-VEGFA-Vector-PD_TREAT-VEGFA-sgRNADel-PD_rep2.filtered.C2T_merge_G2A_noHeader.tsv
    output: ../mpmat_merge_Sign/293T-bat_TREAT-VEGFA-sgRNADel-PD_CTRL-VEGFA-Vector-PD_rep2_hg38.filtered.C2T_merge_G2A.sort.Sign_poisson.mpmat
    jobid: 12
    reason: Missing output files: ../mpmat_merge_Sign/293T-bat_TREAT-VEGFA-sgRNADel-PD_CTRL-VEGFA-Vector-PD_rep2_hg38.filtered.C2T_merge_G2A.sort.Sign_poisson.mpmat; Input files updated by another job: ../table/detect_seq.StatsTest.table_CTRL-VEGFA-Vector-PD_TREAT-VEGFA-sgRNADel-PD_rep2.filtered.C2T_merge_G2A_noHeader.tsv
    wildcards: treat=VEGFA-sgRNADel-PD, ctrl=VEGFA-Vector-PD, rep=rep2, a=C, b=T, c=G, d=A


        /home/zhaohuanan/miniconda3/envs/snakepipes_detect-seq_fastq_bam_plot/bin/bedtools intersect         -a ../mpmat_merge/293T-bat_VEGFA-sgRNADel-PD_rep2_hg38.filtered.C2T_merge_G2A.sort.mpmat         -b ../table/detect_seq.StatsTest.table_CTRL-VEGFA-Vector-PD_TREAT-VEGFA-sgRNADel-PD_rep2.filtered.C2T_merge_G2A_noHeader.tsv         -wa > ../mpmat_merge_Sign/293T-bat_TREAT-VEGFA-sgRNADel-PD_CTRL-VEGFA-Vector-PD_rep2_hg38.filtered.C2T_merge_G2A.sort.Sign_poisson.mpmat
        
[Thu Oct  1 16:52:01 2020]
Finished job 12.
3 of 17 steps (18%) done

[Thu Oct  1 16:52:01 2020]
rule sgRNA_alignment:
    input: ../mpmat_merge_Sign/293T-bat_TREAT-VEGFA-sgRNADel-PD_CTRL-VEGFA-Vector-PD_rep2_hg38.filtered.C2T_merge_G2A.sort.Sign_poisson.mpmat
    output: ../mpmat_merge_Sign/293T-bat_TREAT-VEGFA-sgRNADel-PD_CTRL-VEGFA-Vector-PD_rep2_hg38.filtered.C2T_merge_G2A.sort.Sign_poisson.art
    jobid: 16
    reason: Missing output files: ../mpmat_merge_Sign/293T-bat_TREAT-VEGFA-sgRNADel-PD_CTRL-VEGFA-Vector-PD_rep2_hg38.filtered.C2T_merge_G2A.sort.Sign_poisson.art; Input files updated by another job: ../mpmat_merge_Sign/293T-bat_TREAT-VEGFA-sgRNADel-PD_CTRL-VEGFA-Vector-PD_rep2_hg38.filtered.C2T_merge_G2A.sort.Sign_poisson.mpmat
    wildcards: treat=VEGFA-sgRNADel-PD, ctrl=VEGFA-Vector-PD, rep=rep2, a=C, b=T, c=G, d=A


        /home/zhaohuanan/miniconda3/envs/snakepipes_detect-seq_fastq_bam_plot/bin/python ./program/mpmat-to-art-V03-zhn.py         -i ../mpmat_merge_Sign/293T-bat_TREAT-VEGFA-sgRNADel-PD_CTRL-VEGFA-Vector-PD_rep2_hg38.filtered.C2T_merge_G2A.sort.Sign_poisson.mpmat         -r /home/zhaohuanan/zhaohn_HD/2.database/fasta_hg38/hg38_only_chromosome.fa         --sgRNA GACCCCCTCCACCCCGCCTCCGG > ../mpmat_merge_Sign/293T-bat_TREAT-VEGFA-sgRNADel-PD_CTRL-VEGFA-Vector-PD_rep2_hg38.filtered.C2T_merge_G2A.sort.Sign_poisson.art
        
[Thu Oct  1 16:52:04 2020]
Finished job 3.
4 of 17 steps (24%) done

[Thu Oct  1 16:52:04 2020]
rule del_first_row_of_table:
    input: ../table/detect_seq.StatsTest.table_CTRL-VEGFA-Vector-PD_TREAT-VEGFA-sgRNADel-PD_rep1.filtered.C2T_merge_G2A.tsv
    output: ../table/detect_seq.StatsTest.table_CTRL-VEGFA-Vector-PD_TREAT-VEGFA-sgRNADel-PD_rep1.filtered.C2T_merge_G2A_noHeader.tsv
    jobid: 7
    reason: Missing output files: ../table/detect_seq.StatsTest.table_CTRL-VEGFA-Vector-PD_TREAT-VEGFA-sgRNADel-PD_rep1.filtered.C2T_merge_G2A_noHeader.tsv; Input files updated by another job: ../table/detect_seq.StatsTest.table_CTRL-VEGFA-Vector-PD_TREAT-VEGFA-sgRNADel-PD_rep1.filtered.C2T_merge_G2A.tsv
    wildcards: ctrl=VEGFA-Vector-PD, treat=VEGFA-sgRNADel-PD, rep=rep1, a=C, b=T, c=G, d=A


        sed '1d' ../table/detect_seq.StatsTest.table_CTRL-VEGFA-Vector-PD_TREAT-VEGFA-sgRNADel-PD_rep1.filtered.C2T_merge_G2A.tsv > ../table/detect_seq.StatsTest.table_CTRL-VEGFA-Vector-PD_TREAT-VEGFA-sgRNADel-PD_rep1.filtered.C2T_merge_G2A_noHeader.tsv
        
[Thu Oct  1 16:52:04 2020]
Finished job 7.
5 of 17 steps (29%) done

[Thu Oct  1 16:52:04 2020]
rule intersect_select_mpmat:
    input: ../mpmat_merge/293T-bat_VEGFA-sgRNADel-PD_rep1_hg38.filtered.C2T_merge_G2A.sort.mpmat, ../table/detect_seq.StatsTest.table_CTRL-VEGFA-Vector-PD_TREAT-VEGFA-sgRNADel-PD_rep1.filtered.C2T_merge_G2A_noHeader.tsv
    output: ../mpmat_merge_Sign/293T-bat_TREAT-VEGFA-sgRNADel-PD_CTRL-VEGFA-Vector-PD_rep1_hg38.filtered.C2T_merge_G2A.sort.Sign_poisson.mpmat
    jobid: 11
    reason: Missing output files: ../mpmat_merge_Sign/293T-bat_TREAT-VEGFA-sgRNADel-PD_CTRL-VEGFA-Vector-PD_rep1_hg38.filtered.C2T_merge_G2A.sort.Sign_poisson.mpmat; Input files updated by another job: ../table/detect_seq.StatsTest.table_CTRL-VEGFA-Vector-PD_TREAT-VEGFA-sgRNADel-PD_rep1.filtered.C2T_merge_G2A_noHeader.tsv
    wildcards: treat=VEGFA-sgRNADel-PD, ctrl=VEGFA-Vector-PD, rep=rep1, a=C, b=T, c=G, d=A


        /home/zhaohuanan/miniconda3/envs/snakepipes_detect-seq_fastq_bam_plot/bin/bedtools intersect         -a ../mpmat_merge/293T-bat_VEGFA-sgRNADel-PD_rep1_hg38.filtered.C2T_merge_G2A.sort.mpmat         -b ../table/detect_seq.StatsTest.table_CTRL-VEGFA-Vector-PD_TREAT-VEGFA-sgRNADel-PD_rep1.filtered.C2T_merge_G2A_noHeader.tsv         -wa > ../mpmat_merge_Sign/293T-bat_TREAT-VEGFA-sgRNADel-PD_CTRL-VEGFA-Vector-PD_rep1_hg38.filtered.C2T_merge_G2A.sort.Sign_poisson.mpmat
        
[Thu Oct  1 16:52:05 2020]
Finished job 11.
6 of 17 steps (35%) done

[Thu Oct  1 16:52:05 2020]
rule sgRNA_alignment:
    input: ../mpmat_merge_Sign/293T-bat_TREAT-VEGFA-sgRNADel-PD_CTRL-VEGFA-Vector-PD_rep1_hg38.filtered.C2T_merge_G2A.sort.Sign_poisson.mpmat
    output: ../mpmat_merge_Sign/293T-bat_TREAT-VEGFA-sgRNADel-PD_CTRL-VEGFA-Vector-PD_rep1_hg38.filtered.C2T_merge_G2A.sort.Sign_poisson.art
    jobid: 15
    reason: Missing output files: ../mpmat_merge_Sign/293T-bat_TREAT-VEGFA-sgRNADel-PD_CTRL-VEGFA-Vector-PD_rep1_hg38.filtered.C2T_merge_G2A.sort.Sign_poisson.art; Input files updated by another job: ../mpmat_merge_Sign/293T-bat_TREAT-VEGFA-sgRNADel-PD_CTRL-VEGFA-Vector-PD_rep1_hg38.filtered.C2T_merge_G2A.sort.Sign_poisson.mpmat
    wildcards: treat=VEGFA-sgRNADel-PD, ctrl=VEGFA-Vector-PD, rep=rep1, a=C, b=T, c=G, d=A


        /home/zhaohuanan/miniconda3/envs/snakepipes_detect-seq_fastq_bam_plot/bin/python ./program/mpmat-to-art-V03-zhn.py         -i ../mpmat_merge_Sign/293T-bat_TREAT-VEGFA-sgRNADel-PD_CTRL-VEGFA-Vector-PD_rep1_hg38.filtered.C2T_merge_G2A.sort.Sign_poisson.mpmat         -r /home/zhaohuanan/zhaohn_HD/2.database/fasta_hg38/hg38_only_chromosome.fa         --sgRNA GACCCCCTCCACCCCGCCTCCGG > ../mpmat_merge_Sign/293T-bat_TREAT-VEGFA-sgRNADel-PD_CTRL-VEGFA-Vector-PD_rep1_hg38.filtered.C2T_merge_G2A.sort.Sign_poisson.art
        
[Thu Oct  1 16:52:06 2020]
Finished job 2.
7 of 17 steps (41%) done

[Thu Oct  1 16:52:06 2020]
rule del_first_row_of_table:
    input: ../table/detect_seq.StatsTest.table_CTRL-VEGFA-Vector-PD_TREAT-VEGFA-All-PD_rep2.filtered.C2T_merge_G2A.tsv
    output: ../table/detect_seq.StatsTest.table_CTRL-VEGFA-Vector-PD_TREAT-VEGFA-All-PD_rep2.filtered.C2T_merge_G2A_noHeader.tsv
    jobid: 6
    reason: Missing output files: ../table/detect_seq.StatsTest.table_CTRL-VEGFA-Vector-PD_TREAT-VEGFA-All-PD_rep2.filtered.C2T_merge_G2A_noHeader.tsv; Input files updated by another job: ../table/detect_seq.StatsTest.table_CTRL-VEGFA-Vector-PD_TREAT-VEGFA-All-PD_rep2.filtered.C2T_merge_G2A.tsv
    wildcards: ctrl=VEGFA-Vector-PD, treat=VEGFA-All-PD, rep=rep2, a=C, b=T, c=G, d=A


        sed '1d' ../table/detect_seq.StatsTest.table_CTRL-VEGFA-Vector-PD_TREAT-VEGFA-All-PD_rep2.filtered.C2T_merge_G2A.tsv > ../table/detect_seq.StatsTest.table_CTRL-VEGFA-Vector-PD_TREAT-VEGFA-All-PD_rep2.filtered.C2T_merge_G2A_noHeader.tsv
        
[Thu Oct  1 16:52:06 2020]
Finished job 6.
8 of 17 steps (47%) done

[Thu Oct  1 16:52:06 2020]
rule intersect_select_mpmat:
    input: ../mpmat_merge/293T-bat_VEGFA-All-PD_rep2_hg38.filtered.C2T_merge_G2A.sort.mpmat, ../table/detect_seq.StatsTest.table_CTRL-VEGFA-Vector-PD_TREAT-VEGFA-All-PD_rep2.filtered.C2T_merge_G2A_noHeader.tsv
    output: ../mpmat_merge_Sign/293T-bat_TREAT-VEGFA-All-PD_CTRL-VEGFA-Vector-PD_rep2_hg38.filtered.C2T_merge_G2A.sort.Sign_poisson.mpmat
    jobid: 10
    reason: Missing output files: ../mpmat_merge_Sign/293T-bat_TREAT-VEGFA-All-PD_CTRL-VEGFA-Vector-PD_rep2_hg38.filtered.C2T_merge_G2A.sort.Sign_poisson.mpmat; Input files updated by another job: ../table/detect_seq.StatsTest.table_CTRL-VEGFA-Vector-PD_TREAT-VEGFA-All-PD_rep2.filtered.C2T_merge_G2A_noHeader.tsv
    wildcards: treat=VEGFA-All-PD, ctrl=VEGFA-Vector-PD, rep=rep2, a=C, b=T, c=G, d=A


        /home/zhaohuanan/miniconda3/envs/snakepipes_detect-seq_fastq_bam_plot/bin/bedtools intersect         -a ../mpmat_merge/293T-bat_VEGFA-All-PD_rep2_hg38.filtered.C2T_merge_G2A.sort.mpmat         -b ../table/detect_seq.StatsTest.table_CTRL-VEGFA-Vector-PD_TREAT-VEGFA-All-PD_rep2.filtered.C2T_merge_G2A_noHeader.tsv         -wa > ../mpmat_merge_Sign/293T-bat_TREAT-VEGFA-All-PD_CTRL-VEGFA-Vector-PD_rep2_hg38.filtered.C2T_merge_G2A.sort.Sign_poisson.mpmat
        
[Thu Oct  1 16:52:06 2020]
Finished job 10.
9 of 17 steps (53%) done

[Thu Oct  1 16:52:06 2020]
rule sgRNA_alignment:
    input: ../mpmat_merge_Sign/293T-bat_TREAT-VEGFA-All-PD_CTRL-VEGFA-Vector-PD_rep2_hg38.filtered.C2T_merge_G2A.sort.Sign_poisson.mpmat
    output: ../mpmat_merge_Sign/293T-bat_TREAT-VEGFA-All-PD_CTRL-VEGFA-Vector-PD_rep2_hg38.filtered.C2T_merge_G2A.sort.Sign_poisson.art
    jobid: 14
    reason: Missing output files: ../mpmat_merge_Sign/293T-bat_TREAT-VEGFA-All-PD_CTRL-VEGFA-Vector-PD_rep2_hg38.filtered.C2T_merge_G2A.sort.Sign_poisson.art; Input files updated by another job: ../mpmat_merge_Sign/293T-bat_TREAT-VEGFA-All-PD_CTRL-VEGFA-Vector-PD_rep2_hg38.filtered.C2T_merge_G2A.sort.Sign_poisson.mpmat
    wildcards: treat=VEGFA-All-PD, ctrl=VEGFA-Vector-PD, rep=rep2, a=C, b=T, c=G, d=A


        /home/zhaohuanan/miniconda3/envs/snakepipes_detect-seq_fastq_bam_plot/bin/python ./program/mpmat-to-art-V03-zhn.py         -i ../mpmat_merge_Sign/293T-bat_TREAT-VEGFA-All-PD_CTRL-VEGFA-Vector-PD_rep2_hg38.filtered.C2T_merge_G2A.sort.Sign_poisson.mpmat         -r /home/zhaohuanan/zhaohn_HD/2.database/fasta_hg38/hg38_only_chromosome.fa         --sgRNA GACCCCCTCCACCCCGCCTCCGG > ../mpmat_merge_Sign/293T-bat_TREAT-VEGFA-All-PD_CTRL-VEGFA-Vector-PD_rep2_hg38.filtered.C2T_merge_G2A.sort.Sign_poisson.art
        
[Thu Oct  1 16:52:10 2020]
Finished job 15.
10 of 17 steps (59%) done
[Thu Oct  1 16:52:11 2020]
Finished job 16.
11 of 17 steps (65%) done
[Thu Oct  1 16:52:14 2020]
Finished job 14.
12 of 17 steps (71%) done
[Thu Oct  1 16:52:28 2020]
Finished job 1.
13 of 17 steps (76%) done

[Thu Oct  1 16:52:28 2020]
rule del_first_row_of_table:
    input: ../table/detect_seq.StatsTest.table_CTRL-VEGFA-Vector-PD_TREAT-VEGFA-All-PD_rep1.filtered.C2T_merge_G2A.tsv
    output: ../table/detect_seq.StatsTest.table_CTRL-VEGFA-Vector-PD_TREAT-VEGFA-All-PD_rep1.filtered.C2T_merge_G2A_noHeader.tsv
    jobid: 5
    reason: Missing output files: ../table/detect_seq.StatsTest.table_CTRL-VEGFA-Vector-PD_TREAT-VEGFA-All-PD_rep1.filtered.C2T_merge_G2A_noHeader.tsv; Input files updated by another job: ../table/detect_seq.StatsTest.table_CTRL-VEGFA-Vector-PD_TREAT-VEGFA-All-PD_rep1.filtered.C2T_merge_G2A.tsv
    wildcards: ctrl=VEGFA-Vector-PD, treat=VEGFA-All-PD, rep=rep1, a=C, b=T, c=G, d=A


        sed '1d' ../table/detect_seq.StatsTest.table_CTRL-VEGFA-Vector-PD_TREAT-VEGFA-All-PD_rep1.filtered.C2T_merge_G2A.tsv > ../table/detect_seq.StatsTest.table_CTRL-VEGFA-Vector-PD_TREAT-VEGFA-All-PD_rep1.filtered.C2T_merge_G2A_noHeader.tsv
        
[Thu Oct  1 16:52:28 2020]
Finished job 5.
14 of 17 steps (82%) done

[Thu Oct  1 16:52:28 2020]
rule intersect_select_mpmat:
    input: ../mpmat_merge/293T-bat_VEGFA-All-PD_rep1_hg38.filtered.C2T_merge_G2A.sort.mpmat, ../table/detect_seq.StatsTest.table_CTRL-VEGFA-Vector-PD_TREAT-VEGFA-All-PD_rep1.filtered.C2T_merge_G2A_noHeader.tsv
    output: ../mpmat_merge_Sign/293T-bat_TREAT-VEGFA-All-PD_CTRL-VEGFA-Vector-PD_rep1_hg38.filtered.C2T_merge_G2A.sort.Sign_poisson.mpmat
    jobid: 9
    reason: Missing output files: ../mpmat_merge_Sign/293T-bat_TREAT-VEGFA-All-PD_CTRL-VEGFA-Vector-PD_rep1_hg38.filtered.C2T_merge_G2A.sort.Sign_poisson.mpmat; Input files updated by another job: ../table/detect_seq.StatsTest.table_CTRL-VEGFA-Vector-PD_TREAT-VEGFA-All-PD_rep1.filtered.C2T_merge_G2A_noHeader.tsv
    wildcards: treat=VEGFA-All-PD, ctrl=VEGFA-Vector-PD, rep=rep1, a=C, b=T, c=G, d=A


        /home/zhaohuanan/miniconda3/envs/snakepipes_detect-seq_fastq_bam_plot/bin/bedtools intersect         -a ../mpmat_merge/293T-bat_VEGFA-All-PD_rep1_hg38.filtered.C2T_merge_G2A.sort.mpmat         -b ../table/detect_seq.StatsTest.table_CTRL-VEGFA-Vector-PD_TREAT-VEGFA-All-PD_rep1.filtered.C2T_merge_G2A_noHeader.tsv         -wa > ../mpmat_merge_Sign/293T-bat_TREAT-VEGFA-All-PD_CTRL-VEGFA-Vector-PD_rep1_hg38.filtered.C2T_merge_G2A.sort.Sign_poisson.mpmat
        
[Thu Oct  1 16:52:28 2020]
Finished job 9.
15 of 17 steps (88%) done

[Thu Oct  1 16:52:28 2020]
rule sgRNA_alignment:
    input: ../mpmat_merge_Sign/293T-bat_TREAT-VEGFA-All-PD_CTRL-VEGFA-Vector-PD_rep1_hg38.filtered.C2T_merge_G2A.sort.Sign_poisson.mpmat
    output: ../mpmat_merge_Sign/293T-bat_TREAT-VEGFA-All-PD_CTRL-VEGFA-Vector-PD_rep1_hg38.filtered.C2T_merge_G2A.sort.Sign_poisson.art
    jobid: 13
    reason: Missing output files: ../mpmat_merge_Sign/293T-bat_TREAT-VEGFA-All-PD_CTRL-VEGFA-Vector-PD_rep1_hg38.filtered.C2T_merge_G2A.sort.Sign_poisson.art; Input files updated by another job: ../mpmat_merge_Sign/293T-bat_TREAT-VEGFA-All-PD_CTRL-VEGFA-Vector-PD_rep1_hg38.filtered.C2T_merge_G2A.sort.Sign_poisson.mpmat
    wildcards: treat=VEGFA-All-PD, ctrl=VEGFA-Vector-PD, rep=rep1, a=C, b=T, c=G, d=A


        /home/zhaohuanan/miniconda3/envs/snakepipes_detect-seq_fastq_bam_plot/bin/python ./program/mpmat-to-art-V03-zhn.py         -i ../mpmat_merge_Sign/293T-bat_TREAT-VEGFA-All-PD_CTRL-VEGFA-Vector-PD_rep1_hg38.filtered.C2T_merge_G2A.sort.Sign_poisson.mpmat         -r /home/zhaohuanan/zhaohn_HD/2.database/fasta_hg38/hg38_only_chromosome.fa         --sgRNA GACCCCCTCCACCCCGCCTCCGG > ../mpmat_merge_Sign/293T-bat_TREAT-VEGFA-All-PD_CTRL-VEGFA-Vector-PD_rep1_hg38.filtered.C2T_merge_G2A.sort.Sign_poisson.art
        
[Thu Oct  1 16:52:48 2020]
Finished job 13.
16 of 17 steps (94%) done

[Thu Oct  1 16:52:48 2020]
localrule all:
    input: ../mpmat_merge/293T-bat_VEGFA-All-PD_rep1_hg38.filtered.C2T_merge_G2A.sort.mpmat, ../mpmat_merge/293T-bat_VEGFA-All-PD_rep2_hg38.filtered.C2T_merge_G2A.sort.mpmat, ../mpmat_merge/293T-bat_VEGFA-sgRNADel-PD_rep1_hg38.filtered.C2T_merge_G2A.sort.mpmat, ../mpmat_merge/293T-bat_VEGFA-sgRNADel-PD_rep2_hg38.filtered.C2T_merge_G2A.sort.mpmat, ../bam/293T-bat_VEGFA-Vector-PD_rep1_hg38.MAPQ20.bam, ../bam/293T-bat_VEGFA-Vector-PD_rep2_hg38.MAPQ20.bam, ../bam/293T-bat_VEGFA-All-PD_rep1_hg38.MAPQ20.bam, ../bam/293T-bat_VEGFA-All-PD_rep2_hg38.MAPQ20.bam, ../bam/293T-bat_VEGFA-sgRNADel-PD_rep1_hg38.MAPQ20.bam, ../bam/293T-bat_VEGFA-sgRNADel-PD_rep2_hg38.MAPQ20.bam, ../json/293T-bat_VEGFA-Vector-PD_rep1_hg38.MAPQ20.background.json, ../json/293T-bat_VEGFA-Vector-PD_rep2_hg38.MAPQ20.background.json, ../json/293T-bat_VEGFA-All-PD_rep1_hg38.MAPQ20.background.json, ../json/293T-bat_VEGFA-All-PD_rep2_hg38.MAPQ20.background.json, ../json/293T-bat_VEGFA-sgRNADel-PD_rep1_hg38.MAPQ20.background.json, ../json/293T-bat_VEGFA-sgRNADel-PD_rep2_hg38.MAPQ20.background.json, ../table/detect_seq.StatsTest.table_CTRL-VEGFA-Vector-PD_TREAT-VEGFA-All-PD_rep1.filtered.C2T_merge_G2A.tsv, ../table/detect_seq.StatsTest.table_CTRL-VEGFA-Vector-PD_TREAT-VEGFA-All-PD_rep2.filtered.C2T_merge_G2A.tsv, ../table/detect_seq.StatsTest.table_CTRL-VEGFA-Vector-PD_TREAT-VEGFA-sgRNADel-PD_rep1.filtered.C2T_merge_G2A.tsv, ../table/detect_seq.StatsTest.table_CTRL-VEGFA-Vector-PD_TREAT-VEGFA-sgRNADel-PD_rep2.filtered.C2T_merge_G2A.tsv, ../table/detect_seq.StatsTest.table_CTRL-VEGFA-Vector-PD_TREAT-VEGFA-All-PD_rep1.filtered.C2T_merge_G2A_noHeader.tsv, ../table/detect_seq.StatsTest.table_CTRL-VEGFA-Vector-PD_TREAT-VEGFA-All-PD_rep2.filtered.C2T_merge_G2A_noHeader.tsv, ../table/detect_seq.StatsTest.table_CTRL-VEGFA-Vector-PD_TREAT-VEGFA-sgRNADel-PD_rep1.filtered.C2T_merge_G2A_noHeader.tsv, ../table/detect_seq.StatsTest.table_CTRL-VEGFA-Vector-PD_TREAT-VEGFA-sgRNADel-PD_rep2.filtered.C2T_merge_G2A_noHeader.tsv, ../mpmat_merge_Sign/293T-bat_TREAT-VEGFA-All-PD_CTRL-VEGFA-Vector-PD_rep1_hg38.filtered.C2T_merge_G2A.sort.Sign_poisson.mpmat, ../mpmat_merge_Sign/293T-bat_TREAT-VEGFA-All-PD_CTRL-VEGFA-Vector-PD_rep2_hg38.filtered.C2T_merge_G2A.sort.Sign_poisson.mpmat, ../mpmat_merge_Sign/293T-bat_TREAT-VEGFA-sgRNADel-PD_CTRL-VEGFA-Vector-PD_rep1_hg38.filtered.C2T_merge_G2A.sort.Sign_poisson.mpmat, ../mpmat_merge_Sign/293T-bat_TREAT-VEGFA-sgRNADel-PD_CTRL-VEGFA-Vector-PD_rep2_hg38.filtered.C2T_merge_G2A.sort.Sign_poisson.mpmat, ../mpmat_merge_Sign/293T-bat_TREAT-VEGFA-All-PD_CTRL-VEGFA-Vector-PD_rep1_hg38.filtered.C2T_merge_G2A.sort.Sign_poisson.art, ../mpmat_merge_Sign/293T-bat_TREAT-VEGFA-All-PD_CTRL-VEGFA-Vector-PD_rep2_hg38.filtered.C2T_merge_G2A.sort.Sign_poisson.art, ../mpmat_merge_Sign/293T-bat_TREAT-VEGFA-sgRNADel-PD_CTRL-VEGFA-Vector-PD_rep1_hg38.filtered.C2T_merge_G2A.sort.Sign_poisson.art, ../mpmat_merge_Sign/293T-bat_TREAT-VEGFA-sgRNADel-PD_CTRL-VEGFA-Vector-PD_rep2_hg38.filtered.C2T_merge_G2A.sort.Sign_poisson.art
    jobid: 0
    reason: Input files updated by another job: ../mpmat_merge_Sign/293T-bat_TREAT-VEGFA-sgRNADel-PD_CTRL-VEGFA-Vector-PD_rep2_hg38.filtered.C2T_merge_G2A.sort.Sign_poisson.mpmat, ../table/detect_seq.StatsTest.table_CTRL-VEGFA-Vector-PD_TREAT-VEGFA-sgRNADel-PD_rep1.filtered.C2T_merge_G2A_noHeader.tsv, ../mpmat_merge_Sign/293T-bat_TREAT-VEGFA-All-PD_CTRL-VEGFA-Vector-PD_rep1_hg38.filtered.C2T_merge_G2A.sort.Sign_poisson.mpmat, ../table/detect_seq.StatsTest.table_CTRL-VEGFA-Vector-PD_TREAT-VEGFA-All-PD_rep1.filtered.C2T_merge_G2A.tsv, ../table/detect_seq.StatsTest.table_CTRL-VEGFA-Vector-PD_TREAT-VEGFA-All-PD_rep2.filtered.C2T_merge_G2A_noHeader.tsv, ../table/detect_seq.StatsTest.table_CTRL-VEGFA-Vector-PD_TREAT-VEGFA-All-PD_rep1.filtered.C2T_merge_G2A_noHeader.tsv, ../table/detect_seq.StatsTest.table_CTRL-VEGFA-Vector-PD_TREAT-VEGFA-All-PD_rep2.filtered.C2T_merge_G2A.tsv, ../mpmat_merge_Sign/293T-bat_TREAT-VEGFA-sgRNADel-PD_CTRL-VEGFA-Vector-PD_rep1_hg38.filtered.C2T_merge_G2A.sort.Sign_poisson.mpmat, ../mpmat_merge_Sign/293T-bat_TREAT-VEGFA-sgRNADel-PD_CTRL-VEGFA-Vector-PD_rep1_hg38.filtered.C2T_merge_G2A.sort.Sign_poisson.art, ../mpmat_merge_Sign/293T-bat_TREAT-VEGFA-sgRNADel-PD_CTRL-VEGFA-Vector-PD_rep2_hg38.filtered.C2T_merge_G2A.sort.Sign_poisson.art, ../table/detect_seq.StatsTest.table_CTRL-VEGFA-Vector-PD_TREAT-VEGFA-sgRNADel-PD_rep2.filtered.C2T_merge_G2A.tsv, ../table/detect_seq.StatsTest.table_CTRL-VEGFA-Vector-PD_TREAT-VEGFA-sgRNADel-PD_rep2.filtered.C2T_merge_G2A_noHeader.tsv, ../mpmat_merge_Sign/293T-bat_TREAT-VEGFA-All-PD_CTRL-VEGFA-Vector-PD_rep2_hg38.filtered.C2T_merge_G2A.sort.Sign_poisson.mpmat, ../mpmat_merge_Sign/293T-bat_TREAT-VEGFA-All-PD_CTRL-VEGFA-Vector-PD_rep2_hg38.filtered.C2T_merge_G2A.sort.Sign_poisson.art, ../table/detect_seq.StatsTest.table_CTRL-VEGFA-Vector-PD_TREAT-VEGFA-sgRNADel-PD_rep1.filtered.C2T_merge_G2A.tsv, ../mpmat_merge_Sign/293T-bat_TREAT-VEGFA-All-PD_CTRL-VEGFA-Vector-PD_rep1_hg38.filtered.C2T_merge_G2A.sort.Sign_poisson.art

[Thu Oct  1 16:52:48 2020]
Finished job 0.
17 of 17 steps (100%) done
Complete log: /gpfs/user/zhaohuanan/3.project/10.2020-09_0923_Practice_for_detect-seq-data/snakepipes_detect-seq_fastq_bam_plot/.snakemake/log/2020-10-01T165041.273367.snakemake.log
