Building DAG of jobs...
Using shell: /usr/bin/bash
Provided cores: 1 (use --cores to define parallelism)
Rules claiming more threads will be scaled down.
Job counts:
	count	jobs
	1	all
	10	bmat2pmat
	24	pmat_merge
	10	select_base_info
	45

[Fri Sep 25 20:33:49 2020]
rule select_base_info:
    input: ../mpileup_pmat_bmat/293T-bat_VEGFA-All-PD_rep1_hg38.MAPQ20.bmat
    output: ../mpileup_pmat_bmat/293T-bat_VEGFA-All-PD_rep1_hg38.MAPQ20.select.C.bmat
    jobid: 13
    reason: Missing output files: ../mpileup_pmat_bmat/293T-bat_VEGFA-All-PD_rep1_hg38.MAPQ20.select.C.bmat
    wildcards: sample=VEGFA-All-PD, rep=rep1, from_base=C


        awk '$3 == "C" {print $0}' ../mpileup_pmat_bmat/293T-bat_VEGFA-All-PD_rep1_hg38.MAPQ20.bmat > ../mpileup_pmat_bmat/293T-bat_VEGFA-All-PD_rep1_hg38.MAPQ20.select.C.bmat
        
Terminating processes on user request, this might take some time.
[Fri Sep 25 20:48:34 2020]
Error in rule select_base_info:
    jobid: 13
    output: ../mpileup_pmat_bmat/293T-bat_VEGFA-All-PD_rep1_hg38.MAPQ20.select.C.bmat
    shell:
        
        awk '$3 == "C" {print $0}' ../mpileup_pmat_bmat/293T-bat_VEGFA-All-PD_rep1_hg38.MAPQ20.bmat > ../mpileup_pmat_bmat/293T-bat_VEGFA-All-PD_rep1_hg38.MAPQ20.select.C.bmat
        
        (one of the commands exited with non-zero exit code; note that snakemake uses bash strict mode!)

Removing output files of failed job select_base_info since they might be corrupted:
../mpileup_pmat_bmat/293T-bat_VEGFA-All-PD_rep1_hg38.MAPQ20.select.C.bmat
Complete log: /gpfs/user/zhaohuanan/3.project/10.2020-09_0923_Practice_for_detect-seq-data/snakepipes_detect-seq_fastq_bam_plot/.snakemake/log/2020-09-25T203349.341540.snakemake.log
