Building DAG of jobs...
Using shell: /usr/bin/bash
Provided cores: 24
Rules claiming more threads will be scaled down.
Job counts:
	count	jobs
	1	all
	4	art_plot
	4	del_first_row_of_table
	4	intersect_select_mpmat
	4	poisson_test
	4	select_significant_region
	4	sgRNA_alignment
	25

[Thu Oct 15 17:26:51 2020]
rule poisson_test:
    input: ../mpmat_merge/293T-bat_VEGFA-All-PD_rep1_hg38.filtered.C2T_merge_G2A.sort.mpmat, ../bam/293T-bat_VEGFA-sgRNADel-PD_rep1_hg38.MAPQ20.bam, ../bam/293T-bat_VEGFA-All-PD_rep1_hg38.MAPQ20.bam, ../json/293T-bat_VEGFA-sgRNADel-PD_rep1_hg38.MAPQ20.background.json, ../json/293T-bat_VEGFA-All-PD_rep1_hg38.MAPQ20.background.json
    output: ../table/detect_seq.StatsTest.table_CTRL-VEGFA-sgRNADel-PD_TREAT-VEGFA-All-PD_rep1.filtered.C2T_merge_G2A.tsv
    log: ../table/detect_seq.StatsTest.table_CTRL-VEGFA-sgRNADel-PD_TREAT-VEGFA-All-PD_rep1.filtered.C2T_merge_G2A.tsv.log
    jobid: 1
    reason: Missing output files: ../table/detect_seq.StatsTest.table_CTRL-VEGFA-sgRNADel-PD_TREAT-VEGFA-All-PD_rep1.filtered.C2T_merge_G2A.tsv
    wildcards: ctrl=VEGFA-sgRNADel-PD, treat=VEGFA-All-PD, rep=rep1, a=C, b=T, c=G, d=A


        /home/zhaohuanan/miniconda3/envs/snakepipes_detect-seq_fastq_bam_plot/bin/python ./program/find-significant-mpmat-V02.py         -i ../mpmat_merge/293T-bat_VEGFA-All-PD_rep1_hg38.filtered.C2T_merge_G2A.sort.mpmat         -c ../bam/293T-bat_VEGFA-sgRNADel-PD_rep1_hg38.MAPQ20.bam         -t ../bam/293T-bat_VEGFA-All-PD_rep1_hg38.MAPQ20.bam         -r /home/zhaohuanan/zhaohn_HD/2.database/fasta_hg38/hg38_only_chromosome.fa         -m ../json/293T-bat_VEGFA-sgRNADel-PD_rep1_hg38.MAPQ20.background.json         -n ../json/293T-bat_VEGFA-All-PD_rep1_hg38.MAPQ20.background.json         -g ./lib/hg38.json         -o ../table/detect_seq.StatsTest.table_CTRL-VEGFA-sgRNADel-PD_TREAT-VEGFA-All-PD_rep1.filtered.C2T_merge_G2A.tsv         --region_mutation_min_cutoff 2         --query_mutation_type CT,GA         --query_mutation_min_cutoff 2         --query_mutation_max_cutoff 18         --other_mutation_max_cutoff 12         --total_mutation_max_cutoff 26 >../table/detect_seq.StatsTest.table_CTRL-VEGFA-sgRNADel-PD_TREAT-VEGFA-All-PD_rep1.filtered.C2T_merge_G2A.tsv.log 2>&1
        

[Thu Oct 15 17:26:51 2020]
rule poisson_test:
    input: ../mpmat_merge/293T-bat_VEGFA-All-PD_rep2_hg38.filtered.C2T_merge_G2A.sort.mpmat, ../bam/293T-bat_VEGFA-sgRNADel-PD_rep2_hg38.MAPQ20.bam, ../bam/293T-bat_VEGFA-All-PD_rep2_hg38.MAPQ20.bam, ../json/293T-bat_VEGFA-sgRNADel-PD_rep2_hg38.MAPQ20.background.json, ../json/293T-bat_VEGFA-All-PD_rep2_hg38.MAPQ20.background.json
    output: ../table/detect_seq.StatsTest.table_CTRL-VEGFA-sgRNADel-PD_TREAT-VEGFA-All-PD_rep2.filtered.C2T_merge_G2A.tsv
    log: ../table/detect_seq.StatsTest.table_CTRL-VEGFA-sgRNADel-PD_TREAT-VEGFA-All-PD_rep2.filtered.C2T_merge_G2A.tsv.log
    jobid: 2
    reason: Missing output files: ../table/detect_seq.StatsTest.table_CTRL-VEGFA-sgRNADel-PD_TREAT-VEGFA-All-PD_rep2.filtered.C2T_merge_G2A.tsv
    wildcards: ctrl=VEGFA-sgRNADel-PD, treat=VEGFA-All-PD, rep=rep2, a=C, b=T, c=G, d=A


        /home/zhaohuanan/miniconda3/envs/snakepipes_detect-seq_fastq_bam_plot/bin/python ./program/find-significant-mpmat-V02.py         -i ../mpmat_merge/293T-bat_VEGFA-All-PD_rep2_hg38.filtered.C2T_merge_G2A.sort.mpmat         -c ../bam/293T-bat_VEGFA-sgRNADel-PD_rep2_hg38.MAPQ20.bam         -t ../bam/293T-bat_VEGFA-All-PD_rep2_hg38.MAPQ20.bam         -r /home/zhaohuanan/zhaohn_HD/2.database/fasta_hg38/hg38_only_chromosome.fa         -m ../json/293T-bat_VEGFA-sgRNADel-PD_rep2_hg38.MAPQ20.background.json         -n ../json/293T-bat_VEGFA-All-PD_rep2_hg38.MAPQ20.background.json         -g ./lib/hg38.json         -o ../table/detect_seq.StatsTest.table_CTRL-VEGFA-sgRNADel-PD_TREAT-VEGFA-All-PD_rep2.filtered.C2T_merge_G2A.tsv         --region_mutation_min_cutoff 2         --query_mutation_type CT,GA         --query_mutation_min_cutoff 2         --query_mutation_max_cutoff 18         --other_mutation_max_cutoff 12         --total_mutation_max_cutoff 26 >../table/detect_seq.StatsTest.table_CTRL-VEGFA-sgRNADel-PD_TREAT-VEGFA-All-PD_rep2.filtered.C2T_merge_G2A.tsv.log 2>&1
        

[Thu Oct 15 17:26:51 2020]
rule poisson_test:
    input: ../mpmat_merge/293T-bat_VEGFA-Vector-PD_rep2_hg38.filtered.C2T_merge_G2A.sort.mpmat, ../bam/293T-bat_VEGFA-sgRNADel-PD_rep2_hg38.MAPQ20.bam, ../bam/293T-bat_VEGFA-Vector-PD_rep2_hg38.MAPQ20.bam, ../json/293T-bat_VEGFA-sgRNADel-PD_rep2_hg38.MAPQ20.background.json, ../json/293T-bat_VEGFA-Vector-PD_rep2_hg38.MAPQ20.background.json
    output: ../table/detect_seq.StatsTest.table_CTRL-VEGFA-sgRNADel-PD_TREAT-VEGFA-Vector-PD_rep2.filtered.C2T_merge_G2A.tsv
    log: ../table/detect_seq.StatsTest.table_CTRL-VEGFA-sgRNADel-PD_TREAT-VEGFA-Vector-PD_rep2.filtered.C2T_merge_G2A.tsv.log
    jobid: 4
    reason: Missing output files: ../table/detect_seq.StatsTest.table_CTRL-VEGFA-sgRNADel-PD_TREAT-VEGFA-Vector-PD_rep2.filtered.C2T_merge_G2A.tsv
    wildcards: ctrl=VEGFA-sgRNADel-PD, treat=VEGFA-Vector-PD, rep=rep2, a=C, b=T, c=G, d=A


        /home/zhaohuanan/miniconda3/envs/snakepipes_detect-seq_fastq_bam_plot/bin/python ./program/find-significant-mpmat-V02.py         -i ../mpmat_merge/293T-bat_VEGFA-Vector-PD_rep2_hg38.filtered.C2T_merge_G2A.sort.mpmat         -c ../bam/293T-bat_VEGFA-sgRNADel-PD_rep2_hg38.MAPQ20.bam         -t ../bam/293T-bat_VEGFA-Vector-PD_rep2_hg38.MAPQ20.bam         -r /home/zhaohuanan/zhaohn_HD/2.database/fasta_hg38/hg38_only_chromosome.fa         -m ../json/293T-bat_VEGFA-sgRNADel-PD_rep2_hg38.MAPQ20.background.json         -n ../json/293T-bat_VEGFA-Vector-PD_rep2_hg38.MAPQ20.background.json         -g ./lib/hg38.json         -o ../table/detect_seq.StatsTest.table_CTRL-VEGFA-sgRNADel-PD_TREAT-VEGFA-Vector-PD_rep2.filtered.C2T_merge_G2A.tsv         --region_mutation_min_cutoff 2         --query_mutation_type CT,GA         --query_mutation_min_cutoff 2         --query_mutation_max_cutoff 18         --other_mutation_max_cutoff 12         --total_mutation_max_cutoff 26 >../table/detect_seq.StatsTest.table_CTRL-VEGFA-sgRNADel-PD_TREAT-VEGFA-Vector-PD_rep2.filtered.C2T_merge_G2A.tsv.log 2>&1
        

[Thu Oct 15 17:26:52 2020]
rule poisson_test:
    input: ../mpmat_merge/293T-bat_VEGFA-Vector-PD_rep1_hg38.filtered.C2T_merge_G2A.sort.mpmat, ../bam/293T-bat_VEGFA-sgRNADel-PD_rep1_hg38.MAPQ20.bam, ../bam/293T-bat_VEGFA-Vector-PD_rep1_hg38.MAPQ20.bam, ../json/293T-bat_VEGFA-sgRNADel-PD_rep1_hg38.MAPQ20.background.json, ../json/293T-bat_VEGFA-Vector-PD_rep1_hg38.MAPQ20.background.json
    output: ../table/detect_seq.StatsTest.table_CTRL-VEGFA-sgRNADel-PD_TREAT-VEGFA-Vector-PD_rep1.filtered.C2T_merge_G2A.tsv
    log: ../table/detect_seq.StatsTest.table_CTRL-VEGFA-sgRNADel-PD_TREAT-VEGFA-Vector-PD_rep1.filtered.C2T_merge_G2A.tsv.log
    jobid: 3
    reason: Missing output files: ../table/detect_seq.StatsTest.table_CTRL-VEGFA-sgRNADel-PD_TREAT-VEGFA-Vector-PD_rep1.filtered.C2T_merge_G2A.tsv
    wildcards: ctrl=VEGFA-sgRNADel-PD, treat=VEGFA-Vector-PD, rep=rep1, a=C, b=T, c=G, d=A


        /home/zhaohuanan/miniconda3/envs/snakepipes_detect-seq_fastq_bam_plot/bin/python ./program/find-significant-mpmat-V02.py         -i ../mpmat_merge/293T-bat_VEGFA-Vector-PD_rep1_hg38.filtered.C2T_merge_G2A.sort.mpmat         -c ../bam/293T-bat_VEGFA-sgRNADel-PD_rep1_hg38.MAPQ20.bam         -t ../bam/293T-bat_VEGFA-Vector-PD_rep1_hg38.MAPQ20.bam         -r /home/zhaohuanan/zhaohn_HD/2.database/fasta_hg38/hg38_only_chromosome.fa         -m ../json/293T-bat_VEGFA-sgRNADel-PD_rep1_hg38.MAPQ20.background.json         -n ../json/293T-bat_VEGFA-Vector-PD_rep1_hg38.MAPQ20.background.json         -g ./lib/hg38.json         -o ../table/detect_seq.StatsTest.table_CTRL-VEGFA-sgRNADel-PD_TREAT-VEGFA-Vector-PD_rep1.filtered.C2T_merge_G2A.tsv         --region_mutation_min_cutoff 2         --query_mutation_type CT,GA         --query_mutation_min_cutoff 2         --query_mutation_max_cutoff 18         --other_mutation_max_cutoff 12         --total_mutation_max_cutoff 26 >../table/detect_seq.StatsTest.table_CTRL-VEGFA-sgRNADel-PD_TREAT-VEGFA-Vector-PD_rep1.filtered.C2T_merge_G2A.tsv.log 2>&1
        
[Thu Oct 15 17:29:30 2020]
Finished job 4.
1 of 25 steps (4%) done

[Thu Oct 15 17:29:30 2020]
rule del_first_row_of_table:
    input: ../table/detect_seq.StatsTest.table_CTRL-VEGFA-sgRNADel-PD_TREAT-VEGFA-Vector-PD_rep2.filtered.C2T_merge_G2A.tsv
    output: ../table/detect_seq.StatsTest.table_CTRL-VEGFA-sgRNADel-PD_TREAT-VEGFA-Vector-PD_rep2.filtered.C2T_merge_G2A_noHeader.tsv
    jobid: 8
    reason: Missing output files: ../table/detect_seq.StatsTest.table_CTRL-VEGFA-sgRNADel-PD_TREAT-VEGFA-Vector-PD_rep2.filtered.C2T_merge_G2A_noHeader.tsv; Input files updated by another job: ../table/detect_seq.StatsTest.table_CTRL-VEGFA-sgRNADel-PD_TREAT-VEGFA-Vector-PD_rep2.filtered.C2T_merge_G2A.tsv
    wildcards: ctrl=VEGFA-sgRNADel-PD, treat=VEGFA-Vector-PD, rep=rep2, a=C, b=T, c=G, d=A


        sed '1d' ../table/detect_seq.StatsTest.table_CTRL-VEGFA-sgRNADel-PD_TREAT-VEGFA-Vector-PD_rep2.filtered.C2T_merge_G2A.tsv > ../table/detect_seq.StatsTest.table_CTRL-VEGFA-sgRNADel-PD_TREAT-VEGFA-Vector-PD_rep2.filtered.C2T_merge_G2A_noHeader.tsv
        
[Thu Oct 15 17:29:30 2020]
Finished job 8.
2 of 25 steps (8%) done

[Thu Oct 15 17:29:30 2020]
rule select_significant_region:
    input: ../table/detect_seq.StatsTest.table_CTRL-VEGFA-sgRNADel-PD_TREAT-VEGFA-Vector-PD_rep2.filtered.C2T_merge_G2A_noHeader.tsv
    output: ../table/detect_seq.StatsTest.table_CTRL-VEGFA-sgRNADel-PD_TREAT-VEGFA-Vector-PD_rep2.filtered.C2T_merge_G2A_noHeader.Sign.tsv
    jobid: 12
    reason: Missing output files: ../table/detect_seq.StatsTest.table_CTRL-VEGFA-sgRNADel-PD_TREAT-VEGFA-Vector-PD_rep2.filtered.C2T_merge_G2A_noHeader.Sign.tsv; Input files updated by another job: ../table/detect_seq.StatsTest.table_CTRL-VEGFA-sgRNADel-PD_TREAT-VEGFA-Vector-PD_rep2.filtered.C2T_merge_G2A_noHeader.tsv
    wildcards: ctrl=VEGFA-sgRNADel-PD, treat=VEGFA-Vector-PD, rep=rep2, a=C, b=T, c=G, d=A


        cat ../table/detect_seq.StatsTest.table_CTRL-VEGFA-sgRNADel-PD_TREAT-VEGFA-Vector-PD_rep2.filtered.C2T_merge_G2A_noHeader.tsv | awk -F '	' '{if($NF<0.05 && $13>1 && $10<3) print $0}' > ../table/detect_seq.StatsTest.table_CTRL-VEGFA-sgRNADel-PD_TREAT-VEGFA-Vector-PD_rep2.filtered.C2T_merge_G2A_noHeader.Sign.tsv
        
[Thu Oct 15 17:29:30 2020]
Finished job 12.
3 of 25 steps (12%) done

[Thu Oct 15 17:29:30 2020]
rule intersect_select_mpmat:
    input: ../mpmat_merge/293T-bat_VEGFA-Vector-PD_rep2_hg38.filtered.C2T_merge_G2A.sort.mpmat, ../table/detect_seq.StatsTest.table_CTRL-VEGFA-sgRNADel-PD_TREAT-VEGFA-Vector-PD_rep2.filtered.C2T_merge_G2A_noHeader.Sign.tsv
    output: ../mpmat_merge_Sign/293T-bat_TREAT-VEGFA-Vector-PD_CTRL-VEGFA-sgRNADel-PD_rep2_hg38.filtered.C2T_merge_G2A.sort.Sign_poisson.mpmat
    jobid: 16
    reason: Missing output files: ../mpmat_merge_Sign/293T-bat_TREAT-VEGFA-Vector-PD_CTRL-VEGFA-sgRNADel-PD_rep2_hg38.filtered.C2T_merge_G2A.sort.Sign_poisson.mpmat; Input files updated by another job: ../table/detect_seq.StatsTest.table_CTRL-VEGFA-sgRNADel-PD_TREAT-VEGFA-Vector-PD_rep2.filtered.C2T_merge_G2A_noHeader.Sign.tsv
    wildcards: treat=VEGFA-Vector-PD, ctrl=VEGFA-sgRNADel-PD, rep=rep2, a=C, b=T, c=G, d=A


        if [[ `cat ../table/detect_seq.StatsTest.table_CTRL-VEGFA-sgRNADel-PD_TREAT-VEGFA-Vector-PD_rep2.filtered.C2T_merge_G2A_noHeader.Sign.tsv |wc -l` -eq 0 ]]; then 
        echo "table is empty" 
        echo "will touch a empty file" 
        touch ../mpmat_merge_Sign/293T-bat_TREAT-VEGFA-Vector-PD_CTRL-VEGFA-sgRNADel-PD_rep2_hg38.filtered.C2T_merge_G2A.sort.Sign_poisson.mpmat
        else
        echo "table is ok!"
        echo "run bedtools intersect"
        /home/zhaohuanan/miniconda3/envs/snakepipes_detect-seq_fastq_bam_plot/bin/bedtools intersect -a ../mpmat_merge/293T-bat_VEGFA-Vector-PD_rep2_hg38.filtered.C2T_merge_G2A.sort.mpmat -b ../table/detect_seq.StatsTest.table_CTRL-VEGFA-sgRNADel-PD_TREAT-VEGFA-Vector-PD_rep2.filtered.C2T_merge_G2A_noHeader.Sign.tsv -wa > ../mpmat_merge_Sign/293T-bat_TREAT-VEGFA-Vector-PD_CTRL-VEGFA-sgRNADel-PD_rep2_hg38.filtered.C2T_merge_G2A.sort.Sign_poisson.mpmat
        fi
        
[Thu Oct 15 17:29:30 2020]
Finished job 16.
4 of 25 steps (16%) done

[Thu Oct 15 17:29:30 2020]
rule sgRNA_alignment:
    input: ../mpmat_merge_Sign/293T-bat_TREAT-VEGFA-Vector-PD_CTRL-VEGFA-sgRNADel-PD_rep2_hg38.filtered.C2T_merge_G2A.sort.Sign_poisson.mpmat
    output: ../mpmat_merge_Sign/293T-bat_TREAT-VEGFA-Vector-PD_CTRL-VEGFA-sgRNADel-PD_rep2_hg38.filtered.C2T_merge_G2A.sort.Sign_poisson.art
    jobid: 20
    reason: Missing output files: ../mpmat_merge_Sign/293T-bat_TREAT-VEGFA-Vector-PD_CTRL-VEGFA-sgRNADel-PD_rep2_hg38.filtered.C2T_merge_G2A.sort.Sign_poisson.art; Input files updated by another job: ../mpmat_merge_Sign/293T-bat_TREAT-VEGFA-Vector-PD_CTRL-VEGFA-sgRNADel-PD_rep2_hg38.filtered.C2T_merge_G2A.sort.Sign_poisson.mpmat
    wildcards: treat=VEGFA-Vector-PD, ctrl=VEGFA-sgRNADel-PD, rep=rep2, a=C, b=T, c=G, d=A


        if [[ `cat ../mpmat_merge_Sign/293T-bat_TREAT-VEGFA-Vector-PD_CTRL-VEGFA-sgRNADel-PD_rep2_hg38.filtered.C2T_merge_G2A.sort.Sign_poisson.mpmat |wc -l` -eq 0 ]]; then 
        echo "Sign mpmat is empty" 
        echo "will touch a empty file" 
        touch ../mpmat_merge_Sign/293T-bat_TREAT-VEGFA-Vector-PD_CTRL-VEGFA-sgRNADel-PD_rep2_hg38.filtered.C2T_merge_G2A.sort.Sign_poisson.art
        else
        echo "Sign mpmat is ok!"
        echo "run sgRNA_alignment/[mpmat to art]"
        /home/zhaohuanan/miniconda3/envs/snakepipes_detect-seq_fastq_bam_plot/bin/python ./program/mpmat-to-art-V03-zhn.py -i ../mpmat_merge_Sign/293T-bat_TREAT-VEGFA-Vector-PD_CTRL-VEGFA-sgRNADel-PD_rep2_hg38.filtered.C2T_merge_G2A.sort.Sign_poisson.mpmat -r /home/zhaohuanan/zhaohn_HD/2.database/fasta_hg38/hg38_only_chromosome.fa --sgRNA GACCCCCTCCACCCCGCCTCCGG > ../mpmat_merge_Sign/293T-bat_TREAT-VEGFA-Vector-PD_CTRL-VEGFA-sgRNADel-PD_rep2_hg38.filtered.C2T_merge_G2A.sort.Sign_poisson.art
        fi
        
[Thu Oct 15 17:29:30 2020]
Finished job 20.
5 of 25 steps (20%) done

[Thu Oct 15 17:29:30 2020]
rule art_plot:
    input: ../mpmat_merge_Sign/293T-bat_TREAT-VEGFA-Vector-PD_CTRL-VEGFA-sgRNADel-PD_rep2_hg38.filtered.C2T_merge_G2A.sort.Sign_poisson.art
    output: ../plot_art/293T-bat_TREAT-VEGFA-Vector-PD_CTRL-VEGFA-sgRNADel-PD_rep2_hg38.filtered.C2T_merge_G2A.sort.Sign_poisson.art_plot.pdf
    jobid: 24
    reason: Missing output files: ../plot_art/293T-bat_TREAT-VEGFA-Vector-PD_CTRL-VEGFA-sgRNADel-PD_rep2_hg38.filtered.C2T_merge_G2A.sort.Sign_poisson.art_plot.pdf; Input files updated by another job: ../mpmat_merge_Sign/293T-bat_TREAT-VEGFA-Vector-PD_CTRL-VEGFA-sgRNADel-PD_rep2_hg38.filtered.C2T_merge_G2A.sort.Sign_poisson.art
    wildcards: treat=VEGFA-Vector-PD, ctrl=VEGFA-sgRNADel-PD, rep=rep2, a=C, b=T, c=G, d=A


        if [[ `cat ../mpmat_merge_Sign/293T-bat_TREAT-VEGFA-Vector-PD_CTRL-VEGFA-sgRNADel-PD_rep2_hg38.filtered.C2T_merge_G2A.sort.Sign_poisson.art |wc -l` -eq 0 ]]; then 
        echo "Sign art is empty" 
        echo "will touch a empty file" 
        touch ../plot_art/293T-bat_TREAT-VEGFA-Vector-PD_CTRL-VEGFA-sgRNADel-PD_rep2_hg38.filtered.C2T_merge_G2A.sort.Sign_poisson.art_plot.pdf
        echo "Formal output
No significant results" > ../plot_art/293T-bat_TREAT-VEGFA-Vector-PD_CTRL-VEGFA-sgRNADel-PD_rep2_hg38.filtered.C2T_merge_G2A.sort.Sign_poisson.art_plot.pdf.empty.log
        else
        echo "Sign art is ok!"
        echo "run art plot"
        /home/zhaohuanan/miniconda3/envs/snakepipes_detect-seq_fastq_bam_plot/bin/python ./program/plot-art-V01.py         -i ../mpmat_merge_Sign/293T-bat_TREAT-VEGFA-Vector-PD_CTRL-VEGFA-sgRNADel-PD_rep2_hg38.filtered.C2T_merge_G2A.sort.Sign_poisson.art         --sgRNA GACCCCCTCCACCCCGCCTCCGG         -o ../plot_art/293T-bat_TREAT-VEGFA-Vector-PD_CTRL-VEGFA-sgRNADel-PD_rep2_hg38.filtered.C2T_merge_G2A.sort.Sign_poisson.art_plot.pdf
        fi
        
[Thu Oct 15 17:29:30 2020]
Finished job 24.
6 of 25 steps (24%) done
[Thu Oct 15 17:29:42 2020]
Finished job 3.
7 of 25 steps (28%) done

[Thu Oct 15 17:29:42 2020]
rule del_first_row_of_table:
    input: ../table/detect_seq.StatsTest.table_CTRL-VEGFA-sgRNADel-PD_TREAT-VEGFA-Vector-PD_rep1.filtered.C2T_merge_G2A.tsv
    output: ../table/detect_seq.StatsTest.table_CTRL-VEGFA-sgRNADel-PD_TREAT-VEGFA-Vector-PD_rep1.filtered.C2T_merge_G2A_noHeader.tsv
    jobid: 7
    reason: Missing output files: ../table/detect_seq.StatsTest.table_CTRL-VEGFA-sgRNADel-PD_TREAT-VEGFA-Vector-PD_rep1.filtered.C2T_merge_G2A_noHeader.tsv; Input files updated by another job: ../table/detect_seq.StatsTest.table_CTRL-VEGFA-sgRNADel-PD_TREAT-VEGFA-Vector-PD_rep1.filtered.C2T_merge_G2A.tsv
    wildcards: ctrl=VEGFA-sgRNADel-PD, treat=VEGFA-Vector-PD, rep=rep1, a=C, b=T, c=G, d=A


        sed '1d' ../table/detect_seq.StatsTest.table_CTRL-VEGFA-sgRNADel-PD_TREAT-VEGFA-Vector-PD_rep1.filtered.C2T_merge_G2A.tsv > ../table/detect_seq.StatsTest.table_CTRL-VEGFA-sgRNADel-PD_TREAT-VEGFA-Vector-PD_rep1.filtered.C2T_merge_G2A_noHeader.tsv
        
[Thu Oct 15 17:29:42 2020]
Finished job 7.
8 of 25 steps (32%) done

[Thu Oct 15 17:29:42 2020]
rule select_significant_region:
    input: ../table/detect_seq.StatsTest.table_CTRL-VEGFA-sgRNADel-PD_TREAT-VEGFA-Vector-PD_rep1.filtered.C2T_merge_G2A_noHeader.tsv
    output: ../table/detect_seq.StatsTest.table_CTRL-VEGFA-sgRNADel-PD_TREAT-VEGFA-Vector-PD_rep1.filtered.C2T_merge_G2A_noHeader.Sign.tsv
    jobid: 11
    reason: Missing output files: ../table/detect_seq.StatsTest.table_CTRL-VEGFA-sgRNADel-PD_TREAT-VEGFA-Vector-PD_rep1.filtered.C2T_merge_G2A_noHeader.Sign.tsv; Input files updated by another job: ../table/detect_seq.StatsTest.table_CTRL-VEGFA-sgRNADel-PD_TREAT-VEGFA-Vector-PD_rep1.filtered.C2T_merge_G2A_noHeader.tsv
    wildcards: ctrl=VEGFA-sgRNADel-PD, treat=VEGFA-Vector-PD, rep=rep1, a=C, b=T, c=G, d=A


        cat ../table/detect_seq.StatsTest.table_CTRL-VEGFA-sgRNADel-PD_TREAT-VEGFA-Vector-PD_rep1.filtered.C2T_merge_G2A_noHeader.tsv | awk -F '	' '{if($NF<0.05 && $13>1 && $10<3) print $0}' > ../table/detect_seq.StatsTest.table_CTRL-VEGFA-sgRNADel-PD_TREAT-VEGFA-Vector-PD_rep1.filtered.C2T_merge_G2A_noHeader.Sign.tsv
        
[Thu Oct 15 17:29:42 2020]
Finished job 11.
9 of 25 steps (36%) done

[Thu Oct 15 17:29:42 2020]
rule intersect_select_mpmat:
    input: ../mpmat_merge/293T-bat_VEGFA-Vector-PD_rep1_hg38.filtered.C2T_merge_G2A.sort.mpmat, ../table/detect_seq.StatsTest.table_CTRL-VEGFA-sgRNADel-PD_TREAT-VEGFA-Vector-PD_rep1.filtered.C2T_merge_G2A_noHeader.Sign.tsv
    output: ../mpmat_merge_Sign/293T-bat_TREAT-VEGFA-Vector-PD_CTRL-VEGFA-sgRNADel-PD_rep1_hg38.filtered.C2T_merge_G2A.sort.Sign_poisson.mpmat
    jobid: 15
    reason: Missing output files: ../mpmat_merge_Sign/293T-bat_TREAT-VEGFA-Vector-PD_CTRL-VEGFA-sgRNADel-PD_rep1_hg38.filtered.C2T_merge_G2A.sort.Sign_poisson.mpmat; Input files updated by another job: ../table/detect_seq.StatsTest.table_CTRL-VEGFA-sgRNADel-PD_TREAT-VEGFA-Vector-PD_rep1.filtered.C2T_merge_G2A_noHeader.Sign.tsv
    wildcards: treat=VEGFA-Vector-PD, ctrl=VEGFA-sgRNADel-PD, rep=rep1, a=C, b=T, c=G, d=A


        if [[ `cat ../table/detect_seq.StatsTest.table_CTRL-VEGFA-sgRNADel-PD_TREAT-VEGFA-Vector-PD_rep1.filtered.C2T_merge_G2A_noHeader.Sign.tsv |wc -l` -eq 0 ]]; then 
        echo "table is empty" 
        echo "will touch a empty file" 
        touch ../mpmat_merge_Sign/293T-bat_TREAT-VEGFA-Vector-PD_CTRL-VEGFA-sgRNADel-PD_rep1_hg38.filtered.C2T_merge_G2A.sort.Sign_poisson.mpmat
        else
        echo "table is ok!"
        echo "run bedtools intersect"
        /home/zhaohuanan/miniconda3/envs/snakepipes_detect-seq_fastq_bam_plot/bin/bedtools intersect -a ../mpmat_merge/293T-bat_VEGFA-Vector-PD_rep1_hg38.filtered.C2T_merge_G2A.sort.mpmat -b ../table/detect_seq.StatsTest.table_CTRL-VEGFA-sgRNADel-PD_TREAT-VEGFA-Vector-PD_rep1.filtered.C2T_merge_G2A_noHeader.Sign.tsv -wa > ../mpmat_merge_Sign/293T-bat_TREAT-VEGFA-Vector-PD_CTRL-VEGFA-sgRNADel-PD_rep1_hg38.filtered.C2T_merge_G2A.sort.Sign_poisson.mpmat
        fi
        
[Thu Oct 15 17:29:42 2020]
Finished job 15.
10 of 25 steps (40%) done

[Thu Oct 15 17:29:42 2020]
rule sgRNA_alignment:
    input: ../mpmat_merge_Sign/293T-bat_TREAT-VEGFA-Vector-PD_CTRL-VEGFA-sgRNADel-PD_rep1_hg38.filtered.C2T_merge_G2A.sort.Sign_poisson.mpmat
    output: ../mpmat_merge_Sign/293T-bat_TREAT-VEGFA-Vector-PD_CTRL-VEGFA-sgRNADel-PD_rep1_hg38.filtered.C2T_merge_G2A.sort.Sign_poisson.art
    jobid: 19
    reason: Missing output files: ../mpmat_merge_Sign/293T-bat_TREAT-VEGFA-Vector-PD_CTRL-VEGFA-sgRNADel-PD_rep1_hg38.filtered.C2T_merge_G2A.sort.Sign_poisson.art; Input files updated by another job: ../mpmat_merge_Sign/293T-bat_TREAT-VEGFA-Vector-PD_CTRL-VEGFA-sgRNADel-PD_rep1_hg38.filtered.C2T_merge_G2A.sort.Sign_poisson.mpmat
    wildcards: treat=VEGFA-Vector-PD, ctrl=VEGFA-sgRNADel-PD, rep=rep1, a=C, b=T, c=G, d=A


        if [[ `cat ../mpmat_merge_Sign/293T-bat_TREAT-VEGFA-Vector-PD_CTRL-VEGFA-sgRNADel-PD_rep1_hg38.filtered.C2T_merge_G2A.sort.Sign_poisson.mpmat |wc -l` -eq 0 ]]; then 
        echo "Sign mpmat is empty" 
        echo "will touch a empty file" 
        touch ../mpmat_merge_Sign/293T-bat_TREAT-VEGFA-Vector-PD_CTRL-VEGFA-sgRNADel-PD_rep1_hg38.filtered.C2T_merge_G2A.sort.Sign_poisson.art
        else
        echo "Sign mpmat is ok!"
        echo "run sgRNA_alignment/[mpmat to art]"
        /home/zhaohuanan/miniconda3/envs/snakepipes_detect-seq_fastq_bam_plot/bin/python ./program/mpmat-to-art-V03-zhn.py -i ../mpmat_merge_Sign/293T-bat_TREAT-VEGFA-Vector-PD_CTRL-VEGFA-sgRNADel-PD_rep1_hg38.filtered.C2T_merge_G2A.sort.Sign_poisson.mpmat -r /home/zhaohuanan/zhaohn_HD/2.database/fasta_hg38/hg38_only_chromosome.fa --sgRNA GACCCCCTCCACCCCGCCTCCGG > ../mpmat_merge_Sign/293T-bat_TREAT-VEGFA-Vector-PD_CTRL-VEGFA-sgRNADel-PD_rep1_hg38.filtered.C2T_merge_G2A.sort.Sign_poisson.art
        fi
        
[Thu Oct 15 17:29:42 2020]
Finished job 19.
11 of 25 steps (44%) done

[Thu Oct 15 17:29:42 2020]
rule art_plot:
    input: ../mpmat_merge_Sign/293T-bat_TREAT-VEGFA-Vector-PD_CTRL-VEGFA-sgRNADel-PD_rep1_hg38.filtered.C2T_merge_G2A.sort.Sign_poisson.art
    output: ../plot_art/293T-bat_TREAT-VEGFA-Vector-PD_CTRL-VEGFA-sgRNADel-PD_rep1_hg38.filtered.C2T_merge_G2A.sort.Sign_poisson.art_plot.pdf
    jobid: 23
    reason: Missing output files: ../plot_art/293T-bat_TREAT-VEGFA-Vector-PD_CTRL-VEGFA-sgRNADel-PD_rep1_hg38.filtered.C2T_merge_G2A.sort.Sign_poisson.art_plot.pdf; Input files updated by another job: ../mpmat_merge_Sign/293T-bat_TREAT-VEGFA-Vector-PD_CTRL-VEGFA-sgRNADel-PD_rep1_hg38.filtered.C2T_merge_G2A.sort.Sign_poisson.art
    wildcards: treat=VEGFA-Vector-PD, ctrl=VEGFA-sgRNADel-PD, rep=rep1, a=C, b=T, c=G, d=A


        if [[ `cat ../mpmat_merge_Sign/293T-bat_TREAT-VEGFA-Vector-PD_CTRL-VEGFA-sgRNADel-PD_rep1_hg38.filtered.C2T_merge_G2A.sort.Sign_poisson.art |wc -l` -eq 0 ]]; then 
        echo "Sign art is empty" 
        echo "will touch a empty file" 
        touch ../plot_art/293T-bat_TREAT-VEGFA-Vector-PD_CTRL-VEGFA-sgRNADel-PD_rep1_hg38.filtered.C2T_merge_G2A.sort.Sign_poisson.art_plot.pdf
        echo "Formal output
No significant results" > ../plot_art/293T-bat_TREAT-VEGFA-Vector-PD_CTRL-VEGFA-sgRNADel-PD_rep1_hg38.filtered.C2T_merge_G2A.sort.Sign_poisson.art_plot.pdf.empty.log
        else
        echo "Sign art is ok!"
        echo "run art plot"
        /home/zhaohuanan/miniconda3/envs/snakepipes_detect-seq_fastq_bam_plot/bin/python ./program/plot-art-V01.py         -i ../mpmat_merge_Sign/293T-bat_TREAT-VEGFA-Vector-PD_CTRL-VEGFA-sgRNADel-PD_rep1_hg38.filtered.C2T_merge_G2A.sort.Sign_poisson.art         --sgRNA GACCCCCTCCACCCCGCCTCCGG         -o ../plot_art/293T-bat_TREAT-VEGFA-Vector-PD_CTRL-VEGFA-sgRNADel-PD_rep1_hg38.filtered.C2T_merge_G2A.sort.Sign_poisson.art_plot.pdf
        fi
        
[Thu Oct 15 17:29:42 2020]
Finished job 23.
12 of 25 steps (48%) done
[Thu Oct 15 17:29:46 2020]
Finished job 2.
13 of 25 steps (52%) done

[Thu Oct 15 17:29:46 2020]
rule del_first_row_of_table:
    input: ../table/detect_seq.StatsTest.table_CTRL-VEGFA-sgRNADel-PD_TREAT-VEGFA-All-PD_rep2.filtered.C2T_merge_G2A.tsv
    output: ../table/detect_seq.StatsTest.table_CTRL-VEGFA-sgRNADel-PD_TREAT-VEGFA-All-PD_rep2.filtered.C2T_merge_G2A_noHeader.tsv
    jobid: 6
    reason: Missing output files: ../table/detect_seq.StatsTest.table_CTRL-VEGFA-sgRNADel-PD_TREAT-VEGFA-All-PD_rep2.filtered.C2T_merge_G2A_noHeader.tsv; Input files updated by another job: ../table/detect_seq.StatsTest.table_CTRL-VEGFA-sgRNADel-PD_TREAT-VEGFA-All-PD_rep2.filtered.C2T_merge_G2A.tsv
    wildcards: ctrl=VEGFA-sgRNADel-PD, treat=VEGFA-All-PD, rep=rep2, a=C, b=T, c=G, d=A


        sed '1d' ../table/detect_seq.StatsTest.table_CTRL-VEGFA-sgRNADel-PD_TREAT-VEGFA-All-PD_rep2.filtered.C2T_merge_G2A.tsv > ../table/detect_seq.StatsTest.table_CTRL-VEGFA-sgRNADel-PD_TREAT-VEGFA-All-PD_rep2.filtered.C2T_merge_G2A_noHeader.tsv
        
[Thu Oct 15 17:29:46 2020]
Finished job 6.
14 of 25 steps (56%) done

[Thu Oct 15 17:29:46 2020]
rule select_significant_region:
    input: ../table/detect_seq.StatsTest.table_CTRL-VEGFA-sgRNADel-PD_TREAT-VEGFA-All-PD_rep2.filtered.C2T_merge_G2A_noHeader.tsv
    output: ../table/detect_seq.StatsTest.table_CTRL-VEGFA-sgRNADel-PD_TREAT-VEGFA-All-PD_rep2.filtered.C2T_merge_G2A_noHeader.Sign.tsv
    jobid: 10
    reason: Missing output files: ../table/detect_seq.StatsTest.table_CTRL-VEGFA-sgRNADel-PD_TREAT-VEGFA-All-PD_rep2.filtered.C2T_merge_G2A_noHeader.Sign.tsv; Input files updated by another job: ../table/detect_seq.StatsTest.table_CTRL-VEGFA-sgRNADel-PD_TREAT-VEGFA-All-PD_rep2.filtered.C2T_merge_G2A_noHeader.tsv
    wildcards: ctrl=VEGFA-sgRNADel-PD, treat=VEGFA-All-PD, rep=rep2, a=C, b=T, c=G, d=A


        cat ../table/detect_seq.StatsTest.table_CTRL-VEGFA-sgRNADel-PD_TREAT-VEGFA-All-PD_rep2.filtered.C2T_merge_G2A_noHeader.tsv | awk -F '	' '{if($NF<0.05 && $13>1 && $10<3) print $0}' > ../table/detect_seq.StatsTest.table_CTRL-VEGFA-sgRNADel-PD_TREAT-VEGFA-All-PD_rep2.filtered.C2T_merge_G2A_noHeader.Sign.tsv
        
[Thu Oct 15 17:29:46 2020]
Finished job 10.
15 of 25 steps (60%) done

[Thu Oct 15 17:29:46 2020]
rule intersect_select_mpmat:
    input: ../mpmat_merge/293T-bat_VEGFA-All-PD_rep2_hg38.filtered.C2T_merge_G2A.sort.mpmat, ../table/detect_seq.StatsTest.table_CTRL-VEGFA-sgRNADel-PD_TREAT-VEGFA-All-PD_rep2.filtered.C2T_merge_G2A_noHeader.Sign.tsv
    output: ../mpmat_merge_Sign/293T-bat_TREAT-VEGFA-All-PD_CTRL-VEGFA-sgRNADel-PD_rep2_hg38.filtered.C2T_merge_G2A.sort.Sign_poisson.mpmat
    jobid: 14
    reason: Missing output files: ../mpmat_merge_Sign/293T-bat_TREAT-VEGFA-All-PD_CTRL-VEGFA-sgRNADel-PD_rep2_hg38.filtered.C2T_merge_G2A.sort.Sign_poisson.mpmat; Input files updated by another job: ../table/detect_seq.StatsTest.table_CTRL-VEGFA-sgRNADel-PD_TREAT-VEGFA-All-PD_rep2.filtered.C2T_merge_G2A_noHeader.Sign.tsv
    wildcards: treat=VEGFA-All-PD, ctrl=VEGFA-sgRNADel-PD, rep=rep2, a=C, b=T, c=G, d=A


        if [[ `cat ../table/detect_seq.StatsTest.table_CTRL-VEGFA-sgRNADel-PD_TREAT-VEGFA-All-PD_rep2.filtered.C2T_merge_G2A_noHeader.Sign.tsv |wc -l` -eq 0 ]]; then 
        echo "table is empty" 
        echo "will touch a empty file" 
        touch ../mpmat_merge_Sign/293T-bat_TREAT-VEGFA-All-PD_CTRL-VEGFA-sgRNADel-PD_rep2_hg38.filtered.C2T_merge_G2A.sort.Sign_poisson.mpmat
        else
        echo "table is ok!"
        echo "run bedtools intersect"
        /home/zhaohuanan/miniconda3/envs/snakepipes_detect-seq_fastq_bam_plot/bin/bedtools intersect -a ../mpmat_merge/293T-bat_VEGFA-All-PD_rep2_hg38.filtered.C2T_merge_G2A.sort.mpmat -b ../table/detect_seq.StatsTest.table_CTRL-VEGFA-sgRNADel-PD_TREAT-VEGFA-All-PD_rep2.filtered.C2T_merge_G2A_noHeader.Sign.tsv -wa > ../mpmat_merge_Sign/293T-bat_TREAT-VEGFA-All-PD_CTRL-VEGFA-sgRNADel-PD_rep2_hg38.filtered.C2T_merge_G2A.sort.Sign_poisson.mpmat
        fi
        
[Thu Oct 15 17:29:46 2020]
Finished job 14.
16 of 25 steps (64%) done

[Thu Oct 15 17:29:46 2020]
rule sgRNA_alignment:
    input: ../mpmat_merge_Sign/293T-bat_TREAT-VEGFA-All-PD_CTRL-VEGFA-sgRNADel-PD_rep2_hg38.filtered.C2T_merge_G2A.sort.Sign_poisson.mpmat
    output: ../mpmat_merge_Sign/293T-bat_TREAT-VEGFA-All-PD_CTRL-VEGFA-sgRNADel-PD_rep2_hg38.filtered.C2T_merge_G2A.sort.Sign_poisson.art
    jobid: 18
    reason: Missing output files: ../mpmat_merge_Sign/293T-bat_TREAT-VEGFA-All-PD_CTRL-VEGFA-sgRNADel-PD_rep2_hg38.filtered.C2T_merge_G2A.sort.Sign_poisson.art; Input files updated by another job: ../mpmat_merge_Sign/293T-bat_TREAT-VEGFA-All-PD_CTRL-VEGFA-sgRNADel-PD_rep2_hg38.filtered.C2T_merge_G2A.sort.Sign_poisson.mpmat
    wildcards: treat=VEGFA-All-PD, ctrl=VEGFA-sgRNADel-PD, rep=rep2, a=C, b=T, c=G, d=A


        if [[ `cat ../mpmat_merge_Sign/293T-bat_TREAT-VEGFA-All-PD_CTRL-VEGFA-sgRNADel-PD_rep2_hg38.filtered.C2T_merge_G2A.sort.Sign_poisson.mpmat |wc -l` -eq 0 ]]; then 
        echo "Sign mpmat is empty" 
        echo "will touch a empty file" 
        touch ../mpmat_merge_Sign/293T-bat_TREAT-VEGFA-All-PD_CTRL-VEGFA-sgRNADel-PD_rep2_hg38.filtered.C2T_merge_G2A.sort.Sign_poisson.art
        else
        echo "Sign mpmat is ok!"
        echo "run sgRNA_alignment/[mpmat to art]"
        /home/zhaohuanan/miniconda3/envs/snakepipes_detect-seq_fastq_bam_plot/bin/python ./program/mpmat-to-art-V03-zhn.py -i ../mpmat_merge_Sign/293T-bat_TREAT-VEGFA-All-PD_CTRL-VEGFA-sgRNADel-PD_rep2_hg38.filtered.C2T_merge_G2A.sort.Sign_poisson.mpmat -r /home/zhaohuanan/zhaohn_HD/2.database/fasta_hg38/hg38_only_chromosome.fa --sgRNA GACCCCCTCCACCCCGCCTCCGG > ../mpmat_merge_Sign/293T-bat_TREAT-VEGFA-All-PD_CTRL-VEGFA-sgRNADel-PD_rep2_hg38.filtered.C2T_merge_G2A.sort.Sign_poisson.art
        fi
        
[Thu Oct 15 17:29:54 2020]
Finished job 18.
17 of 25 steps (68%) done

[Thu Oct 15 17:29:54 2020]
rule art_plot:
    input: ../mpmat_merge_Sign/293T-bat_TREAT-VEGFA-All-PD_CTRL-VEGFA-sgRNADel-PD_rep2_hg38.filtered.C2T_merge_G2A.sort.Sign_poisson.art
    output: ../plot_art/293T-bat_TREAT-VEGFA-All-PD_CTRL-VEGFA-sgRNADel-PD_rep2_hg38.filtered.C2T_merge_G2A.sort.Sign_poisson.art_plot.pdf
    jobid: 22
    reason: Missing output files: ../plot_art/293T-bat_TREAT-VEGFA-All-PD_CTRL-VEGFA-sgRNADel-PD_rep2_hg38.filtered.C2T_merge_G2A.sort.Sign_poisson.art_plot.pdf; Input files updated by another job: ../mpmat_merge_Sign/293T-bat_TREAT-VEGFA-All-PD_CTRL-VEGFA-sgRNADel-PD_rep2_hg38.filtered.C2T_merge_G2A.sort.Sign_poisson.art
    wildcards: treat=VEGFA-All-PD, ctrl=VEGFA-sgRNADel-PD, rep=rep2, a=C, b=T, c=G, d=A


        if [[ `cat ../mpmat_merge_Sign/293T-bat_TREAT-VEGFA-All-PD_CTRL-VEGFA-sgRNADel-PD_rep2_hg38.filtered.C2T_merge_G2A.sort.Sign_poisson.art |wc -l` -eq 0 ]]; then 
        echo "Sign art is empty" 
        echo "will touch a empty file" 
        touch ../plot_art/293T-bat_TREAT-VEGFA-All-PD_CTRL-VEGFA-sgRNADel-PD_rep2_hg38.filtered.C2T_merge_G2A.sort.Sign_poisson.art_plot.pdf
        echo "Formal output
No significant results" > ../plot_art/293T-bat_TREAT-VEGFA-All-PD_CTRL-VEGFA-sgRNADel-PD_rep2_hg38.filtered.C2T_merge_G2A.sort.Sign_poisson.art_plot.pdf.empty.log
        else
        echo "Sign art is ok!"
        echo "run art plot"
        /home/zhaohuanan/miniconda3/envs/snakepipes_detect-seq_fastq_bam_plot/bin/python ./program/plot-art-V01.py         -i ../mpmat_merge_Sign/293T-bat_TREAT-VEGFA-All-PD_CTRL-VEGFA-sgRNADel-PD_rep2_hg38.filtered.C2T_merge_G2A.sort.Sign_poisson.art         --sgRNA GACCCCCTCCACCCCGCCTCCGG         -o ../plot_art/293T-bat_TREAT-VEGFA-All-PD_CTRL-VEGFA-sgRNADel-PD_rep2_hg38.filtered.C2T_merge_G2A.sort.Sign_poisson.art_plot.pdf
        fi
        
[Thu Oct 15 17:30:23 2020]
Finished job 1.
18 of 25 steps (72%) done

[Thu Oct 15 17:30:23 2020]
rule del_first_row_of_table:
    input: ../table/detect_seq.StatsTest.table_CTRL-VEGFA-sgRNADel-PD_TREAT-VEGFA-All-PD_rep1.filtered.C2T_merge_G2A.tsv
    output: ../table/detect_seq.StatsTest.table_CTRL-VEGFA-sgRNADel-PD_TREAT-VEGFA-All-PD_rep1.filtered.C2T_merge_G2A_noHeader.tsv
    jobid: 5
    reason: Missing output files: ../table/detect_seq.StatsTest.table_CTRL-VEGFA-sgRNADel-PD_TREAT-VEGFA-All-PD_rep1.filtered.C2T_merge_G2A_noHeader.tsv; Input files updated by another job: ../table/detect_seq.StatsTest.table_CTRL-VEGFA-sgRNADel-PD_TREAT-VEGFA-All-PD_rep1.filtered.C2T_merge_G2A.tsv
    wildcards: ctrl=VEGFA-sgRNADel-PD, treat=VEGFA-All-PD, rep=rep1, a=C, b=T, c=G, d=A


        sed '1d' ../table/detect_seq.StatsTest.table_CTRL-VEGFA-sgRNADel-PD_TREAT-VEGFA-All-PD_rep1.filtered.C2T_merge_G2A.tsv > ../table/detect_seq.StatsTest.table_CTRL-VEGFA-sgRNADel-PD_TREAT-VEGFA-All-PD_rep1.filtered.C2T_merge_G2A_noHeader.tsv
        
[Thu Oct 15 17:30:23 2020]
Finished job 5.
19 of 25 steps (76%) done

[Thu Oct 15 17:30:23 2020]
rule select_significant_region:
    input: ../table/detect_seq.StatsTest.table_CTRL-VEGFA-sgRNADel-PD_TREAT-VEGFA-All-PD_rep1.filtered.C2T_merge_G2A_noHeader.tsv
    output: ../table/detect_seq.StatsTest.table_CTRL-VEGFA-sgRNADel-PD_TREAT-VEGFA-All-PD_rep1.filtered.C2T_merge_G2A_noHeader.Sign.tsv
    jobid: 9
    reason: Missing output files: ../table/detect_seq.StatsTest.table_CTRL-VEGFA-sgRNADel-PD_TREAT-VEGFA-All-PD_rep1.filtered.C2T_merge_G2A_noHeader.Sign.tsv; Input files updated by another job: ../table/detect_seq.StatsTest.table_CTRL-VEGFA-sgRNADel-PD_TREAT-VEGFA-All-PD_rep1.filtered.C2T_merge_G2A_noHeader.tsv
    wildcards: ctrl=VEGFA-sgRNADel-PD, treat=VEGFA-All-PD, rep=rep1, a=C, b=T, c=G, d=A


        cat ../table/detect_seq.StatsTest.table_CTRL-VEGFA-sgRNADel-PD_TREAT-VEGFA-All-PD_rep1.filtered.C2T_merge_G2A_noHeader.tsv | awk -F '	' '{if($NF<0.05 && $13>1 && $10<3) print $0}' > ../table/detect_seq.StatsTest.table_CTRL-VEGFA-sgRNADel-PD_TREAT-VEGFA-All-PD_rep1.filtered.C2T_merge_G2A_noHeader.Sign.tsv
        
[Thu Oct 15 17:30:23 2020]
Finished job 9.
20 of 25 steps (80%) done

[Thu Oct 15 17:30:23 2020]
rule intersect_select_mpmat:
    input: ../mpmat_merge/293T-bat_VEGFA-All-PD_rep1_hg38.filtered.C2T_merge_G2A.sort.mpmat, ../table/detect_seq.StatsTest.table_CTRL-VEGFA-sgRNADel-PD_TREAT-VEGFA-All-PD_rep1.filtered.C2T_merge_G2A_noHeader.Sign.tsv
    output: ../mpmat_merge_Sign/293T-bat_TREAT-VEGFA-All-PD_CTRL-VEGFA-sgRNADel-PD_rep1_hg38.filtered.C2T_merge_G2A.sort.Sign_poisson.mpmat
    jobid: 13
    reason: Missing output files: ../mpmat_merge_Sign/293T-bat_TREAT-VEGFA-All-PD_CTRL-VEGFA-sgRNADel-PD_rep1_hg38.filtered.C2T_merge_G2A.sort.Sign_poisson.mpmat; Input files updated by another job: ../table/detect_seq.StatsTest.table_CTRL-VEGFA-sgRNADel-PD_TREAT-VEGFA-All-PD_rep1.filtered.C2T_merge_G2A_noHeader.Sign.tsv
    wildcards: treat=VEGFA-All-PD, ctrl=VEGFA-sgRNADel-PD, rep=rep1, a=C, b=T, c=G, d=A


        if [[ `cat ../table/detect_seq.StatsTest.table_CTRL-VEGFA-sgRNADel-PD_TREAT-VEGFA-All-PD_rep1.filtered.C2T_merge_G2A_noHeader.Sign.tsv |wc -l` -eq 0 ]]; then 
        echo "table is empty" 
        echo "will touch a empty file" 
        touch ../mpmat_merge_Sign/293T-bat_TREAT-VEGFA-All-PD_CTRL-VEGFA-sgRNADel-PD_rep1_hg38.filtered.C2T_merge_G2A.sort.Sign_poisson.mpmat
        else
        echo "table is ok!"
        echo "run bedtools intersect"
        /home/zhaohuanan/miniconda3/envs/snakepipes_detect-seq_fastq_bam_plot/bin/bedtools intersect -a ../mpmat_merge/293T-bat_VEGFA-All-PD_rep1_hg38.filtered.C2T_merge_G2A.sort.mpmat -b ../table/detect_seq.StatsTest.table_CTRL-VEGFA-sgRNADel-PD_TREAT-VEGFA-All-PD_rep1.filtered.C2T_merge_G2A_noHeader.Sign.tsv -wa > ../mpmat_merge_Sign/293T-bat_TREAT-VEGFA-All-PD_CTRL-VEGFA-sgRNADel-PD_rep1_hg38.filtered.C2T_merge_G2A.sort.Sign_poisson.mpmat
        fi
        
[Thu Oct 15 17:30:23 2020]
Finished job 13.
21 of 25 steps (84%) done

[Thu Oct 15 17:30:23 2020]
rule sgRNA_alignment:
    input: ../mpmat_merge_Sign/293T-bat_TREAT-VEGFA-All-PD_CTRL-VEGFA-sgRNADel-PD_rep1_hg38.filtered.C2T_merge_G2A.sort.Sign_poisson.mpmat
    output: ../mpmat_merge_Sign/293T-bat_TREAT-VEGFA-All-PD_CTRL-VEGFA-sgRNADel-PD_rep1_hg38.filtered.C2T_merge_G2A.sort.Sign_poisson.art
    jobid: 17
    reason: Missing output files: ../mpmat_merge_Sign/293T-bat_TREAT-VEGFA-All-PD_CTRL-VEGFA-sgRNADel-PD_rep1_hg38.filtered.C2T_merge_G2A.sort.Sign_poisson.art; Input files updated by another job: ../mpmat_merge_Sign/293T-bat_TREAT-VEGFA-All-PD_CTRL-VEGFA-sgRNADel-PD_rep1_hg38.filtered.C2T_merge_G2A.sort.Sign_poisson.mpmat
    wildcards: treat=VEGFA-All-PD, ctrl=VEGFA-sgRNADel-PD, rep=rep1, a=C, b=T, c=G, d=A


        if [[ `cat ../mpmat_merge_Sign/293T-bat_TREAT-VEGFA-All-PD_CTRL-VEGFA-sgRNADel-PD_rep1_hg38.filtered.C2T_merge_G2A.sort.Sign_poisson.mpmat |wc -l` -eq 0 ]]; then 
        echo "Sign mpmat is empty" 
        echo "will touch a empty file" 
        touch ../mpmat_merge_Sign/293T-bat_TREAT-VEGFA-All-PD_CTRL-VEGFA-sgRNADel-PD_rep1_hg38.filtered.C2T_merge_G2A.sort.Sign_poisson.art
        else
        echo "Sign mpmat is ok!"
        echo "run sgRNA_alignment/[mpmat to art]"
        /home/zhaohuanan/miniconda3/envs/snakepipes_detect-seq_fastq_bam_plot/bin/python ./program/mpmat-to-art-V03-zhn.py -i ../mpmat_merge_Sign/293T-bat_TREAT-VEGFA-All-PD_CTRL-VEGFA-sgRNADel-PD_rep1_hg38.filtered.C2T_merge_G2A.sort.Sign_poisson.mpmat -r /home/zhaohuanan/zhaohn_HD/2.database/fasta_hg38/hg38_only_chromosome.fa --sgRNA GACCCCCTCCACCCCGCCTCCGG > ../mpmat_merge_Sign/293T-bat_TREAT-VEGFA-All-PD_CTRL-VEGFA-sgRNADel-PD_rep1_hg38.filtered.C2T_merge_G2A.sort.Sign_poisson.art
        fi
        
[Thu Oct 15 17:30:27 2020]
Finished job 17.
22 of 25 steps (88%) done

[Thu Oct 15 17:30:27 2020]
rule art_plot:
    input: ../mpmat_merge_Sign/293T-bat_TREAT-VEGFA-All-PD_CTRL-VEGFA-sgRNADel-PD_rep1_hg38.filtered.C2T_merge_G2A.sort.Sign_poisson.art
    output: ../plot_art/293T-bat_TREAT-VEGFA-All-PD_CTRL-VEGFA-sgRNADel-PD_rep1_hg38.filtered.C2T_merge_G2A.sort.Sign_poisson.art_plot.pdf
    jobid: 21
    reason: Missing output files: ../plot_art/293T-bat_TREAT-VEGFA-All-PD_CTRL-VEGFA-sgRNADel-PD_rep1_hg38.filtered.C2T_merge_G2A.sort.Sign_poisson.art_plot.pdf; Input files updated by another job: ../mpmat_merge_Sign/293T-bat_TREAT-VEGFA-All-PD_CTRL-VEGFA-sgRNADel-PD_rep1_hg38.filtered.C2T_merge_G2A.sort.Sign_poisson.art
    wildcards: treat=VEGFA-All-PD, ctrl=VEGFA-sgRNADel-PD, rep=rep1, a=C, b=T, c=G, d=A


        if [[ `cat ../mpmat_merge_Sign/293T-bat_TREAT-VEGFA-All-PD_CTRL-VEGFA-sgRNADel-PD_rep1_hg38.filtered.C2T_merge_G2A.sort.Sign_poisson.art |wc -l` -eq 0 ]]; then 
        echo "Sign art is empty" 
        echo "will touch a empty file" 
        touch ../plot_art/293T-bat_TREAT-VEGFA-All-PD_CTRL-VEGFA-sgRNADel-PD_rep1_hg38.filtered.C2T_merge_G2A.sort.Sign_poisson.art_plot.pdf
        echo "Formal output
No significant results" > ../plot_art/293T-bat_TREAT-VEGFA-All-PD_CTRL-VEGFA-sgRNADel-PD_rep1_hg38.filtered.C2T_merge_G2A.sort.Sign_poisson.art_plot.pdf.empty.log
        else
        echo "Sign art is ok!"
        echo "run art plot"
        /home/zhaohuanan/miniconda3/envs/snakepipes_detect-seq_fastq_bam_plot/bin/python ./program/plot-art-V01.py         -i ../mpmat_merge_Sign/293T-bat_TREAT-VEGFA-All-PD_CTRL-VEGFA-sgRNADel-PD_rep1_hg38.filtered.C2T_merge_G2A.sort.Sign_poisson.art         --sgRNA GACCCCCTCCACCCCGCCTCCGG         -o ../plot_art/293T-bat_TREAT-VEGFA-All-PD_CTRL-VEGFA-sgRNADel-PD_rep1_hg38.filtered.C2T_merge_G2A.sort.Sign_poisson.art_plot.pdf
        fi
        
[Thu Oct 15 17:35:34 2020]
Finished job 21.
23 of 25 steps (92%) done
[Thu Oct 15 17:36:09 2020]
Finished job 22.
24 of 25 steps (96%) done

[Thu Oct 15 17:36:09 2020]
localrule all:
    input: ../mpmat_merge/293T-bat_VEGFA-All-PD_rep1_hg38.filtered.C2T_merge_G2A.sort.mpmat, ../mpmat_merge/293T-bat_VEGFA-All-PD_rep2_hg38.filtered.C2T_merge_G2A.sort.mpmat, ../mpmat_merge/293T-bat_VEGFA-Vector-PD_rep1_hg38.filtered.C2T_merge_G2A.sort.mpmat, ../mpmat_merge/293T-bat_VEGFA-Vector-PD_rep2_hg38.filtered.C2T_merge_G2A.sort.mpmat, ../bam/293T-bat_VEGFA-sgRNADel-PD_rep1_hg38.MAPQ20.bam, ../bam/293T-bat_VEGFA-sgRNADel-PD_rep2_hg38.MAPQ20.bam, ../bam/293T-bat_VEGFA-All-PD_rep1_hg38.MAPQ20.bam, ../bam/293T-bat_VEGFA-All-PD_rep2_hg38.MAPQ20.bam, ../bam/293T-bat_VEGFA-Vector-PD_rep1_hg38.MAPQ20.bam, ../bam/293T-bat_VEGFA-Vector-PD_rep2_hg38.MAPQ20.bam, ../json/293T-bat_VEGFA-sgRNADel-PD_rep1_hg38.MAPQ20.background.json, ../json/293T-bat_VEGFA-sgRNADel-PD_rep2_hg38.MAPQ20.background.json, ../json/293T-bat_VEGFA-All-PD_rep1_hg38.MAPQ20.background.json, ../json/293T-bat_VEGFA-All-PD_rep2_hg38.MAPQ20.background.json, ../json/293T-bat_VEGFA-Vector-PD_rep1_hg38.MAPQ20.background.json, ../json/293T-bat_VEGFA-Vector-PD_rep2_hg38.MAPQ20.background.json, ../table/detect_seq.StatsTest.table_CTRL-VEGFA-sgRNADel-PD_TREAT-VEGFA-All-PD_rep1.filtered.C2T_merge_G2A.tsv, ../table/detect_seq.StatsTest.table_CTRL-VEGFA-sgRNADel-PD_TREAT-VEGFA-All-PD_rep2.filtered.C2T_merge_G2A.tsv, ../table/detect_seq.StatsTest.table_CTRL-VEGFA-sgRNADel-PD_TREAT-VEGFA-Vector-PD_rep1.filtered.C2T_merge_G2A.tsv, ../table/detect_seq.StatsTest.table_CTRL-VEGFA-sgRNADel-PD_TREAT-VEGFA-Vector-PD_rep2.filtered.C2T_merge_G2A.tsv, ../table/detect_seq.StatsTest.table_CTRL-VEGFA-sgRNADel-PD_TREAT-VEGFA-All-PD_rep1.filtered.C2T_merge_G2A_noHeader.tsv, ../table/detect_seq.StatsTest.table_CTRL-VEGFA-sgRNADel-PD_TREAT-VEGFA-All-PD_rep2.filtered.C2T_merge_G2A_noHeader.tsv, ../table/detect_seq.StatsTest.table_CTRL-VEGFA-sgRNADel-PD_TREAT-VEGFA-Vector-PD_rep1.filtered.C2T_merge_G2A_noHeader.tsv, ../table/detect_seq.StatsTest.table_CTRL-VEGFA-sgRNADel-PD_TREAT-VEGFA-Vector-PD_rep2.filtered.C2T_merge_G2A_noHeader.tsv, ../table/detect_seq.StatsTest.table_CTRL-VEGFA-sgRNADel-PD_TREAT-VEGFA-All-PD_rep1.filtered.C2T_merge_G2A_noHeader.Sign.tsv, ../table/detect_seq.StatsTest.table_CTRL-VEGFA-sgRNADel-PD_TREAT-VEGFA-All-PD_rep2.filtered.C2T_merge_G2A_noHeader.Sign.tsv, ../table/detect_seq.StatsTest.table_CTRL-VEGFA-sgRNADel-PD_TREAT-VEGFA-Vector-PD_rep1.filtered.C2T_merge_G2A_noHeader.Sign.tsv, ../table/detect_seq.StatsTest.table_CTRL-VEGFA-sgRNADel-PD_TREAT-VEGFA-Vector-PD_rep2.filtered.C2T_merge_G2A_noHeader.Sign.tsv, ../mpmat_merge_Sign/293T-bat_TREAT-VEGFA-All-PD_CTRL-VEGFA-sgRNADel-PD_rep1_hg38.filtered.C2T_merge_G2A.sort.Sign_poisson.mpmat, ../mpmat_merge_Sign/293T-bat_TREAT-VEGFA-All-PD_CTRL-VEGFA-sgRNADel-PD_rep2_hg38.filtered.C2T_merge_G2A.sort.Sign_poisson.mpmat, ../mpmat_merge_Sign/293T-bat_TREAT-VEGFA-Vector-PD_CTRL-VEGFA-sgRNADel-PD_rep1_hg38.filtered.C2T_merge_G2A.sort.Sign_poisson.mpmat, ../mpmat_merge_Sign/293T-bat_TREAT-VEGFA-Vector-PD_CTRL-VEGFA-sgRNADel-PD_rep2_hg38.filtered.C2T_merge_G2A.sort.Sign_poisson.mpmat, ../mpmat_merge_Sign/293T-bat_TREAT-VEGFA-All-PD_CTRL-VEGFA-sgRNADel-PD_rep1_hg38.filtered.C2T_merge_G2A.sort.Sign_poisson.art, ../mpmat_merge_Sign/293T-bat_TREAT-VEGFA-All-PD_CTRL-VEGFA-sgRNADel-PD_rep2_hg38.filtered.C2T_merge_G2A.sort.Sign_poisson.art, ../mpmat_merge_Sign/293T-bat_TREAT-VEGFA-Vector-PD_CTRL-VEGFA-sgRNADel-PD_rep1_hg38.filtered.C2T_merge_G2A.sort.Sign_poisson.art, ../mpmat_merge_Sign/293T-bat_TREAT-VEGFA-Vector-PD_CTRL-VEGFA-sgRNADel-PD_rep2_hg38.filtered.C2T_merge_G2A.sort.Sign_poisson.art, ../plot_art/293T-bat_TREAT-VEGFA-All-PD_CTRL-VEGFA-sgRNADel-PD_rep1_hg38.filtered.C2T_merge_G2A.sort.Sign_poisson.art_plot.pdf, ../plot_art/293T-bat_TREAT-VEGFA-All-PD_CTRL-VEGFA-sgRNADel-PD_rep2_hg38.filtered.C2T_merge_G2A.sort.Sign_poisson.art_plot.pdf, ../plot_art/293T-bat_TREAT-VEGFA-Vector-PD_CTRL-VEGFA-sgRNADel-PD_rep1_hg38.filtered.C2T_merge_G2A.sort.Sign_poisson.art_plot.pdf, ../plot_art/293T-bat_TREAT-VEGFA-Vector-PD_CTRL-VEGFA-sgRNADel-PD_rep2_hg38.filtered.C2T_merge_G2A.sort.Sign_poisson.art_plot.pdf
    jobid: 0
    reason: Input files updated by another job: ../table/detect_seq.StatsTest.table_CTRL-VEGFA-sgRNADel-PD_TREAT-VEGFA-Vector-PD_rep2.filtered.C2T_merge_G2A.tsv, ../table/detect_seq.StatsTest.table_CTRL-VEGFA-sgRNADel-PD_TREAT-VEGFA-All-PD_rep2.filtered.C2T_merge_G2A.tsv, ../mpmat_merge_Sign/293T-bat_TREAT-VEGFA-Vector-PD_CTRL-VEGFA-sgRNADel-PD_rep2_hg38.filtered.C2T_merge_G2A.sort.Sign_poisson.mpmat, ../mpmat_merge_Sign/293T-bat_TREAT-VEGFA-All-PD_CTRL-VEGFA-sgRNADel-PD_rep2_hg38.filtered.C2T_merge_G2A.sort.Sign_poisson.mpmat, ../table/detect_seq.StatsTest.table_CTRL-VEGFA-sgRNADel-PD_TREAT-VEGFA-Vector-PD_rep2.filtered.C2T_merge_G2A_noHeader.Sign.tsv, ../mpmat_merge_Sign/293T-bat_TREAT-VEGFA-Vector-PD_CTRL-VEGFA-sgRNADel-PD_rep2_hg38.filtered.C2T_merge_G2A.sort.Sign_poisson.art, ../table/detect_seq.StatsTest.table_CTRL-VEGFA-sgRNADel-PD_TREAT-VEGFA-Vector-PD_rep2.filtered.C2T_merge_G2A_noHeader.tsv, ../plot_art/293T-bat_TREAT-VEGFA-Vector-PD_CTRL-VEGFA-sgRNADel-PD_rep1_hg38.filtered.C2T_merge_G2A.sort.Sign_poisson.art_plot.pdf, ../plot_art/293T-bat_TREAT-VEGFA-Vector-PD_CTRL-VEGFA-sgRNADel-PD_rep2_hg38.filtered.C2T_merge_G2A.sort.Sign_poisson.art_plot.pdf, ../table/detect_seq.StatsTest.table_CTRL-VEGFA-sgRNADel-PD_TREAT-VEGFA-All-PD_rep1.filtered.C2T_merge_G2A.tsv, ../table/detect_seq.StatsTest.table_CTRL-VEGFA-sgRNADel-PD_TREAT-VEGFA-Vector-PD_rep1.filtered.C2T_merge_G2A_noHeader.tsv, ../table/detect_seq.StatsTest.table_CTRL-VEGFA-sgRNADel-PD_TREAT-VEGFA-Vector-PD_rep1.filtered.C2T_merge_G2A.tsv, ../mpmat_merge_Sign/293T-bat_TREAT-VEGFA-Vector-PD_CTRL-VEGFA-sgRNADel-PD_rep1_hg38.filtered.C2T_merge_G2A.sort.Sign_poisson.mpmat, ../mpmat_merge_Sign/293T-bat_TREAT-VEGFA-Vector-PD_CTRL-VEGFA-sgRNADel-PD_rep1_hg38.filtered.C2T_merge_G2A.sort.Sign_poisson.art, ../plot_art/293T-bat_TREAT-VEGFA-All-PD_CTRL-VEGFA-sgRNADel-PD_rep1_hg38.filtered.C2T_merge_G2A.sort.Sign_poisson.art_plot.pdf, ../table/detect_seq.StatsTest.table_CTRL-VEGFA-sgRNADel-PD_TREAT-VEGFA-All-PD_rep1.filtered.C2T_merge_G2A_noHeader.Sign.tsv, ../table/detect_seq.StatsTest.table_CTRL-VEGFA-sgRNADel-PD_TREAT-VEGFA-All-PD_rep2.filtered.C2T_merge_G2A_noHeader.tsv, ../mpmat_merge_Sign/293T-bat_TREAT-VEGFA-All-PD_CTRL-VEGFA-sgRNADel-PD_rep1_hg38.filtered.C2T_merge_G2A.sort.Sign_poisson.art, ../table/detect_seq.StatsTest.table_CTRL-VEGFA-sgRNADel-PD_TREAT-VEGFA-Vector-PD_rep1.filtered.C2T_merge_G2A_noHeader.Sign.tsv, ../table/detect_seq.StatsTest.table_CTRL-VEGFA-sgRNADel-PD_TREAT-VEGFA-All-PD_rep2.filtered.C2T_merge_G2A_noHeader.Sign.tsv, ../mpmat_merge_Sign/293T-bat_TREAT-VEGFA-All-PD_CTRL-VEGFA-sgRNADel-PD_rep2_hg38.filtered.C2T_merge_G2A.sort.Sign_poisson.art, ../table/detect_seq.StatsTest.table_CTRL-VEGFA-sgRNADel-PD_TREAT-VEGFA-All-PD_rep1.filtered.C2T_merge_G2A_noHeader.tsv, ../mpmat_merge_Sign/293T-bat_TREAT-VEGFA-All-PD_CTRL-VEGFA-sgRNADel-PD_rep1_hg38.filtered.C2T_merge_G2A.sort.Sign_poisson.mpmat, ../plot_art/293T-bat_TREAT-VEGFA-All-PD_CTRL-VEGFA-sgRNADel-PD_rep2_hg38.filtered.C2T_merge_G2A.sort.Sign_poisson.art_plot.pdf

[Thu Oct 15 17:36:09 2020]
Finished job 0.
25 of 25 steps (100%) done
Complete log: /gpfs/user/zhaohuanan/3.project/10.2020-09_0923_Practice_for_detect-seq-data/snakepipes_detect-seq_fastq_bam_plot/.snakemake/log/2020-10-15T172651.826678.snakemake.log
