Building DAG of jobs...
Using shell: /usr/bin/bash
Provided cores: 12
Rules claiming more threads will be scaled down.
Job counts:
	count	jobs
	1	all
	1	count_genome_background
	2

[Wed Nov 11 15:12:58 2020]
rule count_genome_background:
    input: ../bam/293T-bat_VEGFA-Vector-PD_rep1_bwa_hg38_sort_rmdup_MAPQ20.bam
    output: ../json/293T-bat_VEGFA-Vector-PD_rep1_hg38.MAPQ20.background.json
    log: ../json/293T-bat_VEGFA-Vector-PD_rep1_hg38.MAPQ20.background.json.log
    jobid: 3
    reason: Missing output files: ../json/293T-bat_VEGFA-Vector-PD_rep1_hg38.MAPQ20.background.json
    wildcards: sample=VEGFA-Vector-PD, rep=rep1


        /home/zhaohuanan/zhaohn_HD/miniconda3/envs/snakepipes_detect-seq/bin/python ./program/calculate-mut-stats-V02.py         -i ../bam/293T-bat_VEGFA-Vector-PD_rep1_bwa_hg38_sort_rmdup_MAPQ20.bam         -r /home/zhaohuanan/zhaohn_HD/2.database/fasta_hg38/hg38_only_chromosome.fa         -p 24         -o ../json/293T-bat_VEGFA-Vector-PD_rep1_hg38.MAPQ20.background.json 2>../json/293T-bat_VEGFA-Vector-PD_rep1_hg38.MAPQ20.background.json.log
        
[Wed Nov 11 15:18:25 2020]
Finished job 3.
1 of 2 steps (50%) done

[Wed Nov 11 15:18:26 2020]
localrule all:
    input: ../bam/293T-bat_GBEmini-AP-RNF2-All-PD_rep1_bwa_hg38_sort_rmdup_MAPQ20.bam, ../bam/293T-bat_GBEmini-dU-RNF2-All-PD_rep1_bwa_hg38_sort_rmdup_MAPQ20.bam, ../bam/293T-bat_VEGFA-Vector-PD_rep1_bwa_hg38_sort_rmdup_MAPQ20.bam, ../bam/293T-bat_test_rep1_bwa_hg38_sort_rmdup_MAPQ20.bam, ../json/293T-bat_GBEmini-AP-RNF2-All-PD_rep1_hg38.MAPQ20.background.json, ../json/293T-bat_GBEmini-dU-RNF2-All-PD_rep1_hg38.MAPQ20.background.json, ../json/293T-bat_VEGFA-Vector-PD_rep1_hg38.MAPQ20.background.json, ../json/293T-bat_test_rep1_hg38.MAPQ20.background.json
    jobid: 0
    reason: Input files updated by another job: ../json/293T-bat_VEGFA-Vector-PD_rep1_hg38.MAPQ20.background.json

[Wed Nov 11 15:18:26 2020]
Finished job 0.
2 of 2 steps (100%) done
Complete log: /gpfs/user/zhaohuanan/3.project/20.2020-11_1109_GBE_DETECT-Seq_old_protocol/snakepipes_detect-seq_fastq_bam_plot/.snakemake/log/2020-11-11T151258.581031.snakemake.log
