Building DAG of jobs...
Job counts:
	count	jobs
	1	all
	6	bam2mpileup
	12	bmat2pmat
	6	mpileup2bmat
	24	pmat_merge
	12	select_base_info
	61

[Thu Sep 24 15:14:50 2020]
rule bam2mpileup:
    input: ../bam/293T-bat_VEGFA-All-PD_rep1_hg38.MAPQ20.bam
    output: ../mpileup_pmat_bmat/293T-bat_VEGFA-All-PD_rep1_hg38.MAPQ20.mpileup
    jobid: 1
    reason: Missing output files: ../mpileup_pmat_bmat/293T-bat_VEGFA-All-PD_rep1_hg38.MAPQ20.mpileup
    wildcards: sample=VEGFA-All-PD, rep=rep1


        /home/zhaohuanan/miniconda3/envs/snakepipes_detect-seq_fastq_bam_plot/bin/samtools mpileup         -q 20 -Q 20         --reference /home/zhaohuanan/zhaohn_HD/2.database/fasta_hg38/hg38_only_chromosome.fa         -o ../mpileup_pmat_bmat/293T-bat_VEGFA-All-PD_rep1_hg38.MAPQ20.mpileup         ../bam/293T-bat_VEGFA-All-PD_rep1_hg38.MAPQ20.bam
        

[Thu Sep 24 15:14:50 2020]
rule bam2mpileup:
    input: ../bam/293T-bat_VEGFA-Vector-PD_rep1_hg38.MAPQ20.bam
    output: ../mpileup_pmat_bmat/293T-bat_VEGFA-Vector-PD_rep1_hg38.MAPQ20.mpileup
    jobid: 3
    reason: Missing output files: ../mpileup_pmat_bmat/293T-bat_VEGFA-Vector-PD_rep1_hg38.MAPQ20.mpileup
    wildcards: sample=VEGFA-Vector-PD, rep=rep1


        /home/zhaohuanan/miniconda3/envs/snakepipes_detect-seq_fastq_bam_plot/bin/samtools mpileup         -q 20 -Q 20         --reference /home/zhaohuanan/zhaohn_HD/2.database/fasta_hg38/hg38_only_chromosome.fa         -o ../mpileup_pmat_bmat/293T-bat_VEGFA-Vector-PD_rep1_hg38.MAPQ20.mpileup         ../bam/293T-bat_VEGFA-Vector-PD_rep1_hg38.MAPQ20.bam
        

[Thu Sep 24 15:14:50 2020]
rule bam2mpileup:
    input: ../bam/293T-bat_VEGFA-sgRNADel-PD_rep1_hg38.MAPQ20.bam
    output: ../mpileup_pmat_bmat/293T-bat_VEGFA-sgRNADel-PD_rep1_hg38.MAPQ20.mpileup
    jobid: 5
    reason: Missing output files: ../mpileup_pmat_bmat/293T-bat_VEGFA-sgRNADel-PD_rep1_hg38.MAPQ20.mpileup
    wildcards: sample=VEGFA-sgRNADel-PD, rep=rep1


        /home/zhaohuanan/miniconda3/envs/snakepipes_detect-seq_fastq_bam_plot/bin/samtools mpileup         -q 20 -Q 20         --reference /home/zhaohuanan/zhaohn_HD/2.database/fasta_hg38/hg38_only_chromosome.fa         -o ../mpileup_pmat_bmat/293T-bat_VEGFA-sgRNADel-PD_rep1_hg38.MAPQ20.mpileup         ../bam/293T-bat_VEGFA-sgRNADel-PD_rep1_hg38.MAPQ20.bam
        

[Thu Sep 24 15:14:50 2020]
rule bam2mpileup:
    input: ../bam/293T-bat_VEGFA-All-PD_rep2_hg38.MAPQ20.bam
    output: ../mpileup_pmat_bmat/293T-bat_VEGFA-All-PD_rep2_hg38.MAPQ20.mpileup
    jobid: 2
    reason: Missing output files: ../mpileup_pmat_bmat/293T-bat_VEGFA-All-PD_rep2_hg38.MAPQ20.mpileup
    wildcards: sample=VEGFA-All-PD, rep=rep2


        /home/zhaohuanan/miniconda3/envs/snakepipes_detect-seq_fastq_bam_plot/bin/samtools mpileup         -q 20 -Q 20         --reference /home/zhaohuanan/zhaohn_HD/2.database/fasta_hg38/hg38_only_chromosome.fa         -o ../mpileup_pmat_bmat/293T-bat_VEGFA-All-PD_rep2_hg38.MAPQ20.mpileup         ../bam/293T-bat_VEGFA-All-PD_rep2_hg38.MAPQ20.bam
        

[Thu Sep 24 15:14:50 2020]
rule bam2mpileup:
    input: ../bam/293T-bat_VEGFA-Vector-PD_rep2_hg38.MAPQ20.bam
    output: ../mpileup_pmat_bmat/293T-bat_VEGFA-Vector-PD_rep2_hg38.MAPQ20.mpileup
    jobid: 4
    reason: Missing output files: ../mpileup_pmat_bmat/293T-bat_VEGFA-Vector-PD_rep2_hg38.MAPQ20.mpileup
    wildcards: sample=VEGFA-Vector-PD, rep=rep2


        /home/zhaohuanan/miniconda3/envs/snakepipes_detect-seq_fastq_bam_plot/bin/samtools mpileup         -q 20 -Q 20         --reference /home/zhaohuanan/zhaohn_HD/2.database/fasta_hg38/hg38_only_chromosome.fa         -o ../mpileup_pmat_bmat/293T-bat_VEGFA-Vector-PD_rep2_hg38.MAPQ20.mpileup         ../bam/293T-bat_VEGFA-Vector-PD_rep2_hg38.MAPQ20.bam
        

[Thu Sep 24 15:14:50 2020]
rule bam2mpileup:
    input: ../bam/293T-bat_VEGFA-sgRNADel-PD_rep2_hg38.MAPQ20.bam
    output: ../mpileup_pmat_bmat/293T-bat_VEGFA-sgRNADel-PD_rep2_hg38.MAPQ20.mpileup
    jobid: 6
    reason: Missing output files: ../mpileup_pmat_bmat/293T-bat_VEGFA-sgRNADel-PD_rep2_hg38.MAPQ20.mpileup
    wildcards: sample=VEGFA-sgRNADel-PD, rep=rep2


        /home/zhaohuanan/miniconda3/envs/snakepipes_detect-seq_fastq_bam_plot/bin/samtools mpileup         -q 20 -Q 20         --reference /home/zhaohuanan/zhaohn_HD/2.database/fasta_hg38/hg38_only_chromosome.fa         -o ../mpileup_pmat_bmat/293T-bat_VEGFA-sgRNADel-PD_rep2_hg38.MAPQ20.mpileup         ../bam/293T-bat_VEGFA-sgRNADel-PD_rep2_hg38.MAPQ20.bam
        

[Thu Sep 24 15:14:50 2020]
rule mpileup2bmat:
    input: ../mpileup_pmat_bmat/293T-bat_VEGFA-Vector-PD_rep2_hg38.MAPQ20.mpileup
    output: ../mpileup_pmat_bmat/293T-bat_VEGFA-Vector-PD_rep2_hg38.MAPQ20.bmat
    jobid: 10
    reason: Missing output files: ../mpileup_pmat_bmat/293T-bat_VEGFA-Vector-PD_rep2_hg38.MAPQ20.bmat; Input files updated by another job: ../mpileup_pmat_bmat/293T-bat_VEGFA-Vector-PD_rep2_hg38.MAPQ20.mpileup
    wildcards: sample=VEGFA-Vector-PD, rep=rep2

RuleException in line 52 of /gpfs/user/zhaohuanan/3.project/10.2020-09_0923_Practice_for_detect-seq-data/snakepipes_detect-seq_fastq_bam_plot/snk.1.bam2mpileup.py:
NameError: The name 'inout' is unknown in this context. Please make sure that you defined that variable. Also note that braces not used for variable access have to be escaped by repeating them, i.e. {{print $1}}
  File "/home/zhaohuanan/miniconda3/lib/python3.7/site-packages/snakemake/executors/__init__.py", line 115, in run_jobs
  File "/home/zhaohuanan/miniconda3/lib/python3.7/site-packages/snakemake/executors/__init__.py", line 120, in run
  File "/home/zhaohuanan/miniconda3/lib/python3.7/site-packages/snakemake/executors/__init__.py", line 131, in _run
  File "/home/zhaohuanan/miniconda3/lib/python3.7/site-packages/snakemake/executors/__init__.py", line 151, in printjob
  File "/home/zhaohuanan/miniconda3/lib/python3.7/site-packages/snakemake/executors/__init__.py", line 137, in printjob
