Building DAG of jobs...
Using shell: /usr/bin/bash
Provided cores: 24
Rules claiming more threads will be scaled down.
Job counts:
	count	jobs
	1	all
	6	count_genome_background
	12	mpmat_filter
	6	mpmat_merge
	6	sort_mpmat
	31

[Thu Oct  1 12:52:33 2020]
rule mpmat_filter:
    input: ../mpmat/293T-bat_VEGFA-Vector-PD_rep2_hg38.select.G2A.mpmat
    output: ../mpmat/293T-bat_VEGFA-Vector-PD_rep2_hg38.filtered.G2A.mpmat
    jobid: 10
    reason: Missing output files: ../mpmat/293T-bat_VEGFA-Vector-PD_rep2_hg38.filtered.G2A.mpmat
    wildcards: sample=VEGFA-Vector-PD, rep=rep2, ac=G, bd=A


        /home/zhaohuanan/miniconda3/envs/snakepipes_detect-seq_fastq_bam_plot/bin/python ./program/mpmat-select-V02.py         -i ../mpmat/293T-bat_VEGFA-Vector-PD_rep2_hg38.select.G2A.mpmat -o ../mpmat/293T-bat_VEGFA-Vector-PD_rep2_hg38.filtered.G2A.mpmat         -f G -t A         --SiteMutNum 4         --SiteCoverNum 10         --SiteMutRatio 0.1         --RegionPassNum 2         --RegionToleranceNum 3         --InHeader False         --OutHeader False
        

[Thu Oct  1 12:52:33 2020]
rule mpmat_filter:
    input: ../mpmat/293T-bat_VEGFA-sgRNADel-PD_rep2_hg38.select.G2A.mpmat
    output: ../mpmat/293T-bat_VEGFA-sgRNADel-PD_rep2_hg38.filtered.G2A.mpmat
    jobid: 12
    reason: Missing output files: ../mpmat/293T-bat_VEGFA-sgRNADel-PD_rep2_hg38.filtered.G2A.mpmat
    wildcards: sample=VEGFA-sgRNADel-PD, rep=rep2, ac=G, bd=A


        /home/zhaohuanan/miniconda3/envs/snakepipes_detect-seq_fastq_bam_plot/bin/python ./program/mpmat-select-V02.py         -i ../mpmat/293T-bat_VEGFA-sgRNADel-PD_rep2_hg38.select.G2A.mpmat -o ../mpmat/293T-bat_VEGFA-sgRNADel-PD_rep2_hg38.filtered.G2A.mpmat         -f G -t A         --SiteMutNum 4         --SiteCoverNum 10         --SiteMutRatio 0.1         --RegionPassNum 2         --RegionToleranceNum 3         --InHeader False         --OutHeader False
        

[Thu Oct  1 12:52:33 2020]
rule count_genome_background:
    input: ../bam/293T-bat_VEGFA-All-PD_rep2_hg38.MAPQ20.bam
    output: ../json/293T-bat_VEGFA-All-PD_rep2_hg38.MAPQ20.background.json
    log: ../json/293T-bat_VEGFA-All-PD_rep2_hg38.MAPQ20.background.json.log
    jobid: 26
    reason: Missing output files: ../json/293T-bat_VEGFA-All-PD_rep2_hg38.MAPQ20.background.json
    wildcards: sample=VEGFA-All-PD, rep=rep2


        /home/zhaohuanan/miniconda3/envs/snakepipes_detect-seq_fastq_bam_plot/bin/python ./program/calculate-mut-stats-V02.py         -i ../bam/293T-bat_VEGFA-All-PD_rep2_hg38.MAPQ20.bam         -r /home/zhaohuanan/zhaohn_HD/2.database/fasta_hg38/hg38_only_chromosome.fa         -p 24         -o ../json/293T-bat_VEGFA-All-PD_rep2_hg38.MAPQ20.background.json 2>../json/293T-bat_VEGFA-All-PD_rep2_hg38.MAPQ20.background.json.log
        

[Thu Oct  1 12:52:33 2020]
rule mpmat_filter:
    input: ../mpmat/293T-bat_VEGFA-All-PD_rep1_hg38.select.C2T.mpmat
    output: ../mpmat/293T-bat_VEGFA-All-PD_rep1_hg38.filtered.C2T.mpmat
    jobid: 1
    reason: Missing output files: ../mpmat/293T-bat_VEGFA-All-PD_rep1_hg38.filtered.C2T.mpmat
    wildcards: sample=VEGFA-All-PD, rep=rep1, ac=C, bd=T


        /home/zhaohuanan/miniconda3/envs/snakepipes_detect-seq_fastq_bam_plot/bin/python ./program/mpmat-select-V02.py         -i ../mpmat/293T-bat_VEGFA-All-PD_rep1_hg38.select.C2T.mpmat -o ../mpmat/293T-bat_VEGFA-All-PD_rep1_hg38.filtered.C2T.mpmat         -f C -t T         --SiteMutNum 4         --SiteCoverNum 10         --SiteMutRatio 0.1         --RegionPassNum 2         --RegionToleranceNum 3         --InHeader False         --OutHeader False
        

[Thu Oct  1 12:52:33 2020]
rule mpmat_filter:
    input: ../mpmat/293T-bat_VEGFA-Vector-PD_rep1_hg38.select.C2T.mpmat
    output: ../mpmat/293T-bat_VEGFA-Vector-PD_rep1_hg38.filtered.C2T.mpmat
    jobid: 3
    reason: Missing output files: ../mpmat/293T-bat_VEGFA-Vector-PD_rep1_hg38.filtered.C2T.mpmat
    wildcards: sample=VEGFA-Vector-PD, rep=rep1, ac=C, bd=T


        /home/zhaohuanan/miniconda3/envs/snakepipes_detect-seq_fastq_bam_plot/bin/python ./program/mpmat-select-V02.py         -i ../mpmat/293T-bat_VEGFA-Vector-PD_rep1_hg38.select.C2T.mpmat -o ../mpmat/293T-bat_VEGFA-Vector-PD_rep1_hg38.filtered.C2T.mpmat         -f C -t T         --SiteMutNum 4         --SiteCoverNum 10         --SiteMutRatio 0.1         --RegionPassNum 2         --RegionToleranceNum 3         --InHeader False         --OutHeader False
        

[Thu Oct  1 12:52:34 2020]
rule count_genome_background:
    input: ../bam/293T-bat_VEGFA-All-PD_rep1_hg38.MAPQ20.bam
    output: ../json/293T-bat_VEGFA-All-PD_rep1_hg38.MAPQ20.background.json
    log: ../json/293T-bat_VEGFA-All-PD_rep1_hg38.MAPQ20.background.json.log
    jobid: 25
    reason: Missing output files: ../json/293T-bat_VEGFA-All-PD_rep1_hg38.MAPQ20.background.json
    wildcards: sample=VEGFA-All-PD, rep=rep1


        /home/zhaohuanan/miniconda3/envs/snakepipes_detect-seq_fastq_bam_plot/bin/python ./program/calculate-mut-stats-V02.py         -i ../bam/293T-bat_VEGFA-All-PD_rep1_hg38.MAPQ20.bam         -r /home/zhaohuanan/zhaohn_HD/2.database/fasta_hg38/hg38_only_chromosome.fa         -p 24         -o ../json/293T-bat_VEGFA-All-PD_rep1_hg38.MAPQ20.background.json 2>../json/293T-bat_VEGFA-All-PD_rep1_hg38.MAPQ20.background.json.log
        

[Thu Oct  1 12:52:34 2020]
rule mpmat_filter:
    input: ../mpmat/293T-bat_VEGFA-sgRNADel-PD_rep1_hg38.select.C2T.mpmat
    output: ../mpmat/293T-bat_VEGFA-sgRNADel-PD_rep1_hg38.filtered.C2T.mpmat
    jobid: 5
    reason: Missing output files: ../mpmat/293T-bat_VEGFA-sgRNADel-PD_rep1_hg38.filtered.C2T.mpmat
    wildcards: sample=VEGFA-sgRNADel-PD, rep=rep1, ac=C, bd=T


        /home/zhaohuanan/miniconda3/envs/snakepipes_detect-seq_fastq_bam_plot/bin/python ./program/mpmat-select-V02.py         -i ../mpmat/293T-bat_VEGFA-sgRNADel-PD_rep1_hg38.select.C2T.mpmat -o ../mpmat/293T-bat_VEGFA-sgRNADel-PD_rep1_hg38.filtered.C2T.mpmat         -f C -t T         --SiteMutNum 4         --SiteCoverNum 10         --SiteMutRatio 0.1         --RegionPassNum 2         --RegionToleranceNum 3         --InHeader False         --OutHeader False
        

[Thu Oct  1 12:52:34 2020]
rule count_genome_background:
    input: ../bam/293T-bat_VEGFA-Vector-PD_rep1_hg38.MAPQ20.bam
    output: ../json/293T-bat_VEGFA-Vector-PD_rep1_hg38.MAPQ20.background.json
    log: ../json/293T-bat_VEGFA-Vector-PD_rep1_hg38.MAPQ20.background.json.log
    jobid: 27
    reason: Missing output files: ../json/293T-bat_VEGFA-Vector-PD_rep1_hg38.MAPQ20.background.json
    wildcards: sample=VEGFA-Vector-PD, rep=rep1


        /home/zhaohuanan/miniconda3/envs/snakepipes_detect-seq_fastq_bam_plot/bin/python ./program/calculate-mut-stats-V02.py         -i ../bam/293T-bat_VEGFA-Vector-PD_rep1_hg38.MAPQ20.bam         -r /home/zhaohuanan/zhaohn_HD/2.database/fasta_hg38/hg38_only_chromosome.fa         -p 24         -o ../json/293T-bat_VEGFA-Vector-PD_rep1_hg38.MAPQ20.background.json 2>../json/293T-bat_VEGFA-Vector-PD_rep1_hg38.MAPQ20.background.json.log
        

[Thu Oct  1 12:52:34 2020]
rule mpmat_filter:
    input: ../mpmat/293T-bat_VEGFA-All-PD_rep1_hg38.select.G2A.mpmat
    output: ../mpmat/293T-bat_VEGFA-All-PD_rep1_hg38.filtered.G2A.mpmat
    jobid: 7
    reason: Missing output files: ../mpmat/293T-bat_VEGFA-All-PD_rep1_hg38.filtered.G2A.mpmat
    wildcards: sample=VEGFA-All-PD, rep=rep1, ac=G, bd=A


        /home/zhaohuanan/miniconda3/envs/snakepipes_detect-seq_fastq_bam_plot/bin/python ./program/mpmat-select-V02.py         -i ../mpmat/293T-bat_VEGFA-All-PD_rep1_hg38.select.G2A.mpmat -o ../mpmat/293T-bat_VEGFA-All-PD_rep1_hg38.filtered.G2A.mpmat         -f G -t A         --SiteMutNum 4         --SiteCoverNum 10         --SiteMutRatio 0.1         --RegionPassNum 2         --RegionToleranceNum 3         --InHeader False         --OutHeader False
        

[Thu Oct  1 12:52:34 2020]
rule count_genome_background:
    input: ../bam/293T-bat_VEGFA-sgRNADel-PD_rep1_hg38.MAPQ20.bam
    output: ../json/293T-bat_VEGFA-sgRNADel-PD_rep1_hg38.MAPQ20.background.json
    log: ../json/293T-bat_VEGFA-sgRNADel-PD_rep1_hg38.MAPQ20.background.json.log
    jobid: 29
    reason: Missing output files: ../json/293T-bat_VEGFA-sgRNADel-PD_rep1_hg38.MAPQ20.background.json
    wildcards: sample=VEGFA-sgRNADel-PD, rep=rep1


        /home/zhaohuanan/miniconda3/envs/snakepipes_detect-seq_fastq_bam_plot/bin/python ./program/calculate-mut-stats-V02.py         -i ../bam/293T-bat_VEGFA-sgRNADel-PD_rep1_hg38.MAPQ20.bam         -r /home/zhaohuanan/zhaohn_HD/2.database/fasta_hg38/hg38_only_chromosome.fa         -p 24         -o ../json/293T-bat_VEGFA-sgRNADel-PD_rep1_hg38.MAPQ20.background.json 2>../json/293T-bat_VEGFA-sgRNADel-PD_rep1_hg38.MAPQ20.background.json.log
        

[Thu Oct  1 12:52:34 2020]
rule mpmat_filter:
    input: ../mpmat/293T-bat_VEGFA-Vector-PD_rep1_hg38.select.G2A.mpmat
    output: ../mpmat/293T-bat_VEGFA-Vector-PD_rep1_hg38.filtered.G2A.mpmat
    jobid: 9
    reason: Missing output files: ../mpmat/293T-bat_VEGFA-Vector-PD_rep1_hg38.filtered.G2A.mpmat
    wildcards: sample=VEGFA-Vector-PD, rep=rep1, ac=G, bd=A


        /home/zhaohuanan/miniconda3/envs/snakepipes_detect-seq_fastq_bam_plot/bin/python ./program/mpmat-select-V02.py         -i ../mpmat/293T-bat_VEGFA-Vector-PD_rep1_hg38.select.G2A.mpmat -o ../mpmat/293T-bat_VEGFA-Vector-PD_rep1_hg38.filtered.G2A.mpmat         -f G -t A         --SiteMutNum 4         --SiteCoverNum 10         --SiteMutRatio 0.1         --RegionPassNum 2         --RegionToleranceNum 3         --InHeader False         --OutHeader False
        

[Thu Oct  1 12:52:34 2020]
rule count_genome_background:
    input: ../bam/293T-bat_VEGFA-Vector-PD_rep2_hg38.MAPQ20.bam
    output: ../json/293T-bat_VEGFA-Vector-PD_rep2_hg38.MAPQ20.background.json
    log: ../json/293T-bat_VEGFA-Vector-PD_rep2_hg38.MAPQ20.background.json.log
    jobid: 28
    reason: Missing output files: ../json/293T-bat_VEGFA-Vector-PD_rep2_hg38.MAPQ20.background.json
    wildcards: sample=VEGFA-Vector-PD, rep=rep2


        /home/zhaohuanan/miniconda3/envs/snakepipes_detect-seq_fastq_bam_plot/bin/python ./program/calculate-mut-stats-V02.py         -i ../bam/293T-bat_VEGFA-Vector-PD_rep2_hg38.MAPQ20.bam         -r /home/zhaohuanan/zhaohn_HD/2.database/fasta_hg38/hg38_only_chromosome.fa         -p 24         -o ../json/293T-bat_VEGFA-Vector-PD_rep2_hg38.MAPQ20.background.json 2>../json/293T-bat_VEGFA-Vector-PD_rep2_hg38.MAPQ20.background.json.log
        

[Thu Oct  1 12:52:34 2020]
rule mpmat_filter:
    input: ../mpmat/293T-bat_VEGFA-sgRNADel-PD_rep1_hg38.select.G2A.mpmat
    output: ../mpmat/293T-bat_VEGFA-sgRNADel-PD_rep1_hg38.filtered.G2A.mpmat
    jobid: 11
    reason: Missing output files: ../mpmat/293T-bat_VEGFA-sgRNADel-PD_rep1_hg38.filtered.G2A.mpmat
    wildcards: sample=VEGFA-sgRNADel-PD, rep=rep1, ac=G, bd=A


        /home/zhaohuanan/miniconda3/envs/snakepipes_detect-seq_fastq_bam_plot/bin/python ./program/mpmat-select-V02.py         -i ../mpmat/293T-bat_VEGFA-sgRNADel-PD_rep1_hg38.select.G2A.mpmat -o ../mpmat/293T-bat_VEGFA-sgRNADel-PD_rep1_hg38.filtered.G2A.mpmat         -f G -t A         --SiteMutNum 4         --SiteCoverNum 10         --SiteMutRatio 0.1         --RegionPassNum 2         --RegionToleranceNum 3         --InHeader False         --OutHeader False
        

[Thu Oct  1 12:52:34 2020]
rule mpmat_filter:
    input: ../mpmat/293T-bat_VEGFA-All-PD_rep2_hg38.select.C2T.mpmat
    output: ../mpmat/293T-bat_VEGFA-All-PD_rep2_hg38.filtered.C2T.mpmat
    jobid: 2
    reason: Missing output files: ../mpmat/293T-bat_VEGFA-All-PD_rep2_hg38.filtered.C2T.mpmat
    wildcards: sample=VEGFA-All-PD, rep=rep2, ac=C, bd=T


        /home/zhaohuanan/miniconda3/envs/snakepipes_detect-seq_fastq_bam_plot/bin/python ./program/mpmat-select-V02.py         -i ../mpmat/293T-bat_VEGFA-All-PD_rep2_hg38.select.C2T.mpmat -o ../mpmat/293T-bat_VEGFA-All-PD_rep2_hg38.filtered.C2T.mpmat         -f C -t T         --SiteMutNum 4         --SiteCoverNum 10         --SiteMutRatio 0.1         --RegionPassNum 2         --RegionToleranceNum 3         --InHeader False         --OutHeader False
        

[Thu Oct  1 12:52:34 2020]
rule mpmat_filter:
    input: ../mpmat/293T-bat_VEGFA-Vector-PD_rep2_hg38.select.C2T.mpmat
    output: ../mpmat/293T-bat_VEGFA-Vector-PD_rep2_hg38.filtered.C2T.mpmat
    jobid: 4
    reason: Missing output files: ../mpmat/293T-bat_VEGFA-Vector-PD_rep2_hg38.filtered.C2T.mpmat
    wildcards: sample=VEGFA-Vector-PD, rep=rep2, ac=C, bd=T


        /home/zhaohuanan/miniconda3/envs/snakepipes_detect-seq_fastq_bam_plot/bin/python ./program/mpmat-select-V02.py         -i ../mpmat/293T-bat_VEGFA-Vector-PD_rep2_hg38.select.C2T.mpmat -o ../mpmat/293T-bat_VEGFA-Vector-PD_rep2_hg38.filtered.C2T.mpmat         -f C -t T         --SiteMutNum 4         --SiteCoverNum 10         --SiteMutRatio 0.1         --RegionPassNum 2         --RegionToleranceNum 3         --InHeader False         --OutHeader False
        

[Thu Oct  1 12:52:34 2020]
rule count_genome_background:
    input: ../bam/293T-bat_VEGFA-sgRNADel-PD_rep2_hg38.MAPQ20.bam
    output: ../json/293T-bat_VEGFA-sgRNADel-PD_rep2_hg38.MAPQ20.background.json
    log: ../json/293T-bat_VEGFA-sgRNADel-PD_rep2_hg38.MAPQ20.background.json.log
    jobid: 30
    reason: Missing output files: ../json/293T-bat_VEGFA-sgRNADel-PD_rep2_hg38.MAPQ20.background.json
    wildcards: sample=VEGFA-sgRNADel-PD, rep=rep2


        /home/zhaohuanan/miniconda3/envs/snakepipes_detect-seq_fastq_bam_plot/bin/python ./program/calculate-mut-stats-V02.py         -i ../bam/293T-bat_VEGFA-sgRNADel-PD_rep2_hg38.MAPQ20.bam         -r /home/zhaohuanan/zhaohn_HD/2.database/fasta_hg38/hg38_only_chromosome.fa         -p 24         -o ../json/293T-bat_VEGFA-sgRNADel-PD_rep2_hg38.MAPQ20.background.json 2>../json/293T-bat_VEGFA-sgRNADel-PD_rep2_hg38.MAPQ20.background.json.log
        

[Thu Oct  1 12:52:34 2020]
rule mpmat_filter:
    input: ../mpmat/293T-bat_VEGFA-sgRNADel-PD_rep2_hg38.select.C2T.mpmat
    output: ../mpmat/293T-bat_VEGFA-sgRNADel-PD_rep2_hg38.filtered.C2T.mpmat
    jobid: 6
    reason: Missing output files: ../mpmat/293T-bat_VEGFA-sgRNADel-PD_rep2_hg38.filtered.C2T.mpmat
    wildcards: sample=VEGFA-sgRNADel-PD, rep=rep2, ac=C, bd=T


        /home/zhaohuanan/miniconda3/envs/snakepipes_detect-seq_fastq_bam_plot/bin/python ./program/mpmat-select-V02.py         -i ../mpmat/293T-bat_VEGFA-sgRNADel-PD_rep2_hg38.select.C2T.mpmat -o ../mpmat/293T-bat_VEGFA-sgRNADel-PD_rep2_hg38.filtered.C2T.mpmat         -f C -t T         --SiteMutNum 4         --SiteCoverNum 10         --SiteMutRatio 0.1         --RegionPassNum 2         --RegionToleranceNum 3         --InHeader False         --OutHeader False
        

[Thu Oct  1 12:52:34 2020]
rule mpmat_filter:
    input: ../mpmat/293T-bat_VEGFA-All-PD_rep2_hg38.select.G2A.mpmat
    output: ../mpmat/293T-bat_VEGFA-All-PD_rep2_hg38.filtered.G2A.mpmat
    jobid: 8
    reason: Missing output files: ../mpmat/293T-bat_VEGFA-All-PD_rep2_hg38.filtered.G2A.mpmat
    wildcards: sample=VEGFA-All-PD, rep=rep2, ac=G, bd=A


        /home/zhaohuanan/miniconda3/envs/snakepipes_detect-seq_fastq_bam_plot/bin/python ./program/mpmat-select-V02.py         -i ../mpmat/293T-bat_VEGFA-All-PD_rep2_hg38.select.G2A.mpmat -o ../mpmat/293T-bat_VEGFA-All-PD_rep2_hg38.filtered.G2A.mpmat         -f G -t A         --SiteMutNum 4         --SiteCoverNum 10         --SiteMutRatio 0.1         --RegionPassNum 2         --RegionToleranceNum 3         --InHeader False         --OutHeader False
        
[Thu Oct  1 12:53:04 2020]
Finished job 10.
1 of 31 steps (3%) done
[Thu Oct  1 12:53:05 2020]
Finished job 4.
2 of 31 steps (6%) done

[Thu Oct  1 12:53:05 2020]
rule mpmat_merge:
    input: ../mpmat/293T-bat_VEGFA-Vector-PD_rep2_hg38.filtered.C2T.mpmat, ../mpmat/293T-bat_VEGFA-Vector-PD_rep2_hg38.filtered.G2A.mpmat
    output: ../mpmat_merge/293T-bat_VEGFA-Vector-PD_rep2_hg38.filtered.C2T_merge_G2A.mpmat
    jobid: 16
    reason: Missing output files: ../mpmat_merge/293T-bat_VEGFA-Vector-PD_rep2_hg38.filtered.C2T_merge_G2A.mpmat; Input files updated by another job: ../mpmat/293T-bat_VEGFA-Vector-PD_rep2_hg38.filtered.G2A.mpmat, ../mpmat/293T-bat_VEGFA-Vector-PD_rep2_hg38.filtered.C2T.mpmat
    wildcards: sample=VEGFA-Vector-PD, rep=rep2, a=C, b=T, c=G, d=A


        cat ../mpmat/293T-bat_VEGFA-Vector-PD_rep2_hg38.filtered.C2T.mpmat ../mpmat/293T-bat_VEGFA-Vector-PD_rep2_hg38.filtered.G2A.mpmat > ../mpmat_merge/293T-bat_VEGFA-Vector-PD_rep2_hg38.filtered.C2T_merge_G2A.mpmat
        
[Thu Oct  1 12:53:05 2020]
Finished job 16.
3 of 31 steps (10%) done

[Thu Oct  1 12:53:05 2020]
rule sort_mpmat:
    input: ../mpmat_merge/293T-bat_VEGFA-Vector-PD_rep2_hg38.filtered.C2T_merge_G2A.mpmat
    output: ../mpmat_merge/293T-bat_VEGFA-Vector-PD_rep2_hg38.filtered.C2T_merge_G2A.sort.mpmat
    jobid: 22
    reason: Missing output files: ../mpmat_merge/293T-bat_VEGFA-Vector-PD_rep2_hg38.filtered.C2T_merge_G2A.sort.mpmat; Input files updated by another job: ../mpmat_merge/293T-bat_VEGFA-Vector-PD_rep2_hg38.filtered.C2T_merge_G2A.mpmat
    wildcards: sample=VEGFA-Vector-PD, rep=rep2, a=C, b=T, c=G, d=A


        /home/zhaohuanan/miniconda3/envs/snakepipes_detect-seq_fastq_bam_plot/bin/bedtools sort -i ../mpmat_merge/293T-bat_VEGFA-Vector-PD_rep2_hg38.filtered.C2T_merge_G2A.mpmat -g /home/zhaohuanan/zhaohn_HD/2.database/fasta_hg38/hg38_only_chromosome.fa.fai > ../mpmat_merge/293T-bat_VEGFA-Vector-PD_rep2_hg38.filtered.C2T_merge_G2A.sort.mpmat
        
[Thu Oct  1 12:53:05 2020]
Finished job 22.
4 of 31 steps (13%) done
[Thu Oct  1 12:54:17 2020]
Finished job 2.
5 of 31 steps (16%) done
[Thu Oct  1 12:54:17 2020]
Finished job 8.
6 of 31 steps (19%) done

[Thu Oct  1 12:54:17 2020]
rule mpmat_merge:
    input: ../mpmat/293T-bat_VEGFA-All-PD_rep2_hg38.filtered.C2T.mpmat, ../mpmat/293T-bat_VEGFA-All-PD_rep2_hg38.filtered.G2A.mpmat
    output: ../mpmat_merge/293T-bat_VEGFA-All-PD_rep2_hg38.filtered.C2T_merge_G2A.mpmat
    jobid: 14
    reason: Missing output files: ../mpmat_merge/293T-bat_VEGFA-All-PD_rep2_hg38.filtered.C2T_merge_G2A.mpmat; Input files updated by another job: ../mpmat/293T-bat_VEGFA-All-PD_rep2_hg38.filtered.G2A.mpmat, ../mpmat/293T-bat_VEGFA-All-PD_rep2_hg38.filtered.C2T.mpmat
    wildcards: sample=VEGFA-All-PD, rep=rep2, a=C, b=T, c=G, d=A


        cat ../mpmat/293T-bat_VEGFA-All-PD_rep2_hg38.filtered.C2T.mpmat ../mpmat/293T-bat_VEGFA-All-PD_rep2_hg38.filtered.G2A.mpmat > ../mpmat_merge/293T-bat_VEGFA-All-PD_rep2_hg38.filtered.C2T_merge_G2A.mpmat
        
[Thu Oct  1 12:54:17 2020]
Finished job 14.
7 of 31 steps (23%) done

[Thu Oct  1 12:54:17 2020]
rule sort_mpmat:
    input: ../mpmat_merge/293T-bat_VEGFA-All-PD_rep2_hg38.filtered.C2T_merge_G2A.mpmat
    output: ../mpmat_merge/293T-bat_VEGFA-All-PD_rep2_hg38.filtered.C2T_merge_G2A.sort.mpmat
    jobid: 20
    reason: Missing output files: ../mpmat_merge/293T-bat_VEGFA-All-PD_rep2_hg38.filtered.C2T_merge_G2A.sort.mpmat; Input files updated by another job: ../mpmat_merge/293T-bat_VEGFA-All-PD_rep2_hg38.filtered.C2T_merge_G2A.mpmat
    wildcards: sample=VEGFA-All-PD, rep=rep2, a=C, b=T, c=G, d=A


        /home/zhaohuanan/miniconda3/envs/snakepipes_detect-seq_fastq_bam_plot/bin/bedtools sort -i ../mpmat_merge/293T-bat_VEGFA-All-PD_rep2_hg38.filtered.C2T_merge_G2A.mpmat -g /home/zhaohuanan/zhaohn_HD/2.database/fasta_hg38/hg38_only_chromosome.fa.fai > ../mpmat_merge/293T-bat_VEGFA-All-PD_rep2_hg38.filtered.C2T_merge_G2A.sort.mpmat
        
[Thu Oct  1 12:54:17 2020]
Finished job 20.
8 of 31 steps (26%) done
[Thu Oct  1 12:54:23 2020]
Finished job 5.
9 of 31 steps (29%) done
[Thu Oct  1 12:54:26 2020]
Finished job 9.
10 of 31 steps (32%) done
[Thu Oct  1 12:54:28 2020]
Finished job 11.
11 of 31 steps (35%) done

[Thu Oct  1 12:54:28 2020]
rule mpmat_merge:
    input: ../mpmat/293T-bat_VEGFA-sgRNADel-PD_rep1_hg38.filtered.C2T.mpmat, ../mpmat/293T-bat_VEGFA-sgRNADel-PD_rep1_hg38.filtered.G2A.mpmat
    output: ../mpmat_merge/293T-bat_VEGFA-sgRNADel-PD_rep1_hg38.filtered.C2T_merge_G2A.mpmat
    jobid: 17
    reason: Missing output files: ../mpmat_merge/293T-bat_VEGFA-sgRNADel-PD_rep1_hg38.filtered.C2T_merge_G2A.mpmat; Input files updated by another job: ../mpmat/293T-bat_VEGFA-sgRNADel-PD_rep1_hg38.filtered.G2A.mpmat, ../mpmat/293T-bat_VEGFA-sgRNADel-PD_rep1_hg38.filtered.C2T.mpmat
    wildcards: sample=VEGFA-sgRNADel-PD, rep=rep1, a=C, b=T, c=G, d=A


        cat ../mpmat/293T-bat_VEGFA-sgRNADel-PD_rep1_hg38.filtered.C2T.mpmat ../mpmat/293T-bat_VEGFA-sgRNADel-PD_rep1_hg38.filtered.G2A.mpmat > ../mpmat_merge/293T-bat_VEGFA-sgRNADel-PD_rep1_hg38.filtered.C2T_merge_G2A.mpmat
        
[Thu Oct  1 12:54:28 2020]
Finished job 17.
12 of 31 steps (39%) done

[Thu Oct  1 12:54:28 2020]
rule sort_mpmat:
    input: ../mpmat_merge/293T-bat_VEGFA-sgRNADel-PD_rep1_hg38.filtered.C2T_merge_G2A.mpmat
    output: ../mpmat_merge/293T-bat_VEGFA-sgRNADel-PD_rep1_hg38.filtered.C2T_merge_G2A.sort.mpmat
    jobid: 23
    reason: Missing output files: ../mpmat_merge/293T-bat_VEGFA-sgRNADel-PD_rep1_hg38.filtered.C2T_merge_G2A.sort.mpmat; Input files updated by another job: ../mpmat_merge/293T-bat_VEGFA-sgRNADel-PD_rep1_hg38.filtered.C2T_merge_G2A.mpmat
    wildcards: sample=VEGFA-sgRNADel-PD, rep=rep1, a=C, b=T, c=G, d=A


        /home/zhaohuanan/miniconda3/envs/snakepipes_detect-seq_fastq_bam_plot/bin/bedtools sort -i ../mpmat_merge/293T-bat_VEGFA-sgRNADel-PD_rep1_hg38.filtered.C2T_merge_G2A.mpmat -g /home/zhaohuanan/zhaohn_HD/2.database/fasta_hg38/hg38_only_chromosome.fa.fai > ../mpmat_merge/293T-bat_VEGFA-sgRNADel-PD_rep1_hg38.filtered.C2T_merge_G2A.sort.mpmat
        
[Thu Oct  1 12:54:28 2020]
Finished job 23.
13 of 31 steps (42%) done
[Thu Oct  1 12:54:29 2020]
Finished job 3.
14 of 31 steps (45%) done

[Thu Oct  1 12:54:29 2020]
rule mpmat_merge:
    input: ../mpmat/293T-bat_VEGFA-Vector-PD_rep1_hg38.filtered.C2T.mpmat, ../mpmat/293T-bat_VEGFA-Vector-PD_rep1_hg38.filtered.G2A.mpmat
    output: ../mpmat_merge/293T-bat_VEGFA-Vector-PD_rep1_hg38.filtered.C2T_merge_G2A.mpmat
    jobid: 15
    reason: Missing output files: ../mpmat_merge/293T-bat_VEGFA-Vector-PD_rep1_hg38.filtered.C2T_merge_G2A.mpmat; Input files updated by another job: ../mpmat/293T-bat_VEGFA-Vector-PD_rep1_hg38.filtered.G2A.mpmat, ../mpmat/293T-bat_VEGFA-Vector-PD_rep1_hg38.filtered.C2T.mpmat
    wildcards: sample=VEGFA-Vector-PD, rep=rep1, a=C, b=T, c=G, d=A


        cat ../mpmat/293T-bat_VEGFA-Vector-PD_rep1_hg38.filtered.C2T.mpmat ../mpmat/293T-bat_VEGFA-Vector-PD_rep1_hg38.filtered.G2A.mpmat > ../mpmat_merge/293T-bat_VEGFA-Vector-PD_rep1_hg38.filtered.C2T_merge_G2A.mpmat
        
[Thu Oct  1 12:54:29 2020]
Finished job 15.
15 of 31 steps (48%) done

[Thu Oct  1 12:54:29 2020]
rule sort_mpmat:
    input: ../mpmat_merge/293T-bat_VEGFA-Vector-PD_rep1_hg38.filtered.C2T_merge_G2A.mpmat
    output: ../mpmat_merge/293T-bat_VEGFA-Vector-PD_rep1_hg38.filtered.C2T_merge_G2A.sort.mpmat
    jobid: 21
    reason: Missing output files: ../mpmat_merge/293T-bat_VEGFA-Vector-PD_rep1_hg38.filtered.C2T_merge_G2A.sort.mpmat; Input files updated by another job: ../mpmat_merge/293T-bat_VEGFA-Vector-PD_rep1_hg38.filtered.C2T_merge_G2A.mpmat
    wildcards: sample=VEGFA-Vector-PD, rep=rep1, a=C, b=T, c=G, d=A


        /home/zhaohuanan/miniconda3/envs/snakepipes_detect-seq_fastq_bam_plot/bin/bedtools sort -i ../mpmat_merge/293T-bat_VEGFA-Vector-PD_rep1_hg38.filtered.C2T_merge_G2A.mpmat -g /home/zhaohuanan/zhaohn_HD/2.database/fasta_hg38/hg38_only_chromosome.fa.fai > ../mpmat_merge/293T-bat_VEGFA-Vector-PD_rep1_hg38.filtered.C2T_merge_G2A.sort.mpmat
        
[Thu Oct  1 12:54:29 2020]
Finished job 21.
16 of 31 steps (52%) done
[Thu Oct  1 12:54:34 2020]
Finished job 6.
17 of 31 steps (55%) done
[Thu Oct  1 12:54:35 2020]
Finished job 12.
18 of 31 steps (58%) done

[Thu Oct  1 12:54:35 2020]
rule mpmat_merge:
    input: ../mpmat/293T-bat_VEGFA-sgRNADel-PD_rep2_hg38.filtered.C2T.mpmat, ../mpmat/293T-bat_VEGFA-sgRNADel-PD_rep2_hg38.filtered.G2A.mpmat
    output: ../mpmat_merge/293T-bat_VEGFA-sgRNADel-PD_rep2_hg38.filtered.C2T_merge_G2A.mpmat
    jobid: 18
    reason: Missing output files: ../mpmat_merge/293T-bat_VEGFA-sgRNADel-PD_rep2_hg38.filtered.C2T_merge_G2A.mpmat; Input files updated by another job: ../mpmat/293T-bat_VEGFA-sgRNADel-PD_rep2_hg38.filtered.G2A.mpmat, ../mpmat/293T-bat_VEGFA-sgRNADel-PD_rep2_hg38.filtered.C2T.mpmat
    wildcards: sample=VEGFA-sgRNADel-PD, rep=rep2, a=C, b=T, c=G, d=A


        cat ../mpmat/293T-bat_VEGFA-sgRNADel-PD_rep2_hg38.filtered.C2T.mpmat ../mpmat/293T-bat_VEGFA-sgRNADel-PD_rep2_hg38.filtered.G2A.mpmat > ../mpmat_merge/293T-bat_VEGFA-sgRNADel-PD_rep2_hg38.filtered.C2T_merge_G2A.mpmat
        
[Thu Oct  1 12:54:35 2020]
Finished job 18.
19 of 31 steps (61%) done

[Thu Oct  1 12:54:35 2020]
rule sort_mpmat:
    input: ../mpmat_merge/293T-bat_VEGFA-sgRNADel-PD_rep2_hg38.filtered.C2T_merge_G2A.mpmat
    output: ../mpmat_merge/293T-bat_VEGFA-sgRNADel-PD_rep2_hg38.filtered.C2T_merge_G2A.sort.mpmat
    jobid: 24
    reason: Missing output files: ../mpmat_merge/293T-bat_VEGFA-sgRNADel-PD_rep2_hg38.filtered.C2T_merge_G2A.sort.mpmat; Input files updated by another job: ../mpmat_merge/293T-bat_VEGFA-sgRNADel-PD_rep2_hg38.filtered.C2T_merge_G2A.mpmat
    wildcards: sample=VEGFA-sgRNADel-PD, rep=rep2, a=C, b=T, c=G, d=A


        /home/zhaohuanan/miniconda3/envs/snakepipes_detect-seq_fastq_bam_plot/bin/bedtools sort -i ../mpmat_merge/293T-bat_VEGFA-sgRNADel-PD_rep2_hg38.filtered.C2T_merge_G2A.mpmat -g /home/zhaohuanan/zhaohn_HD/2.database/fasta_hg38/hg38_only_chromosome.fa.fai > ../mpmat_merge/293T-bat_VEGFA-sgRNADel-PD_rep2_hg38.filtered.C2T_merge_G2A.sort.mpmat
        
[Thu Oct  1 12:54:35 2020]
Finished job 24.
20 of 31 steps (65%) done
[Thu Oct  1 12:55:58 2020]
Finished job 7.
21 of 31 steps (68%) done
[Thu Oct  1 12:56:03 2020]
Finished job 1.
22 of 31 steps (71%) done

[Thu Oct  1 12:56:03 2020]
rule mpmat_merge:
    input: ../mpmat/293T-bat_VEGFA-All-PD_rep1_hg38.filtered.C2T.mpmat, ../mpmat/293T-bat_VEGFA-All-PD_rep1_hg38.filtered.G2A.mpmat
    output: ../mpmat_merge/293T-bat_VEGFA-All-PD_rep1_hg38.filtered.C2T_merge_G2A.mpmat
    jobid: 13
    reason: Missing output files: ../mpmat_merge/293T-bat_VEGFA-All-PD_rep1_hg38.filtered.C2T_merge_G2A.mpmat; Input files updated by another job: ../mpmat/293T-bat_VEGFA-All-PD_rep1_hg38.filtered.G2A.mpmat, ../mpmat/293T-bat_VEGFA-All-PD_rep1_hg38.filtered.C2T.mpmat
    wildcards: sample=VEGFA-All-PD, rep=rep1, a=C, b=T, c=G, d=A


        cat ../mpmat/293T-bat_VEGFA-All-PD_rep1_hg38.filtered.C2T.mpmat ../mpmat/293T-bat_VEGFA-All-PD_rep1_hg38.filtered.G2A.mpmat > ../mpmat_merge/293T-bat_VEGFA-All-PD_rep1_hg38.filtered.C2T_merge_G2A.mpmat
        
[Thu Oct  1 12:56:03 2020]
Finished job 13.
23 of 31 steps (74%) done

[Thu Oct  1 12:56:03 2020]
rule sort_mpmat:
    input: ../mpmat_merge/293T-bat_VEGFA-All-PD_rep1_hg38.filtered.C2T_merge_G2A.mpmat
    output: ../mpmat_merge/293T-bat_VEGFA-All-PD_rep1_hg38.filtered.C2T_merge_G2A.sort.mpmat
    jobid: 19
    reason: Missing output files: ../mpmat_merge/293T-bat_VEGFA-All-PD_rep1_hg38.filtered.C2T_merge_G2A.sort.mpmat; Input files updated by another job: ../mpmat_merge/293T-bat_VEGFA-All-PD_rep1_hg38.filtered.C2T_merge_G2A.mpmat
    wildcards: sample=VEGFA-All-PD, rep=rep1, a=C, b=T, c=G, d=A


        /home/zhaohuanan/miniconda3/envs/snakepipes_detect-seq_fastq_bam_plot/bin/bedtools sort -i ../mpmat_merge/293T-bat_VEGFA-All-PD_rep1_hg38.filtered.C2T_merge_G2A.mpmat -g /home/zhaohuanan/zhaohn_HD/2.database/fasta_hg38/hg38_only_chromosome.fa.fai > ../mpmat_merge/293T-bat_VEGFA-All-PD_rep1_hg38.filtered.C2T_merge_G2A.sort.mpmat
        
[Thu Oct  1 12:56:03 2020]
Finished job 19.
24 of 31 steps (77%) done
[Thu Oct  1 13:03:06 2020]
Finished job 28.
25 of 31 steps (81%) done
[Thu Oct  1 13:03:45 2020]
Finished job 26.
26 of 31 steps (84%) done
[Thu Oct  1 13:03:49 2020]
Finished job 29.
27 of 31 steps (87%) done
[Thu Oct  1 13:03:55 2020]
Finished job 30.
28 of 31 steps (90%) done
[Thu Oct  1 13:04:02 2020]
Finished job 27.
29 of 31 steps (94%) done
[Thu Oct  1 13:04:39 2020]
Finished job 25.
30 of 31 steps (97%) done

[Thu Oct  1 13:04:39 2020]
localrule all:
    input: ../mpmat/293T-bat_VEGFA-All-PD_rep1_hg38.select.C2T.mpmat, ../mpmat/293T-bat_VEGFA-All-PD_rep2_hg38.select.C2T.mpmat, ../mpmat/293T-bat_VEGFA-Vector-PD_rep1_hg38.select.C2T.mpmat, ../mpmat/293T-bat_VEGFA-Vector-PD_rep2_hg38.select.C2T.mpmat, ../mpmat/293T-bat_VEGFA-sgRNADel-PD_rep1_hg38.select.C2T.mpmat, ../mpmat/293T-bat_VEGFA-sgRNADel-PD_rep2_hg38.select.C2T.mpmat, ../mpmat/293T-bat_VEGFA-All-PD_rep1_hg38.select.G2A.mpmat, ../mpmat/293T-bat_VEGFA-All-PD_rep2_hg38.select.G2A.mpmat, ../mpmat/293T-bat_VEGFA-Vector-PD_rep1_hg38.select.G2A.mpmat, ../mpmat/293T-bat_VEGFA-Vector-PD_rep2_hg38.select.G2A.mpmat, ../mpmat/293T-bat_VEGFA-sgRNADel-PD_rep1_hg38.select.G2A.mpmat, ../mpmat/293T-bat_VEGFA-sgRNADel-PD_rep2_hg38.select.G2A.mpmat, ../mpmat/293T-bat_VEGFA-All-PD_rep1_hg38.filtered.C2T.mpmat, ../mpmat/293T-bat_VEGFA-All-PD_rep2_hg38.filtered.C2T.mpmat, ../mpmat/293T-bat_VEGFA-Vector-PD_rep1_hg38.filtered.C2T.mpmat, ../mpmat/293T-bat_VEGFA-Vector-PD_rep2_hg38.filtered.C2T.mpmat, ../mpmat/293T-bat_VEGFA-sgRNADel-PD_rep1_hg38.filtered.C2T.mpmat, ../mpmat/293T-bat_VEGFA-sgRNADel-PD_rep2_hg38.filtered.C2T.mpmat, ../mpmat/293T-bat_VEGFA-All-PD_rep1_hg38.filtered.G2A.mpmat, ../mpmat/293T-bat_VEGFA-All-PD_rep2_hg38.filtered.G2A.mpmat, ../mpmat/293T-bat_VEGFA-Vector-PD_rep1_hg38.filtered.G2A.mpmat, ../mpmat/293T-bat_VEGFA-Vector-PD_rep2_hg38.filtered.G2A.mpmat, ../mpmat/293T-bat_VEGFA-sgRNADel-PD_rep1_hg38.filtered.G2A.mpmat, ../mpmat/293T-bat_VEGFA-sgRNADel-PD_rep2_hg38.filtered.G2A.mpmat, ../mpmat_merge/293T-bat_VEGFA-All-PD_rep1_hg38.filtered.C2T_merge_G2A.mpmat, ../mpmat_merge/293T-bat_VEGFA-All-PD_rep2_hg38.filtered.C2T_merge_G2A.mpmat, ../mpmat_merge/293T-bat_VEGFA-Vector-PD_rep1_hg38.filtered.C2T_merge_G2A.mpmat, ../mpmat_merge/293T-bat_VEGFA-Vector-PD_rep2_hg38.filtered.C2T_merge_G2A.mpmat, ../mpmat_merge/293T-bat_VEGFA-sgRNADel-PD_rep1_hg38.filtered.C2T_merge_G2A.mpmat, ../mpmat_merge/293T-bat_VEGFA-sgRNADel-PD_rep2_hg38.filtered.C2T_merge_G2A.mpmat, ../mpmat_merge/293T-bat_VEGFA-All-PD_rep1_hg38.filtered.C2T_merge_G2A.sort.mpmat, ../mpmat_merge/293T-bat_VEGFA-All-PD_rep2_hg38.filtered.C2T_merge_G2A.sort.mpmat, ../mpmat_merge/293T-bat_VEGFA-Vector-PD_rep1_hg38.filtered.C2T_merge_G2A.sort.mpmat, ../mpmat_merge/293T-bat_VEGFA-Vector-PD_rep2_hg38.filtered.C2T_merge_G2A.sort.mpmat, ../mpmat_merge/293T-bat_VEGFA-sgRNADel-PD_rep1_hg38.filtered.C2T_merge_G2A.sort.mpmat, ../mpmat_merge/293T-bat_VEGFA-sgRNADel-PD_rep2_hg38.filtered.C2T_merge_G2A.sort.mpmat, ../bam/293T-bat_VEGFA-All-PD_rep1_hg38.MAPQ20.bam, ../bam/293T-bat_VEGFA-All-PD_rep2_hg38.MAPQ20.bam, ../bam/293T-bat_VEGFA-Vector-PD_rep1_hg38.MAPQ20.bam, ../bam/293T-bat_VEGFA-Vector-PD_rep2_hg38.MAPQ20.bam, ../bam/293T-bat_VEGFA-sgRNADel-PD_rep1_hg38.MAPQ20.bam, ../bam/293T-bat_VEGFA-sgRNADel-PD_rep2_hg38.MAPQ20.bam, ../json/293T-bat_VEGFA-All-PD_rep1_hg38.MAPQ20.background.json, ../json/293T-bat_VEGFA-All-PD_rep2_hg38.MAPQ20.background.json, ../json/293T-bat_VEGFA-Vector-PD_rep1_hg38.MAPQ20.background.json, ../json/293T-bat_VEGFA-Vector-PD_rep2_hg38.MAPQ20.background.json, ../json/293T-bat_VEGFA-sgRNADel-PD_rep1_hg38.MAPQ20.background.json, ../json/293T-bat_VEGFA-sgRNADel-PD_rep2_hg38.MAPQ20.background.json
    jobid: 0
    reason: Input files updated by another job: ../mpmat_merge/293T-bat_VEGFA-All-PD_rep1_hg38.filtered.C2T_merge_G2A.mpmat, ../json/293T-bat_VEGFA-All-PD_rep2_hg38.MAPQ20.background.json, ../mpmat/293T-bat_VEGFA-sgRNADel-PD_rep1_hg38.filtered.C2T.mpmat, ../mpmat/293T-bat_VEGFA-Vector-PD_rep2_hg38.filtered.G2A.mpmat, ../mpmat_merge/293T-bat_VEGFA-Vector-PD_rep1_hg38.filtered.C2T_merge_G2A.mpmat, ../mpmat_merge/293T-bat_VEGFA-All-PD_rep2_hg38.filtered.C2T_merge_G2A.sort.mpmat, ../mpmat/293T-bat_VEGFA-sgRNADel-PD_rep2_hg38.filtered.G2A.mpmat, ../mpmat_merge/293T-bat_VEGFA-sgRNADel-PD_rep2_hg38.filtered.C2T_merge_G2A.mpmat, ../json/293T-bat_VEGFA-sgRNADel-PD_rep1_hg38.MAPQ20.background.json, ../json/293T-bat_VEGFA-Vector-PD_rep1_hg38.MAPQ20.background.json, ../mpmat/293T-bat_VEGFA-sgRNADel-PD_rep1_hg38.filtered.G2A.mpmat, ../mpmat/293T-bat_VEGFA-sgRNADel-PD_rep2_hg38.filtered.C2T.mpmat, ../mpmat/293T-bat_VEGFA-Vector-PD_rep1_hg38.filtered.C2T.mpmat, ../mpmat_merge/293T-bat_VEGFA-sgRNADel-PD_rep2_hg38.filtered.C2T_merge_G2A.sort.mpmat, ../mpmat/293T-bat_VEGFA-All-PD_rep2_hg38.filtered.C2T.mpmat, ../json/293T-bat_VEGFA-All-PD_rep1_hg38.MAPQ20.background.json, ../mpmat/293T-bat_VEGFA-All-PD_rep1_hg38.filtered.G2A.mpmat, ../mpmat_merge/293T-bat_VEGFA-sgRNADel-PD_rep1_hg38.filtered.C2T_merge_G2A.sort.mpmat, ../mpmat_merge/293T-bat_VEGFA-Vector-PD_rep2_hg38.filtered.C2T_merge_G2A.sort.mpmat, ../json/293T-bat_VEGFA-Vector-PD_rep2_hg38.MAPQ20.background.json, ../json/293T-bat_VEGFA-sgRNADel-PD_rep2_hg38.MAPQ20.background.json, ../mpmat/293T-bat_VEGFA-Vector-PD_rep1_hg38.filtered.G2A.mpmat, ../mpmat_merge/293T-bat_VEGFA-Vector-PD_rep1_hg38.filtered.C2T_merge_G2A.sort.mpmat, ../mpmat/293T-bat_VEGFA-Vector-PD_rep2_hg38.filtered.C2T.mpmat, ../mpmat/293T-bat_VEGFA-All-PD_rep1_hg38.filtered.C2T.mpmat, ../mpmat_merge/293T-bat_VEGFA-Vector-PD_rep2_hg38.filtered.C2T_merge_G2A.mpmat, ../mpmat_merge/293T-bat_VEGFA-All-PD_rep1_hg38.filtered.C2T_merge_G2A.sort.mpmat, ../mpmat_merge/293T-bat_VEGFA-All-PD_rep2_hg38.filtered.C2T_merge_G2A.mpmat, ../mpmat_merge/293T-bat_VEGFA-sgRNADel-PD_rep1_hg38.filtered.C2T_merge_G2A.mpmat, ../mpmat/293T-bat_VEGFA-All-PD_rep2_hg38.filtered.G2A.mpmat

[Thu Oct  1 13:04:39 2020]
Finished job 0.
31 of 31 steps (100%) done
Complete log: /gpfs/user/zhaohuanan/3.project/10.2020-09_0923_Practice_for_detect-seq-data/snakepipes_detect-seq_fastq_bam_plot/.snakemake/log/2020-10-01T125233.848652.snakemake.log
