Building DAG of jobs...
Using shell: /usr/bin/bash
Provided cores: 24
Rules claiming more threads will be scaled down.
Job counts:
	count	jobs
	1	all
	6	count_genome_background
	7

[Mon Sep 28 11:16:55 2020]
rule count_genome_background:
    input: ../bam/293T-bat_VEGFA-sgRNADel-PD_rep2_hg38.MAPQ20.bam
    output: ../json/293T-bat_VEGFA-sgRNADel-PD_rep2_hg38.MAPQ20.background.json
    log: ../json/293T-bat_VEGFA-sgRNADel-PD_rep2_hg38.MAPQ20.background.json.log
    jobid: 18
    reason: Missing output files: ../json/293T-bat_VEGFA-sgRNADel-PD_rep2_hg38.MAPQ20.background.json
    wildcards: sample=VEGFA-sgRNADel-PD, rep=rep2


        /home/zhaohuanan/miniconda3/envs/snakepipes_detect-seq_fastq_bam_plot/bin/python ./program/calculate-mut-stats-V02.py         -i ../bam/293T-bat_VEGFA-sgRNADel-PD_rep2_hg38.MAPQ20.bam         -r /home/zhaohuanan/zhaohn_HD/2.database/fasta_hg38/hg38_only_chromosome.fa         -p 24         -o ../json/293T-bat_VEGFA-sgRNADel-PD_rep2_hg38.MAPQ20.background.json 2>../json/293T-bat_VEGFA-sgRNADel-PD_rep2_hg38.MAPQ20.background.json.log
        

[Mon Sep 28 11:16:55 2020]
rule count_genome_background:
    input: ../bam/293T-bat_VEGFA-All-PD_rep1_hg38.MAPQ20.bam
    output: ../json/293T-bat_VEGFA-All-PD_rep1_hg38.MAPQ20.background.json
    log: ../json/293T-bat_VEGFA-All-PD_rep1_hg38.MAPQ20.background.json.log
    jobid: 13
    reason: Missing output files: ../json/293T-bat_VEGFA-All-PD_rep1_hg38.MAPQ20.background.json
    wildcards: sample=VEGFA-All-PD, rep=rep1


        /home/zhaohuanan/miniconda3/envs/snakepipes_detect-seq_fastq_bam_plot/bin/python ./program/calculate-mut-stats-V02.py         -i ../bam/293T-bat_VEGFA-All-PD_rep1_hg38.MAPQ20.bam         -r /home/zhaohuanan/zhaohn_HD/2.database/fasta_hg38/hg38_only_chromosome.fa         -p 24         -o ../json/293T-bat_VEGFA-All-PD_rep1_hg38.MAPQ20.background.json 2>../json/293T-bat_VEGFA-All-PD_rep1_hg38.MAPQ20.background.json.log
        

[Mon Sep 28 11:16:55 2020]
rule count_genome_background:
    input: ../bam/293T-bat_VEGFA-Vector-PD_rep1_hg38.MAPQ20.bam
    output: ../json/293T-bat_VEGFA-Vector-PD_rep1_hg38.MAPQ20.background.json
    log: ../json/293T-bat_VEGFA-Vector-PD_rep1_hg38.MAPQ20.background.json.log
    jobid: 15
    reason: Missing output files: ../json/293T-bat_VEGFA-Vector-PD_rep1_hg38.MAPQ20.background.json
    wildcards: sample=VEGFA-Vector-PD, rep=rep1


        /home/zhaohuanan/miniconda3/envs/snakepipes_detect-seq_fastq_bam_plot/bin/python ./program/calculate-mut-stats-V02.py         -i ../bam/293T-bat_VEGFA-Vector-PD_rep1_hg38.MAPQ20.bam         -r /home/zhaohuanan/zhaohn_HD/2.database/fasta_hg38/hg38_only_chromosome.fa         -p 24         -o ../json/293T-bat_VEGFA-Vector-PD_rep1_hg38.MAPQ20.background.json 2>../json/293T-bat_VEGFA-Vector-PD_rep1_hg38.MAPQ20.background.json.log
        

[Mon Sep 28 11:16:55 2020]
rule count_genome_background:
    input: ../bam/293T-bat_VEGFA-sgRNADel-PD_rep1_hg38.MAPQ20.bam
    output: ../json/293T-bat_VEGFA-sgRNADel-PD_rep1_hg38.MAPQ20.background.json
    log: ../json/293T-bat_VEGFA-sgRNADel-PD_rep1_hg38.MAPQ20.background.json.log
    jobid: 17
    reason: Missing output files: ../json/293T-bat_VEGFA-sgRNADel-PD_rep1_hg38.MAPQ20.background.json
    wildcards: sample=VEGFA-sgRNADel-PD, rep=rep1


        /home/zhaohuanan/miniconda3/envs/snakepipes_detect-seq_fastq_bam_plot/bin/python ./program/calculate-mut-stats-V02.py         -i ../bam/293T-bat_VEGFA-sgRNADel-PD_rep1_hg38.MAPQ20.bam         -r /home/zhaohuanan/zhaohn_HD/2.database/fasta_hg38/hg38_only_chromosome.fa         -p 24         -o ../json/293T-bat_VEGFA-sgRNADel-PD_rep1_hg38.MAPQ20.background.json 2>../json/293T-bat_VEGFA-sgRNADel-PD_rep1_hg38.MAPQ20.background.json.log
        

[Mon Sep 28 11:16:55 2020]
rule count_genome_background:
    input: ../bam/293T-bat_VEGFA-All-PD_rep2_hg38.MAPQ20.bam
    output: ../json/293T-bat_VEGFA-All-PD_rep2_hg38.MAPQ20.background.json
    log: ../json/293T-bat_VEGFA-All-PD_rep2_hg38.MAPQ20.background.json.log
    jobid: 14
    reason: Missing output files: ../json/293T-bat_VEGFA-All-PD_rep2_hg38.MAPQ20.background.json
    wildcards: sample=VEGFA-All-PD, rep=rep2


        /home/zhaohuanan/miniconda3/envs/snakepipes_detect-seq_fastq_bam_plot/bin/python ./program/calculate-mut-stats-V02.py         -i ../bam/293T-bat_VEGFA-All-PD_rep2_hg38.MAPQ20.bam         -r /home/zhaohuanan/zhaohn_HD/2.database/fasta_hg38/hg38_only_chromosome.fa         -p 24         -o ../json/293T-bat_VEGFA-All-PD_rep2_hg38.MAPQ20.background.json 2>../json/293T-bat_VEGFA-All-PD_rep2_hg38.MAPQ20.background.json.log
        

[Mon Sep 28 11:16:55 2020]
rule count_genome_background:
    input: ../bam/293T-bat_VEGFA-Vector-PD_rep2_hg38.MAPQ20.bam
    output: ../json/293T-bat_VEGFA-Vector-PD_rep2_hg38.MAPQ20.background.json
    log: ../json/293T-bat_VEGFA-Vector-PD_rep2_hg38.MAPQ20.background.json.log
    jobid: 16
    reason: Missing output files: ../json/293T-bat_VEGFA-Vector-PD_rep2_hg38.MAPQ20.background.json
    wildcards: sample=VEGFA-Vector-PD, rep=rep2


        /home/zhaohuanan/miniconda3/envs/snakepipes_detect-seq_fastq_bam_plot/bin/python ./program/calculate-mut-stats-V02.py         -i ../bam/293T-bat_VEGFA-Vector-PD_rep2_hg38.MAPQ20.bam         -r /home/zhaohuanan/zhaohn_HD/2.database/fasta_hg38/hg38_only_chromosome.fa         -p 24         -o ../json/293T-bat_VEGFA-Vector-PD_rep2_hg38.MAPQ20.background.json 2>../json/293T-bat_VEGFA-Vector-PD_rep2_hg38.MAPQ20.background.json.log
        
[Mon Sep 28 11:17:01 2020]
Error in rule count_genome_background:
    jobid: 18
    output: ../json/293T-bat_VEGFA-sgRNADel-PD_rep2_hg38.MAPQ20.background.json
    log: ../json/293T-bat_VEGFA-sgRNADel-PD_rep2_hg38.MAPQ20.background.json.log (check log file(s) for error message)
    shell:
        
        /home/zhaohuanan/miniconda3/envs/snakepipes_detect-seq_fastq_bam_plot/bin/python ./program/calculate-mut-stats-V02.py         -i ../bam/293T-bat_VEGFA-sgRNADel-PD_rep2_hg38.MAPQ20.bam         -r /home/zhaohuanan/zhaohn_HD/2.database/fasta_hg38/hg38_only_chromosome.fa         -p 24         -o ../json/293T-bat_VEGFA-sgRNADel-PD_rep2_hg38.MAPQ20.background.json 2>../json/293T-bat_VEGFA-sgRNADel-PD_rep2_hg38.MAPQ20.background.json.log
        
        (one of the commands exited with non-zero exit code; note that snakemake uses bash strict mode!)
[Mon Sep 28 11:17:01 2020]

[Mon Sep 28 11:17:01 2020]
Error in rule count_genome_background:
[Mon Sep 28 11:17:01 2020]
Error in rule count_genome_background:
[Mon Sep 28 11:17:01 2020]
    jobid: 13
Error in rule count_genome_background:
    jobid: 14
[Mon Sep 28 11:17:01 2020]
Error in rule count_genome_background:
    output: ../json/293T-bat_VEGFA-All-PD_rep1_hg38.MAPQ20.background.json
    jobid: 15
    output: ../json/293T-bat_VEGFA-All-PD_rep2_hg38.MAPQ20.background.json
Error in rule count_genome_background:
    jobid: 16
    log: ../json/293T-bat_VEGFA-All-PD_rep1_hg38.MAPQ20.background.json.log (check log file(s) for error message)
    output: ../json/293T-bat_VEGFA-Vector-PD_rep1_hg38.MAPQ20.background.json
    log: ../json/293T-bat_VEGFA-All-PD_rep2_hg38.MAPQ20.background.json.log (check log file(s) for error message)
    jobid: 17
    output: ../json/293T-bat_VEGFA-Vector-PD_rep2_hg38.MAPQ20.background.json
    shell:
        
        /home/zhaohuanan/miniconda3/envs/snakepipes_detect-seq_fastq_bam_plot/bin/python ./program/calculate-mut-stats-V02.py         -i ../bam/293T-bat_VEGFA-All-PD_rep1_hg38.MAPQ20.bam         -r /home/zhaohuanan/zhaohn_HD/2.database/fasta_hg38/hg38_only_chromosome.fa         -p 24         -o ../json/293T-bat_VEGFA-All-PD_rep1_hg38.MAPQ20.background.json 2>../json/293T-bat_VEGFA-All-PD_rep1_hg38.MAPQ20.background.json.log
        
        (one of the commands exited with non-zero exit code; note that snakemake uses bash strict mode!)
    log: ../json/293T-bat_VEGFA-Vector-PD_rep1_hg38.MAPQ20.background.json.log (check log file(s) for error message)
    shell:
        
        /home/zhaohuanan/miniconda3/envs/snakepipes_detect-seq_fastq_bam_plot/bin/python ./program/calculate-mut-stats-V02.py         -i ../bam/293T-bat_VEGFA-All-PD_rep2_hg38.MAPQ20.bam         -r /home/zhaohuanan/zhaohn_HD/2.database/fasta_hg38/hg38_only_chromosome.fa         -p 24         -o ../json/293T-bat_VEGFA-All-PD_rep2_hg38.MAPQ20.background.json 2>../json/293T-bat_VEGFA-All-PD_rep2_hg38.MAPQ20.background.json.log
        
        (one of the commands exited with non-zero exit code; note that snakemake uses bash strict mode!)
    output: ../json/293T-bat_VEGFA-sgRNADel-PD_rep1_hg38.MAPQ20.background.json
    log: ../json/293T-bat_VEGFA-Vector-PD_rep2_hg38.MAPQ20.background.json.log (check log file(s) for error message)

    shell:
        
        /home/zhaohuanan/miniconda3/envs/snakepipes_detect-seq_fastq_bam_plot/bin/python ./program/calculate-mut-stats-V02.py         -i ../bam/293T-bat_VEGFA-Vector-PD_rep1_hg38.MAPQ20.bam         -r /home/zhaohuanan/zhaohn_HD/2.database/fasta_hg38/hg38_only_chromosome.fa         -p 24         -o ../json/293T-bat_VEGFA-Vector-PD_rep1_hg38.MAPQ20.background.json 2>../json/293T-bat_VEGFA-Vector-PD_rep1_hg38.MAPQ20.background.json.log
        
        (one of the commands exited with non-zero exit code; note that snakemake uses bash strict mode!)

    log: ../json/293T-bat_VEGFA-sgRNADel-PD_rep1_hg38.MAPQ20.background.json.log (check log file(s) for error message)
    shell:
        
        /home/zhaohuanan/miniconda3/envs/snakepipes_detect-seq_fastq_bam_plot/bin/python ./program/calculate-mut-stats-V02.py         -i ../bam/293T-bat_VEGFA-Vector-PD_rep2_hg38.MAPQ20.bam         -r /home/zhaohuanan/zhaohn_HD/2.database/fasta_hg38/hg38_only_chromosome.fa         -p 24         -o ../json/293T-bat_VEGFA-Vector-PD_rep2_hg38.MAPQ20.background.json 2>../json/293T-bat_VEGFA-Vector-PD_rep2_hg38.MAPQ20.background.json.log
        
        (one of the commands exited with non-zero exit code; note that snakemake uses bash strict mode!)

    shell:
        
        /home/zhaohuanan/miniconda3/envs/snakepipes_detect-seq_fastq_bam_plot/bin/python ./program/calculate-mut-stats-V02.py         -i ../bam/293T-bat_VEGFA-sgRNADel-PD_rep1_hg38.MAPQ20.bam         -r /home/zhaohuanan/zhaohn_HD/2.database/fasta_hg38/hg38_only_chromosome.fa         -p 24         -o ../json/293T-bat_VEGFA-sgRNADel-PD_rep1_hg38.MAPQ20.background.json 2>../json/293T-bat_VEGFA-sgRNADel-PD_rep1_hg38.MAPQ20.background.json.log
        
        (one of the commands exited with non-zero exit code; note that snakemake uses bash strict mode!)


Shutting down, this might take some time.
Exiting because a job execution failed. Look above for error message
Complete log: /gpfs/user/zhaohuanan/3.project/10.2020-09_0923_Practice_for_detect-seq-data/snakepipes_detect-seq_fastq_bam_plot/.snakemake/log/2020-09-28T111655.111209.snakemake.log
