Building DAG of jobs...
Using shell: /usr/bin/bash
Provided cores: 25
Rules claiming more threads will be scaled down.
Job counts:
	count	jobs
	1	all
	50	split_bmat
	51

[Thu Nov 12 11:57:58 2020]
rule split_bmat:
    input: ../mpileup_pmat_bmat/293T-bat_GBEmini-dU-RNF2-All-PD_rep1_hg38.MAPQ20.bmat
    output: ../mpileup_pmat_bmat/split_chr/293T-bat_GBEmini-dU-RNF2-All-PD_rep1_hg38.MAPQ20_chr16.bmat
    jobid: 41
    reason: Missing output files: ../mpileup_pmat_bmat/split_chr/293T-bat_GBEmini-dU-RNF2-All-PD_rep1_hg38.MAPQ20_chr16.bmat
    wildcards: sample=GBEmini-dU-RNF2-All-PD, rep=rep1, chr_=16

sed '1d' ../mpileup_pmat_bmat/293T-bat_GBEmini-dU-RNF2-All-PD_rep1_hg38.MAPQ20.bmat | awk -F '	' '{if($1=="chr16")print $0}' > ../mpileup_pmat_bmat/split_chr/293T-bat_GBEmini-dU-RNF2-All-PD_rep1_hg38.MAPQ20_chr16.bmat

[Thu Nov 12 11:57:58 2020]
rule split_bmat:
    input: ../mpileup_pmat_bmat/293T-bat_GBEmini-AP-RNF2-All-PD_rep1_hg38.MAPQ20.bmat
    output: ../mpileup_pmat_bmat/split_chr/293T-bat_GBEmini-AP-RNF2-All-PD_rep1_hg38.MAPQ20_chr18.bmat
    jobid: 18
    reason: Missing output files: ../mpileup_pmat_bmat/split_chr/293T-bat_GBEmini-AP-RNF2-All-PD_rep1_hg38.MAPQ20_chr18.bmat
    wildcards: sample=GBEmini-AP-RNF2-All-PD, rep=rep1, chr_=18

sed '1d' ../mpileup_pmat_bmat/293T-bat_GBEmini-AP-RNF2-All-PD_rep1_hg38.MAPQ20.bmat | awk -F '	' '{if($1=="chr18")print $0}' > ../mpileup_pmat_bmat/split_chr/293T-bat_GBEmini-AP-RNF2-All-PD_rep1_hg38.MAPQ20_chr18.bmat

[Thu Nov 12 11:57:58 2020]
rule split_bmat:
    input: ../mpileup_pmat_bmat/293T-bat_GBEmini-dU-RNF2-All-PD_rep1_hg38.MAPQ20.bmat
    output: ../mpileup_pmat_bmat/split_chr/293T-bat_GBEmini-dU-RNF2-All-PD_rep1_hg38.MAPQ20_chrX.bmat
    jobid: 48
    reason: Missing output files: ../mpileup_pmat_bmat/split_chr/293T-bat_GBEmini-dU-RNF2-All-PD_rep1_hg38.MAPQ20_chrX.bmat
    wildcards: sample=GBEmini-dU-RNF2-All-PD, rep=rep1, chr_=X

sed '1d' ../mpileup_pmat_bmat/293T-bat_GBEmini-dU-RNF2-All-PD_rep1_hg38.MAPQ20.bmat | awk -F '	' '{if($1=="chrX")print $0}' > ../mpileup_pmat_bmat/split_chr/293T-bat_GBEmini-dU-RNF2-All-PD_rep1_hg38.MAPQ20_chrX.bmat

[Thu Nov 12 11:57:58 2020]
rule split_bmat:
    input: ../mpileup_pmat_bmat/293T-bat_GBEmini-AP-RNF2-All-PD_rep1_hg38.MAPQ20.bmat
    output: ../mpileup_pmat_bmat/split_chr/293T-bat_GBEmini-AP-RNF2-All-PD_rep1_hg38.MAPQ20_chr12.bmat
    jobid: 12
    reason: Missing output files: ../mpileup_pmat_bmat/split_chr/293T-bat_GBEmini-AP-RNF2-All-PD_rep1_hg38.MAPQ20_chr12.bmat
    wildcards: sample=GBEmini-AP-RNF2-All-PD, rep=rep1, chr_=12

sed '1d' ../mpileup_pmat_bmat/293T-bat_GBEmini-AP-RNF2-All-PD_rep1_hg38.MAPQ20.bmat | awk -F '	' '{if($1=="chr12")print $0}' > ../mpileup_pmat_bmat/split_chr/293T-bat_GBEmini-AP-RNF2-All-PD_rep1_hg38.MAPQ20_chr12.bmat

[Thu Nov 12 11:57:58 2020]
rule split_bmat:
    input: ../mpileup_pmat_bmat/293T-bat_GBEmini-AP-RNF2-All-PD_rep1_hg38.MAPQ20.bmat
    output: ../mpileup_pmat_bmat/split_chr/293T-bat_GBEmini-AP-RNF2-All-PD_rep1_hg38.MAPQ20_chr4.bmat
    jobid: 4
    reason: Missing output files: ../mpileup_pmat_bmat/split_chr/293T-bat_GBEmini-AP-RNF2-All-PD_rep1_hg38.MAPQ20_chr4.bmat
    wildcards: sample=GBEmini-AP-RNF2-All-PD, rep=rep1, chr_=4

sed '1d' ../mpileup_pmat_bmat/293T-bat_GBEmini-AP-RNF2-All-PD_rep1_hg38.MAPQ20.bmat | awk -F '	' '{if($1=="chr4")print $0}' > ../mpileup_pmat_bmat/split_chr/293T-bat_GBEmini-AP-RNF2-All-PD_rep1_hg38.MAPQ20_chr4.bmat

[Thu Nov 12 11:57:58 2020]
rule split_bmat:
    input: ../mpileup_pmat_bmat/293T-bat_GBEmini-AP-RNF2-All-PD_rep1_hg38.MAPQ20.bmat
    output: ../mpileup_pmat_bmat/split_chr/293T-bat_GBEmini-AP-RNF2-All-PD_rep1_hg38.MAPQ20_chr19.bmat
    jobid: 19
    reason: Missing output files: ../mpileup_pmat_bmat/split_chr/293T-bat_GBEmini-AP-RNF2-All-PD_rep1_hg38.MAPQ20_chr19.bmat
    wildcards: sample=GBEmini-AP-RNF2-All-PD, rep=rep1, chr_=19

sed '1d' ../mpileup_pmat_bmat/293T-bat_GBEmini-AP-RNF2-All-PD_rep1_hg38.MAPQ20.bmat | awk -F '	' '{if($1=="chr19")print $0}' > ../mpileup_pmat_bmat/split_chr/293T-bat_GBEmini-AP-RNF2-All-PD_rep1_hg38.MAPQ20_chr19.bmat

[Thu Nov 12 11:57:58 2020]
rule split_bmat:
    input: ../mpileup_pmat_bmat/293T-bat_GBEmini-dU-RNF2-All-PD_rep1_hg38.MAPQ20.bmat
    output: ../mpileup_pmat_bmat/split_chr/293T-bat_GBEmini-dU-RNF2-All-PD_rep1_hg38.MAPQ20_chr12.bmat
    jobid: 37
    reason: Missing output files: ../mpileup_pmat_bmat/split_chr/293T-bat_GBEmini-dU-RNF2-All-PD_rep1_hg38.MAPQ20_chr12.bmat
    wildcards: sample=GBEmini-dU-RNF2-All-PD, rep=rep1, chr_=12

sed '1d' ../mpileup_pmat_bmat/293T-bat_GBEmini-dU-RNF2-All-PD_rep1_hg38.MAPQ20.bmat | awk -F '	' '{if($1=="chr12")print $0}' > ../mpileup_pmat_bmat/split_chr/293T-bat_GBEmini-dU-RNF2-All-PD_rep1_hg38.MAPQ20_chr12.bmat

[Thu Nov 12 11:57:58 2020]
rule split_bmat:
    input: ../mpileup_pmat_bmat/293T-bat_GBEmini-dU-RNF2-All-PD_rep1_hg38.MAPQ20.bmat
    output: ../mpileup_pmat_bmat/split_chr/293T-bat_GBEmini-dU-RNF2-All-PD_rep1_hg38.MAPQ20_chr20.bmat
    jobid: 45
    reason: Missing output files: ../mpileup_pmat_bmat/split_chr/293T-bat_GBEmini-dU-RNF2-All-PD_rep1_hg38.MAPQ20_chr20.bmat
    wildcards: sample=GBEmini-dU-RNF2-All-PD, rep=rep1, chr_=20

sed '1d' ../mpileup_pmat_bmat/293T-bat_GBEmini-dU-RNF2-All-PD_rep1_hg38.MAPQ20.bmat | awk -F '	' '{if($1=="chr20")print $0}' > ../mpileup_pmat_bmat/split_chr/293T-bat_GBEmini-dU-RNF2-All-PD_rep1_hg38.MAPQ20_chr20.bmat

[Thu Nov 12 11:57:58 2020]
rule split_bmat:
    input: ../mpileup_pmat_bmat/293T-bat_GBEmini-AP-RNF2-All-PD_rep1_hg38.MAPQ20.bmat
    output: ../mpileup_pmat_bmat/split_chr/293T-bat_GBEmini-AP-RNF2-All-PD_rep1_hg38.MAPQ20_chr1.bmat
    jobid: 1
    reason: Missing output files: ../mpileup_pmat_bmat/split_chr/293T-bat_GBEmini-AP-RNF2-All-PD_rep1_hg38.MAPQ20_chr1.bmat
    wildcards: sample=GBEmini-AP-RNF2-All-PD, rep=rep1, chr_=1

sed '1d' ../mpileup_pmat_bmat/293T-bat_GBEmini-AP-RNF2-All-PD_rep1_hg38.MAPQ20.bmat | awk -F '	' '{if($1=="chr1")print $0}' > ../mpileup_pmat_bmat/split_chr/293T-bat_GBEmini-AP-RNF2-All-PD_rep1_hg38.MAPQ20_chr1.bmat

[Thu Nov 12 11:57:58 2020]
rule split_bmat:
    input: ../mpileup_pmat_bmat/293T-bat_GBEmini-AP-RNF2-All-PD_rep1_hg38.MAPQ20.bmat
    output: ../mpileup_pmat_bmat/split_chr/293T-bat_GBEmini-AP-RNF2-All-PD_rep1_hg38.MAPQ20_chr8.bmat
    jobid: 8
    reason: Missing output files: ../mpileup_pmat_bmat/split_chr/293T-bat_GBEmini-AP-RNF2-All-PD_rep1_hg38.MAPQ20_chr8.bmat
    wildcards: sample=GBEmini-AP-RNF2-All-PD, rep=rep1, chr_=8

sed '1d' ../mpileup_pmat_bmat/293T-bat_GBEmini-AP-RNF2-All-PD_rep1_hg38.MAPQ20.bmat | awk -F '	' '{if($1=="chr8")print $0}' > ../mpileup_pmat_bmat/split_chr/293T-bat_GBEmini-AP-RNF2-All-PD_rep1_hg38.MAPQ20_chr8.bmat

[Thu Nov 12 11:57:58 2020]
rule split_bmat:
    input: ../mpileup_pmat_bmat/293T-bat_GBEmini-AP-RNF2-All-PD_rep1_hg38.MAPQ20.bmat
    output: ../mpileup_pmat_bmat/split_chr/293T-bat_GBEmini-AP-RNF2-All-PD_rep1_hg38.MAPQ20_chr16.bmat
    jobid: 16
    reason: Missing output files: ../mpileup_pmat_bmat/split_chr/293T-bat_GBEmini-AP-RNF2-All-PD_rep1_hg38.MAPQ20_chr16.bmat
    wildcards: sample=GBEmini-AP-RNF2-All-PD, rep=rep1, chr_=16

sed '1d' ../mpileup_pmat_bmat/293T-bat_GBEmini-AP-RNF2-All-PD_rep1_hg38.MAPQ20.bmat | awk -F '	' '{if($1=="chr16")print $0}' > ../mpileup_pmat_bmat/split_chr/293T-bat_GBEmini-AP-RNF2-All-PD_rep1_hg38.MAPQ20_chr16.bmat

[Thu Nov 12 11:57:58 2020]
rule split_bmat:
    input: ../mpileup_pmat_bmat/293T-bat_GBEmini-AP-RNF2-All-PD_rep1_hg38.MAPQ20.bmat
    output: ../mpileup_pmat_bmat/split_chr/293T-bat_GBEmini-AP-RNF2-All-PD_rep1_hg38.MAPQ20_chrX.bmat
    jobid: 23
    reason: Missing output files: ../mpileup_pmat_bmat/split_chr/293T-bat_GBEmini-AP-RNF2-All-PD_rep1_hg38.MAPQ20_chrX.bmat
    wildcards: sample=GBEmini-AP-RNF2-All-PD, rep=rep1, chr_=X

sed '1d' ../mpileup_pmat_bmat/293T-bat_GBEmini-AP-RNF2-All-PD_rep1_hg38.MAPQ20.bmat | awk -F '	' '{if($1=="chrX")print $0}' > ../mpileup_pmat_bmat/split_chr/293T-bat_GBEmini-AP-RNF2-All-PD_rep1_hg38.MAPQ20_chrX.bmat

[Thu Nov 12 11:57:58 2020]
rule split_bmat:
    input: ../mpileup_pmat_bmat/293T-bat_GBEmini-dU-RNF2-All-PD_rep1_hg38.MAPQ20.bmat
    output: ../mpileup_pmat_bmat/split_chr/293T-bat_GBEmini-dU-RNF2-All-PD_rep1_hg38.MAPQ20_chr6.bmat
    jobid: 31
    reason: Missing output files: ../mpileup_pmat_bmat/split_chr/293T-bat_GBEmini-dU-RNF2-All-PD_rep1_hg38.MAPQ20_chr6.bmat
    wildcards: sample=GBEmini-dU-RNF2-All-PD, rep=rep1, chr_=6

sed '1d' ../mpileup_pmat_bmat/293T-bat_GBEmini-dU-RNF2-All-PD_rep1_hg38.MAPQ20.bmat | awk -F '	' '{if($1=="chr6")print $0}' > ../mpileup_pmat_bmat/split_chr/293T-bat_GBEmini-dU-RNF2-All-PD_rep1_hg38.MAPQ20_chr6.bmat

[Thu Nov 12 11:57:58 2020]
rule split_bmat:
    input: ../mpileup_pmat_bmat/293T-bat_GBEmini-dU-RNF2-All-PD_rep1_hg38.MAPQ20.bmat
    output: ../mpileup_pmat_bmat/split_chr/293T-bat_GBEmini-dU-RNF2-All-PD_rep1_hg38.MAPQ20_chr13.bmat
    jobid: 38
    reason: Missing output files: ../mpileup_pmat_bmat/split_chr/293T-bat_GBEmini-dU-RNF2-All-PD_rep1_hg38.MAPQ20_chr13.bmat
    wildcards: sample=GBEmini-dU-RNF2-All-PD, rep=rep1, chr_=13

sed '1d' ../mpileup_pmat_bmat/293T-bat_GBEmini-dU-RNF2-All-PD_rep1_hg38.MAPQ20.bmat | awk -F '	' '{if($1=="chr13")print $0}' > ../mpileup_pmat_bmat/split_chr/293T-bat_GBEmini-dU-RNF2-All-PD_rep1_hg38.MAPQ20_chr13.bmat

[Thu Nov 12 11:57:58 2020]
rule split_bmat:
    input: ../mpileup_pmat_bmat/293T-bat_GBEmini-dU-RNF2-All-PD_rep1_hg38.MAPQ20.bmat
    output: ../mpileup_pmat_bmat/split_chr/293T-bat_GBEmini-dU-RNF2-All-PD_rep1_hg38.MAPQ20_chr21.bmat
    jobid: 46
    reason: Missing output files: ../mpileup_pmat_bmat/split_chr/293T-bat_GBEmini-dU-RNF2-All-PD_rep1_hg38.MAPQ20_chr21.bmat
    wildcards: sample=GBEmini-dU-RNF2-All-PD, rep=rep1, chr_=21

sed '1d' ../mpileup_pmat_bmat/293T-bat_GBEmini-dU-RNF2-All-PD_rep1_hg38.MAPQ20.bmat | awk -F '	' '{if($1=="chr21")print $0}' > ../mpileup_pmat_bmat/split_chr/293T-bat_GBEmini-dU-RNF2-All-PD_rep1_hg38.MAPQ20_chr21.bmat

[Thu Nov 12 11:57:58 2020]
rule split_bmat:
    input: ../mpileup_pmat_bmat/293T-bat_GBEmini-AP-RNF2-All-PD_rep1_hg38.MAPQ20.bmat
    output: ../mpileup_pmat_bmat/split_chr/293T-bat_GBEmini-AP-RNF2-All-PD_rep1_hg38.MAPQ20_chr2.bmat
    jobid: 2
    reason: Missing output files: ../mpileup_pmat_bmat/split_chr/293T-bat_GBEmini-AP-RNF2-All-PD_rep1_hg38.MAPQ20_chr2.bmat
    wildcards: sample=GBEmini-AP-RNF2-All-PD, rep=rep1, chr_=2

sed '1d' ../mpileup_pmat_bmat/293T-bat_GBEmini-AP-RNF2-All-PD_rep1_hg38.MAPQ20.bmat | awk -F '	' '{if($1=="chr2")print $0}' > ../mpileup_pmat_bmat/split_chr/293T-bat_GBEmini-AP-RNF2-All-PD_rep1_hg38.MAPQ20_chr2.bmat

[Thu Nov 12 11:57:58 2020]
rule split_bmat:
    input: ../mpileup_pmat_bmat/293T-bat_GBEmini-AP-RNF2-All-PD_rep1_hg38.MAPQ20.bmat
    output: ../mpileup_pmat_bmat/split_chr/293T-bat_GBEmini-AP-RNF2-All-PD_rep1_hg38.MAPQ20_chr9.bmat
    jobid: 9
    reason: Missing output files: ../mpileup_pmat_bmat/split_chr/293T-bat_GBEmini-AP-RNF2-All-PD_rep1_hg38.MAPQ20_chr9.bmat
    wildcards: sample=GBEmini-AP-RNF2-All-PD, rep=rep1, chr_=9

sed '1d' ../mpileup_pmat_bmat/293T-bat_GBEmini-AP-RNF2-All-PD_rep1_hg38.MAPQ20.bmat | awk -F '	' '{if($1=="chr9")print $0}' > ../mpileup_pmat_bmat/split_chr/293T-bat_GBEmini-AP-RNF2-All-PD_rep1_hg38.MAPQ20_chr9.bmat

[Thu Nov 12 11:57:58 2020]
rule split_bmat:
    input: ../mpileup_pmat_bmat/293T-bat_GBEmini-AP-RNF2-All-PD_rep1_hg38.MAPQ20.bmat
    output: ../mpileup_pmat_bmat/split_chr/293T-bat_GBEmini-AP-RNF2-All-PD_rep1_hg38.MAPQ20_chr17.bmat
    jobid: 17
    reason: Missing output files: ../mpileup_pmat_bmat/split_chr/293T-bat_GBEmini-AP-RNF2-All-PD_rep1_hg38.MAPQ20_chr17.bmat
    wildcards: sample=GBEmini-AP-RNF2-All-PD, rep=rep1, chr_=17

sed '1d' ../mpileup_pmat_bmat/293T-bat_GBEmini-AP-RNF2-All-PD_rep1_hg38.MAPQ20.bmat | awk -F '	' '{if($1=="chr17")print $0}' > ../mpileup_pmat_bmat/split_chr/293T-bat_GBEmini-AP-RNF2-All-PD_rep1_hg38.MAPQ20_chr17.bmat

[Thu Nov 12 11:57:58 2020]
rule split_bmat:
    input: ../mpileup_pmat_bmat/293T-bat_GBEmini-AP-RNF2-All-PD_rep1_hg38.MAPQ20.bmat
    output: ../mpileup_pmat_bmat/split_chr/293T-bat_GBEmini-AP-RNF2-All-PD_rep1_hg38.MAPQ20_chrY.bmat
    jobid: 24
    reason: Missing output files: ../mpileup_pmat_bmat/split_chr/293T-bat_GBEmini-AP-RNF2-All-PD_rep1_hg38.MAPQ20_chrY.bmat
    wildcards: sample=GBEmini-AP-RNF2-All-PD, rep=rep1, chr_=Y

sed '1d' ../mpileup_pmat_bmat/293T-bat_GBEmini-AP-RNF2-All-PD_rep1_hg38.MAPQ20.bmat | awk -F '	' '{if($1=="chrY")print $0}' > ../mpileup_pmat_bmat/split_chr/293T-bat_GBEmini-AP-RNF2-All-PD_rep1_hg38.MAPQ20_chrY.bmat

[Thu Nov 12 11:57:58 2020]
rule split_bmat:
    input: ../mpileup_pmat_bmat/293T-bat_GBEmini-dU-RNF2-All-PD_rep1_hg38.MAPQ20.bmat
    output: ../mpileup_pmat_bmat/split_chr/293T-bat_GBEmini-dU-RNF2-All-PD_rep1_hg38.MAPQ20_chr7.bmat
    jobid: 32
    reason: Missing output files: ../mpileup_pmat_bmat/split_chr/293T-bat_GBEmini-dU-RNF2-All-PD_rep1_hg38.MAPQ20_chr7.bmat
    wildcards: sample=GBEmini-dU-RNF2-All-PD, rep=rep1, chr_=7

sed '1d' ../mpileup_pmat_bmat/293T-bat_GBEmini-dU-RNF2-All-PD_rep1_hg38.MAPQ20.bmat | awk -F '	' '{if($1=="chr7")print $0}' > ../mpileup_pmat_bmat/split_chr/293T-bat_GBEmini-dU-RNF2-All-PD_rep1_hg38.MAPQ20_chr7.bmat

[Thu Nov 12 11:57:58 2020]
rule split_bmat:
    input: ../mpileup_pmat_bmat/293T-bat_GBEmini-dU-RNF2-All-PD_rep1_hg38.MAPQ20.bmat
    output: ../mpileup_pmat_bmat/split_chr/293T-bat_GBEmini-dU-RNF2-All-PD_rep1_hg38.MAPQ20_chr14.bmat
    jobid: 39
    reason: Missing output files: ../mpileup_pmat_bmat/split_chr/293T-bat_GBEmini-dU-RNF2-All-PD_rep1_hg38.MAPQ20_chr14.bmat
    wildcards: sample=GBEmini-dU-RNF2-All-PD, rep=rep1, chr_=14

sed '1d' ../mpileup_pmat_bmat/293T-bat_GBEmini-dU-RNF2-All-PD_rep1_hg38.MAPQ20.bmat | awk -F '	' '{if($1=="chr14")print $0}' > ../mpileup_pmat_bmat/split_chr/293T-bat_GBEmini-dU-RNF2-All-PD_rep1_hg38.MAPQ20_chr14.bmat

[Thu Nov 12 11:57:58 2020]
rule split_bmat:
    input: ../mpileup_pmat_bmat/293T-bat_GBEmini-dU-RNF2-All-PD_rep1_hg38.MAPQ20.bmat
    output: ../mpileup_pmat_bmat/split_chr/293T-bat_GBEmini-dU-RNF2-All-PD_rep1_hg38.MAPQ20_chr22.bmat
    jobid: 47
    reason: Missing output files: ../mpileup_pmat_bmat/split_chr/293T-bat_GBEmini-dU-RNF2-All-PD_rep1_hg38.MAPQ20_chr22.bmat
    wildcards: sample=GBEmini-dU-RNF2-All-PD, rep=rep1, chr_=22

sed '1d' ../mpileup_pmat_bmat/293T-bat_GBEmini-dU-RNF2-All-PD_rep1_hg38.MAPQ20.bmat | awk -F '	' '{if($1=="chr22")print $0}' > ../mpileup_pmat_bmat/split_chr/293T-bat_GBEmini-dU-RNF2-All-PD_rep1_hg38.MAPQ20_chr22.bmat

[Thu Nov 12 11:57:58 2020]
rule split_bmat:
    input: ../mpileup_pmat_bmat/293T-bat_GBEmini-AP-RNF2-All-PD_rep1_hg38.MAPQ20.bmat
    output: ../mpileup_pmat_bmat/split_chr/293T-bat_GBEmini-AP-RNF2-All-PD_rep1_hg38.MAPQ20_chr10.bmat
    jobid: 10
    reason: Missing output files: ../mpileup_pmat_bmat/split_chr/293T-bat_GBEmini-AP-RNF2-All-PD_rep1_hg38.MAPQ20_chr10.bmat
    wildcards: sample=GBEmini-AP-RNF2-All-PD, rep=rep1, chr_=10

sed '1d' ../mpileup_pmat_bmat/293T-bat_GBEmini-AP-RNF2-All-PD_rep1_hg38.MAPQ20.bmat | awk -F '	' '{if($1=="chr10")print $0}' > ../mpileup_pmat_bmat/split_chr/293T-bat_GBEmini-AP-RNF2-All-PD_rep1_hg38.MAPQ20_chr10.bmat

[Thu Nov 12 11:57:58 2020]
rule split_bmat:
    input: ../mpileup_pmat_bmat/293T-bat_GBEmini-AP-RNF2-All-PD_rep1_hg38.MAPQ20.bmat
    output: ../mpileup_pmat_bmat/split_chr/293T-bat_GBEmini-AP-RNF2-All-PD_rep1_hg38.MAPQ20_chrM.bmat
    jobid: 25
    reason: Missing output files: ../mpileup_pmat_bmat/split_chr/293T-bat_GBEmini-AP-RNF2-All-PD_rep1_hg38.MAPQ20_chrM.bmat
    wildcards: sample=GBEmini-AP-RNF2-All-PD, rep=rep1, chr_=M

sed '1d' ../mpileup_pmat_bmat/293T-bat_GBEmini-AP-RNF2-All-PD_rep1_hg38.MAPQ20.bmat | awk -F '	' '{if($1=="chrM")print $0}' > ../mpileup_pmat_bmat/split_chr/293T-bat_GBEmini-AP-RNF2-All-PD_rep1_hg38.MAPQ20_chrM.bmat

[Thu Nov 12 11:57:58 2020]
rule split_bmat:
    input: ../mpileup_pmat_bmat/293T-bat_GBEmini-dU-RNF2-All-PD_rep1_hg38.MAPQ20.bmat
    output: ../mpileup_pmat_bmat/split_chr/293T-bat_GBEmini-dU-RNF2-All-PD_rep1_hg38.MAPQ20_chr15.bmat
    jobid: 40
    reason: Missing output files: ../mpileup_pmat_bmat/split_chr/293T-bat_GBEmini-dU-RNF2-All-PD_rep1_hg38.MAPQ20_chr15.bmat
    wildcards: sample=GBEmini-dU-RNF2-All-PD, rep=rep1, chr_=15

sed '1d' ../mpileup_pmat_bmat/293T-bat_GBEmini-dU-RNF2-All-PD_rep1_hg38.MAPQ20.bmat | awk -F '	' '{if($1=="chr15")print $0}' > ../mpileup_pmat_bmat/split_chr/293T-bat_GBEmini-dU-RNF2-All-PD_rep1_hg38.MAPQ20_chr15.bmat
Terminating processes on user request, this might take some time.
[Thu Nov 12 11:58:22 2020]
[Thu Nov 12 11:58:22 2020]
Error in rule split_bmat:
[Thu Nov 12 11:58:22 2020]
[Thu Nov 12 11:58:22 2020]
[Thu Nov 12 11:58:22 2020]
[Thu Nov 12 11:58:22 2020]
[Thu Nov 12 11:58:22 2020]
[Thu Nov 12 11:58:22 2020]
[Thu Nov 12 11:58:22 2020]
[Thu Nov 12 11:58:22 2020]
[Thu Nov 12 11:58:22 2020]
[Thu Nov 12 11:58:22 2020]
[Thu Nov 12 11:58:22 2020]
[Thu Nov 12 11:58:22 2020]
[Thu Nov 12 11:58:22 2020]
Error in rule split_bmat:
    jobid: 9
Error in rule split_bmat:
Error in rule split_bmat:
[Thu Nov 12 11:58:22 2020]
[Thu Nov 12 11:58:22 2020]
[Thu Nov 12 11:58:22 2020]
[Thu Nov 12 11:58:22 2020]
[Thu Nov 12 11:58:22 2020]
[Thu Nov 12 11:58:22 2020]
[Thu Nov 12 11:58:22 2020]
[Thu Nov 12 11:58:22 2020]
Error in rule split_bmat:
[Thu Nov 12 11:58:22 2020]
[Thu Nov 12 11:58:22 2020]
Error in rule split_bmat:
Error in rule split_bmat:
Error in rule split_bmat:
Error in rule split_bmat:
Error in rule split_bmat:
Error in rule split_bmat:
Error in rule split_bmat:
Error in rule split_bmat:
Error in rule split_bmat:
Error in rule split_bmat:
    jobid: 16
    output: ../mpileup_pmat_bmat/split_chr/293T-bat_GBEmini-AP-RNF2-All-PD_rep1_hg38.MAPQ20_chr9.bmat
    jobid: 47
    jobid: 19
Error in rule split_bmat:
Error in rule split_bmat:
Error in rule split_bmat:
Error in rule split_bmat:
Error in rule split_bmat:
Error in rule split_bmat:
Error in rule split_bmat:
Error in rule split_bmat:
    jobid: 48
Error in rule split_bmat:
Error in rule split_bmat:
    jobid: 25
    jobid: 10
    jobid: 40
    jobid: 4
    jobid: 8
    jobid: 32
    jobid: 31
    jobid: 1
    jobid: 46
    jobid: 39
    output: ../mpileup_pmat_bmat/split_chr/293T-bat_GBEmini-AP-RNF2-All-PD_rep1_hg38.MAPQ20_chr16.bmat
    shell:
        sed '1d' ../mpileup_pmat_bmat/293T-bat_GBEmini-AP-RNF2-All-PD_rep1_hg38.MAPQ20.bmat | awk -F '	' '{if($1=="chr9")print $0}' > ../mpileup_pmat_bmat/split_chr/293T-bat_GBEmini-AP-RNF2-All-PD_rep1_hg38.MAPQ20_chr9.bmat
        (one of the commands exited with non-zero exit code; note that snakemake uses bash strict mode!)
    output: ../mpileup_pmat_bmat/split_chr/293T-bat_GBEmini-dU-RNF2-All-PD_rep1_hg38.MAPQ20_chr22.bmat
    output: ../mpileup_pmat_bmat/split_chr/293T-bat_GBEmini-AP-RNF2-All-PD_rep1_hg38.MAPQ20_chr19.bmat
    jobid: 12
    output: ../mpileup_pmat_bmat/split_chr/293T-bat_GBEmini-AP-RNF2-All-PD_rep1_hg38.MAPQ20_chr12.bmat
    jobid: 38
    jobid: 2
    jobid: 45
    jobid: 18
    jobid: 23
    jobid: 17
    output: ../mpileup_pmat_bmat/split_chr/293T-bat_GBEmini-dU-RNF2-All-PD_rep1_hg38.MAPQ20_chrX.bmat
    jobid: 37
    jobid: 41
    output: ../mpileup_pmat_bmat/split_chr/293T-bat_GBEmini-AP-RNF2-All-PD_rep1_hg38.MAPQ20_chrM.bmat
    output: ../mpileup_pmat_bmat/split_chr/293T-bat_GBEmini-AP-RNF2-All-PD_rep1_hg38.MAPQ20_chr10.bmat
    output: ../mpileup_pmat_bmat/split_chr/293T-bat_GBEmini-dU-RNF2-All-PD_rep1_hg38.MAPQ20_chr15.bmat
    output: ../mpileup_pmat_bmat/split_chr/293T-bat_GBEmini-AP-RNF2-All-PD_rep1_hg38.MAPQ20_chr4.bmat
    output: ../mpileup_pmat_bmat/split_chr/293T-bat_GBEmini-AP-RNF2-All-PD_rep1_hg38.MAPQ20_chr8.bmat
    output: ../mpileup_pmat_bmat/split_chr/293T-bat_GBEmini-dU-RNF2-All-PD_rep1_hg38.MAPQ20_chr7.bmat
    output: ../mpileup_pmat_bmat/split_chr/293T-bat_GBEmini-dU-RNF2-All-PD_rep1_hg38.MAPQ20_chr6.bmat
    output: ../mpileup_pmat_bmat/split_chr/293T-bat_GBEmini-AP-RNF2-All-PD_rep1_hg38.MAPQ20_chr1.bmat
    shell:
        sed '1d' ../mpileup_pmat_bmat/293T-bat_GBEmini-AP-RNF2-All-PD_rep1_hg38.MAPQ20.bmat | awk -F '	' '{if($1=="chr1")print $0}' > ../mpileup_pmat_bmat/split_chr/293T-bat_GBEmini-AP-RNF2-All-PD_rep1_hg38.MAPQ20_chr1.bmat
        (one of the commands exited with non-zero exit code; note that snakemake uses bash strict mode!)
    output: ../mpileup_pmat_bmat/split_chr/293T-bat_GBEmini-dU-RNF2-All-PD_rep1_hg38.MAPQ20_chr14.bmat
    shell:
        sed '1d' ../mpileup_pmat_bmat/293T-bat_GBEmini-AP-RNF2-All-PD_rep1_hg38.MAPQ20.bmat | awk -F '	' '{if($1=="chr16")print $0}' > ../mpileup_pmat_bmat/split_chr/293T-bat_GBEmini-AP-RNF2-All-PD_rep1_hg38.MAPQ20_chr16.bmat
        (one of the commands exited with non-zero exit code; note that snakemake uses bash strict mode!)

    shell:
        sed '1d' ../mpileup_pmat_bmat/293T-bat_GBEmini-dU-RNF2-All-PD_rep1_hg38.MAPQ20.bmat | awk -F '	' '{if($1=="chr22")print $0}' > ../mpileup_pmat_bmat/split_chr/293T-bat_GBEmini-dU-RNF2-All-PD_rep1_hg38.MAPQ20_chr22.bmat
        (one of the commands exited with non-zero exit code; note that snakemake uses bash strict mode!)
    jobid: 24
    shell:
        sed '1d' ../mpileup_pmat_bmat/293T-bat_GBEmini-AP-RNF2-All-PD_rep1_hg38.MAPQ20.bmat | awk -F '	' '{if($1=="chr12")print $0}' > ../mpileup_pmat_bmat/split_chr/293T-bat_GBEmini-AP-RNF2-All-PD_rep1_hg38.MAPQ20_chr12.bmat
        (one of the commands exited with non-zero exit code; note that snakemake uses bash strict mode!)
    shell:
        sed '1d' ../mpileup_pmat_bmat/293T-bat_GBEmini-AP-RNF2-All-PD_rep1_hg38.MAPQ20.bmat | awk -F '	' '{if($1=="chr19")print $0}' > ../mpileup_pmat_bmat/split_chr/293T-bat_GBEmini-AP-RNF2-All-PD_rep1_hg38.MAPQ20_chr19.bmat
        (one of the commands exited with non-zero exit code; note that snakemake uses bash strict mode!)
    output: ../mpileup_pmat_bmat/split_chr/293T-bat_GBEmini-dU-RNF2-All-PD_rep1_hg38.MAPQ20_chr13.bmat
    output: ../mpileup_pmat_bmat/split_chr/293T-bat_GBEmini-AP-RNF2-All-PD_rep1_hg38.MAPQ20_chr2.bmat
    output: ../mpileup_pmat_bmat/split_chr/293T-bat_GBEmini-dU-RNF2-All-PD_rep1_hg38.MAPQ20_chr20.bmat
    output: ../mpileup_pmat_bmat/split_chr/293T-bat_GBEmini-AP-RNF2-All-PD_rep1_hg38.MAPQ20_chr18.bmat
    output: ../mpileup_pmat_bmat/split_chr/293T-bat_GBEmini-AP-RNF2-All-PD_rep1_hg38.MAPQ20_chrX.bmat
    output: ../mpileup_pmat_bmat/split_chr/293T-bat_GBEmini-AP-RNF2-All-PD_rep1_hg38.MAPQ20_chr17.bmat
    shell:
        sed '1d' ../mpileup_pmat_bmat/293T-bat_GBEmini-dU-RNF2-All-PD_rep1_hg38.MAPQ20.bmat | awk -F '	' '{if($1=="chrX")print $0}' > ../mpileup_pmat_bmat/split_chr/293T-bat_GBEmini-dU-RNF2-All-PD_rep1_hg38.MAPQ20_chrX.bmat
        (one of the commands exited with non-zero exit code; note that snakemake uses bash strict mode!)
    output: ../mpileup_pmat_bmat/split_chr/293T-bat_GBEmini-dU-RNF2-All-PD_rep1_hg38.MAPQ20_chr12.bmat
    output: ../mpileup_pmat_bmat/split_chr/293T-bat_GBEmini-dU-RNF2-All-PD_rep1_hg38.MAPQ20_chr16.bmat
    shell:
        sed '1d' ../mpileup_pmat_bmat/293T-bat_GBEmini-AP-RNF2-All-PD_rep1_hg38.MAPQ20.bmat | awk -F '	' '{if($1=="chrM")print $0}' > ../mpileup_pmat_bmat/split_chr/293T-bat_GBEmini-AP-RNF2-All-PD_rep1_hg38.MAPQ20_chrM.bmat
        (one of the commands exited with non-zero exit code; note that snakemake uses bash strict mode!)
    shell:
        sed '1d' ../mpileup_pmat_bmat/293T-bat_GBEmini-AP-RNF2-All-PD_rep1_hg38.MAPQ20.bmat | awk -F '	' '{if($1=="chr10")print $0}' > ../mpileup_pmat_bmat/split_chr/293T-bat_GBEmini-AP-RNF2-All-PD_rep1_hg38.MAPQ20_chr10.bmat
        (one of the commands exited with non-zero exit code; note that snakemake uses bash strict mode!)
    shell:
        sed '1d' ../mpileup_pmat_bmat/293T-bat_GBEmini-dU-RNF2-All-PD_rep1_hg38.MAPQ20.bmat | awk -F '	' '{if($1=="chr15")print $0}' > ../mpileup_pmat_bmat/split_chr/293T-bat_GBEmini-dU-RNF2-All-PD_rep1_hg38.MAPQ20_chr15.bmat
        (one of the commands exited with non-zero exit code; note that snakemake uses bash strict mode!)
    shell:
        sed '1d' ../mpileup_pmat_bmat/293T-bat_GBEmini-AP-RNF2-All-PD_rep1_hg38.MAPQ20.bmat | awk -F '	' '{if($1=="chr4")print $0}' > ../mpileup_pmat_bmat/split_chr/293T-bat_GBEmini-AP-RNF2-All-PD_rep1_hg38.MAPQ20_chr4.bmat
        (one of the commands exited with non-zero exit code; note that snakemake uses bash strict mode!)
    shell:
        sed '1d' ../mpileup_pmat_bmat/293T-bat_GBEmini-AP-RNF2-All-PD_rep1_hg38.MAPQ20.bmat | awk -F '	' '{if($1=="chr8")print $0}' > ../mpileup_pmat_bmat/split_chr/293T-bat_GBEmini-AP-RNF2-All-PD_rep1_hg38.MAPQ20_chr8.bmat
        (one of the commands exited with non-zero exit code; note that snakemake uses bash strict mode!)
    shell:
        sed '1d' ../mpileup_pmat_bmat/293T-bat_GBEmini-dU-RNF2-All-PD_rep1_hg38.MAPQ20.bmat | awk -F '	' '{if($1=="chr7")print $0}' > ../mpileup_pmat_bmat/split_chr/293T-bat_GBEmini-dU-RNF2-All-PD_rep1_hg38.MAPQ20_chr7.bmat
        (one of the commands exited with non-zero exit code; note that snakemake uses bash strict mode!)
    shell:
        sed '1d' ../mpileup_pmat_bmat/293T-bat_GBEmini-dU-RNF2-All-PD_rep1_hg38.MAPQ20.bmat | awk -F '	' '{if($1=="chr6")print $0}' > ../mpileup_pmat_bmat/split_chr/293T-bat_GBEmini-dU-RNF2-All-PD_rep1_hg38.MAPQ20_chr6.bmat
        (one of the commands exited with non-zero exit code; note that snakemake uses bash strict mode!)
    output: ../mpileup_pmat_bmat/split_chr/293T-bat_GBEmini-dU-RNF2-All-PD_rep1_hg38.MAPQ20_chr21.bmat
    shell:
        sed '1d' ../mpileup_pmat_bmat/293T-bat_GBEmini-dU-RNF2-All-PD_rep1_hg38.MAPQ20.bmat | awk -F '	' '{if($1=="chr21")print $0}' > ../mpileup_pmat_bmat/split_chr/293T-bat_GBEmini-dU-RNF2-All-PD_rep1_hg38.MAPQ20_chr21.bmat
        (one of the commands exited with non-zero exit code; note that snakemake uses bash strict mode!)
    shell:
        sed '1d' ../mpileup_pmat_bmat/293T-bat_GBEmini-dU-RNF2-All-PD_rep1_hg38.MAPQ20.bmat | awk -F '	' '{if($1=="chr14")print $0}' > ../mpileup_pmat_bmat/split_chr/293T-bat_GBEmini-dU-RNF2-All-PD_rep1_hg38.MAPQ20_chr14.bmat
        (one of the commands exited with non-zero exit code; note that snakemake uses bash strict mode!)

Removing output files of failed job split_bmat since they might be corrupted:
../mpileup_pmat_bmat/split_chr/293T-bat_GBEmini-AP-RNF2-All-PD_rep1_hg38.MAPQ20_chr9.bmat

    output: ../mpileup_pmat_bmat/split_chr/293T-bat_GBEmini-AP-RNF2-All-PD_rep1_hg38.MAPQ20_chrY.bmat
    shell:
        sed '1d' ../mpileup_pmat_bmat/293T-bat_GBEmini-AP-RNF2-All-PD_rep1_hg38.MAPQ20.bmat | awk -F '	' '{if($1=="chrY")print $0}' > ../mpileup_pmat_bmat/split_chr/293T-bat_GBEmini-AP-RNF2-All-PD_rep1_hg38.MAPQ20_chrY.bmat
        (one of the commands exited with non-zero exit code; note that snakemake uses bash strict mode!)

    shell:
        sed '1d' ../mpileup_pmat_bmat/293T-bat_GBEmini-dU-RNF2-All-PD_rep1_hg38.MAPQ20.bmat | awk -F '	' '{if($1=="chr13")print $0}' > ../mpileup_pmat_bmat/split_chr/293T-bat_GBEmini-dU-RNF2-All-PD_rep1_hg38.MAPQ20_chr13.bmat
        (one of the commands exited with non-zero exit code; note that snakemake uses bash strict mode!)
    shell:
        sed '1d' ../mpileup_pmat_bmat/293T-bat_GBEmini-AP-RNF2-All-PD_rep1_hg38.MAPQ20.bmat | awk -F '	' '{if($1=="chr2")print $0}' > ../mpileup_pmat_bmat/split_chr/293T-bat_GBEmini-AP-RNF2-All-PD_rep1_hg38.MAPQ20_chr2.bmat
        (one of the commands exited with non-zero exit code; note that snakemake uses bash strict mode!)
    shell:
        sed '1d' ../mpileup_pmat_bmat/293T-bat_GBEmini-dU-RNF2-All-PD_rep1_hg38.MAPQ20.bmat | awk -F '	' '{if($1=="chr20")print $0}' > ../mpileup_pmat_bmat/split_chr/293T-bat_GBEmini-dU-RNF2-All-PD_rep1_hg38.MAPQ20_chr20.bmat
        (one of the commands exited with non-zero exit code; note that snakemake uses bash strict mode!)
    shell:
        sed '1d' ../mpileup_pmat_bmat/293T-bat_GBEmini-AP-RNF2-All-PD_rep1_hg38.MAPQ20.bmat | awk -F '	' '{if($1=="chr18")print $0}' > ../mpileup_pmat_bmat/split_chr/293T-bat_GBEmini-AP-RNF2-All-PD_rep1_hg38.MAPQ20_chr18.bmat
        (one of the commands exited with non-zero exit code; note that snakemake uses bash strict mode!)
    shell:
        sed '1d' ../mpileup_pmat_bmat/293T-bat_GBEmini-AP-RNF2-All-PD_rep1_hg38.MAPQ20.bmat | awk -F '	' '{if($1=="chrX")print $0}' > ../mpileup_pmat_bmat/split_chr/293T-bat_GBEmini-AP-RNF2-All-PD_rep1_hg38.MAPQ20_chrX.bmat
        (one of the commands exited with non-zero exit code; note that snakemake uses bash strict mode!)
    shell:
        sed '1d' ../mpileup_pmat_bmat/293T-bat_GBEmini-AP-RNF2-All-PD_rep1_hg38.MAPQ20.bmat | awk -F '	' '{if($1=="chr17")print $0}' > ../mpileup_pmat_bmat/split_chr/293T-bat_GBEmini-AP-RNF2-All-PD_rep1_hg38.MAPQ20_chr17.bmat
        (one of the commands exited with non-zero exit code; note that snakemake uses bash strict mode!)

    shell:
        sed '1d' ../mpileup_pmat_bmat/293T-bat_GBEmini-dU-RNF2-All-PD_rep1_hg38.MAPQ20.bmat | awk -F '	' '{if($1=="chr12")print $0}' > ../mpileup_pmat_bmat/split_chr/293T-bat_GBEmini-dU-RNF2-All-PD_rep1_hg38.MAPQ20_chr12.bmat
        (one of the commands exited with non-zero exit code; note that snakemake uses bash strict mode!)
    shell:
        sed '1d' ../mpileup_pmat_bmat/293T-bat_GBEmini-dU-RNF2-All-PD_rep1_hg38.MAPQ20.bmat | awk -F '	' '{if($1=="chr16")print $0}' > ../mpileup_pmat_bmat/split_chr/293T-bat_GBEmini-dU-RNF2-All-PD_rep1_hg38.MAPQ20_chr16.bmat
        (one of the commands exited with non-zero exit code; note that snakemake uses bash strict mode!)


















Removing output files of failed job split_bmat since they might be corrupted:
../mpileup_pmat_bmat/split_chr/293T-bat_GBEmini-AP-RNF2-All-PD_rep1_hg38.MAPQ20_chr16.bmat


Removing output files of failed job split_bmat since they might be corrupted:
../mpileup_pmat_bmat/split_chr/293T-bat_GBEmini-dU-RNF2-All-PD_rep1_hg38.MAPQ20_chr22.bmat
Removing output files of failed job split_bmat since they might be corrupted:
../mpileup_pmat_bmat/split_chr/293T-bat_GBEmini-AP-RNF2-All-PD_rep1_hg38.MAPQ20_chrY.bmat
Removing output files of failed job split_bmat since they might be corrupted:
../mpileup_pmat_bmat/split_chr/293T-bat_GBEmini-dU-RNF2-All-PD_rep1_hg38.MAPQ20_chrX.bmat
Removing output files of failed job split_bmat since they might be corrupted:
../mpileup_pmat_bmat/split_chr/293T-bat_GBEmini-AP-RNF2-All-PD_rep1_hg38.MAPQ20_chrM.bmat
Removing output files of failed job split_bmat since they might be corrupted:
../mpileup_pmat_bmat/split_chr/293T-bat_GBEmini-AP-RNF2-All-PD_rep1_hg38.MAPQ20_chr10.bmat
Removing output files of failed job split_bmat since they might be corrupted:
../mpileup_pmat_bmat/split_chr/293T-bat_GBEmini-dU-RNF2-All-PD_rep1_hg38.MAPQ20_chr15.bmat
Removing output files of failed job split_bmat since they might be corrupted:
../mpileup_pmat_bmat/split_chr/293T-bat_GBEmini-AP-RNF2-All-PD_rep1_hg38.MAPQ20_chr4.bmat
Removing output files of failed job split_bmat since they might be corrupted:
../mpileup_pmat_bmat/split_chr/293T-bat_GBEmini-AP-RNF2-All-PD_rep1_hg38.MAPQ20_chr8.bmat
Removing output files of failed job split_bmat since they might be corrupted:
../mpileup_pmat_bmat/split_chr/293T-bat_GBEmini-dU-RNF2-All-PD_rep1_hg38.MAPQ20_chr7.bmat
Removing output files of failed job split_bmat since they might be corrupted:
../mpileup_pmat_bmat/split_chr/293T-bat_GBEmini-dU-RNF2-All-PD_rep1_hg38.MAPQ20_chr6.bmat
Removing output files of failed job split_bmat since they might be corrupted:
../mpileup_pmat_bmat/split_chr/293T-bat_GBEmini-dU-RNF2-All-PD_rep1_hg38.MAPQ20_chr21.bmat
Removing output files of failed job split_bmat since they might be corrupted:
../mpileup_pmat_bmat/split_chr/293T-bat_GBEmini-AP-RNF2-All-PD_rep1_hg38.MAPQ20_chr1.bmat
Removing output files of failed job split_bmat since they might be corrupted:
../mpileup_pmat_bmat/split_chr/293T-bat_GBEmini-dU-RNF2-All-PD_rep1_hg38.MAPQ20_chr14.bmat
Removing output files of failed job split_bmat since they might be corrupted:
../mpileup_pmat_bmat/split_chr/293T-bat_GBEmini-AP-RNF2-All-PD_rep1_hg38.MAPQ20_chr12.bmat
Removing output files of failed job split_bmat since they might be corrupted:
../mpileup_pmat_bmat/split_chr/293T-bat_GBEmini-AP-RNF2-All-PD_rep1_hg38.MAPQ20_chr19.bmat
Removing output files of failed job split_bmat since they might be corrupted:
../mpileup_pmat_bmat/split_chr/293T-bat_GBEmini-dU-RNF2-All-PD_rep1_hg38.MAPQ20_chr13.bmat
Removing output files of failed job split_bmat since they might be corrupted:
../mpileup_pmat_bmat/split_chr/293T-bat_GBEmini-AP-RNF2-All-PD_rep1_hg38.MAPQ20_chr2.bmat
Removing output files of failed job split_bmat since they might be corrupted:
../mpileup_pmat_bmat/split_chr/293T-bat_GBEmini-dU-RNF2-All-PD_rep1_hg38.MAPQ20_chr20.bmat
Removing output files of failed job split_bmat since they might be corrupted:
../mpileup_pmat_bmat/split_chr/293T-bat_GBEmini-AP-RNF2-All-PD_rep1_hg38.MAPQ20_chr18.bmat
Removing output files of failed job split_bmat since they might be corrupted:
../mpileup_pmat_bmat/split_chr/293T-bat_GBEmini-AP-RNF2-All-PD_rep1_hg38.MAPQ20_chrX.bmat
Removing output files of failed job split_bmat since they might be corrupted:
../mpileup_pmat_bmat/split_chr/293T-bat_GBEmini-AP-RNF2-All-PD_rep1_hg38.MAPQ20_chr17.bmat
Removing output files of failed job split_bmat since they might be corrupted:
../mpileup_pmat_bmat/split_chr/293T-bat_GBEmini-dU-RNF2-All-PD_rep1_hg38.MAPQ20_chr12.bmat
Removing output files of failed job split_bmat since they might be corrupted:
../mpileup_pmat_bmat/split_chr/293T-bat_GBEmini-dU-RNF2-All-PD_rep1_hg38.MAPQ20_chr16.bmat
Complete log: /gpfs/user/zhaohuanan/3.project/20.2020-11_1109_GBE_DETECT-Seq_old_protocol/snakepipes_detect-seq/.snakemake/log/2020-11-12T115757.933879.snakemake.log
