Building DAG of jobs...
Using shell: /usr/bin/bash
Provided cores: 4
Rules claiming more threads will be scaled down.
Job counts:
	count	jobs
	1	all
	3	call_peaks_macs2
	4

[Mon Nov 16 11:28:39 2020]
rule call_peaks_macs2:
    input: ../mpmat_with_block_info/293T-bat_TREAT-test_rep1_CTRL-VEGFA-Vector-PD_hg38.filtered_SMN-4_SCN-10_SMR-0.1_RPN-1_RTN-2.C2T_merge_G2A.block_info.mpmat, ../bam/293T-bat_VEGFA-Vector-PD_rep1_bwa_hg38_sort_rmdup_MAPQ20.bam, ../bam/293T-bat_test_rep1_bwa_hg38_sort_rmdup_MAPQ20.bam
    output: ../table/detect_seq.StatsTest.table_CTRL-VEGFA-Vector-PD_TREAT-test_rep1.filtered_SMN-4_SCN-10_SMR-0.1_RPN-1_RTN-2.C2T_merge_G2A_call_peaks.tsv
    jobid: 9
    reason: Missing output files: ../table/detect_seq.StatsTest.table_CTRL-VEGFA-Vector-PD_TREAT-test_rep1.filtered_SMN-4_SCN-10_SMR-0.1_RPN-1_RTN-2.C2T_merge_G2A_call_peaks.tsv
    wildcards: ctrl=VEGFA-Vector-PD, treat=test, rep=rep1, SMN=4, SCN=10, SMR=0.1, RPN=1, RTN=2, a=C, b=T, c=G, d=A


        /home/zhaohuanan/zhaohn_HD/miniconda3/envs/snakepipes_detect-seq/bin/python ./program/find-significant-mpmat-V05.py         -i ../mpmat_with_block_info/293T-bat_TREAT-test_rep1_CTRL-VEGFA-Vector-PD_hg38.filtered_SMN-4_SCN-10_SMR-0.1_RPN-1_RTN-2.C2T_merge_G2A.block_info.mpmat         -o ../table/detect_seq.StatsTest.table_CTRL-VEGFA-Vector-PD_TREAT-test_rep1.filtered_SMN-4_SCN-10_SMR-0.1_RPN-1_RTN-2.C2T_merge_G2A_call_peaks.tsv         -c ../bam/293T-bat_VEGFA-Vector-PD_rep1_bwa_hg38_sort_rmdup_MAPQ20.bam         -t ../bam/293T-bat_test_rep1_bwa_hg38_sort_rmdup_MAPQ20.bam         -r /home/zhaohuanan/zhaohn_HD/2.database/fasta_hg38/hg38_only_chromosome.fa         -p 24         --query_mutation_type CT,GA         --mpmat_filter_info_col_index 13         --mpmat_block_info_col_index 14         --seq_reads_length 150         --poisson_method all
        

[Mon Nov 16 11:28:39 2020]
rule call_peaks_macs2:
    input: ../mpmat_with_block_info/293T-bat_TREAT-GBEmini-dU-RNF2-All-PD_rep1_CTRL-VEGFA-Vector-PD_hg38.filtered_SMN-4_SCN-10_SMR-0.1_RPN-1_RTN-2.C2T_merge_G2A.block_info.mpmat, ../bam/293T-bat_VEGFA-Vector-PD_rep1_bwa_hg38_sort_rmdup_MAPQ20.bam, ../bam/293T-bat_GBEmini-dU-RNF2-All-PD_rep1_bwa_hg38_sort_rmdup_MAPQ20.bam
    output: ../table/detect_seq.StatsTest.table_CTRL-VEGFA-Vector-PD_TREAT-GBEmini-dU-RNF2-All-PD_rep1.filtered_SMN-4_SCN-10_SMR-0.1_RPN-1_RTN-2.C2T_merge_G2A_call_peaks.tsv
    jobid: 8
    reason: Missing output files: ../table/detect_seq.StatsTest.table_CTRL-VEGFA-Vector-PD_TREAT-GBEmini-dU-RNF2-All-PD_rep1.filtered_SMN-4_SCN-10_SMR-0.1_RPN-1_RTN-2.C2T_merge_G2A_call_peaks.tsv
    wildcards: ctrl=VEGFA-Vector-PD, treat=GBEmini-dU-RNF2-All-PD, rep=rep1, SMN=4, SCN=10, SMR=0.1, RPN=1, RTN=2, a=C, b=T, c=G, d=A


        /home/zhaohuanan/zhaohn_HD/miniconda3/envs/snakepipes_detect-seq/bin/python ./program/find-significant-mpmat-V05.py         -i ../mpmat_with_block_info/293T-bat_TREAT-GBEmini-dU-RNF2-All-PD_rep1_CTRL-VEGFA-Vector-PD_hg38.filtered_SMN-4_SCN-10_SMR-0.1_RPN-1_RTN-2.C2T_merge_G2A.block_info.mpmat         -o ../table/detect_seq.StatsTest.table_CTRL-VEGFA-Vector-PD_TREAT-GBEmini-dU-RNF2-All-PD_rep1.filtered_SMN-4_SCN-10_SMR-0.1_RPN-1_RTN-2.C2T_merge_G2A_call_peaks.tsv         -c ../bam/293T-bat_VEGFA-Vector-PD_rep1_bwa_hg38_sort_rmdup_MAPQ20.bam         -t ../bam/293T-bat_GBEmini-dU-RNF2-All-PD_rep1_bwa_hg38_sort_rmdup_MAPQ20.bam         -r /home/zhaohuanan/zhaohn_HD/2.database/fasta_hg38/hg38_only_chromosome.fa         -p 24         --query_mutation_type CT,GA         --mpmat_filter_info_col_index 13         --mpmat_block_info_col_index 14         --seq_reads_length 150         --poisson_method all
        

[Mon Nov 16 11:28:39 2020]
rule call_peaks_macs2:
    input: ../mpmat_with_block_info/293T-bat_TREAT-GBEmini-AP-RNF2-All-PD_rep1_CTRL-VEGFA-Vector-PD_hg38.filtered_SMN-4_SCN-10_SMR-0.1_RPN-1_RTN-2.C2T_merge_G2A.block_info.mpmat, ../bam/293T-bat_VEGFA-Vector-PD_rep1_bwa_hg38_sort_rmdup_MAPQ20.bam, ../bam/293T-bat_GBEmini-AP-RNF2-All-PD_rep1_bwa_hg38_sort_rmdup_MAPQ20.bam
    output: ../table/detect_seq.StatsTest.table_CTRL-VEGFA-Vector-PD_TREAT-GBEmini-AP-RNF2-All-PD_rep1.filtered_SMN-4_SCN-10_SMR-0.1_RPN-1_RTN-2.C2T_merge_G2A_call_peaks.tsv
    jobid: 7
    reason: Missing output files: ../table/detect_seq.StatsTest.table_CTRL-VEGFA-Vector-PD_TREAT-GBEmini-AP-RNF2-All-PD_rep1.filtered_SMN-4_SCN-10_SMR-0.1_RPN-1_RTN-2.C2T_merge_G2A_call_peaks.tsv
    wildcards: ctrl=VEGFA-Vector-PD, treat=GBEmini-AP-RNF2-All-PD, rep=rep1, SMN=4, SCN=10, SMR=0.1, RPN=1, RTN=2, a=C, b=T, c=G, d=A


        /home/zhaohuanan/zhaohn_HD/miniconda3/envs/snakepipes_detect-seq/bin/python ./program/find-significant-mpmat-V05.py         -i ../mpmat_with_block_info/293T-bat_TREAT-GBEmini-AP-RNF2-All-PD_rep1_CTRL-VEGFA-Vector-PD_hg38.filtered_SMN-4_SCN-10_SMR-0.1_RPN-1_RTN-2.C2T_merge_G2A.block_info.mpmat         -o ../table/detect_seq.StatsTest.table_CTRL-VEGFA-Vector-PD_TREAT-GBEmini-AP-RNF2-All-PD_rep1.filtered_SMN-4_SCN-10_SMR-0.1_RPN-1_RTN-2.C2T_merge_G2A_call_peaks.tsv         -c ../bam/293T-bat_VEGFA-Vector-PD_rep1_bwa_hg38_sort_rmdup_MAPQ20.bam         -t ../bam/293T-bat_GBEmini-AP-RNF2-All-PD_rep1_bwa_hg38_sort_rmdup_MAPQ20.bam         -r /home/zhaohuanan/zhaohn_HD/2.database/fasta_hg38/hg38_only_chromosome.fa         -p 24         --query_mutation_type CT,GA         --mpmat_filter_info_col_index 13         --mpmat_block_info_col_index 14         --seq_reads_length 150         --poisson_method all
        
[Mon Nov 16 11:43:07 2020]
Finished job 9.
1 of 4 steps (25%) done
[Mon Nov 16 11:48:58 2020]
Finished job 8.
2 of 4 steps (50%) done
[Mon Nov 16 11:51:54 2020]
Finished job 7.
3 of 4 steps (75%) done

[Mon Nov 16 11:51:55 2020]
localrule all:
    input: ../Split_Bmat_Json/293T-bat_GBEmini-AP-RNF2-All-PD_rep1_hg38.MAPQ20.json, ../Split_Bmat_Json/293T-bat_GBEmini-dU-RNF2-All-PD_rep1_hg38.MAPQ20.json, ../Split_Bmat_Json/293T-bat_test_rep1_hg38.MAPQ20.json, ../Split_Bmat_Json/293T-bat_GBEmini-AP-RNF2-All-PD_rep1_hg38.MAPQ20.json, ../Split_Bmat_Json/293T-bat_GBEmini-dU-RNF2-All-PD_rep1_hg38.MAPQ20.json, ../Split_Bmat_Json/293T-bat_test_rep1_hg38.MAPQ20.json, ../mpmat_filter_merge/293T-bat_GBEmini-AP-RNF2-All-PD_rep1_hg38.filtered_SMN-4_SCN-10_SMR-0.1_RPN-1_RTN-2.C2T_merge_G2A.sort.mpmat, ../mpmat_filter_merge/293T-bat_GBEmini-dU-RNF2-All-PD_rep1_hg38.filtered_SMN-4_SCN-10_SMR-0.1_RPN-1_RTN-2.C2T_merge_G2A.sort.mpmat, ../mpmat_filter_merge/293T-bat_test_rep1_hg38.filtered_SMN-4_SCN-10_SMR-0.1_RPN-1_RTN-2.C2T_merge_G2A.sort.mpmat, ../mpmat_with_block_info/293T-bat_TREAT-GBEmini-AP-RNF2-All-PD_rep1_CTRL-VEGFA-Vector-PD_hg38.filtered_SMN-4_SCN-10_SMR-0.1_RPN-1_RTN-2.C2T_merge_G2A.block_info.mpmat, ../mpmat_with_block_info/293T-bat_TREAT-GBEmini-dU-RNF2-All-PD_rep1_CTRL-VEGFA-Vector-PD_hg38.filtered_SMN-4_SCN-10_SMR-0.1_RPN-1_RTN-2.C2T_merge_G2A.block_info.mpmat, ../mpmat_with_block_info/293T-bat_TREAT-test_rep1_CTRL-VEGFA-Vector-PD_hg38.filtered_SMN-4_SCN-10_SMR-0.1_RPN-1_RTN-2.C2T_merge_G2A.block_info.mpmat, ../bam/293T-bat_VEGFA-Vector-PD_rep1_bwa_hg38_sort_rmdup_MAPQ20.bam, ../bam/293T-bat_GBEmini-AP-RNF2-All-PD_rep1_bwa_hg38_sort_rmdup_MAPQ20.bam, ../bam/293T-bat_GBEmini-dU-RNF2-All-PD_rep1_bwa_hg38_sort_rmdup_MAPQ20.bam, ../bam/293T-bat_test_rep1_bwa_hg38_sort_rmdup_MAPQ20.bam, ../table/detect_seq.StatsTest.table_CTRL-VEGFA-Vector-PD_TREAT-GBEmini-AP-RNF2-All-PD_rep1.filtered_SMN-4_SCN-10_SMR-0.1_RPN-1_RTN-2.C2T_merge_G2A.tsv, ../table/detect_seq.StatsTest.table_CTRL-VEGFA-Vector-PD_TREAT-GBEmini-dU-RNF2-All-PD_rep1.filtered_SMN-4_SCN-10_SMR-0.1_RPN-1_RTN-2.C2T_merge_G2A.tsv, ../table/detect_seq.StatsTest.table_CTRL-VEGFA-Vector-PD_TREAT-test_rep1.filtered_SMN-4_SCN-10_SMR-0.1_RPN-1_RTN-2.C2T_merge_G2A.tsv, ../table/detect_seq.StatsTest.table_CTRL-VEGFA-Vector-PD_TREAT-GBEmini-AP-RNF2-All-PD_rep1.filtered_SMN-4_SCN-10_SMR-0.1_RPN-1_RTN-2.C2T_merge_G2A_call_peaks.tsv, ../table/detect_seq.StatsTest.table_CTRL-VEGFA-Vector-PD_TREAT-GBEmini-dU-RNF2-All-PD_rep1.filtered_SMN-4_SCN-10_SMR-0.1_RPN-1_RTN-2.C2T_merge_G2A_call_peaks.tsv, ../table/detect_seq.StatsTest.table_CTRL-VEGFA-Vector-PD_TREAT-test_rep1.filtered_SMN-4_SCN-10_SMR-0.1_RPN-1_RTN-2.C2T_merge_G2A_call_peaks.tsv
    jobid: 0
    reason: Input files updated by another job: ../table/detect_seq.StatsTest.table_CTRL-VEGFA-Vector-PD_TREAT-GBEmini-dU-RNF2-All-PD_rep1.filtered_SMN-4_SCN-10_SMR-0.1_RPN-1_RTN-2.C2T_merge_G2A_call_peaks.tsv, ../table/detect_seq.StatsTest.table_CTRL-VEGFA-Vector-PD_TREAT-GBEmini-AP-RNF2-All-PD_rep1.filtered_SMN-4_SCN-10_SMR-0.1_RPN-1_RTN-2.C2T_merge_G2A_call_peaks.tsv, ../table/detect_seq.StatsTest.table_CTRL-VEGFA-Vector-PD_TREAT-test_rep1.filtered_SMN-4_SCN-10_SMR-0.1_RPN-1_RTN-2.C2T_merge_G2A_call_peaks.tsv

[Mon Nov 16 11:51:55 2020]
Finished job 0.
4 of 4 steps (100%) done
Complete log: /gpfs/user/zhaohuanan/3.project/21.2020-11_1109_GBE_DETECT-Seq_new_protocol/snakepipes_detect-seq/.snakemake/log/2020-11-16T112838.908312.snakemake.log
