Building DAG of jobs...
Using shell: /usr/bin/bash
Provided cores: 24
Rules claiming more threads will be scaled down.
Job counts:
	count	jobs
	1	all
	6	bam2mpileup
	12	bmat2pmat
	6	mpileup2bmat
	24	pmat_merge
	12	select_base_info
	61

[Thu Sep 24 15:18:36 2020]
rule bam2mpileup:
    input: ../bam/293T-bat_VEGFA-All-PD_rep1_hg38.MAPQ20.bam
    output: ../mpileup_pmat_bmat/293T-bat_VEGFA-All-PD_rep1_hg38.MAPQ20.mpileup
    jobid: 1
    reason: Missing output files: ../mpileup_pmat_bmat/293T-bat_VEGFA-All-PD_rep1_hg38.MAPQ20.mpileup
    wildcards: sample=VEGFA-All-PD, rep=rep1


        /home/zhaohuanan/miniconda3/envs/snakepipes_detect-seq_fastq_bam_plot/bin/samtools mpileup         -q 20 -Q 20         --reference /home/zhaohuanan/zhaohn_HD/2.database/fasta_hg38/hg38_only_chromosome.fa         -o ../mpileup_pmat_bmat/293T-bat_VEGFA-All-PD_rep1_hg38.MAPQ20.mpileup         ../bam/293T-bat_VEGFA-All-PD_rep1_hg38.MAPQ20.bam
        

[Thu Sep 24 15:18:36 2020]
rule bam2mpileup:
    input: ../bam/293T-bat_VEGFA-Vector-PD_rep1_hg38.MAPQ20.bam
    output: ../mpileup_pmat_bmat/293T-bat_VEGFA-Vector-PD_rep1_hg38.MAPQ20.mpileup
    jobid: 3
    reason: Missing output files: ../mpileup_pmat_bmat/293T-bat_VEGFA-Vector-PD_rep1_hg38.MAPQ20.mpileup
    wildcards: sample=VEGFA-Vector-PD, rep=rep1


        /home/zhaohuanan/miniconda3/envs/snakepipes_detect-seq_fastq_bam_plot/bin/samtools mpileup         -q 20 -Q 20         --reference /home/zhaohuanan/zhaohn_HD/2.database/fasta_hg38/hg38_only_chromosome.fa         -o ../mpileup_pmat_bmat/293T-bat_VEGFA-Vector-PD_rep1_hg38.MAPQ20.mpileup         ../bam/293T-bat_VEGFA-Vector-PD_rep1_hg38.MAPQ20.bam
        

[Thu Sep 24 15:18:36 2020]
rule bam2mpileup:
    input: ../bam/293T-bat_VEGFA-sgRNADel-PD_rep1_hg38.MAPQ20.bam
    output: ../mpileup_pmat_bmat/293T-bat_VEGFA-sgRNADel-PD_rep1_hg38.MAPQ20.mpileup
    jobid: 5
    reason: Missing output files: ../mpileup_pmat_bmat/293T-bat_VEGFA-sgRNADel-PD_rep1_hg38.MAPQ20.mpileup
    wildcards: sample=VEGFA-sgRNADel-PD, rep=rep1


        /home/zhaohuanan/miniconda3/envs/snakepipes_detect-seq_fastq_bam_plot/bin/samtools mpileup         -q 20 -Q 20         --reference /home/zhaohuanan/zhaohn_HD/2.database/fasta_hg38/hg38_only_chromosome.fa         -o ../mpileup_pmat_bmat/293T-bat_VEGFA-sgRNADel-PD_rep1_hg38.MAPQ20.mpileup         ../bam/293T-bat_VEGFA-sgRNADel-PD_rep1_hg38.MAPQ20.bam
        

[Thu Sep 24 15:18:36 2020]
rule bam2mpileup:
    input: ../bam/293T-bat_VEGFA-All-PD_rep2_hg38.MAPQ20.bam
    output: ../mpileup_pmat_bmat/293T-bat_VEGFA-All-PD_rep2_hg38.MAPQ20.mpileup
    jobid: 2
    reason: Missing output files: ../mpileup_pmat_bmat/293T-bat_VEGFA-All-PD_rep2_hg38.MAPQ20.mpileup
    wildcards: sample=VEGFA-All-PD, rep=rep2


        /home/zhaohuanan/miniconda3/envs/snakepipes_detect-seq_fastq_bam_plot/bin/samtools mpileup         -q 20 -Q 20         --reference /home/zhaohuanan/zhaohn_HD/2.database/fasta_hg38/hg38_only_chromosome.fa         -o ../mpileup_pmat_bmat/293T-bat_VEGFA-All-PD_rep2_hg38.MAPQ20.mpileup         ../bam/293T-bat_VEGFA-All-PD_rep2_hg38.MAPQ20.bam
        

[Thu Sep 24 15:18:36 2020]
rule bam2mpileup:
    input: ../bam/293T-bat_VEGFA-Vector-PD_rep2_hg38.MAPQ20.bam
    output: ../mpileup_pmat_bmat/293T-bat_VEGFA-Vector-PD_rep2_hg38.MAPQ20.mpileup
    jobid: 4
    reason: Missing output files: ../mpileup_pmat_bmat/293T-bat_VEGFA-Vector-PD_rep2_hg38.MAPQ20.mpileup
    wildcards: sample=VEGFA-Vector-PD, rep=rep2


        /home/zhaohuanan/miniconda3/envs/snakepipes_detect-seq_fastq_bam_plot/bin/samtools mpileup         -q 20 -Q 20         --reference /home/zhaohuanan/zhaohn_HD/2.database/fasta_hg38/hg38_only_chromosome.fa         -o ../mpileup_pmat_bmat/293T-bat_VEGFA-Vector-PD_rep2_hg38.MAPQ20.mpileup         ../bam/293T-bat_VEGFA-Vector-PD_rep2_hg38.MAPQ20.bam
        

[Thu Sep 24 15:18:36 2020]
rule bam2mpileup:
    input: ../bam/293T-bat_VEGFA-sgRNADel-PD_rep2_hg38.MAPQ20.bam
    output: ../mpileup_pmat_bmat/293T-bat_VEGFA-sgRNADel-PD_rep2_hg38.MAPQ20.mpileup
    jobid: 6
    reason: Missing output files: ../mpileup_pmat_bmat/293T-bat_VEGFA-sgRNADel-PD_rep2_hg38.MAPQ20.mpileup
    wildcards: sample=VEGFA-sgRNADel-PD, rep=rep2


        /home/zhaohuanan/miniconda3/envs/snakepipes_detect-seq_fastq_bam_plot/bin/samtools mpileup         -q 20 -Q 20         --reference /home/zhaohuanan/zhaohn_HD/2.database/fasta_hg38/hg38_only_chromosome.fa         -o ../mpileup_pmat_bmat/293T-bat_VEGFA-sgRNADel-PD_rep2_hg38.MAPQ20.mpileup         ../bam/293T-bat_VEGFA-sgRNADel-PD_rep2_hg38.MAPQ20.bam
        
[Thu Sep 24 17:23:19 2020]
Finished job 4.
1 of 61 steps (2%) done

[Thu Sep 24 17:23:19 2020]
rule mpileup2bmat:
    input: ../mpileup_pmat_bmat/293T-bat_VEGFA-Vector-PD_rep2_hg38.MAPQ20.mpileup
    output: ../mpileup_pmat_bmat/293T-bat_VEGFA-Vector-PD_rep2_hg38.MAPQ20.bmat
    jobid: 10
    reason: Missing output files: ../mpileup_pmat_bmat/293T-bat_VEGFA-Vector-PD_rep2_hg38.MAPQ20.bmat; Input files updated by another job: ../mpileup_pmat_bmat/293T-bat_VEGFA-Vector-PD_rep2_hg38.MAPQ20.mpileup
    wildcards: sample=VEGFA-Vector-PD, rep=rep2


        /home/zhaohuanan/miniconda3/envs/snakepipes_detect-seq_fastq_bam_plot/bin/python ./program/parse-mpileup-V04.py         -p 1 -n 0         -i ../mpileup_pmat_bmat/293T-bat_VEGFA-Vector-PD_rep2_hg38.MAPQ20.mpileup         -o ../mpileup_pmat_bmat/293T-bat_VEGFA-Vector-PD_rep2_hg38.MAPQ20.bmat 
        
[Thu Sep 24 20:13:27 2020]
Finished job 2.
2 of 61 steps (3%) done

[Thu Sep 24 20:13:27 2020]
rule mpileup2bmat:
    input: ../mpileup_pmat_bmat/293T-bat_VEGFA-All-PD_rep2_hg38.MAPQ20.mpileup
    output: ../mpileup_pmat_bmat/293T-bat_VEGFA-All-PD_rep2_hg38.MAPQ20.bmat
    jobid: 8
    reason: Missing output files: ../mpileup_pmat_bmat/293T-bat_VEGFA-All-PD_rep2_hg38.MAPQ20.bmat; Input files updated by another job: ../mpileup_pmat_bmat/293T-bat_VEGFA-All-PD_rep2_hg38.MAPQ20.mpileup
    wildcards: sample=VEGFA-All-PD, rep=rep2


        /home/zhaohuanan/miniconda3/envs/snakepipes_detect-seq_fastq_bam_plot/bin/python ./program/parse-mpileup-V04.py         -p 1 -n 0         -i ../mpileup_pmat_bmat/293T-bat_VEGFA-All-PD_rep2_hg38.MAPQ20.mpileup         -o ../mpileup_pmat_bmat/293T-bat_VEGFA-All-PD_rep2_hg38.MAPQ20.bmat 
        
[Thu Sep 24 20:56:29 2020]
Finished job 5.
3 of 61 steps (5%) done

[Thu Sep 24 20:56:29 2020]
rule mpileup2bmat:
    input: ../mpileup_pmat_bmat/293T-bat_VEGFA-sgRNADel-PD_rep1_hg38.MAPQ20.mpileup
    output: ../mpileup_pmat_bmat/293T-bat_VEGFA-sgRNADel-PD_rep1_hg38.MAPQ20.bmat
    jobid: 11
    reason: Missing output files: ../mpileup_pmat_bmat/293T-bat_VEGFA-sgRNADel-PD_rep1_hg38.MAPQ20.bmat; Input files updated by another job: ../mpileup_pmat_bmat/293T-bat_VEGFA-sgRNADel-PD_rep1_hg38.MAPQ20.mpileup
    wildcards: sample=VEGFA-sgRNADel-PD, rep=rep1


        /home/zhaohuanan/miniconda3/envs/snakepipes_detect-seq_fastq_bam_plot/bin/python ./program/parse-mpileup-V04.py         -p 1 -n 0         -i ../mpileup_pmat_bmat/293T-bat_VEGFA-sgRNADel-PD_rep1_hg38.MAPQ20.mpileup         -o ../mpileup_pmat_bmat/293T-bat_VEGFA-sgRNADel-PD_rep1_hg38.MAPQ20.bmat 
        
[Thu Sep 24 20:57:22 2020]
Finished job 6.
4 of 61 steps (7%) done

[Thu Sep 24 20:57:22 2020]
rule mpileup2bmat:
    input: ../mpileup_pmat_bmat/293T-bat_VEGFA-sgRNADel-PD_rep2_hg38.MAPQ20.mpileup
    output: ../mpileup_pmat_bmat/293T-bat_VEGFA-sgRNADel-PD_rep2_hg38.MAPQ20.bmat
    jobid: 12
    reason: Missing output files: ../mpileup_pmat_bmat/293T-bat_VEGFA-sgRNADel-PD_rep2_hg38.MAPQ20.bmat; Input files updated by another job: ../mpileup_pmat_bmat/293T-bat_VEGFA-sgRNADel-PD_rep2_hg38.MAPQ20.mpileup
    wildcards: sample=VEGFA-sgRNADel-PD, rep=rep2


        /home/zhaohuanan/miniconda3/envs/snakepipes_detect-seq_fastq_bam_plot/bin/python ./program/parse-mpileup-V04.py         -p 1 -n 0         -i ../mpileup_pmat_bmat/293T-bat_VEGFA-sgRNADel-PD_rep2_hg38.MAPQ20.mpileup         -o ../mpileup_pmat_bmat/293T-bat_VEGFA-sgRNADel-PD_rep2_hg38.MAPQ20.bmat 
        
[Thu Sep 24 21:28:25 2020]
Finished job 3.
5 of 61 steps (8%) done

[Thu Sep 24 21:28:25 2020]
rule mpileup2bmat:
    input: ../mpileup_pmat_bmat/293T-bat_VEGFA-Vector-PD_rep1_hg38.MAPQ20.mpileup
    output: ../mpileup_pmat_bmat/293T-bat_VEGFA-Vector-PD_rep1_hg38.MAPQ20.bmat
    jobid: 9
    reason: Missing output files: ../mpileup_pmat_bmat/293T-bat_VEGFA-Vector-PD_rep1_hg38.MAPQ20.bmat; Input files updated by another job: ../mpileup_pmat_bmat/293T-bat_VEGFA-Vector-PD_rep1_hg38.MAPQ20.mpileup
    wildcards: sample=VEGFA-Vector-PD, rep=rep1


        /home/zhaohuanan/miniconda3/envs/snakepipes_detect-seq_fastq_bam_plot/bin/python ./program/parse-mpileup-V04.py         -p 1 -n 0         -i ../mpileup_pmat_bmat/293T-bat_VEGFA-Vector-PD_rep1_hg38.MAPQ20.mpileup         -o ../mpileup_pmat_bmat/293T-bat_VEGFA-Vector-PD_rep1_hg38.MAPQ20.bmat 
        
[Thu Sep 24 23:52:04 2020]
Finished job 1.
6 of 61 steps (10%) done

[Thu Sep 24 23:52:04 2020]
rule mpileup2bmat:
    input: ../mpileup_pmat_bmat/293T-bat_VEGFA-All-PD_rep1_hg38.MAPQ20.mpileup
    output: ../mpileup_pmat_bmat/293T-bat_VEGFA-All-PD_rep1_hg38.MAPQ20.bmat
    jobid: 7
    reason: Missing output files: ../mpileup_pmat_bmat/293T-bat_VEGFA-All-PD_rep1_hg38.MAPQ20.bmat; Input files updated by another job: ../mpileup_pmat_bmat/293T-bat_VEGFA-All-PD_rep1_hg38.MAPQ20.mpileup
    wildcards: sample=VEGFA-All-PD, rep=rep1


        /home/zhaohuanan/miniconda3/envs/snakepipes_detect-seq_fastq_bam_plot/bin/python ./program/parse-mpileup-V04.py         -p 1 -n 0         -i ../mpileup_pmat_bmat/293T-bat_VEGFA-All-PD_rep1_hg38.MAPQ20.mpileup         -o ../mpileup_pmat_bmat/293T-bat_VEGFA-All-PD_rep1_hg38.MAPQ20.bmat 
        
[Fri Sep 25 00:49:51 2020]
Finished job 10.
7 of 61 steps (11%) done

[Fri Sep 25 00:49:51 2020]
rule select_base_info:
    input: ../mpileup_pmat_bmat/293T-bat_VEGFA-Vector-PD_rep2_hg38.MAPQ20.bmat
    output: ../mpileup_pmat_bmat/293T-bat_VEGFA-Vector-PD_rep2_hg38.MAPQ20.select.C.bmat
    jobid: 19
    reason: Missing output files: ../mpileup_pmat_bmat/293T-bat_VEGFA-Vector-PD_rep2_hg38.MAPQ20.select.C.bmat; Input files updated by another job: ../mpileup_pmat_bmat/293T-bat_VEGFA-Vector-PD_rep2_hg38.MAPQ20.bmat
    wildcards: sample=VEGFA-Vector-PD, rep=rep2, from_base=C


        awk '$3 == "C" {print $0}' ../mpileup_pmat_bmat/293T-bat_VEGFA-Vector-PD_rep2_hg38.MAPQ20.bmat > ../mpileup_pmat_bmat/293T-bat_VEGFA-Vector-PD_rep2_hg38.MAPQ20.select.C.bmat
        

[Fri Sep 25 00:49:51 2020]
rule select_base_info:
    input: ../mpileup_pmat_bmat/293T-bat_VEGFA-Vector-PD_rep2_hg38.MAPQ20.bmat
    output: ../mpileup_pmat_bmat/293T-bat_VEGFA-Vector-PD_rep2_hg38.MAPQ20.select.G.bmat
    jobid: 20
    reason: Missing output files: ../mpileup_pmat_bmat/293T-bat_VEGFA-Vector-PD_rep2_hg38.MAPQ20.select.G.bmat; Input files updated by another job: ../mpileup_pmat_bmat/293T-bat_VEGFA-Vector-PD_rep2_hg38.MAPQ20.bmat
    wildcards: sample=VEGFA-Vector-PD, rep=rep2, from_base=G


        awk '$3 == "G" {print $0}' ../mpileup_pmat_bmat/293T-bat_VEGFA-Vector-PD_rep2_hg38.MAPQ20.bmat > ../mpileup_pmat_bmat/293T-bat_VEGFA-Vector-PD_rep2_hg38.MAPQ20.select.G.bmat
        
[Fri Sep 25 01:12:21 2020]
Finished job 20.
8 of 61 steps (13%) done

[Fri Sep 25 01:12:21 2020]
rule bmat2pmat:
    input: ../mpileup_pmat_bmat/293T-bat_VEGFA-Vector-PD_rep2_hg38.MAPQ20.select.G.bmat
    output: ../mpileup_pmat_bmat/293T-bat_VEGFA-Vector-PD_rep2_hg38.MAPQ20.select.G.pmat
    jobid: 32
    reason: Missing output files: ../mpileup_pmat_bmat/293T-bat_VEGFA-Vector-PD_rep2_hg38.MAPQ20.select.G.pmat; Input files updated by another job: ../mpileup_pmat_bmat/293T-bat_VEGFA-Vector-PD_rep2_hg38.MAPQ20.select.G.bmat
    wildcards: sample=VEGFA-Vector-PD, rep=rep2, from_base=G


        /home/zhaohuanan/miniconda3/envs/snakepipes_detect-seq_fastq_bam_plot/bin/python ./program/bmat2pmat-V02.py         -i ../mpileup_pmat_bmat/293T-bat_VEGFA-Vector-PD_rep2_hg38.MAPQ20.select.G.bmat         -o ../mpileup_pmat_bmat/293T-bat_VEGFA-Vector-PD_rep2_hg38.MAPQ20.select.G.pmat         --InHeader False         --InLikeBED False         --OutHeader True
        
[Fri Sep 25 01:12:56 2020]
Finished job 19.
9 of 61 steps (15%) done

[Fri Sep 25 01:12:56 2020]
rule bmat2pmat:
    input: ../mpileup_pmat_bmat/293T-bat_VEGFA-Vector-PD_rep2_hg38.MAPQ20.select.C.bmat
    output: ../mpileup_pmat_bmat/293T-bat_VEGFA-Vector-PD_rep2_hg38.MAPQ20.select.C.pmat
    jobid: 31
    reason: Missing output files: ../mpileup_pmat_bmat/293T-bat_VEGFA-Vector-PD_rep2_hg38.MAPQ20.select.C.pmat; Input files updated by another job: ../mpileup_pmat_bmat/293T-bat_VEGFA-Vector-PD_rep2_hg38.MAPQ20.select.C.bmat
    wildcards: sample=VEGFA-Vector-PD, rep=rep2, from_base=C


        /home/zhaohuanan/miniconda3/envs/snakepipes_detect-seq_fastq_bam_plot/bin/python ./program/bmat2pmat-V02.py         -i ../mpileup_pmat_bmat/293T-bat_VEGFA-Vector-PD_rep2_hg38.MAPQ20.select.C.bmat         -o ../mpileup_pmat_bmat/293T-bat_VEGFA-Vector-PD_rep2_hg38.MAPQ20.select.C.pmat         --InHeader False         --InLikeBED False         --OutHeader True
        
[Fri Sep 25 03:23:07 2020]
Finished job 31.
10 of 61 steps (16%) done

[Fri Sep 25 03:23:07 2020]
rule pmat_merge:
    input: ../mpileup_pmat_bmat/293T-bat_VEGFA-Vector-PD_rep2_hg38.MAPQ20.select.C.pmat
    output: ../mpileup_pmat_bmat/293T-bat_VEGFA-Vector-PD_rep2_hg38.MAPQ20.select.C2T.mpmat
    jobid: 49
    reason: Missing output files: ../mpileup_pmat_bmat/293T-bat_VEGFA-Vector-PD_rep2_hg38.MAPQ20.select.C2T.mpmat; Input files updated by another job: ../mpileup_pmat_bmat/293T-bat_VEGFA-Vector-PD_rep2_hg38.MAPQ20.select.C.pmat
    wildcards: sample=VEGFA-Vector-PD, rep=rep2, from_base=C, to_base=T


        /home/zhaohuanan/miniconda3/envs/snakepipes_detect-seq_fastq_bam_plot/bin/python ./program/pmat-merge-V04.py         -f C         -t C         -r /home/zhaohuanan/zhaohn_HD/2.database/fasta_hg38/hg38_only_chromosome.fa         --OutHeader False         -i ../mpileup_pmat_bmat/293T-bat_VEGFA-Vector-PD_rep2_hg38.MAPQ20.select.C.pmat         -o ../mpileup_pmat_bmat/293T-bat_VEGFA-Vector-PD_rep2_hg38.MAPQ20.select.C2T.mpmat         -d 50 -D 100 --NoMutNumCutoff 2 --OmitTandemNumCutoff 2 --SNP SNP_info.vcf
        

[Fri Sep 25 03:23:07 2020]
rule pmat_merge:
    input: ../mpileup_pmat_bmat/293T-bat_VEGFA-Vector-PD_rep2_hg38.MAPQ20.select.C.pmat
    output: ../mpileup_pmat_bmat/293T-bat_VEGFA-Vector-PD_rep2_hg38.MAPQ20.select.C2A.mpmat
    jobid: 50
    reason: Missing output files: ../mpileup_pmat_bmat/293T-bat_VEGFA-Vector-PD_rep2_hg38.MAPQ20.select.C2A.mpmat; Input files updated by another job: ../mpileup_pmat_bmat/293T-bat_VEGFA-Vector-PD_rep2_hg38.MAPQ20.select.C.pmat
    wildcards: sample=VEGFA-Vector-PD, rep=rep2, from_base=C, to_base=A


        /home/zhaohuanan/miniconda3/envs/snakepipes_detect-seq_fastq_bam_plot/bin/python ./program/pmat-merge-V04.py         -f C         -t C         -r /home/zhaohuanan/zhaohn_HD/2.database/fasta_hg38/hg38_only_chromosome.fa         --OutHeader False         -i ../mpileup_pmat_bmat/293T-bat_VEGFA-Vector-PD_rep2_hg38.MAPQ20.select.C.pmat         -o ../mpileup_pmat_bmat/293T-bat_VEGFA-Vector-PD_rep2_hg38.MAPQ20.select.C2A.mpmat         -d 50 -D 100 --NoMutNumCutoff 2 --OmitTandemNumCutoff 2 --SNP SNP_info.vcf
        
[Fri Sep 25 03:23:10 2020]
Error in rule pmat_merge:
    jobid: 49
    output: ../mpileup_pmat_bmat/293T-bat_VEGFA-Vector-PD_rep2_hg38.MAPQ20.select.C2T.mpmat
    shell:
        
        /home/zhaohuanan/miniconda3/envs/snakepipes_detect-seq_fastq_bam_plot/bin/python ./program/pmat-merge-V04.py         -f C         -t C         -r /home/zhaohuanan/zhaohn_HD/2.database/fasta_hg38/hg38_only_chromosome.fa         --OutHeader False         -i ../mpileup_pmat_bmat/293T-bat_VEGFA-Vector-PD_rep2_hg38.MAPQ20.select.C.pmat         -o ../mpileup_pmat_bmat/293T-bat_VEGFA-Vector-PD_rep2_hg38.MAPQ20.select.C2T.mpmat         -d 50 -D 100 --NoMutNumCutoff 2 --OmitTandemNumCutoff 2 --SNP SNP_info.vcf
        
        (one of the commands exited with non-zero exit code; note that snakemake uses bash strict mode!)

Removing output files of failed job pmat_merge since they might be corrupted:
../mpileup_pmat_bmat/293T-bat_VEGFA-Vector-PD_rep2_hg38.MAPQ20.select.C2T.mpmat
[Fri Sep 25 03:23:10 2020]
Error in rule pmat_merge:
    jobid: 50
    output: ../mpileup_pmat_bmat/293T-bat_VEGFA-Vector-PD_rep2_hg38.MAPQ20.select.C2A.mpmat
    shell:
        
        /home/zhaohuanan/miniconda3/envs/snakepipes_detect-seq_fastq_bam_plot/bin/python ./program/pmat-merge-V04.py         -f C         -t C         -r /home/zhaohuanan/zhaohn_HD/2.database/fasta_hg38/hg38_only_chromosome.fa         --OutHeader False         -i ../mpileup_pmat_bmat/293T-bat_VEGFA-Vector-PD_rep2_hg38.MAPQ20.select.C.pmat         -o ../mpileup_pmat_bmat/293T-bat_VEGFA-Vector-PD_rep2_hg38.MAPQ20.select.C2A.mpmat         -d 50 -D 100 --NoMutNumCutoff 2 --OmitTandemNumCutoff 2 --SNP SNP_info.vcf
        
        (one of the commands exited with non-zero exit code; note that snakemake uses bash strict mode!)

Removing output files of failed job pmat_merge since they might be corrupted:
../mpileup_pmat_bmat/293T-bat_VEGFA-Vector-PD_rep2_hg38.MAPQ20.select.C2A.mpmat
[Fri Sep 25 03:27:00 2020]
Finished job 32.
11 of 61 steps (18%) done
[Fri Sep 25 07:10:26 2020]
Finished job 8.
12 of 61 steps (20%) done
[Fri Sep 25 08:01:47 2020]
Finished job 12.
13 of 61 steps (21%) done
[Fri Sep 25 08:12:19 2020]
Finished job 11.
14 of 61 steps (23%) done
[Fri Sep 25 09:05:31 2020]
Finished job 9.
15 of 61 steps (25%) done
[Fri Sep 25 13:03:55 2020]
Finished job 7.
16 of 61 steps (26%) done
Shutting down, this might take some time.
Exiting because a job execution failed. Look above for error message
Complete log: /gpfs/user/zhaohuanan/3.project/10.2020-09_0923_Practice_for_detect-seq-data/snakepipes_detect-seq_fastq_bam_plot/.snakemake/log/2020-09-24T151836.626103.snakemake.log
