Building DAG of jobs...
Using shell: /usr/bin/bash
Provided cores: 48
Rules claiming more threads will be scaled down.
Job counts:
	count	jobs
	1	all
	3456	mpmat_filter
	3457

[Tue Nov 10 14:34:48 2020]
rule mpmat_filter:
    input: ../mpmat/293T-bat_GBEmini-AP-RNF2-All-PD_rep1_hg38.select.G2A.mpmat
    output: ../mpmat_filter/293T-bat_GBEmini-AP-RNF2-All-PD_rep1_hg38.filtered_SMN-2_SCN-15_SMR-0.3_RPN-4_RTN-5.G2A.mpmat
    jobid: 1917
    reason: Missing output files: ../mpmat_filter/293T-bat_GBEmini-AP-RNF2-All-PD_rep1_hg38.filtered_SMN-2_SCN-15_SMR-0.3_RPN-4_RTN-5.G2A.mpmat
    wildcards: sample=GBEmini-AP-RNF2-All-PD, rep=rep1, SMN=2, SCN=15, SMR=0.3, RPN=4, RTN=5, ac=G, bd=A


        /home/zhaohuanan/miniconda3/envs/snakepipes_detect-seq_fastq_bam_plot/bin/python ./program/mpmat-select-V02.py         -i ../mpmat/293T-bat_GBEmini-AP-RNF2-All-PD_rep1_hg38.select.G2A.mpmat -o ../mpmat_filter/293T-bat_GBEmini-AP-RNF2-All-PD_rep1_hg38.filtered_SMN-2_SCN-15_SMR-0.3_RPN-4_RTN-5.G2A.mpmat         -f G -t A         --SiteMutNum 2         --SiteCoverNum 15         --SiteMutRatio 0.3         --RegionPassNum 4         --RegionToleranceNum 5         --InHeader False         --OutHeader False
        

[Tue Nov 10 14:34:48 2020]
rule mpmat_filter:
    input: ../mpmat/293T-bat_GBEmini-AP-RNF2-All-PD_rep1_hg38.select.G2A.mpmat
    output: ../mpmat_filter/293T-bat_GBEmini-AP-RNF2-All-PD_rep1_hg38.filtered_SMN-2_SCN-15_SMR-0.3_RPN-5_RTN-2.G2A.mpmat
    jobid: 1918
    reason: Missing output files: ../mpmat_filter/293T-bat_GBEmini-AP-RNF2-All-PD_rep1_hg38.filtered_SMN-2_SCN-15_SMR-0.3_RPN-5_RTN-2.G2A.mpmat
    wildcards: sample=GBEmini-AP-RNF2-All-PD, rep=rep1, SMN=2, SCN=15, SMR=0.3, RPN=5, RTN=2, ac=G, bd=A


        /home/zhaohuanan/miniconda3/envs/snakepipes_detect-seq_fastq_bam_plot/bin/python ./program/mpmat-select-V02.py         -i ../mpmat/293T-bat_GBEmini-AP-RNF2-All-PD_rep1_hg38.select.G2A.mpmat -o ../mpmat_filter/293T-bat_GBEmini-AP-RNF2-All-PD_rep1_hg38.filtered_SMN-2_SCN-15_SMR-0.3_RPN-5_RTN-2.G2A.mpmat         -f G -t A         --SiteMutNum 2         --SiteCoverNum 15         --SiteMutRatio 0.3         --RegionPassNum 5         --RegionToleranceNum 2         --InHeader False         --OutHeader False
        

[Tue Nov 10 14:34:48 2020]
rule mpmat_filter:
    input: ../mpmat/293T-bat_GBEmini-AP-RNF2-All-PD_rep1_hg38.select.G2A.mpmat
    output: ../mpmat_filter/293T-bat_GBEmini-AP-RNF2-All-PD_rep1_hg38.filtered_SMN-2_SCN-15_SMR-0.3_RPN-5_RTN-3.G2A.mpmat
    jobid: 1919
    reason: Missing output files: ../mpmat_filter/293T-bat_GBEmini-AP-RNF2-All-PD_rep1_hg38.filtered_SMN-2_SCN-15_SMR-0.3_RPN-5_RTN-3.G2A.mpmat
    wildcards: sample=GBEmini-AP-RNF2-All-PD, rep=rep1, SMN=2, SCN=15, SMR=0.3, RPN=5, RTN=3, ac=G, bd=A


        /home/zhaohuanan/miniconda3/envs/snakepipes_detect-seq_fastq_bam_plot/bin/python ./program/mpmat-select-V02.py         -i ../mpmat/293T-bat_GBEmini-AP-RNF2-All-PD_rep1_hg38.select.G2A.mpmat -o ../mpmat_filter/293T-bat_GBEmini-AP-RNF2-All-PD_rep1_hg38.filtered_SMN-2_SCN-15_SMR-0.3_RPN-5_RTN-3.G2A.mpmat         -f G -t A         --SiteMutNum 2         --SiteCoverNum 15         --SiteMutRatio 0.3         --RegionPassNum 5         --RegionToleranceNum 3         --InHeader False         --OutHeader False
        

[Tue Nov 10 14:34:48 2020]
rule mpmat_filter:
    input: ../mpmat/293T-bat_GBEmini-AP-RNF2-All-PD_rep1_hg38.select.G2A.mpmat
    output: ../mpmat_filter/293T-bat_GBEmini-AP-RNF2-All-PD_rep1_hg38.filtered_SMN-2_SCN-15_SMR-0.3_RPN-5_RTN-5.G2A.mpmat
    jobid: 1920
    reason: Missing output files: ../mpmat_filter/293T-bat_GBEmini-AP-RNF2-All-PD_rep1_hg38.filtered_SMN-2_SCN-15_SMR-0.3_RPN-5_RTN-5.G2A.mpmat
    wildcards: sample=GBEmini-AP-RNF2-All-PD, rep=rep1, SMN=2, SCN=15, SMR=0.3, RPN=5, RTN=5, ac=G, bd=A


        /home/zhaohuanan/miniconda3/envs/snakepipes_detect-seq_fastq_bam_plot/bin/python ./program/mpmat-select-V02.py         -i ../mpmat/293T-bat_GBEmini-AP-RNF2-All-PD_rep1_hg38.select.G2A.mpmat -o ../mpmat_filter/293T-bat_GBEmini-AP-RNF2-All-PD_rep1_hg38.filtered_SMN-2_SCN-15_SMR-0.3_RPN-5_RTN-5.G2A.mpmat         -f G -t A         --SiteMutNum 2         --SiteCoverNum 15         --SiteMutRatio 0.3         --RegionPassNum 5         --RegionToleranceNum 5         --InHeader False         --OutHeader False
        

[Tue Nov 10 14:34:48 2020]
rule mpmat_filter:
    input: ../mpmat/293T-bat_GBEmini-AP-RNF2-All-PD_rep1_hg38.select.G2A.mpmat
    output: ../mpmat_filter/293T-bat_GBEmini-AP-RNF2-All-PD_rep1_hg38.filtered_SMN-4_SCN-5_SMR-0.05_RPN-2_RTN-2.G2A.mpmat
    jobid: 1921
    reason: Missing output files: ../mpmat_filter/293T-bat_GBEmini-AP-RNF2-All-PD_rep1_hg38.filtered_SMN-4_SCN-5_SMR-0.05_RPN-2_RTN-2.G2A.mpmat
    wildcards: sample=GBEmini-AP-RNF2-All-PD, rep=rep1, SMN=4, SCN=5, SMR=0.05, RPN=2, RTN=2, ac=G, bd=A


        /home/zhaohuanan/miniconda3/envs/snakepipes_detect-seq_fastq_bam_plot/bin/python ./program/mpmat-select-V02.py         -i ../mpmat/293T-bat_GBEmini-AP-RNF2-All-PD_rep1_hg38.select.G2A.mpmat -o ../mpmat_filter/293T-bat_GBEmini-AP-RNF2-All-PD_rep1_hg38.filtered_SMN-4_SCN-5_SMR-0.05_RPN-2_RTN-2.G2A.mpmat         -f G -t A         --SiteMutNum 4         --SiteCoverNum 5         --SiteMutRatio 0.05         --RegionPassNum 2         --RegionToleranceNum 2         --InHeader False         --OutHeader False
        

[Tue Nov 10 14:34:48 2020]
rule mpmat_filter:
    input: ../mpmat/293T-bat_GBEmini-AP-RNF2-All-PD_rep1_hg38.select.G2A.mpmat
    output: ../mpmat_filter/293T-bat_GBEmini-AP-RNF2-All-PD_rep1_hg38.filtered_SMN-4_SCN-5_SMR-0.05_RPN-2_RTN-3.G2A.mpmat
    jobid: 1922
    reason: Missing output files: ../mpmat_filter/293T-bat_GBEmini-AP-RNF2-All-PD_rep1_hg38.filtered_SMN-4_SCN-5_SMR-0.05_RPN-2_RTN-3.G2A.mpmat
    wildcards: sample=GBEmini-AP-RNF2-All-PD, rep=rep1, SMN=4, SCN=5, SMR=0.05, RPN=2, RTN=3, ac=G, bd=A


        /home/zhaohuanan/miniconda3/envs/snakepipes_detect-seq_fastq_bam_plot/bin/python ./program/mpmat-select-V02.py         -i ../mpmat/293T-bat_GBEmini-AP-RNF2-All-PD_rep1_hg38.select.G2A.mpmat -o ../mpmat_filter/293T-bat_GBEmini-AP-RNF2-All-PD_rep1_hg38.filtered_SMN-4_SCN-5_SMR-0.05_RPN-2_RTN-3.G2A.mpmat         -f G -t A         --SiteMutNum 4         --SiteCoverNum 5         --SiteMutRatio 0.05         --RegionPassNum 2         --RegionToleranceNum 3         --InHeader False         --OutHeader False
        

[Tue Nov 10 14:34:48 2020]
rule mpmat_filter:
    input: ../mpmat/293T-bat_GBEmini-AP-RNF2-All-PD_rep1_hg38.select.G2A.mpmat
    output: ../mpmat_filter/293T-bat_GBEmini-AP-RNF2-All-PD_rep1_hg38.filtered_SMN-4_SCN-5_SMR-0.05_RPN-2_RTN-5.G2A.mpmat
    jobid: 1923
    reason: Missing output files: ../mpmat_filter/293T-bat_GBEmini-AP-RNF2-All-PD_rep1_hg38.filtered_SMN-4_SCN-5_SMR-0.05_RPN-2_RTN-5.G2A.mpmat
    wildcards: sample=GBEmini-AP-RNF2-All-PD, rep=rep1, SMN=4, SCN=5, SMR=0.05, RPN=2, RTN=5, ac=G, bd=A


        /home/zhaohuanan/miniconda3/envs/snakepipes_detect-seq_fastq_bam_plot/bin/python ./program/mpmat-select-V02.py         -i ../mpmat/293T-bat_GBEmini-AP-RNF2-All-PD_rep1_hg38.select.G2A.mpmat -o ../mpmat_filter/293T-bat_GBEmini-AP-RNF2-All-PD_rep1_hg38.filtered_SMN-4_SCN-5_SMR-0.05_RPN-2_RTN-5.G2A.mpmat         -f G -t A         --SiteMutNum 4         --SiteCoverNum 5         --SiteMutRatio 0.05         --RegionPassNum 2         --RegionToleranceNum 5         --InHeader False         --OutHeader False
        

[Tue Nov 10 14:34:48 2020]
rule mpmat_filter:
    input: ../mpmat/293T-bat_GBEmini-AP-RNF2-All-PD_rep1_hg38.select.G2A.mpmat
    output: ../mpmat_filter/293T-bat_GBEmini-AP-RNF2-All-PD_rep1_hg38.filtered_SMN-4_SCN-5_SMR-0.05_RPN-3_RTN-2.G2A.mpmat
    jobid: 1924
    reason: Missing output files: ../mpmat_filter/293T-bat_GBEmini-AP-RNF2-All-PD_rep1_hg38.filtered_SMN-4_SCN-5_SMR-0.05_RPN-3_RTN-2.G2A.mpmat
    wildcards: sample=GBEmini-AP-RNF2-All-PD, rep=rep1, SMN=4, SCN=5, SMR=0.05, RPN=3, RTN=2, ac=G, bd=A


        /home/zhaohuanan/miniconda3/envs/snakepipes_detect-seq_fastq_bam_plot/bin/python ./program/mpmat-select-V02.py         -i ../mpmat/293T-bat_GBEmini-AP-RNF2-All-PD_rep1_hg38.select.G2A.mpmat -o ../mpmat_filter/293T-bat_GBEmini-AP-RNF2-All-PD_rep1_hg38.filtered_SMN-4_SCN-5_SMR-0.05_RPN-3_RTN-2.G2A.mpmat         -f G -t A         --SiteMutNum 4         --SiteCoverNum 5         --SiteMutRatio 0.05         --RegionPassNum 3         --RegionToleranceNum 2         --InHeader False         --OutHeader False
        

[Tue Nov 10 14:34:48 2020]
rule mpmat_filter:
    input: ../mpmat/293T-bat_GBEmini-AP-RNF2-All-PD_rep1_hg38.select.G2A.mpmat
    output: ../mpmat_filter/293T-bat_GBEmini-AP-RNF2-All-PD_rep1_hg38.filtered_SMN-4_SCN-5_SMR-0.05_RPN-3_RTN-3.G2A.mpmat
    jobid: 1925
    reason: Missing output files: ../mpmat_filter/293T-bat_GBEmini-AP-RNF2-All-PD_rep1_hg38.filtered_SMN-4_SCN-5_SMR-0.05_RPN-3_RTN-3.G2A.mpmat
    wildcards: sample=GBEmini-AP-RNF2-All-PD, rep=rep1, SMN=4, SCN=5, SMR=0.05, RPN=3, RTN=3, ac=G, bd=A


        /home/zhaohuanan/miniconda3/envs/snakepipes_detect-seq_fastq_bam_plot/bin/python ./program/mpmat-select-V02.py         -i ../mpmat/293T-bat_GBEmini-AP-RNF2-All-PD_rep1_hg38.select.G2A.mpmat -o ../mpmat_filter/293T-bat_GBEmini-AP-RNF2-All-PD_rep1_hg38.filtered_SMN-4_SCN-5_SMR-0.05_RPN-3_RTN-3.G2A.mpmat         -f G -t A         --SiteMutNum 4         --SiteCoverNum 5         --SiteMutRatio 0.05         --RegionPassNum 3         --RegionToleranceNum 3         --InHeader False         --OutHeader False
        

[Tue Nov 10 14:34:48 2020]
rule mpmat_filter:
    input: ../mpmat/293T-bat_GBEmini-AP-RNF2-All-PD_rep1_hg38.select.G2A.mpmat
    output: ../mpmat_filter/293T-bat_GBEmini-AP-RNF2-All-PD_rep1_hg38.filtered_SMN-4_SCN-5_SMR-0.05_RPN-3_RTN-5.G2A.mpmat
    jobid: 1926
    reason: Missing output files: ../mpmat_filter/293T-bat_GBEmini-AP-RNF2-All-PD_rep1_hg38.filtered_SMN-4_SCN-5_SMR-0.05_RPN-3_RTN-5.G2A.mpmat
    wildcards: sample=GBEmini-AP-RNF2-All-PD, rep=rep1, SMN=4, SCN=5, SMR=0.05, RPN=3, RTN=5, ac=G, bd=A


        /home/zhaohuanan/miniconda3/envs/snakepipes_detect-seq_fastq_bam_plot/bin/python ./program/mpmat-select-V02.py         -i ../mpmat/293T-bat_GBEmini-AP-RNF2-All-PD_rep1_hg38.select.G2A.mpmat -o ../mpmat_filter/293T-bat_GBEmini-AP-RNF2-All-PD_rep1_hg38.filtered_SMN-4_SCN-5_SMR-0.05_RPN-3_RTN-5.G2A.mpmat         -f G -t A         --SiteMutNum 4         --SiteCoverNum 5         --SiteMutRatio 0.05         --RegionPassNum 3         --RegionToleranceNum 5         --InHeader False         --OutHeader False
        

[Tue Nov 10 14:34:48 2020]
rule mpmat_filter:
    input: ../mpmat/293T-bat_GBEmini-AP-RNF2-All-PD_rep1_hg38.select.G2A.mpmat
    output: ../mpmat_filter/293T-bat_GBEmini-AP-RNF2-All-PD_rep1_hg38.filtered_SMN-4_SCN-5_SMR-0.05_RPN-4_RTN-2.G2A.mpmat
    jobid: 1927
    reason: Missing output files: ../mpmat_filter/293T-bat_GBEmini-AP-RNF2-All-PD_rep1_hg38.filtered_SMN-4_SCN-5_SMR-0.05_RPN-4_RTN-2.G2A.mpmat
    wildcards: sample=GBEmini-AP-RNF2-All-PD, rep=rep1, SMN=4, SCN=5, SMR=0.05, RPN=4, RTN=2, ac=G, bd=A


        /home/zhaohuanan/miniconda3/envs/snakepipes_detect-seq_fastq_bam_plot/bin/python ./program/mpmat-select-V02.py         -i ../mpmat/293T-bat_GBEmini-AP-RNF2-All-PD_rep1_hg38.select.G2A.mpmat -o ../mpmat_filter/293T-bat_GBEmini-AP-RNF2-All-PD_rep1_hg38.filtered_SMN-4_SCN-5_SMR-0.05_RPN-4_RTN-2.G2A.mpmat         -f G -t A         --SiteMutNum 4         --SiteCoverNum 5         --SiteMutRatio 0.05         --RegionPassNum 4         --RegionToleranceNum 2         --InHeader False         --OutHeader False
        

[Tue Nov 10 14:34:48 2020]
rule mpmat_filter:
    input: ../mpmat/293T-bat_GBEmini-AP-RNF2-All-PD_rep1_hg38.select.G2A.mpmat
    output: ../mpmat_filter/293T-bat_GBEmini-AP-RNF2-All-PD_rep1_hg38.filtered_SMN-4_SCN-5_SMR-0.05_RPN-4_RTN-3.G2A.mpmat
    jobid: 1928
    reason: Missing output files: ../mpmat_filter/293T-bat_GBEmini-AP-RNF2-All-PD_rep1_hg38.filtered_SMN-4_SCN-5_SMR-0.05_RPN-4_RTN-3.G2A.mpmat
    wildcards: sample=GBEmini-AP-RNF2-All-PD, rep=rep1, SMN=4, SCN=5, SMR=0.05, RPN=4, RTN=3, ac=G, bd=A


        /home/zhaohuanan/miniconda3/envs/snakepipes_detect-seq_fastq_bam_plot/bin/python ./program/mpmat-select-V02.py         -i ../mpmat/293T-bat_GBEmini-AP-RNF2-All-PD_rep1_hg38.select.G2A.mpmat -o ../mpmat_filter/293T-bat_GBEmini-AP-RNF2-All-PD_rep1_hg38.filtered_SMN-4_SCN-5_SMR-0.05_RPN-4_RTN-3.G2A.mpmat         -f G -t A         --SiteMutNum 4         --SiteCoverNum 5         --SiteMutRatio 0.05         --RegionPassNum 4         --RegionToleranceNum 3         --InHeader False         --OutHeader False
        

[Tue Nov 10 14:34:48 2020]
rule mpmat_filter:
    input: ../mpmat/293T-bat_GBEmini-AP-RNF2-All-PD_rep1_hg38.select.G2A.mpmat
    output: ../mpmat_filter/293T-bat_GBEmini-AP-RNF2-All-PD_rep1_hg38.filtered_SMN-4_SCN-5_SMR-0.05_RPN-4_RTN-5.G2A.mpmat
    jobid: 1929
    reason: Missing output files: ../mpmat_filter/293T-bat_GBEmini-AP-RNF2-All-PD_rep1_hg38.filtered_SMN-4_SCN-5_SMR-0.05_RPN-4_RTN-5.G2A.mpmat
    wildcards: sample=GBEmini-AP-RNF2-All-PD, rep=rep1, SMN=4, SCN=5, SMR=0.05, RPN=4, RTN=5, ac=G, bd=A


        /home/zhaohuanan/miniconda3/envs/snakepipes_detect-seq_fastq_bam_plot/bin/python ./program/mpmat-select-V02.py         -i ../mpmat/293T-bat_GBEmini-AP-RNF2-All-PD_rep1_hg38.select.G2A.mpmat -o ../mpmat_filter/293T-bat_GBEmini-AP-RNF2-All-PD_rep1_hg38.filtered_SMN-4_SCN-5_SMR-0.05_RPN-4_RTN-5.G2A.mpmat         -f G -t A         --SiteMutNum 4         --SiteCoverNum 5         --SiteMutRatio 0.05         --RegionPassNum 4         --RegionToleranceNum 5         --InHeader False         --OutHeader False
        

[Tue Nov 10 14:34:48 2020]
rule mpmat_filter:
    input: ../mpmat/293T-bat_GBEmini-AP-RNF2-All-PD_rep1_hg38.select.G2A.mpmat
    output: ../mpmat_filter/293T-bat_GBEmini-AP-RNF2-All-PD_rep1_hg38.filtered_SMN-4_SCN-5_SMR-0.05_RPN-5_RTN-2.G2A.mpmat
    jobid: 1930
    reason: Missing output files: ../mpmat_filter/293T-bat_GBEmini-AP-RNF2-All-PD_rep1_hg38.filtered_SMN-4_SCN-5_SMR-0.05_RPN-5_RTN-2.G2A.mpmat
    wildcards: sample=GBEmini-AP-RNF2-All-PD, rep=rep1, SMN=4, SCN=5, SMR=0.05, RPN=5, RTN=2, ac=G, bd=A


        /home/zhaohuanan/miniconda3/envs/snakepipes_detect-seq_fastq_bam_plot/bin/python ./program/mpmat-select-V02.py         -i ../mpmat/293T-bat_GBEmini-AP-RNF2-All-PD_rep1_hg38.select.G2A.mpmat -o ../mpmat_filter/293T-bat_GBEmini-AP-RNF2-All-PD_rep1_hg38.filtered_SMN-4_SCN-5_SMR-0.05_RPN-5_RTN-2.G2A.mpmat         -f G -t A         --SiteMutNum 4         --SiteCoverNum 5         --SiteMutRatio 0.05         --RegionPassNum 5         --RegionToleranceNum 2         --InHeader False         --OutHeader False
        

[Tue Nov 10 14:34:48 2020]
rule mpmat_filter:
    input: ../mpmat/293T-bat_GBEmini-AP-RNF2-All-PD_rep1_hg38.select.G2A.mpmat
    output: ../mpmat_filter/293T-bat_GBEmini-AP-RNF2-All-PD_rep1_hg38.filtered_SMN-2_SCN-5_SMR-0.1_RPN-4_RTN-5.G2A.mpmat
    jobid: 1749
    reason: Missing output files: ../mpmat_filter/293T-bat_GBEmini-AP-RNF2-All-PD_rep1_hg38.filtered_SMN-2_SCN-5_SMR-0.1_RPN-4_RTN-5.G2A.mpmat
    wildcards: sample=GBEmini-AP-RNF2-All-PD, rep=rep1, SMN=2, SCN=5, SMR=0.1, RPN=4, RTN=5, ac=G, bd=A


        /home/zhaohuanan/miniconda3/envs/snakepipes_detect-seq_fastq_bam_plot/bin/python ./program/mpmat-select-V02.py         -i ../mpmat/293T-bat_GBEmini-AP-RNF2-All-PD_rep1_hg38.select.G2A.mpmat -o ../mpmat_filter/293T-bat_GBEmini-AP-RNF2-All-PD_rep1_hg38.filtered_SMN-2_SCN-5_SMR-0.1_RPN-4_RTN-5.G2A.mpmat         -f G -t A         --SiteMutNum 2         --SiteCoverNum 5         --SiteMutRatio 0.1         --RegionPassNum 4         --RegionToleranceNum 5         --InHeader False         --OutHeader False
        

[Tue Nov 10 14:34:48 2020]
rule mpmat_filter:
    input: ../mpmat/293T-bat_GBEmini-AP-RNF2-All-PD_rep1_hg38.select.G2A.mpmat
    output: ../mpmat_filter/293T-bat_GBEmini-AP-RNF2-All-PD_rep1_hg38.filtered_SMN-7_SCN-10_SMR-0.05_RPN-2_RTN-5.G2A.mpmat
    jobid: 2211
    reason: Missing output files: ../mpmat_filter/293T-bat_GBEmini-AP-RNF2-All-PD_rep1_hg38.filtered_SMN-7_SCN-10_SMR-0.05_RPN-2_RTN-5.G2A.mpmat
    wildcards: sample=GBEmini-AP-RNF2-All-PD, rep=rep1, SMN=7, SCN=10, SMR=0.05, RPN=2, RTN=5, ac=G, bd=A


        /home/zhaohuanan/miniconda3/envs/snakepipes_detect-seq_fastq_bam_plot/bin/python ./program/mpmat-select-V02.py         -i ../mpmat/293T-bat_GBEmini-AP-RNF2-All-PD_rep1_hg38.select.G2A.mpmat -o ../mpmat_filter/293T-bat_GBEmini-AP-RNF2-All-PD_rep1_hg38.filtered_SMN-7_SCN-10_SMR-0.05_RPN-2_RTN-5.G2A.mpmat         -f G -t A         --SiteMutNum 7         --SiteCoverNum 10         --SiteMutRatio 0.05         --RegionPassNum 2         --RegionToleranceNum 5         --InHeader False         --OutHeader False
        

[Tue Nov 10 14:34:48 2020]
rule mpmat_filter:
    input: ../mpmat/293T-bat_GBEmini-AP-RNF2-All-PD_rep1_hg38.select.G2A.mpmat
    output: ../mpmat_filter/293T-bat_GBEmini-AP-RNF2-All-PD_rep1_hg38.filtered_SMN-2_SCN-5_SMR-0.1_RPN-5_RTN-2.G2A.mpmat
    jobid: 1750
    reason: Missing output files: ../mpmat_filter/293T-bat_GBEmini-AP-RNF2-All-PD_rep1_hg38.filtered_SMN-2_SCN-5_SMR-0.1_RPN-5_RTN-2.G2A.mpmat
    wildcards: sample=GBEmini-AP-RNF2-All-PD, rep=rep1, SMN=2, SCN=5, SMR=0.1, RPN=5, RTN=2, ac=G, bd=A


        /home/zhaohuanan/miniconda3/envs/snakepipes_detect-seq_fastq_bam_plot/bin/python ./program/mpmat-select-V02.py         -i ../mpmat/293T-bat_GBEmini-AP-RNF2-All-PD_rep1_hg38.select.G2A.mpmat -o ../mpmat_filter/293T-bat_GBEmini-AP-RNF2-All-PD_rep1_hg38.filtered_SMN-2_SCN-5_SMR-0.1_RPN-5_RTN-2.G2A.mpmat         -f G -t A         --SiteMutNum 2         --SiteCoverNum 5         --SiteMutRatio 0.1         --RegionPassNum 5         --RegionToleranceNum 2         --InHeader False         --OutHeader False
        

[Tue Nov 10 14:34:48 2020]
rule mpmat_filter:
    input: ../mpmat/293T-bat_GBEmini-AP-RNF2-All-PD_rep1_hg38.select.G2A.mpmat
    output: ../mpmat_filter/293T-bat_GBEmini-AP-RNF2-All-PD_rep1_hg38.filtered_SMN-7_SCN-10_SMR-0.05_RPN-3_RTN-2.G2A.mpmat
    jobid: 2212
    reason: Missing output files: ../mpmat_filter/293T-bat_GBEmini-AP-RNF2-All-PD_rep1_hg38.filtered_SMN-7_SCN-10_SMR-0.05_RPN-3_RTN-2.G2A.mpmat
    wildcards: sample=GBEmini-AP-RNF2-All-PD, rep=rep1, SMN=7, SCN=10, SMR=0.05, RPN=3, RTN=2, ac=G, bd=A


        /home/zhaohuanan/miniconda3/envs/snakepipes_detect-seq_fastq_bam_plot/bin/python ./program/mpmat-select-V02.py         -i ../mpmat/293T-bat_GBEmini-AP-RNF2-All-PD_rep1_hg38.select.G2A.mpmat -o ../mpmat_filter/293T-bat_GBEmini-AP-RNF2-All-PD_rep1_hg38.filtered_SMN-7_SCN-10_SMR-0.05_RPN-3_RTN-2.G2A.mpmat         -f G -t A         --SiteMutNum 7         --SiteCoverNum 10         --SiteMutRatio 0.05         --RegionPassNum 3         --RegionToleranceNum 2         --InHeader False         --OutHeader False
        

[Tue Nov 10 14:34:48 2020]
rule mpmat_filter:
    input: ../mpmat/293T-bat_GBEmini-AP-RNF2-All-PD_rep1_hg38.select.G2A.mpmat
    output: ../mpmat_filter/293T-bat_GBEmini-AP-RNF2-All-PD_rep1_hg38.filtered_SMN-2_SCN-5_SMR-0.1_RPN-5_RTN-3.G2A.mpmat
    jobid: 1751
    reason: Missing output files: ../mpmat_filter/293T-bat_GBEmini-AP-RNF2-All-PD_rep1_hg38.filtered_SMN-2_SCN-5_SMR-0.1_RPN-5_RTN-3.G2A.mpmat
    wildcards: sample=GBEmini-AP-RNF2-All-PD, rep=rep1, SMN=2, SCN=5, SMR=0.1, RPN=5, RTN=3, ac=G, bd=A


        /home/zhaohuanan/miniconda3/envs/snakepipes_detect-seq_fastq_bam_plot/bin/python ./program/mpmat-select-V02.py         -i ../mpmat/293T-bat_GBEmini-AP-RNF2-All-PD_rep1_hg38.select.G2A.mpmat -o ../mpmat_filter/293T-bat_GBEmini-AP-RNF2-All-PD_rep1_hg38.filtered_SMN-2_SCN-5_SMR-0.1_RPN-5_RTN-3.G2A.mpmat         -f G -t A         --SiteMutNum 2         --SiteCoverNum 5         --SiteMutRatio 0.1         --RegionPassNum 5         --RegionToleranceNum 3         --InHeader False         --OutHeader False
        

[Tue Nov 10 14:34:48 2020]
rule mpmat_filter:
    input: ../mpmat/293T-bat_GBEmini-AP-RNF2-All-PD_rep1_hg38.select.G2A.mpmat
    output: ../mpmat_filter/293T-bat_GBEmini-AP-RNF2-All-PD_rep1_hg38.filtered_SMN-7_SCN-10_SMR-0.05_RPN-3_RTN-3.G2A.mpmat
    jobid: 2213
    reason: Missing output files: ../mpmat_filter/293T-bat_GBEmini-AP-RNF2-All-PD_rep1_hg38.filtered_SMN-7_SCN-10_SMR-0.05_RPN-3_RTN-3.G2A.mpmat
    wildcards: sample=GBEmini-AP-RNF2-All-PD, rep=rep1, SMN=7, SCN=10, SMR=0.05, RPN=3, RTN=3, ac=G, bd=A


        /home/zhaohuanan/miniconda3/envs/snakepipes_detect-seq_fastq_bam_plot/bin/python ./program/mpmat-select-V02.py         -i ../mpmat/293T-bat_GBEmini-AP-RNF2-All-PD_rep1_hg38.select.G2A.mpmat -o ../mpmat_filter/293T-bat_GBEmini-AP-RNF2-All-PD_rep1_hg38.filtered_SMN-7_SCN-10_SMR-0.05_RPN-3_RTN-3.G2A.mpmat         -f G -t A         --SiteMutNum 7         --SiteCoverNum 10         --SiteMutRatio 0.05         --RegionPassNum 3         --RegionToleranceNum 3         --InHeader False         --OutHeader False
        

[Tue Nov 10 14:34:48 2020]
rule mpmat_filter:
    input: ../mpmat/293T-bat_GBEmini-AP-RNF2-All-PD_rep1_hg38.select.G2A.mpmat
    output: ../mpmat_filter/293T-bat_GBEmini-AP-RNF2-All-PD_rep1_hg38.filtered_SMN-2_SCN-5_SMR-0.1_RPN-5_RTN-5.G2A.mpmat
    jobid: 1752
    reason: Missing output files: ../mpmat_filter/293T-bat_GBEmini-AP-RNF2-All-PD_rep1_hg38.filtered_SMN-2_SCN-5_SMR-0.1_RPN-5_RTN-5.G2A.mpmat
    wildcards: sample=GBEmini-AP-RNF2-All-PD, rep=rep1, SMN=2, SCN=5, SMR=0.1, RPN=5, RTN=5, ac=G, bd=A


        /home/zhaohuanan/miniconda3/envs/snakepipes_detect-seq_fastq_bam_plot/bin/python ./program/mpmat-select-V02.py         -i ../mpmat/293T-bat_GBEmini-AP-RNF2-All-PD_rep1_hg38.select.G2A.mpmat -o ../mpmat_filter/293T-bat_GBEmini-AP-RNF2-All-PD_rep1_hg38.filtered_SMN-2_SCN-5_SMR-0.1_RPN-5_RTN-5.G2A.mpmat         -f G -t A         --SiteMutNum 2         --SiteCoverNum 5         --SiteMutRatio 0.1         --RegionPassNum 5         --RegionToleranceNum 5         --InHeader False         --OutHeader False
        

[Tue Nov 10 14:34:48 2020]
rule mpmat_filter:
    input: ../mpmat/293T-bat_GBEmini-AP-RNF2-All-PD_rep1_hg38.select.G2A.mpmat
    output: ../mpmat_filter/293T-bat_GBEmini-AP-RNF2-All-PD_rep1_hg38.filtered_SMN-7_SCN-10_SMR-0.05_RPN-3_RTN-5.G2A.mpmat
    jobid: 2214
    reason: Missing output files: ../mpmat_filter/293T-bat_GBEmini-AP-RNF2-All-PD_rep1_hg38.filtered_SMN-7_SCN-10_SMR-0.05_RPN-3_RTN-5.G2A.mpmat
    wildcards: sample=GBEmini-AP-RNF2-All-PD, rep=rep1, SMN=7, SCN=10, SMR=0.05, RPN=3, RTN=5, ac=G, bd=A


        /home/zhaohuanan/miniconda3/envs/snakepipes_detect-seq_fastq_bam_plot/bin/python ./program/mpmat-select-V02.py         -i ../mpmat/293T-bat_GBEmini-AP-RNF2-All-PD_rep1_hg38.select.G2A.mpmat -o ../mpmat_filter/293T-bat_GBEmini-AP-RNF2-All-PD_rep1_hg38.filtered_SMN-7_SCN-10_SMR-0.05_RPN-3_RTN-5.G2A.mpmat         -f G -t A         --SiteMutNum 7         --SiteCoverNum 10         --SiteMutRatio 0.05         --RegionPassNum 3         --RegionToleranceNum 5         --InHeader False         --OutHeader False
        

[Tue Nov 10 14:34:48 2020]
rule mpmat_filter:
    input: ../mpmat/293T-bat_GBEmini-AP-RNF2-All-PD_rep1_hg38.select.G2A.mpmat
    output: ../mpmat_filter/293T-bat_GBEmini-AP-RNF2-All-PD_rep1_hg38.filtered_SMN-2_SCN-5_SMR-0.2_RPN-2_RTN-2.G2A.mpmat
    jobid: 1753
    reason: Missing output files: ../mpmat_filter/293T-bat_GBEmini-AP-RNF2-All-PD_rep1_hg38.filtered_SMN-2_SCN-5_SMR-0.2_RPN-2_RTN-2.G2A.mpmat
    wildcards: sample=GBEmini-AP-RNF2-All-PD, rep=rep1, SMN=2, SCN=5, SMR=0.2, RPN=2, RTN=2, ac=G, bd=A


        /home/zhaohuanan/miniconda3/envs/snakepipes_detect-seq_fastq_bam_plot/bin/python ./program/mpmat-select-V02.py         -i ../mpmat/293T-bat_GBEmini-AP-RNF2-All-PD_rep1_hg38.select.G2A.mpmat -o ../mpmat_filter/293T-bat_GBEmini-AP-RNF2-All-PD_rep1_hg38.filtered_SMN-2_SCN-5_SMR-0.2_RPN-2_RTN-2.G2A.mpmat         -f G -t A         --SiteMutNum 2         --SiteCoverNum 5         --SiteMutRatio 0.2         --RegionPassNum 2         --RegionToleranceNum 2         --InHeader False         --OutHeader False
        

[Tue Nov 10 14:34:48 2020]
rule mpmat_filter:
    input: ../mpmat/293T-bat_GBEmini-AP-RNF2-All-PD_rep1_hg38.select.G2A.mpmat
    output: ../mpmat_filter/293T-bat_GBEmini-AP-RNF2-All-PD_rep1_hg38.filtered_SMN-7_SCN-10_SMR-0.05_RPN-4_RTN-2.G2A.mpmat
    jobid: 2215
    reason: Missing output files: ../mpmat_filter/293T-bat_GBEmini-AP-RNF2-All-PD_rep1_hg38.filtered_SMN-7_SCN-10_SMR-0.05_RPN-4_RTN-2.G2A.mpmat
    wildcards: sample=GBEmini-AP-RNF2-All-PD, rep=rep1, SMN=7, SCN=10, SMR=0.05, RPN=4, RTN=2, ac=G, bd=A


        /home/zhaohuanan/miniconda3/envs/snakepipes_detect-seq_fastq_bam_plot/bin/python ./program/mpmat-select-V02.py         -i ../mpmat/293T-bat_GBEmini-AP-RNF2-All-PD_rep1_hg38.select.G2A.mpmat -o ../mpmat_filter/293T-bat_GBEmini-AP-RNF2-All-PD_rep1_hg38.filtered_SMN-7_SCN-10_SMR-0.05_RPN-4_RTN-2.G2A.mpmat         -f G -t A         --SiteMutNum 7         --SiteCoverNum 10         --SiteMutRatio 0.05         --RegionPassNum 4         --RegionToleranceNum 2         --InHeader False         --OutHeader False
        

[Tue Nov 10 14:34:48 2020]
rule mpmat_filter:
    input: ../mpmat/293T-bat_GBEmini-AP-RNF2-All-PD_rep1_hg38.select.G2A.mpmat
    output: ../mpmat_filter/293T-bat_GBEmini-AP-RNF2-All-PD_rep1_hg38.filtered_SMN-2_SCN-5_SMR-0.2_RPN-2_RTN-3.G2A.mpmat
    jobid: 1754
    reason: Missing output files: ../mpmat_filter/293T-bat_GBEmini-AP-RNF2-All-PD_rep1_hg38.filtered_SMN-2_SCN-5_SMR-0.2_RPN-2_RTN-3.G2A.mpmat
    wildcards: sample=GBEmini-AP-RNF2-All-PD, rep=rep1, SMN=2, SCN=5, SMR=0.2, RPN=2, RTN=3, ac=G, bd=A


        /home/zhaohuanan/miniconda3/envs/snakepipes_detect-seq_fastq_bam_plot/bin/python ./program/mpmat-select-V02.py         -i ../mpmat/293T-bat_GBEmini-AP-RNF2-All-PD_rep1_hg38.select.G2A.mpmat -o ../mpmat_filter/293T-bat_GBEmini-AP-RNF2-All-PD_rep1_hg38.filtered_SMN-2_SCN-5_SMR-0.2_RPN-2_RTN-3.G2A.mpmat         -f G -t A         --SiteMutNum 2         --SiteCoverNum 5         --SiteMutRatio 0.2         --RegionPassNum 2         --RegionToleranceNum 3         --InHeader False         --OutHeader False
        

[Tue Nov 10 14:34:48 2020]
rule mpmat_filter:
    input: ../mpmat/293T-bat_GBEmini-AP-RNF2-All-PD_rep1_hg38.select.G2A.mpmat
    output: ../mpmat_filter/293T-bat_GBEmini-AP-RNF2-All-PD_rep1_hg38.filtered_SMN-7_SCN-10_SMR-0.05_RPN-4_RTN-3.G2A.mpmat
    jobid: 2216
    reason: Missing output files: ../mpmat_filter/293T-bat_GBEmini-AP-RNF2-All-PD_rep1_hg38.filtered_SMN-7_SCN-10_SMR-0.05_RPN-4_RTN-3.G2A.mpmat
    wildcards: sample=GBEmini-AP-RNF2-All-PD, rep=rep1, SMN=7, SCN=10, SMR=0.05, RPN=4, RTN=3, ac=G, bd=A


        /home/zhaohuanan/miniconda3/envs/snakepipes_detect-seq_fastq_bam_plot/bin/python ./program/mpmat-select-V02.py         -i ../mpmat/293T-bat_GBEmini-AP-RNF2-All-PD_rep1_hg38.select.G2A.mpmat -o ../mpmat_filter/293T-bat_GBEmini-AP-RNF2-All-PD_rep1_hg38.filtered_SMN-7_SCN-10_SMR-0.05_RPN-4_RTN-3.G2A.mpmat         -f G -t A         --SiteMutNum 7         --SiteCoverNum 10         --SiteMutRatio 0.05         --RegionPassNum 4         --RegionToleranceNum 3         --InHeader False         --OutHeader False
        

[Tue Nov 10 14:34:48 2020]
rule mpmat_filter:
    input: ../mpmat/293T-bat_GBEmini-AP-RNF2-All-PD_rep1_hg38.select.G2A.mpmat
    output: ../mpmat_filter/293T-bat_GBEmini-AP-RNF2-All-PD_rep1_hg38.filtered_SMN-2_SCN-5_SMR-0.2_RPN-2_RTN-5.G2A.mpmat
    jobid: 1755
    reason: Missing output files: ../mpmat_filter/293T-bat_GBEmini-AP-RNF2-All-PD_rep1_hg38.filtered_SMN-2_SCN-5_SMR-0.2_RPN-2_RTN-5.G2A.mpmat
    wildcards: sample=GBEmini-AP-RNF2-All-PD, rep=rep1, SMN=2, SCN=5, SMR=0.2, RPN=2, RTN=5, ac=G, bd=A


        /home/zhaohuanan/miniconda3/envs/snakepipes_detect-seq_fastq_bam_plot/bin/python ./program/mpmat-select-V02.py         -i ../mpmat/293T-bat_GBEmini-AP-RNF2-All-PD_rep1_hg38.select.G2A.mpmat -o ../mpmat_filter/293T-bat_GBEmini-AP-RNF2-All-PD_rep1_hg38.filtered_SMN-2_SCN-5_SMR-0.2_RPN-2_RTN-5.G2A.mpmat         -f G -t A         --SiteMutNum 2         --SiteCoverNum 5         --SiteMutRatio 0.2         --RegionPassNum 2         --RegionToleranceNum 5         --InHeader False         --OutHeader False
        

[Tue Nov 10 14:34:48 2020]
rule mpmat_filter:
    input: ../mpmat/293T-bat_GBEmini-AP-RNF2-All-PD_rep1_hg38.select.G2A.mpmat
    output: ../mpmat_filter/293T-bat_GBEmini-AP-RNF2-All-PD_rep1_hg38.filtered_SMN-7_SCN-10_SMR-0.05_RPN-4_RTN-5.G2A.mpmat
    jobid: 2217
    reason: Missing output files: ../mpmat_filter/293T-bat_GBEmini-AP-RNF2-All-PD_rep1_hg38.filtered_SMN-7_SCN-10_SMR-0.05_RPN-4_RTN-5.G2A.mpmat
    wildcards: sample=GBEmini-AP-RNF2-All-PD, rep=rep1, SMN=7, SCN=10, SMR=0.05, RPN=4, RTN=5, ac=G, bd=A


        /home/zhaohuanan/miniconda3/envs/snakepipes_detect-seq_fastq_bam_plot/bin/python ./program/mpmat-select-V02.py         -i ../mpmat/293T-bat_GBEmini-AP-RNF2-All-PD_rep1_hg38.select.G2A.mpmat -o ../mpmat_filter/293T-bat_GBEmini-AP-RNF2-All-PD_rep1_hg38.filtered_SMN-7_SCN-10_SMR-0.05_RPN-4_RTN-5.G2A.mpmat         -f G -t A         --SiteMutNum 7         --SiteCoverNum 10         --SiteMutRatio 0.05         --RegionPassNum 4         --RegionToleranceNum 5         --InHeader False         --OutHeader False
        

[Tue Nov 10 14:34:48 2020]
rule mpmat_filter:
    input: ../mpmat/293T-bat_GBEmini-AP-RNF2-All-PD_rep1_hg38.select.G2A.mpmat
    output: ../mpmat_filter/293T-bat_GBEmini-AP-RNF2-All-PD_rep1_hg38.filtered_SMN-2_SCN-5_SMR-0.2_RPN-3_RTN-2.G2A.mpmat
    jobid: 1756
    reason: Missing output files: ../mpmat_filter/293T-bat_GBEmini-AP-RNF2-All-PD_rep1_hg38.filtered_SMN-2_SCN-5_SMR-0.2_RPN-3_RTN-2.G2A.mpmat
    wildcards: sample=GBEmini-AP-RNF2-All-PD, rep=rep1, SMN=2, SCN=5, SMR=0.2, RPN=3, RTN=2, ac=G, bd=A


        /home/zhaohuanan/miniconda3/envs/snakepipes_detect-seq_fastq_bam_plot/bin/python ./program/mpmat-select-V02.py         -i ../mpmat/293T-bat_GBEmini-AP-RNF2-All-PD_rep1_hg38.select.G2A.mpmat -o ../mpmat_filter/293T-bat_GBEmini-AP-RNF2-All-PD_rep1_hg38.filtered_SMN-2_SCN-5_SMR-0.2_RPN-3_RTN-2.G2A.mpmat         -f G -t A         --SiteMutNum 2         --SiteCoverNum 5         --SiteMutRatio 0.2         --RegionPassNum 3         --RegionToleranceNum 2         --InHeader False         --OutHeader False
        

[Tue Nov 10 14:34:48 2020]
rule mpmat_filter:
    input: ../mpmat/293T-bat_GBEmini-AP-RNF2-All-PD_rep1_hg38.select.G2A.mpmat
    output: ../mpmat_filter/293T-bat_GBEmini-AP-RNF2-All-PD_rep1_hg38.filtered_SMN-7_SCN-10_SMR-0.05_RPN-5_RTN-2.G2A.mpmat
    jobid: 2218
    reason: Missing output files: ../mpmat_filter/293T-bat_GBEmini-AP-RNF2-All-PD_rep1_hg38.filtered_SMN-7_SCN-10_SMR-0.05_RPN-5_RTN-2.G2A.mpmat
    wildcards: sample=GBEmini-AP-RNF2-All-PD, rep=rep1, SMN=7, SCN=10, SMR=0.05, RPN=5, RTN=2, ac=G, bd=A


        /home/zhaohuanan/miniconda3/envs/snakepipes_detect-seq_fastq_bam_plot/bin/python ./program/mpmat-select-V02.py         -i ../mpmat/293T-bat_GBEmini-AP-RNF2-All-PD_rep1_hg38.select.G2A.mpmat -o ../mpmat_filter/293T-bat_GBEmini-AP-RNF2-All-PD_rep1_hg38.filtered_SMN-7_SCN-10_SMR-0.05_RPN-5_RTN-2.G2A.mpmat         -f G -t A         --SiteMutNum 7         --SiteCoverNum 10         --SiteMutRatio 0.05         --RegionPassNum 5         --RegionToleranceNum 2         --InHeader False         --OutHeader False
        

[Tue Nov 10 14:34:48 2020]
rule mpmat_filter:
    input: ../mpmat/293T-bat_GBEmini-AP-RNF2-All-PD_rep1_hg38.select.G2A.mpmat
    output: ../mpmat_filter/293T-bat_GBEmini-AP-RNF2-All-PD_rep1_hg38.filtered_SMN-2_SCN-5_SMR-0.2_RPN-3_RTN-3.G2A.mpmat
    jobid: 1757
    reason: Missing output files: ../mpmat_filter/293T-bat_GBEmini-AP-RNF2-All-PD_rep1_hg38.filtered_SMN-2_SCN-5_SMR-0.2_RPN-3_RTN-3.G2A.mpmat
    wildcards: sample=GBEmini-AP-RNF2-All-PD, rep=rep1, SMN=2, SCN=5, SMR=0.2, RPN=3, RTN=3, ac=G, bd=A


        /home/zhaohuanan/miniconda3/envs/snakepipes_detect-seq_fastq_bam_plot/bin/python ./program/mpmat-select-V02.py         -i ../mpmat/293T-bat_GBEmini-AP-RNF2-All-PD_rep1_hg38.select.G2A.mpmat -o ../mpmat_filter/293T-bat_GBEmini-AP-RNF2-All-PD_rep1_hg38.filtered_SMN-2_SCN-5_SMR-0.2_RPN-3_RTN-3.G2A.mpmat         -f G -t A         --SiteMutNum 2         --SiteCoverNum 5         --SiteMutRatio 0.2         --RegionPassNum 3         --RegionToleranceNum 3         --InHeader False         --OutHeader False
        

[Tue Nov 10 14:34:48 2020]
rule mpmat_filter:
    input: ../mpmat/293T-bat_GBEmini-AP-RNF2-All-PD_rep1_hg38.select.G2A.mpmat
    output: ../mpmat_filter/293T-bat_GBEmini-AP-RNF2-All-PD_rep1_hg38.filtered_SMN-7_SCN-10_SMR-0.05_RPN-5_RTN-3.G2A.mpmat
    jobid: 2219
    reason: Missing output files: ../mpmat_filter/293T-bat_GBEmini-AP-RNF2-All-PD_rep1_hg38.filtered_SMN-7_SCN-10_SMR-0.05_RPN-5_RTN-3.G2A.mpmat
    wildcards: sample=GBEmini-AP-RNF2-All-PD, rep=rep1, SMN=7, SCN=10, SMR=0.05, RPN=5, RTN=3, ac=G, bd=A


        /home/zhaohuanan/miniconda3/envs/snakepipes_detect-seq_fastq_bam_plot/bin/python ./program/mpmat-select-V02.py         -i ../mpmat/293T-bat_GBEmini-AP-RNF2-All-PD_rep1_hg38.select.G2A.mpmat -o ../mpmat_filter/293T-bat_GBEmini-AP-RNF2-All-PD_rep1_hg38.filtered_SMN-7_SCN-10_SMR-0.05_RPN-5_RTN-3.G2A.mpmat         -f G -t A         --SiteMutNum 7         --SiteCoverNum 10         --SiteMutRatio 0.05         --RegionPassNum 5         --RegionToleranceNum 3         --InHeader False         --OutHeader False
        

[Tue Nov 10 14:34:49 2020]
rule mpmat_filter:
    input: ../mpmat/293T-bat_GBEmini-AP-RNF2-All-PD_rep1_hg38.select.G2A.mpmat
    output: ../mpmat_filter/293T-bat_GBEmini-AP-RNF2-All-PD_rep1_hg38.filtered_SMN-2_SCN-5_SMR-0.2_RPN-3_RTN-5.G2A.mpmat
    jobid: 1758
    reason: Missing output files: ../mpmat_filter/293T-bat_GBEmini-AP-RNF2-All-PD_rep1_hg38.filtered_SMN-2_SCN-5_SMR-0.2_RPN-3_RTN-5.G2A.mpmat
    wildcards: sample=GBEmini-AP-RNF2-All-PD, rep=rep1, SMN=2, SCN=5, SMR=0.2, RPN=3, RTN=5, ac=G, bd=A


        /home/zhaohuanan/miniconda3/envs/snakepipes_detect-seq_fastq_bam_plot/bin/python ./program/mpmat-select-V02.py         -i ../mpmat/293T-bat_GBEmini-AP-RNF2-All-PD_rep1_hg38.select.G2A.mpmat -o ../mpmat_filter/293T-bat_GBEmini-AP-RNF2-All-PD_rep1_hg38.filtered_SMN-2_SCN-5_SMR-0.2_RPN-3_RTN-5.G2A.mpmat         -f G -t A         --SiteMutNum 2         --SiteCoverNum 5         --SiteMutRatio 0.2         --RegionPassNum 3         --RegionToleranceNum 5         --InHeader False         --OutHeader False
        

[Tue Nov 10 14:34:49 2020]
rule mpmat_filter:
    input: ../mpmat/293T-bat_GBEmini-AP-RNF2-All-PD_rep1_hg38.select.G2A.mpmat
    output: ../mpmat_filter/293T-bat_GBEmini-AP-RNF2-All-PD_rep1_hg38.filtered_SMN-7_SCN-10_SMR-0.05_RPN-5_RTN-5.G2A.mpmat
    jobid: 2220
    reason: Missing output files: ../mpmat_filter/293T-bat_GBEmini-AP-RNF2-All-PD_rep1_hg38.filtered_SMN-7_SCN-10_SMR-0.05_RPN-5_RTN-5.G2A.mpmat
    wildcards: sample=GBEmini-AP-RNF2-All-PD, rep=rep1, SMN=7, SCN=10, SMR=0.05, RPN=5, RTN=5, ac=G, bd=A


        /home/zhaohuanan/miniconda3/envs/snakepipes_detect-seq_fastq_bam_plot/bin/python ./program/mpmat-select-V02.py         -i ../mpmat/293T-bat_GBEmini-AP-RNF2-All-PD_rep1_hg38.select.G2A.mpmat -o ../mpmat_filter/293T-bat_GBEmini-AP-RNF2-All-PD_rep1_hg38.filtered_SMN-7_SCN-10_SMR-0.05_RPN-5_RTN-5.G2A.mpmat         -f G -t A         --SiteMutNum 7         --SiteCoverNum 10         --SiteMutRatio 0.05         --RegionPassNum 5         --RegionToleranceNum 5         --InHeader False         --OutHeader False
        

[Tue Nov 10 14:34:49 2020]
rule mpmat_filter:
    input: ../mpmat/293T-bat_GBEmini-AP-RNF2-All-PD_rep1_hg38.select.G2A.mpmat
    output: ../mpmat_filter/293T-bat_GBEmini-AP-RNF2-All-PD_rep1_hg38.filtered_SMN-2_SCN-5_SMR-0.2_RPN-4_RTN-2.G2A.mpmat
    jobid: 1759
    reason: Missing output files: ../mpmat_filter/293T-bat_GBEmini-AP-RNF2-All-PD_rep1_hg38.filtered_SMN-2_SCN-5_SMR-0.2_RPN-4_RTN-2.G2A.mpmat
    wildcards: sample=GBEmini-AP-RNF2-All-PD, rep=rep1, SMN=2, SCN=5, SMR=0.2, RPN=4, RTN=2, ac=G, bd=A


        /home/zhaohuanan/miniconda3/envs/snakepipes_detect-seq_fastq_bam_plot/bin/python ./program/mpmat-select-V02.py         -i ../mpmat/293T-bat_GBEmini-AP-RNF2-All-PD_rep1_hg38.select.G2A.mpmat -o ../mpmat_filter/293T-bat_GBEmini-AP-RNF2-All-PD_rep1_hg38.filtered_SMN-2_SCN-5_SMR-0.2_RPN-4_RTN-2.G2A.mpmat         -f G -t A         --SiteMutNum 2         --SiteCoverNum 5         --SiteMutRatio 0.2         --RegionPassNum 4         --RegionToleranceNum 2         --InHeader False         --OutHeader False
        

[Tue Nov 10 14:34:49 2020]
rule mpmat_filter:
    input: ../mpmat/293T-bat_GBEmini-AP-RNF2-All-PD_rep1_hg38.select.G2A.mpmat
    output: ../mpmat_filter/293T-bat_GBEmini-AP-RNF2-All-PD_rep1_hg38.filtered_SMN-7_SCN-10_SMR-0.1_RPN-2_RTN-2.G2A.mpmat
    jobid: 2221
    reason: Missing output files: ../mpmat_filter/293T-bat_GBEmini-AP-RNF2-All-PD_rep1_hg38.filtered_SMN-7_SCN-10_SMR-0.1_RPN-2_RTN-2.G2A.mpmat
    wildcards: sample=GBEmini-AP-RNF2-All-PD, rep=rep1, SMN=7, SCN=10, SMR=0.1, RPN=2, RTN=2, ac=G, bd=A


        /home/zhaohuanan/miniconda3/envs/snakepipes_detect-seq_fastq_bam_plot/bin/python ./program/mpmat-select-V02.py         -i ../mpmat/293T-bat_GBEmini-AP-RNF2-All-PD_rep1_hg38.select.G2A.mpmat -o ../mpmat_filter/293T-bat_GBEmini-AP-RNF2-All-PD_rep1_hg38.filtered_SMN-7_SCN-10_SMR-0.1_RPN-2_RTN-2.G2A.mpmat         -f G -t A         --SiteMutNum 7         --SiteCoverNum 10         --SiteMutRatio 0.1         --RegionPassNum 2         --RegionToleranceNum 2         --InHeader False         --OutHeader False
        

[Tue Nov 10 14:34:49 2020]
rule mpmat_filter:
    input: ../mpmat/293T-bat_GBEmini-AP-RNF2-All-PD_rep1_hg38.select.G2A.mpmat
    output: ../mpmat_filter/293T-bat_GBEmini-AP-RNF2-All-PD_rep1_hg38.filtered_SMN-2_SCN-5_SMR-0.2_RPN-4_RTN-3.G2A.mpmat
    jobid: 1760
    reason: Missing output files: ../mpmat_filter/293T-bat_GBEmini-AP-RNF2-All-PD_rep1_hg38.filtered_SMN-2_SCN-5_SMR-0.2_RPN-4_RTN-3.G2A.mpmat
    wildcards: sample=GBEmini-AP-RNF2-All-PD, rep=rep1, SMN=2, SCN=5, SMR=0.2, RPN=4, RTN=3, ac=G, bd=A


        /home/zhaohuanan/miniconda3/envs/snakepipes_detect-seq_fastq_bam_plot/bin/python ./program/mpmat-select-V02.py         -i ../mpmat/293T-bat_GBEmini-AP-RNF2-All-PD_rep1_hg38.select.G2A.mpmat -o ../mpmat_filter/293T-bat_GBEmini-AP-RNF2-All-PD_rep1_hg38.filtered_SMN-2_SCN-5_SMR-0.2_RPN-4_RTN-3.G2A.mpmat         -f G -t A         --SiteMutNum 2         --SiteCoverNum 5         --SiteMutRatio 0.2         --RegionPassNum 4         --RegionToleranceNum 3         --InHeader False         --OutHeader False
        

[Tue Nov 10 14:34:49 2020]
rule mpmat_filter:
    input: ../mpmat/293T-bat_GBEmini-AP-RNF2-All-PD_rep1_hg38.select.G2A.mpmat
    output: ../mpmat_filter/293T-bat_GBEmini-AP-RNF2-All-PD_rep1_hg38.filtered_SMN-7_SCN-10_SMR-0.1_RPN-2_RTN-3.G2A.mpmat
    jobid: 2222
    reason: Missing output files: ../mpmat_filter/293T-bat_GBEmini-AP-RNF2-All-PD_rep1_hg38.filtered_SMN-7_SCN-10_SMR-0.1_RPN-2_RTN-3.G2A.mpmat
    wildcards: sample=GBEmini-AP-RNF2-All-PD, rep=rep1, SMN=7, SCN=10, SMR=0.1, RPN=2, RTN=3, ac=G, bd=A


        /home/zhaohuanan/miniconda3/envs/snakepipes_detect-seq_fastq_bam_plot/bin/python ./program/mpmat-select-V02.py         -i ../mpmat/293T-bat_GBEmini-AP-RNF2-All-PD_rep1_hg38.select.G2A.mpmat -o ../mpmat_filter/293T-bat_GBEmini-AP-RNF2-All-PD_rep1_hg38.filtered_SMN-7_SCN-10_SMR-0.1_RPN-2_RTN-3.G2A.mpmat         -f G -t A         --SiteMutNum 7         --SiteCoverNum 10         --SiteMutRatio 0.1         --RegionPassNum 2         --RegionToleranceNum 3         --InHeader False         --OutHeader False
        

[Tue Nov 10 14:34:49 2020]
rule mpmat_filter:
    input: ../mpmat/293T-bat_GBEmini-AP-RNF2-All-PD_rep1_hg38.select.G2A.mpmat
    output: ../mpmat_filter/293T-bat_GBEmini-AP-RNF2-All-PD_rep1_hg38.filtered_SMN-2_SCN-5_SMR-0.2_RPN-4_RTN-5.G2A.mpmat
    jobid: 1761
    reason: Missing output files: ../mpmat_filter/293T-bat_GBEmini-AP-RNF2-All-PD_rep1_hg38.filtered_SMN-2_SCN-5_SMR-0.2_RPN-4_RTN-5.G2A.mpmat
    wildcards: sample=GBEmini-AP-RNF2-All-PD, rep=rep1, SMN=2, SCN=5, SMR=0.2, RPN=4, RTN=5, ac=G, bd=A


        /home/zhaohuanan/miniconda3/envs/snakepipes_detect-seq_fastq_bam_plot/bin/python ./program/mpmat-select-V02.py         -i ../mpmat/293T-bat_GBEmini-AP-RNF2-All-PD_rep1_hg38.select.G2A.mpmat -o ../mpmat_filter/293T-bat_GBEmini-AP-RNF2-All-PD_rep1_hg38.filtered_SMN-2_SCN-5_SMR-0.2_RPN-4_RTN-5.G2A.mpmat         -f G -t A         --SiteMutNum 2         --SiteCoverNum 5         --SiteMutRatio 0.2         --RegionPassNum 4         --RegionToleranceNum 5         --InHeader False         --OutHeader False
        

[Tue Nov 10 14:34:49 2020]
rule mpmat_filter:
    input: ../mpmat/293T-bat_GBEmini-AP-RNF2-All-PD_rep1_hg38.select.G2A.mpmat
    output: ../mpmat_filter/293T-bat_GBEmini-AP-RNF2-All-PD_rep1_hg38.filtered_SMN-7_SCN-10_SMR-0.1_RPN-2_RTN-5.G2A.mpmat
    jobid: 2223
    reason: Missing output files: ../mpmat_filter/293T-bat_GBEmini-AP-RNF2-All-PD_rep1_hg38.filtered_SMN-7_SCN-10_SMR-0.1_RPN-2_RTN-5.G2A.mpmat
    wildcards: sample=GBEmini-AP-RNF2-All-PD, rep=rep1, SMN=7, SCN=10, SMR=0.1, RPN=2, RTN=5, ac=G, bd=A


        /home/zhaohuanan/miniconda3/envs/snakepipes_detect-seq_fastq_bam_plot/bin/python ./program/mpmat-select-V02.py         -i ../mpmat/293T-bat_GBEmini-AP-RNF2-All-PD_rep1_hg38.select.G2A.mpmat -o ../mpmat_filter/293T-bat_GBEmini-AP-RNF2-All-PD_rep1_hg38.filtered_SMN-7_SCN-10_SMR-0.1_RPN-2_RTN-5.G2A.mpmat         -f G -t A         --SiteMutNum 7         --SiteCoverNum 10         --SiteMutRatio 0.1         --RegionPassNum 2         --RegionToleranceNum 5         --InHeader False         --OutHeader False
        

[Tue Nov 10 14:34:49 2020]
rule mpmat_filter:
    input: ../mpmat/293T-bat_GBEmini-AP-RNF2-All-PD_rep1_hg38.select.G2A.mpmat
    output: ../mpmat_filter/293T-bat_GBEmini-AP-RNF2-All-PD_rep1_hg38.filtered_SMN-2_SCN-5_SMR-0.2_RPN-5_RTN-2.G2A.mpmat
    jobid: 1762
    reason: Missing output files: ../mpmat_filter/293T-bat_GBEmini-AP-RNF2-All-PD_rep1_hg38.filtered_SMN-2_SCN-5_SMR-0.2_RPN-5_RTN-2.G2A.mpmat
    wildcards: sample=GBEmini-AP-RNF2-All-PD, rep=rep1, SMN=2, SCN=5, SMR=0.2, RPN=5, RTN=2, ac=G, bd=A


        /home/zhaohuanan/miniconda3/envs/snakepipes_detect-seq_fastq_bam_plot/bin/python ./program/mpmat-select-V02.py         -i ../mpmat/293T-bat_GBEmini-AP-RNF2-All-PD_rep1_hg38.select.G2A.mpmat -o ../mpmat_filter/293T-bat_GBEmini-AP-RNF2-All-PD_rep1_hg38.filtered_SMN-2_SCN-5_SMR-0.2_RPN-5_RTN-2.G2A.mpmat         -f G -t A         --SiteMutNum 2         --SiteCoverNum 5         --SiteMutRatio 0.2         --RegionPassNum 5         --RegionToleranceNum 2         --InHeader False         --OutHeader False
        

[Tue Nov 10 14:34:49 2020]
rule mpmat_filter:
    input: ../mpmat/293T-bat_GBEmini-AP-RNF2-All-PD_rep1_hg38.select.G2A.mpmat
    output: ../mpmat_filter/293T-bat_GBEmini-AP-RNF2-All-PD_rep1_hg38.filtered_SMN-7_SCN-10_SMR-0.1_RPN-3_RTN-2.G2A.mpmat
    jobid: 2224
    reason: Missing output files: ../mpmat_filter/293T-bat_GBEmini-AP-RNF2-All-PD_rep1_hg38.filtered_SMN-7_SCN-10_SMR-0.1_RPN-3_RTN-2.G2A.mpmat
    wildcards: sample=GBEmini-AP-RNF2-All-PD, rep=rep1, SMN=7, SCN=10, SMR=0.1, RPN=3, RTN=2, ac=G, bd=A


        /home/zhaohuanan/miniconda3/envs/snakepipes_detect-seq_fastq_bam_plot/bin/python ./program/mpmat-select-V02.py         -i ../mpmat/293T-bat_GBEmini-AP-RNF2-All-PD_rep1_hg38.select.G2A.mpmat -o ../mpmat_filter/293T-bat_GBEmini-AP-RNF2-All-PD_rep1_hg38.filtered_SMN-7_SCN-10_SMR-0.1_RPN-3_RTN-2.G2A.mpmat         -f G -t A         --SiteMutNum 7         --SiteCoverNum 10         --SiteMutRatio 0.1         --RegionPassNum 3         --RegionToleranceNum 2         --InHeader False         --OutHeader False
        

[Tue Nov 10 14:34:49 2020]
rule mpmat_filter:
    input: ../mpmat/293T-bat_GBEmini-AP-RNF2-All-PD_rep1_hg38.select.G2A.mpmat
    output: ../mpmat_filter/293T-bat_GBEmini-AP-RNF2-All-PD_rep1_hg38.filtered_SMN-7_SCN-5_SMR-0.3_RPN-4_RTN-2.G2A.mpmat
    jobid: 2155
    reason: Missing output files: ../mpmat_filter/293T-bat_GBEmini-AP-RNF2-All-PD_rep1_hg38.filtered_SMN-7_SCN-5_SMR-0.3_RPN-4_RTN-2.G2A.mpmat
    wildcards: sample=GBEmini-AP-RNF2-All-PD, rep=rep1, SMN=7, SCN=5, SMR=0.3, RPN=4, RTN=2, ac=G, bd=A


        /home/zhaohuanan/miniconda3/envs/snakepipes_detect-seq_fastq_bam_plot/bin/python ./program/mpmat-select-V02.py         -i ../mpmat/293T-bat_GBEmini-AP-RNF2-All-PD_rep1_hg38.select.G2A.mpmat -o ../mpmat_filter/293T-bat_GBEmini-AP-RNF2-All-PD_rep1_hg38.filtered_SMN-7_SCN-5_SMR-0.3_RPN-4_RTN-2.G2A.mpmat         -f G -t A         --SiteMutNum 7         --SiteCoverNum 5         --SiteMutRatio 0.3         --RegionPassNum 4         --RegionToleranceNum 2         --InHeader False         --OutHeader False
        

[Tue Nov 10 14:34:49 2020]
rule mpmat_filter:
    input: ../mpmat/293T-bat_GBEmini-AP-RNF2-All-PD_rep1_hg38.select.G2A.mpmat
    output: ../mpmat_filter/293T-bat_GBEmini-AP-RNF2-All-PD_rep1_hg38.filtered_SMN-7_SCN-5_SMR-0.3_RPN-4_RTN-3.G2A.mpmat
    jobid: 2156
    reason: Missing output files: ../mpmat_filter/293T-bat_GBEmini-AP-RNF2-All-PD_rep1_hg38.filtered_SMN-7_SCN-5_SMR-0.3_RPN-4_RTN-3.G2A.mpmat
    wildcards: sample=GBEmini-AP-RNF2-All-PD, rep=rep1, SMN=7, SCN=5, SMR=0.3, RPN=4, RTN=3, ac=G, bd=A


        /home/zhaohuanan/miniconda3/envs/snakepipes_detect-seq_fastq_bam_plot/bin/python ./program/mpmat-select-V02.py         -i ../mpmat/293T-bat_GBEmini-AP-RNF2-All-PD_rep1_hg38.select.G2A.mpmat -o ../mpmat_filter/293T-bat_GBEmini-AP-RNF2-All-PD_rep1_hg38.filtered_SMN-7_SCN-5_SMR-0.3_RPN-4_RTN-3.G2A.mpmat         -f G -t A         --SiteMutNum 7         --SiteCoverNum 5         --SiteMutRatio 0.3         --RegionPassNum 4         --RegionToleranceNum 3         --InHeader False         --OutHeader False
        

[Tue Nov 10 14:34:49 2020]
rule mpmat_filter:
    input: ../mpmat/293T-bat_GBEmini-AP-RNF2-All-PD_rep1_hg38.select.G2A.mpmat
    output: ../mpmat_filter/293T-bat_GBEmini-AP-RNF2-All-PD_rep1_hg38.filtered_SMN-7_SCN-5_SMR-0.3_RPN-4_RTN-5.G2A.mpmat
    jobid: 2157
    reason: Missing output files: ../mpmat_filter/293T-bat_GBEmini-AP-RNF2-All-PD_rep1_hg38.filtered_SMN-7_SCN-5_SMR-0.3_RPN-4_RTN-5.G2A.mpmat
    wildcards: sample=GBEmini-AP-RNF2-All-PD, rep=rep1, SMN=7, SCN=5, SMR=0.3, RPN=4, RTN=5, ac=G, bd=A


        /home/zhaohuanan/miniconda3/envs/snakepipes_detect-seq_fastq_bam_plot/bin/python ./program/mpmat-select-V02.py         -i ../mpmat/293T-bat_GBEmini-AP-RNF2-All-PD_rep1_hg38.select.G2A.mpmat -o ../mpmat_filter/293T-bat_GBEmini-AP-RNF2-All-PD_rep1_hg38.filtered_SMN-7_SCN-5_SMR-0.3_RPN-4_RTN-5.G2A.mpmat         -f G -t A         --SiteMutNum 7         --SiteCoverNum 5         --SiteMutRatio 0.3         --RegionPassNum 4         --RegionToleranceNum 5         --InHeader False         --OutHeader False
        

[Tue Nov 10 14:34:49 2020]
rule mpmat_filter:
    input: ../mpmat/293T-bat_GBEmini-AP-RNF2-All-PD_rep1_hg38.select.G2A.mpmat
    output: ../mpmat_filter/293T-bat_GBEmini-AP-RNF2-All-PD_rep1_hg38.filtered_SMN-7_SCN-5_SMR-0.3_RPN-5_RTN-2.G2A.mpmat
    jobid: 2158
    reason: Missing output files: ../mpmat_filter/293T-bat_GBEmini-AP-RNF2-All-PD_rep1_hg38.filtered_SMN-7_SCN-5_SMR-0.3_RPN-5_RTN-2.G2A.mpmat
    wildcards: sample=GBEmini-AP-RNF2-All-PD, rep=rep1, SMN=7, SCN=5, SMR=0.3, RPN=5, RTN=2, ac=G, bd=A


        /home/zhaohuanan/miniconda3/envs/snakepipes_detect-seq_fastq_bam_plot/bin/python ./program/mpmat-select-V02.py         -i ../mpmat/293T-bat_GBEmini-AP-RNF2-All-PD_rep1_hg38.select.G2A.mpmat -o ../mpmat_filter/293T-bat_GBEmini-AP-RNF2-All-PD_rep1_hg38.filtered_SMN-7_SCN-5_SMR-0.3_RPN-5_RTN-2.G2A.mpmat         -f G -t A         --SiteMutNum 7         --SiteCoverNum 5         --SiteMutRatio 0.3         --RegionPassNum 5         --RegionToleranceNum 2         --InHeader False         --OutHeader False
        

[Tue Nov 10 14:34:49 2020]
rule mpmat_filter:
    input: ../mpmat/293T-bat_GBEmini-AP-RNF2-All-PD_rep1_hg38.select.G2A.mpmat
    output: ../mpmat_filter/293T-bat_GBEmini-AP-RNF2-All-PD_rep1_hg38.filtered_SMN-7_SCN-5_SMR-0.3_RPN-5_RTN-3.G2A.mpmat
    jobid: 2159
    reason: Missing output files: ../mpmat_filter/293T-bat_GBEmini-AP-RNF2-All-PD_rep1_hg38.filtered_SMN-7_SCN-5_SMR-0.3_RPN-5_RTN-3.G2A.mpmat
    wildcards: sample=GBEmini-AP-RNF2-All-PD, rep=rep1, SMN=7, SCN=5, SMR=0.3, RPN=5, RTN=3, ac=G, bd=A


        /home/zhaohuanan/miniconda3/envs/snakepipes_detect-seq_fastq_bam_plot/bin/python ./program/mpmat-select-V02.py         -i ../mpmat/293T-bat_GBEmini-AP-RNF2-All-PD_rep1_hg38.select.G2A.mpmat -o ../mpmat_filter/293T-bat_GBEmini-AP-RNF2-All-PD_rep1_hg38.filtered_SMN-7_SCN-5_SMR-0.3_RPN-5_RTN-3.G2A.mpmat         -f G -t A         --SiteMutNum 7         --SiteCoverNum 5         --SiteMutRatio 0.3         --RegionPassNum 5         --RegionToleranceNum 3         --InHeader False         --OutHeader False
        

[Tue Nov 10 14:34:49 2020]
rule mpmat_filter:
    input: ../mpmat/293T-bat_GBEmini-AP-RNF2-All-PD_rep1_hg38.select.G2A.mpmat
    output: ../mpmat_filter/293T-bat_GBEmini-AP-RNF2-All-PD_rep1_hg38.filtered_SMN-7_SCN-5_SMR-0.3_RPN-5_RTN-5.G2A.mpmat
    jobid: 2160
    reason: Missing output files: ../mpmat_filter/293T-bat_GBEmini-AP-RNF2-All-PD_rep1_hg38.filtered_SMN-7_SCN-5_SMR-0.3_RPN-5_RTN-5.G2A.mpmat
    wildcards: sample=GBEmini-AP-RNF2-All-PD, rep=rep1, SMN=7, SCN=5, SMR=0.3, RPN=5, RTN=5, ac=G, bd=A


        /home/zhaohuanan/miniconda3/envs/snakepipes_detect-seq_fastq_bam_plot/bin/python ./program/mpmat-select-V02.py         -i ../mpmat/293T-bat_GBEmini-AP-RNF2-All-PD_rep1_hg38.select.G2A.mpmat -o ../mpmat_filter/293T-bat_GBEmini-AP-RNF2-All-PD_rep1_hg38.filtered_SMN-7_SCN-5_SMR-0.3_RPN-5_RTN-5.G2A.mpmat         -f G -t A         --SiteMutNum 7         --SiteCoverNum 5         --SiteMutRatio 0.3         --RegionPassNum 5         --RegionToleranceNum 5         --InHeader False         --OutHeader False
        
Terminating processes on user request, this might take some time.
[Tue Nov 10 14:43:00 2020]
Error in rule mpmat_filter:
    jobid: 1917
    output: ../mpmat_filter/293T-bat_GBEmini-AP-RNF2-All-PD_rep1_hg38.filtered_SMN-2_SCN-15_SMR-0.3_RPN-4_RTN-5.G2A.mpmat
    shell:
        
        /home/zhaohuanan/miniconda3/envs/snakepipes_detect-seq_fastq_bam_plot/bin/python ./program/mpmat-select-V02.py         -i ../mpmat/293T-bat_GBEmini-AP-RNF2-All-PD_rep1_hg38.select.G2A.mpmat -o ../mpmat_filter/293T-bat_GBEmini-AP-RNF2-All-PD_rep1_hg38.filtered_SMN-2_SCN-15_SMR-0.3_RPN-4_RTN-5.G2A.mpmat         -f G -t A         --SiteMutNum 2         --SiteCoverNum 15         --SiteMutRatio 0.3         --RegionPassNum 4         --RegionToleranceNum 5         --InHeader False         --OutHeader False
        
        (one of the commands exited with non-zero exit code; note that snakemake uses bash strict mode!)

Removing output files of failed job mpmat_filter since they might be corrupted:
../mpmat_filter/293T-bat_GBEmini-AP-RNF2-All-PD_rep1_hg38.filtered_SMN-2_SCN-15_SMR-0.3_RPN-4_RTN-5.G2A.mpmat
[Tue Nov 10 14:43:00 2020]
[Tue Nov 10 14:43:00 2020]
[Tue Nov 10 14:43:00 2020]
Error in rule mpmat_filter:
Error in rule mpmat_filter:
[Tue Nov 10 14:43:00 2020]
[Tue Nov 10 14:43:00 2020]
[Tue Nov 10 14:43:00 2020]
[Tue Nov 10 14:43:00 2020]
[Tue Nov 10 14:43:00 2020]
[Tue Nov 10 14:43:00 2020]
[Tue Nov 10 14:43:00 2020]
[Tue Nov 10 14:43:00 2020]
Error in rule mpmat_filter:
[Tue Nov 10 14:43:00 2020]
[Tue Nov 10 14:43:00 2020]
    jobid: 2160
    jobid: 1924
[Tue Nov 10 14:43:00 2020]
[Tue Nov 10 14:43:00 2020]
[Tue Nov 10 14:43:00 2020]
Error in rule mpmat_filter:
Error in rule mpmat_filter:
[Tue Nov 10 14:43:00 2020]
[Tue Nov 10 14:43:00 2020]
[Tue Nov 10 14:43:00 2020]
Error in rule mpmat_filter:
[Tue Nov 10 14:43:00 2020]
Error in rule mpmat_filter:
[Tue Nov 10 14:43:00 2020]
[Tue Nov 10 14:43:00 2020]
Error in rule mpmat_filter:
[Tue Nov 10 14:43:00 2020]
[Tue Nov 10 14:43:00 2020]
Error in rule mpmat_filter:
[Tue Nov 10 14:43:00 2020]
[Tue Nov 10 14:43:00 2020]
[Tue Nov 10 14:43:00 2020]
[Tue Nov 10 14:43:00 2020]
[Tue Nov 10 14:43:00 2020]
[Tue Nov 10 14:43:00 2020]
[Tue Nov 10 14:43:00 2020]
Error in rule mpmat_filter:
[Tue Nov 10 14:43:00 2020]
[Tue Nov 10 14:43:00 2020]
[Tue Nov 10 14:43:00 2020]
[Tue Nov 10 14:43:00 2020]
[Tue Nov 10 14:43:00 2020]
[Tue Nov 10 14:43:00 2020]
Error in rule mpmat_filter:
[Tue Nov 10 14:43:00 2020]
[Tue Nov 10 14:43:00 2020]
[Tue Nov 10 14:43:00 2020]
    jobid: 2215
Error in rule mpmat_filter:
Error in rule mpmat_filter:
[Tue Nov 10 14:43:00 2020]
[Tue Nov 10 14:43:00 2020]
[Tue Nov 10 14:43:00 2020]
Error in rule mpmat_filter:
[Tue Nov 10 14:43:00 2020]
    output: ../mpmat_filter/293T-bat_GBEmini-AP-RNF2-All-PD_rep1_hg38.filtered_SMN-7_SCN-5_SMR-0.3_RPN-5_RTN-5.G2A.mpmat
[Tue Nov 10 14:43:00 2020]
[Tue Nov 10 14:43:00 2020]
    output: ../mpmat_filter/293T-bat_GBEmini-AP-RNF2-All-PD_rep1_hg38.filtered_SMN-4_SCN-5_SMR-0.05_RPN-3_RTN-2.G2A.mpmat
Error in rule mpmat_filter:
Error in rule mpmat_filter:
Error in rule mpmat_filter:
    jobid: 2157
    jobid: 1918
Error in rule mpmat_filter:
Error in rule mpmat_filter:
Error in rule mpmat_filter:
    jobid: 2155
Error in rule mpmat_filter:
    jobid: 1919
Error in rule mpmat_filter:
Error in rule mpmat_filter:
    jobid: 1927
Error in rule mpmat_filter:
[Tue Nov 10 14:43:00 2020]
    jobid: 2156
    output: ../mpmat_filter/293T-bat_GBEmini-AP-RNF2-All-PD_rep1_hg38.filtered_SMN-7_SCN-5_SMR-0.3_RPN-4_RTN-3.G2A.mpmat
    shell:
        
        /home/zhaohuanan/miniconda3/envs/snakepipes_detect-seq_fastq_bam_plot/bin/python ./program/mpmat-select-V02.py         -i ../mpmat/293T-bat_GBEmini-AP-RNF2-All-PD_rep1_hg38.select.G2A.mpmat -o ../mpmat_filter/293T-bat_GBEmini-AP-RNF2-All-PD_rep1_hg38.filtered_SMN-7_SCN-5_SMR-0.3_RPN-4_RTN-3.G2A.mpmat         -f G -t A         --SiteMutNum 7         --SiteCoverNum 5         --SiteMutRatio 0.3         --RegionPassNum 4         --RegionToleranceNum 3         --InHeader False         --OutHeader False
        
        (one of the commands exited with non-zero exit code; note that snakemake uses bash strict mode!)
Error in rule mpmat_filter:
Error in rule mpmat_filter:
Error in rule mpmat_filter:
Error in rule mpmat_filter:
Error in rule mpmat_filter:
    jobid: 1758
Error in rule mpmat_filter:
Error in rule mpmat_filter:
Error in rule mpmat_filter:
Error in rule mpmat_filter:
Error in rule mpmat_filter:
Error in rule mpmat_filter:
    jobid: 2222
Error in rule mpmat_filter:
Error in rule mpmat_filter:
Error in rule mpmat_filter:
    output: ../mpmat_filter/293T-bat_GBEmini-AP-RNF2-All-PD_rep1_hg38.filtered_SMN-7_SCN-10_SMR-0.05_RPN-4_RTN-2.G2A.mpmat
    jobid: 1749
    jobid: 1753
    output: ../mpmat_filter/293T-bat_GBEmini-AP-RNF2-All-PD_rep1_hg38.filtered_SMN-2_SCN-5_SMR-0.2_RPN-2_RTN-2.G2A.mpmat
Error in rule mpmat_filter:
Error in rule mpmat_filter:
    jobid: 2159
Error in rule mpmat_filter:
    shell:
        
        /home/zhaohuanan/miniconda3/envs/snakepipes_detect-seq_fastq_bam_plot/bin/python ./program/mpmat-select-V02.py         -i ../mpmat/293T-bat_GBEmini-AP-RNF2-All-PD_rep1_hg38.select.G2A.mpmat -o ../mpmat_filter/293T-bat_GBEmini-AP-RNF2-All-PD_rep1_hg38.filtered_SMN-7_SCN-5_SMR-0.3_RPN-5_RTN-5.G2A.mpmat         -f G -t A         --SiteMutNum 7         --SiteCoverNum 5         --SiteMutRatio 0.3         --RegionPassNum 5         --RegionToleranceNum 5         --InHeader False         --OutHeader False
        
        (one of the commands exited with non-zero exit code; note that snakemake uses bash strict mode!)
Error in rule mpmat_filter:
Error in rule mpmat_filter:
    shell:
        
        /home/zhaohuanan/miniconda3/envs/snakepipes_detect-seq_fastq_bam_plot/bin/python ./program/mpmat-select-V02.py         -i ../mpmat/293T-bat_GBEmini-AP-RNF2-All-PD_rep1_hg38.select.G2A.mpmat -o ../mpmat_filter/293T-bat_GBEmini-AP-RNF2-All-PD_rep1_hg38.filtered_SMN-4_SCN-5_SMR-0.05_RPN-3_RTN-2.G2A.mpmat         -f G -t A         --SiteMutNum 4         --SiteCoverNum 5         --SiteMutRatio 0.05         --RegionPassNum 3         --RegionToleranceNum 2         --InHeader False         --OutHeader False
        
        (one of the commands exited with non-zero exit code; note that snakemake uses bash strict mode!)
    jobid: 1920
    jobid: 2214
    jobid: 2223
    output: ../mpmat_filter/293T-bat_GBEmini-AP-RNF2-All-PD_rep1_hg38.filtered_SMN-7_SCN-5_SMR-0.3_RPN-4_RTN-5.G2A.mpmat
    output: ../mpmat_filter/293T-bat_GBEmini-AP-RNF2-All-PD_rep1_hg38.filtered_SMN-2_SCN-15_SMR-0.3_RPN-5_RTN-2.G2A.mpmat
    jobid: 1757
    jobid: 1925
    jobid: 1754
    output: ../mpmat_filter/293T-bat_GBEmini-AP-RNF2-All-PD_rep1_hg38.filtered_SMN-7_SCN-5_SMR-0.3_RPN-4_RTN-2.G2A.mpmat
    jobid: 2158
    output: ../mpmat_filter/293T-bat_GBEmini-AP-RNF2-All-PD_rep1_hg38.filtered_SMN-2_SCN-15_SMR-0.3_RPN-5_RTN-3.G2A.mpmat
    jobid: 1923
    output: ../mpmat_filter/293T-bat_GBEmini-AP-RNF2-All-PD_rep1_hg38.filtered_SMN-4_SCN-5_SMR-0.05_RPN-4_RTN-2.G2A.mpmat
    shell:
        
        /home/zhaohuanan/miniconda3/envs/snakepipes_detect-seq_fastq_bam_plot/bin/python ./program/mpmat-select-V02.py         -i ../mpmat/293T-bat_GBEmini-AP-RNF2-All-PD_rep1_hg38.select.G2A.mpmat -o ../mpmat_filter/293T-bat_GBEmini-AP-RNF2-All-PD_rep1_hg38.filtered_SMN-4_SCN-5_SMR-0.05_RPN-4_RTN-2.G2A.mpmat         -f G -t A         --SiteMutNum 4         --SiteCoverNum 5         --SiteMutRatio 0.05         --RegionPassNum 4         --RegionToleranceNum 2         --InHeader False         --OutHeader False
        
        (one of the commands exited with non-zero exit code; note that snakemake uses bash strict mode!)
    jobid: 1756
Error in rule mpmat_filter:

Removing output files of failed job mpmat_filter since they might be corrupted:
../mpmat_filter/293T-bat_GBEmini-AP-RNF2-All-PD_rep1_hg38.filtered_SMN-7_SCN-5_SMR-0.3_RPN-4_RTN-3.G2A.mpmat
Error in rule mpmat_filter:
    jobid: 1922
    jobid: 1760
    jobid: 2220
    jobid: 1755
    jobid: 1750
    output: ../mpmat_filter/293T-bat_GBEmini-AP-RNF2-All-PD_rep1_hg38.filtered_SMN-2_SCN-5_SMR-0.2_RPN-3_RTN-5.G2A.mpmat
    jobid: 2218
    jobid: 2212
    jobid: 1759
    jobid: 1929
    jobid: 1928
    jobid: 1752
    output: ../mpmat_filter/293T-bat_GBEmini-AP-RNF2-All-PD_rep1_hg38.filtered_SMN-7_SCN-10_SMR-0.1_RPN-2_RTN-3.G2A.mpmat
    jobid: 1921
    jobid: 2217
    jobid: 1751
    shell:
        
        /home/zhaohuanan/miniconda3/envs/snakepipes_detect-seq_fastq_bam_plot/bin/python ./program/mpmat-select-V02.py         -i ../mpmat/293T-bat_GBEmini-AP-RNF2-All-PD_rep1_hg38.select.G2A.mpmat -o ../mpmat_filter/293T-bat_GBEmini-AP-RNF2-All-PD_rep1_hg38.filtered_SMN-7_SCN-10_SMR-0.05_RPN-4_RTN-2.G2A.mpmat         -f G -t A         --SiteMutNum 7         --SiteCoverNum 10         --SiteMutRatio 0.05         --RegionPassNum 4         --RegionToleranceNum 2         --InHeader False         --OutHeader False
        
        (one of the commands exited with non-zero exit code; note that snakemake uses bash strict mode!)
    output: ../mpmat_filter/293T-bat_GBEmini-AP-RNF2-All-PD_rep1_hg38.filtered_SMN-2_SCN-5_SMR-0.1_RPN-4_RTN-5.G2A.mpmat
Error in rule mpmat_filter:
    jobid: 2216
    jobid: 2219
    jobid: 2213
    output: ../mpmat_filter/293T-bat_GBEmini-AP-RNF2-All-PD_rep1_hg38.filtered_SMN-7_SCN-5_SMR-0.3_RPN-5_RTN-3.G2A.mpmat
    jobid: 1761

    jobid: 2211
    jobid: 2224

    output: ../mpmat_filter/293T-bat_GBEmini-AP-RNF2-All-PD_rep1_hg38.filtered_SMN-2_SCN-15_SMR-0.3_RPN-5_RTN-5.G2A.mpmat
    output: ../mpmat_filter/293T-bat_GBEmini-AP-RNF2-All-PD_rep1_hg38.filtered_SMN-7_SCN-10_SMR-0.05_RPN-3_RTN-5.G2A.mpmat
    output: ../mpmat_filter/293T-bat_GBEmini-AP-RNF2-All-PD_rep1_hg38.filtered_SMN-7_SCN-10_SMR-0.1_RPN-2_RTN-5.G2A.mpmat
    shell:
        
        /home/zhaohuanan/miniconda3/envs/snakepipes_detect-seq_fastq_bam_plot/bin/python ./program/mpmat-select-V02.py         -i ../mpmat/293T-bat_GBEmini-AP-RNF2-All-PD_rep1_hg38.select.G2A.mpmat -o ../mpmat_filter/293T-bat_GBEmini-AP-RNF2-All-PD_rep1_hg38.filtered_SMN-7_SCN-5_SMR-0.3_RPN-4_RTN-5.G2A.mpmat         -f G -t A         --SiteMutNum 7         --SiteCoverNum 5         --SiteMutRatio 0.3         --RegionPassNum 4         --RegionToleranceNum 5         --InHeader False         --OutHeader False
        
        (one of the commands exited with non-zero exit code; note that snakemake uses bash strict mode!)
    shell:
        
        /home/zhaohuanan/miniconda3/envs/snakepipes_detect-seq_fastq_bam_plot/bin/python ./program/mpmat-select-V02.py         -i ../mpmat/293T-bat_GBEmini-AP-RNF2-All-PD_rep1_hg38.select.G2A.mpmat -o ../mpmat_filter/293T-bat_GBEmini-AP-RNF2-All-PD_rep1_hg38.filtered_SMN-2_SCN-15_SMR-0.3_RPN-5_RTN-2.G2A.mpmat         -f G -t A         --SiteMutNum 2         --SiteCoverNum 15         --SiteMutRatio 0.3         --RegionPassNum 5         --RegionToleranceNum 2         --InHeader False         --OutHeader False
        
        (one of the commands exited with non-zero exit code; note that snakemake uses bash strict mode!)
    output: ../mpmat_filter/293T-bat_GBEmini-AP-RNF2-All-PD_rep1_hg38.filtered_SMN-2_SCN-5_SMR-0.2_RPN-3_RTN-3.G2A.mpmat
    output: ../mpmat_filter/293T-bat_GBEmini-AP-RNF2-All-PD_rep1_hg38.filtered_SMN-4_SCN-5_SMR-0.05_RPN-3_RTN-3.G2A.mpmat
    output: ../mpmat_filter/293T-bat_GBEmini-AP-RNF2-All-PD_rep1_hg38.filtered_SMN-2_SCN-5_SMR-0.2_RPN-2_RTN-3.G2A.mpmat
    shell:
        
        /home/zhaohuanan/miniconda3/envs/snakepipes_detect-seq_fastq_bam_plot/bin/python ./program/mpmat-select-V02.py         -i ../mpmat/293T-bat_GBEmini-AP-RNF2-All-PD_rep1_hg38.select.G2A.mpmat -o ../mpmat_filter/293T-bat_GBEmini-AP-RNF2-All-PD_rep1_hg38.filtered_SMN-7_SCN-5_SMR-0.3_RPN-4_RTN-2.G2A.mpmat         -f G -t A         --SiteMutNum 7         --SiteCoverNum 5         --SiteMutRatio 0.3         --RegionPassNum 4         --RegionToleranceNum 2         --InHeader False         --OutHeader False
        
        (one of the commands exited with non-zero exit code; note that snakemake uses bash strict mode!)
    output: ../mpmat_filter/293T-bat_GBEmini-AP-RNF2-All-PD_rep1_hg38.filtered_SMN-7_SCN-5_SMR-0.3_RPN-5_RTN-2.G2A.mpmat
    shell:
        
        /home/zhaohuanan/miniconda3/envs/snakepipes_detect-seq_fastq_bam_plot/bin/python ./program/mpmat-select-V02.py         -i ../mpmat/293T-bat_GBEmini-AP-RNF2-All-PD_rep1_hg38.select.G2A.mpmat -o ../mpmat_filter/293T-bat_GBEmini-AP-RNF2-All-PD_rep1_hg38.filtered_SMN-2_SCN-15_SMR-0.3_RPN-5_RTN-3.G2A.mpmat         -f G -t A         --SiteMutNum 2         --SiteCoverNum 15         --SiteMutRatio 0.3         --RegionPassNum 5         --RegionToleranceNum 3         --InHeader False         --OutHeader False
        
        (one of the commands exited with non-zero exit code; note that snakemake uses bash strict mode!)
    output: ../mpmat_filter/293T-bat_GBEmini-AP-RNF2-All-PD_rep1_hg38.filtered_SMN-4_SCN-5_SMR-0.05_RPN-2_RTN-5.G2A.mpmat

    jobid: 1926
    output: ../mpmat_filter/293T-bat_GBEmini-AP-RNF2-All-PD_rep1_hg38.filtered_SMN-2_SCN-5_SMR-0.2_RPN-3_RTN-2.G2A.mpmat
    jobid: 2221
    jobid: 1762
    output: ../mpmat_filter/293T-bat_GBEmini-AP-RNF2-All-PD_rep1_hg38.filtered_SMN-2_SCN-5_SMR-0.2_RPN-5_RTN-2.G2A.mpmat
    output: ../mpmat_filter/293T-bat_GBEmini-AP-RNF2-All-PD_rep1_hg38.filtered_SMN-4_SCN-5_SMR-0.05_RPN-2_RTN-3.G2A.mpmat
    output: ../mpmat_filter/293T-bat_GBEmini-AP-RNF2-All-PD_rep1_hg38.filtered_SMN-2_SCN-5_SMR-0.2_RPN-4_RTN-3.G2A.mpmat
    output: ../mpmat_filter/293T-bat_GBEmini-AP-RNF2-All-PD_rep1_hg38.filtered_SMN-7_SCN-10_SMR-0.05_RPN-5_RTN-5.G2A.mpmat
    output: ../mpmat_filter/293T-bat_GBEmini-AP-RNF2-All-PD_rep1_hg38.filtered_SMN-2_SCN-5_SMR-0.2_RPN-2_RTN-5.G2A.mpmat
    output: ../mpmat_filter/293T-bat_GBEmini-AP-RNF2-All-PD_rep1_hg38.filtered_SMN-2_SCN-5_SMR-0.1_RPN-5_RTN-2.G2A.mpmat
    shell:
        
        /home/zhaohuanan/miniconda3/envs/snakepipes_detect-seq_fastq_bam_plot/bin/python ./program/mpmat-select-V02.py         -i ../mpmat/293T-bat_GBEmini-AP-RNF2-All-PD_rep1_hg38.select.G2A.mpmat -o ../mpmat_filter/293T-bat_GBEmini-AP-RNF2-All-PD_rep1_hg38.filtered_SMN-2_SCN-5_SMR-0.2_RPN-3_RTN-5.G2A.mpmat         -f G -t A         --SiteMutNum 2         --SiteCoverNum 5         --SiteMutRatio 0.2         --RegionPassNum 3         --RegionToleranceNum 5         --InHeader False         --OutHeader False
        
        (one of the commands exited with non-zero exit code; note that snakemake uses bash strict mode!)
    output: ../mpmat_filter/293T-bat_GBEmini-AP-RNF2-All-PD_rep1_hg38.filtered_SMN-7_SCN-10_SMR-0.05_RPN-5_RTN-2.G2A.mpmat
    shell:
        
        /home/zhaohuanan/miniconda3/envs/snakepipes_detect-seq_fastq_bam_plot/bin/python ./program/mpmat-select-V02.py         -i ../mpmat/293T-bat_GBEmini-AP-RNF2-All-PD_rep1_hg38.select.G2A.mpmat -o ../mpmat_filter/293T-bat_GBEmini-AP-RNF2-All-PD_rep1_hg38.filtered_SMN-7_SCN-10_SMR-0.05_RPN-5_RTN-2.G2A.mpmat         -f G -t A         --SiteMutNum 7         --SiteCoverNum 10         --SiteMutRatio 0.05         --RegionPassNum 5         --RegionToleranceNum 2         --InHeader False         --OutHeader False
        
        (one of the commands exited with non-zero exit code; note that snakemake uses bash strict mode!)
    output: ../mpmat_filter/293T-bat_GBEmini-AP-RNF2-All-PD_rep1_hg38.filtered_SMN-2_SCN-5_SMR-0.2_RPN-4_RTN-2.G2A.mpmat
    output: ../mpmat_filter/293T-bat_GBEmini-AP-RNF2-All-PD_rep1_hg38.filtered_SMN-4_SCN-5_SMR-0.05_RPN-4_RTN-5.G2A.mpmat
    output: ../mpmat_filter/293T-bat_GBEmini-AP-RNF2-All-PD_rep1_hg38.filtered_SMN-4_SCN-5_SMR-0.05_RPN-4_RTN-3.G2A.mpmat
    output: ../mpmat_filter/293T-bat_GBEmini-AP-RNF2-All-PD_rep1_hg38.filtered_SMN-2_SCN-5_SMR-0.1_RPN-5_RTN-5.G2A.mpmat
    shell:
        
        /home/zhaohuanan/miniconda3/envs/snakepipes_detect-seq_fastq_bam_plot/bin/python ./program/mpmat-select-V02.py         -i ../mpmat/293T-bat_GBEmini-AP-RNF2-All-PD_rep1_hg38.select.G2A.mpmat -o ../mpmat_filter/293T-bat_GBEmini-AP-RNF2-All-PD_rep1_hg38.filtered_SMN-7_SCN-10_SMR-0.1_RPN-2_RTN-3.G2A.mpmat         -f G -t A         --SiteMutNum 7         --SiteCoverNum 10         --SiteMutRatio 0.1         --RegionPassNum 2         --RegionToleranceNum 3         --InHeader False         --OutHeader False
        
        (one of the commands exited with non-zero exit code; note that snakemake uses bash strict mode!)
    output: ../mpmat_filter/293T-bat_GBEmini-AP-RNF2-All-PD_rep1_hg38.filtered_SMN-4_SCN-5_SMR-0.05_RPN-2_RTN-2.G2A.mpmat
    output: ../mpmat_filter/293T-bat_GBEmini-AP-RNF2-All-PD_rep1_hg38.filtered_SMN-7_SCN-10_SMR-0.05_RPN-4_RTN-5.G2A.mpmat
    output: ../mpmat_filter/293T-bat_GBEmini-AP-RNF2-All-PD_rep1_hg38.filtered_SMN-2_SCN-5_SMR-0.1_RPN-5_RTN-3.G2A.mpmat

    shell:
        
        /home/zhaohuanan/miniconda3/envs/snakepipes_detect-seq_fastq_bam_plot/bin/python ./program/mpmat-select-V02.py         -i ../mpmat/293T-bat_GBEmini-AP-RNF2-All-PD_rep1_hg38.select.G2A.mpmat -o ../mpmat_filter/293T-bat_GBEmini-AP-RNF2-All-PD_rep1_hg38.filtered_SMN-2_SCN-5_SMR-0.1_RPN-4_RTN-5.G2A.mpmat         -f G -t A         --SiteMutNum 2         --SiteCoverNum 5         --SiteMutRatio 0.1         --RegionPassNum 4         --RegionToleranceNum 5         --InHeader False         --OutHeader False
        
        (one of the commands exited with non-zero exit code; note that snakemake uses bash strict mode!)
    output: ../mpmat_filter/293T-bat_GBEmini-AP-RNF2-All-PD_rep1_hg38.filtered_SMN-7_SCN-10_SMR-0.05_RPN-4_RTN-3.G2A.mpmat
    shell:
        
        /home/zhaohuanan/miniconda3/envs/snakepipes_detect-seq_fastq_bam_plot/bin/python ./program/mpmat-select-V02.py         -i ../mpmat/293T-bat_GBEmini-AP-RNF2-All-PD_rep1_hg38.select.G2A.mpmat -o ../mpmat_filter/293T-bat_GBEmini-AP-RNF2-All-PD_rep1_hg38.filtered_SMN-7_SCN-10_SMR-0.05_RPN-4_RTN-3.G2A.mpmat         -f G -t A         --SiteMutNum 7         --SiteCoverNum 10         --SiteMutRatio 0.05         --RegionPassNum 4         --RegionToleranceNum 3         --InHeader False         --OutHeader False
        
        (one of the commands exited with non-zero exit code; note that snakemake uses bash strict mode!)
    output: ../mpmat_filter/293T-bat_GBEmini-AP-RNF2-All-PD_rep1_hg38.filtered_SMN-7_SCN-10_SMR-0.05_RPN-5_RTN-3.G2A.mpmat
    output: ../mpmat_filter/293T-bat_GBEmini-AP-RNF2-All-PD_rep1_hg38.filtered_SMN-7_SCN-10_SMR-0.05_RPN-3_RTN-3.G2A.mpmat
    shell:
        
        /home/zhaohuanan/miniconda3/envs/snakepipes_detect-seq_fastq_bam_plot/bin/python ./program/mpmat-select-V02.py         -i ../mpmat/293T-bat_GBEmini-AP-RNF2-All-PD_rep1_hg38.select.G2A.mpmat -o ../mpmat_filter/293T-bat_GBEmini-AP-RNF2-All-PD_rep1_hg38.filtered_SMN-7_SCN-5_SMR-0.3_RPN-5_RTN-3.G2A.mpmat         -f G -t A         --SiteMutNum 7         --SiteCoverNum 5         --SiteMutRatio 0.3         --RegionPassNum 5         --RegionToleranceNum 3         --InHeader False         --OutHeader False
        
        (one of the commands exited with non-zero exit code; note that snakemake uses bash strict mode!)
    output: ../mpmat_filter/293T-bat_GBEmini-AP-RNF2-All-PD_rep1_hg38.filtered_SMN-2_SCN-5_SMR-0.2_RPN-4_RTN-5.G2A.mpmat
    output: ../mpmat_filter/293T-bat_GBEmini-AP-RNF2-All-PD_rep1_hg38.filtered_SMN-7_SCN-10_SMR-0.05_RPN-2_RTN-5.G2A.mpmat
Removing output files of failed job mpmat_filter since they might be corrupted:
../mpmat_filter/293T-bat_GBEmini-AP-RNF2-All-PD_rep1_hg38.filtered_SMN-7_SCN-5_SMR-0.3_RPN-5_RTN-5.G2A.mpmat
    output: ../mpmat_filter/293T-bat_GBEmini-AP-RNF2-All-PD_rep1_hg38.filtered_SMN-7_SCN-10_SMR-0.1_RPN-3_RTN-2.G2A.mpmat
    shell:
        
        /home/zhaohuanan/miniconda3/envs/snakepipes_detect-seq_fastq_bam_plot/bin/python ./program/mpmat-select-V02.py         -i ../mpmat/293T-bat_GBEmini-AP-RNF2-All-PD_rep1_hg38.select.G2A.mpmat -o ../mpmat_filter/293T-bat_GBEmini-AP-RNF2-All-PD_rep1_hg38.filtered_SMN-2_SCN-15_SMR-0.3_RPN-5_RTN-5.G2A.mpmat         -f G -t A         --SiteMutNum 2         --SiteCoverNum 15         --SiteMutRatio 0.3         --RegionPassNum 5         --RegionToleranceNum 5         --InHeader False         --OutHeader False
        
        (one of the commands exited with non-zero exit code; note that snakemake uses bash strict mode!)
    shell:
        
        /home/zhaohuanan/miniconda3/envs/snakepipes_detect-seq_fastq_bam_plot/bin/python ./program/mpmat-select-V02.py         -i ../mpmat/293T-bat_GBEmini-AP-RNF2-All-PD_rep1_hg38.select.G2A.mpmat -o ../mpmat_filter/293T-bat_GBEmini-AP-RNF2-All-PD_rep1_hg38.filtered_SMN-7_SCN-10_SMR-0.05_RPN-3_RTN-5.G2A.mpmat         -f G -t A         --SiteMutNum 7         --SiteCoverNum 10         --SiteMutRatio 0.05         --RegionPassNum 3         --RegionToleranceNum 5         --InHeader False         --OutHeader False
        
        (one of the commands exited with non-zero exit code; note that snakemake uses bash strict mode!)
    shell:
        
        /home/zhaohuanan/miniconda3/envs/snakepipes_detect-seq_fastq_bam_plot/bin/python ./program/mpmat-select-V02.py         -i ../mpmat/293T-bat_GBEmini-AP-RNF2-All-PD_rep1_hg38.select.G2A.mpmat -o ../mpmat_filter/293T-bat_GBEmini-AP-RNF2-All-PD_rep1_hg38.filtered_SMN-7_SCN-10_SMR-0.1_RPN-2_RTN-5.G2A.mpmat         -f G -t A         --SiteMutNum 7         --SiteCoverNum 10         --SiteMutRatio 0.1         --RegionPassNum 2         --RegionToleranceNum 5         --InHeader False         --OutHeader False
        
        (one of the commands exited with non-zero exit code; note that snakemake uses bash strict mode!)


    shell:
        
        /home/zhaohuanan/miniconda3/envs/snakepipes_detect-seq_fastq_bam_plot/bin/python ./program/mpmat-select-V02.py         -i ../mpmat/293T-bat_GBEmini-AP-RNF2-All-PD_rep1_hg38.select.G2A.mpmat -o ../mpmat_filter/293T-bat_GBEmini-AP-RNF2-All-PD_rep1_hg38.filtered_SMN-2_SCN-5_SMR-0.2_RPN-3_RTN-3.G2A.mpmat         -f G -t A         --SiteMutNum 2         --SiteCoverNum 5         --SiteMutRatio 0.2         --RegionPassNum 3         --RegionToleranceNum 3         --InHeader False         --OutHeader False
        
        (one of the commands exited with non-zero exit code; note that snakemake uses bash strict mode!)
    shell:
        
        /home/zhaohuanan/miniconda3/envs/snakepipes_detect-seq_fastq_bam_plot/bin/python ./program/mpmat-select-V02.py         -i ../mpmat/293T-bat_GBEmini-AP-RNF2-All-PD_rep1_hg38.select.G2A.mpmat -o ../mpmat_filter/293T-bat_GBEmini-AP-RNF2-All-PD_rep1_hg38.filtered_SMN-4_SCN-5_SMR-0.05_RPN-3_RTN-3.G2A.mpmat         -f G -t A         --SiteMutNum 4         --SiteCoverNum 5         --SiteMutRatio 0.05         --RegionPassNum 3         --RegionToleranceNum 3         --InHeader False         --OutHeader False
        
        (one of the commands exited with non-zero exit code; note that snakemake uses bash strict mode!)
    shell:
        
        /home/zhaohuanan/miniconda3/envs/snakepipes_detect-seq_fastq_bam_plot/bin/python ./program/mpmat-select-V02.py         -i ../mpmat/293T-bat_GBEmini-AP-RNF2-All-PD_rep1_hg38.select.G2A.mpmat -o ../mpmat_filter/293T-bat_GBEmini-AP-RNF2-All-PD_rep1_hg38.filtered_SMN-2_SCN-5_SMR-0.2_RPN-2_RTN-3.G2A.mpmat         -f G -t A         --SiteMutNum 2         --SiteCoverNum 5         --SiteMutRatio 0.2         --RegionPassNum 2         --RegionToleranceNum 3         --InHeader False         --OutHeader False
        
        (one of the commands exited with non-zero exit code; note that snakemake uses bash strict mode!)

    shell:
        
        /home/zhaohuanan/miniconda3/envs/snakepipes_detect-seq_fastq_bam_plot/bin/python ./program/mpmat-select-V02.py         -i ../mpmat/293T-bat_GBEmini-AP-RNF2-All-PD_rep1_hg38.select.G2A.mpmat -o ../mpmat_filter/293T-bat_GBEmini-AP-RNF2-All-PD_rep1_hg38.filtered_SMN-7_SCN-5_SMR-0.3_RPN-5_RTN-2.G2A.mpmat         -f G -t A         --SiteMutNum 7         --SiteCoverNum 5         --SiteMutRatio 0.3         --RegionPassNum 5         --RegionToleranceNum 2         --InHeader False         --OutHeader False
        
        (one of the commands exited with non-zero exit code; note that snakemake uses bash strict mode!)

    shell:
        
        /home/zhaohuanan/miniconda3/envs/snakepipes_detect-seq_fastq_bam_plot/bin/python ./program/mpmat-select-V02.py         -i ../mpmat/293T-bat_GBEmini-AP-RNF2-All-PD_rep1_hg38.select.G2A.mpmat -o ../mpmat_filter/293T-bat_GBEmini-AP-RNF2-All-PD_rep1_hg38.filtered_SMN-4_SCN-5_SMR-0.05_RPN-2_RTN-5.G2A.mpmat         -f G -t A         --SiteMutNum 4         --SiteCoverNum 5         --SiteMutRatio 0.05         --RegionPassNum 2         --RegionToleranceNum 5         --InHeader False         --OutHeader False
        
        (one of the commands exited with non-zero exit code; note that snakemake uses bash strict mode!)
    output: ../mpmat_filter/293T-bat_GBEmini-AP-RNF2-All-PD_rep1_hg38.filtered_SMN-4_SCN-5_SMR-0.05_RPN-3_RTN-5.G2A.mpmat
    shell:
        
        /home/zhaohuanan/miniconda3/envs/snakepipes_detect-seq_fastq_bam_plot/bin/python ./program/mpmat-select-V02.py         -i ../mpmat/293T-bat_GBEmini-AP-RNF2-All-PD_rep1_hg38.select.G2A.mpmat -o ../mpmat_filter/293T-bat_GBEmini-AP-RNF2-All-PD_rep1_hg38.filtered_SMN-2_SCN-5_SMR-0.2_RPN-3_RTN-2.G2A.mpmat         -f G -t A         --SiteMutNum 2         --SiteCoverNum 5         --SiteMutRatio 0.2         --RegionPassNum 3         --RegionToleranceNum 2         --InHeader False         --OutHeader False
        
        (one of the commands exited with non-zero exit code; note that snakemake uses bash strict mode!)
    output: ../mpmat_filter/293T-bat_GBEmini-AP-RNF2-All-PD_rep1_hg38.filtered_SMN-7_SCN-10_SMR-0.1_RPN-2_RTN-2.G2A.mpmat
Error in rule mpmat_filter:
    jobid: 1930
    shell:
        
        /home/zhaohuanan/miniconda3/envs/snakepipes_detect-seq_fastq_bam_plot/bin/python ./program/mpmat-select-V02.py         -i ../mpmat/293T-bat_GBEmini-AP-RNF2-All-PD_rep1_hg38.select.G2A.mpmat -o ../mpmat_filter/293T-bat_GBEmini-AP-RNF2-All-PD_rep1_hg38.filtered_SMN-4_SCN-5_SMR-0.05_RPN-2_RTN-3.G2A.mpmat         -f G -t A         --SiteMutNum 4         --SiteCoverNum 5         --SiteMutRatio 0.05         --RegionPassNum 2         --RegionToleranceNum 3         --InHeader False         --OutHeader False
        
        (one of the commands exited with non-zero exit code; note that snakemake uses bash strict mode!)
    shell:
        
        /home/zhaohuanan/miniconda3/envs/snakepipes_detect-seq_fastq_bam_plot/bin/python ./program/mpmat-select-V02.py         -i ../mpmat/293T-bat_GBEmini-AP-RNF2-All-PD_rep1_hg38.select.G2A.mpmat -o ../mpmat_filter/293T-bat_GBEmini-AP-RNF2-All-PD_rep1_hg38.filtered_SMN-2_SCN-5_SMR-0.2_RPN-4_RTN-3.G2A.mpmat         -f G -t A         --SiteMutNum 2         --SiteCoverNum 5         --SiteMutRatio 0.2         --RegionPassNum 4         --RegionToleranceNum 3         --InHeader False         --OutHeader False
        
        (one of the commands exited with non-zero exit code; note that snakemake uses bash strict mode!)
    shell:
        
        /home/zhaohuanan/miniconda3/envs/snakepipes_detect-seq_fastq_bam_plot/bin/python ./program/mpmat-select-V02.py         -i ../mpmat/293T-bat_GBEmini-AP-RNF2-All-PD_rep1_hg38.select.G2A.mpmat -o ../mpmat_filter/293T-bat_GBEmini-AP-RNF2-All-PD_rep1_hg38.filtered_SMN-7_SCN-10_SMR-0.05_RPN-5_RTN-5.G2A.mpmat         -f G -t A         --SiteMutNum 7         --SiteCoverNum 10         --SiteMutRatio 0.05         --RegionPassNum 5         --RegionToleranceNum 5         --InHeader False         --OutHeader False
        
        (one of the commands exited with non-zero exit code; note that snakemake uses bash strict mode!)
    shell:
        
        /home/zhaohuanan/miniconda3/envs/snakepipes_detect-seq_fastq_bam_plot/bin/python ./program/mpmat-select-V02.py         -i ../mpmat/293T-bat_GBEmini-AP-RNF2-All-PD_rep1_hg38.select.G2A.mpmat -o ../mpmat_filter/293T-bat_GBEmini-AP-RNF2-All-PD_rep1_hg38.filtered_SMN-2_SCN-5_SMR-0.2_RPN-2_RTN-5.G2A.mpmat         -f G -t A         --SiteMutNum 2         --SiteCoverNum 5         --SiteMutRatio 0.2         --RegionPassNum 2         --RegionToleranceNum 5         --InHeader False         --OutHeader False
        
        (one of the commands exited with non-zero exit code; note that snakemake uses bash strict mode!)
    shell:
        
        /home/zhaohuanan/miniconda3/envs/snakepipes_detect-seq_fastq_bam_plot/bin/python ./program/mpmat-select-V02.py         -i ../mpmat/293T-bat_GBEmini-AP-RNF2-All-PD_rep1_hg38.select.G2A.mpmat -o ../mpmat_filter/293T-bat_GBEmini-AP-RNF2-All-PD_rep1_hg38.filtered_SMN-2_SCN-5_SMR-0.1_RPN-5_RTN-2.G2A.mpmat         -f G -t A         --SiteMutNum 2         --SiteCoverNum 5         --SiteMutRatio 0.1         --RegionPassNum 5         --RegionToleranceNum 2         --InHeader False         --OutHeader False
        
        (one of the commands exited with non-zero exit code; note that snakemake uses bash strict mode!)


    output: ../mpmat_filter/293T-bat_GBEmini-AP-RNF2-All-PD_rep1_hg38.filtered_SMN-7_SCN-10_SMR-0.05_RPN-3_RTN-2.G2A.mpmat
    shell:
        
        /home/zhaohuanan/miniconda3/envs/snakepipes_detect-seq_fastq_bam_plot/bin/python ./program/mpmat-select-V02.py         -i ../mpmat/293T-bat_GBEmini-AP-RNF2-All-PD_rep1_hg38.select.G2A.mpmat -o ../mpmat_filter/293T-bat_GBEmini-AP-RNF2-All-PD_rep1_hg38.filtered_SMN-2_SCN-5_SMR-0.2_RPN-4_RTN-2.G2A.mpmat         -f G -t A         --SiteMutNum 2         --SiteCoverNum 5         --SiteMutRatio 0.2         --RegionPassNum 4         --RegionToleranceNum 2         --InHeader False         --OutHeader False
        
        (one of the commands exited with non-zero exit code; note that snakemake uses bash strict mode!)
    shell:
        
        /home/zhaohuanan/miniconda3/envs/snakepipes_detect-seq_fastq_bam_plot/bin/python ./program/mpmat-select-V02.py         -i ../mpmat/293T-bat_GBEmini-AP-RNF2-All-PD_rep1_hg38.select.G2A.mpmat -o ../mpmat_filter/293T-bat_GBEmini-AP-RNF2-All-PD_rep1_hg38.filtered_SMN-4_SCN-5_SMR-0.05_RPN-4_RTN-5.G2A.mpmat         -f G -t A         --SiteMutNum 4         --SiteCoverNum 5         --SiteMutRatio 0.05         --RegionPassNum 4         --RegionToleranceNum 5         --InHeader False         --OutHeader False
        
        (one of the commands exited with non-zero exit code; note that snakemake uses bash strict mode!)
    shell:
        
        /home/zhaohuanan/miniconda3/envs/snakepipes_detect-seq_fastq_bam_plot/bin/python ./program/mpmat-select-V02.py         -i ../mpmat/293T-bat_GBEmini-AP-RNF2-All-PD_rep1_hg38.select.G2A.mpmat -o ../mpmat_filter/293T-bat_GBEmini-AP-RNF2-All-PD_rep1_hg38.filtered_SMN-4_SCN-5_SMR-0.05_RPN-4_RTN-3.G2A.mpmat         -f G -t A         --SiteMutNum 4         --SiteCoverNum 5         --SiteMutRatio 0.05         --RegionPassNum 4         --RegionToleranceNum 3         --InHeader False         --OutHeader False
        
        (one of the commands exited with non-zero exit code; note that snakemake uses bash strict mode!)
    shell:
        
        /home/zhaohuanan/miniconda3/envs/snakepipes_detect-seq_fastq_bam_plot/bin/python ./program/mpmat-select-V02.py         -i ../mpmat/293T-bat_GBEmini-AP-RNF2-All-PD_rep1_hg38.select.G2A.mpmat -o ../mpmat_filter/293T-bat_GBEmini-AP-RNF2-All-PD_rep1_hg38.filtered_SMN-2_SCN-5_SMR-0.1_RPN-5_RTN-5.G2A.mpmat         -f G -t A         --SiteMutNum 2         --SiteCoverNum 5         --SiteMutRatio 0.1         --RegionPassNum 5         --RegionToleranceNum 5         --InHeader False         --OutHeader False
        
        (one of the commands exited with non-zero exit code; note that snakemake uses bash strict mode!)

    shell:
        
        /home/zhaohuanan/miniconda3/envs/snakepipes_detect-seq_fastq_bam_plot/bin/python ./program/mpmat-select-V02.py         -i ../mpmat/293T-bat_GBEmini-AP-RNF2-All-PD_rep1_hg38.select.G2A.mpmat -o ../mpmat_filter/293T-bat_GBEmini-AP-RNF2-All-PD_rep1_hg38.filtered_SMN-4_SCN-5_SMR-0.05_RPN-2_RTN-2.G2A.mpmat         -f G -t A         --SiteMutNum 4         --SiteCoverNum 5         --SiteMutRatio 0.05         --RegionPassNum 2         --RegionToleranceNum 2         --InHeader False         --OutHeader False
        
        (one of the commands exited with non-zero exit code; note that snakemake uses bash strict mode!)
    shell:
        
        /home/zhaohuanan/miniconda3/envs/snakepipes_detect-seq_fastq_bam_plot/bin/python ./program/mpmat-select-V02.py         -i ../mpmat/293T-bat_GBEmini-AP-RNF2-All-PD_rep1_hg38.select.G2A.mpmat -o ../mpmat_filter/293T-bat_GBEmini-AP-RNF2-All-PD_rep1_hg38.filtered_SMN-7_SCN-10_SMR-0.05_RPN-4_RTN-5.G2A.mpmat         -f G -t A         --SiteMutNum 7         --SiteCoverNum 10         --SiteMutRatio 0.05         --RegionPassNum 4         --RegionToleranceNum 5         --InHeader False         --OutHeader False
        
        (one of the commands exited with non-zero exit code; note that snakemake uses bash strict mode!)
    shell:
        
        /home/zhaohuanan/miniconda3/envs/snakepipes_detect-seq_fastq_bam_plot/bin/python ./program/mpmat-select-V02.py         -i ../mpmat/293T-bat_GBEmini-AP-RNF2-All-PD_rep1_hg38.select.G2A.mpmat -o ../mpmat_filter/293T-bat_GBEmini-AP-RNF2-All-PD_rep1_hg38.filtered_SMN-2_SCN-5_SMR-0.1_RPN-5_RTN-3.G2A.mpmat         -f G -t A         --SiteMutNum 2         --SiteCoverNum 5         --SiteMutRatio 0.1         --RegionPassNum 5         --RegionToleranceNum 3         --InHeader False         --OutHeader False
        
        (one of the commands exited with non-zero exit code; note that snakemake uses bash strict mode!)


    shell:
        
        /home/zhaohuanan/miniconda3/envs/snakepipes_detect-seq_fastq_bam_plot/bin/python ./program/mpmat-select-V02.py         -i ../mpmat/293T-bat_GBEmini-AP-RNF2-All-PD_rep1_hg38.select.G2A.mpmat -o ../mpmat_filter/293T-bat_GBEmini-AP-RNF2-All-PD_rep1_hg38.filtered_SMN-2_SCN-5_SMR-0.2_RPN-2_RTN-2.G2A.mpmat         -f G -t A         --SiteMutNum 2         --SiteCoverNum 5         --SiteMutRatio 0.2         --RegionPassNum 2         --RegionToleranceNum 2         --InHeader False         --OutHeader False
        
        (one of the commands exited with non-zero exit code; note that snakemake uses bash strict mode!)
    shell:
        
        /home/zhaohuanan/miniconda3/envs/snakepipes_detect-seq_fastq_bam_plot/bin/python ./program/mpmat-select-V02.py         -i ../mpmat/293T-bat_GBEmini-AP-RNF2-All-PD_rep1_hg38.select.G2A.mpmat -o ../mpmat_filter/293T-bat_GBEmini-AP-RNF2-All-PD_rep1_hg38.filtered_SMN-7_SCN-10_SMR-0.05_RPN-5_RTN-3.G2A.mpmat         -f G -t A         --SiteMutNum 7         --SiteCoverNum 10         --SiteMutRatio 0.05         --RegionPassNum 5         --RegionToleranceNum 3         --InHeader False         --OutHeader False
        
        (one of the commands exited with non-zero exit code; note that snakemake uses bash strict mode!)
    shell:
        
        /home/zhaohuanan/miniconda3/envs/snakepipes_detect-seq_fastq_bam_plot/bin/python ./program/mpmat-select-V02.py         -i ../mpmat/293T-bat_GBEmini-AP-RNF2-All-PD_rep1_hg38.select.G2A.mpmat -o ../mpmat_filter/293T-bat_GBEmini-AP-RNF2-All-PD_rep1_hg38.filtered_SMN-7_SCN-10_SMR-0.05_RPN-3_RTN-3.G2A.mpmat         -f G -t A         --SiteMutNum 7         --SiteCoverNum 10         --SiteMutRatio 0.05         --RegionPassNum 3         --RegionToleranceNum 3         --InHeader False         --OutHeader False
        
        (one of the commands exited with non-zero exit code; note that snakemake uses bash strict mode!)

    shell:
        
        /home/zhaohuanan/miniconda3/envs/snakepipes_detect-seq_fastq_bam_plot/bin/python ./program/mpmat-select-V02.py         -i ../mpmat/293T-bat_GBEmini-AP-RNF2-All-PD_rep1_hg38.select.G2A.mpmat -o ../mpmat_filter/293T-bat_GBEmini-AP-RNF2-All-PD_rep1_hg38.filtered_SMN-2_SCN-5_SMR-0.2_RPN-4_RTN-5.G2A.mpmat         -f G -t A         --SiteMutNum 2         --SiteCoverNum 5         --SiteMutRatio 0.2         --RegionPassNum 4         --RegionToleranceNum 5         --InHeader False         --OutHeader False
        
        (one of the commands exited with non-zero exit code; note that snakemake uses bash strict mode!)
    shell:
        
        /home/zhaohuanan/miniconda3/envs/snakepipes_detect-seq_fastq_bam_plot/bin/python ./program/mpmat-select-V02.py         -i ../mpmat/293T-bat_GBEmini-AP-RNF2-All-PD_rep1_hg38.select.G2A.mpmat -o ../mpmat_filter/293T-bat_GBEmini-AP-RNF2-All-PD_rep1_hg38.filtered_SMN-7_SCN-10_SMR-0.05_RPN-2_RTN-5.G2A.mpmat         -f G -t A         --SiteMutNum 7         --SiteCoverNum 10         --SiteMutRatio 0.05         --RegionPassNum 2         --RegionToleranceNum 5         --InHeader False         --OutHeader False
        
        (one of the commands exited with non-zero exit code; note that snakemake uses bash strict mode!)
    shell:
        
        /home/zhaohuanan/miniconda3/envs/snakepipes_detect-seq_fastq_bam_plot/bin/python ./program/mpmat-select-V02.py         -i ../mpmat/293T-bat_GBEmini-AP-RNF2-All-PD_rep1_hg38.select.G2A.mpmat -o ../mpmat_filter/293T-bat_GBEmini-AP-RNF2-All-PD_rep1_hg38.filtered_SMN-7_SCN-10_SMR-0.1_RPN-3_RTN-2.G2A.mpmat         -f G -t A         --SiteMutNum 7         --SiteCoverNum 10         --SiteMutRatio 0.1         --RegionPassNum 3         --RegionToleranceNum 2         --InHeader False         --OutHeader False
        
        (one of the commands exited with non-zero exit code; note that snakemake uses bash strict mode!)







Removing output files of failed job mpmat_filter since they might be corrupted:
../mpmat_filter/293T-bat_GBEmini-AP-RNF2-All-PD_rep1_hg38.filtered_SMN-4_SCN-5_SMR-0.05_RPN-3_RTN-2.G2A.mpmat

    shell:
        
        /home/zhaohuanan/miniconda3/envs/snakepipes_detect-seq_fastq_bam_plot/bin/python ./program/mpmat-select-V02.py         -i ../mpmat/293T-bat_GBEmini-AP-RNF2-All-PD_rep1_hg38.select.G2A.mpmat -o ../mpmat_filter/293T-bat_GBEmini-AP-RNF2-All-PD_rep1_hg38.filtered_SMN-4_SCN-5_SMR-0.05_RPN-3_RTN-5.G2A.mpmat         -f G -t A         --SiteMutNum 4         --SiteCoverNum 5         --SiteMutRatio 0.05         --RegionPassNum 3         --RegionToleranceNum 5         --InHeader False         --OutHeader False
        
        (one of the commands exited with non-zero exit code; note that snakemake uses bash strict mode!)

    shell:
        
        /home/zhaohuanan/miniconda3/envs/snakepipes_detect-seq_fastq_bam_plot/bin/python ./program/mpmat-select-V02.py         -i ../mpmat/293T-bat_GBEmini-AP-RNF2-All-PD_rep1_hg38.select.G2A.mpmat -o ../mpmat_filter/293T-bat_GBEmini-AP-RNF2-All-PD_rep1_hg38.filtered_SMN-7_SCN-10_SMR-0.1_RPN-2_RTN-2.G2A.mpmat         -f G -t A         --SiteMutNum 7         --SiteCoverNum 10         --SiteMutRatio 0.1         --RegionPassNum 2         --RegionToleranceNum 2         --InHeader False         --OutHeader False
        
        (one of the commands exited with non-zero exit code; note that snakemake uses bash strict mode!)
    output: ../mpmat_filter/293T-bat_GBEmini-AP-RNF2-All-PD_rep1_hg38.filtered_SMN-4_SCN-5_SMR-0.05_RPN-5_RTN-2.G2A.mpmat
    shell:
        
        /home/zhaohuanan/miniconda3/envs/snakepipes_detect-seq_fastq_bam_plot/bin/python ./program/mpmat-select-V02.py         -i ../mpmat/293T-bat_GBEmini-AP-RNF2-All-PD_rep1_hg38.select.G2A.mpmat -o ../mpmat_filter/293T-bat_GBEmini-AP-RNF2-All-PD_rep1_hg38.filtered_SMN-4_SCN-5_SMR-0.05_RPN-5_RTN-2.G2A.mpmat         -f G -t A         --SiteMutNum 4         --SiteCoverNum 5         --SiteMutRatio 0.05         --RegionPassNum 5         --RegionToleranceNum 2         --InHeader False         --OutHeader False
        
        (one of the commands exited with non-zero exit code; note that snakemake uses bash strict mode!)





    shell:
        
        /home/zhaohuanan/miniconda3/envs/snakepipes_detect-seq_fastq_bam_plot/bin/python ./program/mpmat-select-V02.py         -i ../mpmat/293T-bat_GBEmini-AP-RNF2-All-PD_rep1_hg38.select.G2A.mpmat -o ../mpmat_filter/293T-bat_GBEmini-AP-RNF2-All-PD_rep1_hg38.filtered_SMN-7_SCN-10_SMR-0.05_RPN-3_RTN-2.G2A.mpmat         -f G -t A         --SiteMutNum 7         --SiteCoverNum 10         --SiteMutRatio 0.05         --RegionPassNum 3         --RegionToleranceNum 2         --InHeader False         --OutHeader False
        
        (one of the commands exited with non-zero exit code; note that snakemake uses bash strict mode!)
















    shell:
        
        /home/zhaohuanan/miniconda3/envs/snakepipes_detect-seq_fastq_bam_plot/bin/python ./program/mpmat-select-V02.py         -i ../mpmat/293T-bat_GBEmini-AP-RNF2-All-PD_rep1_hg38.select.G2A.mpmat -o ../mpmat_filter/293T-bat_GBEmini-AP-RNF2-All-PD_rep1_hg38.filtered_SMN-2_SCN-5_SMR-0.2_RPN-5_RTN-2.G2A.mpmat         -f G -t A         --SiteMutNum 2         --SiteCoverNum 5         --SiteMutRatio 0.2         --RegionPassNum 5         --RegionToleranceNum 2         --InHeader False         --OutHeader False
        
        (one of the commands exited with non-zero exit code; note that snakemake uses bash strict mode!)

Removing output files of failed job mpmat_filter since they might be corrupted:
../mpmat_filter/293T-bat_GBEmini-AP-RNF2-All-PD_rep1_hg38.filtered_SMN-4_SCN-5_SMR-0.05_RPN-4_RTN-2.G2A.mpmat

Removing output files of failed job mpmat_filter since they might be corrupted:
../mpmat_filter/293T-bat_GBEmini-AP-RNF2-All-PD_rep1_hg38.filtered_SMN-7_SCN-10_SMR-0.05_RPN-4_RTN-2.G2A.mpmat
Removing output files of failed job mpmat_filter since they might be corrupted:
../mpmat_filter/293T-bat_GBEmini-AP-RNF2-All-PD_rep1_hg38.filtered_SMN-7_SCN-5_SMR-0.3_RPN-4_RTN-5.G2A.mpmat
Removing output files of failed job mpmat_filter since they might be corrupted:
../mpmat_filter/293T-bat_GBEmini-AP-RNF2-All-PD_rep1_hg38.filtered_SMN-2_SCN-15_SMR-0.3_RPN-5_RTN-2.G2A.mpmat
Removing output files of failed job mpmat_filter since they might be corrupted:
../mpmat_filter/293T-bat_GBEmini-AP-RNF2-All-PD_rep1_hg38.filtered_SMN-7_SCN-5_SMR-0.3_RPN-4_RTN-2.G2A.mpmat
Removing output files of failed job mpmat_filter since they might be corrupted:
../mpmat_filter/293T-bat_GBEmini-AP-RNF2-All-PD_rep1_hg38.filtered_SMN-2_SCN-15_SMR-0.3_RPN-5_RTN-3.G2A.mpmat
Removing output files of failed job mpmat_filter since they might be corrupted:
../mpmat_filter/293T-bat_GBEmini-AP-RNF2-All-PD_rep1_hg38.filtered_SMN-2_SCN-5_SMR-0.2_RPN-3_RTN-5.G2A.mpmat
Removing output files of failed job mpmat_filter since they might be corrupted:
../mpmat_filter/293T-bat_GBEmini-AP-RNF2-All-PD_rep1_hg38.filtered_SMN-7_SCN-10_SMR-0.05_RPN-5_RTN-2.G2A.mpmat
Removing output files of failed job mpmat_filter since they might be corrupted:
../mpmat_filter/293T-bat_GBEmini-AP-RNF2-All-PD_rep1_hg38.filtered_SMN-7_SCN-10_SMR-0.1_RPN-2_RTN-3.G2A.mpmat
Removing output files of failed job mpmat_filter since they might be corrupted:
../mpmat_filter/293T-bat_GBEmini-AP-RNF2-All-PD_rep1_hg38.filtered_SMN-2_SCN-5_SMR-0.1_RPN-4_RTN-5.G2A.mpmat
Removing output files of failed job mpmat_filter since they might be corrupted:
../mpmat_filter/293T-bat_GBEmini-AP-RNF2-All-PD_rep1_hg38.filtered_SMN-7_SCN-10_SMR-0.05_RPN-4_RTN-3.G2A.mpmat
Removing output files of failed job mpmat_filter since they might be corrupted:
../mpmat_filter/293T-bat_GBEmini-AP-RNF2-All-PD_rep1_hg38.filtered_SMN-7_SCN-5_SMR-0.3_RPN-5_RTN-3.G2A.mpmat
Removing output files of failed job mpmat_filter since they might be corrupted:
../mpmat_filter/293T-bat_GBEmini-AP-RNF2-All-PD_rep1_hg38.filtered_SMN-2_SCN-15_SMR-0.3_RPN-5_RTN-5.G2A.mpmat
Removing output files of failed job mpmat_filter since they might be corrupted:
../mpmat_filter/293T-bat_GBEmini-AP-RNF2-All-PD_rep1_hg38.filtered_SMN-7_SCN-10_SMR-0.05_RPN-3_RTN-5.G2A.mpmat
Removing output files of failed job mpmat_filter since they might be corrupted:
../mpmat_filter/293T-bat_GBEmini-AP-RNF2-All-PD_rep1_hg38.filtered_SMN-7_SCN-10_SMR-0.1_RPN-2_RTN-5.G2A.mpmat
Removing output files of failed job mpmat_filter since they might be corrupted:
../mpmat_filter/293T-bat_GBEmini-AP-RNF2-All-PD_rep1_hg38.filtered_SMN-2_SCN-5_SMR-0.2_RPN-3_RTN-3.G2A.mpmat
Removing output files of failed job mpmat_filter since they might be corrupted:
../mpmat_filter/293T-bat_GBEmini-AP-RNF2-All-PD_rep1_hg38.filtered_SMN-4_SCN-5_SMR-0.05_RPN-3_RTN-3.G2A.mpmat
Removing output files of failed job mpmat_filter since they might be corrupted:
../mpmat_filter/293T-bat_GBEmini-AP-RNF2-All-PD_rep1_hg38.filtered_SMN-2_SCN-5_SMR-0.2_RPN-2_RTN-3.G2A.mpmat
Removing output files of failed job mpmat_filter since they might be corrupted:
../mpmat_filter/293T-bat_GBEmini-AP-RNF2-All-PD_rep1_hg38.filtered_SMN-7_SCN-5_SMR-0.3_RPN-5_RTN-2.G2A.mpmat
Removing output files of failed job mpmat_filter since they might be corrupted:
../mpmat_filter/293T-bat_GBEmini-AP-RNF2-All-PD_rep1_hg38.filtered_SMN-4_SCN-5_SMR-0.05_RPN-2_RTN-5.G2A.mpmat
Removing output files of failed job mpmat_filter since they might be corrupted:
../mpmat_filter/293T-bat_GBEmini-AP-RNF2-All-PD_rep1_hg38.filtered_SMN-2_SCN-5_SMR-0.2_RPN-3_RTN-2.G2A.mpmat
Removing output files of failed job mpmat_filter since they might be corrupted:
../mpmat_filter/293T-bat_GBEmini-AP-RNF2-All-PD_rep1_hg38.filtered_SMN-4_SCN-5_SMR-0.05_RPN-2_RTN-3.G2A.mpmat
Removing output files of failed job mpmat_filter since they might be corrupted:
../mpmat_filter/293T-bat_GBEmini-AP-RNF2-All-PD_rep1_hg38.filtered_SMN-2_SCN-5_SMR-0.2_RPN-4_RTN-3.G2A.mpmat
Removing output files of failed job mpmat_filter since they might be corrupted:
../mpmat_filter/293T-bat_GBEmini-AP-RNF2-All-PD_rep1_hg38.filtered_SMN-7_SCN-10_SMR-0.05_RPN-5_RTN-5.G2A.mpmat
Removing output files of failed job mpmat_filter since they might be corrupted:
../mpmat_filter/293T-bat_GBEmini-AP-RNF2-All-PD_rep1_hg38.filtered_SMN-2_SCN-5_SMR-0.2_RPN-2_RTN-5.G2A.mpmat
Removing output files of failed job mpmat_filter since they might be corrupted:
../mpmat_filter/293T-bat_GBEmini-AP-RNF2-All-PD_rep1_hg38.filtered_SMN-2_SCN-5_SMR-0.1_RPN-5_RTN-2.G2A.mpmat
Removing output files of failed job mpmat_filter since they might be corrupted:
../mpmat_filter/293T-bat_GBEmini-AP-RNF2-All-PD_rep1_hg38.filtered_SMN-2_SCN-5_SMR-0.2_RPN-4_RTN-2.G2A.mpmat
Removing output files of failed job mpmat_filter since they might be corrupted:
../mpmat_filter/293T-bat_GBEmini-AP-RNF2-All-PD_rep1_hg38.filtered_SMN-4_SCN-5_SMR-0.05_RPN-4_RTN-5.G2A.mpmat
Removing output files of failed job mpmat_filter since they might be corrupted:
../mpmat_filter/293T-bat_GBEmini-AP-RNF2-All-PD_rep1_hg38.filtered_SMN-4_SCN-5_SMR-0.05_RPN-4_RTN-3.G2A.mpmat
Removing output files of failed job mpmat_filter since they might be corrupted:
../mpmat_filter/293T-bat_GBEmini-AP-RNF2-All-PD_rep1_hg38.filtered_SMN-2_SCN-5_SMR-0.1_RPN-5_RTN-5.G2A.mpmat
Removing output files of failed job mpmat_filter since they might be corrupted:
../mpmat_filter/293T-bat_GBEmini-AP-RNF2-All-PD_rep1_hg38.filtered_SMN-4_SCN-5_SMR-0.05_RPN-2_RTN-2.G2A.mpmat
Removing output files of failed job mpmat_filter since they might be corrupted:
../mpmat_filter/293T-bat_GBEmini-AP-RNF2-All-PD_rep1_hg38.filtered_SMN-7_SCN-10_SMR-0.05_RPN-4_RTN-5.G2A.mpmat
Removing output files of failed job mpmat_filter since they might be corrupted:
../mpmat_filter/293T-bat_GBEmini-AP-RNF2-All-PD_rep1_hg38.filtered_SMN-2_SCN-5_SMR-0.1_RPN-5_RTN-3.G2A.mpmat
Removing output files of failed job mpmat_filter since they might be corrupted:
../mpmat_filter/293T-bat_GBEmini-AP-RNF2-All-PD_rep1_hg38.filtered_SMN-2_SCN-5_SMR-0.2_RPN-2_RTN-2.G2A.mpmat
Removing output files of failed job mpmat_filter since they might be corrupted:
../mpmat_filter/293T-bat_GBEmini-AP-RNF2-All-PD_rep1_hg38.filtered_SMN-7_SCN-10_SMR-0.05_RPN-5_RTN-3.G2A.mpmat
Removing output files of failed job mpmat_filter since they might be corrupted:
../mpmat_filter/293T-bat_GBEmini-AP-RNF2-All-PD_rep1_hg38.filtered_SMN-7_SCN-10_SMR-0.05_RPN-3_RTN-3.G2A.mpmat
Removing output files of failed job mpmat_filter since they might be corrupted:
../mpmat_filter/293T-bat_GBEmini-AP-RNF2-All-PD_rep1_hg38.filtered_SMN-2_SCN-5_SMR-0.2_RPN-4_RTN-5.G2A.mpmat
Removing output files of failed job mpmat_filter since they might be corrupted:
../mpmat_filter/293T-bat_GBEmini-AP-RNF2-All-PD_rep1_hg38.filtered_SMN-7_SCN-10_SMR-0.05_RPN-2_RTN-5.G2A.mpmat
Removing output files of failed job mpmat_filter since they might be corrupted:
../mpmat_filter/293T-bat_GBEmini-AP-RNF2-All-PD_rep1_hg38.filtered_SMN-7_SCN-10_SMR-0.1_RPN-3_RTN-2.G2A.mpmat
Removing output files of failed job mpmat_filter since they might be corrupted:
../mpmat_filter/293T-bat_GBEmini-AP-RNF2-All-PD_rep1_hg38.filtered_SMN-4_SCN-5_SMR-0.05_RPN-3_RTN-5.G2A.mpmat
Removing output files of failed job mpmat_filter since they might be corrupted:
../mpmat_filter/293T-bat_GBEmini-AP-RNF2-All-PD_rep1_hg38.filtered_SMN-7_SCN-10_SMR-0.1_RPN-2_RTN-2.G2A.mpmat
Removing output files of failed job mpmat_filter since they might be corrupted:
../mpmat_filter/293T-bat_GBEmini-AP-RNF2-All-PD_rep1_hg38.filtered_SMN-4_SCN-5_SMR-0.05_RPN-5_RTN-2.G2A.mpmat
Removing output files of failed job mpmat_filter since they might be corrupted:
../mpmat_filter/293T-bat_GBEmini-AP-RNF2-All-PD_rep1_hg38.filtered_SMN-7_SCN-10_SMR-0.05_RPN-3_RTN-2.G2A.mpmat
Removing output files of failed job mpmat_filter since they might be corrupted:
../mpmat_filter/293T-bat_GBEmini-AP-RNF2-All-PD_rep1_hg38.filtered_SMN-2_SCN-5_SMR-0.2_RPN-5_RTN-2.G2A.mpmat
Complete log: /gpfs/user/zhaohuanan/3.project/20.2020-11_1109_GBE_DETECT-Seq_old_protocol/snakepipes_detect-seq_fastq_bam_plot/.snakemake/log/2020-11-10T143443.581009.snakemake.log
