Building DAG of jobs...
IncompleteFilesException:
The files below seem to be incomplete. If you are sure that certain files are not incomplete, mark them as complete with

    snakemake --cleanup-metadata <filenames>

To re-generate the files rerun your command with the --rerun-incomplete flag.
Incomplete files:
../mpmat/293T-bat_GBEmini-AP-RNF2-All-PD_rep1_hg38.select.A2T.mpmat
../mpmat/293T-bat_GBEmini-AP-RNF2-All-PD_rep1_hg38.select.A2C.mpmat
../mpmat/293T-bat_GBEmini-AP-RNF2-All-PD_rep1_hg38.select.A2G.mpmat
../mpmat/293T-bat_GBEmini-AP-RNF2-All-PD_rep1_hg38.select.T2A.mpmat
../mpmat/293T-bat_GBEmini-AP-RNF2-All-PD_rep1_hg38.select.T2C.mpmat
../mpmat/293T-bat_GBEmini-AP-RNF2-All-PD_rep1_hg38.select.T2G.mpmat
../mpmat/293T-bat_GBEmini-AP-RNF2-All-PD_rep1_hg38.select.C2A.mpmat
../mpmat/293T-bat_GBEmini-AP-RNF2-All-PD_rep1_hg38.select.G2C.mpmat
../mpmat/293T-bat_GBEmini-dU-RNF2-All-PD_rep1_hg38.select.A2T.mpmat
../mpmat/293T-bat_GBEmini-dU-RNF2-All-PD_rep1_hg38.select.A2C.mpmat
../mpmat/293T-bat_GBEmini-dU-RNF2-All-PD_rep1_hg38.select.A2G.mpmat
../mpmat/293T-bat_GBEmini-dU-RNF2-All-PD_rep1_hg38.select.T2A.mpmat
../mpmat/293T-bat_GBEmini-dU-RNF2-All-PD_rep1_hg38.select.T2C.mpmat
../mpmat/293T-bat_GBEmini-dU-RNF2-All-PD_rep1_hg38.select.T2G.mpmat
