Building DAG of jobs...
Using shell: /usr/bin/bash
Provided cores: 24
Rules claiming more threads will be scaled down.
Job counts:
	count	jobs
	1	all
	64	del_first_row_of_table
	64	intersect_select_mpmat
	64	poisson_test
	64	select_significant_region
	257

[Wed Nov 11 15:57:24 2020]
rule poisson_test:
    input: ../mpmat_filter_merge/293T-bat_GBEmini-AP-RNF2-All-PD_rep1_hg38.filtered_SMN-5_SCN-5_SMR-0.01_RPN-2_RTN-2.C2G_merge_G2C.sort.mpmat, ../bam/293T-bat_VEGFA-Vector-PD_rep1_bwa_hg38_sort_rmdup_MAPQ20.bam, ../bam/293T-bat_GBEmini-AP-RNF2-All-PD_rep1_bwa_hg38_sort_rmdup_MAPQ20.bam, ../json/293T-bat_VEGFA-Vector-PD_rep1_hg38.MAPQ20.background.json, ../json/293T-bat_GBEmini-AP-RNF2-All-PD_rep1_hg38.MAPQ20.background.json
    output: ../table/detect_seq.StatsTest.table_CTRL-VEGFA-Vector-PD_TREAT-GBEmini-AP-RNF2-All-PD_rep1.filtered_SMN-5_SCN-5_SMR-0.01_RPN-2_RTN-2.C2G_merge_G2C.tsv
    log: ../table/detect_seq.StatsTest.table_CTRL-VEGFA-Vector-PD_TREAT-GBEmini-AP-RNF2-All-PD_rep1.filtered_SMN-5_SCN-5_SMR-0.01_RPN-2_RTN-2.C2G_merge_G2C.tsv.log
    jobid: 17
    reason: Missing output files: ../table/detect_seq.StatsTest.table_CTRL-VEGFA-Vector-PD_TREAT-GBEmini-AP-RNF2-All-PD_rep1.filtered_SMN-5_SCN-5_SMR-0.01_RPN-2_RTN-2.C2G_merge_G2C.tsv
    wildcards: ctrl=VEGFA-Vector-PD, treat=GBEmini-AP-RNF2-All-PD, rep=rep1, SMN=5, SCN=5, SMR=0.01, RPN=2, RTN=2, a=C, b=G, c=G, d=C


        /home/zhaohuanan/zhaohn_HD/miniconda3/envs/snakepipes_detect-seq/bin/python ./program/find-significant-mpmat-V02.py         -i ../mpmat_filter_merge/293T-bat_GBEmini-AP-RNF2-All-PD_rep1_hg38.filtered_SMN-5_SCN-5_SMR-0.01_RPN-2_RTN-2.C2G_merge_G2C.sort.mpmat         -c ../bam/293T-bat_VEGFA-Vector-PD_rep1_bwa_hg38_sort_rmdup_MAPQ20.bam         -t ../bam/293T-bat_GBEmini-AP-RNF2-All-PD_rep1_bwa_hg38_sort_rmdup_MAPQ20.bam         -r /home/zhaohuanan/zhaohn_HD/2.database/fasta_hg38/hg38_only_chromosome.fa         -m ../json/293T-bat_VEGFA-Vector-PD_rep1_hg38.MAPQ20.background.json         -n ../json/293T-bat_GBEmini-AP-RNF2-All-PD_rep1_hg38.MAPQ20.background.json         -g ./lib/hg38.json         -o ../table/detect_seq.StatsTest.table_CTRL-VEGFA-Vector-PD_TREAT-GBEmini-AP-RNF2-All-PD_rep1.filtered_SMN-5_SCN-5_SMR-0.01_RPN-2_RTN-2.C2G_merge_G2C.tsv         --region_mutation_min_cutoff 2         --query_mutation_type CG,GC         --query_mutation_min_cutoff 2         --query_mutation_max_cutoff 18         --other_mutation_max_cutoff 12         --total_mutation_max_cutoff 26 >../table/detect_seq.StatsTest.table_CTRL-VEGFA-Vector-PD_TREAT-GBEmini-AP-RNF2-All-PD_rep1.filtered_SMN-5_SCN-5_SMR-0.01_RPN-2_RTN-2.C2G_merge_G2C.tsv.log 2>&1
        

[Wed Nov 11 15:57:24 2020]
rule poisson_test:
    input: ../mpmat_filter_merge/293T-bat_GBEmini-dU-RNF2-All-PD_rep1_hg38.filtered_SMN-8_SCN-5_SMR-0.1_RPN-2_RTN-2.C2G_merge_G2C.sort.mpmat, ../bam/293T-bat_VEGFA-Vector-PD_rep1_bwa_hg38_sort_rmdup_MAPQ20.bam, ../bam/293T-bat_GBEmini-dU-RNF2-All-PD_rep1_bwa_hg38_sort_rmdup_MAPQ20.bam, ../json/293T-bat_VEGFA-Vector-PD_rep1_hg38.MAPQ20.background.json, ../json/293T-bat_GBEmini-dU-RNF2-All-PD_rep1_hg38.MAPQ20.background.json
    output: ../table/detect_seq.StatsTest.table_CTRL-VEGFA-Vector-PD_TREAT-GBEmini-dU-RNF2-All-PD_rep1.filtered_SMN-8_SCN-5_SMR-0.1_RPN-2_RTN-2.C2G_merge_G2C.tsv
    log: ../table/detect_seq.StatsTest.table_CTRL-VEGFA-Vector-PD_TREAT-GBEmini-dU-RNF2-All-PD_rep1.filtered_SMN-8_SCN-5_SMR-0.1_RPN-2_RTN-2.C2G_merge_G2C.tsv.log
    jobid: 62
    reason: Missing output files: ../table/detect_seq.StatsTest.table_CTRL-VEGFA-Vector-PD_TREAT-GBEmini-dU-RNF2-All-PD_rep1.filtered_SMN-8_SCN-5_SMR-0.1_RPN-2_RTN-2.C2G_merge_G2C.tsv
    wildcards: ctrl=VEGFA-Vector-PD, treat=GBEmini-dU-RNF2-All-PD, rep=rep1, SMN=8, SCN=5, SMR=0.1, RPN=2, RTN=2, a=C, b=G, c=G, d=C


        /home/zhaohuanan/zhaohn_HD/miniconda3/envs/snakepipes_detect-seq/bin/python ./program/find-significant-mpmat-V02.py         -i ../mpmat_filter_merge/293T-bat_GBEmini-dU-RNF2-All-PD_rep1_hg38.filtered_SMN-8_SCN-5_SMR-0.1_RPN-2_RTN-2.C2G_merge_G2C.sort.mpmat         -c ../bam/293T-bat_VEGFA-Vector-PD_rep1_bwa_hg38_sort_rmdup_MAPQ20.bam         -t ../bam/293T-bat_GBEmini-dU-RNF2-All-PD_rep1_bwa_hg38_sort_rmdup_MAPQ20.bam         -r /home/zhaohuanan/zhaohn_HD/2.database/fasta_hg38/hg38_only_chromosome.fa         -m ../json/293T-bat_VEGFA-Vector-PD_rep1_hg38.MAPQ20.background.json         -n ../json/293T-bat_GBEmini-dU-RNF2-All-PD_rep1_hg38.MAPQ20.background.json         -g ./lib/hg38.json         -o ../table/detect_seq.StatsTest.table_CTRL-VEGFA-Vector-PD_TREAT-GBEmini-dU-RNF2-All-PD_rep1.filtered_SMN-8_SCN-5_SMR-0.1_RPN-2_RTN-2.C2G_merge_G2C.tsv         --region_mutation_min_cutoff 2         --query_mutation_type CG,GC         --query_mutation_min_cutoff 2         --query_mutation_max_cutoff 18         --other_mutation_max_cutoff 12         --total_mutation_max_cutoff 26 >../table/detect_seq.StatsTest.table_CTRL-VEGFA-Vector-PD_TREAT-GBEmini-dU-RNF2-All-PD_rep1.filtered_SMN-8_SCN-5_SMR-0.1_RPN-2_RTN-2.C2G_merge_G2C.tsv.log 2>&1
        

[Wed Nov 11 15:57:24 2020]
rule poisson_test:
    input: ../mpmat_filter_merge/293T-bat_GBEmini-dU-RNF2-All-PD_rep1_hg38.filtered_SMN-5_SCN-10_SMR-0.1_RPN-2_RTN-2.C2G_merge_G2C.sort.mpmat, ../bam/293T-bat_VEGFA-Vector-PD_rep1_bwa_hg38_sort_rmdup_MAPQ20.bam, ../bam/293T-bat_GBEmini-dU-RNF2-All-PD_rep1_bwa_hg38_sort_rmdup_MAPQ20.bam, ../json/293T-bat_VEGFA-Vector-PD_rep1_hg38.MAPQ20.background.json, ../json/293T-bat_GBEmini-dU-RNF2-All-PD_rep1_hg38.MAPQ20.background.json
    output: ../table/detect_seq.StatsTest.table_CTRL-VEGFA-Vector-PD_TREAT-GBEmini-dU-RNF2-All-PD_rep1.filtered_SMN-5_SCN-10_SMR-0.1_RPN-2_RTN-2.C2G_merge_G2C.tsv
    log: ../table/detect_seq.StatsTest.table_CTRL-VEGFA-Vector-PD_TREAT-GBEmini-dU-RNF2-All-PD_rep1.filtered_SMN-5_SCN-10_SMR-0.1_RPN-2_RTN-2.C2G_merge_G2C.tsv.log
    jobid: 52
    reason: Missing output files: ../table/detect_seq.StatsTest.table_CTRL-VEGFA-Vector-PD_TREAT-GBEmini-dU-RNF2-All-PD_rep1.filtered_SMN-5_SCN-10_SMR-0.1_RPN-2_RTN-2.C2G_merge_G2C.tsv
    wildcards: ctrl=VEGFA-Vector-PD, treat=GBEmini-dU-RNF2-All-PD, rep=rep1, SMN=5, SCN=10, SMR=0.1, RPN=2, RTN=2, a=C, b=G, c=G, d=C


        /home/zhaohuanan/zhaohn_HD/miniconda3/envs/snakepipes_detect-seq/bin/python ./program/find-significant-mpmat-V02.py         -i ../mpmat_filter_merge/293T-bat_GBEmini-dU-RNF2-All-PD_rep1_hg38.filtered_SMN-5_SCN-10_SMR-0.1_RPN-2_RTN-2.C2G_merge_G2C.sort.mpmat         -c ../bam/293T-bat_VEGFA-Vector-PD_rep1_bwa_hg38_sort_rmdup_MAPQ20.bam         -t ../bam/293T-bat_GBEmini-dU-RNF2-All-PD_rep1_bwa_hg38_sort_rmdup_MAPQ20.bam         -r /home/zhaohuanan/zhaohn_HD/2.database/fasta_hg38/hg38_only_chromosome.fa         -m ../json/293T-bat_VEGFA-Vector-PD_rep1_hg38.MAPQ20.background.json         -n ../json/293T-bat_GBEmini-dU-RNF2-All-PD_rep1_hg38.MAPQ20.background.json         -g ./lib/hg38.json         -o ../table/detect_seq.StatsTest.table_CTRL-VEGFA-Vector-PD_TREAT-GBEmini-dU-RNF2-All-PD_rep1.filtered_SMN-5_SCN-10_SMR-0.1_RPN-2_RTN-2.C2G_merge_G2C.tsv         --region_mutation_min_cutoff 2         --query_mutation_type CG,GC         --query_mutation_min_cutoff 2         --query_mutation_max_cutoff 18         --other_mutation_max_cutoff 12         --total_mutation_max_cutoff 26 >../table/detect_seq.StatsTest.table_CTRL-VEGFA-Vector-PD_TREAT-GBEmini-dU-RNF2-All-PD_rep1.filtered_SMN-5_SCN-10_SMR-0.1_RPN-2_RTN-2.C2G_merge_G2C.tsv.log 2>&1
        

[Wed Nov 11 15:57:24 2020]
rule poisson_test:
    input: ../mpmat_filter_merge/293T-bat_GBEmini-AP-RNF2-All-PD_rep1_hg38.filtered_SMN-8_SCN-5_SMR-0.01_RPN-2_RTN-2.C2G_merge_G2C.sort.mpmat, ../bam/293T-bat_VEGFA-Vector-PD_rep1_bwa_hg38_sort_rmdup_MAPQ20.bam, ../bam/293T-bat_GBEmini-AP-RNF2-All-PD_rep1_bwa_hg38_sort_rmdup_MAPQ20.bam, ../json/293T-bat_VEGFA-Vector-PD_rep1_hg38.MAPQ20.background.json, ../json/293T-bat_GBEmini-AP-RNF2-All-PD_rep1_hg38.MAPQ20.background.json
    output: ../table/detect_seq.StatsTest.table_CTRL-VEGFA-Vector-PD_TREAT-GBEmini-AP-RNF2-All-PD_rep1.filtered_SMN-8_SCN-5_SMR-0.01_RPN-2_RTN-2.C2G_merge_G2C.tsv
    log: ../table/detect_seq.StatsTest.table_CTRL-VEGFA-Vector-PD_TREAT-GBEmini-AP-RNF2-All-PD_rep1.filtered_SMN-8_SCN-5_SMR-0.01_RPN-2_RTN-2.C2G_merge_G2C.tsv.log
    jobid: 29
    reason: Missing output files: ../table/detect_seq.StatsTest.table_CTRL-VEGFA-Vector-PD_TREAT-GBEmini-AP-RNF2-All-PD_rep1.filtered_SMN-8_SCN-5_SMR-0.01_RPN-2_RTN-2.C2G_merge_G2C.tsv
    wildcards: ctrl=VEGFA-Vector-PD, treat=GBEmini-AP-RNF2-All-PD, rep=rep1, SMN=8, SCN=5, SMR=0.01, RPN=2, RTN=2, a=C, b=G, c=G, d=C


        /home/zhaohuanan/zhaohn_HD/miniconda3/envs/snakepipes_detect-seq/bin/python ./program/find-significant-mpmat-V02.py         -i ../mpmat_filter_merge/293T-bat_GBEmini-AP-RNF2-All-PD_rep1_hg38.filtered_SMN-8_SCN-5_SMR-0.01_RPN-2_RTN-2.C2G_merge_G2C.sort.mpmat         -c ../bam/293T-bat_VEGFA-Vector-PD_rep1_bwa_hg38_sort_rmdup_MAPQ20.bam         -t ../bam/293T-bat_GBEmini-AP-RNF2-All-PD_rep1_bwa_hg38_sort_rmdup_MAPQ20.bam         -r /home/zhaohuanan/zhaohn_HD/2.database/fasta_hg38/hg38_only_chromosome.fa         -m ../json/293T-bat_VEGFA-Vector-PD_rep1_hg38.MAPQ20.background.json         -n ../json/293T-bat_GBEmini-AP-RNF2-All-PD_rep1_hg38.MAPQ20.background.json         -g ./lib/hg38.json         -o ../table/detect_seq.StatsTest.table_CTRL-VEGFA-Vector-PD_TREAT-GBEmini-AP-RNF2-All-PD_rep1.filtered_SMN-8_SCN-5_SMR-0.01_RPN-2_RTN-2.C2G_merge_G2C.tsv         --region_mutation_min_cutoff 2         --query_mutation_type CG,GC         --query_mutation_min_cutoff 2         --query_mutation_max_cutoff 18         --other_mutation_max_cutoff 12         --total_mutation_max_cutoff 26 >../table/detect_seq.StatsTest.table_CTRL-VEGFA-Vector-PD_TREAT-GBEmini-AP-RNF2-All-PD_rep1.filtered_SMN-8_SCN-5_SMR-0.01_RPN-2_RTN-2.C2G_merge_G2C.tsv.log 2>&1
        

[Wed Nov 11 15:57:24 2020]
rule poisson_test:
    input: ../mpmat_filter_merge/293T-bat_GBEmini-dU-RNF2-All-PD_rep1_hg38.filtered_SMN-1_SCN-10_SMR-0.1_RPN-2_RTN-2.C2G_merge_G2C.sort.mpmat, ../bam/293T-bat_VEGFA-Vector-PD_rep1_bwa_hg38_sort_rmdup_MAPQ20.bam, ../bam/293T-bat_GBEmini-dU-RNF2-All-PD_rep1_bwa_hg38_sort_rmdup_MAPQ20.bam, ../json/293T-bat_VEGFA-Vector-PD_rep1_hg38.MAPQ20.background.json, ../json/293T-bat_GBEmini-dU-RNF2-All-PD_rep1_hg38.MAPQ20.background.json
    output: ../table/detect_seq.StatsTest.table_CTRL-VEGFA-Vector-PD_TREAT-GBEmini-dU-RNF2-All-PD_rep1.filtered_SMN-1_SCN-10_SMR-0.1_RPN-2_RTN-2.C2G_merge_G2C.tsv
    log: ../table/detect_seq.StatsTest.table_CTRL-VEGFA-Vector-PD_TREAT-GBEmini-dU-RNF2-All-PD_rep1.filtered_SMN-1_SCN-10_SMR-0.1_RPN-2_RTN-2.C2G_merge_G2C.tsv.log
    jobid: 36
    reason: Missing output files: ../table/detect_seq.StatsTest.table_CTRL-VEGFA-Vector-PD_TREAT-GBEmini-dU-RNF2-All-PD_rep1.filtered_SMN-1_SCN-10_SMR-0.1_RPN-2_RTN-2.C2G_merge_G2C.tsv
    wildcards: ctrl=VEGFA-Vector-PD, treat=GBEmini-dU-RNF2-All-PD, rep=rep1, SMN=1, SCN=10, SMR=0.1, RPN=2, RTN=2, a=C, b=G, c=G, d=C


        /home/zhaohuanan/zhaohn_HD/miniconda3/envs/snakepipes_detect-seq/bin/python ./program/find-significant-mpmat-V02.py         -i ../mpmat_filter_merge/293T-bat_GBEmini-dU-RNF2-All-PD_rep1_hg38.filtered_SMN-1_SCN-10_SMR-0.1_RPN-2_RTN-2.C2G_merge_G2C.sort.mpmat         -c ../bam/293T-bat_VEGFA-Vector-PD_rep1_bwa_hg38_sort_rmdup_MAPQ20.bam         -t ../bam/293T-bat_GBEmini-dU-RNF2-All-PD_rep1_bwa_hg38_sort_rmdup_MAPQ20.bam         -r /home/zhaohuanan/zhaohn_HD/2.database/fasta_hg38/hg38_only_chromosome.fa         -m ../json/293T-bat_VEGFA-Vector-PD_rep1_hg38.MAPQ20.background.json         -n ../json/293T-bat_GBEmini-dU-RNF2-All-PD_rep1_hg38.MAPQ20.background.json         -g ./lib/hg38.json         -o ../table/detect_seq.StatsTest.table_CTRL-VEGFA-Vector-PD_TREAT-GBEmini-dU-RNF2-All-PD_rep1.filtered_SMN-1_SCN-10_SMR-0.1_RPN-2_RTN-2.C2G_merge_G2C.tsv         --region_mutation_min_cutoff 2         --query_mutation_type CG,GC         --query_mutation_min_cutoff 2         --query_mutation_max_cutoff 18         --other_mutation_max_cutoff 12         --total_mutation_max_cutoff 26 >../table/detect_seq.StatsTest.table_CTRL-VEGFA-Vector-PD_TREAT-GBEmini-dU-RNF2-All-PD_rep1.filtered_SMN-1_SCN-10_SMR-0.1_RPN-2_RTN-2.C2G_merge_G2C.tsv.log 2>&1
        

[Wed Nov 11 15:57:24 2020]
rule poisson_test:
    input: ../mpmat_filter_merge/293T-bat_GBEmini-dU-RNF2-All-PD_rep1_hg38.filtered_SMN-4_SCN-5_SMR-0.01_RPN-2_RTN-2.C2G_merge_G2C.sort.mpmat, ../bam/293T-bat_VEGFA-Vector-PD_rep1_bwa_hg38_sort_rmdup_MAPQ20.bam, ../bam/293T-bat_GBEmini-dU-RNF2-All-PD_rep1_bwa_hg38_sort_rmdup_MAPQ20.bam, ../json/293T-bat_VEGFA-Vector-PD_rep1_hg38.MAPQ20.background.json, ../json/293T-bat_GBEmini-dU-RNF2-All-PD_rep1_hg38.MAPQ20.background.json
    output: ../table/detect_seq.StatsTest.table_CTRL-VEGFA-Vector-PD_TREAT-GBEmini-dU-RNF2-All-PD_rep1.filtered_SMN-4_SCN-5_SMR-0.01_RPN-2_RTN-2.C2G_merge_G2C.tsv
    log: ../table/detect_seq.StatsTest.table_CTRL-VEGFA-Vector-PD_TREAT-GBEmini-dU-RNF2-All-PD_rep1.filtered_SMN-4_SCN-5_SMR-0.01_RPN-2_RTN-2.C2G_merge_G2C.tsv.log
    jobid: 45
    reason: Missing output files: ../table/detect_seq.StatsTest.table_CTRL-VEGFA-Vector-PD_TREAT-GBEmini-dU-RNF2-All-PD_rep1.filtered_SMN-4_SCN-5_SMR-0.01_RPN-2_RTN-2.C2G_merge_G2C.tsv
    wildcards: ctrl=VEGFA-Vector-PD, treat=GBEmini-dU-RNF2-All-PD, rep=rep1, SMN=4, SCN=5, SMR=0.01, RPN=2, RTN=2, a=C, b=G, c=G, d=C


        /home/zhaohuanan/zhaohn_HD/miniconda3/envs/snakepipes_detect-seq/bin/python ./program/find-significant-mpmat-V02.py         -i ../mpmat_filter_merge/293T-bat_GBEmini-dU-RNF2-All-PD_rep1_hg38.filtered_SMN-4_SCN-5_SMR-0.01_RPN-2_RTN-2.C2G_merge_G2C.sort.mpmat         -c ../bam/293T-bat_VEGFA-Vector-PD_rep1_bwa_hg38_sort_rmdup_MAPQ20.bam         -t ../bam/293T-bat_GBEmini-dU-RNF2-All-PD_rep1_bwa_hg38_sort_rmdup_MAPQ20.bam         -r /home/zhaohuanan/zhaohn_HD/2.database/fasta_hg38/hg38_only_chromosome.fa         -m ../json/293T-bat_VEGFA-Vector-PD_rep1_hg38.MAPQ20.background.json         -n ../json/293T-bat_GBEmini-dU-RNF2-All-PD_rep1_hg38.MAPQ20.background.json         -g ./lib/hg38.json         -o ../table/detect_seq.StatsTest.table_CTRL-VEGFA-Vector-PD_TREAT-GBEmini-dU-RNF2-All-PD_rep1.filtered_SMN-4_SCN-5_SMR-0.01_RPN-2_RTN-2.C2G_merge_G2C.tsv         --region_mutation_min_cutoff 2         --query_mutation_type CG,GC         --query_mutation_min_cutoff 2         --query_mutation_max_cutoff 18         --other_mutation_max_cutoff 12         --total_mutation_max_cutoff 26 >../table/detect_seq.StatsTest.table_CTRL-VEGFA-Vector-PD_TREAT-GBEmini-dU-RNF2-All-PD_rep1.filtered_SMN-4_SCN-5_SMR-0.01_RPN-2_RTN-2.C2G_merge_G2C.tsv.log 2>&1
        

[Wed Nov 11 15:57:24 2020]
rule poisson_test:
    input: ../mpmat_filter_merge/293T-bat_GBEmini-dU-RNF2-All-PD_rep1_hg38.filtered_SMN-7_SCN-10_SMR-0.01_RPN-2_RTN-2.C2G_merge_G2C.sort.mpmat, ../bam/293T-bat_VEGFA-Vector-PD_rep1_bwa_hg38_sort_rmdup_MAPQ20.bam, ../bam/293T-bat_GBEmini-dU-RNF2-All-PD_rep1_bwa_hg38_sort_rmdup_MAPQ20.bam, ../json/293T-bat_VEGFA-Vector-PD_rep1_hg38.MAPQ20.background.json, ../json/293T-bat_GBEmini-dU-RNF2-All-PD_rep1_hg38.MAPQ20.background.json
    output: ../table/detect_seq.StatsTest.table_CTRL-VEGFA-Vector-PD_TREAT-GBEmini-dU-RNF2-All-PD_rep1.filtered_SMN-7_SCN-10_SMR-0.01_RPN-2_RTN-2.C2G_merge_G2C.tsv
    log: ../table/detect_seq.StatsTest.table_CTRL-VEGFA-Vector-PD_TREAT-GBEmini-dU-RNF2-All-PD_rep1.filtered_SMN-7_SCN-10_SMR-0.01_RPN-2_RTN-2.C2G_merge_G2C.tsv.log
    jobid: 59
    reason: Missing output files: ../table/detect_seq.StatsTest.table_CTRL-VEGFA-Vector-PD_TREAT-GBEmini-dU-RNF2-All-PD_rep1.filtered_SMN-7_SCN-10_SMR-0.01_RPN-2_RTN-2.C2G_merge_G2C.tsv
    wildcards: ctrl=VEGFA-Vector-PD, treat=GBEmini-dU-RNF2-All-PD, rep=rep1, SMN=7, SCN=10, SMR=0.01, RPN=2, RTN=2, a=C, b=G, c=G, d=C


        /home/zhaohuanan/zhaohn_HD/miniconda3/envs/snakepipes_detect-seq/bin/python ./program/find-significant-mpmat-V02.py         -i ../mpmat_filter_merge/293T-bat_GBEmini-dU-RNF2-All-PD_rep1_hg38.filtered_SMN-7_SCN-10_SMR-0.01_RPN-2_RTN-2.C2G_merge_G2C.sort.mpmat         -c ../bam/293T-bat_VEGFA-Vector-PD_rep1_bwa_hg38_sort_rmdup_MAPQ20.bam         -t ../bam/293T-bat_GBEmini-dU-RNF2-All-PD_rep1_bwa_hg38_sort_rmdup_MAPQ20.bam         -r /home/zhaohuanan/zhaohn_HD/2.database/fasta_hg38/hg38_only_chromosome.fa         -m ../json/293T-bat_VEGFA-Vector-PD_rep1_hg38.MAPQ20.background.json         -n ../json/293T-bat_GBEmini-dU-RNF2-All-PD_rep1_hg38.MAPQ20.background.json         -g ./lib/hg38.json         -o ../table/detect_seq.StatsTest.table_CTRL-VEGFA-Vector-PD_TREAT-GBEmini-dU-RNF2-All-PD_rep1.filtered_SMN-7_SCN-10_SMR-0.01_RPN-2_RTN-2.C2G_merge_G2C.tsv         --region_mutation_min_cutoff 2         --query_mutation_type CG,GC         --query_mutation_min_cutoff 2         --query_mutation_max_cutoff 18         --other_mutation_max_cutoff 12         --total_mutation_max_cutoff 26 >../table/detect_seq.StatsTest.table_CTRL-VEGFA-Vector-PD_TREAT-GBEmini-dU-RNF2-All-PD_rep1.filtered_SMN-7_SCN-10_SMR-0.01_RPN-2_RTN-2.C2G_merge_G2C.tsv.log 2>&1
        

[Wed Nov 11 15:57:24 2020]
rule poisson_test:
    input: ../mpmat_filter_merge/293T-bat_GBEmini-AP-RNF2-All-PD_rep1_hg38.filtered_SMN-2_SCN-10_SMR-0.1_RPN-2_RTN-2.C2G_merge_G2C.sort.mpmat, ../bam/293T-bat_VEGFA-Vector-PD_rep1_bwa_hg38_sort_rmdup_MAPQ20.bam, ../bam/293T-bat_GBEmini-AP-RNF2-All-PD_rep1_bwa_hg38_sort_rmdup_MAPQ20.bam, ../json/293T-bat_VEGFA-Vector-PD_rep1_hg38.MAPQ20.background.json, ../json/293T-bat_GBEmini-AP-RNF2-All-PD_rep1_hg38.MAPQ20.background.json
    output: ../table/detect_seq.StatsTest.table_CTRL-VEGFA-Vector-PD_TREAT-GBEmini-AP-RNF2-All-PD_rep1.filtered_SMN-2_SCN-10_SMR-0.1_RPN-2_RTN-2.C2G_merge_G2C.tsv
    log: ../table/detect_seq.StatsTest.table_CTRL-VEGFA-Vector-PD_TREAT-GBEmini-AP-RNF2-All-PD_rep1.filtered_SMN-2_SCN-10_SMR-0.1_RPN-2_RTN-2.C2G_merge_G2C.tsv.log
    jobid: 8
    reason: Missing output files: ../table/detect_seq.StatsTest.table_CTRL-VEGFA-Vector-PD_TREAT-GBEmini-AP-RNF2-All-PD_rep1.filtered_SMN-2_SCN-10_SMR-0.1_RPN-2_RTN-2.C2G_merge_G2C.tsv
    wildcards: ctrl=VEGFA-Vector-PD, treat=GBEmini-AP-RNF2-All-PD, rep=rep1, SMN=2, SCN=10, SMR=0.1, RPN=2, RTN=2, a=C, b=G, c=G, d=C


        /home/zhaohuanan/zhaohn_HD/miniconda3/envs/snakepipes_detect-seq/bin/python ./program/find-significant-mpmat-V02.py         -i ../mpmat_filter_merge/293T-bat_GBEmini-AP-RNF2-All-PD_rep1_hg38.filtered_SMN-2_SCN-10_SMR-0.1_RPN-2_RTN-2.C2G_merge_G2C.sort.mpmat         -c ../bam/293T-bat_VEGFA-Vector-PD_rep1_bwa_hg38_sort_rmdup_MAPQ20.bam         -t ../bam/293T-bat_GBEmini-AP-RNF2-All-PD_rep1_bwa_hg38_sort_rmdup_MAPQ20.bam         -r /home/zhaohuanan/zhaohn_HD/2.database/fasta_hg38/hg38_only_chromosome.fa         -m ../json/293T-bat_VEGFA-Vector-PD_rep1_hg38.MAPQ20.background.json         -n ../json/293T-bat_GBEmini-AP-RNF2-All-PD_rep1_hg38.MAPQ20.background.json         -g ./lib/hg38.json         -o ../table/detect_seq.StatsTest.table_CTRL-VEGFA-Vector-PD_TREAT-GBEmini-AP-RNF2-All-PD_rep1.filtered_SMN-2_SCN-10_SMR-0.1_RPN-2_RTN-2.C2G_merge_G2C.tsv         --region_mutation_min_cutoff 2         --query_mutation_type CG,GC         --query_mutation_min_cutoff 2         --query_mutation_max_cutoff 18         --other_mutation_max_cutoff 12         --total_mutation_max_cutoff 26 >../table/detect_seq.StatsTest.table_CTRL-VEGFA-Vector-PD_TREAT-GBEmini-AP-RNF2-All-PD_rep1.filtered_SMN-2_SCN-10_SMR-0.1_RPN-2_RTN-2.C2G_merge_G2C.tsv.log 2>&1
        

[Wed Nov 11 15:57:24 2020]
rule poisson_test:
    input: ../mpmat_filter_merge/293T-bat_GBEmini-AP-RNF2-All-PD_rep1_hg38.filtered_SMN-1_SCN-5_SMR-0.01_RPN-2_RTN-2.C2G_merge_G2C.sort.mpmat, ../bam/293T-bat_VEGFA-Vector-PD_rep1_bwa_hg38_sort_rmdup_MAPQ20.bam, ../bam/293T-bat_GBEmini-AP-RNF2-All-PD_rep1_bwa_hg38_sort_rmdup_MAPQ20.bam, ../json/293T-bat_VEGFA-Vector-PD_rep1_hg38.MAPQ20.background.json, ../json/293T-bat_GBEmini-AP-RNF2-All-PD_rep1_hg38.MAPQ20.background.json
    output: ../table/detect_seq.StatsTest.table_CTRL-VEGFA-Vector-PD_TREAT-GBEmini-AP-RNF2-All-PD_rep1.filtered_SMN-1_SCN-5_SMR-0.01_RPN-2_RTN-2.C2G_merge_G2C.tsv
    log: ../table/detect_seq.StatsTest.table_CTRL-VEGFA-Vector-PD_TREAT-GBEmini-AP-RNF2-All-PD_rep1.filtered_SMN-1_SCN-5_SMR-0.01_RPN-2_RTN-2.C2G_merge_G2C.tsv.log
    jobid: 1
    reason: Missing output files: ../table/detect_seq.StatsTest.table_CTRL-VEGFA-Vector-PD_TREAT-GBEmini-AP-RNF2-All-PD_rep1.filtered_SMN-1_SCN-5_SMR-0.01_RPN-2_RTN-2.C2G_merge_G2C.tsv
    wildcards: ctrl=VEGFA-Vector-PD, treat=GBEmini-AP-RNF2-All-PD, rep=rep1, SMN=1, SCN=5, SMR=0.01, RPN=2, RTN=2, a=C, b=G, c=G, d=C


        /home/zhaohuanan/zhaohn_HD/miniconda3/envs/snakepipes_detect-seq/bin/python ./program/find-significant-mpmat-V02.py         -i ../mpmat_filter_merge/293T-bat_GBEmini-AP-RNF2-All-PD_rep1_hg38.filtered_SMN-1_SCN-5_SMR-0.01_RPN-2_RTN-2.C2G_merge_G2C.sort.mpmat         -c ../bam/293T-bat_VEGFA-Vector-PD_rep1_bwa_hg38_sort_rmdup_MAPQ20.bam         -t ../bam/293T-bat_GBEmini-AP-RNF2-All-PD_rep1_bwa_hg38_sort_rmdup_MAPQ20.bam         -r /home/zhaohuanan/zhaohn_HD/2.database/fasta_hg38/hg38_only_chromosome.fa         -m ../json/293T-bat_VEGFA-Vector-PD_rep1_hg38.MAPQ20.background.json         -n ../json/293T-bat_GBEmini-AP-RNF2-All-PD_rep1_hg38.MAPQ20.background.json         -g ./lib/hg38.json         -o ../table/detect_seq.StatsTest.table_CTRL-VEGFA-Vector-PD_TREAT-GBEmini-AP-RNF2-All-PD_rep1.filtered_SMN-1_SCN-5_SMR-0.01_RPN-2_RTN-2.C2G_merge_G2C.tsv         --region_mutation_min_cutoff 2         --query_mutation_type CG,GC         --query_mutation_min_cutoff 2         --query_mutation_max_cutoff 18         --other_mutation_max_cutoff 12         --total_mutation_max_cutoff 26 >../table/detect_seq.StatsTest.table_CTRL-VEGFA-Vector-PD_TREAT-GBEmini-AP-RNF2-All-PD_rep1.filtered_SMN-1_SCN-5_SMR-0.01_RPN-2_RTN-2.C2G_merge_G2C.tsv.log 2>&1
        

[Wed Nov 11 15:57:24 2020]
rule poisson_test:
    input: ../mpmat_filter_merge/293T-bat_GBEmini-AP-RNF2-All-PD_rep1_hg38.filtered_SMN-4_SCN-10_SMR-0.1_RPN-2_RTN-2.C2G_merge_G2C.sort.mpmat, ../bam/293T-bat_VEGFA-Vector-PD_rep1_bwa_hg38_sort_rmdup_MAPQ20.bam, ../bam/293T-bat_GBEmini-AP-RNF2-All-PD_rep1_bwa_hg38_sort_rmdup_MAPQ20.bam, ../json/293T-bat_VEGFA-Vector-PD_rep1_hg38.MAPQ20.background.json, ../json/293T-bat_GBEmini-AP-RNF2-All-PD_rep1_hg38.MAPQ20.background.json
    output: ../table/detect_seq.StatsTest.table_CTRL-VEGFA-Vector-PD_TREAT-GBEmini-AP-RNF2-All-PD_rep1.filtered_SMN-4_SCN-10_SMR-0.1_RPN-2_RTN-2.C2G_merge_G2C.tsv
    log: ../table/detect_seq.StatsTest.table_CTRL-VEGFA-Vector-PD_TREAT-GBEmini-AP-RNF2-All-PD_rep1.filtered_SMN-4_SCN-10_SMR-0.1_RPN-2_RTN-2.C2G_merge_G2C.tsv.log
    jobid: 16
    reason: Missing output files: ../table/detect_seq.StatsTest.table_CTRL-VEGFA-Vector-PD_TREAT-GBEmini-AP-RNF2-All-PD_rep1.filtered_SMN-4_SCN-10_SMR-0.1_RPN-2_RTN-2.C2G_merge_G2C.tsv
    wildcards: ctrl=VEGFA-Vector-PD, treat=GBEmini-AP-RNF2-All-PD, rep=rep1, SMN=4, SCN=10, SMR=0.1, RPN=2, RTN=2, a=C, b=G, c=G, d=C


        /home/zhaohuanan/zhaohn_HD/miniconda3/envs/snakepipes_detect-seq/bin/python ./program/find-significant-mpmat-V02.py         -i ../mpmat_filter_merge/293T-bat_GBEmini-AP-RNF2-All-PD_rep1_hg38.filtered_SMN-4_SCN-10_SMR-0.1_RPN-2_RTN-2.C2G_merge_G2C.sort.mpmat         -c ../bam/293T-bat_VEGFA-Vector-PD_rep1_bwa_hg38_sort_rmdup_MAPQ20.bam         -t ../bam/293T-bat_GBEmini-AP-RNF2-All-PD_rep1_bwa_hg38_sort_rmdup_MAPQ20.bam         -r /home/zhaohuanan/zhaohn_HD/2.database/fasta_hg38/hg38_only_chromosome.fa         -m ../json/293T-bat_VEGFA-Vector-PD_rep1_hg38.MAPQ20.background.json         -n ../json/293T-bat_GBEmini-AP-RNF2-All-PD_rep1_hg38.MAPQ20.background.json         -g ./lib/hg38.json         -o ../table/detect_seq.StatsTest.table_CTRL-VEGFA-Vector-PD_TREAT-GBEmini-AP-RNF2-All-PD_rep1.filtered_SMN-4_SCN-10_SMR-0.1_RPN-2_RTN-2.C2G_merge_G2C.tsv         --region_mutation_min_cutoff 2         --query_mutation_type CG,GC         --query_mutation_min_cutoff 2         --query_mutation_max_cutoff 18         --other_mutation_max_cutoff 12         --total_mutation_max_cutoff 26 >../table/detect_seq.StatsTest.table_CTRL-VEGFA-Vector-PD_TREAT-GBEmini-AP-RNF2-All-PD_rep1.filtered_SMN-4_SCN-10_SMR-0.1_RPN-2_RTN-2.C2G_merge_G2C.tsv.log 2>&1
        

[Wed Nov 11 15:57:24 2020]
rule poisson_test:
    input: ../mpmat_filter_merge/293T-bat_GBEmini-AP-RNF2-All-PD_rep1_hg38.filtered_SMN-6_SCN-5_SMR-0.1_RPN-2_RTN-2.C2G_merge_G2C.sort.mpmat, ../bam/293T-bat_VEGFA-Vector-PD_rep1_bwa_hg38_sort_rmdup_MAPQ20.bam, ../bam/293T-bat_GBEmini-AP-RNF2-All-PD_rep1_bwa_hg38_sort_rmdup_MAPQ20.bam, ../json/293T-bat_VEGFA-Vector-PD_rep1_hg38.MAPQ20.background.json, ../json/293T-bat_GBEmini-AP-RNF2-All-PD_rep1_hg38.MAPQ20.background.json
    output: ../table/detect_seq.StatsTest.table_CTRL-VEGFA-Vector-PD_TREAT-GBEmini-AP-RNF2-All-PD_rep1.filtered_SMN-6_SCN-5_SMR-0.1_RPN-2_RTN-2.C2G_merge_G2C.tsv
    log: ../table/detect_seq.StatsTest.table_CTRL-VEGFA-Vector-PD_TREAT-GBEmini-AP-RNF2-All-PD_rep1.filtered_SMN-6_SCN-5_SMR-0.1_RPN-2_RTN-2.C2G_merge_G2C.tsv.log
    jobid: 22
    reason: Missing output files: ../table/detect_seq.StatsTest.table_CTRL-VEGFA-Vector-PD_TREAT-GBEmini-AP-RNF2-All-PD_rep1.filtered_SMN-6_SCN-5_SMR-0.1_RPN-2_RTN-2.C2G_merge_G2C.tsv
    wildcards: ctrl=VEGFA-Vector-PD, treat=GBEmini-AP-RNF2-All-PD, rep=rep1, SMN=6, SCN=5, SMR=0.1, RPN=2, RTN=2, a=C, b=G, c=G, d=C


        /home/zhaohuanan/zhaohn_HD/miniconda3/envs/snakepipes_detect-seq/bin/python ./program/find-significant-mpmat-V02.py         -i ../mpmat_filter_merge/293T-bat_GBEmini-AP-RNF2-All-PD_rep1_hg38.filtered_SMN-6_SCN-5_SMR-0.1_RPN-2_RTN-2.C2G_merge_G2C.sort.mpmat         -c ../bam/293T-bat_VEGFA-Vector-PD_rep1_bwa_hg38_sort_rmdup_MAPQ20.bam         -t ../bam/293T-bat_GBEmini-AP-RNF2-All-PD_rep1_bwa_hg38_sort_rmdup_MAPQ20.bam         -r /home/zhaohuanan/zhaohn_HD/2.database/fasta_hg38/hg38_only_chromosome.fa         -m ../json/293T-bat_VEGFA-Vector-PD_rep1_hg38.MAPQ20.background.json         -n ../json/293T-bat_GBEmini-AP-RNF2-All-PD_rep1_hg38.MAPQ20.background.json         -g ./lib/hg38.json         -o ../table/detect_seq.StatsTest.table_CTRL-VEGFA-Vector-PD_TREAT-GBEmini-AP-RNF2-All-PD_rep1.filtered_SMN-6_SCN-5_SMR-0.1_RPN-2_RTN-2.C2G_merge_G2C.tsv         --region_mutation_min_cutoff 2         --query_mutation_type CG,GC         --query_mutation_min_cutoff 2         --query_mutation_max_cutoff 18         --other_mutation_max_cutoff 12         --total_mutation_max_cutoff 26 >../table/detect_seq.StatsTest.table_CTRL-VEGFA-Vector-PD_TREAT-GBEmini-AP-RNF2-All-PD_rep1.filtered_SMN-6_SCN-5_SMR-0.1_RPN-2_RTN-2.C2G_merge_G2C.tsv.log 2>&1
        

[Wed Nov 11 15:57:24 2020]
rule poisson_test:
    input: ../mpmat_filter_merge/293T-bat_GBEmini-dU-RNF2-All-PD_rep1_hg38.filtered_SMN-2_SCN-5_SMR-0.01_RPN-2_RTN-2.C2G_merge_G2C.sort.mpmat, ../bam/293T-bat_VEGFA-Vector-PD_rep1_bwa_hg38_sort_rmdup_MAPQ20.bam, ../bam/293T-bat_GBEmini-dU-RNF2-All-PD_rep1_bwa_hg38_sort_rmdup_MAPQ20.bam, ../json/293T-bat_VEGFA-Vector-PD_rep1_hg38.MAPQ20.background.json, ../json/293T-bat_GBEmini-dU-RNF2-All-PD_rep1_hg38.MAPQ20.background.json
    output: ../table/detect_seq.StatsTest.table_CTRL-VEGFA-Vector-PD_TREAT-GBEmini-dU-RNF2-All-PD_rep1.filtered_SMN-2_SCN-5_SMR-0.01_RPN-2_RTN-2.C2G_merge_G2C.tsv
    log: ../table/detect_seq.StatsTest.table_CTRL-VEGFA-Vector-PD_TREAT-GBEmini-dU-RNF2-All-PD_rep1.filtered_SMN-2_SCN-5_SMR-0.01_RPN-2_RTN-2.C2G_merge_G2C.tsv.log
    jobid: 37
    reason: Missing output files: ../table/detect_seq.StatsTest.table_CTRL-VEGFA-Vector-PD_TREAT-GBEmini-dU-RNF2-All-PD_rep1.filtered_SMN-2_SCN-5_SMR-0.01_RPN-2_RTN-2.C2G_merge_G2C.tsv
    wildcards: ctrl=VEGFA-Vector-PD, treat=GBEmini-dU-RNF2-All-PD, rep=rep1, SMN=2, SCN=5, SMR=0.01, RPN=2, RTN=2, a=C, b=G, c=G, d=C


        /home/zhaohuanan/zhaohn_HD/miniconda3/envs/snakepipes_detect-seq/bin/python ./program/find-significant-mpmat-V02.py         -i ../mpmat_filter_merge/293T-bat_GBEmini-dU-RNF2-All-PD_rep1_hg38.filtered_SMN-2_SCN-5_SMR-0.01_RPN-2_RTN-2.C2G_merge_G2C.sort.mpmat         -c ../bam/293T-bat_VEGFA-Vector-PD_rep1_bwa_hg38_sort_rmdup_MAPQ20.bam         -t ../bam/293T-bat_GBEmini-dU-RNF2-All-PD_rep1_bwa_hg38_sort_rmdup_MAPQ20.bam         -r /home/zhaohuanan/zhaohn_HD/2.database/fasta_hg38/hg38_only_chromosome.fa         -m ../json/293T-bat_VEGFA-Vector-PD_rep1_hg38.MAPQ20.background.json         -n ../json/293T-bat_GBEmini-dU-RNF2-All-PD_rep1_hg38.MAPQ20.background.json         -g ./lib/hg38.json         -o ../table/detect_seq.StatsTest.table_CTRL-VEGFA-Vector-PD_TREAT-GBEmini-dU-RNF2-All-PD_rep1.filtered_SMN-2_SCN-5_SMR-0.01_RPN-2_RTN-2.C2G_merge_G2C.tsv         --region_mutation_min_cutoff 2         --query_mutation_type CG,GC         --query_mutation_min_cutoff 2         --query_mutation_max_cutoff 18         --other_mutation_max_cutoff 12         --total_mutation_max_cutoff 26 >../table/detect_seq.StatsTest.table_CTRL-VEGFA-Vector-PD_TREAT-GBEmini-dU-RNF2-All-PD_rep1.filtered_SMN-2_SCN-5_SMR-0.01_RPN-2_RTN-2.C2G_merge_G2C.tsv.log 2>&1
        

[Wed Nov 11 15:57:24 2020]
rule poisson_test:
    input: ../mpmat_filter_merge/293T-bat_GBEmini-dU-RNF2-All-PD_rep1_hg38.filtered_SMN-6_SCN-5_SMR-0.01_RPN-2_RTN-2.C2G_merge_G2C.sort.mpmat, ../bam/293T-bat_VEGFA-Vector-PD_rep1_bwa_hg38_sort_rmdup_MAPQ20.bam, ../bam/293T-bat_GBEmini-dU-RNF2-All-PD_rep1_bwa_hg38_sort_rmdup_MAPQ20.bam, ../json/293T-bat_VEGFA-Vector-PD_rep1_hg38.MAPQ20.background.json, ../json/293T-bat_GBEmini-dU-RNF2-All-PD_rep1_hg38.MAPQ20.background.json
    output: ../table/detect_seq.StatsTest.table_CTRL-VEGFA-Vector-PD_TREAT-GBEmini-dU-RNF2-All-PD_rep1.filtered_SMN-6_SCN-5_SMR-0.01_RPN-2_RTN-2.C2G_merge_G2C.tsv
    log: ../table/detect_seq.StatsTest.table_CTRL-VEGFA-Vector-PD_TREAT-GBEmini-dU-RNF2-All-PD_rep1.filtered_SMN-6_SCN-5_SMR-0.01_RPN-2_RTN-2.C2G_merge_G2C.tsv.log
    jobid: 53
    reason: Missing output files: ../table/detect_seq.StatsTest.table_CTRL-VEGFA-Vector-PD_TREAT-GBEmini-dU-RNF2-All-PD_rep1.filtered_SMN-6_SCN-5_SMR-0.01_RPN-2_RTN-2.C2G_merge_G2C.tsv
    wildcards: ctrl=VEGFA-Vector-PD, treat=GBEmini-dU-RNF2-All-PD, rep=rep1, SMN=6, SCN=5, SMR=0.01, RPN=2, RTN=2, a=C, b=G, c=G, d=C


        /home/zhaohuanan/zhaohn_HD/miniconda3/envs/snakepipes_detect-seq/bin/python ./program/find-significant-mpmat-V02.py         -i ../mpmat_filter_merge/293T-bat_GBEmini-dU-RNF2-All-PD_rep1_hg38.filtered_SMN-6_SCN-5_SMR-0.01_RPN-2_RTN-2.C2G_merge_G2C.sort.mpmat         -c ../bam/293T-bat_VEGFA-Vector-PD_rep1_bwa_hg38_sort_rmdup_MAPQ20.bam         -t ../bam/293T-bat_GBEmini-dU-RNF2-All-PD_rep1_bwa_hg38_sort_rmdup_MAPQ20.bam         -r /home/zhaohuanan/zhaohn_HD/2.database/fasta_hg38/hg38_only_chromosome.fa         -m ../json/293T-bat_VEGFA-Vector-PD_rep1_hg38.MAPQ20.background.json         -n ../json/293T-bat_GBEmini-dU-RNF2-All-PD_rep1_hg38.MAPQ20.background.json         -g ./lib/hg38.json         -o ../table/detect_seq.StatsTest.table_CTRL-VEGFA-Vector-PD_TREAT-GBEmini-dU-RNF2-All-PD_rep1.filtered_SMN-6_SCN-5_SMR-0.01_RPN-2_RTN-2.C2G_merge_G2C.tsv         --region_mutation_min_cutoff 2         --query_mutation_type CG,GC         --query_mutation_min_cutoff 2         --query_mutation_max_cutoff 18         --other_mutation_max_cutoff 12         --total_mutation_max_cutoff 26 >../table/detect_seq.StatsTest.table_CTRL-VEGFA-Vector-PD_TREAT-GBEmini-dU-RNF2-All-PD_rep1.filtered_SMN-6_SCN-5_SMR-0.01_RPN-2_RTN-2.C2G_merge_G2C.tsv.log 2>&1
        

[Wed Nov 11 15:57:24 2020]
rule poisson_test:
    input: ../mpmat_filter_merge/293T-bat_GBEmini-AP-RNF2-All-PD_rep1_hg38.filtered_SMN-8_SCN-5_SMR-0.1_RPN-2_RTN-2.C2G_merge_G2C.sort.mpmat, ../bam/293T-bat_VEGFA-Vector-PD_rep1_bwa_hg38_sort_rmdup_MAPQ20.bam, ../bam/293T-bat_GBEmini-AP-RNF2-All-PD_rep1_bwa_hg38_sort_rmdup_MAPQ20.bam, ../json/293T-bat_VEGFA-Vector-PD_rep1_hg38.MAPQ20.background.json, ../json/293T-bat_GBEmini-AP-RNF2-All-PD_rep1_hg38.MAPQ20.background.json
    output: ../table/detect_seq.StatsTest.table_CTRL-VEGFA-Vector-PD_TREAT-GBEmini-AP-RNF2-All-PD_rep1.filtered_SMN-8_SCN-5_SMR-0.1_RPN-2_RTN-2.C2G_merge_G2C.tsv
    log: ../table/detect_seq.StatsTest.table_CTRL-VEGFA-Vector-PD_TREAT-GBEmini-AP-RNF2-All-PD_rep1.filtered_SMN-8_SCN-5_SMR-0.1_RPN-2_RTN-2.C2G_merge_G2C.tsv.log
    jobid: 30
    reason: Missing output files: ../table/detect_seq.StatsTest.table_CTRL-VEGFA-Vector-PD_TREAT-GBEmini-AP-RNF2-All-PD_rep1.filtered_SMN-8_SCN-5_SMR-0.1_RPN-2_RTN-2.C2G_merge_G2C.tsv
    wildcards: ctrl=VEGFA-Vector-PD, treat=GBEmini-AP-RNF2-All-PD, rep=rep1, SMN=8, SCN=5, SMR=0.1, RPN=2, RTN=2, a=C, b=G, c=G, d=C


        /home/zhaohuanan/zhaohn_HD/miniconda3/envs/snakepipes_detect-seq/bin/python ./program/find-significant-mpmat-V02.py         -i ../mpmat_filter_merge/293T-bat_GBEmini-AP-RNF2-All-PD_rep1_hg38.filtered_SMN-8_SCN-5_SMR-0.1_RPN-2_RTN-2.C2G_merge_G2C.sort.mpmat         -c ../bam/293T-bat_VEGFA-Vector-PD_rep1_bwa_hg38_sort_rmdup_MAPQ20.bam         -t ../bam/293T-bat_GBEmini-AP-RNF2-All-PD_rep1_bwa_hg38_sort_rmdup_MAPQ20.bam         -r /home/zhaohuanan/zhaohn_HD/2.database/fasta_hg38/hg38_only_chromosome.fa         -m ../json/293T-bat_VEGFA-Vector-PD_rep1_hg38.MAPQ20.background.json         -n ../json/293T-bat_GBEmini-AP-RNF2-All-PD_rep1_hg38.MAPQ20.background.json         -g ./lib/hg38.json         -o ../table/detect_seq.StatsTest.table_CTRL-VEGFA-Vector-PD_TREAT-GBEmini-AP-RNF2-All-PD_rep1.filtered_SMN-8_SCN-5_SMR-0.1_RPN-2_RTN-2.C2G_merge_G2C.tsv         --region_mutation_min_cutoff 2         --query_mutation_type CG,GC         --query_mutation_min_cutoff 2         --query_mutation_max_cutoff 18         --other_mutation_max_cutoff 12         --total_mutation_max_cutoff 26 >../table/detect_seq.StatsTest.table_CTRL-VEGFA-Vector-PD_TREAT-GBEmini-AP-RNF2-All-PD_rep1.filtered_SMN-8_SCN-5_SMR-0.1_RPN-2_RTN-2.C2G_merge_G2C.tsv.log 2>&1
        

[Wed Nov 11 15:57:24 2020]
rule poisson_test:
    input: ../mpmat_filter_merge/293T-bat_GBEmini-dU-RNF2-All-PD_rep1_hg38.filtered_SMN-4_SCN-5_SMR-0.1_RPN-2_RTN-2.C2G_merge_G2C.sort.mpmat, ../bam/293T-bat_VEGFA-Vector-PD_rep1_bwa_hg38_sort_rmdup_MAPQ20.bam, ../bam/293T-bat_GBEmini-dU-RNF2-All-PD_rep1_bwa_hg38_sort_rmdup_MAPQ20.bam, ../json/293T-bat_VEGFA-Vector-PD_rep1_hg38.MAPQ20.background.json, ../json/293T-bat_GBEmini-dU-RNF2-All-PD_rep1_hg38.MAPQ20.background.json
    output: ../table/detect_seq.StatsTest.table_CTRL-VEGFA-Vector-PD_TREAT-GBEmini-dU-RNF2-All-PD_rep1.filtered_SMN-4_SCN-5_SMR-0.1_RPN-2_RTN-2.C2G_merge_G2C.tsv
    log: ../table/detect_seq.StatsTest.table_CTRL-VEGFA-Vector-PD_TREAT-GBEmini-dU-RNF2-All-PD_rep1.filtered_SMN-4_SCN-5_SMR-0.1_RPN-2_RTN-2.C2G_merge_G2C.tsv.log
    jobid: 46
    reason: Missing output files: ../table/detect_seq.StatsTest.table_CTRL-VEGFA-Vector-PD_TREAT-GBEmini-dU-RNF2-All-PD_rep1.filtered_SMN-4_SCN-5_SMR-0.1_RPN-2_RTN-2.C2G_merge_G2C.tsv
    wildcards: ctrl=VEGFA-Vector-PD, treat=GBEmini-dU-RNF2-All-PD, rep=rep1, SMN=4, SCN=5, SMR=0.1, RPN=2, RTN=2, a=C, b=G, c=G, d=C


        /home/zhaohuanan/zhaohn_HD/miniconda3/envs/snakepipes_detect-seq/bin/python ./program/find-significant-mpmat-V02.py         -i ../mpmat_filter_merge/293T-bat_GBEmini-dU-RNF2-All-PD_rep1_hg38.filtered_SMN-4_SCN-5_SMR-0.1_RPN-2_RTN-2.C2G_merge_G2C.sort.mpmat         -c ../bam/293T-bat_VEGFA-Vector-PD_rep1_bwa_hg38_sort_rmdup_MAPQ20.bam         -t ../bam/293T-bat_GBEmini-dU-RNF2-All-PD_rep1_bwa_hg38_sort_rmdup_MAPQ20.bam         -r /home/zhaohuanan/zhaohn_HD/2.database/fasta_hg38/hg38_only_chromosome.fa         -m ../json/293T-bat_VEGFA-Vector-PD_rep1_hg38.MAPQ20.background.json         -n ../json/293T-bat_GBEmini-dU-RNF2-All-PD_rep1_hg38.MAPQ20.background.json         -g ./lib/hg38.json         -o ../table/detect_seq.StatsTest.table_CTRL-VEGFA-Vector-PD_TREAT-GBEmini-dU-RNF2-All-PD_rep1.filtered_SMN-4_SCN-5_SMR-0.1_RPN-2_RTN-2.C2G_merge_G2C.tsv         --region_mutation_min_cutoff 2         --query_mutation_type CG,GC         --query_mutation_min_cutoff 2         --query_mutation_max_cutoff 18         --other_mutation_max_cutoff 12         --total_mutation_max_cutoff 26 >../table/detect_seq.StatsTest.table_CTRL-VEGFA-Vector-PD_TREAT-GBEmini-dU-RNF2-All-PD_rep1.filtered_SMN-4_SCN-5_SMR-0.1_RPN-2_RTN-2.C2G_merge_G2C.tsv.log 2>&1
        

[Wed Nov 11 15:57:24 2020]
rule poisson_test:
    input: ../mpmat_filter_merge/293T-bat_GBEmini-dU-RNF2-All-PD_rep1_hg38.filtered_SMN-7_SCN-10_SMR-0.1_RPN-2_RTN-2.C2G_merge_G2C.sort.mpmat, ../bam/293T-bat_VEGFA-Vector-PD_rep1_bwa_hg38_sort_rmdup_MAPQ20.bam, ../bam/293T-bat_GBEmini-dU-RNF2-All-PD_rep1_bwa_hg38_sort_rmdup_MAPQ20.bam, ../json/293T-bat_VEGFA-Vector-PD_rep1_hg38.MAPQ20.background.json, ../json/293T-bat_GBEmini-dU-RNF2-All-PD_rep1_hg38.MAPQ20.background.json
    output: ../table/detect_seq.StatsTest.table_CTRL-VEGFA-Vector-PD_TREAT-GBEmini-dU-RNF2-All-PD_rep1.filtered_SMN-7_SCN-10_SMR-0.1_RPN-2_RTN-2.C2G_merge_G2C.tsv
    log: ../table/detect_seq.StatsTest.table_CTRL-VEGFA-Vector-PD_TREAT-GBEmini-dU-RNF2-All-PD_rep1.filtered_SMN-7_SCN-10_SMR-0.1_RPN-2_RTN-2.C2G_merge_G2C.tsv.log
    jobid: 60
    reason: Missing output files: ../table/detect_seq.StatsTest.table_CTRL-VEGFA-Vector-PD_TREAT-GBEmini-dU-RNF2-All-PD_rep1.filtered_SMN-7_SCN-10_SMR-0.1_RPN-2_RTN-2.C2G_merge_G2C.tsv
    wildcards: ctrl=VEGFA-Vector-PD, treat=GBEmini-dU-RNF2-All-PD, rep=rep1, SMN=7, SCN=10, SMR=0.1, RPN=2, RTN=2, a=C, b=G, c=G, d=C


        /home/zhaohuanan/zhaohn_HD/miniconda3/envs/snakepipes_detect-seq/bin/python ./program/find-significant-mpmat-V02.py         -i ../mpmat_filter_merge/293T-bat_GBEmini-dU-RNF2-All-PD_rep1_hg38.filtered_SMN-7_SCN-10_SMR-0.1_RPN-2_RTN-2.C2G_merge_G2C.sort.mpmat         -c ../bam/293T-bat_VEGFA-Vector-PD_rep1_bwa_hg38_sort_rmdup_MAPQ20.bam         -t ../bam/293T-bat_GBEmini-dU-RNF2-All-PD_rep1_bwa_hg38_sort_rmdup_MAPQ20.bam         -r /home/zhaohuanan/zhaohn_HD/2.database/fasta_hg38/hg38_only_chromosome.fa         -m ../json/293T-bat_VEGFA-Vector-PD_rep1_hg38.MAPQ20.background.json         -n ../json/293T-bat_GBEmini-dU-RNF2-All-PD_rep1_hg38.MAPQ20.background.json         -g ./lib/hg38.json         -o ../table/detect_seq.StatsTest.table_CTRL-VEGFA-Vector-PD_TREAT-GBEmini-dU-RNF2-All-PD_rep1.filtered_SMN-7_SCN-10_SMR-0.1_RPN-2_RTN-2.C2G_merge_G2C.tsv         --region_mutation_min_cutoff 2         --query_mutation_type CG,GC         --query_mutation_min_cutoff 2         --query_mutation_max_cutoff 18         --other_mutation_max_cutoff 12         --total_mutation_max_cutoff 26 >../table/detect_seq.StatsTest.table_CTRL-VEGFA-Vector-PD_TREAT-GBEmini-dU-RNF2-All-PD_rep1.filtered_SMN-7_SCN-10_SMR-0.1_RPN-2_RTN-2.C2G_merge_G2C.tsv.log 2>&1
        

[Wed Nov 11 15:57:24 2020]
rule poisson_test:
    input: ../mpmat_filter_merge/293T-bat_GBEmini-AP-RNF2-All-PD_rep1_hg38.filtered_SMN-3_SCN-5_SMR-0.01_RPN-2_RTN-2.C2G_merge_G2C.sort.mpmat, ../bam/293T-bat_VEGFA-Vector-PD_rep1_bwa_hg38_sort_rmdup_MAPQ20.bam, ../bam/293T-bat_GBEmini-AP-RNF2-All-PD_rep1_bwa_hg38_sort_rmdup_MAPQ20.bam, ../json/293T-bat_VEGFA-Vector-PD_rep1_hg38.MAPQ20.background.json, ../json/293T-bat_GBEmini-AP-RNF2-All-PD_rep1_hg38.MAPQ20.background.json
    output: ../table/detect_seq.StatsTest.table_CTRL-VEGFA-Vector-PD_TREAT-GBEmini-AP-RNF2-All-PD_rep1.filtered_SMN-3_SCN-5_SMR-0.01_RPN-2_RTN-2.C2G_merge_G2C.tsv
    log: ../table/detect_seq.StatsTest.table_CTRL-VEGFA-Vector-PD_TREAT-GBEmini-AP-RNF2-All-PD_rep1.filtered_SMN-3_SCN-5_SMR-0.01_RPN-2_RTN-2.C2G_merge_G2C.tsv.log
    jobid: 9
    reason: Missing output files: ../table/detect_seq.StatsTest.table_CTRL-VEGFA-Vector-PD_TREAT-GBEmini-AP-RNF2-All-PD_rep1.filtered_SMN-3_SCN-5_SMR-0.01_RPN-2_RTN-2.C2G_merge_G2C.tsv
    wildcards: ctrl=VEGFA-Vector-PD, treat=GBEmini-AP-RNF2-All-PD, rep=rep1, SMN=3, SCN=5, SMR=0.01, RPN=2, RTN=2, a=C, b=G, c=G, d=C


        /home/zhaohuanan/zhaohn_HD/miniconda3/envs/snakepipes_detect-seq/bin/python ./program/find-significant-mpmat-V02.py         -i ../mpmat_filter_merge/293T-bat_GBEmini-AP-RNF2-All-PD_rep1_hg38.filtered_SMN-3_SCN-5_SMR-0.01_RPN-2_RTN-2.C2G_merge_G2C.sort.mpmat         -c ../bam/293T-bat_VEGFA-Vector-PD_rep1_bwa_hg38_sort_rmdup_MAPQ20.bam         -t ../bam/293T-bat_GBEmini-AP-RNF2-All-PD_rep1_bwa_hg38_sort_rmdup_MAPQ20.bam         -r /home/zhaohuanan/zhaohn_HD/2.database/fasta_hg38/hg38_only_chromosome.fa         -m ../json/293T-bat_VEGFA-Vector-PD_rep1_hg38.MAPQ20.background.json         -n ../json/293T-bat_GBEmini-AP-RNF2-All-PD_rep1_hg38.MAPQ20.background.json         -g ./lib/hg38.json         -o ../table/detect_seq.StatsTest.table_CTRL-VEGFA-Vector-PD_TREAT-GBEmini-AP-RNF2-All-PD_rep1.filtered_SMN-3_SCN-5_SMR-0.01_RPN-2_RTN-2.C2G_merge_G2C.tsv         --region_mutation_min_cutoff 2         --query_mutation_type CG,GC         --query_mutation_min_cutoff 2         --query_mutation_max_cutoff 18         --other_mutation_max_cutoff 12         --total_mutation_max_cutoff 26 >../table/detect_seq.StatsTest.table_CTRL-VEGFA-Vector-PD_TREAT-GBEmini-AP-RNF2-All-PD_rep1.filtered_SMN-3_SCN-5_SMR-0.01_RPN-2_RTN-2.C2G_merge_G2C.tsv.log 2>&1
        

[Wed Nov 11 15:57:24 2020]
rule poisson_test:
    input: ../mpmat_filter_merge/293T-bat_GBEmini-AP-RNF2-All-PD_rep1_hg38.filtered_SMN-1_SCN-5_SMR-0.1_RPN-2_RTN-2.C2G_merge_G2C.sort.mpmat, ../bam/293T-bat_VEGFA-Vector-PD_rep1_bwa_hg38_sort_rmdup_MAPQ20.bam, ../bam/293T-bat_GBEmini-AP-RNF2-All-PD_rep1_bwa_hg38_sort_rmdup_MAPQ20.bam, ../json/293T-bat_VEGFA-Vector-PD_rep1_hg38.MAPQ20.background.json, ../json/293T-bat_GBEmini-AP-RNF2-All-PD_rep1_hg38.MAPQ20.background.json
    output: ../table/detect_seq.StatsTest.table_CTRL-VEGFA-Vector-PD_TREAT-GBEmini-AP-RNF2-All-PD_rep1.filtered_SMN-1_SCN-5_SMR-0.1_RPN-2_RTN-2.C2G_merge_G2C.tsv
    log: ../table/detect_seq.StatsTest.table_CTRL-VEGFA-Vector-PD_TREAT-GBEmini-AP-RNF2-All-PD_rep1.filtered_SMN-1_SCN-5_SMR-0.1_RPN-2_RTN-2.C2G_merge_G2C.tsv.log
    jobid: 2
    reason: Missing output files: ../table/detect_seq.StatsTest.table_CTRL-VEGFA-Vector-PD_TREAT-GBEmini-AP-RNF2-All-PD_rep1.filtered_SMN-1_SCN-5_SMR-0.1_RPN-2_RTN-2.C2G_merge_G2C.tsv
    wildcards: ctrl=VEGFA-Vector-PD, treat=GBEmini-AP-RNF2-All-PD, rep=rep1, SMN=1, SCN=5, SMR=0.1, RPN=2, RTN=2, a=C, b=G, c=G, d=C


        /home/zhaohuanan/zhaohn_HD/miniconda3/envs/snakepipes_detect-seq/bin/python ./program/find-significant-mpmat-V02.py         -i ../mpmat_filter_merge/293T-bat_GBEmini-AP-RNF2-All-PD_rep1_hg38.filtered_SMN-1_SCN-5_SMR-0.1_RPN-2_RTN-2.C2G_merge_G2C.sort.mpmat         -c ../bam/293T-bat_VEGFA-Vector-PD_rep1_bwa_hg38_sort_rmdup_MAPQ20.bam         -t ../bam/293T-bat_GBEmini-AP-RNF2-All-PD_rep1_bwa_hg38_sort_rmdup_MAPQ20.bam         -r /home/zhaohuanan/zhaohn_HD/2.database/fasta_hg38/hg38_only_chromosome.fa         -m ../json/293T-bat_VEGFA-Vector-PD_rep1_hg38.MAPQ20.background.json         -n ../json/293T-bat_GBEmini-AP-RNF2-All-PD_rep1_hg38.MAPQ20.background.json         -g ./lib/hg38.json         -o ../table/detect_seq.StatsTest.table_CTRL-VEGFA-Vector-PD_TREAT-GBEmini-AP-RNF2-All-PD_rep1.filtered_SMN-1_SCN-5_SMR-0.1_RPN-2_RTN-2.C2G_merge_G2C.tsv         --region_mutation_min_cutoff 2         --query_mutation_type CG,GC         --query_mutation_min_cutoff 2         --query_mutation_max_cutoff 18         --other_mutation_max_cutoff 12         --total_mutation_max_cutoff 26 >../table/detect_seq.StatsTest.table_CTRL-VEGFA-Vector-PD_TREAT-GBEmini-AP-RNF2-All-PD_rep1.filtered_SMN-1_SCN-5_SMR-0.1_RPN-2_RTN-2.C2G_merge_G2C.tsv.log 2>&1
        

[Wed Nov 11 15:57:24 2020]
rule poisson_test:
    input: ../mpmat_filter_merge/293T-bat_GBEmini-dU-RNF2-All-PD_rep1_hg38.filtered_SMN-3_SCN-5_SMR-0.01_RPN-2_RTN-2.C2G_merge_G2C.sort.mpmat, ../bam/293T-bat_VEGFA-Vector-PD_rep1_bwa_hg38_sort_rmdup_MAPQ20.bam, ../bam/293T-bat_GBEmini-dU-RNF2-All-PD_rep1_bwa_hg38_sort_rmdup_MAPQ20.bam, ../json/293T-bat_VEGFA-Vector-PD_rep1_hg38.MAPQ20.background.json, ../json/293T-bat_GBEmini-dU-RNF2-All-PD_rep1_hg38.MAPQ20.background.json
    output: ../table/detect_seq.StatsTest.table_CTRL-VEGFA-Vector-PD_TREAT-GBEmini-dU-RNF2-All-PD_rep1.filtered_SMN-3_SCN-5_SMR-0.01_RPN-2_RTN-2.C2G_merge_G2C.tsv
    log: ../table/detect_seq.StatsTest.table_CTRL-VEGFA-Vector-PD_TREAT-GBEmini-dU-RNF2-All-PD_rep1.filtered_SMN-3_SCN-5_SMR-0.01_RPN-2_RTN-2.C2G_merge_G2C.tsv.log
    jobid: 41
    reason: Missing output files: ../table/detect_seq.StatsTest.table_CTRL-VEGFA-Vector-PD_TREAT-GBEmini-dU-RNF2-All-PD_rep1.filtered_SMN-3_SCN-5_SMR-0.01_RPN-2_RTN-2.C2G_merge_G2C.tsv
    wildcards: ctrl=VEGFA-Vector-PD, treat=GBEmini-dU-RNF2-All-PD, rep=rep1, SMN=3, SCN=5, SMR=0.01, RPN=2, RTN=2, a=C, b=G, c=G, d=C


        /home/zhaohuanan/zhaohn_HD/miniconda3/envs/snakepipes_detect-seq/bin/python ./program/find-significant-mpmat-V02.py         -i ../mpmat_filter_merge/293T-bat_GBEmini-dU-RNF2-All-PD_rep1_hg38.filtered_SMN-3_SCN-5_SMR-0.01_RPN-2_RTN-2.C2G_merge_G2C.sort.mpmat         -c ../bam/293T-bat_VEGFA-Vector-PD_rep1_bwa_hg38_sort_rmdup_MAPQ20.bam         -t ../bam/293T-bat_GBEmini-dU-RNF2-All-PD_rep1_bwa_hg38_sort_rmdup_MAPQ20.bam         -r /home/zhaohuanan/zhaohn_HD/2.database/fasta_hg38/hg38_only_chromosome.fa         -m ../json/293T-bat_VEGFA-Vector-PD_rep1_hg38.MAPQ20.background.json         -n ../json/293T-bat_GBEmini-dU-RNF2-All-PD_rep1_hg38.MAPQ20.background.json         -g ./lib/hg38.json         -o ../table/detect_seq.StatsTest.table_CTRL-VEGFA-Vector-PD_TREAT-GBEmini-dU-RNF2-All-PD_rep1.filtered_SMN-3_SCN-5_SMR-0.01_RPN-2_RTN-2.C2G_merge_G2C.tsv         --region_mutation_min_cutoff 2         --query_mutation_type CG,GC         --query_mutation_min_cutoff 2         --query_mutation_max_cutoff 18         --other_mutation_max_cutoff 12         --total_mutation_max_cutoff 26 >../table/detect_seq.StatsTest.table_CTRL-VEGFA-Vector-PD_TREAT-GBEmini-dU-RNF2-All-PD_rep1.filtered_SMN-3_SCN-5_SMR-0.01_RPN-2_RTN-2.C2G_merge_G2C.tsv.log 2>&1
        

[Wed Nov 11 15:57:24 2020]
rule poisson_test:
    input: ../mpmat_filter_merge/293T-bat_GBEmini-AP-RNF2-All-PD_rep1_hg38.filtered_SMN-6_SCN-10_SMR-0.01_RPN-2_RTN-2.C2G_merge_G2C.sort.mpmat, ../bam/293T-bat_VEGFA-Vector-PD_rep1_bwa_hg38_sort_rmdup_MAPQ20.bam, ../bam/293T-bat_GBEmini-AP-RNF2-All-PD_rep1_bwa_hg38_sort_rmdup_MAPQ20.bam, ../json/293T-bat_VEGFA-Vector-PD_rep1_hg38.MAPQ20.background.json, ../json/293T-bat_GBEmini-AP-RNF2-All-PD_rep1_hg38.MAPQ20.background.json
    output: ../table/detect_seq.StatsTest.table_CTRL-VEGFA-Vector-PD_TREAT-GBEmini-AP-RNF2-All-PD_rep1.filtered_SMN-6_SCN-10_SMR-0.01_RPN-2_RTN-2.C2G_merge_G2C.tsv
    log: ../table/detect_seq.StatsTest.table_CTRL-VEGFA-Vector-PD_TREAT-GBEmini-AP-RNF2-All-PD_rep1.filtered_SMN-6_SCN-10_SMR-0.01_RPN-2_RTN-2.C2G_merge_G2C.tsv.log
    jobid: 23
    reason: Missing output files: ../table/detect_seq.StatsTest.table_CTRL-VEGFA-Vector-PD_TREAT-GBEmini-AP-RNF2-All-PD_rep1.filtered_SMN-6_SCN-10_SMR-0.01_RPN-2_RTN-2.C2G_merge_G2C.tsv
    wildcards: ctrl=VEGFA-Vector-PD, treat=GBEmini-AP-RNF2-All-PD, rep=rep1, SMN=6, SCN=10, SMR=0.01, RPN=2, RTN=2, a=C, b=G, c=G, d=C


        /home/zhaohuanan/zhaohn_HD/miniconda3/envs/snakepipes_detect-seq/bin/python ./program/find-significant-mpmat-V02.py         -i ../mpmat_filter_merge/293T-bat_GBEmini-AP-RNF2-All-PD_rep1_hg38.filtered_SMN-6_SCN-10_SMR-0.01_RPN-2_RTN-2.C2G_merge_G2C.sort.mpmat         -c ../bam/293T-bat_VEGFA-Vector-PD_rep1_bwa_hg38_sort_rmdup_MAPQ20.bam         -t ../bam/293T-bat_GBEmini-AP-RNF2-All-PD_rep1_bwa_hg38_sort_rmdup_MAPQ20.bam         -r /home/zhaohuanan/zhaohn_HD/2.database/fasta_hg38/hg38_only_chromosome.fa         -m ../json/293T-bat_VEGFA-Vector-PD_rep1_hg38.MAPQ20.background.json         -n ../json/293T-bat_GBEmini-AP-RNF2-All-PD_rep1_hg38.MAPQ20.background.json         -g ./lib/hg38.json         -o ../table/detect_seq.StatsTest.table_CTRL-VEGFA-Vector-PD_TREAT-GBEmini-AP-RNF2-All-PD_rep1.filtered_SMN-6_SCN-10_SMR-0.01_RPN-2_RTN-2.C2G_merge_G2C.tsv         --region_mutation_min_cutoff 2         --query_mutation_type CG,GC         --query_mutation_min_cutoff 2         --query_mutation_max_cutoff 18         --other_mutation_max_cutoff 12         --total_mutation_max_cutoff 26 >../table/detect_seq.StatsTest.table_CTRL-VEGFA-Vector-PD_TREAT-GBEmini-AP-RNF2-All-PD_rep1.filtered_SMN-6_SCN-10_SMR-0.01_RPN-2_RTN-2.C2G_merge_G2C.tsv.log 2>&1
        

[Wed Nov 11 15:57:24 2020]
rule poisson_test:
    input: ../mpmat_filter_merge/293T-bat_GBEmini-dU-RNF2-All-PD_rep1_hg38.filtered_SMN-2_SCN-5_SMR-0.1_RPN-2_RTN-2.C2G_merge_G2C.sort.mpmat, ../bam/293T-bat_VEGFA-Vector-PD_rep1_bwa_hg38_sort_rmdup_MAPQ20.bam, ../bam/293T-bat_GBEmini-dU-RNF2-All-PD_rep1_bwa_hg38_sort_rmdup_MAPQ20.bam, ../json/293T-bat_VEGFA-Vector-PD_rep1_hg38.MAPQ20.background.json, ../json/293T-bat_GBEmini-dU-RNF2-All-PD_rep1_hg38.MAPQ20.background.json
    output: ../table/detect_seq.StatsTest.table_CTRL-VEGFA-Vector-PD_TREAT-GBEmini-dU-RNF2-All-PD_rep1.filtered_SMN-2_SCN-5_SMR-0.1_RPN-2_RTN-2.C2G_merge_G2C.tsv
    log: ../table/detect_seq.StatsTest.table_CTRL-VEGFA-Vector-PD_TREAT-GBEmini-dU-RNF2-All-PD_rep1.filtered_SMN-2_SCN-5_SMR-0.1_RPN-2_RTN-2.C2G_merge_G2C.tsv.log
    jobid: 38
    reason: Missing output files: ../table/detect_seq.StatsTest.table_CTRL-VEGFA-Vector-PD_TREAT-GBEmini-dU-RNF2-All-PD_rep1.filtered_SMN-2_SCN-5_SMR-0.1_RPN-2_RTN-2.C2G_merge_G2C.tsv
    wildcards: ctrl=VEGFA-Vector-PD, treat=GBEmini-dU-RNF2-All-PD, rep=rep1, SMN=2, SCN=5, SMR=0.1, RPN=2, RTN=2, a=C, b=G, c=G, d=C


        /home/zhaohuanan/zhaohn_HD/miniconda3/envs/snakepipes_detect-seq/bin/python ./program/find-significant-mpmat-V02.py         -i ../mpmat_filter_merge/293T-bat_GBEmini-dU-RNF2-All-PD_rep1_hg38.filtered_SMN-2_SCN-5_SMR-0.1_RPN-2_RTN-2.C2G_merge_G2C.sort.mpmat         -c ../bam/293T-bat_VEGFA-Vector-PD_rep1_bwa_hg38_sort_rmdup_MAPQ20.bam         -t ../bam/293T-bat_GBEmini-dU-RNF2-All-PD_rep1_bwa_hg38_sort_rmdup_MAPQ20.bam         -r /home/zhaohuanan/zhaohn_HD/2.database/fasta_hg38/hg38_only_chromosome.fa         -m ../json/293T-bat_VEGFA-Vector-PD_rep1_hg38.MAPQ20.background.json         -n ../json/293T-bat_GBEmini-dU-RNF2-All-PD_rep1_hg38.MAPQ20.background.json         -g ./lib/hg38.json         -o ../table/detect_seq.StatsTest.table_CTRL-VEGFA-Vector-PD_TREAT-GBEmini-dU-RNF2-All-PD_rep1.filtered_SMN-2_SCN-5_SMR-0.1_RPN-2_RTN-2.C2G_merge_G2C.tsv         --region_mutation_min_cutoff 2         --query_mutation_type CG,GC         --query_mutation_min_cutoff 2         --query_mutation_max_cutoff 18         --other_mutation_max_cutoff 12         --total_mutation_max_cutoff 26 >../table/detect_seq.StatsTest.table_CTRL-VEGFA-Vector-PD_TREAT-GBEmini-dU-RNF2-All-PD_rep1.filtered_SMN-2_SCN-5_SMR-0.1_RPN-2_RTN-2.C2G_merge_G2C.tsv.log 2>&1
        

[Wed Nov 11 15:57:24 2020]
rule poisson_test:
    input: ../mpmat_filter_merge/293T-bat_GBEmini-AP-RNF2-All-PD_rep1_hg38.filtered_SMN-8_SCN-10_SMR-0.01_RPN-2_RTN-2.C2G_merge_G2C.sort.mpmat, ../bam/293T-bat_VEGFA-Vector-PD_rep1_bwa_hg38_sort_rmdup_MAPQ20.bam, ../bam/293T-bat_GBEmini-AP-RNF2-All-PD_rep1_bwa_hg38_sort_rmdup_MAPQ20.bam, ../json/293T-bat_VEGFA-Vector-PD_rep1_hg38.MAPQ20.background.json, ../json/293T-bat_GBEmini-AP-RNF2-All-PD_rep1_hg38.MAPQ20.background.json
    output: ../table/detect_seq.StatsTest.table_CTRL-VEGFA-Vector-PD_TREAT-GBEmini-AP-RNF2-All-PD_rep1.filtered_SMN-8_SCN-10_SMR-0.01_RPN-2_RTN-2.C2G_merge_G2C.tsv
    log: ../table/detect_seq.StatsTest.table_CTRL-VEGFA-Vector-PD_TREAT-GBEmini-AP-RNF2-All-PD_rep1.filtered_SMN-8_SCN-10_SMR-0.01_RPN-2_RTN-2.C2G_merge_G2C.tsv.log
    jobid: 31
    reason: Missing output files: ../table/detect_seq.StatsTest.table_CTRL-VEGFA-Vector-PD_TREAT-GBEmini-AP-RNF2-All-PD_rep1.filtered_SMN-8_SCN-10_SMR-0.01_RPN-2_RTN-2.C2G_merge_G2C.tsv
    wildcards: ctrl=VEGFA-Vector-PD, treat=GBEmini-AP-RNF2-All-PD, rep=rep1, SMN=8, SCN=10, SMR=0.01, RPN=2, RTN=2, a=C, b=G, c=G, d=C


        /home/zhaohuanan/zhaohn_HD/miniconda3/envs/snakepipes_detect-seq/bin/python ./program/find-significant-mpmat-V02.py         -i ../mpmat_filter_merge/293T-bat_GBEmini-AP-RNF2-All-PD_rep1_hg38.filtered_SMN-8_SCN-10_SMR-0.01_RPN-2_RTN-2.C2G_merge_G2C.sort.mpmat         -c ../bam/293T-bat_VEGFA-Vector-PD_rep1_bwa_hg38_sort_rmdup_MAPQ20.bam         -t ../bam/293T-bat_GBEmini-AP-RNF2-All-PD_rep1_bwa_hg38_sort_rmdup_MAPQ20.bam         -r /home/zhaohuanan/zhaohn_HD/2.database/fasta_hg38/hg38_only_chromosome.fa         -m ../json/293T-bat_VEGFA-Vector-PD_rep1_hg38.MAPQ20.background.json         -n ../json/293T-bat_GBEmini-AP-RNF2-All-PD_rep1_hg38.MAPQ20.background.json         -g ./lib/hg38.json         -o ../table/detect_seq.StatsTest.table_CTRL-VEGFA-Vector-PD_TREAT-GBEmini-AP-RNF2-All-PD_rep1.filtered_SMN-8_SCN-10_SMR-0.01_RPN-2_RTN-2.C2G_merge_G2C.tsv         --region_mutation_min_cutoff 2         --query_mutation_type CG,GC         --query_mutation_min_cutoff 2         --query_mutation_max_cutoff 18         --other_mutation_max_cutoff 12         --total_mutation_max_cutoff 26 >../table/detect_seq.StatsTest.table_CTRL-VEGFA-Vector-PD_TREAT-GBEmini-AP-RNF2-All-PD_rep1.filtered_SMN-8_SCN-10_SMR-0.01_RPN-2_RTN-2.C2G_merge_G2C.tsv.log 2>&1
        

[Wed Nov 11 15:57:24 2020]
rule poisson_test:
    input: ../mpmat_filter_merge/293T-bat_GBEmini-dU-RNF2-All-PD_rep1_hg38.filtered_SMN-4_SCN-10_SMR-0.01_RPN-2_RTN-2.C2G_merge_G2C.sort.mpmat, ../bam/293T-bat_VEGFA-Vector-PD_rep1_bwa_hg38_sort_rmdup_MAPQ20.bam, ../bam/293T-bat_GBEmini-dU-RNF2-All-PD_rep1_bwa_hg38_sort_rmdup_MAPQ20.bam, ../json/293T-bat_VEGFA-Vector-PD_rep1_hg38.MAPQ20.background.json, ../json/293T-bat_GBEmini-dU-RNF2-All-PD_rep1_hg38.MAPQ20.background.json
    output: ../table/detect_seq.StatsTest.table_CTRL-VEGFA-Vector-PD_TREAT-GBEmini-dU-RNF2-All-PD_rep1.filtered_SMN-4_SCN-10_SMR-0.01_RPN-2_RTN-2.C2G_merge_G2C.tsv
    log: ../table/detect_seq.StatsTest.table_CTRL-VEGFA-Vector-PD_TREAT-GBEmini-dU-RNF2-All-PD_rep1.filtered_SMN-4_SCN-10_SMR-0.01_RPN-2_RTN-2.C2G_merge_G2C.tsv.log
    jobid: 47
    reason: Missing output files: ../table/detect_seq.StatsTest.table_CTRL-VEGFA-Vector-PD_TREAT-GBEmini-dU-RNF2-All-PD_rep1.filtered_SMN-4_SCN-10_SMR-0.01_RPN-2_RTN-2.C2G_merge_G2C.tsv
    wildcards: ctrl=VEGFA-Vector-PD, treat=GBEmini-dU-RNF2-All-PD, rep=rep1, SMN=4, SCN=10, SMR=0.01, RPN=2, RTN=2, a=C, b=G, c=G, d=C


        /home/zhaohuanan/zhaohn_HD/miniconda3/envs/snakepipes_detect-seq/bin/python ./program/find-significant-mpmat-V02.py         -i ../mpmat_filter_merge/293T-bat_GBEmini-dU-RNF2-All-PD_rep1_hg38.filtered_SMN-4_SCN-10_SMR-0.01_RPN-2_RTN-2.C2G_merge_G2C.sort.mpmat         -c ../bam/293T-bat_VEGFA-Vector-PD_rep1_bwa_hg38_sort_rmdup_MAPQ20.bam         -t ../bam/293T-bat_GBEmini-dU-RNF2-All-PD_rep1_bwa_hg38_sort_rmdup_MAPQ20.bam         -r /home/zhaohuanan/zhaohn_HD/2.database/fasta_hg38/hg38_only_chromosome.fa         -m ../json/293T-bat_VEGFA-Vector-PD_rep1_hg38.MAPQ20.background.json         -n ../json/293T-bat_GBEmini-dU-RNF2-All-PD_rep1_hg38.MAPQ20.background.json         -g ./lib/hg38.json         -o ../table/detect_seq.StatsTest.table_CTRL-VEGFA-Vector-PD_TREAT-GBEmini-dU-RNF2-All-PD_rep1.filtered_SMN-4_SCN-10_SMR-0.01_RPN-2_RTN-2.C2G_merge_G2C.tsv         --region_mutation_min_cutoff 2         --query_mutation_type CG,GC         --query_mutation_min_cutoff 2         --query_mutation_max_cutoff 18         --other_mutation_max_cutoff 12         --total_mutation_max_cutoff 26 >../table/detect_seq.StatsTest.table_CTRL-VEGFA-Vector-PD_TREAT-GBEmini-dU-RNF2-All-PD_rep1.filtered_SMN-4_SCN-10_SMR-0.01_RPN-2_RTN-2.C2G_merge_G2C.tsv.log 2>&1
        

[Wed Nov 11 15:57:24 2020]
rule poisson_test:
    input: ../mpmat_filter_merge/293T-bat_GBEmini-dU-RNF2-All-PD_rep1_hg38.filtered_SMN-8_SCN-5_SMR-0.01_RPN-2_RTN-2.C2G_merge_G2C.sort.mpmat, ../bam/293T-bat_VEGFA-Vector-PD_rep1_bwa_hg38_sort_rmdup_MAPQ20.bam, ../bam/293T-bat_GBEmini-dU-RNF2-All-PD_rep1_bwa_hg38_sort_rmdup_MAPQ20.bam, ../json/293T-bat_VEGFA-Vector-PD_rep1_hg38.MAPQ20.background.json, ../json/293T-bat_GBEmini-dU-RNF2-All-PD_rep1_hg38.MAPQ20.background.json
    output: ../table/detect_seq.StatsTest.table_CTRL-VEGFA-Vector-PD_TREAT-GBEmini-dU-RNF2-All-PD_rep1.filtered_SMN-8_SCN-5_SMR-0.01_RPN-2_RTN-2.C2G_merge_G2C.tsv
    log: ../table/detect_seq.StatsTest.table_CTRL-VEGFA-Vector-PD_TREAT-GBEmini-dU-RNF2-All-PD_rep1.filtered_SMN-8_SCN-5_SMR-0.01_RPN-2_RTN-2.C2G_merge_G2C.tsv.log
    jobid: 61
    reason: Missing output files: ../table/detect_seq.StatsTest.table_CTRL-VEGFA-Vector-PD_TREAT-GBEmini-dU-RNF2-All-PD_rep1.filtered_SMN-8_SCN-5_SMR-0.01_RPN-2_RTN-2.C2G_merge_G2C.tsv
    wildcards: ctrl=VEGFA-Vector-PD, treat=GBEmini-dU-RNF2-All-PD, rep=rep1, SMN=8, SCN=5, SMR=0.01, RPN=2, RTN=2, a=C, b=G, c=G, d=C


        /home/zhaohuanan/zhaohn_HD/miniconda3/envs/snakepipes_detect-seq/bin/python ./program/find-significant-mpmat-V02.py         -i ../mpmat_filter_merge/293T-bat_GBEmini-dU-RNF2-All-PD_rep1_hg38.filtered_SMN-8_SCN-5_SMR-0.01_RPN-2_RTN-2.C2G_merge_G2C.sort.mpmat         -c ../bam/293T-bat_VEGFA-Vector-PD_rep1_bwa_hg38_sort_rmdup_MAPQ20.bam         -t ../bam/293T-bat_GBEmini-dU-RNF2-All-PD_rep1_bwa_hg38_sort_rmdup_MAPQ20.bam         -r /home/zhaohuanan/zhaohn_HD/2.database/fasta_hg38/hg38_only_chromosome.fa         -m ../json/293T-bat_VEGFA-Vector-PD_rep1_hg38.MAPQ20.background.json         -n ../json/293T-bat_GBEmini-dU-RNF2-All-PD_rep1_hg38.MAPQ20.background.json         -g ./lib/hg38.json         -o ../table/detect_seq.StatsTest.table_CTRL-VEGFA-Vector-PD_TREAT-GBEmini-dU-RNF2-All-PD_rep1.filtered_SMN-8_SCN-5_SMR-0.01_RPN-2_RTN-2.C2G_merge_G2C.tsv         --region_mutation_min_cutoff 2         --query_mutation_type CG,GC         --query_mutation_min_cutoff 2         --query_mutation_max_cutoff 18         --other_mutation_max_cutoff 12         --total_mutation_max_cutoff 26 >../table/detect_seq.StatsTest.table_CTRL-VEGFA-Vector-PD_TREAT-GBEmini-dU-RNF2-All-PD_rep1.filtered_SMN-8_SCN-5_SMR-0.01_RPN-2_RTN-2.C2G_merge_G2C.tsv.log 2>&1
        
