Building DAG of jobs...
Using shell: /usr/bin/bash
Provided cores: 3
Rules claiming more threads will be scaled down.
Job counts:
	count	jobs
	1	all
	3	input_json____mpmat_block
	3	poisson_test
	7

[Fri Nov 13 14:50:41 2020]
rule input_json____mpmat_block:
    input: ../mpmat_filter_merge/293T-bat_GBEmini-AP-RNF2-All-PD_rep1_hg38.filtered_SMN-4_SCN-10_SMR-0.1_RPN-1_RTN-2.C2T_merge_G2A.sort.mpmat, ../Split_Bmat_Json/293T-bat_VEGFA-Vector-PD_rep1_hg38.MAPQ20.json, ../Split_Bmat_Json/293T-bat_GBEmini-AP-RNF2-All-PD_rep1_hg38.MAPQ20.json
    output: ../mpmat_with_block_info/293T-bat_TREAT-GBEmini-AP-RNF2-All-PD_rep1_CTRL-VEGFA-Vector-PD_hg38.filtered_SMN-4_SCN-10_SMR-0.1_RPN-1_RTN-2.C2T_merge_G2A.block_info.mpmat
    jobid: 1
    reason: Missing output files: ../mpmat_with_block_info/293T-bat_TREAT-GBEmini-AP-RNF2-All-PD_rep1_CTRL-VEGFA-Vector-PD_hg38.filtered_SMN-4_SCN-10_SMR-0.1_RPN-1_RTN-2.C2T_merge_G2A.block_info.mpmat
    wildcards: treat=GBEmini-AP-RNF2-All-PD, rep=rep1, ctrl=VEGFA-Vector-PD, SMN=4, SCN=10, SMR=0.1, RPN=1, RTN=2, a=C, b=T, c=G, d=A


        /home/zhaohuanan/zhaohn_HD/miniconda3/envs/snakepipes_detect-seq/bin/python ./program/mpmat-block-V02.1.py         -i ../mpmat_filter_merge/293T-bat_GBEmini-AP-RNF2-All-PD_rep1_hg38.filtered_SMN-4_SCN-10_SMR-0.1_RPN-1_RTN-2.C2T_merge_G2A.sort.mpmat         -o ../mpmat_with_block_info/293T-bat_TREAT-GBEmini-AP-RNF2-All-PD_rep1_CTRL-VEGFA-Vector-PD_hg38.filtered_SMN-4_SCN-10_SMR-0.1_RPN-1_RTN-2.C2T_merge_G2A.block_info.mpmat         --ctrl_bmat_split_json ../Split_Bmat_Json/293T-bat_VEGFA-Vector-PD_rep1_hg38.MAPQ20.json         --treat_bmat_split_json ../Split_Bmat_Json/293T-bat_GBEmini-AP-RNF2-All-PD_rep1_hg38.MAPQ20.json         -r /home/zhaohuanan/zhaohn_HD/2.database/fasta_hg38/hg38_only_chromosome.fa         -p 24         --query_mutation_type CT,GA
        

[Fri Nov 13 14:50:41 2020]
rule input_json____mpmat_block:
    input: ../mpmat_filter_merge/293T-bat_GBEmini-dU-RNF2-All-PD_rep1_hg38.filtered_SMN-4_SCN-10_SMR-0.1_RPN-1_RTN-2.C2T_merge_G2A.sort.mpmat, ../Split_Bmat_Json/293T-bat_VEGFA-Vector-PD_rep1_hg38.MAPQ20.json, ../Split_Bmat_Json/293T-bat_GBEmini-dU-RNF2-All-PD_rep1_hg38.MAPQ20.json
    output: ../mpmat_with_block_info/293T-bat_TREAT-GBEmini-dU-RNF2-All-PD_rep1_CTRL-VEGFA-Vector-PD_hg38.filtered_SMN-4_SCN-10_SMR-0.1_RPN-1_RTN-2.C2T_merge_G2A.block_info.mpmat
    jobid: 2
    reason: Missing output files: ../mpmat_with_block_info/293T-bat_TREAT-GBEmini-dU-RNF2-All-PD_rep1_CTRL-VEGFA-Vector-PD_hg38.filtered_SMN-4_SCN-10_SMR-0.1_RPN-1_RTN-2.C2T_merge_G2A.block_info.mpmat
    wildcards: treat=GBEmini-dU-RNF2-All-PD, rep=rep1, ctrl=VEGFA-Vector-PD, SMN=4, SCN=10, SMR=0.1, RPN=1, RTN=2, a=C, b=T, c=G, d=A


        /home/zhaohuanan/zhaohn_HD/miniconda3/envs/snakepipes_detect-seq/bin/python ./program/mpmat-block-V02.1.py         -i ../mpmat_filter_merge/293T-bat_GBEmini-dU-RNF2-All-PD_rep1_hg38.filtered_SMN-4_SCN-10_SMR-0.1_RPN-1_RTN-2.C2T_merge_G2A.sort.mpmat         -o ../mpmat_with_block_info/293T-bat_TREAT-GBEmini-dU-RNF2-All-PD_rep1_CTRL-VEGFA-Vector-PD_hg38.filtered_SMN-4_SCN-10_SMR-0.1_RPN-1_RTN-2.C2T_merge_G2A.block_info.mpmat         --ctrl_bmat_split_json ../Split_Bmat_Json/293T-bat_VEGFA-Vector-PD_rep1_hg38.MAPQ20.json         --treat_bmat_split_json ../Split_Bmat_Json/293T-bat_GBEmini-dU-RNF2-All-PD_rep1_hg38.MAPQ20.json         -r /home/zhaohuanan/zhaohn_HD/2.database/fasta_hg38/hg38_only_chromosome.fa         -p 24         --query_mutation_type CT,GA
        

[Fri Nov 13 14:50:41 2020]
rule input_json____mpmat_block:
    input: ../mpmat_filter_merge/293T-bat_test_rep1_hg38.filtered_SMN-4_SCN-10_SMR-0.1_RPN-1_RTN-2.C2T_merge_G2A.sort.mpmat, ../Split_Bmat_Json/293T-bat_VEGFA-Vector-PD_rep1_hg38.MAPQ20.json, ../Split_Bmat_Json/293T-bat_test_rep1_hg38.MAPQ20.json
    output: ../mpmat_with_block_info/293T-bat_TREAT-test_rep1_CTRL-VEGFA-Vector-PD_hg38.filtered_SMN-4_SCN-10_SMR-0.1_RPN-1_RTN-2.C2T_merge_G2A.block_info.mpmat
    jobid: 3
    reason: Missing output files: ../mpmat_with_block_info/293T-bat_TREAT-test_rep1_CTRL-VEGFA-Vector-PD_hg38.filtered_SMN-4_SCN-10_SMR-0.1_RPN-1_RTN-2.C2T_merge_G2A.block_info.mpmat
    wildcards: treat=test, rep=rep1, ctrl=VEGFA-Vector-PD, SMN=4, SCN=10, SMR=0.1, RPN=1, RTN=2, a=C, b=T, c=G, d=A


        /home/zhaohuanan/zhaohn_HD/miniconda3/envs/snakepipes_detect-seq/bin/python ./program/mpmat-block-V02.1.py         -i ../mpmat_filter_merge/293T-bat_test_rep1_hg38.filtered_SMN-4_SCN-10_SMR-0.1_RPN-1_RTN-2.C2T_merge_G2A.sort.mpmat         -o ../mpmat_with_block_info/293T-bat_TREAT-test_rep1_CTRL-VEGFA-Vector-PD_hg38.filtered_SMN-4_SCN-10_SMR-0.1_RPN-1_RTN-2.C2T_merge_G2A.block_info.mpmat         --ctrl_bmat_split_json ../Split_Bmat_Json/293T-bat_VEGFA-Vector-PD_rep1_hg38.MAPQ20.json         --treat_bmat_split_json ../Split_Bmat_Json/293T-bat_test_rep1_hg38.MAPQ20.json         -r /home/zhaohuanan/zhaohn_HD/2.database/fasta_hg38/hg38_only_chromosome.fa         -p 24         --query_mutation_type CT,GA
        
Terminating processes on user request, this might take some time.
Cancelling snakemake on user request.
