Building DAG of jobs...
MissingInputException in line 37 of /gpfs/user/zhaohuanan/3.project/20.2020-11_1109_GBE_DETECT-Seq_old_protocol/snakepipes_detect-seq_fastq_bam_plot/snk.2.mpmat_merge.py:
Missing input files for rule all:
../mpmat_filter_merge/293T-bat_test_rep1_hg38.filtered_SMN-3_SMR-0.01_RPN-2_RTN-1.C2T_merge_G2A.sort.mpmat
../mpmat_filter_merge/293T-bat_GBEmini-AP-RNF2-All-PD_rep1_hg38.filtered_SMN-2_SMR-0.01_RPN-1_RTN-1.C2T_merge_G2A.mpmat
../mpmat_filter_merge/293T-bat_test_rep1_hg38.filtered_SMN-2_SMR-0.01_RPN-1_RTN-2.C2T_merge_G2A.sort.mpmat
../mpmat_filter_merge/293T-bat_GBEmini-dU-RNF2-All-PD_rep1_hg38.filtered_SMN-3_SMR-0.01_RPN-2_RTN-1.C2T_merge_G2A.sort.mpmat
../mpmat_filter_merge/293T-bat_GBEmini-dU-RNF2-All-PD_rep1_hg38.filtered_SMN-2_SMR-0.05_RPN-2_RTN-2.C2T_merge_G2A.mpmat
../mpmat_filter_merge/293T-bat_GBEmini-AP-RNF2-All-PD_rep1_hg38.filtered_SMN-3_SMR-0.05_RPN-1_RTN-1.C2T_merge_G2A.sort.mpmat
../mpmat_filter_merge/293T-bat_GBEmini-AP-RNF2-All-PD_rep1_hg38.filtered_SMN-2_SMR-0.05_RPN-2_RTN-2.C2T_merge_G2A.sort.mpmat
../mpmat_filter_merge/293T-bat_GBEmini-AP-RNF2-All-PD_rep1_hg38.filtered_SMN-2_SMR-0.01_RPN-2_RTN-2.C2T_merge_G2A.mpmat
../mpmat_filter_merge/293T-bat_GBEmini-dU-RNF2-All-PD_rep1_hg38.filtered_SMN-3_SMR-0.05_RPN-1_RTN-2.C2T_merge_G2A.sort.mpmat
../mpmat_filter_merge/293T-bat_test_rep1_hg38.filtered_SMN-3_SMR-0.05_RPN-1_RTN-2.C2T_merge_G2A.sort.mpmat
../mpmat_filter_merge/293T-bat_GBEmini-AP-RNF2-All-PD_rep1_hg38.filtered_SMN-3_SMR-0.01_RPN-1_RTN-1.C2T_merge_G2A.sort.mpmat
../mpmat_filter_merge/293T-bat_GBEmini-AP-RNF2-All-PD_rep1_hg38.filtered_SMN-2_SMR-0.05_RPN-2_RTN-1.C2T_merge_G2A.mpmat
../mpmat_filter_merge/293T-bat_GBEmini-AP-RNF2-All-PD_rep1_hg38.filtered_SMN-2_SMR-0.05_RPN-1_RTN-1.C2T_merge_G2A.mpmat
../mpmat_filter_merge/293T-bat_test_rep1_hg38.filtered_SMN-2_SMR-0.01_RPN-2_RTN-1.C2T_merge_G2A.mpmat
../mpmat_filter_merge/293T-bat_GBEmini-dU-RNF2-All-PD_rep1_hg38.filtered_SMN-2_SMR-0.01_RPN-2_RTN-1.C2T_merge_G2A.mpmat
../mpmat_filter_merge/293T-bat_GBEmini-AP-RNF2-All-PD_rep1_hg38.filtered_SMN-2_SMR-0.05_RPN-1_RTN-2.C2T_merge_G2A.mpmat
../mpmat_filter_merge/293T-bat_GBEmini-dU-RNF2-All-PD_rep1_hg38.filtered_SMN-2_SMR-0.01_RPN-1_RTN-2.C2T_merge_G2A.mpmat
../mpmat_filter_merge/293T-bat_GBEmini-AP-RNF2-All-PD_rep1_hg38.filtered_SMN-3_SMR-0.01_RPN-2_RTN-1.C2T_merge_G2A.sort.mpmat
../mpmat_filter_merge/293T-bat_GBEmini-dU-RNF2-All-PD_rep1_hg38.filtered_SMN-2_SMR-0.05_RPN-2_RTN-1.C2T_merge_G2A.sort.mpmat
../mpmat_filter_merge/293T-bat_GBEmini-dU-RNF2-All-PD_rep1_hg38.filtered_SMN-3_SMR-0.01_RPN-2_RTN-2.C2T_merge_G2A.sort.mpmat
../mpmat_filter_merge/293T-bat_GBEmini-AP-RNF2-All-PD_rep1_hg38.filtered_SMN-3_SMR-0.05_RPN-1_RTN-1.C2T_merge_G2A.mpmat
../mpmat_filter_merge/293T-bat_test_rep1_hg38.filtered_SMN-3_SMR-0.01_RPN-1_RTN-1.C2T_merge_G2A.sort.mpmat
../mpmat_filter_merge/293T-bat_GBEmini-AP-RNF2-All-PD_rep1_hg38.filtered_SMN-2_SMR-0.01_RPN-2_RTN-1.C2T_merge_G2A.sort.mpmat
../mpmat_filter_merge/293T-bat_GBEmini-dU-RNF2-All-PD_rep1_hg38.filtered_SMN-2_SMR-0.05_RPN-2_RTN-2.C2T_merge_G2A.sort.mpmat
../mpmat_filter_merge/293T-bat_test_rep1_hg38.filtered_SMN-2_SMR-0.05_RPN-1_RTN-2.C2T_merge_G2A.mpmat
../mpmat_filter_merge/293T-bat_GBEmini-dU-RNF2-All-PD_rep1_hg38.filtered_SMN-2_SMR-0.01_RPN-1_RTN-1.C2T_merge_G2A.mpmat
../mpmat_filter_merge/293T-bat_test_rep1_hg38.filtered_SMN-3_SMR-0.01_RPN-1_RTN-1.C2T_merge_G2A.mpmat
../mpmat_filter_merge/293T-bat_test_rep1_hg38.filtered_SMN-2_SMR-0.01_RPN-2_RTN-1.C2T_merge_G2A.sort.mpmat
../mpmat_filter_merge/293T-bat_GBEmini-AP-RNF2-All-PD_rep1_hg38.filtered_SMN-3_SMR-0.05_RPN-2_RTN-2.C2T_merge_G2A.sort.mpmat
../mpmat_filter_merge/293T-bat_test_rep1_hg38.filtered_SMN-3_SMR-0.05_RPN-2_RTN-2.C2T_merge_G2A.mpmat
../mpmat_filter_merge/293T-bat_GBEmini-dU-RNF2-All-PD_rep1_hg38.filtered_SMN-2_SMR-0.05_RPN-1_RTN-1.C2T_merge_G2A.sort.mpmat
../mpmat_filter_merge/293T-bat_GBEmini-AP-RNF2-All-PD_rep1_hg38.filtered_SMN-2_SMR-0.01_RPN-1_RTN-2.C2T_merge_G2A.sort.mpmat
../mpmat_filter_merge/293T-bat_GBEmini-dU-RNF2-All-PD_rep1_hg38.filtered_SMN-2_SMR-0.05_RPN-1_RTN-2.C2T_merge_G2A.mpmat
../mpmat_filter_merge/293T-bat_GBEmini-AP-RNF2-All-PD_rep1_hg38.filtered_SMN-3_SMR-0.05_RPN-1_RTN-2.C2T_merge_G2A.mpmat
../mpmat_filter_merge/293T-bat_test_rep1_hg38.filtered_SMN-2_SMR-0.01_RPN-1_RTN-2.C2T_merge_G2A.mpmat
../mpmat_filter_merge/293T-bat_GBEmini-AP-RNF2-All-PD_rep1_hg38.filtered_SMN-2_SMR-0.05_RPN-2_RTN-2.C2T_merge_G2A.mpmat
../mpmat_filter_merge/293T-bat_GBEmini-dU-RNF2-All-PD_rep1_hg38.filtered_SMN-2_SMR-0.05_RPN-1_RTN-2.C2T_merge_G2A.sort.mpmat
../mpmat_filter_merge/293T-bat_GBEmini-dU-RNF2-All-PD_rep1_hg38.filtered_SMN-3_SMR-0.05_RPN-2_RTN-2.C2T_merge_G2A.sort.mpmat
../mpmat_filter_merge/293T-bat_test_rep1_hg38.filtered_SMN-2_SMR-0.01_RPN-1_RTN-1.C2T_merge_G2A.mpmat
../mpmat_filter_merge/293T-bat_test_rep1_hg38.filtered_SMN-3_SMR-0.01_RPN-1_RTN-2.C2T_merge_G2A.mpmat
../mpmat_filter_merge/293T-bat_test_rep1_hg38.filtered_SMN-3_SMR-0.05_RPN-2_RTN-1.C2T_merge_G2A.mpmat
../mpmat_filter_merge/293T-bat_test_rep1_hg38.filtered_SMN-3_SMR-0.05_RPN-2_RTN-1.C2T_merge_G2A.sort.mpmat
../mpmat_filter_merge/293T-bat_test_rep1_hg38.filtered_SMN-3_SMR-0.05_RPN-2_RTN-2.C2T_merge_G2A.sort.mpmat
../mpmat_filter_merge/293T-bat_GBEmini-dU-RNF2-All-PD_rep1_hg38.filtered_SMN-2_SMR-0.05_RPN-1_RTN-1.C2T_merge_G2A.mpmat
../mpmat_filter_merge/293T-bat_GBEmini-AP-RNF2-All-PD_rep1_hg38.filtered_SMN-3_SMR-0.01_RPN-1_RTN-2.C2T_merge_G2A.sort.mpmat
../mpmat_filter_merge/293T-bat_GBEmini-dU-RNF2-All-PD_rep1_hg38.filtered_SMN-3_SMR-0.01_RPN-2_RTN-2.C2T_merge_G2A.mpmat
../mpmat_filter_merge/293T-bat_test_rep1_hg38.filtered_SMN-2_SMR-0.05_RPN-1_RTN-1.C2T_merge_G2A.mpmat
../mpmat_filter_merge/293T-bat_GBEmini-dU-RNF2-All-PD_rep1_hg38.filtered_SMN-3_SMR-0.01_RPN-1_RTN-2.C2T_merge_G2A.sort.mpmat
../mpmat_filter_merge/293T-bat_GBEmini-AP-RNF2-All-PD_rep1_hg38.filtered_SMN-3_SMR-0.01_RPN-2_RTN-2.C2T_merge_G2A.mpmat
../mpmat_filter_merge/293T-bat_GBEmini-AP-RNF2-All-PD_rep1_hg38.filtered_SMN-3_SMR-0.05_RPN-2_RTN-1.C2T_merge_G2A.sort.mpmat
../mpmat_filter_merge/293T-bat_GBEmini-AP-RNF2-All-PD_rep1_hg38.filtered_SMN-3_SMR-0.01_RPN-1_RTN-1.C2T_merge_G2A.mpmat
../mpmat_filter_merge/293T-bat_GBEmini-dU-RNF2-All-PD_rep1_hg38.filtered_SMN-3_SMR-0.01_RPN-1_RTN-2.C2T_merge_G2A.mpmat
../mpmat_filter_merge/293T-bat_GBEmini-AP-RNF2-All-PD_rep1_hg38.filtered_SMN-2_SMR-0.01_RPN-1_RTN-2.C2T_merge_G2A.mpmat
../mpmat_filter_merge/293T-bat_GBEmini-dU-RNF2-All-PD_rep1_hg38.filtered_SMN-3_SMR-0.05_RPN-2_RTN-1.C2T_merge_G2A.mpmat
../mpmat_filter_merge/293T-bat_GBEmini-AP-RNF2-All-PD_rep1_hg38.filtered_SMN-2_SMR-0.05_RPN-1_RTN-2.C2T_merge_G2A.sort.mpmat
../mpmat_filter_merge/293T-bat_test_rep1_hg38.filtered_SMN-3_SMR-0.01_RPN-2_RTN-1.C2T_merge_G2A.mpmat
../mpmat_filter_merge/293T-bat_GBEmini-AP-RNF2-All-PD_rep1_hg38.filtered_SMN-3_SMR-0.05_RPN-2_RTN-1.C2T_merge_G2A.mpmat
../mpmat_filter_merge/293T-bat_GBEmini-AP-RNF2-All-PD_rep1_hg38.filtered_SMN-2_SMR-0.01_RPN-2_RTN-2.C2T_merge_G2A.sort.mpmat
../mpmat_filter_merge/293T-bat_GBEmini-AP-RNF2-All-PD_rep1_hg38.filtered_SMN-2_SMR-0.05_RPN-2_RTN-1.C2T_merge_G2A.sort.mpmat
../mpmat_filter_merge/293T-bat_GBEmini-AP-RNF2-All-PD_rep1_hg38.filtered_SMN-3_SMR-0.01_RPN-2_RTN-1.C2T_merge_G2A.mpmat
../mpmat_filter_merge/293T-bat_GBEmini-dU-RNF2-All-PD_rep1_hg38.filtered_SMN-2_SMR-0.01_RPN-2_RTN-2.C2T_merge_G2A.mpmat
../mpmat_filter_merge/293T-bat_GBEmini-dU-RNF2-All-PD_rep1_hg38.filtered_SMN-3_SMR-0.05_RPN-1_RTN-1.C2T_merge_G2A.sort.mpmat
../json/293T-bat_GBEmini-dU-RNF2-All-PD_rep1_hg38.MAPQ20.background.json
../mpmat_filter_merge/293T-bat_test_rep1_hg38.filtered_SMN-3_SMR-0.01_RPN-1_RTN-2.C2T_merge_G2A.sort.mpmat
../mpmat_filter_merge/293T-bat_test_rep1_hg38.filtered_SMN-2_SMR-0.05_RPN-2_RTN-2.C2T_merge_G2A.mpmat
../mpmat_filter_merge/293T-bat_GBEmini-AP-RNF2-All-PD_rep1_hg38.filtered_SMN-3_SMR-0.01_RPN-2_RTN-2.C2T_merge_G2A.sort.mpmat
../mpmat_filter_merge/293T-bat_GBEmini-AP-RNF2-All-PD_rep1_hg38.filtered_SMN-3_SMR-0.05_RPN-2_RTN-2.C2T_merge_G2A.mpmat
../mpmat_filter_merge/293T-bat_test_rep1_hg38.filtered_SMN-3_SMR-0.05_RPN-1_RTN-2.C2T_merge_G2A.mpmat
../mpmat_filter_merge/293T-bat_GBEmini-AP-RNF2-All-PD_rep1_hg38.filtered_SMN-2_SMR-0.05_RPN-1_RTN-1.C2T_merge_G2A.sort.mpmat
../mpmat_filter_merge/293T-bat_GBEmini-dU-RNF2-All-PD_rep1_hg38.filtered_SMN-2_SMR-0.01_RPN-2_RTN-2.C2T_merge_G2A.sort.mpmat
../mpmat_filter_merge/293T-bat_GBEmini-dU-RNF2-All-PD_rep1_hg38.filtered_SMN-3_SMR-0.01_RPN-1_RTN-1.C2T_merge_G2A.sort.mpmat
../mpmat_filter_merge/293T-bat_GBEmini-dU-RNF2-All-PD_rep1_hg38.filtered_SMN-3_SMR-0.01_RPN-2_RTN-1.C2T_merge_G2A.mpmat
../mpmat_filter_merge/293T-bat_GBEmini-dU-RNF2-All-PD_rep1_hg38.filtered_SMN-2_SMR-0.01_RPN-1_RTN-1.C2T_merge_G2A.sort.mpmat
../mpmat_filter_merge/293T-bat_test_rep1_hg38.filtered_SMN-2_SMR-0.01_RPN-2_RTN-2.C2T_merge_G2A.sort.mpmat
../mpmat_filter_merge/293T-bat_test_rep1_hg38.filtered_SMN-2_SMR-0.05_RPN-1_RTN-1.C2T_merge_G2A.sort.mpmat
../mpmat_filter_merge/293T-bat_GBEmini-AP-RNF2-All-PD_rep1_hg38.filtered_SMN-2_SMR-0.01_RPN-2_RTN-1.C2T_merge_G2A.mpmat
../mpmat_filter_merge/293T-bat_GBEmini-dU-RNF2-All-PD_rep1_hg38.filtered_SMN-2_SMR-0.01_RPN-2_RTN-1.C2T_merge_G2A.sort.mpmat
../mpmat_filter_merge/293T-bat_GBEmini-dU-RNF2-All-PD_rep1_hg38.filtered_SMN-2_SMR-0.05_RPN-2_RTN-1.C2T_merge_G2A.mpmat
../mpmat_filter_merge/293T-bat_test_rep1_hg38.filtered_SMN-2_SMR-0.05_RPN-2_RTN-1.C2T_merge_G2A.sort.mpmat
../mpmat_filter_merge/293T-bat_GBEmini-AP-RNF2-All-PD_rep1_hg38.filtered_SMN-3_SMR-0.01_RPN-1_RTN-2.C2T_merge_G2A.mpmat
../mpmat_filter_merge/293T-bat_test_rep1_hg38.filtered_SMN-3_SMR-0.05_RPN-1_RTN-1.C2T_merge_G2A.mpmat
../mpmat_filter_merge/293T-bat_test_rep1_hg38.filtered_SMN-2_SMR-0.05_RPN-1_RTN-2.C2T_merge_G2A.sort.mpmat
../mpmat_filter_merge/293T-bat_GBEmini-dU-RNF2-All-PD_rep1_hg38.filtered_SMN-3_SMR-0.05_RPN-1_RTN-1.C2T_merge_G2A.mpmat
../mpmat_filter_merge/293T-bat_test_rep1_hg38.filtered_SMN-2_SMR-0.01_RPN-1_RTN-1.C2T_merge_G2A.sort.mpmat
../mpmat_filter_merge/293T-bat_GBEmini-dU-RNF2-All-PD_rep1_hg38.filtered_SMN-3_SMR-0.05_RPN-1_RTN-2.C2T_merge_G2A.mpmat
../mpmat_filter_merge/293T-bat_GBEmini-AP-RNF2-All-PD_rep1_hg38.filtered_SMN-2_SMR-0.01_RPN-1_RTN-1.C2T_merge_G2A.sort.mpmat
../mpmat_filter_merge/293T-bat_test_rep1_hg38.filtered_SMN-2_SMR-0.05_RPN-2_RTN-1.C2T_merge_G2A.mpmat
../mpmat_filter_merge/293T-bat_GBEmini-dU-RNF2-All-PD_rep1_hg38.filtered_SMN-3_SMR-0.05_RPN-2_RTN-2.C2T_merge_G2A.mpmat
../mpmat_filter_merge/293T-bat_GBEmini-AP-RNF2-All-PD_rep1_hg38.filtered_SMN-3_SMR-0.05_RPN-1_RTN-2.C2T_merge_G2A.sort.mpmat
../mpmat_filter_merge/293T-bat_GBEmini-dU-RNF2-All-PD_rep1_hg38.filtered_SMN-3_SMR-0.05_RPN-2_RTN-1.C2T_merge_G2A.sort.mpmat
../mpmat_filter_merge/293T-bat_GBEmini-dU-RNF2-All-PD_rep1_hg38.filtered_SMN-3_SMR-0.01_RPN-1_RTN-1.C2T_merge_G2A.mpmat
../json/293T-bat_GBEmini-AP-RNF2-All-PD_rep1_hg38.MAPQ20.background.json
../mpmat_filter_merge/293T-bat_test_rep1_hg38.filtered_SMN-3_SMR-0.01_RPN-2_RTN-2.C2T_merge_G2A.mpmat
../mpmat_filter_merge/293T-bat_GBEmini-dU-RNF2-All-PD_rep1_hg38.filtered_SMN-2_SMR-0.01_RPN-1_RTN-2.C2T_merge_G2A.sort.mpmat
../json/293T-bat_test_rep1_hg38.MAPQ20.background.json
../mpmat_filter_merge/293T-bat_test_rep1_hg38.filtered_SMN-3_SMR-0.05_RPN-1_RTN-1.C2T_merge_G2A.sort.mpmat
../mpmat_filter_merge/293T-bat_test_rep1_hg38.filtered_SMN-3_SMR-0.01_RPN-2_RTN-2.C2T_merge_G2A.sort.mpmat
../mpmat_filter_merge/293T-bat_test_rep1_hg38.filtered_SMN-2_SMR-0.01_RPN-2_RTN-2.C2T_merge_G2A.mpmat
../mpmat_filter_merge/293T-bat_test_rep1_hg38.filtered_SMN-2_SMR-0.05_RPN-2_RTN-2.C2T_merge_G2A.sort.mpmat
