Building DAG of jobs...
Using shell: /usr/bin/bash
Provided cores: 24
Rules claiming more threads will be scaled down.
Job counts:
	count	jobs
	1	all
	1	bam2mpileup
	1	mpileup2bmat
	16	pmat_merge
	4	select_bmat
	4	select_bmat2pmat
	27

[Mon Nov  9 01:21:44 2020]
rule bam2mpileup:
    input: ../bam/293T-bat_test_rep1_bwa_hg38_sort_rmdup_MAPQ20.bam
    output: ../mpileup_pmat_bmat/293T-bat_test_rep1_hg38.MAPQ20.mpileup
    log: ../mpileup_pmat_bmat/293T-bat_test_rep1_hg38.MAPQ20.mpileup.log
    jobid: 1
    reason: Missing output files: ../mpileup_pmat_bmat/293T-bat_test_rep1_hg38.MAPQ20.mpileup
    wildcards: sample=test, rep=rep1


        /home/zhaohuanan/miniconda3/envs/snakepipes_detect-seq_fastq_bam_plot/bin/samtools mpileup -q 20 -Q 20         --reference /home/zhaohuanan/zhaohn_HD/2.database/fasta_hg38/hg38_only_chromosome.fa         -o ../mpileup_pmat_bmat/293T-bat_test_rep1_hg38.MAPQ20.mpileup         ../bam/293T-bat_test_rep1_bwa_hg38_sort_rmdup_MAPQ20.bam >../mpileup_pmat_bmat/293T-bat_test_rep1_hg38.MAPQ20.mpileup.log 2>&1
        
[Mon Nov  9 01:21:50 2020]
Finished job 1.
1 of 27 steps (4%) done

[Mon Nov  9 01:21:50 2020]
rule mpileup2bmat:
    input: ../mpileup_pmat_bmat/293T-bat_test_rep1_hg38.MAPQ20.mpileup
    output: ../mpileup_pmat_bmat/293T-bat_test_rep1_hg38.MAPQ20.bmat
    log: ../mpileup_pmat_bmat/293T-bat_test_rep1_hg38.MAPQ20.bmat.log
    jobid: 2
    reason: Missing output files: ../mpileup_pmat_bmat/293T-bat_test_rep1_hg38.MAPQ20.bmat; Input files updated by another job: ../mpileup_pmat_bmat/293T-bat_test_rep1_hg38.MAPQ20.mpileup
    wildcards: sample=test, rep=rep1


        /home/zhaohuanan/miniconda3/envs/snakepipes_detect-seq_fastq_bam_plot/bin/python ./program/parse-mpileup-V04.py         -i ../mpileup_pmat_bmat/293T-bat_test_rep1_hg38.MAPQ20.mpileup         -o ../mpileup_pmat_bmat/293T-bat_test_rep1_hg38.MAPQ20.bmat         -p 24 -n 0 >../mpileup_pmat_bmat/293T-bat_test_rep1_hg38.MAPQ20.bmat.log 2>&1
        
[Mon Nov  9 01:21:52 2020]
Finished job 2.
2 of 27 steps (7%) done

[Mon Nov  9 01:21:52 2020]
rule select_bmat:
    input: ../mpileup_pmat_bmat/293T-bat_test_rep1_hg38.MAPQ20.bmat
    output: ../mpileup_pmat_bmat/293T-bat_test_rep1_hg38.select.A.bmat
    jobid: 3
    reason: Missing output files: ../mpileup_pmat_bmat/293T-bat_test_rep1_hg38.select.A.bmat; Input files updated by another job: ../mpileup_pmat_bmat/293T-bat_test_rep1_hg38.MAPQ20.bmat
    wildcards: sample=test, rep=rep1, fbase=A


        awk '$3 == "A" {print $0}' ../mpileup_pmat_bmat/293T-bat_test_rep1_hg38.MAPQ20.bmat > ../mpileup_pmat_bmat/293T-bat_test_rep1_hg38.select.A.bmat 
        

[Mon Nov  9 01:21:52 2020]
rule select_bmat:
    input: ../mpileup_pmat_bmat/293T-bat_test_rep1_hg38.MAPQ20.bmat
    output: ../mpileup_pmat_bmat/293T-bat_test_rep1_hg38.select.T.bmat
    jobid: 4
    reason: Missing output files: ../mpileup_pmat_bmat/293T-bat_test_rep1_hg38.select.T.bmat; Input files updated by another job: ../mpileup_pmat_bmat/293T-bat_test_rep1_hg38.MAPQ20.bmat
    wildcards: sample=test, rep=rep1, fbase=T


        awk '$3 == "T" {print $0}' ../mpileup_pmat_bmat/293T-bat_test_rep1_hg38.MAPQ20.bmat > ../mpileup_pmat_bmat/293T-bat_test_rep1_hg38.select.T.bmat 
        

[Mon Nov  9 01:21:52 2020]
rule select_bmat:
    input: ../mpileup_pmat_bmat/293T-bat_test_rep1_hg38.MAPQ20.bmat
    output: ../mpileup_pmat_bmat/293T-bat_test_rep1_hg38.select.C.bmat
    jobid: 5
    reason: Missing output files: ../mpileup_pmat_bmat/293T-bat_test_rep1_hg38.select.C.bmat; Input files updated by another job: ../mpileup_pmat_bmat/293T-bat_test_rep1_hg38.MAPQ20.bmat
    wildcards: sample=test, rep=rep1, fbase=C


        awk '$3 == "C" {print $0}' ../mpileup_pmat_bmat/293T-bat_test_rep1_hg38.MAPQ20.bmat > ../mpileup_pmat_bmat/293T-bat_test_rep1_hg38.select.C.bmat 
        

[Mon Nov  9 01:21:52 2020]
rule select_bmat:
    input: ../mpileup_pmat_bmat/293T-bat_test_rep1_hg38.MAPQ20.bmat
    output: ../mpileup_pmat_bmat/293T-bat_test_rep1_hg38.select.G.bmat
    jobid: 6
    reason: Missing output files: ../mpileup_pmat_bmat/293T-bat_test_rep1_hg38.select.G.bmat; Input files updated by another job: ../mpileup_pmat_bmat/293T-bat_test_rep1_hg38.MAPQ20.bmat
    wildcards: sample=test, rep=rep1, fbase=G


        awk '$3 == "G" {print $0}' ../mpileup_pmat_bmat/293T-bat_test_rep1_hg38.MAPQ20.bmat > ../mpileup_pmat_bmat/293T-bat_test_rep1_hg38.select.G.bmat 
        
[Mon Nov  9 01:21:52 2020]
Finished job 5.
3 of 27 steps (11%) done

[Mon Nov  9 01:21:52 2020]
rule select_bmat2pmat:
    input: ../mpileup_pmat_bmat/293T-bat_test_rep1_hg38.select.C.bmat
    output: ../mpileup_pmat_bmat/293T-bat_test_rep1_hg38.select.C.pmat
    log: ../mpileup_pmat_bmat/293T-bat_test_rep1_hg38.select.C.pmat.log
    jobid: 9
    reason: Missing output files: ../mpileup_pmat_bmat/293T-bat_test_rep1_hg38.select.C.pmat; Input files updated by another job: ../mpileup_pmat_bmat/293T-bat_test_rep1_hg38.select.C.bmat
    wildcards: sample=test, rep=rep1, fbase=C


        /home/zhaohuanan/miniconda3/envs/snakepipes_detect-seq_fastq_bam_plot/bin/python ./program/bmat2pmat-V02.py         -i ../mpileup_pmat_bmat/293T-bat_test_rep1_hg38.select.C.bmat         -o ../mpileup_pmat_bmat/293T-bat_test_rep1_hg38.select.C.pmat         --InHeader False         --InLikeBED False         --OutHeader True >../mpileup_pmat_bmat/293T-bat_test_rep1_hg38.select.C.pmat.log 2>&1
        
[Mon Nov  9 01:21:52 2020]
Finished job 4.
4 of 27 steps (15%) done

[Mon Nov  9 01:21:52 2020]
rule select_bmat2pmat:
    input: ../mpileup_pmat_bmat/293T-bat_test_rep1_hg38.select.T.bmat
    output: ../mpileup_pmat_bmat/293T-bat_test_rep1_hg38.select.T.pmat
    log: ../mpileup_pmat_bmat/293T-bat_test_rep1_hg38.select.T.pmat.log
    jobid: 8
    reason: Missing output files: ../mpileup_pmat_bmat/293T-bat_test_rep1_hg38.select.T.pmat; Input files updated by another job: ../mpileup_pmat_bmat/293T-bat_test_rep1_hg38.select.T.bmat
    wildcards: sample=test, rep=rep1, fbase=T


        /home/zhaohuanan/miniconda3/envs/snakepipes_detect-seq_fastq_bam_plot/bin/python ./program/bmat2pmat-V02.py         -i ../mpileup_pmat_bmat/293T-bat_test_rep1_hg38.select.T.bmat         -o ../mpileup_pmat_bmat/293T-bat_test_rep1_hg38.select.T.pmat         --InHeader False         --InLikeBED False         --OutHeader True >../mpileup_pmat_bmat/293T-bat_test_rep1_hg38.select.T.pmat.log 2>&1
        
[Mon Nov  9 01:21:52 2020]
Finished job 3.
5 of 27 steps (19%) done

[Mon Nov  9 01:21:52 2020]
rule select_bmat2pmat:
    input: ../mpileup_pmat_bmat/293T-bat_test_rep1_hg38.select.A.bmat
    output: ../mpileup_pmat_bmat/293T-bat_test_rep1_hg38.select.A.pmat
    log: ../mpileup_pmat_bmat/293T-bat_test_rep1_hg38.select.A.pmat.log
    jobid: 7
    reason: Missing output files: ../mpileup_pmat_bmat/293T-bat_test_rep1_hg38.select.A.pmat; Input files updated by another job: ../mpileup_pmat_bmat/293T-bat_test_rep1_hg38.select.A.bmat
    wildcards: sample=test, rep=rep1, fbase=A


        /home/zhaohuanan/miniconda3/envs/snakepipes_detect-seq_fastq_bam_plot/bin/python ./program/bmat2pmat-V02.py         -i ../mpileup_pmat_bmat/293T-bat_test_rep1_hg38.select.A.bmat         -o ../mpileup_pmat_bmat/293T-bat_test_rep1_hg38.select.A.pmat         --InHeader False         --InLikeBED False         --OutHeader True >../mpileup_pmat_bmat/293T-bat_test_rep1_hg38.select.A.pmat.log 2>&1
        
[Mon Nov  9 01:21:52 2020]
Finished job 6.
6 of 27 steps (22%) done

[Mon Nov  9 01:21:52 2020]
rule select_bmat2pmat:
    input: ../mpileup_pmat_bmat/293T-bat_test_rep1_hg38.select.G.bmat
    output: ../mpileup_pmat_bmat/293T-bat_test_rep1_hg38.select.G.pmat
    log: ../mpileup_pmat_bmat/293T-bat_test_rep1_hg38.select.G.pmat.log
    jobid: 10
    reason: Missing output files: ../mpileup_pmat_bmat/293T-bat_test_rep1_hg38.select.G.pmat; Input files updated by another job: ../mpileup_pmat_bmat/293T-bat_test_rep1_hg38.select.G.bmat
    wildcards: sample=test, rep=rep1, fbase=G


        /home/zhaohuanan/miniconda3/envs/snakepipes_detect-seq_fastq_bam_plot/bin/python ./program/bmat2pmat-V02.py         -i ../mpileup_pmat_bmat/293T-bat_test_rep1_hg38.select.G.bmat         -o ../mpileup_pmat_bmat/293T-bat_test_rep1_hg38.select.G.pmat         --InHeader False         --InLikeBED False         --OutHeader True >../mpileup_pmat_bmat/293T-bat_test_rep1_hg38.select.G.pmat.log 2>&1
        
[Mon Nov  9 01:21:53 2020]
Finished job 10.
7 of 27 steps (26%) done

[Mon Nov  9 01:21:53 2020]
rule pmat_merge:
    input: ../mpileup_pmat_bmat/293T-bat_test_rep1_hg38.select.G.pmat
    output: ../mpmat/293T-bat_test_rep1_hg38.select.G2T.mpmat
    log: ../mpmat/293T-bat_test_rep1_hg38.select.G2T.mpmat.log
    jobid: 24
    reason: Missing output files: ../mpmat/293T-bat_test_rep1_hg38.select.G2T.mpmat; Input files updated by another job: ../mpileup_pmat_bmat/293T-bat_test_rep1_hg38.select.G.pmat
    wildcards: sample=test, rep=rep1, fbase=G, tbase=T


        FB=G
        TB=T
        if [ $FB = $TB ]; then
        echo "from base == to base, skip..." > ../mpmat/293T-bat_test_rep1_hg38.select.G2T.mpmat.log
        touch ../mpmat/293T-bat_test_rep1_hg38.select.G2T.mpmat
        else
        /home/zhaohuanan/miniconda3/envs/snakepipes_detect-seq_fastq_bam_plot/bin/python ./program/pmat-merge-V04.py         -f G -t T         -r /home/zhaohuanan/zhaohn_HD/2.database/fasta_hg38/hg38_only_chromosome.fa         --OutHeader False         -i ../mpileup_pmat_bmat/293T-bat_test_rep1_hg38.select.G.pmat         -o ../mpmat/293T-bat_test_rep1_hg38.select.G2T.mpmat         -d 50 -D 100         --NoMutNumCutoff 2         --OmitTandemNumCutoff 2         --SNP /home/zhaohuanan/zhaohn_HD/2.database/GATK_resource_bundle/resources_broad_hg38_v0_Homo_sapiens_assembly38.dbsnp138.vcf >../mpmat/293T-bat_test_rep1_hg38.select.G2T.mpmat.log 2>&1
        fi
        

[Mon Nov  9 01:21:53 2020]
rule pmat_merge:
    input: ../mpileup_pmat_bmat/293T-bat_test_rep1_hg38.select.G.pmat
    output: ../mpmat/293T-bat_test_rep1_hg38.select.G2G.mpmat
    log: ../mpmat/293T-bat_test_rep1_hg38.select.G2G.mpmat.log
    jobid: 26
    reason: Missing output files: ../mpmat/293T-bat_test_rep1_hg38.select.G2G.mpmat; Input files updated by another job: ../mpileup_pmat_bmat/293T-bat_test_rep1_hg38.select.G.pmat
    wildcards: sample=test, rep=rep1, fbase=G, tbase=G


        FB=G
        TB=G
        if [ $FB = $TB ]; then
        echo "from base == to base, skip..." > ../mpmat/293T-bat_test_rep1_hg38.select.G2G.mpmat.log
        touch ../mpmat/293T-bat_test_rep1_hg38.select.G2G.mpmat
        else
        /home/zhaohuanan/miniconda3/envs/snakepipes_detect-seq_fastq_bam_plot/bin/python ./program/pmat-merge-V04.py         -f G -t G         -r /home/zhaohuanan/zhaohn_HD/2.database/fasta_hg38/hg38_only_chromosome.fa         --OutHeader False         -i ../mpileup_pmat_bmat/293T-bat_test_rep1_hg38.select.G.pmat         -o ../mpmat/293T-bat_test_rep1_hg38.select.G2G.mpmat         -d 50 -D 100         --NoMutNumCutoff 2         --OmitTandemNumCutoff 2         --SNP /home/zhaohuanan/zhaohn_HD/2.database/GATK_resource_bundle/resources_broad_hg38_v0_Homo_sapiens_assembly38.dbsnp138.vcf >../mpmat/293T-bat_test_rep1_hg38.select.G2G.mpmat.log 2>&1
        fi
        

[Mon Nov  9 01:21:53 2020]
rule pmat_merge:
    input: ../mpileup_pmat_bmat/293T-bat_test_rep1_hg38.select.G.pmat
    output: ../mpmat/293T-bat_test_rep1_hg38.select.G2A.mpmat
    log: ../mpmat/293T-bat_test_rep1_hg38.select.G2A.mpmat.log
    jobid: 23
    reason: Missing output files: ../mpmat/293T-bat_test_rep1_hg38.select.G2A.mpmat; Input files updated by another job: ../mpileup_pmat_bmat/293T-bat_test_rep1_hg38.select.G.pmat
    wildcards: sample=test, rep=rep1, fbase=G, tbase=A


        FB=G
        TB=A
        if [ $FB = $TB ]; then
        echo "from base == to base, skip..." > ../mpmat/293T-bat_test_rep1_hg38.select.G2A.mpmat.log
        touch ../mpmat/293T-bat_test_rep1_hg38.select.G2A.mpmat
        else
        /home/zhaohuanan/miniconda3/envs/snakepipes_detect-seq_fastq_bam_plot/bin/python ./program/pmat-merge-V04.py         -f G -t A         -r /home/zhaohuanan/zhaohn_HD/2.database/fasta_hg38/hg38_only_chromosome.fa         --OutHeader False         -i ../mpileup_pmat_bmat/293T-bat_test_rep1_hg38.select.G.pmat         -o ../mpmat/293T-bat_test_rep1_hg38.select.G2A.mpmat         -d 50 -D 100         --NoMutNumCutoff 2         --OmitTandemNumCutoff 2         --SNP /home/zhaohuanan/zhaohn_HD/2.database/GATK_resource_bundle/resources_broad_hg38_v0_Homo_sapiens_assembly38.dbsnp138.vcf >../mpmat/293T-bat_test_rep1_hg38.select.G2A.mpmat.log 2>&1
        fi
        

[Mon Nov  9 01:21:53 2020]
rule pmat_merge:
    input: ../mpileup_pmat_bmat/293T-bat_test_rep1_hg38.select.G.pmat
    output: ../mpmat/293T-bat_test_rep1_hg38.select.G2C.mpmat
    log: ../mpmat/293T-bat_test_rep1_hg38.select.G2C.mpmat.log
    jobid: 25
    reason: Missing output files: ../mpmat/293T-bat_test_rep1_hg38.select.G2C.mpmat; Input files updated by another job: ../mpileup_pmat_bmat/293T-bat_test_rep1_hg38.select.G.pmat
    wildcards: sample=test, rep=rep1, fbase=G, tbase=C


        FB=G
        TB=C
        if [ $FB = $TB ]; then
        echo "from base == to base, skip..." > ../mpmat/293T-bat_test_rep1_hg38.select.G2C.mpmat.log
        touch ../mpmat/293T-bat_test_rep1_hg38.select.G2C.mpmat
        else
        /home/zhaohuanan/miniconda3/envs/snakepipes_detect-seq_fastq_bam_plot/bin/python ./program/pmat-merge-V04.py         -f G -t C         -r /home/zhaohuanan/zhaohn_HD/2.database/fasta_hg38/hg38_only_chromosome.fa         --OutHeader False         -i ../mpileup_pmat_bmat/293T-bat_test_rep1_hg38.select.G.pmat         -o ../mpmat/293T-bat_test_rep1_hg38.select.G2C.mpmat         -d 50 -D 100         --NoMutNumCutoff 2         --OmitTandemNumCutoff 2         --SNP /home/zhaohuanan/zhaohn_HD/2.database/GATK_resource_bundle/resources_broad_hg38_v0_Homo_sapiens_assembly38.dbsnp138.vcf >../mpmat/293T-bat_test_rep1_hg38.select.G2C.mpmat.log 2>&1
        fi
        
[Mon Nov  9 01:21:53 2020]
Finished job 9.
8 of 27 steps (30%) done

[Mon Nov  9 01:21:53 2020]
rule pmat_merge:
    input: ../mpileup_pmat_bmat/293T-bat_test_rep1_hg38.select.C.pmat
    output: ../mpmat/293T-bat_test_rep1_hg38.select.C2G.mpmat
    log: ../mpmat/293T-bat_test_rep1_hg38.select.C2G.mpmat.log
    jobid: 22
    reason: Missing output files: ../mpmat/293T-bat_test_rep1_hg38.select.C2G.mpmat; Input files updated by another job: ../mpileup_pmat_bmat/293T-bat_test_rep1_hg38.select.C.pmat
    wildcards: sample=test, rep=rep1, fbase=C, tbase=G


        FB=C
        TB=G
        if [ $FB = $TB ]; then
        echo "from base == to base, skip..." > ../mpmat/293T-bat_test_rep1_hg38.select.C2G.mpmat.log
        touch ../mpmat/293T-bat_test_rep1_hg38.select.C2G.mpmat
        else
        /home/zhaohuanan/miniconda3/envs/snakepipes_detect-seq_fastq_bam_plot/bin/python ./program/pmat-merge-V04.py         -f C -t G         -r /home/zhaohuanan/zhaohn_HD/2.database/fasta_hg38/hg38_only_chromosome.fa         --OutHeader False         -i ../mpileup_pmat_bmat/293T-bat_test_rep1_hg38.select.C.pmat         -o ../mpmat/293T-bat_test_rep1_hg38.select.C2G.mpmat         -d 50 -D 100         --NoMutNumCutoff 2         --OmitTandemNumCutoff 2         --SNP /home/zhaohuanan/zhaohn_HD/2.database/GATK_resource_bundle/resources_broad_hg38_v0_Homo_sapiens_assembly38.dbsnp138.vcf >../mpmat/293T-bat_test_rep1_hg38.select.C2G.mpmat.log 2>&1
        fi
        

[Mon Nov  9 01:21:53 2020]
rule pmat_merge:
    input: ../mpileup_pmat_bmat/293T-bat_test_rep1_hg38.select.C.pmat
    output: ../mpmat/293T-bat_test_rep1_hg38.select.C2A.mpmat
    log: ../mpmat/293T-bat_test_rep1_hg38.select.C2A.mpmat.log
    jobid: 19
    reason: Missing output files: ../mpmat/293T-bat_test_rep1_hg38.select.C2A.mpmat; Input files updated by another job: ../mpileup_pmat_bmat/293T-bat_test_rep1_hg38.select.C.pmat
    wildcards: sample=test, rep=rep1, fbase=C, tbase=A


        FB=C
        TB=A
        if [ $FB = $TB ]; then
        echo "from base == to base, skip..." > ../mpmat/293T-bat_test_rep1_hg38.select.C2A.mpmat.log
        touch ../mpmat/293T-bat_test_rep1_hg38.select.C2A.mpmat
        else
        /home/zhaohuanan/miniconda3/envs/snakepipes_detect-seq_fastq_bam_plot/bin/python ./program/pmat-merge-V04.py         -f C -t A         -r /home/zhaohuanan/zhaohn_HD/2.database/fasta_hg38/hg38_only_chromosome.fa         --OutHeader False         -i ../mpileup_pmat_bmat/293T-bat_test_rep1_hg38.select.C.pmat         -o ../mpmat/293T-bat_test_rep1_hg38.select.C2A.mpmat         -d 50 -D 100         --NoMutNumCutoff 2         --OmitTandemNumCutoff 2         --SNP /home/zhaohuanan/zhaohn_HD/2.database/GATK_resource_bundle/resources_broad_hg38_v0_Homo_sapiens_assembly38.dbsnp138.vcf >../mpmat/293T-bat_test_rep1_hg38.select.C2A.mpmat.log 2>&1
        fi
        
[Mon Nov  9 01:21:53 2020]
Finished job 26.
9 of 27 steps (33%) done

[Mon Nov  9 01:21:53 2020]
rule pmat_merge:
    input: ../mpileup_pmat_bmat/293T-bat_test_rep1_hg38.select.C.pmat
    output: ../mpmat/293T-bat_test_rep1_hg38.select.C2C.mpmat
    log: ../mpmat/293T-bat_test_rep1_hg38.select.C2C.mpmat.log
    jobid: 21
    reason: Missing output files: ../mpmat/293T-bat_test_rep1_hg38.select.C2C.mpmat; Input files updated by another job: ../mpileup_pmat_bmat/293T-bat_test_rep1_hg38.select.C.pmat
    wildcards: sample=test, rep=rep1, fbase=C, tbase=C


        FB=C
        TB=C
        if [ $FB = $TB ]; then
        echo "from base == to base, skip..." > ../mpmat/293T-bat_test_rep1_hg38.select.C2C.mpmat.log
        touch ../mpmat/293T-bat_test_rep1_hg38.select.C2C.mpmat
        else
        /home/zhaohuanan/miniconda3/envs/snakepipes_detect-seq_fastq_bam_plot/bin/python ./program/pmat-merge-V04.py         -f C -t C         -r /home/zhaohuanan/zhaohn_HD/2.database/fasta_hg38/hg38_only_chromosome.fa         --OutHeader False         -i ../mpileup_pmat_bmat/293T-bat_test_rep1_hg38.select.C.pmat         -o ../mpmat/293T-bat_test_rep1_hg38.select.C2C.mpmat         -d 50 -D 100         --NoMutNumCutoff 2         --OmitTandemNumCutoff 2         --SNP /home/zhaohuanan/zhaohn_HD/2.database/GATK_resource_bundle/resources_broad_hg38_v0_Homo_sapiens_assembly38.dbsnp138.vcf >../mpmat/293T-bat_test_rep1_hg38.select.C2C.mpmat.log 2>&1
        fi
        

[Mon Nov  9 01:21:53 2020]
rule pmat_merge:
    input: ../mpileup_pmat_bmat/293T-bat_test_rep1_hg38.select.C.pmat
    output: ../mpmat/293T-bat_test_rep1_hg38.select.C2T.mpmat
    log: ../mpmat/293T-bat_test_rep1_hg38.select.C2T.mpmat.log
    jobid: 20
    reason: Missing output files: ../mpmat/293T-bat_test_rep1_hg38.select.C2T.mpmat; Input files updated by another job: ../mpileup_pmat_bmat/293T-bat_test_rep1_hg38.select.C.pmat
    wildcards: sample=test, rep=rep1, fbase=C, tbase=T


        FB=C
        TB=T
        if [ $FB = $TB ]; then
        echo "from base == to base, skip..." > ../mpmat/293T-bat_test_rep1_hg38.select.C2T.mpmat.log
        touch ../mpmat/293T-bat_test_rep1_hg38.select.C2T.mpmat
        else
        /home/zhaohuanan/miniconda3/envs/snakepipes_detect-seq_fastq_bam_plot/bin/python ./program/pmat-merge-V04.py         -f C -t T         -r /home/zhaohuanan/zhaohn_HD/2.database/fasta_hg38/hg38_only_chromosome.fa         --OutHeader False         -i ../mpileup_pmat_bmat/293T-bat_test_rep1_hg38.select.C.pmat         -o ../mpmat/293T-bat_test_rep1_hg38.select.C2T.mpmat         -d 50 -D 100         --NoMutNumCutoff 2         --OmitTandemNumCutoff 2         --SNP /home/zhaohuanan/zhaohn_HD/2.database/GATK_resource_bundle/resources_broad_hg38_v0_Homo_sapiens_assembly38.dbsnp138.vcf >../mpmat/293T-bat_test_rep1_hg38.select.C2T.mpmat.log 2>&1
        fi
        
[Mon Nov  9 01:21:53 2020]
Finished job 21.
10 of 27 steps (37%) done
[Mon Nov  9 01:21:53 2020]
Finished job 8.
11 of 27 steps (41%) done

[Mon Nov  9 01:21:53 2020]
rule pmat_merge:
    input: ../mpileup_pmat_bmat/293T-bat_test_rep1_hg38.select.T.pmat
    output: ../mpmat/293T-bat_test_rep1_hg38.select.T2A.mpmat
    log: ../mpmat/293T-bat_test_rep1_hg38.select.T2A.mpmat.log
    jobid: 15
    reason: Missing output files: ../mpmat/293T-bat_test_rep1_hg38.select.T2A.mpmat; Input files updated by another job: ../mpileup_pmat_bmat/293T-bat_test_rep1_hg38.select.T.pmat
    wildcards: sample=test, rep=rep1, fbase=T, tbase=A


        FB=T
        TB=A
        if [ $FB = $TB ]; then
        echo "from base == to base, skip..." > ../mpmat/293T-bat_test_rep1_hg38.select.T2A.mpmat.log
        touch ../mpmat/293T-bat_test_rep1_hg38.select.T2A.mpmat
        else
        /home/zhaohuanan/miniconda3/envs/snakepipes_detect-seq_fastq_bam_plot/bin/python ./program/pmat-merge-V04.py         -f T -t A         -r /home/zhaohuanan/zhaohn_HD/2.database/fasta_hg38/hg38_only_chromosome.fa         --OutHeader False         -i ../mpileup_pmat_bmat/293T-bat_test_rep1_hg38.select.T.pmat         -o ../mpmat/293T-bat_test_rep1_hg38.select.T2A.mpmat         -d 50 -D 100         --NoMutNumCutoff 2         --OmitTandemNumCutoff 2         --SNP /home/zhaohuanan/zhaohn_HD/2.database/GATK_resource_bundle/resources_broad_hg38_v0_Homo_sapiens_assembly38.dbsnp138.vcf >../mpmat/293T-bat_test_rep1_hg38.select.T2A.mpmat.log 2>&1
        fi
        

[Mon Nov  9 01:21:53 2020]
rule pmat_merge:
    input: ../mpileup_pmat_bmat/293T-bat_test_rep1_hg38.select.T.pmat
    output: ../mpmat/293T-bat_test_rep1_hg38.select.T2C.mpmat
    log: ../mpmat/293T-bat_test_rep1_hg38.select.T2C.mpmat.log
    jobid: 17
    reason: Missing output files: ../mpmat/293T-bat_test_rep1_hg38.select.T2C.mpmat; Input files updated by another job: ../mpileup_pmat_bmat/293T-bat_test_rep1_hg38.select.T.pmat
    wildcards: sample=test, rep=rep1, fbase=T, tbase=C


        FB=T
        TB=C
        if [ $FB = $TB ]; then
        echo "from base == to base, skip..." > ../mpmat/293T-bat_test_rep1_hg38.select.T2C.mpmat.log
        touch ../mpmat/293T-bat_test_rep1_hg38.select.T2C.mpmat
        else
        /home/zhaohuanan/miniconda3/envs/snakepipes_detect-seq_fastq_bam_plot/bin/python ./program/pmat-merge-V04.py         -f T -t C         -r /home/zhaohuanan/zhaohn_HD/2.database/fasta_hg38/hg38_only_chromosome.fa         --OutHeader False         -i ../mpileup_pmat_bmat/293T-bat_test_rep1_hg38.select.T.pmat         -o ../mpmat/293T-bat_test_rep1_hg38.select.T2C.mpmat         -d 50 -D 100         --NoMutNumCutoff 2         --OmitTandemNumCutoff 2         --SNP /home/zhaohuanan/zhaohn_HD/2.database/GATK_resource_bundle/resources_broad_hg38_v0_Homo_sapiens_assembly38.dbsnp138.vcf >../mpmat/293T-bat_test_rep1_hg38.select.T2C.mpmat.log 2>&1
        fi
        

[Mon Nov  9 01:21:53 2020]
rule pmat_merge:
    input: ../mpileup_pmat_bmat/293T-bat_test_rep1_hg38.select.T.pmat
    output: ../mpmat/293T-bat_test_rep1_hg38.select.T2T.mpmat
    log: ../mpmat/293T-bat_test_rep1_hg38.select.T2T.mpmat.log
    jobid: 16
    reason: Missing output files: ../mpmat/293T-bat_test_rep1_hg38.select.T2T.mpmat; Input files updated by another job: ../mpileup_pmat_bmat/293T-bat_test_rep1_hg38.select.T.pmat
    wildcards: sample=test, rep=rep1, fbase=T, tbase=T


        FB=T
        TB=T
        if [ $FB = $TB ]; then
        echo "from base == to base, skip..." > ../mpmat/293T-bat_test_rep1_hg38.select.T2T.mpmat.log
        touch ../mpmat/293T-bat_test_rep1_hg38.select.T2T.mpmat
        else
        /home/zhaohuanan/miniconda3/envs/snakepipes_detect-seq_fastq_bam_plot/bin/python ./program/pmat-merge-V04.py         -f T -t T         -r /home/zhaohuanan/zhaohn_HD/2.database/fasta_hg38/hg38_only_chromosome.fa         --OutHeader False         -i ../mpileup_pmat_bmat/293T-bat_test_rep1_hg38.select.T.pmat         -o ../mpmat/293T-bat_test_rep1_hg38.select.T2T.mpmat         -d 50 -D 100         --NoMutNumCutoff 2         --OmitTandemNumCutoff 2         --SNP /home/zhaohuanan/zhaohn_HD/2.database/GATK_resource_bundle/resources_broad_hg38_v0_Homo_sapiens_assembly38.dbsnp138.vcf >../mpmat/293T-bat_test_rep1_hg38.select.T2T.mpmat.log 2>&1
        fi
        

[Mon Nov  9 01:21:53 2020]
rule pmat_merge:
    input: ../mpileup_pmat_bmat/293T-bat_test_rep1_hg38.select.T.pmat
    output: ../mpmat/293T-bat_test_rep1_hg38.select.T2G.mpmat
    log: ../mpmat/293T-bat_test_rep1_hg38.select.T2G.mpmat.log
    jobid: 18
    reason: Missing output files: ../mpmat/293T-bat_test_rep1_hg38.select.T2G.mpmat; Input files updated by another job: ../mpileup_pmat_bmat/293T-bat_test_rep1_hg38.select.T.pmat
    wildcards: sample=test, rep=rep1, fbase=T, tbase=G


        FB=T
        TB=G
        if [ $FB = $TB ]; then
        echo "from base == to base, skip..." > ../mpmat/293T-bat_test_rep1_hg38.select.T2G.mpmat.log
        touch ../mpmat/293T-bat_test_rep1_hg38.select.T2G.mpmat
        else
        /home/zhaohuanan/miniconda3/envs/snakepipes_detect-seq_fastq_bam_plot/bin/python ./program/pmat-merge-V04.py         -f T -t G         -r /home/zhaohuanan/zhaohn_HD/2.database/fasta_hg38/hg38_only_chromosome.fa         --OutHeader False         -i ../mpileup_pmat_bmat/293T-bat_test_rep1_hg38.select.T.pmat         -o ../mpmat/293T-bat_test_rep1_hg38.select.T2G.mpmat         -d 50 -D 100         --NoMutNumCutoff 2         --OmitTandemNumCutoff 2         --SNP /home/zhaohuanan/zhaohn_HD/2.database/GATK_resource_bundle/resources_broad_hg38_v0_Homo_sapiens_assembly38.dbsnp138.vcf >../mpmat/293T-bat_test_rep1_hg38.select.T2G.mpmat.log 2>&1
        fi
        
[Mon Nov  9 01:21:53 2020]
Finished job 16.
12 of 27 steps (44%) done
[Mon Nov  9 01:21:53 2020]
Finished job 7.
13 of 27 steps (48%) done

[Mon Nov  9 01:21:53 2020]
rule pmat_merge:
    input: ../mpileup_pmat_bmat/293T-bat_test_rep1_hg38.select.A.pmat
    output: ../mpmat/293T-bat_test_rep1_hg38.select.A2T.mpmat
    log: ../mpmat/293T-bat_test_rep1_hg38.select.A2T.mpmat.log
    jobid: 12
    reason: Missing output files: ../mpmat/293T-bat_test_rep1_hg38.select.A2T.mpmat; Input files updated by another job: ../mpileup_pmat_bmat/293T-bat_test_rep1_hg38.select.A.pmat
    wildcards: sample=test, rep=rep1, fbase=A, tbase=T


        FB=A
        TB=T
        if [ $FB = $TB ]; then
        echo "from base == to base, skip..." > ../mpmat/293T-bat_test_rep1_hg38.select.A2T.mpmat.log
        touch ../mpmat/293T-bat_test_rep1_hg38.select.A2T.mpmat
        else
        /home/zhaohuanan/miniconda3/envs/snakepipes_detect-seq_fastq_bam_plot/bin/python ./program/pmat-merge-V04.py         -f A -t T         -r /home/zhaohuanan/zhaohn_HD/2.database/fasta_hg38/hg38_only_chromosome.fa         --OutHeader False         -i ../mpileup_pmat_bmat/293T-bat_test_rep1_hg38.select.A.pmat         -o ../mpmat/293T-bat_test_rep1_hg38.select.A2T.mpmat         -d 50 -D 100         --NoMutNumCutoff 2         --OmitTandemNumCutoff 2         --SNP /home/zhaohuanan/zhaohn_HD/2.database/GATK_resource_bundle/resources_broad_hg38_v0_Homo_sapiens_assembly38.dbsnp138.vcf >../mpmat/293T-bat_test_rep1_hg38.select.A2T.mpmat.log 2>&1
        fi
        

[Mon Nov  9 01:21:53 2020]
rule pmat_merge:
    input: ../mpileup_pmat_bmat/293T-bat_test_rep1_hg38.select.A.pmat
    output: ../mpmat/293T-bat_test_rep1_hg38.select.A2C.mpmat
    log: ../mpmat/293T-bat_test_rep1_hg38.select.A2C.mpmat.log
    jobid: 13
    reason: Missing output files: ../mpmat/293T-bat_test_rep1_hg38.select.A2C.mpmat; Input files updated by another job: ../mpileup_pmat_bmat/293T-bat_test_rep1_hg38.select.A.pmat
    wildcards: sample=test, rep=rep1, fbase=A, tbase=C


        FB=A
        TB=C
        if [ $FB = $TB ]; then
        echo "from base == to base, skip..." > ../mpmat/293T-bat_test_rep1_hg38.select.A2C.mpmat.log
        touch ../mpmat/293T-bat_test_rep1_hg38.select.A2C.mpmat
        else
        /home/zhaohuanan/miniconda3/envs/snakepipes_detect-seq_fastq_bam_plot/bin/python ./program/pmat-merge-V04.py         -f A -t C         -r /home/zhaohuanan/zhaohn_HD/2.database/fasta_hg38/hg38_only_chromosome.fa         --OutHeader False         -i ../mpileup_pmat_bmat/293T-bat_test_rep1_hg38.select.A.pmat         -o ../mpmat/293T-bat_test_rep1_hg38.select.A2C.mpmat         -d 50 -D 100         --NoMutNumCutoff 2         --OmitTandemNumCutoff 2         --SNP /home/zhaohuanan/zhaohn_HD/2.database/GATK_resource_bundle/resources_broad_hg38_v0_Homo_sapiens_assembly38.dbsnp138.vcf >../mpmat/293T-bat_test_rep1_hg38.select.A2C.mpmat.log 2>&1
        fi
        

[Mon Nov  9 01:21:53 2020]
rule pmat_merge:
    input: ../mpileup_pmat_bmat/293T-bat_test_rep1_hg38.select.A.pmat
    output: ../mpmat/293T-bat_test_rep1_hg38.select.A2A.mpmat
    log: ../mpmat/293T-bat_test_rep1_hg38.select.A2A.mpmat.log
    jobid: 11
    reason: Missing output files: ../mpmat/293T-bat_test_rep1_hg38.select.A2A.mpmat; Input files updated by another job: ../mpileup_pmat_bmat/293T-bat_test_rep1_hg38.select.A.pmat
    wildcards: sample=test, rep=rep1, fbase=A, tbase=A


        FB=A
        TB=A
        if [ $FB = $TB ]; then
        echo "from base == to base, skip..." > ../mpmat/293T-bat_test_rep1_hg38.select.A2A.mpmat.log
        touch ../mpmat/293T-bat_test_rep1_hg38.select.A2A.mpmat
        else
        /home/zhaohuanan/miniconda3/envs/snakepipes_detect-seq_fastq_bam_plot/bin/python ./program/pmat-merge-V04.py         -f A -t A         -r /home/zhaohuanan/zhaohn_HD/2.database/fasta_hg38/hg38_only_chromosome.fa         --OutHeader False         -i ../mpileup_pmat_bmat/293T-bat_test_rep1_hg38.select.A.pmat         -o ../mpmat/293T-bat_test_rep1_hg38.select.A2A.mpmat         -d 50 -D 100         --NoMutNumCutoff 2         --OmitTandemNumCutoff 2         --SNP /home/zhaohuanan/zhaohn_HD/2.database/GATK_resource_bundle/resources_broad_hg38_v0_Homo_sapiens_assembly38.dbsnp138.vcf >../mpmat/293T-bat_test_rep1_hg38.select.A2A.mpmat.log 2>&1
        fi
        

[Mon Nov  9 01:21:53 2020]
rule pmat_merge:
    input: ../mpileup_pmat_bmat/293T-bat_test_rep1_hg38.select.A.pmat
    output: ../mpmat/293T-bat_test_rep1_hg38.select.A2G.mpmat
    log: ../mpmat/293T-bat_test_rep1_hg38.select.A2G.mpmat.log
    jobid: 14
    reason: Missing output files: ../mpmat/293T-bat_test_rep1_hg38.select.A2G.mpmat; Input files updated by another job: ../mpileup_pmat_bmat/293T-bat_test_rep1_hg38.select.A.pmat
    wildcards: sample=test, rep=rep1, fbase=A, tbase=G


        FB=A
        TB=G
        if [ $FB = $TB ]; then
        echo "from base == to base, skip..." > ../mpmat/293T-bat_test_rep1_hg38.select.A2G.mpmat.log
        touch ../mpmat/293T-bat_test_rep1_hg38.select.A2G.mpmat
        else
        /home/zhaohuanan/miniconda3/envs/snakepipes_detect-seq_fastq_bam_plot/bin/python ./program/pmat-merge-V04.py         -f A -t G         -r /home/zhaohuanan/zhaohn_HD/2.database/fasta_hg38/hg38_only_chromosome.fa         --OutHeader False         -i ../mpileup_pmat_bmat/293T-bat_test_rep1_hg38.select.A.pmat         -o ../mpmat/293T-bat_test_rep1_hg38.select.A2G.mpmat         -d 50 -D 100         --NoMutNumCutoff 2         --OmitTandemNumCutoff 2         --SNP /home/zhaohuanan/zhaohn_HD/2.database/GATK_resource_bundle/resources_broad_hg38_v0_Homo_sapiens_assembly38.dbsnp138.vcf >../mpmat/293T-bat_test_rep1_hg38.select.A2G.mpmat.log 2>&1
        fi
        
[Mon Nov  9 01:21:53 2020]
Finished job 11.
14 of 27 steps (52%) done
