Building DAG of jobs...
MissingInputException in line 12 of /gpfs/user/zhaohuanan/3.project/20.2020-11_1109_GBE_DETECT-Seq_old_protocol/snakepipes_detect-seq/snk.2.TEST_heatmap_for_base_to_base_percentage.py:
Missing input files for rule all:
../mpileup_pmat_bmat/split_char/293T-bat_GBEmini-AP-RNF2-All-PD_rep1_hg38.MAPQ20_chr7.bmat
../mpileup_pmat_bmat/split_char/293T-bat_GBEmini-dU-RNF2-All-PD_rep1_hg38.MAPQ20_chr6.bmat
../mpileup_pmat_bmat/split_char/293T-bat_GBEmini-AP-RNF2-All-PD_rep1_hg38.MAPQ20_chr16.bmat
../mpileup_pmat_bmat/split_char/293T-bat_GBEmini-AP-RNF2-All-PD_rep1_hg38.MAPQ20_chr3.bmat
../mpileup_pmat_bmat/split_char/293T-bat_GBEmini-AP-RNF2-All-PD_rep1_hg38.MAPQ20_chrM.bmat
../mpileup_pmat_bmat/split_char/293T-bat_GBEmini-AP-RNF2-All-PD_rep1_hg38.MAPQ20_chr11.bmat
../mpileup_pmat_bmat/split_char/293T-bat_GBEmini-AP-RNF2-All-PD_rep1_hg38.MAPQ20_chr20.bmat
../mpileup_pmat_bmat/split_char/293T-bat_GBEmini-AP-RNF2-All-PD_rep1_hg38.MAPQ20_chr9.bmat
../mpileup_pmat_bmat/split_char/293T-bat_GBEmini-AP-RNF2-All-PD_rep1_hg38.MAPQ20_chr15.bmat
../mpileup_pmat_bmat/split_char/293T-bat_GBEmini-dU-RNF2-All-PD_rep1_hg38.MAPQ20_chr3.bmat
../mpileup_pmat_bmat/split_char/293T-bat_GBEmini-dU-RNF2-All-PD_rep1_hg38.MAPQ20_chr22.bmat
../mpileup_pmat_bmat/split_char/293T-bat_GBEmini-AP-RNF2-All-PD_rep1_hg38.MAPQ20_chr13.bmat
../mpileup_pmat_bmat/split_char/293T-bat_GBEmini-dU-RNF2-All-PD_rep1_hg38.MAPQ20_chr17.bmat
../mpileup_pmat_bmat/split_char/293T-bat_GBEmini-AP-RNF2-All-PD_rep1_hg38.MAPQ20_chr4.bmat
../mpileup_pmat_bmat/split_char/293T-bat_GBEmini-AP-RNF2-All-PD_rep1_hg38.MAPQ20_chr19.bmat
../mpileup_pmat_bmat/split_char/293T-bat_GBEmini-AP-RNF2-All-PD_rep1_hg38.MAPQ20_chrX.bmat
../mpileup_pmat_bmat/split_char/293T-bat_GBEmini-dU-RNF2-All-PD_rep1_hg38.MAPQ20_chr2.bmat
../mpileup_pmat_bmat/split_char/293T-bat_GBEmini-dU-RNF2-All-PD_rep1_hg38.MAPQ20_chr14.bmat
../mpileup_pmat_bmat/split_char/293T-bat_GBEmini-AP-RNF2-All-PD_rep1_hg38.MAPQ20_chr10.bmat
../mpileup_pmat_bmat/split_char/293T-bat_GBEmini-AP-RNF2-All-PD_rep1_hg38.MAPQ20_chr8.bmat
../mpileup_pmat_bmat/split_char/293T-bat_GBEmini-dU-RNF2-All-PD_rep1_hg38.MAPQ20_chr16.bmat
../mpileup_pmat_bmat/split_char/293T-bat_GBEmini-dU-RNF2-All-PD_rep1_hg38.MAPQ20_chr20.bmat
../mpileup_pmat_bmat/split_char/293T-bat_GBEmini-dU-RNF2-All-PD_rep1_hg38.MAPQ20_chr21.bmat
../mpileup_pmat_bmat/split_char/293T-bat_GBEmini-dU-RNF2-All-PD_rep1_hg38.MAPQ20_chr8.bmat
../mpileup_pmat_bmat/split_char/293T-bat_GBEmini-dU-RNF2-All-PD_rep1_hg38.MAPQ20_chr7.bmat
../mpileup_pmat_bmat/split_char/293T-bat_GBEmini-dU-RNF2-All-PD_rep1_hg38.MAPQ20_chrX.bmat
../mpileup_pmat_bmat/split_char/293T-bat_GBEmini-dU-RNF2-All-PD_rep1_hg38.MAPQ20_chr5.bmat
../mpileup_pmat_bmat/split_char/293T-bat_GBEmini-dU-RNF2-All-PD_rep1_hg38.MAPQ20_chrY.bmat
../mpileup_pmat_bmat/split_char/293T-bat_GBEmini-AP-RNF2-All-PD_rep1_hg38.MAPQ20_chr6.bmat
../mpileup_pmat_bmat/split_char/293T-bat_GBEmini-dU-RNF2-All-PD_rep1_hg38.MAPQ20_chr4.bmat
../mpileup_pmat_bmat/split_char/293T-bat_GBEmini-AP-RNF2-All-PD_rep1_hg38.MAPQ20_chr18.bmat
../mpileup_pmat_bmat/split_char/293T-bat_GBEmini-dU-RNF2-All-PD_rep1_hg38.MAPQ20_chr10.bmat
../mpileup_pmat_bmat/split_char/293T-bat_GBEmini-dU-RNF2-All-PD_rep1_hg38.MAPQ20_chr1.bmat
../mpileup_pmat_bmat/split_char/293T-bat_GBEmini-dU-RNF2-All-PD_rep1_hg38.MAPQ20_chr12.bmat
../mpileup_pmat_bmat/split_char/293T-bat_GBEmini-dU-RNF2-All-PD_rep1_hg38.MAPQ20_chr15.bmat
../mpileup_pmat_bmat/split_char/293T-bat_GBEmini-AP-RNF2-All-PD_rep1_hg38.MAPQ20_chr21.bmat
../mpileup_pmat_bmat/split_char/293T-bat_GBEmini-AP-RNF2-All-PD_rep1_hg38.MAPQ20_chr0.bmat
../mpileup_pmat_bmat/split_char/293T-bat_GBEmini-AP-RNF2-All-PD_rep1_hg38.MAPQ20_chr22.bmat
../mpileup_pmat_bmat/split_char/293T-bat_GBEmini-AP-RNF2-All-PD_rep1_hg38.MAPQ20_chr1.bmat
../mpileup_pmat_bmat/split_char/293T-bat_GBEmini-dU-RNF2-All-PD_rep1_hg38.MAPQ20_chr9.bmat
../mpileup_pmat_bmat/split_char/293T-bat_GBEmini-dU-RNF2-All-PD_rep1_hg38.MAPQ20_chr0.bmat
../mpileup_pmat_bmat/split_char/293T-bat_GBEmini-dU-RNF2-All-PD_rep1_hg38.MAPQ20_chrM.bmat
../mpileup_pmat_bmat/split_char/293T-bat_GBEmini-AP-RNF2-All-PD_rep1_hg38.MAPQ20_chr12.bmat
../mpileup_pmat_bmat/split_char/293T-bat_GBEmini-AP-RNF2-All-PD_rep1_hg38.MAPQ20_chr5.bmat
../mpileup_pmat_bmat/split_char/293T-bat_GBEmini-AP-RNF2-All-PD_rep1_hg38.MAPQ20_chr17.bmat
../mpileup_pmat_bmat/split_char/293T-bat_GBEmini-dU-RNF2-All-PD_rep1_hg38.MAPQ20_chr19.bmat
../mpileup_pmat_bmat/split_char/293T-bat_GBEmini-AP-RNF2-All-PD_rep1_hg38.MAPQ20_chr14.bmat
../mpileup_pmat_bmat/split_char/293T-bat_GBEmini-AP-RNF2-All-PD_rep1_hg38.MAPQ20_chr2.bmat
../mpileup_pmat_bmat/split_char/293T-bat_GBEmini-dU-RNF2-All-PD_rep1_hg38.MAPQ20_chr11.bmat
../mpileup_pmat_bmat/split_char/293T-bat_GBEmini-dU-RNF2-All-PD_rep1_hg38.MAPQ20_chr18.bmat
../mpileup_pmat_bmat/split_char/293T-bat_GBEmini-dU-RNF2-All-PD_rep1_hg38.MAPQ20_chr13.bmat
../mpileup_pmat_bmat/split_char/293T-bat_GBEmini-AP-RNF2-All-PD_rep1_hg38.MAPQ20_chrY.bmat
