Building DAG of jobs...
Job counts:
	count	jobs
	1	all
	4	select_significant_region
	5

[Tue Oct 13 21:33:37 2020]
rule select_significant_region:
    input: ../table/detect_seq.StatsTest.table_CTRL-VEGFA-Vector-PD_TREAT-VEGFA-sgRNADel-PD_rep1.filtered.C2T_merge_G2A_noHeader.tsv
    output: ../table/detect_seq.StatsTest.table_CTRL-VEGFA-Vector-PD_TREAT-VEGFA-sgRNADel-PD_rep1.filtered.C2T_merge_G2A_noHeader.Sign.tsv
    jobid: 11
    reason: Missing output files: ../table/detect_seq.StatsTest.table_CTRL-VEGFA-Vector-PD_TREAT-VEGFA-sgRNADel-PD_rep1.filtered.C2T_merge_G2A_noHeader.Sign.tsv
    wildcards: ctrl=VEGFA-Vector-PD, treat=VEGFA-sgRNADel-PD, rep=rep1, a=C, b=T, c=G, d=A

RuleException in line 91 of /gpfs/user/zhaohuanan/3.project/10.2020-09_0923_Practice_for_detect-seq-data/snakepipes_detect-seq_fastq_bam_plot/snk.3.poisson-test_select_plot-art.py:
NameError: The name 'if($NF<0' is unknown in this context. Please make sure that you defined that variable. Also note that braces not used for variable access have to be escaped by repeating them, i.e. {{print $1}}
  File "/home/zhaohuanan/miniconda3/lib/python3.7/site-packages/snakemake/executors/__init__.py", line 115, in run_jobs
  File "/home/zhaohuanan/miniconda3/lib/python3.7/site-packages/snakemake/executors/__init__.py", line 120, in run
  File "/home/zhaohuanan/miniconda3/lib/python3.7/site-packages/snakemake/executors/__init__.py", line 131, in _run
  File "/home/zhaohuanan/miniconda3/lib/python3.7/site-packages/snakemake/executors/__init__.py", line 151, in printjob
  File "/home/zhaohuanan/miniconda3/lib/python3.7/site-packages/snakemake/executors/__init__.py", line 137, in printjob
