Building DAG of jobs...
Using shell: /usr/bin/bash
Provided cores: 24
Rules claiming more threads will be scaled down.
Job counts:
	count	jobs
	1	all
	4	sort_mpmat
	5

[Mon Sep 28 10:43:56 2020]
rule sort_mpmat:
    input: ../mpmat/293T-bat_VEGFA-sgRNADel-PD_rep2_hg38.MAPQ20.select.C2T_merge_G2A.mpmat
    output: ../mpmat/293T-bat_VEGFA-sgRNADel-PD_rep2_hg38.MAPQ20.select.C2T_merge_G2A.sort.mpmat
    jobid: 12
    reason: Missing output files: ../mpmat/293T-bat_VEGFA-sgRNADel-PD_rep2_hg38.MAPQ20.select.C2T_merge_G2A.sort.mpmat
    wildcards: sample=VEGFA-sgRNADel-PD, rep=rep2, a=C, b=T, c=G, d=A


         /home/zhaohuanan/miniconda3/envs/snakepipes_detect-seq_fastq_bam_plot/bin/bedtools sort -i ../mpmat/293T-bat_VEGFA-sgRNADel-PD_rep2_hg38.MAPQ20.select.C2T_merge_G2A.mpmat -g /home/zhaohuanan/zhaohn_HD/2.database/fasta_hg38/hg38_only_chromosome.fa.fai > ../mpmat/293T-bat_VEGFA-sgRNADel-PD_rep2_hg38.MAPQ20.select.C2T_merge_G2A.sort.mpmat
        

[Mon Sep 28 10:43:56 2020]
rule sort_mpmat:
    input: ../mpmat/293T-bat_VEGFA-Vector-PD_rep1_hg38.MAPQ20.select.C2T_merge_G2A.mpmat
    output: ../mpmat/293T-bat_VEGFA-Vector-PD_rep1_hg38.MAPQ20.select.C2T_merge_G2A.sort.mpmat
    jobid: 9
    reason: Missing output files: ../mpmat/293T-bat_VEGFA-Vector-PD_rep1_hg38.MAPQ20.select.C2T_merge_G2A.sort.mpmat
    wildcards: sample=VEGFA-Vector-PD, rep=rep1, a=C, b=T, c=G, d=A


         /home/zhaohuanan/miniconda3/envs/snakepipes_detect-seq_fastq_bam_plot/bin/bedtools sort -i ../mpmat/293T-bat_VEGFA-Vector-PD_rep1_hg38.MAPQ20.select.C2T_merge_G2A.mpmat -g /home/zhaohuanan/zhaohn_HD/2.database/fasta_hg38/hg38_only_chromosome.fa.fai > ../mpmat/293T-bat_VEGFA-Vector-PD_rep1_hg38.MAPQ20.select.C2T_merge_G2A.sort.mpmat
        

[Mon Sep 28 10:43:56 2020]
rule sort_mpmat:
    input: ../mpmat/293T-bat_VEGFA-sgRNADel-PD_rep1_hg38.MAPQ20.select.C2T_merge_G2A.mpmat
    output: ../mpmat/293T-bat_VEGFA-sgRNADel-PD_rep1_hg38.MAPQ20.select.C2T_merge_G2A.sort.mpmat
    jobid: 11
    reason: Missing output files: ../mpmat/293T-bat_VEGFA-sgRNADel-PD_rep1_hg38.MAPQ20.select.C2T_merge_G2A.sort.mpmat
    wildcards: sample=VEGFA-sgRNADel-PD, rep=rep1, a=C, b=T, c=G, d=A


         /home/zhaohuanan/miniconda3/envs/snakepipes_detect-seq_fastq_bam_plot/bin/bedtools sort -i ../mpmat/293T-bat_VEGFA-sgRNADel-PD_rep1_hg38.MAPQ20.select.C2T_merge_G2A.mpmat -g /home/zhaohuanan/zhaohn_HD/2.database/fasta_hg38/hg38_only_chromosome.fa.fai > ../mpmat/293T-bat_VEGFA-sgRNADel-PD_rep1_hg38.MAPQ20.select.C2T_merge_G2A.sort.mpmat
        

[Mon Sep 28 10:43:56 2020]
rule sort_mpmat:
    input: ../mpmat/293T-bat_VEGFA-All-PD_rep2_hg38.MAPQ20.select.C2T_merge_G2A.mpmat
    output: ../mpmat/293T-bat_VEGFA-All-PD_rep2_hg38.MAPQ20.select.C2T_merge_G2A.sort.mpmat
    jobid: 8
    reason: Missing output files: ../mpmat/293T-bat_VEGFA-All-PD_rep2_hg38.MAPQ20.select.C2T_merge_G2A.sort.mpmat
    wildcards: sample=VEGFA-All-PD, rep=rep2, a=C, b=T, c=G, d=A


         /home/zhaohuanan/miniconda3/envs/snakepipes_detect-seq_fastq_bam_plot/bin/bedtools sort -i ../mpmat/293T-bat_VEGFA-All-PD_rep2_hg38.MAPQ20.select.C2T_merge_G2A.mpmat -g /home/zhaohuanan/zhaohn_HD/2.database/fasta_hg38/hg38_only_chromosome.fa.fai > ../mpmat/293T-bat_VEGFA-All-PD_rep2_hg38.MAPQ20.select.C2T_merge_G2A.sort.mpmat
        
[Mon Sep 28 10:51:00 2020]
Finished job 8.
1 of 5 steps (20%) done
[Mon Sep 28 10:51:25 2020]
Finished job 11.
2 of 5 steps (40%) done
[Mon Sep 28 10:51:55 2020]
Finished job 9.
3 of 5 steps (60%) done
[Mon Sep 28 10:52:14 2020]
Finished job 12.
4 of 5 steps (80%) done

[Mon Sep 28 10:52:14 2020]
localrule all:
    input: ../mpmat/293T-bat_VEGFA-All-PD_rep1_hg38.MAPQ20.select.C2T.mpmat, ../mpmat/293T-bat_VEGFA-All-PD_rep2_hg38.MAPQ20.select.C2T.mpmat, ../mpmat/293T-bat_VEGFA-Vector-PD_rep1_hg38.MAPQ20.select.C2T.mpmat, ../mpmat/293T-bat_VEGFA-Vector-PD_rep2_hg38.MAPQ20.select.C2T.mpmat, ../mpmat/293T-bat_VEGFA-sgRNADel-PD_rep1_hg38.MAPQ20.select.C2T.mpmat, ../mpmat/293T-bat_VEGFA-sgRNADel-PD_rep2_hg38.MAPQ20.select.C2T.mpmat, ../mpmat/293T-bat_VEGFA-All-PD_rep1_hg38.MAPQ20.select.G2A.mpmat, ../mpmat/293T-bat_VEGFA-All-PD_rep2_hg38.MAPQ20.select.G2A.mpmat, ../mpmat/293T-bat_VEGFA-Vector-PD_rep1_hg38.MAPQ20.select.G2A.mpmat, ../mpmat/293T-bat_VEGFA-Vector-PD_rep2_hg38.MAPQ20.select.G2A.mpmat, ../mpmat/293T-bat_VEGFA-sgRNADel-PD_rep1_hg38.MAPQ20.select.G2A.mpmat, ../mpmat/293T-bat_VEGFA-sgRNADel-PD_rep2_hg38.MAPQ20.select.G2A.mpmat, ../mpmat/293T-bat_VEGFA-All-PD_rep1_hg38.MAPQ20.select.C2T_merge_G2A.mpmat, ../mpmat/293T-bat_VEGFA-All-PD_rep2_hg38.MAPQ20.select.C2T_merge_G2A.mpmat, ../mpmat/293T-bat_VEGFA-Vector-PD_rep1_hg38.MAPQ20.select.C2T_merge_G2A.mpmat, ../mpmat/293T-bat_VEGFA-Vector-PD_rep2_hg38.MAPQ20.select.C2T_merge_G2A.mpmat, ../mpmat/293T-bat_VEGFA-sgRNADel-PD_rep1_hg38.MAPQ20.select.C2T_merge_G2A.mpmat, ../mpmat/293T-bat_VEGFA-sgRNADel-PD_rep2_hg38.MAPQ20.select.C2T_merge_G2A.mpmat, ../mpmat/293T-bat_VEGFA-All-PD_rep1_hg38.MAPQ20.select.C2T_merge_G2A.sort.mpmat, ../mpmat/293T-bat_VEGFA-All-PD_rep2_hg38.MAPQ20.select.C2T_merge_G2A.sort.mpmat, ../mpmat/293T-bat_VEGFA-Vector-PD_rep1_hg38.MAPQ20.select.C2T_merge_G2A.sort.mpmat, ../mpmat/293T-bat_VEGFA-Vector-PD_rep2_hg38.MAPQ20.select.C2T_merge_G2A.sort.mpmat, ../mpmat/293T-bat_VEGFA-sgRNADel-PD_rep1_hg38.MAPQ20.select.C2T_merge_G2A.sort.mpmat, ../mpmat/293T-bat_VEGFA-sgRNADel-PD_rep2_hg38.MAPQ20.select.C2T_merge_G2A.sort.mpmat
    jobid: 0
    reason: Input files updated by another job: ../mpmat/293T-bat_VEGFA-Vector-PD_rep1_hg38.MAPQ20.select.C2T_merge_G2A.sort.mpmat, ../mpmat/293T-bat_VEGFA-sgRNADel-PD_rep1_hg38.MAPQ20.select.C2T_merge_G2A.sort.mpmat, ../mpmat/293T-bat_VEGFA-sgRNADel-PD_rep2_hg38.MAPQ20.select.C2T_merge_G2A.sort.mpmat, ../mpmat/293T-bat_VEGFA-All-PD_rep2_hg38.MAPQ20.select.C2T_merge_G2A.sort.mpmat

[Mon Sep 28 10:52:14 2020]
Finished job 0.
5 of 5 steps (100%) done
Complete log: /gpfs/user/zhaohuanan/3.project/10.2020-09_0923_Practice_for_detect-seq-data/snakepipes_detect-seq_fastq_bam_plot/.snakemake/log/2020-09-28T104356.072560.snakemake.log
