Building DAG of jobs...
Using shell: /usr/bin/bash
Provided cores: 25
Rules claiming more threads will be scaled down.
Job counts:
	count	jobs
	1	all
	52	split_bmat
	53

[Thu Nov 12 11:54:39 2020]
rule split_bmat:
    input: ../mpileup_pmat_bmat/293T-bat_GBEmini-dU-RNF2-All-PD_rep1_hg38.MAPQ20.bmat
    output: ../mpileup_pmat_bmat/split_chr/293T-bat_GBEmini-dU-RNF2-All-PD_rep1_hg38.MAPQ20_chr14.bmat
    jobid: 41
    reason: Missing output files: ../mpileup_pmat_bmat/split_chr/293T-bat_GBEmini-dU-RNF2-All-PD_rep1_hg38.MAPQ20_chr14.bmat
    wildcards: sample=GBEmini-dU-RNF2-All-PD, rep=rep1, chr_=14

sed '1d' ../mpileup_pmat_bmat/293T-bat_GBEmini-dU-RNF2-All-PD_rep1_hg38.MAPQ20.bmat | awk -F '	' '{if($1=="chr1")print $0}' > ../mpileup_pmat_bmat/split_chr/293T-bat_GBEmini-dU-RNF2-All-PD_rep1_hg38.MAPQ20_chr14.bmat

[Thu Nov 12 11:54:39 2020]
rule split_bmat:
    input: ../mpileup_pmat_bmat/293T-bat_GBEmini-AP-RNF2-All-PD_rep1_hg38.MAPQ20.bmat
    output: ../mpileup_pmat_bmat/split_chr/293T-bat_GBEmini-AP-RNF2-All-PD_rep1_hg38.MAPQ20_chr17.bmat
    jobid: 18
    reason: Missing output files: ../mpileup_pmat_bmat/split_chr/293T-bat_GBEmini-AP-RNF2-All-PD_rep1_hg38.MAPQ20_chr17.bmat
    wildcards: sample=GBEmini-AP-RNF2-All-PD, rep=rep1, chr_=17

sed '1d' ../mpileup_pmat_bmat/293T-bat_GBEmini-AP-RNF2-All-PD_rep1_hg38.MAPQ20.bmat | awk -F '	' '{if($1=="chr1")print $0}' > ../mpileup_pmat_bmat/split_chr/293T-bat_GBEmini-AP-RNF2-All-PD_rep1_hg38.MAPQ20_chr17.bmat

[Thu Nov 12 11:54:39 2020]
rule split_bmat:
    input: ../mpileup_pmat_bmat/293T-bat_GBEmini-dU-RNF2-All-PD_rep1_hg38.MAPQ20.bmat
    output: ../mpileup_pmat_bmat/split_chr/293T-bat_GBEmini-dU-RNF2-All-PD_rep1_hg38.MAPQ20_chr21.bmat
    jobid: 48
    reason: Missing output files: ../mpileup_pmat_bmat/split_chr/293T-bat_GBEmini-dU-RNF2-All-PD_rep1_hg38.MAPQ20_chr21.bmat
    wildcards: sample=GBEmini-dU-RNF2-All-PD, rep=rep1, chr_=21

sed '1d' ../mpileup_pmat_bmat/293T-bat_GBEmini-dU-RNF2-All-PD_rep1_hg38.MAPQ20.bmat | awk -F '	' '{if($1=="chr1")print $0}' > ../mpileup_pmat_bmat/split_chr/293T-bat_GBEmini-dU-RNF2-All-PD_rep1_hg38.MAPQ20_chr21.bmat

[Thu Nov 12 11:54:39 2020]
rule split_bmat:
    input: ../mpileup_pmat_bmat/293T-bat_GBEmini-AP-RNF2-All-PD_rep1_hg38.MAPQ20.bmat
    output: ../mpileup_pmat_bmat/split_chr/293T-bat_GBEmini-AP-RNF2-All-PD_rep1_hg38.MAPQ20_chr11.bmat
    jobid: 12
    reason: Missing output files: ../mpileup_pmat_bmat/split_chr/293T-bat_GBEmini-AP-RNF2-All-PD_rep1_hg38.MAPQ20_chr11.bmat
    wildcards: sample=GBEmini-AP-RNF2-All-PD, rep=rep1, chr_=11

sed '1d' ../mpileup_pmat_bmat/293T-bat_GBEmini-AP-RNF2-All-PD_rep1_hg38.MAPQ20.bmat | awk -F '	' '{if($1=="chr1")print $0}' > ../mpileup_pmat_bmat/split_chr/293T-bat_GBEmini-AP-RNF2-All-PD_rep1_hg38.MAPQ20_chr11.bmat

[Thu Nov 12 11:54:39 2020]
rule split_bmat:
    input: ../mpileup_pmat_bmat/293T-bat_GBEmini-AP-RNF2-All-PD_rep1_hg38.MAPQ20.bmat
    output: ../mpileup_pmat_bmat/split_chr/293T-bat_GBEmini-AP-RNF2-All-PD_rep1_hg38.MAPQ20_chr3.bmat
    jobid: 4
    reason: Missing output files: ../mpileup_pmat_bmat/split_chr/293T-bat_GBEmini-AP-RNF2-All-PD_rep1_hg38.MAPQ20_chr3.bmat
    wildcards: sample=GBEmini-AP-RNF2-All-PD, rep=rep1, chr_=3

sed '1d' ../mpileup_pmat_bmat/293T-bat_GBEmini-AP-RNF2-All-PD_rep1_hg38.MAPQ20.bmat | awk -F '	' '{if($1=="chr1")print $0}' > ../mpileup_pmat_bmat/split_chr/293T-bat_GBEmini-AP-RNF2-All-PD_rep1_hg38.MAPQ20_chr3.bmat

[Thu Nov 12 11:54:39 2020]
rule split_bmat:
    input: ../mpileup_pmat_bmat/293T-bat_GBEmini-dU-RNF2-All-PD_rep1_hg38.MAPQ20.bmat
    output: ../mpileup_pmat_bmat/split_chr/293T-bat_GBEmini-dU-RNF2-All-PD_rep1_hg38.MAPQ20_chr10.bmat
    jobid: 37
    reason: Missing output files: ../mpileup_pmat_bmat/split_chr/293T-bat_GBEmini-dU-RNF2-All-PD_rep1_hg38.MAPQ20_chr10.bmat
    wildcards: sample=GBEmini-dU-RNF2-All-PD, rep=rep1, chr_=10

sed '1d' ../mpileup_pmat_bmat/293T-bat_GBEmini-dU-RNF2-All-PD_rep1_hg38.MAPQ20.bmat | awk -F '	' '{if($1=="chr1")print $0}' > ../mpileup_pmat_bmat/split_chr/293T-bat_GBEmini-dU-RNF2-All-PD_rep1_hg38.MAPQ20_chr10.bmat

[Thu Nov 12 11:54:39 2020]
rule split_bmat:
    input: ../mpileup_pmat_bmat/293T-bat_GBEmini-dU-RNF2-All-PD_rep1_hg38.MAPQ20.bmat
    output: ../mpileup_pmat_bmat/split_chr/293T-bat_GBEmini-dU-RNF2-All-PD_rep1_hg38.MAPQ20_chr18.bmat
    jobid: 45
    reason: Missing output files: ../mpileup_pmat_bmat/split_chr/293T-bat_GBEmini-dU-RNF2-All-PD_rep1_hg38.MAPQ20_chr18.bmat
    wildcards: sample=GBEmini-dU-RNF2-All-PD, rep=rep1, chr_=18

sed '1d' ../mpileup_pmat_bmat/293T-bat_GBEmini-dU-RNF2-All-PD_rep1_hg38.MAPQ20.bmat | awk -F '	' '{if($1=="chr1")print $0}' > ../mpileup_pmat_bmat/split_chr/293T-bat_GBEmini-dU-RNF2-All-PD_rep1_hg38.MAPQ20_chr18.bmat

[Thu Nov 12 11:54:39 2020]
rule split_bmat:
    input: ../mpileup_pmat_bmat/293T-bat_GBEmini-dU-RNF2-All-PD_rep1_hg38.MAPQ20.bmat
    output: ../mpileup_pmat_bmat/split_chr/293T-bat_GBEmini-dU-RNF2-All-PD_rep1_hg38.MAPQ20_chrM.bmat
    jobid: 52
    reason: Missing output files: ../mpileup_pmat_bmat/split_chr/293T-bat_GBEmini-dU-RNF2-All-PD_rep1_hg38.MAPQ20_chrM.bmat
    wildcards: sample=GBEmini-dU-RNF2-All-PD, rep=rep1, chr_=M

sed '1d' ../mpileup_pmat_bmat/293T-bat_GBEmini-dU-RNF2-All-PD_rep1_hg38.MAPQ20.bmat | awk -F '	' '{if($1=="chr1")print $0}' > ../mpileup_pmat_bmat/split_chr/293T-bat_GBEmini-dU-RNF2-All-PD_rep1_hg38.MAPQ20_chrM.bmat

[Thu Nov 12 11:54:39 2020]
rule split_bmat:
    input: ../mpileup_pmat_bmat/293T-bat_GBEmini-AP-RNF2-All-PD_rep1_hg38.MAPQ20.bmat
    output: ../mpileup_pmat_bmat/split_chr/293T-bat_GBEmini-AP-RNF2-All-PD_rep1_hg38.MAPQ20_chr0.bmat
    jobid: 1
    reason: Missing output files: ../mpileup_pmat_bmat/split_chr/293T-bat_GBEmini-AP-RNF2-All-PD_rep1_hg38.MAPQ20_chr0.bmat
    wildcards: sample=GBEmini-AP-RNF2-All-PD, rep=rep1, chr_=0

sed '1d' ../mpileup_pmat_bmat/293T-bat_GBEmini-AP-RNF2-All-PD_rep1_hg38.MAPQ20.bmat | awk -F '	' '{if($1=="chr1")print $0}' > ../mpileup_pmat_bmat/split_chr/293T-bat_GBEmini-AP-RNF2-All-PD_rep1_hg38.MAPQ20_chr0.bmat

[Thu Nov 12 11:54:39 2020]
rule split_bmat:
    input: ../mpileup_pmat_bmat/293T-bat_GBEmini-AP-RNF2-All-PD_rep1_hg38.MAPQ20.bmat
    output: ../mpileup_pmat_bmat/split_chr/293T-bat_GBEmini-AP-RNF2-All-PD_rep1_hg38.MAPQ20_chr7.bmat
    jobid: 8
    reason: Missing output files: ../mpileup_pmat_bmat/split_chr/293T-bat_GBEmini-AP-RNF2-All-PD_rep1_hg38.MAPQ20_chr7.bmat
    wildcards: sample=GBEmini-AP-RNF2-All-PD, rep=rep1, chr_=7

sed '1d' ../mpileup_pmat_bmat/293T-bat_GBEmini-AP-RNF2-All-PD_rep1_hg38.MAPQ20.bmat | awk -F '	' '{if($1=="chr1")print $0}' > ../mpileup_pmat_bmat/split_chr/293T-bat_GBEmini-AP-RNF2-All-PD_rep1_hg38.MAPQ20_chr7.bmat

[Thu Nov 12 11:54:39 2020]
rule split_bmat:
    input: ../mpileup_pmat_bmat/293T-bat_GBEmini-AP-RNF2-All-PD_rep1_hg38.MAPQ20.bmat
    output: ../mpileup_pmat_bmat/split_chr/293T-bat_GBEmini-AP-RNF2-All-PD_rep1_hg38.MAPQ20_chr15.bmat
    jobid: 16
    reason: Missing output files: ../mpileup_pmat_bmat/split_chr/293T-bat_GBEmini-AP-RNF2-All-PD_rep1_hg38.MAPQ20_chr15.bmat
    wildcards: sample=GBEmini-AP-RNF2-All-PD, rep=rep1, chr_=15

sed '1d' ../mpileup_pmat_bmat/293T-bat_GBEmini-AP-RNF2-All-PD_rep1_hg38.MAPQ20.bmat | awk -F '	' '{if($1=="chr1")print $0}' > ../mpileup_pmat_bmat/split_chr/293T-bat_GBEmini-AP-RNF2-All-PD_rep1_hg38.MAPQ20_chr15.bmat

[Thu Nov 12 11:54:39 2020]
rule split_bmat:
    input: ../mpileup_pmat_bmat/293T-bat_GBEmini-AP-RNF2-All-PD_rep1_hg38.MAPQ20.bmat
    output: ../mpileup_pmat_bmat/split_chr/293T-bat_GBEmini-AP-RNF2-All-PD_rep1_hg38.MAPQ20_chr22.bmat
    jobid: 23
    reason: Missing output files: ../mpileup_pmat_bmat/split_chr/293T-bat_GBEmini-AP-RNF2-All-PD_rep1_hg38.MAPQ20_chr22.bmat
    wildcards: sample=GBEmini-AP-RNF2-All-PD, rep=rep1, chr_=22

sed '1d' ../mpileup_pmat_bmat/293T-bat_GBEmini-AP-RNF2-All-PD_rep1_hg38.MAPQ20.bmat | awk -F '	' '{if($1=="chr1")print $0}' > ../mpileup_pmat_bmat/split_chr/293T-bat_GBEmini-AP-RNF2-All-PD_rep1_hg38.MAPQ20_chr22.bmat

[Thu Nov 12 11:54:39 2020]
rule split_bmat:
    input: ../mpileup_pmat_bmat/293T-bat_GBEmini-dU-RNF2-All-PD_rep1_hg38.MAPQ20.bmat
    output: ../mpileup_pmat_bmat/split_chr/293T-bat_GBEmini-dU-RNF2-All-PD_rep1_hg38.MAPQ20_chr4.bmat
    jobid: 31
    reason: Missing output files: ../mpileup_pmat_bmat/split_chr/293T-bat_GBEmini-dU-RNF2-All-PD_rep1_hg38.MAPQ20_chr4.bmat
    wildcards: sample=GBEmini-dU-RNF2-All-PD, rep=rep1, chr_=4

sed '1d' ../mpileup_pmat_bmat/293T-bat_GBEmini-dU-RNF2-All-PD_rep1_hg38.MAPQ20.bmat | awk -F '	' '{if($1=="chr1")print $0}' > ../mpileup_pmat_bmat/split_chr/293T-bat_GBEmini-dU-RNF2-All-PD_rep1_hg38.MAPQ20_chr4.bmat

[Thu Nov 12 11:54:39 2020]
rule split_bmat:
    input: ../mpileup_pmat_bmat/293T-bat_GBEmini-dU-RNF2-All-PD_rep1_hg38.MAPQ20.bmat
    output: ../mpileup_pmat_bmat/split_chr/293T-bat_GBEmini-dU-RNF2-All-PD_rep1_hg38.MAPQ20_chr11.bmat
    jobid: 38
    reason: Missing output files: ../mpileup_pmat_bmat/split_chr/293T-bat_GBEmini-dU-RNF2-All-PD_rep1_hg38.MAPQ20_chr11.bmat
    wildcards: sample=GBEmini-dU-RNF2-All-PD, rep=rep1, chr_=11

sed '1d' ../mpileup_pmat_bmat/293T-bat_GBEmini-dU-RNF2-All-PD_rep1_hg38.MAPQ20.bmat | awk -F '	' '{if($1=="chr1")print $0}' > ../mpileup_pmat_bmat/split_chr/293T-bat_GBEmini-dU-RNF2-All-PD_rep1_hg38.MAPQ20_chr11.bmat

[Thu Nov 12 11:54:39 2020]
rule split_bmat:
    input: ../mpileup_pmat_bmat/293T-bat_GBEmini-dU-RNF2-All-PD_rep1_hg38.MAPQ20.bmat
    output: ../mpileup_pmat_bmat/split_chr/293T-bat_GBEmini-dU-RNF2-All-PD_rep1_hg38.MAPQ20_chr19.bmat
    jobid: 46
    reason: Missing output files: ../mpileup_pmat_bmat/split_chr/293T-bat_GBEmini-dU-RNF2-All-PD_rep1_hg38.MAPQ20_chr19.bmat
    wildcards: sample=GBEmini-dU-RNF2-All-PD, rep=rep1, chr_=19

sed '1d' ../mpileup_pmat_bmat/293T-bat_GBEmini-dU-RNF2-All-PD_rep1_hg38.MAPQ20.bmat | awk -F '	' '{if($1=="chr1")print $0}' > ../mpileup_pmat_bmat/split_chr/293T-bat_GBEmini-dU-RNF2-All-PD_rep1_hg38.MAPQ20_chr19.bmat

[Thu Nov 12 11:54:39 2020]
rule split_bmat:
    input: ../mpileup_pmat_bmat/293T-bat_GBEmini-AP-RNF2-All-PD_rep1_hg38.MAPQ20.bmat
    output: ../mpileup_pmat_bmat/split_chr/293T-bat_GBEmini-AP-RNF2-All-PD_rep1_hg38.MAPQ20_chr1.bmat
    jobid: 2
    reason: Missing output files: ../mpileup_pmat_bmat/split_chr/293T-bat_GBEmini-AP-RNF2-All-PD_rep1_hg38.MAPQ20_chr1.bmat
    wildcards: sample=GBEmini-AP-RNF2-All-PD, rep=rep1, chr_=1

sed '1d' ../mpileup_pmat_bmat/293T-bat_GBEmini-AP-RNF2-All-PD_rep1_hg38.MAPQ20.bmat | awk -F '	' '{if($1=="chr1")print $0}' > ../mpileup_pmat_bmat/split_chr/293T-bat_GBEmini-AP-RNF2-All-PD_rep1_hg38.MAPQ20_chr1.bmat

[Thu Nov 12 11:54:39 2020]
rule split_bmat:
    input: ../mpileup_pmat_bmat/293T-bat_GBEmini-AP-RNF2-All-PD_rep1_hg38.MAPQ20.bmat
    output: ../mpileup_pmat_bmat/split_chr/293T-bat_GBEmini-AP-RNF2-All-PD_rep1_hg38.MAPQ20_chr8.bmat
    jobid: 9
    reason: Missing output files: ../mpileup_pmat_bmat/split_chr/293T-bat_GBEmini-AP-RNF2-All-PD_rep1_hg38.MAPQ20_chr8.bmat
    wildcards: sample=GBEmini-AP-RNF2-All-PD, rep=rep1, chr_=8

sed '1d' ../mpileup_pmat_bmat/293T-bat_GBEmini-AP-RNF2-All-PD_rep1_hg38.MAPQ20.bmat | awk -F '	' '{if($1=="chr1")print $0}' > ../mpileup_pmat_bmat/split_chr/293T-bat_GBEmini-AP-RNF2-All-PD_rep1_hg38.MAPQ20_chr8.bmat

[Thu Nov 12 11:54:39 2020]
rule split_bmat:
    input: ../mpileup_pmat_bmat/293T-bat_GBEmini-AP-RNF2-All-PD_rep1_hg38.MAPQ20.bmat
    output: ../mpileup_pmat_bmat/split_chr/293T-bat_GBEmini-AP-RNF2-All-PD_rep1_hg38.MAPQ20_chr16.bmat
    jobid: 17
    reason: Missing output files: ../mpileup_pmat_bmat/split_chr/293T-bat_GBEmini-AP-RNF2-All-PD_rep1_hg38.MAPQ20_chr16.bmat
    wildcards: sample=GBEmini-AP-RNF2-All-PD, rep=rep1, chr_=16

sed '1d' ../mpileup_pmat_bmat/293T-bat_GBEmini-AP-RNF2-All-PD_rep1_hg38.MAPQ20.bmat | awk -F '	' '{if($1=="chr1")print $0}' > ../mpileup_pmat_bmat/split_chr/293T-bat_GBEmini-AP-RNF2-All-PD_rep1_hg38.MAPQ20_chr16.bmat

[Thu Nov 12 11:54:39 2020]
rule split_bmat:
    input: ../mpileup_pmat_bmat/293T-bat_GBEmini-AP-RNF2-All-PD_rep1_hg38.MAPQ20.bmat
    output: ../mpileup_pmat_bmat/split_chr/293T-bat_GBEmini-AP-RNF2-All-PD_rep1_hg38.MAPQ20_chrX.bmat
    jobid: 24
    reason: Missing output files: ../mpileup_pmat_bmat/split_chr/293T-bat_GBEmini-AP-RNF2-All-PD_rep1_hg38.MAPQ20_chrX.bmat
    wildcards: sample=GBEmini-AP-RNF2-All-PD, rep=rep1, chr_=X

sed '1d' ../mpileup_pmat_bmat/293T-bat_GBEmini-AP-RNF2-All-PD_rep1_hg38.MAPQ20.bmat | awk -F '	' '{if($1=="chr1")print $0}' > ../mpileup_pmat_bmat/split_chr/293T-bat_GBEmini-AP-RNF2-All-PD_rep1_hg38.MAPQ20_chrX.bmat

[Thu Nov 12 11:54:39 2020]
rule split_bmat:
    input: ../mpileup_pmat_bmat/293T-bat_GBEmini-dU-RNF2-All-PD_rep1_hg38.MAPQ20.bmat
    output: ../mpileup_pmat_bmat/split_chr/293T-bat_GBEmini-dU-RNF2-All-PD_rep1_hg38.MAPQ20_chr5.bmat
    jobid: 32
    reason: Missing output files: ../mpileup_pmat_bmat/split_chr/293T-bat_GBEmini-dU-RNF2-All-PD_rep1_hg38.MAPQ20_chr5.bmat
    wildcards: sample=GBEmini-dU-RNF2-All-PD, rep=rep1, chr_=5

sed '1d' ../mpileup_pmat_bmat/293T-bat_GBEmini-dU-RNF2-All-PD_rep1_hg38.MAPQ20.bmat | awk -F '	' '{if($1=="chr1")print $0}' > ../mpileup_pmat_bmat/split_chr/293T-bat_GBEmini-dU-RNF2-All-PD_rep1_hg38.MAPQ20_chr5.bmat

[Thu Nov 12 11:54:39 2020]
rule split_bmat:
    input: ../mpileup_pmat_bmat/293T-bat_GBEmini-dU-RNF2-All-PD_rep1_hg38.MAPQ20.bmat
    output: ../mpileup_pmat_bmat/split_chr/293T-bat_GBEmini-dU-RNF2-All-PD_rep1_hg38.MAPQ20_chr12.bmat
    jobid: 39
    reason: Missing output files: ../mpileup_pmat_bmat/split_chr/293T-bat_GBEmini-dU-RNF2-All-PD_rep1_hg38.MAPQ20_chr12.bmat
    wildcards: sample=GBEmini-dU-RNF2-All-PD, rep=rep1, chr_=12

sed '1d' ../mpileup_pmat_bmat/293T-bat_GBEmini-dU-RNF2-All-PD_rep1_hg38.MAPQ20.bmat | awk -F '	' '{if($1=="chr1")print $0}' > ../mpileup_pmat_bmat/split_chr/293T-bat_GBEmini-dU-RNF2-All-PD_rep1_hg38.MAPQ20_chr12.bmat

[Thu Nov 12 11:54:39 2020]
rule split_bmat:
    input: ../mpileup_pmat_bmat/293T-bat_GBEmini-dU-RNF2-All-PD_rep1_hg38.MAPQ20.bmat
    output: ../mpileup_pmat_bmat/split_chr/293T-bat_GBEmini-dU-RNF2-All-PD_rep1_hg38.MAPQ20_chr20.bmat
    jobid: 47
    reason: Missing output files: ../mpileup_pmat_bmat/split_chr/293T-bat_GBEmini-dU-RNF2-All-PD_rep1_hg38.MAPQ20_chr20.bmat
    wildcards: sample=GBEmini-dU-RNF2-All-PD, rep=rep1, chr_=20

sed '1d' ../mpileup_pmat_bmat/293T-bat_GBEmini-dU-RNF2-All-PD_rep1_hg38.MAPQ20.bmat | awk -F '	' '{if($1=="chr1")print $0}' > ../mpileup_pmat_bmat/split_chr/293T-bat_GBEmini-dU-RNF2-All-PD_rep1_hg38.MAPQ20_chr20.bmat

[Thu Nov 12 11:54:39 2020]
rule split_bmat:
    input: ../mpileup_pmat_bmat/293T-bat_GBEmini-AP-RNF2-All-PD_rep1_hg38.MAPQ20.bmat
    output: ../mpileup_pmat_bmat/split_chr/293T-bat_GBEmini-AP-RNF2-All-PD_rep1_hg38.MAPQ20_chr9.bmat
    jobid: 10
    reason: Missing output files: ../mpileup_pmat_bmat/split_chr/293T-bat_GBEmini-AP-RNF2-All-PD_rep1_hg38.MAPQ20_chr9.bmat
    wildcards: sample=GBEmini-AP-RNF2-All-PD, rep=rep1, chr_=9

sed '1d' ../mpileup_pmat_bmat/293T-bat_GBEmini-AP-RNF2-All-PD_rep1_hg38.MAPQ20.bmat | awk -F '	' '{if($1=="chr1")print $0}' > ../mpileup_pmat_bmat/split_chr/293T-bat_GBEmini-AP-RNF2-All-PD_rep1_hg38.MAPQ20_chr9.bmat

[Thu Nov 12 11:54:39 2020]
rule split_bmat:
    input: ../mpileup_pmat_bmat/293T-bat_GBEmini-AP-RNF2-All-PD_rep1_hg38.MAPQ20.bmat
    output: ../mpileup_pmat_bmat/split_chr/293T-bat_GBEmini-AP-RNF2-All-PD_rep1_hg38.MAPQ20_chrY.bmat
    jobid: 25
    reason: Missing output files: ../mpileup_pmat_bmat/split_chr/293T-bat_GBEmini-AP-RNF2-All-PD_rep1_hg38.MAPQ20_chrY.bmat
    wildcards: sample=GBEmini-AP-RNF2-All-PD, rep=rep1, chr_=Y

sed '1d' ../mpileup_pmat_bmat/293T-bat_GBEmini-AP-RNF2-All-PD_rep1_hg38.MAPQ20.bmat | awk -F '	' '{if($1=="chr1")print $0}' > ../mpileup_pmat_bmat/split_chr/293T-bat_GBEmini-AP-RNF2-All-PD_rep1_hg38.MAPQ20_chrY.bmat

[Thu Nov 12 11:54:39 2020]
rule split_bmat:
    input: ../mpileup_pmat_bmat/293T-bat_GBEmini-dU-RNF2-All-PD_rep1_hg38.MAPQ20.bmat
    output: ../mpileup_pmat_bmat/split_chr/293T-bat_GBEmini-dU-RNF2-All-PD_rep1_hg38.MAPQ20_chr13.bmat
    jobid: 40
    reason: Missing output files: ../mpileup_pmat_bmat/split_chr/293T-bat_GBEmini-dU-RNF2-All-PD_rep1_hg38.MAPQ20_chr13.bmat
    wildcards: sample=GBEmini-dU-RNF2-All-PD, rep=rep1, chr_=13

sed '1d' ../mpileup_pmat_bmat/293T-bat_GBEmini-dU-RNF2-All-PD_rep1_hg38.MAPQ20.bmat | awk -F '	' '{if($1=="chr1")print $0}' > ../mpileup_pmat_bmat/split_chr/293T-bat_GBEmini-dU-RNF2-All-PD_rep1_hg38.MAPQ20_chr13.bmat
Terminating processes on user request, this might take some time.
[Thu Nov 12 11:56:37 2020]
Error in rule split_bmat:
    jobid: 47
    output: ../mpileup_pmat_bmat/split_chr/293T-bat_GBEmini-dU-RNF2-All-PD_rep1_hg38.MAPQ20_chr20.bmat
    shell:
        sed '1d' ../mpileup_pmat_bmat/293T-bat_GBEmini-dU-RNF2-All-PD_rep1_hg38.MAPQ20.bmat | awk -F '	' '{if($1=="chr1")print $0}' > ../mpileup_pmat_bmat/split_chr/293T-bat_GBEmini-dU-RNF2-All-PD_rep1_hg38.MAPQ20_chr20.bmat
        (one of the commands exited with non-zero exit code; note that snakemake uses bash strict mode!)

Removing output files of failed job split_bmat since they might be corrupted:
../mpileup_pmat_bmat/split_chr/293T-bat_GBEmini-dU-RNF2-All-PD_rep1_hg38.MAPQ20_chr20.bmat
[Thu Nov 12 11:56:37 2020]
Error in rule split_bmat:
    jobid: 9
[Thu Nov 12 11:56:37 2020]
    output: ../mpileup_pmat_bmat/split_chr/293T-bat_GBEmini-AP-RNF2-All-PD_rep1_hg38.MAPQ20_chr8.bmat
Error in rule split_bmat:
    shell:
        sed '1d' ../mpileup_pmat_bmat/293T-bat_GBEmini-AP-RNF2-All-PD_rep1_hg38.MAPQ20.bmat | awk -F '	' '{if($1=="chr1")print $0}' > ../mpileup_pmat_bmat/split_chr/293T-bat_GBEmini-AP-RNF2-All-PD_rep1_hg38.MAPQ20_chr8.bmat
        (one of the commands exited with non-zero exit code; note that snakemake uses bash strict mode!)
[Thu Nov 12 11:56:37 2020]
[Thu Nov 12 11:56:37 2020]
[Thu Nov 12 11:56:37 2020]
    jobid: 32
[Thu Nov 12 11:56:37 2020]
[Thu Nov 12 11:56:37 2020]
[Thu Nov 12 11:56:37 2020]
[Thu Nov 12 11:56:37 2020]

[Thu Nov 12 11:56:37 2020]
[Thu Nov 12 11:56:37 2020]
[Thu Nov 12 11:56:37 2020]
[Thu Nov 12 11:56:37 2020]
[Thu Nov 12 11:56:37 2020]
[Thu Nov 12 11:56:37 2020]
[Thu Nov 12 11:56:37 2020]
Error in rule split_bmat:
[Thu Nov 12 11:56:37 2020]
[Thu Nov 12 11:56:37 2020]
[Thu Nov 12 11:56:37 2020]
[Thu Nov 12 11:56:37 2020]
[Thu Nov 12 11:56:37 2020]
[Thu Nov 12 11:56:37 2020]
Error in rule split_bmat:
[Thu Nov 12 11:56:37 2020]
[Thu Nov 12 11:56:37 2020]
Error in rule split_bmat:
    output: ../mpileup_pmat_bmat/split_chr/293T-bat_GBEmini-dU-RNF2-All-PD_rep1_hg38.MAPQ20_chr5.bmat
Error in rule split_bmat:
Error in rule split_bmat:
Error in rule split_bmat:
Error in rule split_bmat:
Removing output files of failed job split_bmat since they might be corrupted:
../mpileup_pmat_bmat/split_chr/293T-bat_GBEmini-AP-RNF2-All-PD_rep1_hg38.MAPQ20_chr8.bmat
Error in rule split_bmat:
Error in rule split_bmat:
Error in rule split_bmat:
Error in rule split_bmat:
Error in rule split_bmat:
Error in rule split_bmat:
Error in rule split_bmat:
    jobid: 1
Error in rule split_bmat:
Error in rule split_bmat:
Error in rule split_bmat:
Error in rule split_bmat:
Error in rule split_bmat:
Error in rule split_bmat:
    jobid: 4
Error in rule split_bmat:
Error in rule split_bmat:
    jobid: 52
    shell:
        sed '1d' ../mpileup_pmat_bmat/293T-bat_GBEmini-dU-RNF2-All-PD_rep1_hg38.MAPQ20.bmat | awk -F '	' '{if($1=="chr1")print $0}' > ../mpileup_pmat_bmat/split_chr/293T-bat_GBEmini-dU-RNF2-All-PD_rep1_hg38.MAPQ20_chr5.bmat
        (one of the commands exited with non-zero exit code; note that snakemake uses bash strict mode!)
    jobid: 31
    jobid: 8
    jobid: 24
    jobid: 46
    jobid: 48
    jobid: 18
    jobid: 12
    jobid: 2
    jobid: 16
    jobid: 17
    jobid: 10
    output: ../mpileup_pmat_bmat/split_chr/293T-bat_GBEmini-AP-RNF2-All-PD_rep1_hg38.MAPQ20_chr0.bmat
    jobid: 38
    jobid: 39
    jobid: 23
    jobid: 25
    jobid: 40
    jobid: 41
    output: ../mpileup_pmat_bmat/split_chr/293T-bat_GBEmini-AP-RNF2-All-PD_rep1_hg38.MAPQ20_chr3.bmat
    jobid: 45
    jobid: 37
    output: ../mpileup_pmat_bmat/split_chr/293T-bat_GBEmini-dU-RNF2-All-PD_rep1_hg38.MAPQ20_chrM.bmat

    output: ../mpileup_pmat_bmat/split_chr/293T-bat_GBEmini-dU-RNF2-All-PD_rep1_hg38.MAPQ20_chr4.bmat
    output: ../mpileup_pmat_bmat/split_chr/293T-bat_GBEmini-AP-RNF2-All-PD_rep1_hg38.MAPQ20_chr7.bmat
    output: ../mpileup_pmat_bmat/split_chr/293T-bat_GBEmini-AP-RNF2-All-PD_rep1_hg38.MAPQ20_chrX.bmat
    output: ../mpileup_pmat_bmat/split_chr/293T-bat_GBEmini-AP-RNF2-All-PD_rep1_hg38.MAPQ20_chr9.bmat
Removing output files of failed job split_bmat since they might be corrupted:
../mpileup_pmat_bmat/split_chr/293T-bat_GBEmini-dU-RNF2-All-PD_rep1_hg38.MAPQ20_chr5.bmat
    output: ../mpileup_pmat_bmat/split_chr/293T-bat_GBEmini-AP-RNF2-All-PD_rep1_hg38.MAPQ20_chr17.bmat
    output: ../mpileup_pmat_bmat/split_chr/293T-bat_GBEmini-AP-RNF2-All-PD_rep1_hg38.MAPQ20_chr11.bmat
    output: ../mpileup_pmat_bmat/split_chr/293T-bat_GBEmini-AP-RNF2-All-PD_rep1_hg38.MAPQ20_chr1.bmat
    output: ../mpileup_pmat_bmat/split_chr/293T-bat_GBEmini-AP-RNF2-All-PD_rep1_hg38.MAPQ20_chr15.bmat
    output: ../mpileup_pmat_bmat/split_chr/293T-bat_GBEmini-AP-RNF2-All-PD_rep1_hg38.MAPQ20_chr16.bmat
    output: ../mpileup_pmat_bmat/split_chr/293T-bat_GBEmini-dU-RNF2-All-PD_rep1_hg38.MAPQ20_chr19.bmat
    shell:
        sed '1d' ../mpileup_pmat_bmat/293T-bat_GBEmini-AP-RNF2-All-PD_rep1_hg38.MAPQ20.bmat | awk -F '	' '{if($1=="chr1")print $0}' > ../mpileup_pmat_bmat/split_chr/293T-bat_GBEmini-AP-RNF2-All-PD_rep1_hg38.MAPQ20_chr0.bmat
        (one of the commands exited with non-zero exit code; note that snakemake uses bash strict mode!)
    output: ../mpileup_pmat_bmat/split_chr/293T-bat_GBEmini-dU-RNF2-All-PD_rep1_hg38.MAPQ20_chr11.bmat
    output: ../mpileup_pmat_bmat/split_chr/293T-bat_GBEmini-dU-RNF2-All-PD_rep1_hg38.MAPQ20_chr12.bmat
    output: ../mpileup_pmat_bmat/split_chr/293T-bat_GBEmini-AP-RNF2-All-PD_rep1_hg38.MAPQ20_chr22.bmat
    output: ../mpileup_pmat_bmat/split_chr/293T-bat_GBEmini-AP-RNF2-All-PD_rep1_hg38.MAPQ20_chrY.bmat
    output: ../mpileup_pmat_bmat/split_chr/293T-bat_GBEmini-dU-RNF2-All-PD_rep1_hg38.MAPQ20_chr13.bmat
    output: ../mpileup_pmat_bmat/split_chr/293T-bat_GBEmini-dU-RNF2-All-PD_rep1_hg38.MAPQ20_chr14.bmat
    shell:
        sed '1d' ../mpileup_pmat_bmat/293T-bat_GBEmini-AP-RNF2-All-PD_rep1_hg38.MAPQ20.bmat | awk -F '	' '{if($1=="chr1")print $0}' > ../mpileup_pmat_bmat/split_chr/293T-bat_GBEmini-AP-RNF2-All-PD_rep1_hg38.MAPQ20_chr3.bmat
        (one of the commands exited with non-zero exit code; note that snakemake uses bash strict mode!)
    output: ../mpileup_pmat_bmat/split_chr/293T-bat_GBEmini-dU-RNF2-All-PD_rep1_hg38.MAPQ20_chr18.bmat
    output: ../mpileup_pmat_bmat/split_chr/293T-bat_GBEmini-dU-RNF2-All-PD_rep1_hg38.MAPQ20_chr10.bmat
    shell:
        sed '1d' ../mpileup_pmat_bmat/293T-bat_GBEmini-dU-RNF2-All-PD_rep1_hg38.MAPQ20.bmat | awk -F '	' '{if($1=="chr1")print $0}' > ../mpileup_pmat_bmat/split_chr/293T-bat_GBEmini-dU-RNF2-All-PD_rep1_hg38.MAPQ20_chrM.bmat
        (one of the commands exited with non-zero exit code; note that snakemake uses bash strict mode!)
    output: ../mpileup_pmat_bmat/split_chr/293T-bat_GBEmini-dU-RNF2-All-PD_rep1_hg38.MAPQ20_chr21.bmat
    shell:
        sed '1d' ../mpileup_pmat_bmat/293T-bat_GBEmini-dU-RNF2-All-PD_rep1_hg38.MAPQ20.bmat | awk -F '	' '{if($1=="chr1")print $0}' > ../mpileup_pmat_bmat/split_chr/293T-bat_GBEmini-dU-RNF2-All-PD_rep1_hg38.MAPQ20_chr4.bmat
        (one of the commands exited with non-zero exit code; note that snakemake uses bash strict mode!)
    shell:
        sed '1d' ../mpileup_pmat_bmat/293T-bat_GBEmini-AP-RNF2-All-PD_rep1_hg38.MAPQ20.bmat | awk -F '	' '{if($1=="chr1")print $0}' > ../mpileup_pmat_bmat/split_chr/293T-bat_GBEmini-AP-RNF2-All-PD_rep1_hg38.MAPQ20_chr7.bmat
        (one of the commands exited with non-zero exit code; note that snakemake uses bash strict mode!)
    shell:
        sed '1d' ../mpileup_pmat_bmat/293T-bat_GBEmini-AP-RNF2-All-PD_rep1_hg38.MAPQ20.bmat | awk -F '	' '{if($1=="chr1")print $0}' > ../mpileup_pmat_bmat/split_chr/293T-bat_GBEmini-AP-RNF2-All-PD_rep1_hg38.MAPQ20_chrX.bmat
        (one of the commands exited with non-zero exit code; note that snakemake uses bash strict mode!)
    shell:
        sed '1d' ../mpileup_pmat_bmat/293T-bat_GBEmini-AP-RNF2-All-PD_rep1_hg38.MAPQ20.bmat | awk -F '	' '{if($1=="chr1")print $0}' > ../mpileup_pmat_bmat/split_chr/293T-bat_GBEmini-AP-RNF2-All-PD_rep1_hg38.MAPQ20_chr9.bmat
        (one of the commands exited with non-zero exit code; note that snakemake uses bash strict mode!)
    shell:
        sed '1d' ../mpileup_pmat_bmat/293T-bat_GBEmini-AP-RNF2-All-PD_rep1_hg38.MAPQ20.bmat | awk -F '	' '{if($1=="chr1")print $0}' > ../mpileup_pmat_bmat/split_chr/293T-bat_GBEmini-AP-RNF2-All-PD_rep1_hg38.MAPQ20_chr17.bmat
        (one of the commands exited with non-zero exit code; note that snakemake uses bash strict mode!)
    shell:
        sed '1d' ../mpileup_pmat_bmat/293T-bat_GBEmini-AP-RNF2-All-PD_rep1_hg38.MAPQ20.bmat | awk -F '	' '{if($1=="chr1")print $0}' > ../mpileup_pmat_bmat/split_chr/293T-bat_GBEmini-AP-RNF2-All-PD_rep1_hg38.MAPQ20_chr11.bmat
        (one of the commands exited with non-zero exit code; note that snakemake uses bash strict mode!)
    shell:
        sed '1d' ../mpileup_pmat_bmat/293T-bat_GBEmini-AP-RNF2-All-PD_rep1_hg38.MAPQ20.bmat | awk -F '	' '{if($1=="chr1")print $0}' > ../mpileup_pmat_bmat/split_chr/293T-bat_GBEmini-AP-RNF2-All-PD_rep1_hg38.MAPQ20_chr1.bmat
        (one of the commands exited with non-zero exit code; note that snakemake uses bash strict mode!)
    shell:
        sed '1d' ../mpileup_pmat_bmat/293T-bat_GBEmini-AP-RNF2-All-PD_rep1_hg38.MAPQ20.bmat | awk -F '	' '{if($1=="chr1")print $0}' > ../mpileup_pmat_bmat/split_chr/293T-bat_GBEmini-AP-RNF2-All-PD_rep1_hg38.MAPQ20_chr15.bmat
        (one of the commands exited with non-zero exit code; note that snakemake uses bash strict mode!)
    shell:
        sed '1d' ../mpileup_pmat_bmat/293T-bat_GBEmini-AP-RNF2-All-PD_rep1_hg38.MAPQ20.bmat | awk -F '	' '{if($1=="chr1")print $0}' > ../mpileup_pmat_bmat/split_chr/293T-bat_GBEmini-AP-RNF2-All-PD_rep1_hg38.MAPQ20_chr16.bmat
        (one of the commands exited with non-zero exit code; note that snakemake uses bash strict mode!)
    shell:
        sed '1d' ../mpileup_pmat_bmat/293T-bat_GBEmini-dU-RNF2-All-PD_rep1_hg38.MAPQ20.bmat | awk -F '	' '{if($1=="chr1")print $0}' > ../mpileup_pmat_bmat/split_chr/293T-bat_GBEmini-dU-RNF2-All-PD_rep1_hg38.MAPQ20_chr19.bmat
        (one of the commands exited with non-zero exit code; note that snakemake uses bash strict mode!)

    shell:
        sed '1d' ../mpileup_pmat_bmat/293T-bat_GBEmini-dU-RNF2-All-PD_rep1_hg38.MAPQ20.bmat | awk -F '	' '{if($1=="chr1")print $0}' > ../mpileup_pmat_bmat/split_chr/293T-bat_GBEmini-dU-RNF2-All-PD_rep1_hg38.MAPQ20_chr11.bmat
        (one of the commands exited with non-zero exit code; note that snakemake uses bash strict mode!)
    shell:
        sed '1d' ../mpileup_pmat_bmat/293T-bat_GBEmini-dU-RNF2-All-PD_rep1_hg38.MAPQ20.bmat | awk -F '	' '{if($1=="chr1")print $0}' > ../mpileup_pmat_bmat/split_chr/293T-bat_GBEmini-dU-RNF2-All-PD_rep1_hg38.MAPQ20_chr12.bmat
        (one of the commands exited with non-zero exit code; note that snakemake uses bash strict mode!)

    shell:
        sed '1d' ../mpileup_pmat_bmat/293T-bat_GBEmini-AP-RNF2-All-PD_rep1_hg38.MAPQ20.bmat | awk -F '	' '{if($1=="chr1")print $0}' > ../mpileup_pmat_bmat/split_chr/293T-bat_GBEmini-AP-RNF2-All-PD_rep1_hg38.MAPQ20_chr22.bmat
        (one of the commands exited with non-zero exit code; note that snakemake uses bash strict mode!)
    shell:
        sed '1d' ../mpileup_pmat_bmat/293T-bat_GBEmini-dU-RNF2-All-PD_rep1_hg38.MAPQ20.bmat | awk -F '	' '{if($1=="chr1")print $0}' > ../mpileup_pmat_bmat/split_chr/293T-bat_GBEmini-dU-RNF2-All-PD_rep1_hg38.MAPQ20_chr13.bmat
        (one of the commands exited with non-zero exit code; note that snakemake uses bash strict mode!)
    shell:
        sed '1d' ../mpileup_pmat_bmat/293T-bat_GBEmini-dU-RNF2-All-PD_rep1_hg38.MAPQ20.bmat | awk -F '	' '{if($1=="chr1")print $0}' > ../mpileup_pmat_bmat/split_chr/293T-bat_GBEmini-dU-RNF2-All-PD_rep1_hg38.MAPQ20_chr14.bmat
        (one of the commands exited with non-zero exit code; note that snakemake uses bash strict mode!)

    shell:
        sed '1d' ../mpileup_pmat_bmat/293T-bat_GBEmini-dU-RNF2-All-PD_rep1_hg38.MAPQ20.bmat | awk -F '	' '{if($1=="chr1")print $0}' > ../mpileup_pmat_bmat/split_chr/293T-bat_GBEmini-dU-RNF2-All-PD_rep1_hg38.MAPQ20_chr18.bmat
        (one of the commands exited with non-zero exit code; note that snakemake uses bash strict mode!)
    shell:
        sed '1d' ../mpileup_pmat_bmat/293T-bat_GBEmini-dU-RNF2-All-PD_rep1_hg38.MAPQ20.bmat | awk -F '	' '{if($1=="chr1")print $0}' > ../mpileup_pmat_bmat/split_chr/293T-bat_GBEmini-dU-RNF2-All-PD_rep1_hg38.MAPQ20_chr10.bmat
        (one of the commands exited with non-zero exit code; note that snakemake uses bash strict mode!)

    shell:
        sed '1d' ../mpileup_pmat_bmat/293T-bat_GBEmini-dU-RNF2-All-PD_rep1_hg38.MAPQ20.bmat | awk -F '	' '{if($1=="chr1")print $0}' > ../mpileup_pmat_bmat/split_chr/293T-bat_GBEmini-dU-RNF2-All-PD_rep1_hg38.MAPQ20_chr21.bmat
        (one of the commands exited with non-zero exit code; note that snakemake uses bash strict mode!)










Removing output files of failed job split_bmat since they might be corrupted:
../mpileup_pmat_bmat/split_chr/293T-bat_GBEmini-AP-RNF2-All-PD_rep1_hg38.MAPQ20_chr0.bmat


    shell:
        sed '1d' ../mpileup_pmat_bmat/293T-bat_GBEmini-AP-RNF2-All-PD_rep1_hg38.MAPQ20.bmat | awk -F '	' '{if($1=="chr1")print $0}' > ../mpileup_pmat_bmat/split_chr/293T-bat_GBEmini-AP-RNF2-All-PD_rep1_hg38.MAPQ20_chrY.bmat
        (one of the commands exited with non-zero exit code; note that snakemake uses bash strict mode!)






Removing output files of failed job split_bmat since they might be corrupted:
../mpileup_pmat_bmat/split_chr/293T-bat_GBEmini-dU-RNF2-All-PD_rep1_hg38.MAPQ20_chr12.bmat
Removing output files of failed job split_bmat since they might be corrupted:
../mpileup_pmat_bmat/split_chr/293T-bat_GBEmini-AP-RNF2-All-PD_rep1_hg38.MAPQ20_chr3.bmat
Removing output files of failed job split_bmat since they might be corrupted:
../mpileup_pmat_bmat/split_chr/293T-bat_GBEmini-dU-RNF2-All-PD_rep1_hg38.MAPQ20_chrM.bmat
Removing output files of failed job split_bmat since they might be corrupted:
../mpileup_pmat_bmat/split_chr/293T-bat_GBEmini-dU-RNF2-All-PD_rep1_hg38.MAPQ20_chr4.bmat
Removing output files of failed job split_bmat since they might be corrupted:
../mpileup_pmat_bmat/split_chr/293T-bat_GBEmini-AP-RNF2-All-PD_rep1_hg38.MAPQ20_chr7.bmat
Removing output files of failed job split_bmat since they might be corrupted:
../mpileup_pmat_bmat/split_chr/293T-bat_GBEmini-AP-RNF2-All-PD_rep1_hg38.MAPQ20_chrX.bmat
Removing output files of failed job split_bmat since they might be corrupted:
../mpileup_pmat_bmat/split_chr/293T-bat_GBEmini-AP-RNF2-All-PD_rep1_hg38.MAPQ20_chr9.bmat
Removing output files of failed job split_bmat since they might be corrupted:
../mpileup_pmat_bmat/split_chr/293T-bat_GBEmini-AP-RNF2-All-PD_rep1_hg38.MAPQ20_chr17.bmat
Removing output files of failed job split_bmat since they might be corrupted:
../mpileup_pmat_bmat/split_chr/293T-bat_GBEmini-AP-RNF2-All-PD_rep1_hg38.MAPQ20_chr11.bmat
Removing output files of failed job split_bmat since they might be corrupted:
../mpileup_pmat_bmat/split_chr/293T-bat_GBEmini-AP-RNF2-All-PD_rep1_hg38.MAPQ20_chr1.bmat
Removing output files of failed job split_bmat since they might be corrupted:
../mpileup_pmat_bmat/split_chr/293T-bat_GBEmini-AP-RNF2-All-PD_rep1_hg38.MAPQ20_chr15.bmat
Removing output files of failed job split_bmat since they might be corrupted:
../mpileup_pmat_bmat/split_chr/293T-bat_GBEmini-AP-RNF2-All-PD_rep1_hg38.MAPQ20_chr16.bmat
Removing output files of failed job split_bmat since they might be corrupted:
../mpileup_pmat_bmat/split_chr/293T-bat_GBEmini-dU-RNF2-All-PD_rep1_hg38.MAPQ20_chr19.bmat
Removing output files of failed job split_bmat since they might be corrupted:
../mpileup_pmat_bmat/split_chr/293T-bat_GBEmini-dU-RNF2-All-PD_rep1_hg38.MAPQ20_chr11.bmat
Removing output files of failed job split_bmat since they might be corrupted:
../mpileup_pmat_bmat/split_chr/293T-bat_GBEmini-AP-RNF2-All-PD_rep1_hg38.MAPQ20_chr22.bmat
Removing output files of failed job split_bmat since they might be corrupted:
../mpileup_pmat_bmat/split_chr/293T-bat_GBEmini-dU-RNF2-All-PD_rep1_hg38.MAPQ20_chr13.bmat
Removing output files of failed job split_bmat since they might be corrupted:
../mpileup_pmat_bmat/split_chr/293T-bat_GBEmini-dU-RNF2-All-PD_rep1_hg38.MAPQ20_chr14.bmat
Removing output files of failed job split_bmat since they might be corrupted:
../mpileup_pmat_bmat/split_chr/293T-bat_GBEmini-dU-RNF2-All-PD_rep1_hg38.MAPQ20_chr18.bmat
Removing output files of failed job split_bmat since they might be corrupted:
../mpileup_pmat_bmat/split_chr/293T-bat_GBEmini-dU-RNF2-All-PD_rep1_hg38.MAPQ20_chr10.bmat
Removing output files of failed job split_bmat since they might be corrupted:
../mpileup_pmat_bmat/split_chr/293T-bat_GBEmini-dU-RNF2-All-PD_rep1_hg38.MAPQ20_chr21.bmat
Removing output files of failed job split_bmat since they might be corrupted:
../mpileup_pmat_bmat/split_chr/293T-bat_GBEmini-AP-RNF2-All-PD_rep1_hg38.MAPQ20_chrY.bmat
Complete log: /gpfs/user/zhaohuanan/3.project/20.2020-11_1109_GBE_DETECT-Seq_old_protocol/snakepipes_detect-seq/.snakemake/log/2020-11-12T115438.851008.snakemake.log
