Building DAG of jobs...
Using shell: /usr/bin/bash
Provided cores: 24
Rules claiming more threads will be scaled down.
Job counts:
	count	jobs
	1	all
	4	mpmat_filter
	5

[Tue Nov 10 14:45:57 2020]
rule mpmat_filter:
    input: ../mpmat/293T-bat_GBEmini-dU-RNF2-All-PD_rep1_hg38.select.C2T.mpmat
    output: ../mpmat_filter/293T-bat_GBEmini-dU-RNF2-All-PD_rep1_hg38.filtered_SMN-4_SCN-10_SMR-0.1_RPN-2_RTN-3.C2T.mpmat
    jobid: 2
    reason: Missing output files: ../mpmat_filter/293T-bat_GBEmini-dU-RNF2-All-PD_rep1_hg38.filtered_SMN-4_SCN-10_SMR-0.1_RPN-2_RTN-3.C2T.mpmat
    wildcards: sample=GBEmini-dU-RNF2-All-PD, rep=rep1, SMN=4, SCN=10, SMR=0.1, RPN=2, RTN=3, ac=C, bd=T


        /home/zhaohuanan/miniconda3/envs/snakepipes_detect-seq_fastq_bam_plot/bin/python ./program/mpmat-select-V02.py         -i ../mpmat/293T-bat_GBEmini-dU-RNF2-All-PD_rep1_hg38.select.C2T.mpmat -o ../mpmat_filter/293T-bat_GBEmini-dU-RNF2-All-PD_rep1_hg38.filtered_SMN-4_SCN-10_SMR-0.1_RPN-2_RTN-3.C2T.mpmat         -f C -t T         --SiteMutNum 4         --SiteCoverNum 10         --SiteMutRatio 0.1         --RegionPassNum 2         --RegionToleranceNum 3         --InHeader False         --OutHeader False
        

[Tue Nov 10 14:45:57 2020]
rule mpmat_filter:
    input: ../mpmat/293T-bat_GBEmini-AP-RNF2-All-PD_rep1_hg38.select.G2A.mpmat
    output: ../mpmat_filter/293T-bat_GBEmini-AP-RNF2-All-PD_rep1_hg38.filtered_SMN-4_SCN-10_SMR-0.1_RPN-2_RTN-3.G2A.mpmat
    jobid: 4
    reason: Missing output files: ../mpmat_filter/293T-bat_GBEmini-AP-RNF2-All-PD_rep1_hg38.filtered_SMN-4_SCN-10_SMR-0.1_RPN-2_RTN-3.G2A.mpmat
    wildcards: sample=GBEmini-AP-RNF2-All-PD, rep=rep1, SMN=4, SCN=10, SMR=0.1, RPN=2, RTN=3, ac=G, bd=A


        /home/zhaohuanan/miniconda3/envs/snakepipes_detect-seq_fastq_bam_plot/bin/python ./program/mpmat-select-V02.py         -i ../mpmat/293T-bat_GBEmini-AP-RNF2-All-PD_rep1_hg38.select.G2A.mpmat -o ../mpmat_filter/293T-bat_GBEmini-AP-RNF2-All-PD_rep1_hg38.filtered_SMN-4_SCN-10_SMR-0.1_RPN-2_RTN-3.G2A.mpmat         -f G -t A         --SiteMutNum 4         --SiteCoverNum 10         --SiteMutRatio 0.1         --RegionPassNum 2         --RegionToleranceNum 3         --InHeader False         --OutHeader False
        

[Tue Nov 10 14:45:57 2020]
rule mpmat_filter:
    input: ../mpmat/293T-bat_GBEmini-dU-RNF2-All-PD_rep1_hg38.select.G2A.mpmat
    output: ../mpmat_filter/293T-bat_GBEmini-dU-RNF2-All-PD_rep1_hg38.filtered_SMN-4_SCN-10_SMR-0.1_RPN-2_RTN-3.G2A.mpmat
    jobid: 5
    reason: Missing output files: ../mpmat_filter/293T-bat_GBEmini-dU-RNF2-All-PD_rep1_hg38.filtered_SMN-4_SCN-10_SMR-0.1_RPN-2_RTN-3.G2A.mpmat
    wildcards: sample=GBEmini-dU-RNF2-All-PD, rep=rep1, SMN=4, SCN=10, SMR=0.1, RPN=2, RTN=3, ac=G, bd=A


        /home/zhaohuanan/miniconda3/envs/snakepipes_detect-seq_fastq_bam_plot/bin/python ./program/mpmat-select-V02.py         -i ../mpmat/293T-bat_GBEmini-dU-RNF2-All-PD_rep1_hg38.select.G2A.mpmat -o ../mpmat_filter/293T-bat_GBEmini-dU-RNF2-All-PD_rep1_hg38.filtered_SMN-4_SCN-10_SMR-0.1_RPN-2_RTN-3.G2A.mpmat         -f G -t A         --SiteMutNum 4         --SiteCoverNum 10         --SiteMutRatio 0.1         --RegionPassNum 2         --RegionToleranceNum 3         --InHeader False         --OutHeader False
        

[Tue Nov 10 14:45:57 2020]
rule mpmat_filter:
    input: ../mpmat/293T-bat_GBEmini-AP-RNF2-All-PD_rep1_hg38.select.C2T.mpmat
    output: ../mpmat_filter/293T-bat_GBEmini-AP-RNF2-All-PD_rep1_hg38.filtered_SMN-4_SCN-10_SMR-0.1_RPN-2_RTN-3.C2T.mpmat
    jobid: 1
    reason: Missing output files: ../mpmat_filter/293T-bat_GBEmini-AP-RNF2-All-PD_rep1_hg38.filtered_SMN-4_SCN-10_SMR-0.1_RPN-2_RTN-3.C2T.mpmat
    wildcards: sample=GBEmini-AP-RNF2-All-PD, rep=rep1, SMN=4, SCN=10, SMR=0.1, RPN=2, RTN=3, ac=C, bd=T


        /home/zhaohuanan/miniconda3/envs/snakepipes_detect-seq_fastq_bam_plot/bin/python ./program/mpmat-select-V02.py         -i ../mpmat/293T-bat_GBEmini-AP-RNF2-All-PD_rep1_hg38.select.C2T.mpmat -o ../mpmat_filter/293T-bat_GBEmini-AP-RNF2-All-PD_rep1_hg38.filtered_SMN-4_SCN-10_SMR-0.1_RPN-2_RTN-3.C2T.mpmat         -f C -t T         --SiteMutNum 4         --SiteCoverNum 10         --SiteMutRatio 0.1         --RegionPassNum 2         --RegionToleranceNum 3         --InHeader False         --OutHeader False
        
Terminating processes on user request, this might take some time.
[Tue Nov 10 14:45:58 2020]
[Tue Nov 10 14:45:58 2020]
[Tue Nov 10 14:45:58 2020]
Error in rule mpmat_filter:
Error in rule mpmat_filter:
[Tue Nov 10 14:45:58 2020]
Error in rule mpmat_filter:
    jobid: 1
    jobid: 5
Error in rule mpmat_filter:
    jobid: 2
    output: ../mpmat_filter/293T-bat_GBEmini-AP-RNF2-All-PD_rep1_hg38.filtered_SMN-4_SCN-10_SMR-0.1_RPN-2_RTN-3.C2T.mpmat
    output: ../mpmat_filter/293T-bat_GBEmini-dU-RNF2-All-PD_rep1_hg38.filtered_SMN-4_SCN-10_SMR-0.1_RPN-2_RTN-3.G2A.mpmat
    jobid: 4
    output: ../mpmat_filter/293T-bat_GBEmini-dU-RNF2-All-PD_rep1_hg38.filtered_SMN-4_SCN-10_SMR-0.1_RPN-2_RTN-3.C2T.mpmat
    shell:
        
        /home/zhaohuanan/miniconda3/envs/snakepipes_detect-seq_fastq_bam_plot/bin/python ./program/mpmat-select-V02.py         -i ../mpmat/293T-bat_GBEmini-AP-RNF2-All-PD_rep1_hg38.select.C2T.mpmat -o ../mpmat_filter/293T-bat_GBEmini-AP-RNF2-All-PD_rep1_hg38.filtered_SMN-4_SCN-10_SMR-0.1_RPN-2_RTN-3.C2T.mpmat         -f C -t T         --SiteMutNum 4         --SiteCoverNum 10         --SiteMutRatio 0.1         --RegionPassNum 2         --RegionToleranceNum 3         --InHeader False         --OutHeader False
        
        (one of the commands exited with non-zero exit code; note that snakemake uses bash strict mode!)
    shell:
        
        /home/zhaohuanan/miniconda3/envs/snakepipes_detect-seq_fastq_bam_plot/bin/python ./program/mpmat-select-V02.py         -i ../mpmat/293T-bat_GBEmini-dU-RNF2-All-PD_rep1_hg38.select.G2A.mpmat -o ../mpmat_filter/293T-bat_GBEmini-dU-RNF2-All-PD_rep1_hg38.filtered_SMN-4_SCN-10_SMR-0.1_RPN-2_RTN-3.G2A.mpmat         -f G -t A         --SiteMutNum 4         --SiteCoverNum 10         --SiteMutRatio 0.1         --RegionPassNum 2         --RegionToleranceNum 3         --InHeader False         --OutHeader False
        
        (one of the commands exited with non-zero exit code; note that snakemake uses bash strict mode!)
    output: ../mpmat_filter/293T-bat_GBEmini-AP-RNF2-All-PD_rep1_hg38.filtered_SMN-4_SCN-10_SMR-0.1_RPN-2_RTN-3.G2A.mpmat
    shell:
        
        /home/zhaohuanan/miniconda3/envs/snakepipes_detect-seq_fastq_bam_plot/bin/python ./program/mpmat-select-V02.py         -i ../mpmat/293T-bat_GBEmini-dU-RNF2-All-PD_rep1_hg38.select.C2T.mpmat -o ../mpmat_filter/293T-bat_GBEmini-dU-RNF2-All-PD_rep1_hg38.filtered_SMN-4_SCN-10_SMR-0.1_RPN-2_RTN-3.C2T.mpmat         -f C -t T         --SiteMutNum 4         --SiteCoverNum 10         --SiteMutRatio 0.1         --RegionPassNum 2         --RegionToleranceNum 3         --InHeader False         --OutHeader False
        
        (one of the commands exited with non-zero exit code; note that snakemake uses bash strict mode!)


    shell:
        
        /home/zhaohuanan/miniconda3/envs/snakepipes_detect-seq_fastq_bam_plot/bin/python ./program/mpmat-select-V02.py         -i ../mpmat/293T-bat_GBEmini-AP-RNF2-All-PD_rep1_hg38.select.G2A.mpmat -o ../mpmat_filter/293T-bat_GBEmini-AP-RNF2-All-PD_rep1_hg38.filtered_SMN-4_SCN-10_SMR-0.1_RPN-2_RTN-3.G2A.mpmat         -f G -t A         --SiteMutNum 4         --SiteCoverNum 10         --SiteMutRatio 0.1         --RegionPassNum 2         --RegionToleranceNum 3         --InHeader False         --OutHeader False
        
        (one of the commands exited with non-zero exit code; note that snakemake uses bash strict mode!)

Removing output files of failed job mpmat_filter since they might be corrupted:
../mpmat_filter/293T-bat_GBEmini-AP-RNF2-All-PD_rep1_hg38.filtered_SMN-4_SCN-10_SMR-0.1_RPN-2_RTN-3.C2T.mpmat

Removing output files of failed job mpmat_filter since they might be corrupted:
../mpmat_filter/293T-bat_GBEmini-dU-RNF2-All-PD_rep1_hg38.filtered_SMN-4_SCN-10_SMR-0.1_RPN-2_RTN-3.G2A.mpmat
Removing output files of failed job mpmat_filter since they might be corrupted:
../mpmat_filter/293T-bat_GBEmini-dU-RNF2-All-PD_rep1_hg38.filtered_SMN-4_SCN-10_SMR-0.1_RPN-2_RTN-3.C2T.mpmat
Removing output files of failed job mpmat_filter since they might be corrupted:
../mpmat_filter/293T-bat_GBEmini-AP-RNF2-All-PD_rep1_hg38.filtered_SMN-4_SCN-10_SMR-0.1_RPN-2_RTN-3.G2A.mpmat
Complete log: /gpfs/user/zhaohuanan/3.project/20.2020-11_1109_GBE_DETECT-Seq_old_protocol/snakepipes_detect-seq_fastq_bam_plot/.snakemake/log/2020-11-10T144556.964418.snakemake.log
