Building DAG of jobs...
Job counts:
	count	jobs
	1	all
	4	poisson_test
	5

[Mon Sep 28 14:50:42 2020]
rule poisson_test:
    input: ../bam/293T-bat_VEGFA-Vector-PD_rep2_hg38.MAPQ20.bam, ../bam/293T-bat_VEGFA-All-PD_rep2_hg38.MAPQ20.bam, ../json/293T-bat_VEGFA-Vector-PD_rep2_hg38.MAPQ20.background.json, ../json/293T-bat_VEGFA-All-PD_rep2_hg38.MAPQ20.background.json
    output: ../table/293T-bat_ctrl-VEGFA-Vector-PD_treat-VEGFA-All-PD_rep2_hg38.MAPQ20.detect_seq.StatsTest.table
    jobid: 2
    reason: Missing output files: ../table/293T-bat_ctrl-VEGFA-Vector-PD_treat-VEGFA-All-PD_rep2_hg38.MAPQ20.detect_seq.StatsTest.table
    wildcards: ctrl=VEGFA-Vector-PD, treat=VEGFA-All-PD, rep=rep2

WildcardError in line 43 of /gpfs/user/zhaohuanan/3.project/10.2020-09_0923_Practice_for_detect-seq-data/snakepipes_detect-seq_fastq_bam_plot/snk.3.poisson-test_select_plot-art.py:
Wildcards in params cannot be determined from output files. Note that you have to use a function to deactivate automatic wildcard expansion in params strings, e.g., `lambda wildcards: '{test}'`. Also see https://snakemake.readthedocs.io/en/stable/snakefiles/rules.html#non-file-parameters-for-rules:
'a'
  File "/home/zhaohuanan/miniconda3/lib/python3.7/site-packages/snakemake/executors/__init__.py", line 115, in run_jobs
  File "/home/zhaohuanan/miniconda3/lib/python3.7/site-packages/snakemake/executors/__init__.py", line 120, in run
  File "/home/zhaohuanan/miniconda3/lib/python3.7/site-packages/snakemake/executors/__init__.py", line 131, in _run
  File "/home/zhaohuanan/miniconda3/lib/python3.7/site-packages/snakemake/executors/__init__.py", line 151, in printjob
  File "/home/zhaohuanan/miniconda3/lib/python3.7/site-packages/snakemake/executors/__init__.py", line 137, in printjob
