Building DAG of jobs...
Using shell: /usr/bin/bash
Provided cores: 3
Rules claiming more threads will be scaled down.
Job counts:
	count	jobs
	1	all
	4	art_plot
	2	sgRNA_alignment
	7

[Tue Oct 13 21:42:51 2020]
rule art_plot:
    input: ../mpmat_merge_Sign/293T-bat_TREAT-VEGFA-All-PD_CTRL-VEGFA-Vector-PD_rep2_hg38.filtered.C2T_merge_G2A.sort.Sign_poisson.art
    output: ../plot_art/293T-bat_TREAT-VEGFA-All-PD_CTRL-VEGFA-Vector-PD_rep2_hg38.filtered.C2T_merge_G2A.sort.Sign_poisson.art_plot.pdf
    jobid: 22
    reason: Updated input files: ../mpmat_merge_Sign/293T-bat_TREAT-VEGFA-All-PD_CTRL-VEGFA-Vector-PD_rep2_hg38.filtered.C2T_merge_G2A.sort.Sign_poisson.art
    wildcards: treat=VEGFA-All-PD, ctrl=VEGFA-Vector-PD, rep=rep2, a=C, b=T, c=G, d=A


        /home/zhaohuanan/miniconda3/envs/snakepipes_detect-seq_fastq_bam_plot/bin/python ./program/plot-art-V01.py         -i ../mpmat_merge_Sign/293T-bat_TREAT-VEGFA-All-PD_CTRL-VEGFA-Vector-PD_rep2_hg38.filtered.C2T_merge_G2A.sort.Sign_poisson.art         --sgRNA GACCCCCTCCACCCCGCCTCCGG         -o ../plot_art/293T-bat_TREAT-VEGFA-All-PD_CTRL-VEGFA-Vector-PD_rep2_hg38.filtered.C2T_merge_G2A.sort.Sign_poisson.art_plot.pdf
        

[Tue Oct 13 21:42:51 2020]
rule sgRNA_alignment:
    input: ../mpmat_merge_Sign/293T-bat_TREAT-VEGFA-sgRNADel-PD_CTRL-VEGFA-Vector-PD_rep1_hg38.filtered.C2T_merge_G2A.sort.Sign_poisson.mpmat
    output: ../mpmat_merge_Sign/293T-bat_TREAT-VEGFA-sgRNADel-PD_CTRL-VEGFA-Vector-PD_rep1_hg38.filtered.C2T_merge_G2A.sort.Sign_poisson.art
    jobid: 19
    reason: Missing output files: ../mpmat_merge_Sign/293T-bat_TREAT-VEGFA-sgRNADel-PD_CTRL-VEGFA-Vector-PD_rep1_hg38.filtered.C2T_merge_G2A.sort.Sign_poisson.art; Updated input files: ../mpmat_merge_Sign/293T-bat_TREAT-VEGFA-sgRNADel-PD_CTRL-VEGFA-Vector-PD_rep1_hg38.filtered.C2T_merge_G2A.sort.Sign_poisson.mpmat
    wildcards: treat=VEGFA-sgRNADel-PD, ctrl=VEGFA-Vector-PD, rep=rep1, a=C, b=T, c=G, d=A


        /home/zhaohuanan/miniconda3/envs/snakepipes_detect-seq_fastq_bam_plot/bin/python ./program/mpmat-to-art-V03-zhn.py         -i ../mpmat_merge_Sign/293T-bat_TREAT-VEGFA-sgRNADel-PD_CTRL-VEGFA-Vector-PD_rep1_hg38.filtered.C2T_merge_G2A.sort.Sign_poisson.mpmat         -r /home/zhaohuanan/zhaohn_HD/2.database/fasta_hg38/hg38_only_chromosome.fa         --sgRNA GACCCCCTCCACCCCGCCTCCGG > ../mpmat_merge_Sign/293T-bat_TREAT-VEGFA-sgRNADel-PD_CTRL-VEGFA-Vector-PD_rep1_hg38.filtered.C2T_merge_G2A.sort.Sign_poisson.art
        

[Tue Oct 13 21:42:51 2020]
rule art_plot:
    input: ../mpmat_merge_Sign/293T-bat_TREAT-VEGFA-All-PD_CTRL-VEGFA-Vector-PD_rep1_hg38.filtered.C2T_merge_G2A.sort.Sign_poisson.art
    output: ../plot_art/293T-bat_TREAT-VEGFA-All-PD_CTRL-VEGFA-Vector-PD_rep1_hg38.filtered.C2T_merge_G2A.sort.Sign_poisson.art_plot.pdf
    jobid: 21
    reason: Updated input files: ../mpmat_merge_Sign/293T-bat_TREAT-VEGFA-All-PD_CTRL-VEGFA-Vector-PD_rep1_hg38.filtered.C2T_merge_G2A.sort.Sign_poisson.art
    wildcards: treat=VEGFA-All-PD, ctrl=VEGFA-Vector-PD, rep=rep1, a=C, b=T, c=G, d=A


        /home/zhaohuanan/miniconda3/envs/snakepipes_detect-seq_fastq_bam_plot/bin/python ./program/plot-art-V01.py         -i ../mpmat_merge_Sign/293T-bat_TREAT-VEGFA-All-PD_CTRL-VEGFA-Vector-PD_rep1_hg38.filtered.C2T_merge_G2A.sort.Sign_poisson.art         --sgRNA GACCCCCTCCACCCCGCCTCCGG         -o ../plot_art/293T-bat_TREAT-VEGFA-All-PD_CTRL-VEGFA-Vector-PD_rep1_hg38.filtered.C2T_merge_G2A.sort.Sign_poisson.art_plot.pdf
        
[Tue Oct 13 21:42:52 2020]
Error in rule sgRNA_alignment:
    jobid: 19
    output: ../mpmat_merge_Sign/293T-bat_TREAT-VEGFA-sgRNADel-PD_CTRL-VEGFA-Vector-PD_rep1_hg38.filtered.C2T_merge_G2A.sort.Sign_poisson.art
    shell:
        
        /home/zhaohuanan/miniconda3/envs/snakepipes_detect-seq_fastq_bam_plot/bin/python ./program/mpmat-to-art-V03-zhn.py         -i ../mpmat_merge_Sign/293T-bat_TREAT-VEGFA-sgRNADel-PD_CTRL-VEGFA-Vector-PD_rep1_hg38.filtered.C2T_merge_G2A.sort.Sign_poisson.mpmat         -r /home/zhaohuanan/zhaohn_HD/2.database/fasta_hg38/hg38_only_chromosome.fa         --sgRNA GACCCCCTCCACCCCGCCTCCGG > ../mpmat_merge_Sign/293T-bat_TREAT-VEGFA-sgRNADel-PD_CTRL-VEGFA-Vector-PD_rep1_hg38.filtered.C2T_merge_G2A.sort.Sign_poisson.art
        
        (one of the commands exited with non-zero exit code; note that snakemake uses bash strict mode!)

Removing output files of failed job sgRNA_alignment since they might be corrupted:
../mpmat_merge_Sign/293T-bat_TREAT-VEGFA-sgRNADel-PD_CTRL-VEGFA-Vector-PD_rep1_hg38.filtered.C2T_merge_G2A.sort.Sign_poisson.art
Terminating processes on user request, this might take some time.
Cancelling snakemake on user request.
