Building DAG of jobs...
Using shell: /usr/bin/bash
Provided cores: 6
Rules claiming more threads will be scaled down.
Job counts:
	count	jobs
	1	all
	6	mpmat_merge
	6	sort_mpmat
	13

[Tue Sep 29 09:55:57 2020]
rule mpmat_merge:
    input: ../mpmat/293T-bat_VEGFA-All-PD_rep1_hg38.MAPQ20.select.C2T.mpmat, ../mpmat/293T-bat_VEGFA-All-PD_rep1_hg38.MAPQ20.select.G2A.mpmat
    output: ../mpmat_merge/293T-bat_VEGFA-All-PD_rep1_hg38.MAPQ20.select.C2T_merge_G2A.mpmat
    jobid: 1
    reason: Missing output files: ../mpmat_merge/293T-bat_VEGFA-All-PD_rep1_hg38.MAPQ20.select.C2T_merge_G2A.mpmat
    wildcards: sample=VEGFA-All-PD, rep=rep1, a=C, b=T, c=G, d=A


        cat ../mpmat/293T-bat_VEGFA-All-PD_rep1_hg38.MAPQ20.select.C2T.mpmat ../mpmat/293T-bat_VEGFA-All-PD_rep1_hg38.MAPQ20.select.G2A.mpmat > ../mpmat_merge/293T-bat_VEGFA-All-PD_rep1_hg38.MAPQ20.select.C2T_merge_G2A.mpmat
        

[Tue Sep 29 09:55:57 2020]
rule mpmat_merge:
    input: ../mpmat/293T-bat_VEGFA-Vector-PD_rep1_hg38.MAPQ20.select.C2T.mpmat, ../mpmat/293T-bat_VEGFA-Vector-PD_rep1_hg38.MAPQ20.select.G2A.mpmat
    output: ../mpmat_merge/293T-bat_VEGFA-Vector-PD_rep1_hg38.MAPQ20.select.C2T_merge_G2A.mpmat
    jobid: 3
    reason: Missing output files: ../mpmat_merge/293T-bat_VEGFA-Vector-PD_rep1_hg38.MAPQ20.select.C2T_merge_G2A.mpmat
    wildcards: sample=VEGFA-Vector-PD, rep=rep1, a=C, b=T, c=G, d=A


        cat ../mpmat/293T-bat_VEGFA-Vector-PD_rep1_hg38.MAPQ20.select.C2T.mpmat ../mpmat/293T-bat_VEGFA-Vector-PD_rep1_hg38.MAPQ20.select.G2A.mpmat > ../mpmat_merge/293T-bat_VEGFA-Vector-PD_rep1_hg38.MAPQ20.select.C2T_merge_G2A.mpmat
        

[Tue Sep 29 09:55:57 2020]
rule mpmat_merge:
    input: ../mpmat/293T-bat_VEGFA-sgRNADel-PD_rep1_hg38.MAPQ20.select.C2T.mpmat, ../mpmat/293T-bat_VEGFA-sgRNADel-PD_rep1_hg38.MAPQ20.select.G2A.mpmat
    output: ../mpmat_merge/293T-bat_VEGFA-sgRNADel-PD_rep1_hg38.MAPQ20.select.C2T_merge_G2A.mpmat
    jobid: 5
    reason: Missing output files: ../mpmat_merge/293T-bat_VEGFA-sgRNADel-PD_rep1_hg38.MAPQ20.select.C2T_merge_G2A.mpmat
    wildcards: sample=VEGFA-sgRNADel-PD, rep=rep1, a=C, b=T, c=G, d=A


        cat ../mpmat/293T-bat_VEGFA-sgRNADel-PD_rep1_hg38.MAPQ20.select.C2T.mpmat ../mpmat/293T-bat_VEGFA-sgRNADel-PD_rep1_hg38.MAPQ20.select.G2A.mpmat > ../mpmat_merge/293T-bat_VEGFA-sgRNADel-PD_rep1_hg38.MAPQ20.select.C2T_merge_G2A.mpmat
        

[Tue Sep 29 09:55:57 2020]
rule mpmat_merge:
    input: ../mpmat/293T-bat_VEGFA-All-PD_rep2_hg38.MAPQ20.select.C2T.mpmat, ../mpmat/293T-bat_VEGFA-All-PD_rep2_hg38.MAPQ20.select.G2A.mpmat
    output: ../mpmat_merge/293T-bat_VEGFA-All-PD_rep2_hg38.MAPQ20.select.C2T_merge_G2A.mpmat
    jobid: 2
    reason: Missing output files: ../mpmat_merge/293T-bat_VEGFA-All-PD_rep2_hg38.MAPQ20.select.C2T_merge_G2A.mpmat
    wildcards: sample=VEGFA-All-PD, rep=rep2, a=C, b=T, c=G, d=A


        cat ../mpmat/293T-bat_VEGFA-All-PD_rep2_hg38.MAPQ20.select.C2T.mpmat ../mpmat/293T-bat_VEGFA-All-PD_rep2_hg38.MAPQ20.select.G2A.mpmat > ../mpmat_merge/293T-bat_VEGFA-All-PD_rep2_hg38.MAPQ20.select.C2T_merge_G2A.mpmat
        

[Tue Sep 29 09:55:57 2020]
rule mpmat_merge:
    input: ../mpmat/293T-bat_VEGFA-Vector-PD_rep2_hg38.MAPQ20.select.C2T.mpmat, ../mpmat/293T-bat_VEGFA-Vector-PD_rep2_hg38.MAPQ20.select.G2A.mpmat
    output: ../mpmat_merge/293T-bat_VEGFA-Vector-PD_rep2_hg38.MAPQ20.select.C2T_merge_G2A.mpmat
    jobid: 4
    reason: Missing output files: ../mpmat_merge/293T-bat_VEGFA-Vector-PD_rep2_hg38.MAPQ20.select.C2T_merge_G2A.mpmat
    wildcards: sample=VEGFA-Vector-PD, rep=rep2, a=C, b=T, c=G, d=A


        cat ../mpmat/293T-bat_VEGFA-Vector-PD_rep2_hg38.MAPQ20.select.C2T.mpmat ../mpmat/293T-bat_VEGFA-Vector-PD_rep2_hg38.MAPQ20.select.G2A.mpmat > ../mpmat_merge/293T-bat_VEGFA-Vector-PD_rep2_hg38.MAPQ20.select.C2T_merge_G2A.mpmat
        

[Tue Sep 29 09:55:57 2020]
rule mpmat_merge:
    input: ../mpmat/293T-bat_VEGFA-sgRNADel-PD_rep2_hg38.MAPQ20.select.C2T.mpmat, ../mpmat/293T-bat_VEGFA-sgRNADel-PD_rep2_hg38.MAPQ20.select.G2A.mpmat
    output: ../mpmat_merge/293T-bat_VEGFA-sgRNADel-PD_rep2_hg38.MAPQ20.select.C2T_merge_G2A.mpmat
    jobid: 6
    reason: Missing output files: ../mpmat_merge/293T-bat_VEGFA-sgRNADel-PD_rep2_hg38.MAPQ20.select.C2T_merge_G2A.mpmat
    wildcards: sample=VEGFA-sgRNADel-PD, rep=rep2, a=C, b=T, c=G, d=A


        cat ../mpmat/293T-bat_VEGFA-sgRNADel-PD_rep2_hg38.MAPQ20.select.C2T.mpmat ../mpmat/293T-bat_VEGFA-sgRNADel-PD_rep2_hg38.MAPQ20.select.G2A.mpmat > ../mpmat_merge/293T-bat_VEGFA-sgRNADel-PD_rep2_hg38.MAPQ20.select.C2T_merge_G2A.mpmat
        
[Tue Sep 29 09:55:59 2020]
Finished job 4.
1 of 13 steps (8%) done

[Tue Sep 29 09:55:59 2020]
rule sort_mpmat:
    input: ../mpmat_merge/293T-bat_VEGFA-Vector-PD_rep2_hg38.MAPQ20.select.C2T_merge_G2A.mpmat
    output: ../mpmat_merge/293T-bat_VEGFA-Vector-PD_rep2_hg38.MAPQ20.select.C2T_merge_G2A.sort.mpmat
    jobid: 10
    reason: Missing output files: ../mpmat_merge/293T-bat_VEGFA-Vector-PD_rep2_hg38.MAPQ20.select.C2T_merge_G2A.sort.mpmat; Input files updated by another job: ../mpmat_merge/293T-bat_VEGFA-Vector-PD_rep2_hg38.MAPQ20.select.C2T_merge_G2A.mpmat
    wildcards: sample=VEGFA-Vector-PD, rep=rep2, a=C, b=T, c=G, d=A


        /home/zhaohuanan/miniconda3/envs/snakepipes_detect-seq_fastq_bam_plot/bin/bedtools sort -i ../mpmat_merge/293T-bat_VEGFA-Vector-PD_rep2_hg38.MAPQ20.select.C2T_merge_G2A.mpmat -g /home/zhaohuanan/zhaohn_HD/2.database/fasta_hg38/hg38_only_chromosome.fa.fai > ../mpmat_merge/293T-bat_VEGFA-Vector-PD_rep2_hg38.MAPQ20.select.C2T_merge_G2A.sort.mpmat
        
[Tue Sep 29 09:56:02 2020]
Finished job 2.
2 of 13 steps (15%) done

[Tue Sep 29 09:56:02 2020]
rule sort_mpmat:
    input: ../mpmat_merge/293T-bat_VEGFA-All-PD_rep2_hg38.MAPQ20.select.C2T_merge_G2A.mpmat
    output: ../mpmat_merge/293T-bat_VEGFA-All-PD_rep2_hg38.MAPQ20.select.C2T_merge_G2A.sort.mpmat
    jobid: 8
    reason: Missing output files: ../mpmat_merge/293T-bat_VEGFA-All-PD_rep2_hg38.MAPQ20.select.C2T_merge_G2A.sort.mpmat; Input files updated by another job: ../mpmat_merge/293T-bat_VEGFA-All-PD_rep2_hg38.MAPQ20.select.C2T_merge_G2A.mpmat
    wildcards: sample=VEGFA-All-PD, rep=rep2, a=C, b=T, c=G, d=A


        /home/zhaohuanan/miniconda3/envs/snakepipes_detect-seq_fastq_bam_plot/bin/bedtools sort -i ../mpmat_merge/293T-bat_VEGFA-All-PD_rep2_hg38.MAPQ20.select.C2T_merge_G2A.mpmat -g /home/zhaohuanan/zhaohn_HD/2.database/fasta_hg38/hg38_only_chromosome.fa.fai > ../mpmat_merge/293T-bat_VEGFA-All-PD_rep2_hg38.MAPQ20.select.C2T_merge_G2A.sort.mpmat
        
[Tue Sep 29 09:56:02 2020]
Finished job 5.
3 of 13 steps (23%) done

[Tue Sep 29 09:56:02 2020]
rule sort_mpmat:
    input: ../mpmat_merge/293T-bat_VEGFA-sgRNADel-PD_rep1_hg38.MAPQ20.select.C2T_merge_G2A.mpmat
    output: ../mpmat_merge/293T-bat_VEGFA-sgRNADel-PD_rep1_hg38.MAPQ20.select.C2T_merge_G2A.sort.mpmat
    jobid: 11
    reason: Missing output files: ../mpmat_merge/293T-bat_VEGFA-sgRNADel-PD_rep1_hg38.MAPQ20.select.C2T_merge_G2A.sort.mpmat; Input files updated by another job: ../mpmat_merge/293T-bat_VEGFA-sgRNADel-PD_rep1_hg38.MAPQ20.select.C2T_merge_G2A.mpmat
    wildcards: sample=VEGFA-sgRNADel-PD, rep=rep1, a=C, b=T, c=G, d=A


        /home/zhaohuanan/miniconda3/envs/snakepipes_detect-seq_fastq_bam_plot/bin/bedtools sort -i ../mpmat_merge/293T-bat_VEGFA-sgRNADel-PD_rep1_hg38.MAPQ20.select.C2T_merge_G2A.mpmat -g /home/zhaohuanan/zhaohn_HD/2.database/fasta_hg38/hg38_only_chromosome.fa.fai > ../mpmat_merge/293T-bat_VEGFA-sgRNADel-PD_rep1_hg38.MAPQ20.select.C2T_merge_G2A.sort.mpmat
        
[Tue Sep 29 09:56:03 2020]
Finished job 3.
4 of 13 steps (31%) done

[Tue Sep 29 09:56:03 2020]
rule sort_mpmat:
    input: ../mpmat_merge/293T-bat_VEGFA-Vector-PD_rep1_hg38.MAPQ20.select.C2T_merge_G2A.mpmat
    output: ../mpmat_merge/293T-bat_VEGFA-Vector-PD_rep1_hg38.MAPQ20.select.C2T_merge_G2A.sort.mpmat
    jobid: 9
    reason: Missing output files: ../mpmat_merge/293T-bat_VEGFA-Vector-PD_rep1_hg38.MAPQ20.select.C2T_merge_G2A.sort.mpmat; Input files updated by another job: ../mpmat_merge/293T-bat_VEGFA-Vector-PD_rep1_hg38.MAPQ20.select.C2T_merge_G2A.mpmat
    wildcards: sample=VEGFA-Vector-PD, rep=rep1, a=C, b=T, c=G, d=A


        /home/zhaohuanan/miniconda3/envs/snakepipes_detect-seq_fastq_bam_plot/bin/bedtools sort -i ../mpmat_merge/293T-bat_VEGFA-Vector-PD_rep1_hg38.MAPQ20.select.C2T_merge_G2A.mpmat -g /home/zhaohuanan/zhaohn_HD/2.database/fasta_hg38/hg38_only_chromosome.fa.fai > ../mpmat_merge/293T-bat_VEGFA-Vector-PD_rep1_hg38.MAPQ20.select.C2T_merge_G2A.sort.mpmat
        
[Tue Sep 29 09:56:03 2020]
Finished job 6.
5 of 13 steps (38%) done

[Tue Sep 29 09:56:03 2020]
rule sort_mpmat:
    input: ../mpmat_merge/293T-bat_VEGFA-sgRNADel-PD_rep2_hg38.MAPQ20.select.C2T_merge_G2A.mpmat
    output: ../mpmat_merge/293T-bat_VEGFA-sgRNADel-PD_rep2_hg38.MAPQ20.select.C2T_merge_G2A.sort.mpmat
    jobid: 12
    reason: Missing output files: ../mpmat_merge/293T-bat_VEGFA-sgRNADel-PD_rep2_hg38.MAPQ20.select.C2T_merge_G2A.sort.mpmat; Input files updated by another job: ../mpmat_merge/293T-bat_VEGFA-sgRNADel-PD_rep2_hg38.MAPQ20.select.C2T_merge_G2A.mpmat
    wildcards: sample=VEGFA-sgRNADel-PD, rep=rep2, a=C, b=T, c=G, d=A


        /home/zhaohuanan/miniconda3/envs/snakepipes_detect-seq_fastq_bam_plot/bin/bedtools sort -i ../mpmat_merge/293T-bat_VEGFA-sgRNADel-PD_rep2_hg38.MAPQ20.select.C2T_merge_G2A.mpmat -g /home/zhaohuanan/zhaohn_HD/2.database/fasta_hg38/hg38_only_chromosome.fa.fai > ../mpmat_merge/293T-bat_VEGFA-sgRNADel-PD_rep2_hg38.MAPQ20.select.C2T_merge_G2A.sort.mpmat
        
[Tue Sep 29 09:56:07 2020]
Finished job 1.
6 of 13 steps (46%) done

[Tue Sep 29 09:56:07 2020]
rule sort_mpmat:
    input: ../mpmat_merge/293T-bat_VEGFA-All-PD_rep1_hg38.MAPQ20.select.C2T_merge_G2A.mpmat
    output: ../mpmat_merge/293T-bat_VEGFA-All-PD_rep1_hg38.MAPQ20.select.C2T_merge_G2A.sort.mpmat
    jobid: 7
    reason: Missing output files: ../mpmat_merge/293T-bat_VEGFA-All-PD_rep1_hg38.MAPQ20.select.C2T_merge_G2A.sort.mpmat; Input files updated by another job: ../mpmat_merge/293T-bat_VEGFA-All-PD_rep1_hg38.MAPQ20.select.C2T_merge_G2A.mpmat
    wildcards: sample=VEGFA-All-PD, rep=rep1, a=C, b=T, c=G, d=A


        /home/zhaohuanan/miniconda3/envs/snakepipes_detect-seq_fastq_bam_plot/bin/bedtools sort -i ../mpmat_merge/293T-bat_VEGFA-All-PD_rep1_hg38.MAPQ20.select.C2T_merge_G2A.mpmat -g /home/zhaohuanan/zhaohn_HD/2.database/fasta_hg38/hg38_only_chromosome.fa.fai > ../mpmat_merge/293T-bat_VEGFA-All-PD_rep1_hg38.MAPQ20.select.C2T_merge_G2A.sort.mpmat
        
[Tue Sep 29 09:58:06 2020]
Finished job 10.
7 of 13 steps (54%) done
[Tue Sep 29 10:00:42 2020]
Error in rule sort_mpmat:
    jobid: 7
    output: ../mpmat_merge/293T-bat_VEGFA-All-PD_rep1_hg38.MAPQ20.select.C2T_merge_G2A.sort.mpmat
    shell:
        
        /home/zhaohuanan/miniconda3/envs/snakepipes_detect-seq_fastq_bam_plot/bin/bedtools sort -i ../mpmat_merge/293T-bat_VEGFA-All-PD_rep1_hg38.MAPQ20.select.C2T_merge_G2A.mpmat -g /home/zhaohuanan/zhaohn_HD/2.database/fasta_hg38/hg38_only_chromosome.fa.fai > ../mpmat_merge/293T-bat_VEGFA-All-PD_rep1_hg38.MAPQ20.select.C2T_merge_G2A.sort.mpmat
        
        (one of the commands exited with non-zero exit code; note that snakemake uses bash strict mode!)

Removing output files of failed job sort_mpmat since they might be corrupted:
../mpmat_merge/293T-bat_VEGFA-All-PD_rep1_hg38.MAPQ20.select.C2T_merge_G2A.sort.mpmat
Terminating processes on user request, this might take some time.
Cancelling snakemake on user request.
