Building DAG of jobs...
Using shell: /usr/bin/bash
Provided cores: 24
Rules claiming more threads will be scaled down.
Job counts:
	count	jobs
	1	all
	4	bmat2pmat
	96	pmat_merge
	101

[Sun Sep 27 14:35:19 2020]
rule pmat_merge:
    input: ../mpileup_pmat_bmat/293T-bat_VEGFA-sgRNADel-PD_rep2_hg38.MAPQ20.select.T.pmat
    output: ../mpileup_pmat_bmat/293T-bat_VEGFA-sgRNADel-PD_rep2_hg38.MAPQ20.select.T2A.mpmat
    log: ../mpileup_pmat_bmat/293T-bat_VEGFA-sgRNADel-PD_rep2_hg38.MAPQ20.select.T2A.mpmat.log
    jobid: 153
    reason: Missing output files: ../mpileup_pmat_bmat/293T-bat_VEGFA-sgRNADel-PD_rep2_hg38.MAPQ20.select.T2A.mpmat
    wildcards: sample=VEGFA-sgRNADel-PD, rep=rep2, from_base=T, to_base=A


        if T==A;         then             echo f: T==t: A, skip...;         else             echo /home/zhaohuanan/miniconda3/envs/snakepipes_detect-seq_fastq_bam_plot/bin/python ./program/pmat-merge-V04.py             -f T             -t A             -r /home/zhaohuanan/zhaohn_HD/2.database/fasta_hg38/hg38_only_chromosome.fa             --OutHeader False             -i ../mpileup_pmat_bmat/293T-bat_VEGFA-sgRNADel-PD_rep2_hg38.MAPQ20.select.T.pmat             -o ../mpileup_pmat_bmat/293T-bat_VEGFA-sgRNADel-PD_rep2_hg38.MAPQ20.select.T2A.mpmat             -d 50 -D 100 --NoMutNumCutoff 2 --OmitTandemNumCutoff 2 --SNP /home/zhaohuanan/zhaohn_HD/2.database/GATK_resource_bundle/resources_broad_hg38_v0_Homo_sapiens_assembly38.dbsnp138.vcf 2>../mpileup_pmat_bmat/293T-bat_VEGFA-sgRNADel-PD_rep2_hg38.MAPQ20.select.T2A.mpmat.log;         fi
        

[Sun Sep 27 14:35:19 2020]
rule pmat_merge:
    input: ../mpileup_pmat_bmat/293T-bat_VEGFA-sgRNADel-PD_rep2_hg38.MAPQ20.select.T.pmat
    output: ../mpileup_pmat_bmat/293T-bat_VEGFA-sgRNADel-PD_rep2_hg38.MAPQ20.select.T2G.mpmat
    log: ../mpileup_pmat_bmat/293T-bat_VEGFA-sgRNADel-PD_rep2_hg38.MAPQ20.select.T2G.mpmat.log
    jobid: 154
    reason: Missing output files: ../mpileup_pmat_bmat/293T-bat_VEGFA-sgRNADel-PD_rep2_hg38.MAPQ20.select.T2G.mpmat
    wildcards: sample=VEGFA-sgRNADel-PD, rep=rep2, from_base=T, to_base=G


        if T==G;         then             echo f: T==t: G, skip...;         else             echo /home/zhaohuanan/miniconda3/envs/snakepipes_detect-seq_fastq_bam_plot/bin/python ./program/pmat-merge-V04.py             -f T             -t G             -r /home/zhaohuanan/zhaohn_HD/2.database/fasta_hg38/hg38_only_chromosome.fa             --OutHeader False             -i ../mpileup_pmat_bmat/293T-bat_VEGFA-sgRNADel-PD_rep2_hg38.MAPQ20.select.T.pmat             -o ../mpileup_pmat_bmat/293T-bat_VEGFA-sgRNADel-PD_rep2_hg38.MAPQ20.select.T2G.mpmat             -d 50 -D 100 --NoMutNumCutoff 2 --OmitTandemNumCutoff 2 --SNP /home/zhaohuanan/zhaohn_HD/2.database/GATK_resource_bundle/resources_broad_hg38_v0_Homo_sapiens_assembly38.dbsnp138.vcf 2>../mpileup_pmat_bmat/293T-bat_VEGFA-sgRNADel-PD_rep2_hg38.MAPQ20.select.T2G.mpmat.log;         fi
        

[Sun Sep 27 14:35:19 2020]
rule pmat_merge:
    input: ../mpileup_pmat_bmat/293T-bat_VEGFA-sgRNADel-PD_rep2_hg38.MAPQ20.select.T.pmat
    output: ../mpileup_pmat_bmat/293T-bat_VEGFA-sgRNADel-PD_rep2_hg38.MAPQ20.select.T2C.mpmat
    log: ../mpileup_pmat_bmat/293T-bat_VEGFA-sgRNADel-PD_rep2_hg38.MAPQ20.select.T2C.mpmat.log
    jobid: 155
    reason: Missing output files: ../mpileup_pmat_bmat/293T-bat_VEGFA-sgRNADel-PD_rep2_hg38.MAPQ20.select.T2C.mpmat
    wildcards: sample=VEGFA-sgRNADel-PD, rep=rep2, from_base=T, to_base=C


        if T==C;         then             echo f: T==t: C, skip...;         else             echo /home/zhaohuanan/miniconda3/envs/snakepipes_detect-seq_fastq_bam_plot/bin/python ./program/pmat-merge-V04.py             -f T             -t C             -r /home/zhaohuanan/zhaohn_HD/2.database/fasta_hg38/hg38_only_chromosome.fa             --OutHeader False             -i ../mpileup_pmat_bmat/293T-bat_VEGFA-sgRNADel-PD_rep2_hg38.MAPQ20.select.T.pmat             -o ../mpileup_pmat_bmat/293T-bat_VEGFA-sgRNADel-PD_rep2_hg38.MAPQ20.select.T2C.mpmat             -d 50 -D 100 --NoMutNumCutoff 2 --OmitTandemNumCutoff 2 --SNP /home/zhaohuanan/zhaohn_HD/2.database/GATK_resource_bundle/resources_broad_hg38_v0_Homo_sapiens_assembly38.dbsnp138.vcf 2>../mpileup_pmat_bmat/293T-bat_VEGFA-sgRNADel-PD_rep2_hg38.MAPQ20.select.T2C.mpmat.log;         fi
        
Waiting at most 5 seconds for missing files.

[Sun Sep 27 14:35:19 2020]
rule pmat_merge:
    input: ../mpileup_pmat_bmat/293T-bat_VEGFA-sgRNADel-PD_rep2_hg38.MAPQ20.select.T.pmat
    output: ../mpileup_pmat_bmat/293T-bat_VEGFA-sgRNADel-PD_rep2_hg38.MAPQ20.select.T2T.mpmat
    log: ../mpileup_pmat_bmat/293T-bat_VEGFA-sgRNADel-PD_rep2_hg38.MAPQ20.select.T2T.mpmat.log
    jobid: 156
    reason: Missing output files: ../mpileup_pmat_bmat/293T-bat_VEGFA-sgRNADel-PD_rep2_hg38.MAPQ20.select.T2T.mpmat
    wildcards: sample=VEGFA-sgRNADel-PD, rep=rep2, from_base=T, to_base=T


        if T==T;         then             echo f: T==t: T, skip...;         else             echo /home/zhaohuanan/miniconda3/envs/snakepipes_detect-seq_fastq_bam_plot/bin/python ./program/pmat-merge-V04.py             -f T             -t T             -r /home/zhaohuanan/zhaohn_HD/2.database/fasta_hg38/hg38_only_chromosome.fa             --OutHeader False             -i ../mpileup_pmat_bmat/293T-bat_VEGFA-sgRNADel-PD_rep2_hg38.MAPQ20.select.T.pmat             -o ../mpileup_pmat_bmat/293T-bat_VEGFA-sgRNADel-PD_rep2_hg38.MAPQ20.select.T2T.mpmat             -d 50 -D 100 --NoMutNumCutoff 2 --OmitTandemNumCutoff 2 --SNP /home/zhaohuanan/zhaohn_HD/2.database/GATK_resource_bundle/resources_broad_hg38_v0_Homo_sapiens_assembly38.dbsnp138.vcf 2>../mpileup_pmat_bmat/293T-bat_VEGFA-sgRNADel-PD_rep2_hg38.MAPQ20.select.T2T.mpmat.log;         fi
        

[Sun Sep 27 14:35:19 2020]
rule pmat_merge:
    input: ../mpileup_pmat_bmat/293T-bat_VEGFA-Vector-PD_rep1_hg38.MAPQ20.select.T.pmat
    output: ../mpileup_pmat_bmat/293T-bat_VEGFA-Vector-PD_rep1_hg38.MAPQ20.select.T2A.mpmat
    log: ../mpileup_pmat_bmat/293T-bat_VEGFA-Vector-PD_rep1_hg38.MAPQ20.select.T2A.mpmat.log
    jobid: 105
    reason: Missing output files: ../mpileup_pmat_bmat/293T-bat_VEGFA-Vector-PD_rep1_hg38.MAPQ20.select.T2A.mpmat
    wildcards: sample=VEGFA-Vector-PD, rep=rep1, from_base=T, to_base=A


        if T==A;         then             echo f: T==t: A, skip...;         else             echo /home/zhaohuanan/miniconda3/envs/snakepipes_detect-seq_fastq_bam_plot/bin/python ./program/pmat-merge-V04.py             -f T             -t A             -r /home/zhaohuanan/zhaohn_HD/2.database/fasta_hg38/hg38_only_chromosome.fa             --OutHeader False             -i ../mpileup_pmat_bmat/293T-bat_VEGFA-Vector-PD_rep1_hg38.MAPQ20.select.T.pmat             -o ../mpileup_pmat_bmat/293T-bat_VEGFA-Vector-PD_rep1_hg38.MAPQ20.select.T2A.mpmat             -d 50 -D 100 --NoMutNumCutoff 2 --OmitTandemNumCutoff 2 --SNP /home/zhaohuanan/zhaohn_HD/2.database/GATK_resource_bundle/resources_broad_hg38_v0_Homo_sapiens_assembly38.dbsnp138.vcf 2>../mpileup_pmat_bmat/293T-bat_VEGFA-Vector-PD_rep1_hg38.MAPQ20.select.T2A.mpmat.log;         fi
        

[Sun Sep 27 14:35:19 2020]
rule pmat_merge:
    input: ../mpileup_pmat_bmat/293T-bat_VEGFA-Vector-PD_rep1_hg38.MAPQ20.select.T.pmat
    output: ../mpileup_pmat_bmat/293T-bat_VEGFA-Vector-PD_rep1_hg38.MAPQ20.select.T2G.mpmat
    log: ../mpileup_pmat_bmat/293T-bat_VEGFA-Vector-PD_rep1_hg38.MAPQ20.select.T2G.mpmat.log
    jobid: 106
    reason: Missing output files: ../mpileup_pmat_bmat/293T-bat_VEGFA-Vector-PD_rep1_hg38.MAPQ20.select.T2G.mpmat
    wildcards: sample=VEGFA-Vector-PD, rep=rep1, from_base=T, to_base=G


        if T==G;         then             echo f: T==t: G, skip...;         else             echo /home/zhaohuanan/miniconda3/envs/snakepipes_detect-seq_fastq_bam_plot/bin/python ./program/pmat-merge-V04.py             -f T             -t G             -r /home/zhaohuanan/zhaohn_HD/2.database/fasta_hg38/hg38_only_chromosome.fa             --OutHeader False             -i ../mpileup_pmat_bmat/293T-bat_VEGFA-Vector-PD_rep1_hg38.MAPQ20.select.T.pmat             -o ../mpileup_pmat_bmat/293T-bat_VEGFA-Vector-PD_rep1_hg38.MAPQ20.select.T2G.mpmat             -d 50 -D 100 --NoMutNumCutoff 2 --OmitTandemNumCutoff 2 --SNP /home/zhaohuanan/zhaohn_HD/2.database/GATK_resource_bundle/resources_broad_hg38_v0_Homo_sapiens_assembly38.dbsnp138.vcf 2>../mpileup_pmat_bmat/293T-bat_VEGFA-Vector-PD_rep1_hg38.MAPQ20.select.T2G.mpmat.log;         fi
        

[Sun Sep 27 14:35:19 2020]
rule pmat_merge:
    input: ../mpileup_pmat_bmat/293T-bat_VEGFA-Vector-PD_rep1_hg38.MAPQ20.select.A.pmat
    output: ../mpileup_pmat_bmat/293T-bat_VEGFA-Vector-PD_rep1_hg38.MAPQ20.select.A2A.mpmat
    log: ../mpileup_pmat_bmat/293T-bat_VEGFA-Vector-PD_rep1_hg38.MAPQ20.select.A2A.mpmat.log
    jobid: 93
    reason: Missing output files: ../mpileup_pmat_bmat/293T-bat_VEGFA-Vector-PD_rep1_hg38.MAPQ20.select.A2A.mpmat
    wildcards: sample=VEGFA-Vector-PD, rep=rep1, from_base=A, to_base=A


        if A==A;         then             echo f: A==t: A, skip...;         else             echo /home/zhaohuanan/miniconda3/envs/snakepipes_detect-seq_fastq_bam_plot/bin/python ./program/pmat-merge-V04.py             -f A             -t A             -r /home/zhaohuanan/zhaohn_HD/2.database/fasta_hg38/hg38_only_chromosome.fa             --OutHeader False             -i ../mpileup_pmat_bmat/293T-bat_VEGFA-Vector-PD_rep1_hg38.MAPQ20.select.A.pmat             -o ../mpileup_pmat_bmat/293T-bat_VEGFA-Vector-PD_rep1_hg38.MAPQ20.select.A2A.mpmat             -d 50 -D 100 --NoMutNumCutoff 2 --OmitTandemNumCutoff 2 --SNP /home/zhaohuanan/zhaohn_HD/2.database/GATK_resource_bundle/resources_broad_hg38_v0_Homo_sapiens_assembly38.dbsnp138.vcf 2>../mpileup_pmat_bmat/293T-bat_VEGFA-Vector-PD_rep1_hg38.MAPQ20.select.A2A.mpmat.log;         fi
        

[Sun Sep 27 14:35:19 2020]
rule pmat_merge:
    input: ../mpileup_pmat_bmat/293T-bat_VEGFA-Vector-PD_rep1_hg38.MAPQ20.select.T.pmat
    output: ../mpileup_pmat_bmat/293T-bat_VEGFA-Vector-PD_rep1_hg38.MAPQ20.select.T2C.mpmat
    log: ../mpileup_pmat_bmat/293T-bat_VEGFA-Vector-PD_rep1_hg38.MAPQ20.select.T2C.mpmat.log
    jobid: 107
    reason: Missing output files: ../mpileup_pmat_bmat/293T-bat_VEGFA-Vector-PD_rep1_hg38.MAPQ20.select.T2C.mpmat
    wildcards: sample=VEGFA-Vector-PD, rep=rep1, from_base=T, to_base=C


        if T==C;         then             echo f: T==t: C, skip...;         else             echo /home/zhaohuanan/miniconda3/envs/snakepipes_detect-seq_fastq_bam_plot/bin/python ./program/pmat-merge-V04.py             -f T             -t C             -r /home/zhaohuanan/zhaohn_HD/2.database/fasta_hg38/hg38_only_chromosome.fa             --OutHeader False             -i ../mpileup_pmat_bmat/293T-bat_VEGFA-Vector-PD_rep1_hg38.MAPQ20.select.T.pmat             -o ../mpileup_pmat_bmat/293T-bat_VEGFA-Vector-PD_rep1_hg38.MAPQ20.select.T2C.mpmat             -d 50 -D 100 --NoMutNumCutoff 2 --OmitTandemNumCutoff 2 --SNP /home/zhaohuanan/zhaohn_HD/2.database/GATK_resource_bundle/resources_broad_hg38_v0_Homo_sapiens_assembly38.dbsnp138.vcf 2>../mpileup_pmat_bmat/293T-bat_VEGFA-Vector-PD_rep1_hg38.MAPQ20.select.T2C.mpmat.log;         fi
        

[Sun Sep 27 14:35:19 2020]
rule pmat_merge:
    input: ../mpileup_pmat_bmat/293T-bat_VEGFA-Vector-PD_rep1_hg38.MAPQ20.select.A.pmat
    output: ../mpileup_pmat_bmat/293T-bat_VEGFA-Vector-PD_rep1_hg38.MAPQ20.select.A2G.mpmat
    log: ../mpileup_pmat_bmat/293T-bat_VEGFA-Vector-PD_rep1_hg38.MAPQ20.select.A2G.mpmat.log
    jobid: 94
    reason: Missing output files: ../mpileup_pmat_bmat/293T-bat_VEGFA-Vector-PD_rep1_hg38.MAPQ20.select.A2G.mpmat
    wildcards: sample=VEGFA-Vector-PD, rep=rep1, from_base=A, to_base=G


        if A==G;         then             echo f: A==t: G, skip...;         else             echo /home/zhaohuanan/miniconda3/envs/snakepipes_detect-seq_fastq_bam_plot/bin/python ./program/pmat-merge-V04.py             -f A             -t G             -r /home/zhaohuanan/zhaohn_HD/2.database/fasta_hg38/hg38_only_chromosome.fa             --OutHeader False             -i ../mpileup_pmat_bmat/293T-bat_VEGFA-Vector-PD_rep1_hg38.MAPQ20.select.A.pmat             -o ../mpileup_pmat_bmat/293T-bat_VEGFA-Vector-PD_rep1_hg38.MAPQ20.select.A2G.mpmat             -d 50 -D 100 --NoMutNumCutoff 2 --OmitTandemNumCutoff 2 --SNP /home/zhaohuanan/zhaohn_HD/2.database/GATK_resource_bundle/resources_broad_hg38_v0_Homo_sapiens_assembly38.dbsnp138.vcf 2>../mpileup_pmat_bmat/293T-bat_VEGFA-Vector-PD_rep1_hg38.MAPQ20.select.A2G.mpmat.log;         fi
        

[Sun Sep 27 14:35:19 2020]
rule pmat_merge:
    input: ../mpileup_pmat_bmat/293T-bat_VEGFA-Vector-PD_rep1_hg38.MAPQ20.select.T.pmat
    output: ../mpileup_pmat_bmat/293T-bat_VEGFA-Vector-PD_rep1_hg38.MAPQ20.select.T2T.mpmat
    log: ../mpileup_pmat_bmat/293T-bat_VEGFA-Vector-PD_rep1_hg38.MAPQ20.select.T2T.mpmat.log
    jobid: 108
    reason: Missing output files: ../mpileup_pmat_bmat/293T-bat_VEGFA-Vector-PD_rep1_hg38.MAPQ20.select.T2T.mpmat
    wildcards: sample=VEGFA-Vector-PD, rep=rep1, from_base=T, to_base=T


        if T==T;         then             echo f: T==t: T, skip...;         else             echo /home/zhaohuanan/miniconda3/envs/snakepipes_detect-seq_fastq_bam_plot/bin/python ./program/pmat-merge-V04.py             -f T             -t T             -r /home/zhaohuanan/zhaohn_HD/2.database/fasta_hg38/hg38_only_chromosome.fa             --OutHeader False             -i ../mpileup_pmat_bmat/293T-bat_VEGFA-Vector-PD_rep1_hg38.MAPQ20.select.T.pmat             -o ../mpileup_pmat_bmat/293T-bat_VEGFA-Vector-PD_rep1_hg38.MAPQ20.select.T2T.mpmat             -d 50 -D 100 --NoMutNumCutoff 2 --OmitTandemNumCutoff 2 --SNP /home/zhaohuanan/zhaohn_HD/2.database/GATK_resource_bundle/resources_broad_hg38_v0_Homo_sapiens_assembly38.dbsnp138.vcf 2>../mpileup_pmat_bmat/293T-bat_VEGFA-Vector-PD_rep1_hg38.MAPQ20.select.T2T.mpmat.log;         fi
        

[Sun Sep 27 14:35:19 2020]
rule pmat_merge:
    input: ../mpileup_pmat_bmat/293T-bat_VEGFA-Vector-PD_rep1_hg38.MAPQ20.select.A.pmat
    output: ../mpileup_pmat_bmat/293T-bat_VEGFA-Vector-PD_rep1_hg38.MAPQ20.select.A2C.mpmat
    log: ../mpileup_pmat_bmat/293T-bat_VEGFA-Vector-PD_rep1_hg38.MAPQ20.select.A2C.mpmat.log
    jobid: 95
    reason: Missing output files: ../mpileup_pmat_bmat/293T-bat_VEGFA-Vector-PD_rep1_hg38.MAPQ20.select.A2C.mpmat
    wildcards: sample=VEGFA-Vector-PD, rep=rep1, from_base=A, to_base=C


        if A==C;         then             echo f: A==t: C, skip...;         else             echo /home/zhaohuanan/miniconda3/envs/snakepipes_detect-seq_fastq_bam_plot/bin/python ./program/pmat-merge-V04.py             -f A             -t C             -r /home/zhaohuanan/zhaohn_HD/2.database/fasta_hg38/hg38_only_chromosome.fa             --OutHeader False             -i ../mpileup_pmat_bmat/293T-bat_VEGFA-Vector-PD_rep1_hg38.MAPQ20.select.A.pmat             -o ../mpileup_pmat_bmat/293T-bat_VEGFA-Vector-PD_rep1_hg38.MAPQ20.select.A2C.mpmat             -d 50 -D 100 --NoMutNumCutoff 2 --OmitTandemNumCutoff 2 --SNP /home/zhaohuanan/zhaohn_HD/2.database/GATK_resource_bundle/resources_broad_hg38_v0_Homo_sapiens_assembly38.dbsnp138.vcf 2>../mpileup_pmat_bmat/293T-bat_VEGFA-Vector-PD_rep1_hg38.MAPQ20.select.A2C.mpmat.log;         fi
        

[Sun Sep 27 14:35:19 2020]
rule pmat_merge:
    input: ../mpileup_pmat_bmat/293T-bat_VEGFA-Vector-PD_rep1_hg38.MAPQ20.select.A.pmat
    output: ../mpileup_pmat_bmat/293T-bat_VEGFA-Vector-PD_rep1_hg38.MAPQ20.select.A2T.mpmat
    log: ../mpileup_pmat_bmat/293T-bat_VEGFA-Vector-PD_rep1_hg38.MAPQ20.select.A2T.mpmat.log
    jobid: 96
    reason: Missing output files: ../mpileup_pmat_bmat/293T-bat_VEGFA-Vector-PD_rep1_hg38.MAPQ20.select.A2T.mpmat
    wildcards: sample=VEGFA-Vector-PD, rep=rep1, from_base=A, to_base=T


        if A==T;         then             echo f: A==t: T, skip...;         else             echo /home/zhaohuanan/miniconda3/envs/snakepipes_detect-seq_fastq_bam_plot/bin/python ./program/pmat-merge-V04.py             -f A             -t T             -r /home/zhaohuanan/zhaohn_HD/2.database/fasta_hg38/hg38_only_chromosome.fa             --OutHeader False             -i ../mpileup_pmat_bmat/293T-bat_VEGFA-Vector-PD_rep1_hg38.MAPQ20.select.A.pmat             -o ../mpileup_pmat_bmat/293T-bat_VEGFA-Vector-PD_rep1_hg38.MAPQ20.select.A2T.mpmat             -d 50 -D 100 --NoMutNumCutoff 2 --OmitTandemNumCutoff 2 --SNP /home/zhaohuanan/zhaohn_HD/2.database/GATK_resource_bundle/resources_broad_hg38_v0_Homo_sapiens_assembly38.dbsnp138.vcf 2>../mpileup_pmat_bmat/293T-bat_VEGFA-Vector-PD_rep1_hg38.MAPQ20.select.A2T.mpmat.log;         fi
        

[Sun Sep 27 14:35:19 2020]
rule pmat_merge:
    input: ../mpileup_pmat_bmat/293T-bat_VEGFA-sgRNADel-PD_rep1_hg38.MAPQ20.select.A.pmat
    output: ../mpileup_pmat_bmat/293T-bat_VEGFA-sgRNADel-PD_rep1_hg38.MAPQ20.select.A2A.mpmat
    log: ../mpileup_pmat_bmat/293T-bat_VEGFA-sgRNADel-PD_rep1_hg38.MAPQ20.select.A2A.mpmat.log
    jobid: 125
    reason: Missing output files: ../mpileup_pmat_bmat/293T-bat_VEGFA-sgRNADel-PD_rep1_hg38.MAPQ20.select.A2A.mpmat
    wildcards: sample=VEGFA-sgRNADel-PD, rep=rep1, from_base=A, to_base=A


        if A==A;         then             echo f: A==t: A, skip...;         else             echo /home/zhaohuanan/miniconda3/envs/snakepipes_detect-seq_fastq_bam_plot/bin/python ./program/pmat-merge-V04.py             -f A             -t A             -r /home/zhaohuanan/zhaohn_HD/2.database/fasta_hg38/hg38_only_chromosome.fa             --OutHeader False             -i ../mpileup_pmat_bmat/293T-bat_VEGFA-sgRNADel-PD_rep1_hg38.MAPQ20.select.A.pmat             -o ../mpileup_pmat_bmat/293T-bat_VEGFA-sgRNADel-PD_rep1_hg38.MAPQ20.select.A2A.mpmat             -d 50 -D 100 --NoMutNumCutoff 2 --OmitTandemNumCutoff 2 --SNP /home/zhaohuanan/zhaohn_HD/2.database/GATK_resource_bundle/resources_broad_hg38_v0_Homo_sapiens_assembly38.dbsnp138.vcf 2>../mpileup_pmat_bmat/293T-bat_VEGFA-sgRNADel-PD_rep1_hg38.MAPQ20.select.A2A.mpmat.log;         fi
        

[Sun Sep 27 14:35:19 2020]
rule pmat_merge:
    input: ../mpileup_pmat_bmat/293T-bat_VEGFA-sgRNADel-PD_rep1_hg38.MAPQ20.select.T.pmat
    output: ../mpileup_pmat_bmat/293T-bat_VEGFA-sgRNADel-PD_rep1_hg38.MAPQ20.select.T2C.mpmat
    log: ../mpileup_pmat_bmat/293T-bat_VEGFA-sgRNADel-PD_rep1_hg38.MAPQ20.select.T2C.mpmat.log
    jobid: 139
    reason: Missing output files: ../mpileup_pmat_bmat/293T-bat_VEGFA-sgRNADel-PD_rep1_hg38.MAPQ20.select.T2C.mpmat
    wildcards: sample=VEGFA-sgRNADel-PD, rep=rep1, from_base=T, to_base=C


        if T==C;         then             echo f: T==t: C, skip...;         else             echo /home/zhaohuanan/miniconda3/envs/snakepipes_detect-seq_fastq_bam_plot/bin/python ./program/pmat-merge-V04.py             -f T             -t C             -r /home/zhaohuanan/zhaohn_HD/2.database/fasta_hg38/hg38_only_chromosome.fa             --OutHeader False             -i ../mpileup_pmat_bmat/293T-bat_VEGFA-sgRNADel-PD_rep1_hg38.MAPQ20.select.T.pmat             -o ../mpileup_pmat_bmat/293T-bat_VEGFA-sgRNADel-PD_rep1_hg38.MAPQ20.select.T2C.mpmat             -d 50 -D 100 --NoMutNumCutoff 2 --OmitTandemNumCutoff 2 --SNP /home/zhaohuanan/zhaohn_HD/2.database/GATK_resource_bundle/resources_broad_hg38_v0_Homo_sapiens_assembly38.dbsnp138.vcf 2>../mpileup_pmat_bmat/293T-bat_VEGFA-sgRNADel-PD_rep1_hg38.MAPQ20.select.T2C.mpmat.log;         fi
        

[Sun Sep 27 14:35:19 2020]
rule pmat_merge:
    input: ../mpileup_pmat_bmat/293T-bat_VEGFA-sgRNADel-PD_rep1_hg38.MAPQ20.select.A.pmat
    output: ../mpileup_pmat_bmat/293T-bat_VEGFA-sgRNADel-PD_rep1_hg38.MAPQ20.select.A2G.mpmat
    log: ../mpileup_pmat_bmat/293T-bat_VEGFA-sgRNADel-PD_rep1_hg38.MAPQ20.select.A2G.mpmat.log
    jobid: 126
    reason: Missing output files: ../mpileup_pmat_bmat/293T-bat_VEGFA-sgRNADel-PD_rep1_hg38.MAPQ20.select.A2G.mpmat
    wildcards: sample=VEGFA-sgRNADel-PD, rep=rep1, from_base=A, to_base=G


        if A==G;         then             echo f: A==t: G, skip...;         else             echo /home/zhaohuanan/miniconda3/envs/snakepipes_detect-seq_fastq_bam_plot/bin/python ./program/pmat-merge-V04.py             -f A             -t G             -r /home/zhaohuanan/zhaohn_HD/2.database/fasta_hg38/hg38_only_chromosome.fa             --OutHeader False             -i ../mpileup_pmat_bmat/293T-bat_VEGFA-sgRNADel-PD_rep1_hg38.MAPQ20.select.A.pmat             -o ../mpileup_pmat_bmat/293T-bat_VEGFA-sgRNADel-PD_rep1_hg38.MAPQ20.select.A2G.mpmat             -d 50 -D 100 --NoMutNumCutoff 2 --OmitTandemNumCutoff 2 --SNP /home/zhaohuanan/zhaohn_HD/2.database/GATK_resource_bundle/resources_broad_hg38_v0_Homo_sapiens_assembly38.dbsnp138.vcf 2>../mpileup_pmat_bmat/293T-bat_VEGFA-sgRNADel-PD_rep1_hg38.MAPQ20.select.A2G.mpmat.log;         fi
        

[Sun Sep 27 14:35:19 2020]
rule pmat_merge:
    input: ../mpileup_pmat_bmat/293T-bat_VEGFA-sgRNADel-PD_rep1_hg38.MAPQ20.select.T.pmat
    output: ../mpileup_pmat_bmat/293T-bat_VEGFA-sgRNADel-PD_rep1_hg38.MAPQ20.select.T2T.mpmat
    log: ../mpileup_pmat_bmat/293T-bat_VEGFA-sgRNADel-PD_rep1_hg38.MAPQ20.select.T2T.mpmat.log
    jobid: 140
    reason: Missing output files: ../mpileup_pmat_bmat/293T-bat_VEGFA-sgRNADel-PD_rep1_hg38.MAPQ20.select.T2T.mpmat
    wildcards: sample=VEGFA-sgRNADel-PD, rep=rep1, from_base=T, to_base=T


        if T==T;         then             echo f: T==t: T, skip...;         else             echo /home/zhaohuanan/miniconda3/envs/snakepipes_detect-seq_fastq_bam_plot/bin/python ./program/pmat-merge-V04.py             -f T             -t T             -r /home/zhaohuanan/zhaohn_HD/2.database/fasta_hg38/hg38_only_chromosome.fa             --OutHeader False             -i ../mpileup_pmat_bmat/293T-bat_VEGFA-sgRNADel-PD_rep1_hg38.MAPQ20.select.T.pmat             -o ../mpileup_pmat_bmat/293T-bat_VEGFA-sgRNADel-PD_rep1_hg38.MAPQ20.select.T2T.mpmat             -d 50 -D 100 --NoMutNumCutoff 2 --OmitTandemNumCutoff 2 --SNP /home/zhaohuanan/zhaohn_HD/2.database/GATK_resource_bundle/resources_broad_hg38_v0_Homo_sapiens_assembly38.dbsnp138.vcf 2>../mpileup_pmat_bmat/293T-bat_VEGFA-sgRNADel-PD_rep1_hg38.MAPQ20.select.T2T.mpmat.log;         fi
        

[Sun Sep 27 14:35:19 2020]
rule pmat_merge:
    input: ../mpileup_pmat_bmat/293T-bat_VEGFA-sgRNADel-PD_rep1_hg38.MAPQ20.select.A.pmat
    output: ../mpileup_pmat_bmat/293T-bat_VEGFA-sgRNADel-PD_rep1_hg38.MAPQ20.select.A2C.mpmat
    log: ../mpileup_pmat_bmat/293T-bat_VEGFA-sgRNADel-PD_rep1_hg38.MAPQ20.select.A2C.mpmat.log
    jobid: 127
    reason: Missing output files: ../mpileup_pmat_bmat/293T-bat_VEGFA-sgRNADel-PD_rep1_hg38.MAPQ20.select.A2C.mpmat
    wildcards: sample=VEGFA-sgRNADel-PD, rep=rep1, from_base=A, to_base=C


        if A==C;         then             echo f: A==t: C, skip...;         else             echo /home/zhaohuanan/miniconda3/envs/snakepipes_detect-seq_fastq_bam_plot/bin/python ./program/pmat-merge-V04.py             -f A             -t C             -r /home/zhaohuanan/zhaohn_HD/2.database/fasta_hg38/hg38_only_chromosome.fa             --OutHeader False             -i ../mpileup_pmat_bmat/293T-bat_VEGFA-sgRNADel-PD_rep1_hg38.MAPQ20.select.A.pmat             -o ../mpileup_pmat_bmat/293T-bat_VEGFA-sgRNADel-PD_rep1_hg38.MAPQ20.select.A2C.mpmat             -d 50 -D 100 --NoMutNumCutoff 2 --OmitTandemNumCutoff 2 --SNP /home/zhaohuanan/zhaohn_HD/2.database/GATK_resource_bundle/resources_broad_hg38_v0_Homo_sapiens_assembly38.dbsnp138.vcf 2>../mpileup_pmat_bmat/293T-bat_VEGFA-sgRNADel-PD_rep1_hg38.MAPQ20.select.A2C.mpmat.log;         fi
        

[Sun Sep 27 14:35:19 2020]
rule pmat_merge:
    input: ../mpileup_pmat_bmat/293T-bat_VEGFA-sgRNADel-PD_rep2_hg38.MAPQ20.select.A.pmat
    output: ../mpileup_pmat_bmat/293T-bat_VEGFA-sgRNADel-PD_rep2_hg38.MAPQ20.select.A2A.mpmat
    log: ../mpileup_pmat_bmat/293T-bat_VEGFA-sgRNADel-PD_rep2_hg38.MAPQ20.select.A2A.mpmat.log
    jobid: 141
    reason: Missing output files: ../mpileup_pmat_bmat/293T-bat_VEGFA-sgRNADel-PD_rep2_hg38.MAPQ20.select.A2A.mpmat
    wildcards: sample=VEGFA-sgRNADel-PD, rep=rep2, from_base=A, to_base=A


        if A==A;         then             echo f: A==t: A, skip...;         else             echo /home/zhaohuanan/miniconda3/envs/snakepipes_detect-seq_fastq_bam_plot/bin/python ./program/pmat-merge-V04.py             -f A             -t A             -r /home/zhaohuanan/zhaohn_HD/2.database/fasta_hg38/hg38_only_chromosome.fa             --OutHeader False             -i ../mpileup_pmat_bmat/293T-bat_VEGFA-sgRNADel-PD_rep2_hg38.MAPQ20.select.A.pmat             -o ../mpileup_pmat_bmat/293T-bat_VEGFA-sgRNADel-PD_rep2_hg38.MAPQ20.select.A2A.mpmat             -d 50 -D 100 --NoMutNumCutoff 2 --OmitTandemNumCutoff 2 --SNP /home/zhaohuanan/zhaohn_HD/2.database/GATK_resource_bundle/resources_broad_hg38_v0_Homo_sapiens_assembly38.dbsnp138.vcf 2>../mpileup_pmat_bmat/293T-bat_VEGFA-sgRNADel-PD_rep2_hg38.MAPQ20.select.A2A.mpmat.log;         fi
        

[Sun Sep 27 14:35:19 2020]
rule pmat_merge:
    input: ../mpileup_pmat_bmat/293T-bat_VEGFA-sgRNADel-PD_rep1_hg38.MAPQ20.select.A.pmat
    output: ../mpileup_pmat_bmat/293T-bat_VEGFA-sgRNADel-PD_rep1_hg38.MAPQ20.select.A2T.mpmat
    log: ../mpileup_pmat_bmat/293T-bat_VEGFA-sgRNADel-PD_rep1_hg38.MAPQ20.select.A2T.mpmat.log
    jobid: 128
    reason: Missing output files: ../mpileup_pmat_bmat/293T-bat_VEGFA-sgRNADel-PD_rep1_hg38.MAPQ20.select.A2T.mpmat
    wildcards: sample=VEGFA-sgRNADel-PD, rep=rep1, from_base=A, to_base=T


        if A==T;         then             echo f: A==t: T, skip...;         else             echo /home/zhaohuanan/miniconda3/envs/snakepipes_detect-seq_fastq_bam_plot/bin/python ./program/pmat-merge-V04.py             -f A             -t T             -r /home/zhaohuanan/zhaohn_HD/2.database/fasta_hg38/hg38_only_chromosome.fa             --OutHeader False             -i ../mpileup_pmat_bmat/293T-bat_VEGFA-sgRNADel-PD_rep1_hg38.MAPQ20.select.A.pmat             -o ../mpileup_pmat_bmat/293T-bat_VEGFA-sgRNADel-PD_rep1_hg38.MAPQ20.select.A2T.mpmat             -d 50 -D 100 --NoMutNumCutoff 2 --OmitTandemNumCutoff 2 --SNP /home/zhaohuanan/zhaohn_HD/2.database/GATK_resource_bundle/resources_broad_hg38_v0_Homo_sapiens_assembly38.dbsnp138.vcf 2>../mpileup_pmat_bmat/293T-bat_VEGFA-sgRNADel-PD_rep1_hg38.MAPQ20.select.A2T.mpmat.log;         fi
        

[Sun Sep 27 14:35:19 2020]
rule pmat_merge:
    input: ../mpileup_pmat_bmat/293T-bat_VEGFA-sgRNADel-PD_rep2_hg38.MAPQ20.select.A.pmat
    output: ../mpileup_pmat_bmat/293T-bat_VEGFA-sgRNADel-PD_rep2_hg38.MAPQ20.select.A2G.mpmat
    log: ../mpileup_pmat_bmat/293T-bat_VEGFA-sgRNADel-PD_rep2_hg38.MAPQ20.select.A2G.mpmat.log
    jobid: 142
    reason: Missing output files: ../mpileup_pmat_bmat/293T-bat_VEGFA-sgRNADel-PD_rep2_hg38.MAPQ20.select.A2G.mpmat
    wildcards: sample=VEGFA-sgRNADel-PD, rep=rep2, from_base=A, to_base=G


        if A==G;         then             echo f: A==t: G, skip...;         else             echo /home/zhaohuanan/miniconda3/envs/snakepipes_detect-seq_fastq_bam_plot/bin/python ./program/pmat-merge-V04.py             -f A             -t G             -r /home/zhaohuanan/zhaohn_HD/2.database/fasta_hg38/hg38_only_chromosome.fa             --OutHeader False             -i ../mpileup_pmat_bmat/293T-bat_VEGFA-sgRNADel-PD_rep2_hg38.MAPQ20.select.A.pmat             -o ../mpileup_pmat_bmat/293T-bat_VEGFA-sgRNADel-PD_rep2_hg38.MAPQ20.select.A2G.mpmat             -d 50 -D 100 --NoMutNumCutoff 2 --OmitTandemNumCutoff 2 --SNP /home/zhaohuanan/zhaohn_HD/2.database/GATK_resource_bundle/resources_broad_hg38_v0_Homo_sapiens_assembly38.dbsnp138.vcf 2>../mpileup_pmat_bmat/293T-bat_VEGFA-sgRNADel-PD_rep2_hg38.MAPQ20.select.A2G.mpmat.log;         fi
        

[Sun Sep 27 14:35:19 2020]
rule pmat_merge:
    input: ../mpileup_pmat_bmat/293T-bat_VEGFA-sgRNADel-PD_rep2_hg38.MAPQ20.select.A.pmat
    output: ../mpileup_pmat_bmat/293T-bat_VEGFA-sgRNADel-PD_rep2_hg38.MAPQ20.select.A2C.mpmat
    log: ../mpileup_pmat_bmat/293T-bat_VEGFA-sgRNADel-PD_rep2_hg38.MAPQ20.select.A2C.mpmat.log
    jobid: 143
    reason: Missing output files: ../mpileup_pmat_bmat/293T-bat_VEGFA-sgRNADel-PD_rep2_hg38.MAPQ20.select.A2C.mpmat
    wildcards: sample=VEGFA-sgRNADel-PD, rep=rep2, from_base=A, to_base=C


        if A==C;         then             echo f: A==t: C, skip...;         else             echo /home/zhaohuanan/miniconda3/envs/snakepipes_detect-seq_fastq_bam_plot/bin/python ./program/pmat-merge-V04.py             -f A             -t C             -r /home/zhaohuanan/zhaohn_HD/2.database/fasta_hg38/hg38_only_chromosome.fa             --OutHeader False             -i ../mpileup_pmat_bmat/293T-bat_VEGFA-sgRNADel-PD_rep2_hg38.MAPQ20.select.A.pmat             -o ../mpileup_pmat_bmat/293T-bat_VEGFA-sgRNADel-PD_rep2_hg38.MAPQ20.select.A2C.mpmat             -d 50 -D 100 --NoMutNumCutoff 2 --OmitTandemNumCutoff 2 --SNP /home/zhaohuanan/zhaohn_HD/2.database/GATK_resource_bundle/resources_broad_hg38_v0_Homo_sapiens_assembly38.dbsnp138.vcf 2>../mpileup_pmat_bmat/293T-bat_VEGFA-sgRNADel-PD_rep2_hg38.MAPQ20.select.A2C.mpmat.log;         fi
        

[Sun Sep 27 14:35:19 2020]
rule pmat_merge:
    input: ../mpileup_pmat_bmat/293T-bat_VEGFA-sgRNADel-PD_rep2_hg38.MAPQ20.select.A.pmat
    output: ../mpileup_pmat_bmat/293T-bat_VEGFA-sgRNADel-PD_rep2_hg38.MAPQ20.select.A2T.mpmat
    log: ../mpileup_pmat_bmat/293T-bat_VEGFA-sgRNADel-PD_rep2_hg38.MAPQ20.select.A2T.mpmat.log
    jobid: 144
    reason: Missing output files: ../mpileup_pmat_bmat/293T-bat_VEGFA-sgRNADel-PD_rep2_hg38.MAPQ20.select.A2T.mpmat
    wildcards: sample=VEGFA-sgRNADel-PD, rep=rep2, from_base=A, to_base=T


        if A==T;         then             echo f: A==t: T, skip...;         else             echo /home/zhaohuanan/miniconda3/envs/snakepipes_detect-seq_fastq_bam_plot/bin/python ./program/pmat-merge-V04.py             -f A             -t T             -r /home/zhaohuanan/zhaohn_HD/2.database/fasta_hg38/hg38_only_chromosome.fa             --OutHeader False             -i ../mpileup_pmat_bmat/293T-bat_VEGFA-sgRNADel-PD_rep2_hg38.MAPQ20.select.A.pmat             -o ../mpileup_pmat_bmat/293T-bat_VEGFA-sgRNADel-PD_rep2_hg38.MAPQ20.select.A2T.mpmat             -d 50 -D 100 --NoMutNumCutoff 2 --OmitTandemNumCutoff 2 --SNP /home/zhaohuanan/zhaohn_HD/2.database/GATK_resource_bundle/resources_broad_hg38_v0_Homo_sapiens_assembly38.dbsnp138.vcf 2>../mpileup_pmat_bmat/293T-bat_VEGFA-sgRNADel-PD_rep2_hg38.MAPQ20.select.A2T.mpmat.log;         fi
        

[Sun Sep 27 14:35:19 2020]
rule pmat_merge:
    input: ../mpileup_pmat_bmat/293T-bat_VEGFA-sgRNADel-PD_rep1_hg38.MAPQ20.select.T.pmat
    output: ../mpileup_pmat_bmat/293T-bat_VEGFA-sgRNADel-PD_rep1_hg38.MAPQ20.select.T2A.mpmat
    log: ../mpileup_pmat_bmat/293T-bat_VEGFA-sgRNADel-PD_rep1_hg38.MAPQ20.select.T2A.mpmat.log
    jobid: 137
    reason: Missing output files: ../mpileup_pmat_bmat/293T-bat_VEGFA-sgRNADel-PD_rep1_hg38.MAPQ20.select.T2A.mpmat
    wildcards: sample=VEGFA-sgRNADel-PD, rep=rep1, from_base=T, to_base=A


        if T==A;         then             echo f: T==t: A, skip...;         else             echo /home/zhaohuanan/miniconda3/envs/snakepipes_detect-seq_fastq_bam_plot/bin/python ./program/pmat-merge-V04.py             -f T             -t A             -r /home/zhaohuanan/zhaohn_HD/2.database/fasta_hg38/hg38_only_chromosome.fa             --OutHeader False             -i ../mpileup_pmat_bmat/293T-bat_VEGFA-sgRNADel-PD_rep1_hg38.MAPQ20.select.T.pmat             -o ../mpileup_pmat_bmat/293T-bat_VEGFA-sgRNADel-PD_rep1_hg38.MAPQ20.select.T2A.mpmat             -d 50 -D 100 --NoMutNumCutoff 2 --OmitTandemNumCutoff 2 --SNP /home/zhaohuanan/zhaohn_HD/2.database/GATK_resource_bundle/resources_broad_hg38_v0_Homo_sapiens_assembly38.dbsnp138.vcf 2>../mpileup_pmat_bmat/293T-bat_VEGFA-sgRNADel-PD_rep1_hg38.MAPQ20.select.T2A.mpmat.log;         fi
        

[Sun Sep 27 14:35:19 2020]
rule pmat_merge:
    input: ../mpileup_pmat_bmat/293T-bat_VEGFA-sgRNADel-PD_rep1_hg38.MAPQ20.select.T.pmat
    output: ../mpileup_pmat_bmat/293T-bat_VEGFA-sgRNADel-PD_rep1_hg38.MAPQ20.select.T2G.mpmat
    log: ../mpileup_pmat_bmat/293T-bat_VEGFA-sgRNADel-PD_rep1_hg38.MAPQ20.select.T2G.mpmat.log
    jobid: 138
    reason: Missing output files: ../mpileup_pmat_bmat/293T-bat_VEGFA-sgRNADel-PD_rep1_hg38.MAPQ20.select.T2G.mpmat
    wildcards: sample=VEGFA-sgRNADel-PD, rep=rep1, from_base=T, to_base=G


        if T==G;         then             echo f: T==t: G, skip...;         else             echo /home/zhaohuanan/miniconda3/envs/snakepipes_detect-seq_fastq_bam_plot/bin/python ./program/pmat-merge-V04.py             -f T             -t G             -r /home/zhaohuanan/zhaohn_HD/2.database/fasta_hg38/hg38_only_chromosome.fa             --OutHeader False             -i ../mpileup_pmat_bmat/293T-bat_VEGFA-sgRNADel-PD_rep1_hg38.MAPQ20.select.T.pmat             -o ../mpileup_pmat_bmat/293T-bat_VEGFA-sgRNADel-PD_rep1_hg38.MAPQ20.select.T2G.mpmat             -d 50 -D 100 --NoMutNumCutoff 2 --OmitTandemNumCutoff 2 --SNP /home/zhaohuanan/zhaohn_HD/2.database/GATK_resource_bundle/resources_broad_hg38_v0_Homo_sapiens_assembly38.dbsnp138.vcf 2>../mpileup_pmat_bmat/293T-bat_VEGFA-sgRNADel-PD_rep1_hg38.MAPQ20.select.T2G.mpmat.log;         fi
        
MissingOutputException in line 102 of /gpfs/user/zhaohuanan/3.project/10.2020-09_0923_Practice_for_detect-seq-data/snakepipes_detect-seq_fastq_bam_plot/snk.1.bam2mpmat.py:
Job completed successfully, but some output files are missing. Missing files after 5 seconds:
../mpileup_pmat_bmat/293T-bat_VEGFA-sgRNADel-PD_rep2_hg38.MAPQ20.select.T2A.mpmat
This might be due to filesystem latency. If that is the case, consider to increase the wait time with --latency-wait.
  File "/home/zhaohuanan/miniconda3/lib/python3.7/site-packages/snakemake/executors/__init__.py", line 544, in handle_job_success
  File "/home/zhaohuanan/miniconda3/lib/python3.7/site-packages/snakemake/executors/__init__.py", line 231, in handle_job_success
Waiting at most 5 seconds for missing files.
MissingOutputException in line 102 of /gpfs/user/zhaohuanan/3.project/10.2020-09_0923_Practice_for_detect-seq-data/snakepipes_detect-seq_fastq_bam_plot/snk.1.bam2mpmat.py:
Job completed successfully, but some output files are missing. Missing files after 5 seconds:
../mpileup_pmat_bmat/293T-bat_VEGFA-sgRNADel-PD_rep2_hg38.MAPQ20.select.T2G.mpmat
This might be due to filesystem latency. If that is the case, consider to increase the wait time with --latency-wait.
  File "/home/zhaohuanan/miniconda3/lib/python3.7/site-packages/snakemake/executors/__init__.py", line 544, in handle_job_success
  File "/home/zhaohuanan/miniconda3/lib/python3.7/site-packages/snakemake/executors/__init__.py", line 231, in handle_job_success
Waiting at most 5 seconds for missing files.
MissingOutputException in line 102 of /gpfs/user/zhaohuanan/3.project/10.2020-09_0923_Practice_for_detect-seq-data/snakepipes_detect-seq_fastq_bam_plot/snk.1.bam2mpmat.py:
Job completed successfully, but some output files are missing. Missing files after 5 seconds:
../mpileup_pmat_bmat/293T-bat_VEGFA-sgRNADel-PD_rep2_hg38.MAPQ20.select.T2C.mpmat
This might be due to filesystem latency. If that is the case, consider to increase the wait time with --latency-wait.
  File "/home/zhaohuanan/miniconda3/lib/python3.7/site-packages/snakemake/executors/__init__.py", line 544, in handle_job_success
  File "/home/zhaohuanan/miniconda3/lib/python3.7/site-packages/snakemake/executors/__init__.py", line 231, in handle_job_success
Waiting at most 5 seconds for missing files.
MissingOutputException in line 102 of /gpfs/user/zhaohuanan/3.project/10.2020-09_0923_Practice_for_detect-seq-data/snakepipes_detect-seq_fastq_bam_plot/snk.1.bam2mpmat.py:
Job completed successfully, but some output files are missing. Missing files after 5 seconds:
../mpileup_pmat_bmat/293T-bat_VEGFA-sgRNADel-PD_rep2_hg38.MAPQ20.select.T2T.mpmat
This might be due to filesystem latency. If that is the case, consider to increase the wait time with --latency-wait.
  File "/home/zhaohuanan/miniconda3/lib/python3.7/site-packages/snakemake/executors/__init__.py", line 544, in handle_job_success
  File "/home/zhaohuanan/miniconda3/lib/python3.7/site-packages/snakemake/executors/__init__.py", line 231, in handle_job_success
Waiting at most 5 seconds for missing files.
MissingOutputException in line 102 of /gpfs/user/zhaohuanan/3.project/10.2020-09_0923_Practice_for_detect-seq-data/snakepipes_detect-seq_fastq_bam_plot/snk.1.bam2mpmat.py:
Job completed successfully, but some output files are missing. Missing files after 5 seconds:
../mpileup_pmat_bmat/293T-bat_VEGFA-Vector-PD_rep1_hg38.MAPQ20.select.T2A.mpmat
This might be due to filesystem latency. If that is the case, consider to increase the wait time with --latency-wait.
  File "/home/zhaohuanan/miniconda3/lib/python3.7/site-packages/snakemake/executors/__init__.py", line 544, in handle_job_success
  File "/home/zhaohuanan/miniconda3/lib/python3.7/site-packages/snakemake/executors/__init__.py", line 231, in handle_job_success
Waiting at most 5 seconds for missing files.
MissingOutputException in line 102 of /gpfs/user/zhaohuanan/3.project/10.2020-09_0923_Practice_for_detect-seq-data/snakepipes_detect-seq_fastq_bam_plot/snk.1.bam2mpmat.py:
Job completed successfully, but some output files are missing. Missing files after 5 seconds:
../mpileup_pmat_bmat/293T-bat_VEGFA-Vector-PD_rep1_hg38.MAPQ20.select.T2G.mpmat
This might be due to filesystem latency. If that is the case, consider to increase the wait time with --latency-wait.
  File "/home/zhaohuanan/miniconda3/lib/python3.7/site-packages/snakemake/executors/__init__.py", line 544, in handle_job_success
  File "/home/zhaohuanan/miniconda3/lib/python3.7/site-packages/snakemake/executors/__init__.py", line 231, in handle_job_success
Waiting at most 5 seconds for missing files.
MissingOutputException in line 102 of /gpfs/user/zhaohuanan/3.project/10.2020-09_0923_Practice_for_detect-seq-data/snakepipes_detect-seq_fastq_bam_plot/snk.1.bam2mpmat.py:
Job completed successfully, but some output files are missing. Missing files after 5 seconds:
../mpileup_pmat_bmat/293T-bat_VEGFA-Vector-PD_rep1_hg38.MAPQ20.select.A2A.mpmat
This might be due to filesystem latency. If that is the case, consider to increase the wait time with --latency-wait.
  File "/home/zhaohuanan/miniconda3/lib/python3.7/site-packages/snakemake/executors/__init__.py", line 544, in handle_job_success
  File "/home/zhaohuanan/miniconda3/lib/python3.7/site-packages/snakemake/executors/__init__.py", line 231, in handle_job_success
Waiting at most 5 seconds for missing files.
MissingOutputException in line 102 of /gpfs/user/zhaohuanan/3.project/10.2020-09_0923_Practice_for_detect-seq-data/snakepipes_detect-seq_fastq_bam_plot/snk.1.bam2mpmat.py:
Job completed successfully, but some output files are missing. Missing files after 5 seconds:
../mpileup_pmat_bmat/293T-bat_VEGFA-Vector-PD_rep1_hg38.MAPQ20.select.T2C.mpmat
This might be due to filesystem latency. If that is the case, consider to increase the wait time with --latency-wait.
  File "/home/zhaohuanan/miniconda3/lib/python3.7/site-packages/snakemake/executors/__init__.py", line 544, in handle_job_success
  File "/home/zhaohuanan/miniconda3/lib/python3.7/site-packages/snakemake/executors/__init__.py", line 231, in handle_job_success
Waiting at most 5 seconds for missing files.
MissingOutputException in line 102 of /gpfs/user/zhaohuanan/3.project/10.2020-09_0923_Practice_for_detect-seq-data/snakepipes_detect-seq_fastq_bam_plot/snk.1.bam2mpmat.py:
Job completed successfully, but some output files are missing. Missing files after 5 seconds:
../mpileup_pmat_bmat/293T-bat_VEGFA-Vector-PD_rep1_hg38.MAPQ20.select.A2G.mpmat
This might be due to filesystem latency. If that is the case, consider to increase the wait time with --latency-wait.
  File "/home/zhaohuanan/miniconda3/lib/python3.7/site-packages/snakemake/executors/__init__.py", line 544, in handle_job_success
  File "/home/zhaohuanan/miniconda3/lib/python3.7/site-packages/snakemake/executors/__init__.py", line 231, in handle_job_success
Waiting at most 5 seconds for missing files.
MissingOutputException in line 102 of /gpfs/user/zhaohuanan/3.project/10.2020-09_0923_Practice_for_detect-seq-data/snakepipes_detect-seq_fastq_bam_plot/snk.1.bam2mpmat.py:
Job completed successfully, but some output files are missing. Missing files after 5 seconds:
../mpileup_pmat_bmat/293T-bat_VEGFA-Vector-PD_rep1_hg38.MAPQ20.select.T2T.mpmat
This might be due to filesystem latency. If that is the case, consider to increase the wait time with --latency-wait.
  File "/home/zhaohuanan/miniconda3/lib/python3.7/site-packages/snakemake/executors/__init__.py", line 544, in handle_job_success
  File "/home/zhaohuanan/miniconda3/lib/python3.7/site-packages/snakemake/executors/__init__.py", line 231, in handle_job_success
Waiting at most 5 seconds for missing files.
MissingOutputException in line 102 of /gpfs/user/zhaohuanan/3.project/10.2020-09_0923_Practice_for_detect-seq-data/snakepipes_detect-seq_fastq_bam_plot/snk.1.bam2mpmat.py:
Job completed successfully, but some output files are missing. Missing files after 5 seconds:
../mpileup_pmat_bmat/293T-bat_VEGFA-Vector-PD_rep1_hg38.MAPQ20.select.A2C.mpmat
This might be due to filesystem latency. If that is the case, consider to increase the wait time with --latency-wait.
  File "/home/zhaohuanan/miniconda3/lib/python3.7/site-packages/snakemake/executors/__init__.py", line 544, in handle_job_success
  File "/home/zhaohuanan/miniconda3/lib/python3.7/site-packages/snakemake/executors/__init__.py", line 231, in handle_job_success
Waiting at most 5 seconds for missing files.
MissingOutputException in line 102 of /gpfs/user/zhaohuanan/3.project/10.2020-09_0923_Practice_for_detect-seq-data/snakepipes_detect-seq_fastq_bam_plot/snk.1.bam2mpmat.py:
Job completed successfully, but some output files are missing. Missing files after 5 seconds:
../mpileup_pmat_bmat/293T-bat_VEGFA-Vector-PD_rep1_hg38.MAPQ20.select.A2T.mpmat
This might be due to filesystem latency. If that is the case, consider to increase the wait time with --latency-wait.
  File "/home/zhaohuanan/miniconda3/lib/python3.7/site-packages/snakemake/executors/__init__.py", line 544, in handle_job_success
  File "/home/zhaohuanan/miniconda3/lib/python3.7/site-packages/snakemake/executors/__init__.py", line 231, in handle_job_success
Waiting at most 5 seconds for missing files.
MissingOutputException in line 102 of /gpfs/user/zhaohuanan/3.project/10.2020-09_0923_Practice_for_detect-seq-data/snakepipes_detect-seq_fastq_bam_plot/snk.1.bam2mpmat.py:
Job completed successfully, but some output files are missing. Missing files after 5 seconds:
../mpileup_pmat_bmat/293T-bat_VEGFA-sgRNADel-PD_rep1_hg38.MAPQ20.select.A2A.mpmat
This might be due to filesystem latency. If that is the case, consider to increase the wait time with --latency-wait.
  File "/home/zhaohuanan/miniconda3/lib/python3.7/site-packages/snakemake/executors/__init__.py", line 544, in handle_job_success
  File "/home/zhaohuanan/miniconda3/lib/python3.7/site-packages/snakemake/executors/__init__.py", line 231, in handle_job_success
Waiting at most 5 seconds for missing files.
MissingOutputException in line 102 of /gpfs/user/zhaohuanan/3.project/10.2020-09_0923_Practice_for_detect-seq-data/snakepipes_detect-seq_fastq_bam_plot/snk.1.bam2mpmat.py:
Job completed successfully, but some output files are missing. Missing files after 5 seconds:
../mpileup_pmat_bmat/293T-bat_VEGFA-sgRNADel-PD_rep1_hg38.MAPQ20.select.T2C.mpmat
This might be due to filesystem latency. If that is the case, consider to increase the wait time with --latency-wait.
  File "/home/zhaohuanan/miniconda3/lib/python3.7/site-packages/snakemake/executors/__init__.py", line 544, in handle_job_success
  File "/home/zhaohuanan/miniconda3/lib/python3.7/site-packages/snakemake/executors/__init__.py", line 231, in handle_job_success
Waiting at most 5 seconds for missing files.
MissingOutputException in line 102 of /gpfs/user/zhaohuanan/3.project/10.2020-09_0923_Practice_for_detect-seq-data/snakepipes_detect-seq_fastq_bam_plot/snk.1.bam2mpmat.py:
Job completed successfully, but some output files are missing. Missing files after 5 seconds:
../mpileup_pmat_bmat/293T-bat_VEGFA-sgRNADel-PD_rep1_hg38.MAPQ20.select.A2G.mpmat
This might be due to filesystem latency. If that is the case, consider to increase the wait time with --latency-wait.
  File "/home/zhaohuanan/miniconda3/lib/python3.7/site-packages/snakemake/executors/__init__.py", line 544, in handle_job_success
  File "/home/zhaohuanan/miniconda3/lib/python3.7/site-packages/snakemake/executors/__init__.py", line 231, in handle_job_success
Waiting at most 5 seconds for missing files.
MissingOutputException in line 102 of /gpfs/user/zhaohuanan/3.project/10.2020-09_0923_Practice_for_detect-seq-data/snakepipes_detect-seq_fastq_bam_plot/snk.1.bam2mpmat.py:
Job completed successfully, but some output files are missing. Missing files after 5 seconds:
../mpileup_pmat_bmat/293T-bat_VEGFA-sgRNADel-PD_rep1_hg38.MAPQ20.select.T2T.mpmat
This might be due to filesystem latency. If that is the case, consider to increase the wait time with --latency-wait.
  File "/home/zhaohuanan/miniconda3/lib/python3.7/site-packages/snakemake/executors/__init__.py", line 544, in handle_job_success
  File "/home/zhaohuanan/miniconda3/lib/python3.7/site-packages/snakemake/executors/__init__.py", line 231, in handle_job_success
Waiting at most 5 seconds for missing files.
MissingOutputException in line 102 of /gpfs/user/zhaohuanan/3.project/10.2020-09_0923_Practice_for_detect-seq-data/snakepipes_detect-seq_fastq_bam_plot/snk.1.bam2mpmat.py:
Job completed successfully, but some output files are missing. Missing files after 5 seconds:
../mpileup_pmat_bmat/293T-bat_VEGFA-sgRNADel-PD_rep1_hg38.MAPQ20.select.A2C.mpmat
This might be due to filesystem latency. If that is the case, consider to increase the wait time with --latency-wait.
  File "/home/zhaohuanan/miniconda3/lib/python3.7/site-packages/snakemake/executors/__init__.py", line 544, in handle_job_success
  File "/home/zhaohuanan/miniconda3/lib/python3.7/site-packages/snakemake/executors/__init__.py", line 231, in handle_job_success
Waiting at most 5 seconds for missing files.
MissingOutputException in line 102 of /gpfs/user/zhaohuanan/3.project/10.2020-09_0923_Practice_for_detect-seq-data/snakepipes_detect-seq_fastq_bam_plot/snk.1.bam2mpmat.py:
Job completed successfully, but some output files are missing. Missing files after 5 seconds:
../mpileup_pmat_bmat/293T-bat_VEGFA-sgRNADel-PD_rep2_hg38.MAPQ20.select.A2A.mpmat
This might be due to filesystem latency. If that is the case, consider to increase the wait time with --latency-wait.
  File "/home/zhaohuanan/miniconda3/lib/python3.7/site-packages/snakemake/executors/__init__.py", line 544, in handle_job_success
  File "/home/zhaohuanan/miniconda3/lib/python3.7/site-packages/snakemake/executors/__init__.py", line 231, in handle_job_success
Waiting at most 5 seconds for missing files.
MissingOutputException in line 102 of /gpfs/user/zhaohuanan/3.project/10.2020-09_0923_Practice_for_detect-seq-data/snakepipes_detect-seq_fastq_bam_plot/snk.1.bam2mpmat.py:
Job completed successfully, but some output files are missing. Missing files after 5 seconds:
../mpileup_pmat_bmat/293T-bat_VEGFA-sgRNADel-PD_rep1_hg38.MAPQ20.select.A2T.mpmat
This might be due to filesystem latency. If that is the case, consider to increase the wait time with --latency-wait.
  File "/home/zhaohuanan/miniconda3/lib/python3.7/site-packages/snakemake/executors/__init__.py", line 544, in handle_job_success
  File "/home/zhaohuanan/miniconda3/lib/python3.7/site-packages/snakemake/executors/__init__.py", line 231, in handle_job_success
Waiting at most 5 seconds for missing files.
MissingOutputException in line 102 of /gpfs/user/zhaohuanan/3.project/10.2020-09_0923_Practice_for_detect-seq-data/snakepipes_detect-seq_fastq_bam_plot/snk.1.bam2mpmat.py:
Job completed successfully, but some output files are missing. Missing files after 5 seconds:
../mpileup_pmat_bmat/293T-bat_VEGFA-sgRNADel-PD_rep2_hg38.MAPQ20.select.A2G.mpmat
This might be due to filesystem latency. If that is the case, consider to increase the wait time with --latency-wait.
  File "/home/zhaohuanan/miniconda3/lib/python3.7/site-packages/snakemake/executors/__init__.py", line 544, in handle_job_success
  File "/home/zhaohuanan/miniconda3/lib/python3.7/site-packages/snakemake/executors/__init__.py", line 231, in handle_job_success
Waiting at most 5 seconds for missing files.
MissingOutputException in line 102 of /gpfs/user/zhaohuanan/3.project/10.2020-09_0923_Practice_for_detect-seq-data/snakepipes_detect-seq_fastq_bam_plot/snk.1.bam2mpmat.py:
Job completed successfully, but some output files are missing. Missing files after 5 seconds:
../mpileup_pmat_bmat/293T-bat_VEGFA-sgRNADel-PD_rep2_hg38.MAPQ20.select.A2C.mpmat
This might be due to filesystem latency. If that is the case, consider to increase the wait time with --latency-wait.
  File "/home/zhaohuanan/miniconda3/lib/python3.7/site-packages/snakemake/executors/__init__.py", line 544, in handle_job_success
  File "/home/zhaohuanan/miniconda3/lib/python3.7/site-packages/snakemake/executors/__init__.py", line 231, in handle_job_success
Waiting at most 5 seconds for missing files.
MissingOutputException in line 102 of /gpfs/user/zhaohuanan/3.project/10.2020-09_0923_Practice_for_detect-seq-data/snakepipes_detect-seq_fastq_bam_plot/snk.1.bam2mpmat.py:
Job completed successfully, but some output files are missing. Missing files after 5 seconds:
../mpileup_pmat_bmat/293T-bat_VEGFA-sgRNADel-PD_rep2_hg38.MAPQ20.select.A2T.mpmat
This might be due to filesystem latency. If that is the case, consider to increase the wait time with --latency-wait.
  File "/home/zhaohuanan/miniconda3/lib/python3.7/site-packages/snakemake/executors/__init__.py", line 544, in handle_job_success
  File "/home/zhaohuanan/miniconda3/lib/python3.7/site-packages/snakemake/executors/__init__.py", line 231, in handle_job_success
Waiting at most 5 seconds for missing files.
MissingOutputException in line 102 of /gpfs/user/zhaohuanan/3.project/10.2020-09_0923_Practice_for_detect-seq-data/snakepipes_detect-seq_fastq_bam_plot/snk.1.bam2mpmat.py:
Job completed successfully, but some output files are missing. Missing files after 5 seconds:
../mpileup_pmat_bmat/293T-bat_VEGFA-sgRNADel-PD_rep1_hg38.MAPQ20.select.T2A.mpmat
This might be due to filesystem latency. If that is the case, consider to increase the wait time with --latency-wait.
  File "/home/zhaohuanan/miniconda3/lib/python3.7/site-packages/snakemake/executors/__init__.py", line 544, in handle_job_success
  File "/home/zhaohuanan/miniconda3/lib/python3.7/site-packages/snakemake/executors/__init__.py", line 231, in handle_job_success
Waiting at most 5 seconds for missing files.
MissingOutputException in line 102 of /gpfs/user/zhaohuanan/3.project/10.2020-09_0923_Practice_for_detect-seq-data/snakepipes_detect-seq_fastq_bam_plot/snk.1.bam2mpmat.py:
Job completed successfully, but some output files are missing. Missing files after 5 seconds:
../mpileup_pmat_bmat/293T-bat_VEGFA-sgRNADel-PD_rep1_hg38.MAPQ20.select.T2G.mpmat
This might be due to filesystem latency. If that is the case, consider to increase the wait time with --latency-wait.
  File "/home/zhaohuanan/miniconda3/lib/python3.7/site-packages/snakemake/executors/__init__.py", line 544, in handle_job_success
  File "/home/zhaohuanan/miniconda3/lib/python3.7/site-packages/snakemake/executors/__init__.py", line 231, in handle_job_success
Shutting down, this might take some time.
Exiting because a job execution failed. Look above for error message
Complete log: /gpfs/user/zhaohuanan/3.project/10.2020-09_0923_Practice_for_detect-seq-data/snakepipes_detect-seq_fastq_bam_plot/.snakemake/log/2020-09-27T143519.028109.snakemake.log
