Building DAG of jobs...
Using shell: /usr/bin/bash
Provided cores: 24
Rules claiming more threads will be scaled down.
Job counts:
	count	jobs
	1	all
	6	count_genome_background
	7

[Mon Sep 28 11:21:01 2020]
rule count_genome_background:
    input: ../bam/293T-bat_VEGFA-sgRNADel-PD_rep2_hg38.MAPQ20.bam
    output: ../json/293T-bat_VEGFA-sgRNADel-PD_rep2_hg38.MAPQ20.background.json
    log: ../json/293T-bat_VEGFA-sgRNADel-PD_rep2_hg38.MAPQ20.background.json.log
    jobid: 18
    reason: Missing output files: ../json/293T-bat_VEGFA-sgRNADel-PD_rep2_hg38.MAPQ20.background.json
    wildcards: sample=VEGFA-sgRNADel-PD, rep=rep2


        /home/zhaohuanan/miniconda3/envs/snakepipes_detect-seq_fastq_bam_plot/bin/python ./program/calculate-mut-stats-V02.py         -i ../bam/293T-bat_VEGFA-sgRNADel-PD_rep2_hg38.MAPQ20.bam         -r /home/zhaohuanan/zhaohn_HD/2.database/fasta_hg38/hg38_only_chromosome.fa         -p 24         -o ../json/293T-bat_VEGFA-sgRNADel-PD_rep2_hg38.MAPQ20.background.json 2>../json/293T-bat_VEGFA-sgRNADel-PD_rep2_hg38.MAPQ20.background.json.log
        

[Mon Sep 28 11:21:01 2020]
rule count_genome_background:
    input: ../bam/293T-bat_VEGFA-All-PD_rep1_hg38.MAPQ20.bam
    output: ../json/293T-bat_VEGFA-All-PD_rep1_hg38.MAPQ20.background.json
    log: ../json/293T-bat_VEGFA-All-PD_rep1_hg38.MAPQ20.background.json.log
    jobid: 13
    reason: Missing output files: ../json/293T-bat_VEGFA-All-PD_rep1_hg38.MAPQ20.background.json
    wildcards: sample=VEGFA-All-PD, rep=rep1


        /home/zhaohuanan/miniconda3/envs/snakepipes_detect-seq_fastq_bam_plot/bin/python ./program/calculate-mut-stats-V02.py         -i ../bam/293T-bat_VEGFA-All-PD_rep1_hg38.MAPQ20.bam         -r /home/zhaohuanan/zhaohn_HD/2.database/fasta_hg38/hg38_only_chromosome.fa         -p 24         -o ../json/293T-bat_VEGFA-All-PD_rep1_hg38.MAPQ20.background.json 2>../json/293T-bat_VEGFA-All-PD_rep1_hg38.MAPQ20.background.json.log
        

[Mon Sep 28 11:21:01 2020]
rule count_genome_background:
    input: ../bam/293T-bat_VEGFA-Vector-PD_rep1_hg38.MAPQ20.bam
    output: ../json/293T-bat_VEGFA-Vector-PD_rep1_hg38.MAPQ20.background.json
    log: ../json/293T-bat_VEGFA-Vector-PD_rep1_hg38.MAPQ20.background.json.log
    jobid: 15
    reason: Missing output files: ../json/293T-bat_VEGFA-Vector-PD_rep1_hg38.MAPQ20.background.json
    wildcards: sample=VEGFA-Vector-PD, rep=rep1


        /home/zhaohuanan/miniconda3/envs/snakepipes_detect-seq_fastq_bam_plot/bin/python ./program/calculate-mut-stats-V02.py         -i ../bam/293T-bat_VEGFA-Vector-PD_rep1_hg38.MAPQ20.bam         -r /home/zhaohuanan/zhaohn_HD/2.database/fasta_hg38/hg38_only_chromosome.fa         -p 24         -o ../json/293T-bat_VEGFA-Vector-PD_rep1_hg38.MAPQ20.background.json 2>../json/293T-bat_VEGFA-Vector-PD_rep1_hg38.MAPQ20.background.json.log
        

[Mon Sep 28 11:21:01 2020]
rule count_genome_background:
    input: ../bam/293T-bat_VEGFA-sgRNADel-PD_rep1_hg38.MAPQ20.bam
    output: ../json/293T-bat_VEGFA-sgRNADel-PD_rep1_hg38.MAPQ20.background.json
    log: ../json/293T-bat_VEGFA-sgRNADel-PD_rep1_hg38.MAPQ20.background.json.log
    jobid: 17
    reason: Missing output files: ../json/293T-bat_VEGFA-sgRNADel-PD_rep1_hg38.MAPQ20.background.json
    wildcards: sample=VEGFA-sgRNADel-PD, rep=rep1


        /home/zhaohuanan/miniconda3/envs/snakepipes_detect-seq_fastq_bam_plot/bin/python ./program/calculate-mut-stats-V02.py         -i ../bam/293T-bat_VEGFA-sgRNADel-PD_rep1_hg38.MAPQ20.bam         -r /home/zhaohuanan/zhaohn_HD/2.database/fasta_hg38/hg38_only_chromosome.fa         -p 24         -o ../json/293T-bat_VEGFA-sgRNADel-PD_rep1_hg38.MAPQ20.background.json 2>../json/293T-bat_VEGFA-sgRNADel-PD_rep1_hg38.MAPQ20.background.json.log
        

[Mon Sep 28 11:21:01 2020]
rule count_genome_background:
    input: ../bam/293T-bat_VEGFA-All-PD_rep2_hg38.MAPQ20.bam
    output: ../json/293T-bat_VEGFA-All-PD_rep2_hg38.MAPQ20.background.json
    log: ../json/293T-bat_VEGFA-All-PD_rep2_hg38.MAPQ20.background.json.log
    jobid: 14
    reason: Missing output files: ../json/293T-bat_VEGFA-All-PD_rep2_hg38.MAPQ20.background.json
    wildcards: sample=VEGFA-All-PD, rep=rep2


        /home/zhaohuanan/miniconda3/envs/snakepipes_detect-seq_fastq_bam_plot/bin/python ./program/calculate-mut-stats-V02.py         -i ../bam/293T-bat_VEGFA-All-PD_rep2_hg38.MAPQ20.bam         -r /home/zhaohuanan/zhaohn_HD/2.database/fasta_hg38/hg38_only_chromosome.fa         -p 24         -o ../json/293T-bat_VEGFA-All-PD_rep2_hg38.MAPQ20.background.json 2>../json/293T-bat_VEGFA-All-PD_rep2_hg38.MAPQ20.background.json.log
        

[Mon Sep 28 11:21:01 2020]
rule count_genome_background:
    input: ../bam/293T-bat_VEGFA-Vector-PD_rep2_hg38.MAPQ20.bam
    output: ../json/293T-bat_VEGFA-Vector-PD_rep2_hg38.MAPQ20.background.json
    log: ../json/293T-bat_VEGFA-Vector-PD_rep2_hg38.MAPQ20.background.json.log
    jobid: 16
    reason: Missing output files: ../json/293T-bat_VEGFA-Vector-PD_rep2_hg38.MAPQ20.background.json
    wildcards: sample=VEGFA-Vector-PD, rep=rep2


        /home/zhaohuanan/miniconda3/envs/snakepipes_detect-seq_fastq_bam_plot/bin/python ./program/calculate-mut-stats-V02.py         -i ../bam/293T-bat_VEGFA-Vector-PD_rep2_hg38.MAPQ20.bam         -r /home/zhaohuanan/zhaohn_HD/2.database/fasta_hg38/hg38_only_chromosome.fa         -p 24         -o ../json/293T-bat_VEGFA-Vector-PD_rep2_hg38.MAPQ20.background.json 2>../json/293T-bat_VEGFA-Vector-PD_rep2_hg38.MAPQ20.background.json.log
        
[Mon Sep 28 11:38:20 2020]
Finished job 16.
1 of 7 steps (14%) done
[Mon Sep 28 11:39:33 2020]
Finished job 14.
2 of 7 steps (29%) done
[Mon Sep 28 11:40:04 2020]
Finished job 17.
3 of 7 steps (43%) done
[Mon Sep 28 11:40:12 2020]
Finished job 15.
4 of 7 steps (57%) done
[Mon Sep 28 11:40:12 2020]
Finished job 18.
5 of 7 steps (71%) done
[Mon Sep 28 11:41:41 2020]
Finished job 13.
6 of 7 steps (86%) done

[Mon Sep 28 11:41:41 2020]
localrule all:
    input: ../mpmat/293T-bat_VEGFA-All-PD_rep1_hg38.MAPQ20.select.C2T.mpmat, ../mpmat/293T-bat_VEGFA-All-PD_rep2_hg38.MAPQ20.select.C2T.mpmat, ../mpmat/293T-bat_VEGFA-Vector-PD_rep1_hg38.MAPQ20.select.C2T.mpmat, ../mpmat/293T-bat_VEGFA-Vector-PD_rep2_hg38.MAPQ20.select.C2T.mpmat, ../mpmat/293T-bat_VEGFA-sgRNADel-PD_rep1_hg38.MAPQ20.select.C2T.mpmat, ../mpmat/293T-bat_VEGFA-sgRNADel-PD_rep2_hg38.MAPQ20.select.C2T.mpmat, ../mpmat/293T-bat_VEGFA-All-PD_rep1_hg38.MAPQ20.select.G2A.mpmat, ../mpmat/293T-bat_VEGFA-All-PD_rep2_hg38.MAPQ20.select.G2A.mpmat, ../mpmat/293T-bat_VEGFA-Vector-PD_rep1_hg38.MAPQ20.select.G2A.mpmat, ../mpmat/293T-bat_VEGFA-Vector-PD_rep2_hg38.MAPQ20.select.G2A.mpmat, ../mpmat/293T-bat_VEGFA-sgRNADel-PD_rep1_hg38.MAPQ20.select.G2A.mpmat, ../mpmat/293T-bat_VEGFA-sgRNADel-PD_rep2_hg38.MAPQ20.select.G2A.mpmat, ../mpmat/293T-bat_VEGFA-All-PD_rep1_hg38.MAPQ20.select.C2T_merge_G2A.mpmat, ../mpmat/293T-bat_VEGFA-All-PD_rep2_hg38.MAPQ20.select.C2T_merge_G2A.mpmat, ../mpmat/293T-bat_VEGFA-Vector-PD_rep1_hg38.MAPQ20.select.C2T_merge_G2A.mpmat, ../mpmat/293T-bat_VEGFA-Vector-PD_rep2_hg38.MAPQ20.select.C2T_merge_G2A.mpmat, ../mpmat/293T-bat_VEGFA-sgRNADel-PD_rep1_hg38.MAPQ20.select.C2T_merge_G2A.mpmat, ../mpmat/293T-bat_VEGFA-sgRNADel-PD_rep2_hg38.MAPQ20.select.C2T_merge_G2A.mpmat, ../mpmat/293T-bat_VEGFA-All-PD_rep1_hg38.MAPQ20.select.C2T_merge_G2A.sort.mpmat, ../mpmat/293T-bat_VEGFA-All-PD_rep2_hg38.MAPQ20.select.C2T_merge_G2A.sort.mpmat, ../mpmat/293T-bat_VEGFA-Vector-PD_rep1_hg38.MAPQ20.select.C2T_merge_G2A.sort.mpmat, ../mpmat/293T-bat_VEGFA-Vector-PD_rep2_hg38.MAPQ20.select.C2T_merge_G2A.sort.mpmat, ../mpmat/293T-bat_VEGFA-sgRNADel-PD_rep1_hg38.MAPQ20.select.C2T_merge_G2A.sort.mpmat, ../mpmat/293T-bat_VEGFA-sgRNADel-PD_rep2_hg38.MAPQ20.select.C2T_merge_G2A.sort.mpmat, ../bam/293T-bat_VEGFA-All-PD_rep1_hg38.MAPQ20.bam, ../bam/293T-bat_VEGFA-All-PD_rep2_hg38.MAPQ20.bam, ../bam/293T-bat_VEGFA-Vector-PD_rep1_hg38.MAPQ20.bam, ../bam/293T-bat_VEGFA-Vector-PD_rep2_hg38.MAPQ20.bam, ../bam/293T-bat_VEGFA-sgRNADel-PD_rep1_hg38.MAPQ20.bam, ../bam/293T-bat_VEGFA-sgRNADel-PD_rep2_hg38.MAPQ20.bam, ../json/293T-bat_VEGFA-All-PD_rep1_hg38.MAPQ20.background.json, ../json/293T-bat_VEGFA-All-PD_rep2_hg38.MAPQ20.background.json, ../json/293T-bat_VEGFA-Vector-PD_rep1_hg38.MAPQ20.background.json, ../json/293T-bat_VEGFA-Vector-PD_rep2_hg38.MAPQ20.background.json, ../json/293T-bat_VEGFA-sgRNADel-PD_rep1_hg38.MAPQ20.background.json, ../json/293T-bat_VEGFA-sgRNADel-PD_rep2_hg38.MAPQ20.background.json
    jobid: 0
    reason: Input files updated by another job: ../json/293T-bat_VEGFA-sgRNADel-PD_rep1_hg38.MAPQ20.background.json, ../json/293T-bat_VEGFA-sgRNADel-PD_rep2_hg38.MAPQ20.background.json, ../json/293T-bat_VEGFA-Vector-PD_rep2_hg38.MAPQ20.background.json, ../json/293T-bat_VEGFA-All-PD_rep2_hg38.MAPQ20.background.json, ../json/293T-bat_VEGFA-All-PD_rep1_hg38.MAPQ20.background.json, ../json/293T-bat_VEGFA-Vector-PD_rep1_hg38.MAPQ20.background.json

[Mon Sep 28 11:41:41 2020]
Finished job 0.
7 of 7 steps (100%) done
Complete log: /gpfs/user/zhaohuanan/3.project/10.2020-09_0923_Practice_for_detect-seq-data/snakepipes_detect-seq_fastq_bam_plot/.snakemake/log/2020-09-28T112101.359540.snakemake.log
