Building DAG of jobs...
Using shell: /usr/bin/bash
Provided cores: 3
Rules claiming more threads will be scaled down.
Job counts:
	count	jobs
	1	all
	2	poisson_test
	3

[Fri Nov 13 18:46:18 2020]
rule poisson_test:
    input: ../mpmat_with_block_info/293T-bat_TREAT-GBEmini-AP-RNF2-All-PD_rep1_CTRL-VEGFA-Vector-PD_hg38.filtered_SMN-4_SCN-10_SMR-0.1_RPN-1_RTN-2.C2T_merge_G2A.block_info.mpmat, ../bam/293T-bat_VEGFA-Vector-PD_rep1_bwa_hg38_sort_rmdup_MAPQ20.bam, ../bam/293T-bat_GBEmini-AP-RNF2-All-PD_rep1_bwa_hg38_sort_rmdup_MAPQ20.bam
    output: ../table/detect_seq.StatsTest.table_CTRL-VEGFA-Vector-PD_TREAT-GBEmini-AP-RNF2-All-PD_rep1.filtered_SMN-4_SCN-10_SMR-0.1_RPN-1_RTN-2.C2T_merge_G2A.tsv
    jobid: 4
    reason: Missing output files: ../table/detect_seq.StatsTest.table_CTRL-VEGFA-Vector-PD_TREAT-GBEmini-AP-RNF2-All-PD_rep1.filtered_SMN-4_SCN-10_SMR-0.1_RPN-1_RTN-2.C2T_merge_G2A.tsv
    wildcards: ctrl=VEGFA-Vector-PD, treat=GBEmini-AP-RNF2-All-PD, rep=rep1, SMN=4, SCN=10, SMR=0.1, RPN=1, RTN=2, a=C, b=T, c=G, d=A


        /home/zhaohuanan/zhaohn_HD/miniconda3/envs/snakepipes_detect-seq/bin/python ./program/find-significant-mpmat-V05.py         -i ../mpmat_with_block_info/293T-bat_TREAT-GBEmini-AP-RNF2-All-PD_rep1_CTRL-VEGFA-Vector-PD_hg38.filtered_SMN-4_SCN-10_SMR-0.1_RPN-1_RTN-2.C2T_merge_G2A.block_info.mpmat         -o ../table/detect_seq.StatsTest.table_CTRL-VEGFA-Vector-PD_TREAT-GBEmini-AP-RNF2-All-PD_rep1.filtered_SMN-4_SCN-10_SMR-0.1_RPN-1_RTN-2.C2T_merge_G2A.tsv         -c ../bam/293T-bat_VEGFA-Vector-PD_rep1_bwa_hg38_sort_rmdup_MAPQ20.bam         -t ../bam/293T-bat_GBEmini-AP-RNF2-All-PD_rep1_bwa_hg38_sort_rmdup_MAPQ20.bam         -r /home/zhaohuanan/zhaohn_HD/2.database/fasta_hg38/hg38_only_chromosome.fa         -p 24         --query_mutation_type CT,GA         --mpmat_filter_info_col_index 13         --mpmat_block_info_col_index 14         --seq_reads_length 150         --poisson_method mutation
        

[Fri Nov 13 18:46:18 2020]
rule poisson_test:
    input: ../mpmat_with_block_info/293T-bat_TREAT-GBEmini-dU-RNF2-All-PD_rep1_CTRL-VEGFA-Vector-PD_hg38.filtered_SMN-4_SCN-10_SMR-0.1_RPN-1_RTN-2.C2T_merge_G2A.block_info.mpmat, ../bam/293T-bat_VEGFA-Vector-PD_rep1_bwa_hg38_sort_rmdup_MAPQ20.bam, ../bam/293T-bat_GBEmini-dU-RNF2-All-PD_rep1_bwa_hg38_sort_rmdup_MAPQ20.bam
    output: ../table/detect_seq.StatsTest.table_CTRL-VEGFA-Vector-PD_TREAT-GBEmini-dU-RNF2-All-PD_rep1.filtered_SMN-4_SCN-10_SMR-0.1_RPN-1_RTN-2.C2T_merge_G2A.tsv
    jobid: 5
    reason: Missing output files: ../table/detect_seq.StatsTest.table_CTRL-VEGFA-Vector-PD_TREAT-GBEmini-dU-RNF2-All-PD_rep1.filtered_SMN-4_SCN-10_SMR-0.1_RPN-1_RTN-2.C2T_merge_G2A.tsv
    wildcards: ctrl=VEGFA-Vector-PD, treat=GBEmini-dU-RNF2-All-PD, rep=rep1, SMN=4, SCN=10, SMR=0.1, RPN=1, RTN=2, a=C, b=T, c=G, d=A


        /home/zhaohuanan/zhaohn_HD/miniconda3/envs/snakepipes_detect-seq/bin/python ./program/find-significant-mpmat-V05.py         -i ../mpmat_with_block_info/293T-bat_TREAT-GBEmini-dU-RNF2-All-PD_rep1_CTRL-VEGFA-Vector-PD_hg38.filtered_SMN-4_SCN-10_SMR-0.1_RPN-1_RTN-2.C2T_merge_G2A.block_info.mpmat         -o ../table/detect_seq.StatsTest.table_CTRL-VEGFA-Vector-PD_TREAT-GBEmini-dU-RNF2-All-PD_rep1.filtered_SMN-4_SCN-10_SMR-0.1_RPN-1_RTN-2.C2T_merge_G2A.tsv         -c ../bam/293T-bat_VEGFA-Vector-PD_rep1_bwa_hg38_sort_rmdup_MAPQ20.bam         -t ../bam/293T-bat_GBEmini-dU-RNF2-All-PD_rep1_bwa_hg38_sort_rmdup_MAPQ20.bam         -r /home/zhaohuanan/zhaohn_HD/2.database/fasta_hg38/hg38_only_chromosome.fa         -p 24         --query_mutation_type CT,GA         --mpmat_filter_info_col_index 13         --mpmat_block_info_col_index 14         --seq_reads_length 150         --poisson_method mutation
        
[Fri Nov 13 19:05:40 2020]
Finished job 5.
1 of 3 steps (33%) done
[Fri Nov 13 19:08:41 2020]
Finished job 4.
2 of 3 steps (67%) done

[Fri Nov 13 19:08:42 2020]
localrule all:
    input: ../Split_Bmat_Json/293T-bat_GBEmini-AP-RNF2-All-PD_rep1_hg38.MAPQ20.json, ../Split_Bmat_Json/293T-bat_GBEmini-dU-RNF2-All-PD_rep1_hg38.MAPQ20.json, ../Split_Bmat_Json/293T-bat_test_rep1_hg38.MAPQ20.json, ../Split_Bmat_Json/293T-bat_GBEmini-AP-RNF2-All-PD_rep1_hg38.MAPQ20.json, ../Split_Bmat_Json/293T-bat_GBEmini-dU-RNF2-All-PD_rep1_hg38.MAPQ20.json, ../Split_Bmat_Json/293T-bat_test_rep1_hg38.MAPQ20.json, ../mpmat_filter_merge/293T-bat_GBEmini-AP-RNF2-All-PD_rep1_hg38.filtered_SMN-4_SCN-10_SMR-0.1_RPN-1_RTN-2.C2T_merge_G2A.sort.mpmat, ../mpmat_filter_merge/293T-bat_GBEmini-dU-RNF2-All-PD_rep1_hg38.filtered_SMN-4_SCN-10_SMR-0.1_RPN-1_RTN-2.C2T_merge_G2A.sort.mpmat, ../mpmat_filter_merge/293T-bat_test_rep1_hg38.filtered_SMN-4_SCN-10_SMR-0.1_RPN-1_RTN-2.C2T_merge_G2A.sort.mpmat, ../mpmat_with_block_info/293T-bat_TREAT-GBEmini-AP-RNF2-All-PD_rep1_CTRL-VEGFA-Vector-PD_hg38.filtered_SMN-4_SCN-10_SMR-0.1_RPN-1_RTN-2.C2T_merge_G2A.block_info.mpmat, ../mpmat_with_block_info/293T-bat_TREAT-GBEmini-dU-RNF2-All-PD_rep1_CTRL-VEGFA-Vector-PD_hg38.filtered_SMN-4_SCN-10_SMR-0.1_RPN-1_RTN-2.C2T_merge_G2A.block_info.mpmat, ../mpmat_with_block_info/293T-bat_TREAT-test_rep1_CTRL-VEGFA-Vector-PD_hg38.filtered_SMN-4_SCN-10_SMR-0.1_RPN-1_RTN-2.C2T_merge_G2A.block_info.mpmat, ../bam/293T-bat_VEGFA-Vector-PD_rep1_bwa_hg38_sort_rmdup_MAPQ20.bam, ../bam/293T-bat_GBEmini-AP-RNF2-All-PD_rep1_bwa_hg38_sort_rmdup_MAPQ20.bam, ../bam/293T-bat_GBEmini-dU-RNF2-All-PD_rep1_bwa_hg38_sort_rmdup_MAPQ20.bam, ../bam/293T-bat_test_rep1_bwa_hg38_sort_rmdup_MAPQ20.bam, ../table/detect_seq.StatsTest.table_CTRL-VEGFA-Vector-PD_TREAT-GBEmini-AP-RNF2-All-PD_rep1.filtered_SMN-4_SCN-10_SMR-0.1_RPN-1_RTN-2.C2T_merge_G2A.tsv, ../table/detect_seq.StatsTest.table_CTRL-VEGFA-Vector-PD_TREAT-GBEmini-dU-RNF2-All-PD_rep1.filtered_SMN-4_SCN-10_SMR-0.1_RPN-1_RTN-2.C2T_merge_G2A.tsv, ../table/detect_seq.StatsTest.table_CTRL-VEGFA-Vector-PD_TREAT-test_rep1.filtered_SMN-4_SCN-10_SMR-0.1_RPN-1_RTN-2.C2T_merge_G2A.tsv
    jobid: 0
    reason: Input files updated by another job: ../table/detect_seq.StatsTest.table_CTRL-VEGFA-Vector-PD_TREAT-GBEmini-dU-RNF2-All-PD_rep1.filtered_SMN-4_SCN-10_SMR-0.1_RPN-1_RTN-2.C2T_merge_G2A.tsv, ../table/detect_seq.StatsTest.table_CTRL-VEGFA-Vector-PD_TREAT-GBEmini-AP-RNF2-All-PD_rep1.filtered_SMN-4_SCN-10_SMR-0.1_RPN-1_RTN-2.C2T_merge_G2A.tsv

[Fri Nov 13 19:08:42 2020]
Finished job 0.
3 of 3 steps (100%) done
Complete log: /gpfs/user/zhaohuanan/3.project/21.2020-11_1109_GBE_DETECT-Seq_new_protocol/snakepipes_detect-seq/.snakemake/log/2020-11-13T184618.001660.snakemake.log
