Building DAG of jobs...
Using shell: /usr/bin/bash
Provided cores: 12
Rules claiming more threads will be scaled down.
Job counts:
	count	jobs
	1	all
	6	mpmat_filter
	7

[Tue Nov 10 14:46:33 2020]
rule mpmat_filter:
    input: ../mpmat/293T-bat_GBEmini-AP-RNF2-All-PD_rep1_hg38.select.C2T.mpmat
    output: ../mpmat_filter/293T-bat_GBEmini-AP-RNF2-All-PD_rep1_hg38.filtered_SMN-4_SCN-10_SMR-0.1_RPN-2_RTN-3.C2T.mpmat
    jobid: 1
    reason: Missing output files: ../mpmat_filter/293T-bat_GBEmini-AP-RNF2-All-PD_rep1_hg38.filtered_SMN-4_SCN-10_SMR-0.1_RPN-2_RTN-3.C2T.mpmat
    wildcards: sample=GBEmini-AP-RNF2-All-PD, rep=rep1, SMN=4, SCN=10, SMR=0.1, RPN=2, RTN=3, ac=C, bd=T


        /home/zhaohuanan/miniconda3/envs/snakepipes_detect-seq_fastq_bam_plot/bin/python ./program/mpmat-select-V02.py         -i ../mpmat/293T-bat_GBEmini-AP-RNF2-All-PD_rep1_hg38.select.C2T.mpmat -o ../mpmat_filter/293T-bat_GBEmini-AP-RNF2-All-PD_rep1_hg38.filtered_SMN-4_SCN-10_SMR-0.1_RPN-2_RTN-3.C2T.mpmat         -f C -t T         --SiteMutNum 4         --SiteCoverNum 10         --SiteMutRatio 0.1         --RegionPassNum 2         --RegionToleranceNum 3         --InHeader False         --OutHeader False
        

[Tue Nov 10 14:46:34 2020]
rule mpmat_filter:
    input: ../mpmat/293T-bat_test_rep1_hg38.select.C2T.mpmat
    output: ../mpmat_filter/293T-bat_test_rep1_hg38.filtered_SMN-4_SCN-10_SMR-0.1_RPN-2_RTN-3.C2T.mpmat
    jobid: 3
    reason: Missing output files: ../mpmat_filter/293T-bat_test_rep1_hg38.filtered_SMN-4_SCN-10_SMR-0.1_RPN-2_RTN-3.C2T.mpmat
    wildcards: sample=test, rep=rep1, SMN=4, SCN=10, SMR=0.1, RPN=2, RTN=3, ac=C, bd=T


        /home/zhaohuanan/miniconda3/envs/snakepipes_detect-seq_fastq_bam_plot/bin/python ./program/mpmat-select-V02.py         -i ../mpmat/293T-bat_test_rep1_hg38.select.C2T.mpmat -o ../mpmat_filter/293T-bat_test_rep1_hg38.filtered_SMN-4_SCN-10_SMR-0.1_RPN-2_RTN-3.C2T.mpmat         -f C -t T         --SiteMutNum 4         --SiteCoverNum 10         --SiteMutRatio 0.1         --RegionPassNum 2         --RegionToleranceNum 3         --InHeader False         --OutHeader False
        

[Tue Nov 10 14:46:34 2020]
rule mpmat_filter:
    input: ../mpmat/293T-bat_GBEmini-dU-RNF2-All-PD_rep1_hg38.select.G2A.mpmat
    output: ../mpmat_filter/293T-bat_GBEmini-dU-RNF2-All-PD_rep1_hg38.filtered_SMN-4_SCN-10_SMR-0.1_RPN-2_RTN-3.G2A.mpmat
    jobid: 5
    reason: Missing output files: ../mpmat_filter/293T-bat_GBEmini-dU-RNF2-All-PD_rep1_hg38.filtered_SMN-4_SCN-10_SMR-0.1_RPN-2_RTN-3.G2A.mpmat
    wildcards: sample=GBEmini-dU-RNF2-All-PD, rep=rep1, SMN=4, SCN=10, SMR=0.1, RPN=2, RTN=3, ac=G, bd=A


        /home/zhaohuanan/miniconda3/envs/snakepipes_detect-seq_fastq_bam_plot/bin/python ./program/mpmat-select-V02.py         -i ../mpmat/293T-bat_GBEmini-dU-RNF2-All-PD_rep1_hg38.select.G2A.mpmat -o ../mpmat_filter/293T-bat_GBEmini-dU-RNF2-All-PD_rep1_hg38.filtered_SMN-4_SCN-10_SMR-0.1_RPN-2_RTN-3.G2A.mpmat         -f G -t A         --SiteMutNum 4         --SiteCoverNum 10         --SiteMutRatio 0.1         --RegionPassNum 2         --RegionToleranceNum 3         --InHeader False         --OutHeader False
        

[Tue Nov 10 14:46:34 2020]
rule mpmat_filter:
    input: ../mpmat/293T-bat_GBEmini-dU-RNF2-All-PD_rep1_hg38.select.C2T.mpmat
    output: ../mpmat_filter/293T-bat_GBEmini-dU-RNF2-All-PD_rep1_hg38.filtered_SMN-4_SCN-10_SMR-0.1_RPN-2_RTN-3.C2T.mpmat
    jobid: 2
    reason: Missing output files: ../mpmat_filter/293T-bat_GBEmini-dU-RNF2-All-PD_rep1_hg38.filtered_SMN-4_SCN-10_SMR-0.1_RPN-2_RTN-3.C2T.mpmat
    wildcards: sample=GBEmini-dU-RNF2-All-PD, rep=rep1, SMN=4, SCN=10, SMR=0.1, RPN=2, RTN=3, ac=C, bd=T


        /home/zhaohuanan/miniconda3/envs/snakepipes_detect-seq_fastq_bam_plot/bin/python ./program/mpmat-select-V02.py         -i ../mpmat/293T-bat_GBEmini-dU-RNF2-All-PD_rep1_hg38.select.C2T.mpmat -o ../mpmat_filter/293T-bat_GBEmini-dU-RNF2-All-PD_rep1_hg38.filtered_SMN-4_SCN-10_SMR-0.1_RPN-2_RTN-3.C2T.mpmat         -f C -t T         --SiteMutNum 4         --SiteCoverNum 10         --SiteMutRatio 0.1         --RegionPassNum 2         --RegionToleranceNum 3         --InHeader False         --OutHeader False
        

[Tue Nov 10 14:46:34 2020]
rule mpmat_filter:
    input: ../mpmat/293T-bat_GBEmini-AP-RNF2-All-PD_rep1_hg38.select.G2A.mpmat
    output: ../mpmat_filter/293T-bat_GBEmini-AP-RNF2-All-PD_rep1_hg38.filtered_SMN-4_SCN-10_SMR-0.1_RPN-2_RTN-3.G2A.mpmat
    jobid: 4
    reason: Missing output files: ../mpmat_filter/293T-bat_GBEmini-AP-RNF2-All-PD_rep1_hg38.filtered_SMN-4_SCN-10_SMR-0.1_RPN-2_RTN-3.G2A.mpmat
    wildcards: sample=GBEmini-AP-RNF2-All-PD, rep=rep1, SMN=4, SCN=10, SMR=0.1, RPN=2, RTN=3, ac=G, bd=A


        /home/zhaohuanan/miniconda3/envs/snakepipes_detect-seq_fastq_bam_plot/bin/python ./program/mpmat-select-V02.py         -i ../mpmat/293T-bat_GBEmini-AP-RNF2-All-PD_rep1_hg38.select.G2A.mpmat -o ../mpmat_filter/293T-bat_GBEmini-AP-RNF2-All-PD_rep1_hg38.filtered_SMN-4_SCN-10_SMR-0.1_RPN-2_RTN-3.G2A.mpmat         -f G -t A         --SiteMutNum 4         --SiteCoverNum 10         --SiteMutRatio 0.1         --RegionPassNum 2         --RegionToleranceNum 3         --InHeader False         --OutHeader False
        

[Tue Nov 10 14:46:34 2020]
rule mpmat_filter:
    input: ../mpmat/293T-bat_test_rep1_hg38.select.G2A.mpmat
    output: ../mpmat_filter/293T-bat_test_rep1_hg38.filtered_SMN-4_SCN-10_SMR-0.1_RPN-2_RTN-3.G2A.mpmat
    jobid: 6
    reason: Missing output files: ../mpmat_filter/293T-bat_test_rep1_hg38.filtered_SMN-4_SCN-10_SMR-0.1_RPN-2_RTN-3.G2A.mpmat
    wildcards: sample=test, rep=rep1, SMN=4, SCN=10, SMR=0.1, RPN=2, RTN=3, ac=G, bd=A


        /home/zhaohuanan/miniconda3/envs/snakepipes_detect-seq_fastq_bam_plot/bin/python ./program/mpmat-select-V02.py         -i ../mpmat/293T-bat_test_rep1_hg38.select.G2A.mpmat -o ../mpmat_filter/293T-bat_test_rep1_hg38.filtered_SMN-4_SCN-10_SMR-0.1_RPN-2_RTN-3.G2A.mpmat         -f G -t A         --SiteMutNum 4         --SiteCoverNum 10         --SiteMutRatio 0.1         --RegionPassNum 2         --RegionToleranceNum 3         --InHeader False         --OutHeader False
        
[Tue Nov 10 14:46:49 2020]
Finished job 3.
1 of 7 steps (14%) done
[Tue Nov 10 14:46:49 2020]
Finished job 6.
2 of 7 steps (29%) done
[Tue Nov 10 14:50:46 2020]
Finished job 2.
3 of 7 steps (43%) done
[Tue Nov 10 14:50:50 2020]
Finished job 5.
4 of 7 steps (57%) done
[Tue Nov 10 14:53:46 2020]
Finished job 1.
5 of 7 steps (71%) done
[Tue Nov 10 14:53:59 2020]
Finished job 4.
6 of 7 steps (86%) done

[Tue Nov 10 14:53:59 2020]
localrule all:
    input: ../mpmat/293T-bat_GBEmini-AP-RNF2-All-PD_rep1_hg38.select.C2T.mpmat, ../mpmat/293T-bat_GBEmini-dU-RNF2-All-PD_rep1_hg38.select.C2T.mpmat, ../mpmat/293T-bat_test_rep1_hg38.select.C2T.mpmat, ../mpmat/293T-bat_GBEmini-AP-RNF2-All-PD_rep1_hg38.select.G2A.mpmat, ../mpmat/293T-bat_GBEmini-dU-RNF2-All-PD_rep1_hg38.select.G2A.mpmat, ../mpmat/293T-bat_test_rep1_hg38.select.G2A.mpmat, ../mpmat_filter/293T-bat_GBEmini-AP-RNF2-All-PD_rep1_hg38.filtered_SMN-4_SCN-10_SMR-0.1_RPN-2_RTN-3.C2T.mpmat, ../mpmat_filter/293T-bat_GBEmini-dU-RNF2-All-PD_rep1_hg38.filtered_SMN-4_SCN-10_SMR-0.1_RPN-2_RTN-3.C2T.mpmat, ../mpmat_filter/293T-bat_test_rep1_hg38.filtered_SMN-4_SCN-10_SMR-0.1_RPN-2_RTN-3.C2T.mpmat, ../mpmat_filter/293T-bat_GBEmini-AP-RNF2-All-PD_rep1_hg38.filtered_SMN-4_SCN-10_SMR-0.1_RPN-2_RTN-3.G2A.mpmat, ../mpmat_filter/293T-bat_GBEmini-dU-RNF2-All-PD_rep1_hg38.filtered_SMN-4_SCN-10_SMR-0.1_RPN-2_RTN-3.G2A.mpmat, ../mpmat_filter/293T-bat_test_rep1_hg38.filtered_SMN-4_SCN-10_SMR-0.1_RPN-2_RTN-3.G2A.mpmat
    jobid: 0
    reason: Input files updated by another job: ../mpmat_filter/293T-bat_GBEmini-dU-RNF2-All-PD_rep1_hg38.filtered_SMN-4_SCN-10_SMR-0.1_RPN-2_RTN-3.G2A.mpmat, ../mpmat_filter/293T-bat_GBEmini-dU-RNF2-All-PD_rep1_hg38.filtered_SMN-4_SCN-10_SMR-0.1_RPN-2_RTN-3.C2T.mpmat, ../mpmat_filter/293T-bat_test_rep1_hg38.filtered_SMN-4_SCN-10_SMR-0.1_RPN-2_RTN-3.G2A.mpmat, ../mpmat_filter/293T-bat_GBEmini-AP-RNF2-All-PD_rep1_hg38.filtered_SMN-4_SCN-10_SMR-0.1_RPN-2_RTN-3.G2A.mpmat, ../mpmat_filter/293T-bat_GBEmini-AP-RNF2-All-PD_rep1_hg38.filtered_SMN-4_SCN-10_SMR-0.1_RPN-2_RTN-3.C2T.mpmat, ../mpmat_filter/293T-bat_test_rep1_hg38.filtered_SMN-4_SCN-10_SMR-0.1_RPN-2_RTN-3.C2T.mpmat

[Tue Nov 10 14:53:59 2020]
Finished job 0.
7 of 7 steps (100%) done
Complete log: /gpfs/user/zhaohuanan/3.project/20.2020-11_1109_GBE_DETECT-Seq_old_protocol/snakepipes_detect-seq_fastq_bam_plot/.snakemake/log/2020-11-10T144633.914549.snakemake.log
