Building DAG of jobs...
Using shell: /usr/bin/bash
Provided cores: 24
Rules claiming more threads will be scaled down.
Job counts:
	count	jobs
	1	all
	4	art_plot
	5

[Thu Oct  1 17:16:31 2020]
rule art_plot:
    input: ../mpmat_merge_Sign/293T-bat_TREAT-VEGFA-sgRNADel-PD_CTRL-VEGFA-Vector-PD_rep2_hg38.filtered.C2T_merge_G2A.sort.Sign_poisson.art
    output: ../plot_art/293T-bat_TREAT-VEGFA-sgRNADel-PD_CTRL-VEGFA-Vector-PD_rep2_hg38.filtered.C2T_merge_G2A.sort.Sign_poisson.art_plot.pdf
    jobid: 20
    reason: Missing output files: ../plot_art/293T-bat_TREAT-VEGFA-sgRNADel-PD_CTRL-VEGFA-Vector-PD_rep2_hg38.filtered.C2T_merge_G2A.sort.Sign_poisson.art_plot.pdf
    wildcards: treat=VEGFA-sgRNADel-PD, ctrl=VEGFA-Vector-PD, rep=rep2, a=C, b=T, c=G, d=A


        /home/zhaohuanan/miniconda3/envs/snakepipes_detect-seq_fastq_bam_plot/bin/python ./program/plot-art-V01.py         -i ../mpmat_merge_Sign/293T-bat_TREAT-VEGFA-sgRNADel-PD_CTRL-VEGFA-Vector-PD_rep2_hg38.filtered.C2T_merge_G2A.sort.Sign_poisson.art         --sgRNA GACCCCCTCCACCCCGCCTCCGG         -o ../plot_art/293T-bat_TREAT-VEGFA-sgRNADel-PD_CTRL-VEGFA-Vector-PD_rep2_hg38.filtered.C2T_merge_G2A.sort.Sign_poisson.art_plot.pdf
        

[Thu Oct  1 17:16:31 2020]
rule art_plot:
    input: ../mpmat_merge_Sign/293T-bat_TREAT-VEGFA-All-PD_CTRL-VEGFA-Vector-PD_rep1_hg38.filtered.C2T_merge_G2A.sort.Sign_poisson.art
    output: ../plot_art/293T-bat_TREAT-VEGFA-All-PD_CTRL-VEGFA-Vector-PD_rep1_hg38.filtered.C2T_merge_G2A.sort.Sign_poisson.art_plot.pdf
    jobid: 17
    reason: Missing output files: ../plot_art/293T-bat_TREAT-VEGFA-All-PD_CTRL-VEGFA-Vector-PD_rep1_hg38.filtered.C2T_merge_G2A.sort.Sign_poisson.art_plot.pdf
    wildcards: treat=VEGFA-All-PD, ctrl=VEGFA-Vector-PD, rep=rep1, a=C, b=T, c=G, d=A


        /home/zhaohuanan/miniconda3/envs/snakepipes_detect-seq_fastq_bam_plot/bin/python ./program/plot-art-V01.py         -i ../mpmat_merge_Sign/293T-bat_TREAT-VEGFA-All-PD_CTRL-VEGFA-Vector-PD_rep1_hg38.filtered.C2T_merge_G2A.sort.Sign_poisson.art         --sgRNA GACCCCCTCCACCCCGCCTCCGG         -o ../plot_art/293T-bat_TREAT-VEGFA-All-PD_CTRL-VEGFA-Vector-PD_rep1_hg38.filtered.C2T_merge_G2A.sort.Sign_poisson.art_plot.pdf
        

[Thu Oct  1 17:16:31 2020]
rule art_plot:
    input: ../mpmat_merge_Sign/293T-bat_TREAT-VEGFA-All-PD_CTRL-VEGFA-Vector-PD_rep2_hg38.filtered.C2T_merge_G2A.sort.Sign_poisson.art
    output: ../plot_art/293T-bat_TREAT-VEGFA-All-PD_CTRL-VEGFA-Vector-PD_rep2_hg38.filtered.C2T_merge_G2A.sort.Sign_poisson.art_plot.pdf
    jobid: 18
    reason: Missing output files: ../plot_art/293T-bat_TREAT-VEGFA-All-PD_CTRL-VEGFA-Vector-PD_rep2_hg38.filtered.C2T_merge_G2A.sort.Sign_poisson.art_plot.pdf
    wildcards: treat=VEGFA-All-PD, ctrl=VEGFA-Vector-PD, rep=rep2, a=C, b=T, c=G, d=A


        /home/zhaohuanan/miniconda3/envs/snakepipes_detect-seq_fastq_bam_plot/bin/python ./program/plot-art-V01.py         -i ../mpmat_merge_Sign/293T-bat_TREAT-VEGFA-All-PD_CTRL-VEGFA-Vector-PD_rep2_hg38.filtered.C2T_merge_G2A.sort.Sign_poisson.art         --sgRNA GACCCCCTCCACCCCGCCTCCGG         -o ../plot_art/293T-bat_TREAT-VEGFA-All-PD_CTRL-VEGFA-Vector-PD_rep2_hg38.filtered.C2T_merge_G2A.sort.Sign_poisson.art_plot.pdf
        

[Thu Oct  1 17:16:31 2020]
rule art_plot:
    input: ../mpmat_merge_Sign/293T-bat_TREAT-VEGFA-sgRNADel-PD_CTRL-VEGFA-Vector-PD_rep1_hg38.filtered.C2T_merge_G2A.sort.Sign_poisson.art
    output: ../plot_art/293T-bat_TREAT-VEGFA-sgRNADel-PD_CTRL-VEGFA-Vector-PD_rep1_hg38.filtered.C2T_merge_G2A.sort.Sign_poisson.art_plot.pdf
    jobid: 19
    reason: Missing output files: ../plot_art/293T-bat_TREAT-VEGFA-sgRNADel-PD_CTRL-VEGFA-Vector-PD_rep1_hg38.filtered.C2T_merge_G2A.sort.Sign_poisson.art_plot.pdf
    wildcards: treat=VEGFA-sgRNADel-PD, ctrl=VEGFA-Vector-PD, rep=rep1, a=C, b=T, c=G, d=A


        /home/zhaohuanan/miniconda3/envs/snakepipes_detect-seq_fastq_bam_plot/bin/python ./program/plot-art-V01.py         -i ../mpmat_merge_Sign/293T-bat_TREAT-VEGFA-sgRNADel-PD_CTRL-VEGFA-Vector-PD_rep1_hg38.filtered.C2T_merge_G2A.sort.Sign_poisson.art         --sgRNA GACCCCCTCCACCCCGCCTCCGG         -o ../plot_art/293T-bat_TREAT-VEGFA-sgRNADel-PD_CTRL-VEGFA-Vector-PD_rep1_hg38.filtered.C2T_merge_G2A.sort.Sign_poisson.art_plot.pdf
        
[Thu Oct  1 17:34:09 2020]
Finished job 19.
1 of 5 steps (20%) done
[Thu Oct  1 17:35:21 2020]
Finished job 20.
2 of 5 steps (40%) done
[Thu Oct  1 17:45:09 2020]
Finished job 18.
3 of 5 steps (60%) done
[Thu Oct  1 18:27:11 2020]
Finished job 17.
4 of 5 steps (80%) done

[Thu Oct  1 18:27:11 2020]
localrule all:
    input: ../mpmat_merge/293T-bat_VEGFA-All-PD_rep1_hg38.filtered.C2T_merge_G2A.sort.mpmat, ../mpmat_merge/293T-bat_VEGFA-All-PD_rep2_hg38.filtered.C2T_merge_G2A.sort.mpmat, ../mpmat_merge/293T-bat_VEGFA-sgRNADel-PD_rep1_hg38.filtered.C2T_merge_G2A.sort.mpmat, ../mpmat_merge/293T-bat_VEGFA-sgRNADel-PD_rep2_hg38.filtered.C2T_merge_G2A.sort.mpmat, ../bam/293T-bat_VEGFA-Vector-PD_rep1_hg38.MAPQ20.bam, ../bam/293T-bat_VEGFA-Vector-PD_rep2_hg38.MAPQ20.bam, ../bam/293T-bat_VEGFA-All-PD_rep1_hg38.MAPQ20.bam, ../bam/293T-bat_VEGFA-All-PD_rep2_hg38.MAPQ20.bam, ../bam/293T-bat_VEGFA-sgRNADel-PD_rep1_hg38.MAPQ20.bam, ../bam/293T-bat_VEGFA-sgRNADel-PD_rep2_hg38.MAPQ20.bam, ../json/293T-bat_VEGFA-Vector-PD_rep1_hg38.MAPQ20.background.json, ../json/293T-bat_VEGFA-Vector-PD_rep2_hg38.MAPQ20.background.json, ../json/293T-bat_VEGFA-All-PD_rep1_hg38.MAPQ20.background.json, ../json/293T-bat_VEGFA-All-PD_rep2_hg38.MAPQ20.background.json, ../json/293T-bat_VEGFA-sgRNADel-PD_rep1_hg38.MAPQ20.background.json, ../json/293T-bat_VEGFA-sgRNADel-PD_rep2_hg38.MAPQ20.background.json, ../table/detect_seq.StatsTest.table_CTRL-VEGFA-Vector-PD_TREAT-VEGFA-All-PD_rep1.filtered.C2T_merge_G2A.tsv, ../table/detect_seq.StatsTest.table_CTRL-VEGFA-Vector-PD_TREAT-VEGFA-All-PD_rep2.filtered.C2T_merge_G2A.tsv, ../table/detect_seq.StatsTest.table_CTRL-VEGFA-Vector-PD_TREAT-VEGFA-sgRNADel-PD_rep1.filtered.C2T_merge_G2A.tsv, ../table/detect_seq.StatsTest.table_CTRL-VEGFA-Vector-PD_TREAT-VEGFA-sgRNADel-PD_rep2.filtered.C2T_merge_G2A.tsv, ../table/detect_seq.StatsTest.table_CTRL-VEGFA-Vector-PD_TREAT-VEGFA-All-PD_rep1.filtered.C2T_merge_G2A_noHeader.tsv, ../table/detect_seq.StatsTest.table_CTRL-VEGFA-Vector-PD_TREAT-VEGFA-All-PD_rep2.filtered.C2T_merge_G2A_noHeader.tsv, ../table/detect_seq.StatsTest.table_CTRL-VEGFA-Vector-PD_TREAT-VEGFA-sgRNADel-PD_rep1.filtered.C2T_merge_G2A_noHeader.tsv, ../table/detect_seq.StatsTest.table_CTRL-VEGFA-Vector-PD_TREAT-VEGFA-sgRNADel-PD_rep2.filtered.C2T_merge_G2A_noHeader.tsv, ../mpmat_merge_Sign/293T-bat_TREAT-VEGFA-All-PD_CTRL-VEGFA-Vector-PD_rep1_hg38.filtered.C2T_merge_G2A.sort.Sign_poisson.mpmat, ../mpmat_merge_Sign/293T-bat_TREAT-VEGFA-All-PD_CTRL-VEGFA-Vector-PD_rep2_hg38.filtered.C2T_merge_G2A.sort.Sign_poisson.mpmat, ../mpmat_merge_Sign/293T-bat_TREAT-VEGFA-sgRNADel-PD_CTRL-VEGFA-Vector-PD_rep1_hg38.filtered.C2T_merge_G2A.sort.Sign_poisson.mpmat, ../mpmat_merge_Sign/293T-bat_TREAT-VEGFA-sgRNADel-PD_CTRL-VEGFA-Vector-PD_rep2_hg38.filtered.C2T_merge_G2A.sort.Sign_poisson.mpmat, ../mpmat_merge_Sign/293T-bat_TREAT-VEGFA-All-PD_CTRL-VEGFA-Vector-PD_rep1_hg38.filtered.C2T_merge_G2A.sort.Sign_poisson.art, ../mpmat_merge_Sign/293T-bat_TREAT-VEGFA-All-PD_CTRL-VEGFA-Vector-PD_rep2_hg38.filtered.C2T_merge_G2A.sort.Sign_poisson.art, ../mpmat_merge_Sign/293T-bat_TREAT-VEGFA-sgRNADel-PD_CTRL-VEGFA-Vector-PD_rep1_hg38.filtered.C2T_merge_G2A.sort.Sign_poisson.art, ../mpmat_merge_Sign/293T-bat_TREAT-VEGFA-sgRNADel-PD_CTRL-VEGFA-Vector-PD_rep2_hg38.filtered.C2T_merge_G2A.sort.Sign_poisson.art, ../plot_art/293T-bat_TREAT-VEGFA-All-PD_CTRL-VEGFA-Vector-PD_rep1_hg38.filtered.C2T_merge_G2A.sort.Sign_poisson.art_plot.pdf, ../plot_art/293T-bat_TREAT-VEGFA-All-PD_CTRL-VEGFA-Vector-PD_rep2_hg38.filtered.C2T_merge_G2A.sort.Sign_poisson.art_plot.pdf, ../plot_art/293T-bat_TREAT-VEGFA-sgRNADel-PD_CTRL-VEGFA-Vector-PD_rep1_hg38.filtered.C2T_merge_G2A.sort.Sign_poisson.art_plot.pdf, ../plot_art/293T-bat_TREAT-VEGFA-sgRNADel-PD_CTRL-VEGFA-Vector-PD_rep2_hg38.filtered.C2T_merge_G2A.sort.Sign_poisson.art_plot.pdf
    jobid: 0
    reason: Input files updated by another job: ../plot_art/293T-bat_TREAT-VEGFA-sgRNADel-PD_CTRL-VEGFA-Vector-PD_rep2_hg38.filtered.C2T_merge_G2A.sort.Sign_poisson.art_plot.pdf, ../plot_art/293T-bat_TREAT-VEGFA-All-PD_CTRL-VEGFA-Vector-PD_rep1_hg38.filtered.C2T_merge_G2A.sort.Sign_poisson.art_plot.pdf, ../plot_art/293T-bat_TREAT-VEGFA-All-PD_CTRL-VEGFA-Vector-PD_rep2_hg38.filtered.C2T_merge_G2A.sort.Sign_poisson.art_plot.pdf, ../plot_art/293T-bat_TREAT-VEGFA-sgRNADel-PD_CTRL-VEGFA-Vector-PD_rep1_hg38.filtered.C2T_merge_G2A.sort.Sign_poisson.art_plot.pdf

[Thu Oct  1 18:27:11 2020]
Finished job 0.
5 of 5 steps (100%) done
Complete log: /gpfs/user/zhaohuanan/3.project/10.2020-09_0923_Practice_for_detect-seq-data/snakepipes_detect-seq_fastq_bam_plot/.snakemake/log/2020-10-01T171631.011589.snakemake.log
