Building DAG of jobs...
Using shell: /usr/bin/bash
Provided cores: 24
Rules claiming more threads will be scaled down.
Job counts:
	count	jobs
	1	all
	10	bmat2pmat
	24	pmat_merge
	10	select_base_info
	45

[Fri Sep 25 20:33:37 2020]
rule select_base_info:
    input: ../mpileup_pmat_bmat/293T-bat_VEGFA-sgRNADel-PD_rep2_hg38.MAPQ20.bmat
    output: ../mpileup_pmat_bmat/293T-bat_VEGFA-sgRNADel-PD_rep2_hg38.MAPQ20.select.G.bmat
    jobid: 24
    reason: Missing output files: ../mpileup_pmat_bmat/293T-bat_VEGFA-sgRNADel-PD_rep2_hg38.MAPQ20.select.G.bmat
    wildcards: sample=VEGFA-sgRNADel-PD, rep=rep2, from_base=G


        awk '$3 == "G" {print $0}' ../mpileup_pmat_bmat/293T-bat_VEGFA-sgRNADel-PD_rep2_hg38.MAPQ20.bmat > ../mpileup_pmat_bmat/293T-bat_VEGFA-sgRNADel-PD_rep2_hg38.MAPQ20.select.G.bmat
        

[Fri Sep 25 20:33:37 2020]
rule pmat_merge:
    input: ../mpileup_pmat_bmat/293T-bat_VEGFA-Vector-PD_rep2_hg38.MAPQ20.select.G.pmat
    output: ../mpileup_pmat_bmat/293T-bat_VEGFA-Vector-PD_rep2_hg38.MAPQ20.select.G2A.mpmat
    log: ../mpileup_pmat_bmat/293T-bat_VEGFA-Vector-PD_rep2_hg38.MAPQ20.select.G2A.mpmat.log
    jobid: 52
    reason: Missing output files: ../mpileup_pmat_bmat/293T-bat_VEGFA-Vector-PD_rep2_hg38.MAPQ20.select.G2A.mpmat
    wildcards: sample=VEGFA-Vector-PD, rep=rep2, from_base=G, to_base=A


        /home/zhaohuanan/miniconda3/envs/snakepipes_detect-seq_fastq_bam_plot/bin/python ./program/pmat-merge-V04.py         -f G         -t G         -r /home/zhaohuanan/zhaohn_HD/2.database/fasta_hg38/hg38_only_chromosome.fa         --OutHeader False         -i ../mpileup_pmat_bmat/293T-bat_VEGFA-Vector-PD_rep2_hg38.MAPQ20.select.G.pmat         -o ../mpileup_pmat_bmat/293T-bat_VEGFA-Vector-PD_rep2_hg38.MAPQ20.select.G2A.mpmat         -d 50 -D 100 --NoMutNumCutoff 2 --OmitTandemNumCutoff 2 --SNP SNP_info.vcf 2>../mpileup_pmat_bmat/293T-bat_VEGFA-Vector-PD_rep2_hg38.MAPQ20.select.G2A.mpmat.log
        

[Fri Sep 25 20:33:37 2020]
rule select_base_info:
    input: ../mpileup_pmat_bmat/293T-bat_VEGFA-All-PD_rep1_hg38.MAPQ20.bmat
    output: ../mpileup_pmat_bmat/293T-bat_VEGFA-All-PD_rep1_hg38.MAPQ20.select.C.bmat
    jobid: 13
    reason: Missing output files: ../mpileup_pmat_bmat/293T-bat_VEGFA-All-PD_rep1_hg38.MAPQ20.select.C.bmat
    wildcards: sample=VEGFA-All-PD, rep=rep1, from_base=C


        awk '$3 == "C" {print $0}' ../mpileup_pmat_bmat/293T-bat_VEGFA-All-PD_rep1_hg38.MAPQ20.bmat > ../mpileup_pmat_bmat/293T-bat_VEGFA-All-PD_rep1_hg38.MAPQ20.select.C.bmat
        

[Fri Sep 25 20:33:37 2020]
rule select_base_info:
    input: ../mpileup_pmat_bmat/293T-bat_VEGFA-All-PD_rep2_hg38.MAPQ20.bmat
    output: ../mpileup_pmat_bmat/293T-bat_VEGFA-All-PD_rep2_hg38.MAPQ20.select.C.bmat
    jobid: 15
    reason: Missing output files: ../mpileup_pmat_bmat/293T-bat_VEGFA-All-PD_rep2_hg38.MAPQ20.select.C.bmat
    wildcards: sample=VEGFA-All-PD, rep=rep2, from_base=C


        awk '$3 == "C" {print $0}' ../mpileup_pmat_bmat/293T-bat_VEGFA-All-PD_rep2_hg38.MAPQ20.bmat > ../mpileup_pmat_bmat/293T-bat_VEGFA-All-PD_rep2_hg38.MAPQ20.select.C.bmat
        

[Fri Sep 25 20:33:37 2020]
rule select_base_info:
    input: ../mpileup_pmat_bmat/293T-bat_VEGFA-Vector-PD_rep1_hg38.MAPQ20.bmat
    output: ../mpileup_pmat_bmat/293T-bat_VEGFA-Vector-PD_rep1_hg38.MAPQ20.select.C.bmat
    jobid: 17
    reason: Missing output files: ../mpileup_pmat_bmat/293T-bat_VEGFA-Vector-PD_rep1_hg38.MAPQ20.select.C.bmat
    wildcards: sample=VEGFA-Vector-PD, rep=rep1, from_base=C


        awk '$3 == "C" {print $0}' ../mpileup_pmat_bmat/293T-bat_VEGFA-Vector-PD_rep1_hg38.MAPQ20.bmat > ../mpileup_pmat_bmat/293T-bat_VEGFA-Vector-PD_rep1_hg38.MAPQ20.select.C.bmat
        

[Fri Sep 25 20:33:37 2020]
rule select_base_info:
    input: ../mpileup_pmat_bmat/293T-bat_VEGFA-sgRNADel-PD_rep1_hg38.MAPQ20.bmat
    output: ../mpileup_pmat_bmat/293T-bat_VEGFA-sgRNADel-PD_rep1_hg38.MAPQ20.select.C.bmat
    jobid: 21
    reason: Missing output files: ../mpileup_pmat_bmat/293T-bat_VEGFA-sgRNADel-PD_rep1_hg38.MAPQ20.select.C.bmat
    wildcards: sample=VEGFA-sgRNADel-PD, rep=rep1, from_base=C


        awk '$3 == "C" {print $0}' ../mpileup_pmat_bmat/293T-bat_VEGFA-sgRNADel-PD_rep1_hg38.MAPQ20.bmat > ../mpileup_pmat_bmat/293T-bat_VEGFA-sgRNADel-PD_rep1_hg38.MAPQ20.select.C.bmat
        

[Fri Sep 25 20:33:37 2020]
rule pmat_merge:
    input: ../mpileup_pmat_bmat/293T-bat_VEGFA-Vector-PD_rep2_hg38.MAPQ20.select.C.pmat
    output: ../mpileup_pmat_bmat/293T-bat_VEGFA-Vector-PD_rep2_hg38.MAPQ20.select.C2T.mpmat
    log: ../mpileup_pmat_bmat/293T-bat_VEGFA-Vector-PD_rep2_hg38.MAPQ20.select.C2T.mpmat.log
    jobid: 49
    reason: Missing output files: ../mpileup_pmat_bmat/293T-bat_VEGFA-Vector-PD_rep2_hg38.MAPQ20.select.C2T.mpmat
    wildcards: sample=VEGFA-Vector-PD, rep=rep2, from_base=C, to_base=T


        /home/zhaohuanan/miniconda3/envs/snakepipes_detect-seq_fastq_bam_plot/bin/python ./program/pmat-merge-V04.py         -f C         -t C         -r /home/zhaohuanan/zhaohn_HD/2.database/fasta_hg38/hg38_only_chromosome.fa         --OutHeader False         -i ../mpileup_pmat_bmat/293T-bat_VEGFA-Vector-PD_rep2_hg38.MAPQ20.select.C.pmat         -o ../mpileup_pmat_bmat/293T-bat_VEGFA-Vector-PD_rep2_hg38.MAPQ20.select.C2T.mpmat         -d 50 -D 100 --NoMutNumCutoff 2 --OmitTandemNumCutoff 2 --SNP SNP_info.vcf 2>../mpileup_pmat_bmat/293T-bat_VEGFA-Vector-PD_rep2_hg38.MAPQ20.select.C2T.mpmat.log
        

[Fri Sep 25 20:33:37 2020]
rule select_base_info:
    input: ../mpileup_pmat_bmat/293T-bat_VEGFA-sgRNADel-PD_rep2_hg38.MAPQ20.bmat
    output: ../mpileup_pmat_bmat/293T-bat_VEGFA-sgRNADel-PD_rep2_hg38.MAPQ20.select.C.bmat
    jobid: 23
    reason: Missing output files: ../mpileup_pmat_bmat/293T-bat_VEGFA-sgRNADel-PD_rep2_hg38.MAPQ20.select.C.bmat
    wildcards: sample=VEGFA-sgRNADel-PD, rep=rep2, from_base=C


        awk '$3 == "C" {print $0}' ../mpileup_pmat_bmat/293T-bat_VEGFA-sgRNADel-PD_rep2_hg38.MAPQ20.bmat > ../mpileup_pmat_bmat/293T-bat_VEGFA-sgRNADel-PD_rep2_hg38.MAPQ20.select.C.bmat
        

[Fri Sep 25 20:33:37 2020]
rule pmat_merge:
    input: ../mpileup_pmat_bmat/293T-bat_VEGFA-Vector-PD_rep2_hg38.MAPQ20.select.G.pmat
    output: ../mpileup_pmat_bmat/293T-bat_VEGFA-Vector-PD_rep2_hg38.MAPQ20.select.G2T.mpmat
    log: ../mpileup_pmat_bmat/293T-bat_VEGFA-Vector-PD_rep2_hg38.MAPQ20.select.G2T.mpmat.log
    jobid: 51
    reason: Missing output files: ../mpileup_pmat_bmat/293T-bat_VEGFA-Vector-PD_rep2_hg38.MAPQ20.select.G2T.mpmat
    wildcards: sample=VEGFA-Vector-PD, rep=rep2, from_base=G, to_base=T


        /home/zhaohuanan/miniconda3/envs/snakepipes_detect-seq_fastq_bam_plot/bin/python ./program/pmat-merge-V04.py         -f G         -t G         -r /home/zhaohuanan/zhaohn_HD/2.database/fasta_hg38/hg38_only_chromosome.fa         --OutHeader False         -i ../mpileup_pmat_bmat/293T-bat_VEGFA-Vector-PD_rep2_hg38.MAPQ20.select.G.pmat         -o ../mpileup_pmat_bmat/293T-bat_VEGFA-Vector-PD_rep2_hg38.MAPQ20.select.G2T.mpmat         -d 50 -D 100 --NoMutNumCutoff 2 --OmitTandemNumCutoff 2 --SNP SNP_info.vcf 2>../mpileup_pmat_bmat/293T-bat_VEGFA-Vector-PD_rep2_hg38.MAPQ20.select.G2T.mpmat.log
        

[Fri Sep 25 20:33:37 2020]
rule select_base_info:
    input: ../mpileup_pmat_bmat/293T-bat_VEGFA-All-PD_rep1_hg38.MAPQ20.bmat
    output: ../mpileup_pmat_bmat/293T-bat_VEGFA-All-PD_rep1_hg38.MAPQ20.select.G.bmat
    jobid: 14
    reason: Missing output files: ../mpileup_pmat_bmat/293T-bat_VEGFA-All-PD_rep1_hg38.MAPQ20.select.G.bmat
    wildcards: sample=VEGFA-All-PD, rep=rep1, from_base=G


        awk '$3 == "G" {print $0}' ../mpileup_pmat_bmat/293T-bat_VEGFA-All-PD_rep1_hg38.MAPQ20.bmat > ../mpileup_pmat_bmat/293T-bat_VEGFA-All-PD_rep1_hg38.MAPQ20.select.G.bmat
        

[Fri Sep 25 20:33:37 2020]
rule select_base_info:
    input: ../mpileup_pmat_bmat/293T-bat_VEGFA-All-PD_rep2_hg38.MAPQ20.bmat
    output: ../mpileup_pmat_bmat/293T-bat_VEGFA-All-PD_rep2_hg38.MAPQ20.select.G.bmat
    jobid: 16
    reason: Missing output files: ../mpileup_pmat_bmat/293T-bat_VEGFA-All-PD_rep2_hg38.MAPQ20.select.G.bmat
    wildcards: sample=VEGFA-All-PD, rep=rep2, from_base=G


        awk '$3 == "G" {print $0}' ../mpileup_pmat_bmat/293T-bat_VEGFA-All-PD_rep2_hg38.MAPQ20.bmat > ../mpileup_pmat_bmat/293T-bat_VEGFA-All-PD_rep2_hg38.MAPQ20.select.G.bmat
        

[Fri Sep 25 20:33:37 2020]
rule select_base_info:
    input: ../mpileup_pmat_bmat/293T-bat_VEGFA-Vector-PD_rep1_hg38.MAPQ20.bmat
    output: ../mpileup_pmat_bmat/293T-bat_VEGFA-Vector-PD_rep1_hg38.MAPQ20.select.G.bmat
    jobid: 18
    reason: Missing output files: ../mpileup_pmat_bmat/293T-bat_VEGFA-Vector-PD_rep1_hg38.MAPQ20.select.G.bmat
    wildcards: sample=VEGFA-Vector-PD, rep=rep1, from_base=G


        awk '$3 == "G" {print $0}' ../mpileup_pmat_bmat/293T-bat_VEGFA-Vector-PD_rep1_hg38.MAPQ20.bmat > ../mpileup_pmat_bmat/293T-bat_VEGFA-Vector-PD_rep1_hg38.MAPQ20.select.G.bmat
        

[Fri Sep 25 20:33:37 2020]
rule pmat_merge:
    input: ../mpileup_pmat_bmat/293T-bat_VEGFA-Vector-PD_rep2_hg38.MAPQ20.select.C.pmat
    output: ../mpileup_pmat_bmat/293T-bat_VEGFA-Vector-PD_rep2_hg38.MAPQ20.select.C2A.mpmat
    log: ../mpileup_pmat_bmat/293T-bat_VEGFA-Vector-PD_rep2_hg38.MAPQ20.select.C2A.mpmat.log
    jobid: 50
    reason: Missing output files: ../mpileup_pmat_bmat/293T-bat_VEGFA-Vector-PD_rep2_hg38.MAPQ20.select.C2A.mpmat
    wildcards: sample=VEGFA-Vector-PD, rep=rep2, from_base=C, to_base=A


        /home/zhaohuanan/miniconda3/envs/snakepipes_detect-seq_fastq_bam_plot/bin/python ./program/pmat-merge-V04.py         -f C         -t C         -r /home/zhaohuanan/zhaohn_HD/2.database/fasta_hg38/hg38_only_chromosome.fa         --OutHeader False         -i ../mpileup_pmat_bmat/293T-bat_VEGFA-Vector-PD_rep2_hg38.MAPQ20.select.C.pmat         -o ../mpileup_pmat_bmat/293T-bat_VEGFA-Vector-PD_rep2_hg38.MAPQ20.select.C2A.mpmat         -d 50 -D 100 --NoMutNumCutoff 2 --OmitTandemNumCutoff 2 --SNP SNP_info.vcf 2>../mpileup_pmat_bmat/293T-bat_VEGFA-Vector-PD_rep2_hg38.MAPQ20.select.C2A.mpmat.log
        

[Fri Sep 25 20:33:37 2020]
rule select_base_info:
    input: ../mpileup_pmat_bmat/293T-bat_VEGFA-sgRNADel-PD_rep1_hg38.MAPQ20.bmat
    output: ../mpileup_pmat_bmat/293T-bat_VEGFA-sgRNADel-PD_rep1_hg38.MAPQ20.select.G.bmat
    jobid: 22
    reason: Missing output files: ../mpileup_pmat_bmat/293T-bat_VEGFA-sgRNADel-PD_rep1_hg38.MAPQ20.select.G.bmat
    wildcards: sample=VEGFA-sgRNADel-PD, rep=rep1, from_base=G


        awk '$3 == "G" {print $0}' ../mpileup_pmat_bmat/293T-bat_VEGFA-sgRNADel-PD_rep1_hg38.MAPQ20.bmat > ../mpileup_pmat_bmat/293T-bat_VEGFA-sgRNADel-PD_rep1_hg38.MAPQ20.select.G.bmat
        
[Fri Sep 25 20:33:37 2020]
Error in rule pmat_merge:
    jobid: 52
    output: ../mpileup_pmat_bmat/293T-bat_VEGFA-Vector-PD_rep2_hg38.MAPQ20.select.G2A.mpmat
    log: ../mpileup_pmat_bmat/293T-bat_VEGFA-Vector-PD_rep2_hg38.MAPQ20.select.G2A.mpmat.log (check log file(s) for error message)
    shell:
        
        /home/zhaohuanan/miniconda3/envs/snakepipes_detect-seq_fastq_bam_plot/bin/python ./program/pmat-merge-V04.py         -f G         -t G         -r /home/zhaohuanan/zhaohn_HD/2.database/fasta_hg38/hg38_only_chromosome.fa         --OutHeader False         -i ../mpileup_pmat_bmat/293T-bat_VEGFA-Vector-PD_rep2_hg38.MAPQ20.select.G.pmat         -o ../mpileup_pmat_bmat/293T-bat_VEGFA-Vector-PD_rep2_hg38.MAPQ20.select.G2A.mpmat         -d 50 -D 100 --NoMutNumCutoff 2 --OmitTandemNumCutoff 2 --SNP SNP_info.vcf 2>../mpileup_pmat_bmat/293T-bat_VEGFA-Vector-PD_rep2_hg38.MAPQ20.select.G2A.mpmat.log
        
        (one of the commands exited with non-zero exit code; note that snakemake uses bash strict mode!)

Removing output files of failed job pmat_merge since they might be corrupted:
../mpileup_pmat_bmat/293T-bat_VEGFA-Vector-PD_rep2_hg38.MAPQ20.select.G2A.mpmat
[Fri Sep 25 20:33:37 2020]
Error in rule pmat_merge:
    jobid: 49
    output: ../mpileup_pmat_bmat/293T-bat_VEGFA-Vector-PD_rep2_hg38.MAPQ20.select.C2T.mpmat
    log: ../mpileup_pmat_bmat/293T-bat_VEGFA-Vector-PD_rep2_hg38.MAPQ20.select.C2T.mpmat.log (check log file(s) for error message)
    shell:
        
        /home/zhaohuanan/miniconda3/envs/snakepipes_detect-seq_fastq_bam_plot/bin/python ./program/pmat-merge-V04.py         -f C         -t C         -r /home/zhaohuanan/zhaohn_HD/2.database/fasta_hg38/hg38_only_chromosome.fa         --OutHeader False         -i ../mpileup_pmat_bmat/293T-bat_VEGFA-Vector-PD_rep2_hg38.MAPQ20.select.C.pmat         -o ../mpileup_pmat_bmat/293T-bat_VEGFA-Vector-PD_rep2_hg38.MAPQ20.select.C2T.mpmat         -d 50 -D 100 --NoMutNumCutoff 2 --OmitTandemNumCutoff 2 --SNP SNP_info.vcf 2>../mpileup_pmat_bmat/293T-bat_VEGFA-Vector-PD_rep2_hg38.MAPQ20.select.C2T.mpmat.log
        
        (one of the commands exited with non-zero exit code; note that snakemake uses bash strict mode!)

Removing output files of failed job pmat_merge since they might be corrupted:
../mpileup_pmat_bmat/293T-bat_VEGFA-Vector-PD_rep2_hg38.MAPQ20.select.C2T.mpmat
[Fri Sep 25 20:33:37 2020]
Error in rule pmat_merge:
    jobid: 51
    output: ../mpileup_pmat_bmat/293T-bat_VEGFA-Vector-PD_rep2_hg38.MAPQ20.select.G2T.mpmat
    log: ../mpileup_pmat_bmat/293T-bat_VEGFA-Vector-PD_rep2_hg38.MAPQ20.select.G2T.mpmat.log (check log file(s) for error message)
    shell:
        
        /home/zhaohuanan/miniconda3/envs/snakepipes_detect-seq_fastq_bam_plot/bin/python ./program/pmat-merge-V04.py         -f G         -t G         -r /home/zhaohuanan/zhaohn_HD/2.database/fasta_hg38/hg38_only_chromosome.fa         --OutHeader False         -i ../mpileup_pmat_bmat/293T-bat_VEGFA-Vector-PD_rep2_hg38.MAPQ20.select.G.pmat         -o ../mpileup_pmat_bmat/293T-bat_VEGFA-Vector-PD_rep2_hg38.MAPQ20.select.G2T.mpmat         -d 50 -D 100 --NoMutNumCutoff 2 --OmitTandemNumCutoff 2 --SNP SNP_info.vcf 2>../mpileup_pmat_bmat/293T-bat_VEGFA-Vector-PD_rep2_hg38.MAPQ20.select.G2T.mpmat.log
        
        (one of the commands exited with non-zero exit code; note that snakemake uses bash strict mode!)

Removing output files of failed job pmat_merge since they might be corrupted:
../mpileup_pmat_bmat/293T-bat_VEGFA-Vector-PD_rep2_hg38.MAPQ20.select.G2T.mpmat
[Fri Sep 25 20:33:37 2020]
Error in rule pmat_merge:
    jobid: 50
    output: ../mpileup_pmat_bmat/293T-bat_VEGFA-Vector-PD_rep2_hg38.MAPQ20.select.C2A.mpmat
    log: ../mpileup_pmat_bmat/293T-bat_VEGFA-Vector-PD_rep2_hg38.MAPQ20.select.C2A.mpmat.log (check log file(s) for error message)
    shell:
        
        /home/zhaohuanan/miniconda3/envs/snakepipes_detect-seq_fastq_bam_plot/bin/python ./program/pmat-merge-V04.py         -f C         -t C         -r /home/zhaohuanan/zhaohn_HD/2.database/fasta_hg38/hg38_only_chromosome.fa         --OutHeader False         -i ../mpileup_pmat_bmat/293T-bat_VEGFA-Vector-PD_rep2_hg38.MAPQ20.select.C.pmat         -o ../mpileup_pmat_bmat/293T-bat_VEGFA-Vector-PD_rep2_hg38.MAPQ20.select.C2A.mpmat         -d 50 -D 100 --NoMutNumCutoff 2 --OmitTandemNumCutoff 2 --SNP SNP_info.vcf 2>../mpileup_pmat_bmat/293T-bat_VEGFA-Vector-PD_rep2_hg38.MAPQ20.select.C2A.mpmat.log
        
        (one of the commands exited with non-zero exit code; note that snakemake uses bash strict mode!)

Removing output files of failed job pmat_merge since they might be corrupted:
../mpileup_pmat_bmat/293T-bat_VEGFA-Vector-PD_rep2_hg38.MAPQ20.select.C2A.mpmat
Terminating processes on user request, this might take some time.
[Fri Sep 25 20:33:40 2020]
Error in rule select_base_info:
    jobid: 14
    output: ../mpileup_pmat_bmat/293T-bat_VEGFA-All-PD_rep1_hg38.MAPQ20.select.G.bmat
    shell:
        
        awk '$3 == "G" {print $0}' ../mpileup_pmat_bmat/293T-bat_VEGFA-All-PD_rep1_hg38.MAPQ20.bmat > ../mpileup_pmat_bmat/293T-bat_VEGFA-All-PD_rep1_hg38.MAPQ20.select.G.bmat
        
        (one of the commands exited with non-zero exit code; note that snakemake uses bash strict mode!)

Removing output files of failed job select_base_info since they might be corrupted:
../mpileup_pmat_bmat/293T-bat_VEGFA-All-PD_rep1_hg38.MAPQ20.select.G.bmat
[Fri Sep 25 20:33:40 2020]
Error in rule select_base_info:
    jobid: 23
    output: ../mpileup_pmat_bmat/293T-bat_VEGFA-sgRNADel-PD_rep2_hg38.MAPQ20.select.C.bmat
    shell:
        
        awk '$3 == "C" {print $0}' ../mpileup_pmat_bmat/293T-bat_VEGFA-sgRNADel-PD_rep2_hg38.MAPQ20.bmat > ../mpileup_pmat_bmat/293T-bat_VEGFA-sgRNADel-PD_rep2_hg38.MAPQ20.select.C.bmat
        
        (one of the commands exited with non-zero exit code; note that snakemake uses bash strict mode!)

Removing output files of failed job select_base_info since they might be corrupted:
../mpileup_pmat_bmat/293T-bat_VEGFA-sgRNADel-PD_rep2_hg38.MAPQ20.select.C.bmat
[Fri Sep 25 20:33:40 2020]
Error in rule select_base_info:
    jobid: 22
    output: ../mpileup_pmat_bmat/293T-bat_VEGFA-sgRNADel-PD_rep1_hg38.MAPQ20.select.G.bmat
    shell:
        
        awk '$3 == "G" {print $0}' ../mpileup_pmat_bmat/293T-bat_VEGFA-sgRNADel-PD_rep1_hg38.MAPQ20.bmat > ../mpileup_pmat_bmat/293T-bat_VEGFA-sgRNADel-PD_rep1_hg38.MAPQ20.select.G.bmat
        
        (one of the commands exited with non-zero exit code; note that snakemake uses bash strict mode!)

Removing output files of failed job select_base_info since they might be corrupted:
../mpileup_pmat_bmat/293T-bat_VEGFA-sgRNADel-PD_rep1_hg38.MAPQ20.select.G.bmat
[Fri Sep 25 20:33:40 2020]
Error in rule select_base_info:
    jobid: 16
    output: ../mpileup_pmat_bmat/293T-bat_VEGFA-All-PD_rep2_hg38.MAPQ20.select.G.bmat
    shell:
        
        awk '$3 == "G" {print $0}' ../mpileup_pmat_bmat/293T-bat_VEGFA-All-PD_rep2_hg38.MAPQ20.bmat > ../mpileup_pmat_bmat/293T-bat_VEGFA-All-PD_rep2_hg38.MAPQ20.select.G.bmat
        
        (one of the commands exited with non-zero exit code; note that snakemake uses bash strict mode!)

Removing output files of failed job select_base_info since they might be corrupted:
../mpileup_pmat_bmat/293T-bat_VEGFA-All-PD_rep2_hg38.MAPQ20.select.G.bmat
[Fri Sep 25 20:33:40 2020]
Error in rule select_base_info:
    jobid: 18
    output: ../mpileup_pmat_bmat/293T-bat_VEGFA-Vector-PD_rep1_hg38.MAPQ20.select.G.bmat
    shell:
        
        awk '$3 == "G" {print $0}' ../mpileup_pmat_bmat/293T-bat_VEGFA-Vector-PD_rep1_hg38.MAPQ20.bmat > ../mpileup_pmat_bmat/293T-bat_VEGFA-Vector-PD_rep1_hg38.MAPQ20.select.G.bmat
        
        (one of the commands exited with non-zero exit code; note that snakemake uses bash strict mode!)

Removing output files of failed job select_base_info since they might be corrupted:
../mpileup_pmat_bmat/293T-bat_VEGFA-Vector-PD_rep1_hg38.MAPQ20.select.G.bmat
[Fri Sep 25 20:33:40 2020]
Error in rule select_base_info:
    jobid: 15
    output: ../mpileup_pmat_bmat/293T-bat_VEGFA-All-PD_rep2_hg38.MAPQ20.select.C.bmat
    shell:
        
        awk '$3 == "C" {print $0}' ../mpileup_pmat_bmat/293T-bat_VEGFA-All-PD_rep2_hg38.MAPQ20.bmat > ../mpileup_pmat_bmat/293T-bat_VEGFA-All-PD_rep2_hg38.MAPQ20.select.C.bmat
        
        (one of the commands exited with non-zero exit code; note that snakemake uses bash strict mode!)

Removing output files of failed job select_base_info since they might be corrupted:
../mpileup_pmat_bmat/293T-bat_VEGFA-All-PD_rep2_hg38.MAPQ20.select.C.bmat
[Fri Sep 25 20:33:40 2020]
[Fri Sep 25 20:33:40 2020]
Error in rule select_base_info:
Error in rule select_base_info:
    jobid: 24
    jobid: 21
    output: ../mpileup_pmat_bmat/293T-bat_VEGFA-sgRNADel-PD_rep2_hg38.MAPQ20.select.G.bmat
    output: ../mpileup_pmat_bmat/293T-bat_VEGFA-sgRNADel-PD_rep1_hg38.MAPQ20.select.C.bmat
    shell:
        
        awk '$3 == "G" {print $0}' ../mpileup_pmat_bmat/293T-bat_VEGFA-sgRNADel-PD_rep2_hg38.MAPQ20.bmat > ../mpileup_pmat_bmat/293T-bat_VEGFA-sgRNADel-PD_rep2_hg38.MAPQ20.select.G.bmat
        
        (one of the commands exited with non-zero exit code; note that snakemake uses bash strict mode!)
[Fri Sep 25 20:33:40 2020]
    shell:
        
        awk '$3 == "C" {print $0}' ../mpileup_pmat_bmat/293T-bat_VEGFA-sgRNADel-PD_rep1_hg38.MAPQ20.bmat > ../mpileup_pmat_bmat/293T-bat_VEGFA-sgRNADel-PD_rep1_hg38.MAPQ20.select.C.bmat
        
        (one of the commands exited with non-zero exit code; note that snakemake uses bash strict mode!)

[Fri Sep 25 20:33:40 2020]
Error in rule select_base_info:

Removing output files of failed job select_base_info since they might be corrupted:
../mpileup_pmat_bmat/293T-bat_VEGFA-sgRNADel-PD_rep2_hg38.MAPQ20.select.G.bmat
Error in rule select_base_info:
    jobid: 17
    jobid: 13
    output: ../mpileup_pmat_bmat/293T-bat_VEGFA-Vector-PD_rep1_hg38.MAPQ20.select.C.bmat
    output: ../mpileup_pmat_bmat/293T-bat_VEGFA-All-PD_rep1_hg38.MAPQ20.select.C.bmat
    shell:
        
        awk '$3 == "C" {print $0}' ../mpileup_pmat_bmat/293T-bat_VEGFA-Vector-PD_rep1_hg38.MAPQ20.bmat > ../mpileup_pmat_bmat/293T-bat_VEGFA-Vector-PD_rep1_hg38.MAPQ20.select.C.bmat
        
        (one of the commands exited with non-zero exit code; note that snakemake uses bash strict mode!)
    shell:
        
        awk '$3 == "C" {print $0}' ../mpileup_pmat_bmat/293T-bat_VEGFA-All-PD_rep1_hg38.MAPQ20.bmat > ../mpileup_pmat_bmat/293T-bat_VEGFA-All-PD_rep1_hg38.MAPQ20.select.C.bmat
        
        (one of the commands exited with non-zero exit code; note that snakemake uses bash strict mode!)


Removing output files of failed job select_base_info since they might be corrupted:
../mpileup_pmat_bmat/293T-bat_VEGFA-sgRNADel-PD_rep1_hg38.MAPQ20.select.C.bmat
Removing output files of failed job select_base_info since they might be corrupted:
../mpileup_pmat_bmat/293T-bat_VEGFA-All-PD_rep1_hg38.MAPQ20.select.C.bmat
Removing output files of failed job select_base_info since they might be corrupted:
../mpileup_pmat_bmat/293T-bat_VEGFA-Vector-PD_rep1_hg38.MAPQ20.select.C.bmat
Complete log: /gpfs/user/zhaohuanan/3.project/10.2020-09_0923_Practice_for_detect-seq-data/snakepipes_detect-seq_fastq_bam_plot/.snakemake/log/2020-09-25T203336.966395.snakemake.log
