Building DAG of jobs...
Using shell: /usr/bin/bash
Provided cores: 3
Rules claiming more threads will be scaled down.
Job counts:
	count	jobs
	1	all
	3	bmat_mutation_count
	4

[Fri Nov 13 11:22:21 2020]
rule bmat_mutation_count:
    input: ../mpileup_pmat_bmat/293T-bat_GBEmini-AP-RNF2-All-PD_rep1_hg38.MAPQ20.bmat
    output: ../bmat_info_tsv/293T-bat_GBEmini-AP-RNF2-All-PD_rep1_hg38.MAPQ20.tsv
    jobid: 45
    reason: Missing output files: ../bmat_info_tsv/293T-bat_GBEmini-AP-RNF2-All-PD_rep1_hg38.MAPQ20.tsv
    wildcards: sample=GBEmini-AP-RNF2-All-PD, rep=rep1


        /home/zhaohuanan/zhaohn_HD/miniconda3/envs/snakepipes_detect-seq/bin/python ./program/bmat_mutation_count.py -i ../mpileup_pmat_bmat/293T-bat_GBEmini-AP-RNF2-All-PD_rep1_hg38.MAPQ20.bmat -o ../bmat_info_tsv/293T-bat_GBEmini-AP-RNF2-All-PD_rep1_hg38.MAPQ20.tsv --header False
        

[Fri Nov 13 11:22:21 2020]
rule bmat_mutation_count:
    input: ../mpileup_pmat_bmat/293T-bat_GBEmini-dU-RNF2-All-PD_rep1_hg38.MAPQ20.bmat
    output: ../bmat_info_tsv/293T-bat_GBEmini-dU-RNF2-All-PD_rep1_hg38.MAPQ20.tsv
    jobid: 46
    reason: Missing output files: ../bmat_info_tsv/293T-bat_GBEmini-dU-RNF2-All-PD_rep1_hg38.MAPQ20.tsv
    wildcards: sample=GBEmini-dU-RNF2-All-PD, rep=rep1


        /home/zhaohuanan/zhaohn_HD/miniconda3/envs/snakepipes_detect-seq/bin/python ./program/bmat_mutation_count.py -i ../mpileup_pmat_bmat/293T-bat_GBEmini-dU-RNF2-All-PD_rep1_hg38.MAPQ20.bmat -o ../bmat_info_tsv/293T-bat_GBEmini-dU-RNF2-All-PD_rep1_hg38.MAPQ20.tsv --header False
        

[Fri Nov 13 11:22:21 2020]
rule bmat_mutation_count:
    input: ../mpileup_pmat_bmat/293T-bat_VEGFA-Vector-PD_rep1_hg38.MAPQ20.bmat
    output: ../bmat_info_tsv/293T-bat_VEGFA-Vector-PD_rep1_hg38.MAPQ20.tsv
    jobid: 47
    reason: Missing output files: ../bmat_info_tsv/293T-bat_VEGFA-Vector-PD_rep1_hg38.MAPQ20.tsv
    wildcards: sample=VEGFA-Vector-PD, rep=rep1


        /home/zhaohuanan/zhaohn_HD/miniconda3/envs/snakepipes_detect-seq/bin/python ./program/bmat_mutation_count.py -i ../mpileup_pmat_bmat/293T-bat_VEGFA-Vector-PD_rep1_hg38.MAPQ20.bmat -o ../bmat_info_tsv/293T-bat_VEGFA-Vector-PD_rep1_hg38.MAPQ20.tsv --header False
        
