Building DAG of jobs...
Using shell: /usr/bin/bash
Provided cores: 3
Rules claiming more threads will be scaled down.
Job counts:
	count	jobs
	1	all
	4	select_significant_region
	5

[Tue Oct 13 21:38:08 2020]
rule select_significant_region:
    input: ../table/detect_seq.StatsTest.table_CTRL-VEGFA-Vector-PD_TREAT-VEGFA-All-PD_rep2.filtered.C2T_merge_G2A_noHeader.tsv
    output: ../table/detect_seq.StatsTest.table_CTRL-VEGFA-Vector-PD_TREAT-VEGFA-All-PD_rep2.filtered.C2T_merge_G2A_noHeader.Sign.tsv
    jobid: 10
    reason: Missing output files: ../table/detect_seq.StatsTest.table_CTRL-VEGFA-Vector-PD_TREAT-VEGFA-All-PD_rep2.filtered.C2T_merge_G2A_noHeader.Sign.tsv
    wildcards: ctrl=VEGFA-Vector-PD, treat=VEGFA-All-PD, rep=rep2, a=C, b=T, c=G, d=A


        cat ../table/detect_seq.StatsTest.table_CTRL-VEGFA-Vector-PD_TREAT-VEGFA-All-PD_rep2.filtered.C2T_merge_G2A_noHeader.tsv | awk -F '	' '{if($NF<0.05 && $13>1 && $10<3) print $0}' > ../table/detect_seq.StatsTest.table_CTRL-VEGFA-Vector-PD_TREAT-VEGFA-All-PD_rep2.filtered.C2T_merge_G2A_noHeader.Sign.tsv
        

[Tue Oct 13 21:38:08 2020]
rule select_significant_region:
    input: ../table/detect_seq.StatsTest.table_CTRL-VEGFA-Vector-PD_TREAT-VEGFA-sgRNADel-PD_rep2.filtered.C2T_merge_G2A_noHeader.tsv
    output: ../table/detect_seq.StatsTest.table_CTRL-VEGFA-Vector-PD_TREAT-VEGFA-sgRNADel-PD_rep2.filtered.C2T_merge_G2A_noHeader.Sign.tsv
    jobid: 12
    reason: Missing output files: ../table/detect_seq.StatsTest.table_CTRL-VEGFA-Vector-PD_TREAT-VEGFA-sgRNADel-PD_rep2.filtered.C2T_merge_G2A_noHeader.Sign.tsv
    wildcards: ctrl=VEGFA-Vector-PD, treat=VEGFA-sgRNADel-PD, rep=rep2, a=C, b=T, c=G, d=A


        cat ../table/detect_seq.StatsTest.table_CTRL-VEGFA-Vector-PD_TREAT-VEGFA-sgRNADel-PD_rep2.filtered.C2T_merge_G2A_noHeader.tsv | awk -F '	' '{if($NF<0.05 && $13>1 && $10<3) print $0}' > ../table/detect_seq.StatsTest.table_CTRL-VEGFA-Vector-PD_TREAT-VEGFA-sgRNADel-PD_rep2.filtered.C2T_merge_G2A_noHeader.Sign.tsv
        

[Tue Oct 13 21:38:08 2020]
rule select_significant_region:
    input: ../table/detect_seq.StatsTest.table_CTRL-VEGFA-Vector-PD_TREAT-VEGFA-All-PD_rep1.filtered.C2T_merge_G2A_noHeader.tsv
    output: ../table/detect_seq.StatsTest.table_CTRL-VEGFA-Vector-PD_TREAT-VEGFA-All-PD_rep1.filtered.C2T_merge_G2A_noHeader.Sign.tsv
    jobid: 9
    reason: Missing output files: ../table/detect_seq.StatsTest.table_CTRL-VEGFA-Vector-PD_TREAT-VEGFA-All-PD_rep1.filtered.C2T_merge_G2A_noHeader.Sign.tsv
    wildcards: ctrl=VEGFA-Vector-PD, treat=VEGFA-All-PD, rep=rep1, a=C, b=T, c=G, d=A


        cat ../table/detect_seq.StatsTest.table_CTRL-VEGFA-Vector-PD_TREAT-VEGFA-All-PD_rep1.filtered.C2T_merge_G2A_noHeader.tsv | awk -F '	' '{if($NF<0.05 && $13>1 && $10<3) print $0}' > ../table/detect_seq.StatsTest.table_CTRL-VEGFA-Vector-PD_TREAT-VEGFA-All-PD_rep1.filtered.C2T_merge_G2A_noHeader.Sign.tsv
        
[Tue Oct 13 21:38:08 2020]
Finished job 10.
1 of 5 steps (20%) done
[Tue Oct 13 21:38:08 2020]
Finished job 12.
2 of 5 steps (40%) done

[Tue Oct 13 21:38:08 2020]
rule select_significant_region:
    input: ../table/detect_seq.StatsTest.table_CTRL-VEGFA-Vector-PD_TREAT-VEGFA-sgRNADel-PD_rep1.filtered.C2T_merge_G2A_noHeader.tsv
    output: ../table/detect_seq.StatsTest.table_CTRL-VEGFA-Vector-PD_TREAT-VEGFA-sgRNADel-PD_rep1.filtered.C2T_merge_G2A_noHeader.Sign.tsv
    jobid: 11
    reason: Missing output files: ../table/detect_seq.StatsTest.table_CTRL-VEGFA-Vector-PD_TREAT-VEGFA-sgRNADel-PD_rep1.filtered.C2T_merge_G2A_noHeader.Sign.tsv
    wildcards: ctrl=VEGFA-Vector-PD, treat=VEGFA-sgRNADel-PD, rep=rep1, a=C, b=T, c=G, d=A


        cat ../table/detect_seq.StatsTest.table_CTRL-VEGFA-Vector-PD_TREAT-VEGFA-sgRNADel-PD_rep1.filtered.C2T_merge_G2A_noHeader.tsv | awk -F '	' '{if($NF<0.05 && $13>1 && $10<3) print $0}' > ../table/detect_seq.StatsTest.table_CTRL-VEGFA-Vector-PD_TREAT-VEGFA-sgRNADel-PD_rep1.filtered.C2T_merge_G2A_noHeader.Sign.tsv
        
[Tue Oct 13 21:38:09 2020]
Finished job 9.
3 of 5 steps (60%) done
[Tue Oct 13 21:38:09 2020]
Finished job 11.
4 of 5 steps (80%) done

[Tue Oct 13 21:38:09 2020]
localrule all:
    input: ../mpmat_merge/293T-bat_VEGFA-All-PD_rep1_hg38.filtered.C2T_merge_G2A.sort.mpmat, ../mpmat_merge/293T-bat_VEGFA-All-PD_rep2_hg38.filtered.C2T_merge_G2A.sort.mpmat, ../mpmat_merge/293T-bat_VEGFA-sgRNADel-PD_rep1_hg38.filtered.C2T_merge_G2A.sort.mpmat, ../mpmat_merge/293T-bat_VEGFA-sgRNADel-PD_rep2_hg38.filtered.C2T_merge_G2A.sort.mpmat, ../bam/293T-bat_VEGFA-Vector-PD_rep1_hg38.MAPQ20.bam, ../bam/293T-bat_VEGFA-Vector-PD_rep2_hg38.MAPQ20.bam, ../bam/293T-bat_VEGFA-All-PD_rep1_hg38.MAPQ20.bam, ../bam/293T-bat_VEGFA-All-PD_rep2_hg38.MAPQ20.bam, ../bam/293T-bat_VEGFA-sgRNADel-PD_rep1_hg38.MAPQ20.bam, ../bam/293T-bat_VEGFA-sgRNADel-PD_rep2_hg38.MAPQ20.bam, ../json/293T-bat_VEGFA-Vector-PD_rep1_hg38.MAPQ20.background.json, ../json/293T-bat_VEGFA-Vector-PD_rep2_hg38.MAPQ20.background.json, ../json/293T-bat_VEGFA-All-PD_rep1_hg38.MAPQ20.background.json, ../json/293T-bat_VEGFA-All-PD_rep2_hg38.MAPQ20.background.json, ../json/293T-bat_VEGFA-sgRNADel-PD_rep1_hg38.MAPQ20.background.json, ../json/293T-bat_VEGFA-sgRNADel-PD_rep2_hg38.MAPQ20.background.json, ../table/detect_seq.StatsTest.table_CTRL-VEGFA-Vector-PD_TREAT-VEGFA-All-PD_rep1.filtered.C2T_merge_G2A.tsv, ../table/detect_seq.StatsTest.table_CTRL-VEGFA-Vector-PD_TREAT-VEGFA-All-PD_rep2.filtered.C2T_merge_G2A.tsv, ../table/detect_seq.StatsTest.table_CTRL-VEGFA-Vector-PD_TREAT-VEGFA-sgRNADel-PD_rep1.filtered.C2T_merge_G2A.tsv, ../table/detect_seq.StatsTest.table_CTRL-VEGFA-Vector-PD_TREAT-VEGFA-sgRNADel-PD_rep2.filtered.C2T_merge_G2A.tsv, ../table/detect_seq.StatsTest.table_CTRL-VEGFA-Vector-PD_TREAT-VEGFA-All-PD_rep1.filtered.C2T_merge_G2A_noHeader.tsv, ../table/detect_seq.StatsTest.table_CTRL-VEGFA-Vector-PD_TREAT-VEGFA-All-PD_rep2.filtered.C2T_merge_G2A_noHeader.tsv, ../table/detect_seq.StatsTest.table_CTRL-VEGFA-Vector-PD_TREAT-VEGFA-sgRNADel-PD_rep1.filtered.C2T_merge_G2A_noHeader.tsv, ../table/detect_seq.StatsTest.table_CTRL-VEGFA-Vector-PD_TREAT-VEGFA-sgRNADel-PD_rep2.filtered.C2T_merge_G2A_noHeader.tsv, ../table/detect_seq.StatsTest.table_CTRL-VEGFA-Vector-PD_TREAT-VEGFA-All-PD_rep1.filtered.C2T_merge_G2A_noHeader.Sign.tsv, ../table/detect_seq.StatsTest.table_CTRL-VEGFA-Vector-PD_TREAT-VEGFA-All-PD_rep2.filtered.C2T_merge_G2A_noHeader.Sign.tsv, ../table/detect_seq.StatsTest.table_CTRL-VEGFA-Vector-PD_TREAT-VEGFA-sgRNADel-PD_rep1.filtered.C2T_merge_G2A_noHeader.Sign.tsv, ../table/detect_seq.StatsTest.table_CTRL-VEGFA-Vector-PD_TREAT-VEGFA-sgRNADel-PD_rep2.filtered.C2T_merge_G2A_noHeader.Sign.tsv
    jobid: 0
    reason: Input files updated by another job: ../table/detect_seq.StatsTest.table_CTRL-VEGFA-Vector-PD_TREAT-VEGFA-All-PD_rep2.filtered.C2T_merge_G2A_noHeader.Sign.tsv, ../table/detect_seq.StatsTest.table_CTRL-VEGFA-Vector-PD_TREAT-VEGFA-sgRNADel-PD_rep1.filtered.C2T_merge_G2A_noHeader.Sign.tsv, ../table/detect_seq.StatsTest.table_CTRL-VEGFA-Vector-PD_TREAT-VEGFA-sgRNADel-PD_rep2.filtered.C2T_merge_G2A_noHeader.Sign.tsv, ../table/detect_seq.StatsTest.table_CTRL-VEGFA-Vector-PD_TREAT-VEGFA-All-PD_rep1.filtered.C2T_merge_G2A_noHeader.Sign.tsv

[Tue Oct 13 21:38:09 2020]
Finished job 0.
5 of 5 steps (100%) done
Complete log: /gpfs/user/zhaohuanan/3.project/10.2020-09_0923_Practice_for_detect-seq-data/snakepipes_detect-seq_fastq_bam_plot/.snakemake/log/2020-10-13T213808.775217.snakemake.log
