Building DAG of jobs...
Using shell: /usr/bin/bash
Provided cluster nodes: 6
Job counts:
	count	jobs
	1	all
	6	del_first_row_of_table
	7	intersect_select_mpmat
	6	poisson_test
	6	select_significant_region
	26

[Thu Feb  4 23:07:40 2021]
rule poisson_test:
    input: ../mpmat_filter_merge/293T-bat_YE1-VEGFA-PD_rep2_hg38.filtered_SMN-3_SCN-6_SMR-0.1_RPN-1_RTN-2.C2T_merge_G2A.sort.intersected.mpmat, ../bam/293T-bat_Vector-VEGFA-PD_rep2_bwa_hg38_sort_rmdup_MAPQ20.bam, ../bam/293T-bat_YE1-VEGFA-PD_rep2_bwa_hg38_sort_rmdup_MAPQ20.bam
    output: ../table/detect_seq.StatsTest.table_CTRL-Vector-VEGFA-PD_TREAT-YE1-VEGFA-PD_rep2.filtered_SMN-3_SCN-6_SMR-0.1_RPN-1_RTN-2.C2T_merge_G2A.tsv
    jobid: 4
    reason: Missing output files: ../table/detect_seq.StatsTest.table_CTRL-Vector-VEGFA-PD_TREAT-YE1-VEGFA-PD_rep2.filtered_SMN-3_SCN-6_SMR-0.1_RPN-1_RTN-2.C2T_merge_G2A.tsv
    wildcards: ctrl=Vector-VEGFA-PD, treat=YE1-VEGFA-PD, rep=rep2, SMN=3, SCN=6, SMR=0.1, RPN=1, RTN=2, a=C, b=T, c=G, d=A


        /home/zhaohuanan/zhaohn_HD/miniconda3/envs/snakepipes_detect-seq/bin/python ./program/find-significant-mpmat-V05.py         -i ../mpmat_filter_merge/293T-bat_YE1-VEGFA-PD_rep2_hg38.filtered_SMN-3_SCN-6_SMR-0.1_RPN-1_RTN-2.C2T_merge_G2A.sort.intersected.mpmat         -o ../table/detect_seq.StatsTest.table_CTRL-Vector-VEGFA-PD_TREAT-YE1-VEGFA-PD_rep2.filtered_SMN-3_SCN-6_SMR-0.1_RPN-1_RTN-2.C2T_merge_G2A.tsv         -c ../bam/293T-bat_Vector-VEGFA-PD_rep2_bwa_hg38_sort_rmdup_MAPQ20.bam         -t ../bam/293T-bat_YE1-VEGFA-PD_rep2_bwa_hg38_sort_rmdup_MAPQ20.bam         -r /home/zhaohuanan/zhaohn_HD/2.database/fasta_hg38/hg38_only_chromosome.fa         -p 24         --query_mutation_type CT,GA         --mpmat_filter_info_col_index -1         --mpmat_block_info_col_index -1         --seq_reads_length 150         --poisson_method mutation
        
Submitted job 4 with external jobid '198574'.

[Thu Feb  4 23:07:40 2021]
rule poisson_test:
    input: ../mpmat_filter_merge/293T-bat_All-EMX1-PD_rep1_hg38.filtered_SMN-3_SCN-6_SMR-0.1_RPN-1_RTN-2.C2T_merge_G2A.sort.intersected.mpmat, ../bam/293T-bat_Vector-VEGFA-PD_rep1_bwa_hg38_sort_rmdup_MAPQ20.bam, ../bam/293T-bat_All-EMX1-PD_rep1_bwa_hg38_sort_rmdup_MAPQ20.bam
    output: ../table/detect_seq.StatsTest.table_CTRL-Vector-VEGFA-PD_TREAT-All-EMX1-PD_rep1.filtered_SMN-3_SCN-6_SMR-0.1_RPN-1_RTN-2.C2T_merge_G2A.tsv
    jobid: 11
    reason: Missing output files: ../table/detect_seq.StatsTest.table_CTRL-Vector-VEGFA-PD_TREAT-All-EMX1-PD_rep1.filtered_SMN-3_SCN-6_SMR-0.1_RPN-1_RTN-2.C2T_merge_G2A.tsv
    wildcards: ctrl=Vector-VEGFA-PD, treat=All-EMX1-PD, rep=rep1, SMN=3, SCN=6, SMR=0.1, RPN=1, RTN=2, a=C, b=T, c=G, d=A


        /home/zhaohuanan/zhaohn_HD/miniconda3/envs/snakepipes_detect-seq/bin/python ./program/find-significant-mpmat-V05.py         -i ../mpmat_filter_merge/293T-bat_All-EMX1-PD_rep1_hg38.filtered_SMN-3_SCN-6_SMR-0.1_RPN-1_RTN-2.C2T_merge_G2A.sort.intersected.mpmat         -o ../table/detect_seq.StatsTest.table_CTRL-Vector-VEGFA-PD_TREAT-All-EMX1-PD_rep1.filtered_SMN-3_SCN-6_SMR-0.1_RPN-1_RTN-2.C2T_merge_G2A.tsv         -c ../bam/293T-bat_Vector-VEGFA-PD_rep1_bwa_hg38_sort_rmdup_MAPQ20.bam         -t ../bam/293T-bat_All-EMX1-PD_rep1_bwa_hg38_sort_rmdup_MAPQ20.bam         -r /home/zhaohuanan/zhaohn_HD/2.database/fasta_hg38/hg38_only_chromosome.fa         -p 24         --query_mutation_type CT,GA         --mpmat_filter_info_col_index -1         --mpmat_block_info_col_index -1         --seq_reads_length 150         --poisson_method mutation
        
Submitted job 11 with external jobid '198575'.

[Thu Feb  4 23:07:41 2021]
rule poisson_test:
    input: ../mpmat_filter_merge/293T-bat_33A-VEGFA-PD_rep1_hg38.filtered_SMN-3_SCN-6_SMR-0.1_RPN-1_RTN-2.C2T_merge_G2A.sort.intersected.mpmat, ../bam/293T-bat_Vector-VEGFA-PD_rep1_bwa_hg38_sort_rmdup_MAPQ20.bam, ../bam/293T-bat_33A-VEGFA-PD_rep1_bwa_hg38_sort_rmdup_MAPQ20.bam
    output: ../table/detect_seq.StatsTest.table_CTRL-Vector-VEGFA-PD_TREAT-33A-VEGFA-PD_rep1.filtered_SMN-3_SCN-6_SMR-0.1_RPN-1_RTN-2.C2T_merge_G2A.tsv
    jobid: 7
    reason: Missing output files: ../table/detect_seq.StatsTest.table_CTRL-Vector-VEGFA-PD_TREAT-33A-VEGFA-PD_rep1.filtered_SMN-3_SCN-6_SMR-0.1_RPN-1_RTN-2.C2T_merge_G2A.tsv
    wildcards: ctrl=Vector-VEGFA-PD, treat=33A-VEGFA-PD, rep=rep1, SMN=3, SCN=6, SMR=0.1, RPN=1, RTN=2, a=C, b=T, c=G, d=A


        /home/zhaohuanan/zhaohn_HD/miniconda3/envs/snakepipes_detect-seq/bin/python ./program/find-significant-mpmat-V05.py         -i ../mpmat_filter_merge/293T-bat_33A-VEGFA-PD_rep1_hg38.filtered_SMN-3_SCN-6_SMR-0.1_RPN-1_RTN-2.C2T_merge_G2A.sort.intersected.mpmat         -o ../table/detect_seq.StatsTest.table_CTRL-Vector-VEGFA-PD_TREAT-33A-VEGFA-PD_rep1.filtered_SMN-3_SCN-6_SMR-0.1_RPN-1_RTN-2.C2T_merge_G2A.tsv         -c ../bam/293T-bat_Vector-VEGFA-PD_rep1_bwa_hg38_sort_rmdup_MAPQ20.bam         -t ../bam/293T-bat_33A-VEGFA-PD_rep1_bwa_hg38_sort_rmdup_MAPQ20.bam         -r /home/zhaohuanan/zhaohn_HD/2.database/fasta_hg38/hg38_only_chromosome.fa         -p 24         --query_mutation_type CT,GA         --mpmat_filter_info_col_index -1         --mpmat_block_info_col_index -1         --seq_reads_length 150         --poisson_method mutation
        
Submitted job 7 with external jobid '198576'.

[Thu Feb  4 23:07:41 2021]
rule poisson_test:
    input: ../mpmat_filter_merge/293T-bat_33A-VEGFA-PD_rep2_hg38.filtered_SMN-3_SCN-6_SMR-0.1_RPN-1_RTN-2.C2T_merge_G2A.sort.intersected.mpmat, ../bam/293T-bat_Vector-VEGFA-PD_rep2_bwa_hg38_sort_rmdup_MAPQ20.bam, ../bam/293T-bat_33A-VEGFA-PD_rep2_bwa_hg38_sort_rmdup_MAPQ20.bam
    output: ../table/detect_seq.StatsTest.table_CTRL-Vector-VEGFA-PD_TREAT-33A-VEGFA-PD_rep2.filtered_SMN-3_SCN-6_SMR-0.1_RPN-1_RTN-2.C2T_merge_G2A.tsv
    jobid: 8
    reason: Missing output files: ../table/detect_seq.StatsTest.table_CTRL-Vector-VEGFA-PD_TREAT-33A-VEGFA-PD_rep2.filtered_SMN-3_SCN-6_SMR-0.1_RPN-1_RTN-2.C2T_merge_G2A.tsv
    wildcards: ctrl=Vector-VEGFA-PD, treat=33A-VEGFA-PD, rep=rep2, SMN=3, SCN=6, SMR=0.1, RPN=1, RTN=2, a=C, b=T, c=G, d=A


        /home/zhaohuanan/zhaohn_HD/miniconda3/envs/snakepipes_detect-seq/bin/python ./program/find-significant-mpmat-V05.py         -i ../mpmat_filter_merge/293T-bat_33A-VEGFA-PD_rep2_hg38.filtered_SMN-3_SCN-6_SMR-0.1_RPN-1_RTN-2.C2T_merge_G2A.sort.intersected.mpmat         -o ../table/detect_seq.StatsTest.table_CTRL-Vector-VEGFA-PD_TREAT-33A-VEGFA-PD_rep2.filtered_SMN-3_SCN-6_SMR-0.1_RPN-1_RTN-2.C2T_merge_G2A.tsv         -c ../bam/293T-bat_Vector-VEGFA-PD_rep2_bwa_hg38_sort_rmdup_MAPQ20.bam         -t ../bam/293T-bat_33A-VEGFA-PD_rep2_bwa_hg38_sort_rmdup_MAPQ20.bam         -r /home/zhaohuanan/zhaohn_HD/2.database/fasta_hg38/hg38_only_chromosome.fa         -p 24         --query_mutation_type CT,GA         --mpmat_filter_info_col_index -1         --mpmat_block_info_col_index -1         --seq_reads_length 150         --poisson_method mutation
        
Submitted job 8 with external jobid '198577'.

[Thu Feb  4 23:07:41 2021]
rule poisson_test:
    input: ../mpmat_filter_merge/293T-bat_YE1-VEGFA-PD_rep1_hg38.filtered_SMN-3_SCN-6_SMR-0.1_RPN-1_RTN-2.C2T_merge_G2A.sort.intersected.mpmat, ../bam/293T-bat_Vector-VEGFA-PD_rep1_bwa_hg38_sort_rmdup_MAPQ20.bam, ../bam/293T-bat_YE1-VEGFA-PD_rep1_bwa_hg38_sort_rmdup_MAPQ20.bam
    output: ../table/detect_seq.StatsTest.table_CTRL-Vector-VEGFA-PD_TREAT-YE1-VEGFA-PD_rep1.filtered_SMN-3_SCN-6_SMR-0.1_RPN-1_RTN-2.C2T_merge_G2A.tsv
    jobid: 3
    reason: Missing output files: ../table/detect_seq.StatsTest.table_CTRL-Vector-VEGFA-PD_TREAT-YE1-VEGFA-PD_rep1.filtered_SMN-3_SCN-6_SMR-0.1_RPN-1_RTN-2.C2T_merge_G2A.tsv
    wildcards: ctrl=Vector-VEGFA-PD, treat=YE1-VEGFA-PD, rep=rep1, SMN=3, SCN=6, SMR=0.1, RPN=1, RTN=2, a=C, b=T, c=G, d=A


        /home/zhaohuanan/zhaohn_HD/miniconda3/envs/snakepipes_detect-seq/bin/python ./program/find-significant-mpmat-V05.py         -i ../mpmat_filter_merge/293T-bat_YE1-VEGFA-PD_rep1_hg38.filtered_SMN-3_SCN-6_SMR-0.1_RPN-1_RTN-2.C2T_merge_G2A.sort.intersected.mpmat         -o ../table/detect_seq.StatsTest.table_CTRL-Vector-VEGFA-PD_TREAT-YE1-VEGFA-PD_rep1.filtered_SMN-3_SCN-6_SMR-0.1_RPN-1_RTN-2.C2T_merge_G2A.tsv         -c ../bam/293T-bat_Vector-VEGFA-PD_rep1_bwa_hg38_sort_rmdup_MAPQ20.bam         -t ../bam/293T-bat_YE1-VEGFA-PD_rep1_bwa_hg38_sort_rmdup_MAPQ20.bam         -r /home/zhaohuanan/zhaohn_HD/2.database/fasta_hg38/hg38_only_chromosome.fa         -p 24         --query_mutation_type CT,GA         --mpmat_filter_info_col_index -1         --mpmat_block_info_col_index -1         --seq_reads_length 150         --poisson_method mutation
        
Submitted job 3 with external jobid '198578'.

[Thu Feb  4 23:07:41 2021]
rule intersect_select_mpmat:
    input: ../mpmat_filter_merge/293T-bat_33A-EMX1-PD_rep1_hg38.filtered_SMN-3_SCN-6_SMR-0.1_RPN-1_RTN-2.C2T_merge_G2A.sort.mpmat, ../table/detect_seq.StatsTest.table_CTRL-Vector-VEGFA-PD_TREAT-33A-EMX1-PD_rep1.filtered_SMN-3_SCN-6_SMR-0.1_RPN-1_RTN-2.C2T_merge_G2A_noHeader.Sign.tsv
    output: ../mpmat_merge_Sign/293T-bat_TREAT-33A-EMX1-PD_CTRL-Vector-VEGFA-PD_rep1_hg38.filtered_SMN-3_SCN-6_SMR-0.1_RPN-1_RTN-2.C2T_merge_G2A.sort.Sign_poisson.mpmat
    jobid: 41
    reason: Missing output files: ../mpmat_merge_Sign/293T-bat_TREAT-33A-EMX1-PD_CTRL-Vector-VEGFA-PD_rep1_hg38.filtered_SMN-3_SCN-6_SMR-0.1_RPN-1_RTN-2.C2T_merge_G2A.sort.Sign_poisson.mpmat
    wildcards: treat=33A-EMX1-PD, ctrl=Vector-VEGFA-PD, rep=rep1, SMN=3, SCN=6, SMR=0.1, RPN=1, RTN=2, a=C, b=T, c=G, d=A


        if [[ `cat ../table/detect_seq.StatsTest.table_CTRL-Vector-VEGFA-PD_TREAT-33A-EMX1-PD_rep1.filtered_SMN-3_SCN-6_SMR-0.1_RPN-1_RTN-2.C2T_merge_G2A_noHeader.Sign.tsv |wc -l` -eq 0 ]]; then 
        echo "table is empty" 
        echo "will touch a empty file" 
        touch ../mpmat_merge_Sign/293T-bat_TREAT-33A-EMX1-PD_CTRL-Vector-VEGFA-PD_rep1_hg38.filtered_SMN-3_SCN-6_SMR-0.1_RPN-1_RTN-2.C2T_merge_G2A.sort.Sign_poisson.mpmat
        else
        echo "table is ok!"
        echo "run bedtools intersect"
        /home/zhaohuanan/zhaohn_HD/miniconda3/envs/snakepipes_detect-seq/bin/bedtools intersect -a ../mpmat_filter_merge/293T-bat_33A-EMX1-PD_rep1_hg38.filtered_SMN-3_SCN-6_SMR-0.1_RPN-1_RTN-2.C2T_merge_G2A.sort.mpmat -b ../table/detect_seq.StatsTest.table_CTRL-Vector-VEGFA-PD_TREAT-33A-EMX1-PD_rep1.filtered_SMN-3_SCN-6_SMR-0.1_RPN-1_RTN-2.C2T_merge_G2A_noHeader.Sign.tsv -wa > ../mpmat_merge_Sign/293T-bat_TREAT-33A-EMX1-PD_CTRL-Vector-VEGFA-PD_rep1_hg38.filtered_SMN-3_SCN-6_SMR-0.1_RPN-1_RTN-2.C2T_merge_G2A.sort.Sign_poisson.mpmat
        fi
        
Submitted job 41 with external jobid '198579'.
[Thu Feb  4 23:20:27 2021]
Error in rule poisson_test:
    jobid: 11
    output: ../table/detect_seq.StatsTest.table_CTRL-Vector-VEGFA-PD_TREAT-All-EMX1-PD_rep1.filtered_SMN-3_SCN-6_SMR-0.1_RPN-1_RTN-2.C2T_merge_G2A.tsv
    shell:
        
        /home/zhaohuanan/zhaohn_HD/miniconda3/envs/snakepipes_detect-seq/bin/python ./program/find-significant-mpmat-V05.py         -i ../mpmat_filter_merge/293T-bat_All-EMX1-PD_rep1_hg38.filtered_SMN-3_SCN-6_SMR-0.1_RPN-1_RTN-2.C2T_merge_G2A.sort.intersected.mpmat         -o ../table/detect_seq.StatsTest.table_CTRL-Vector-VEGFA-PD_TREAT-All-EMX1-PD_rep1.filtered_SMN-3_SCN-6_SMR-0.1_RPN-1_RTN-2.C2T_merge_G2A.tsv         -c ../bam/293T-bat_Vector-VEGFA-PD_rep1_bwa_hg38_sort_rmdup_MAPQ20.bam         -t ../bam/293T-bat_All-EMX1-PD_rep1_bwa_hg38_sort_rmdup_MAPQ20.bam         -r /home/zhaohuanan/zhaohn_HD/2.database/fasta_hg38/hg38_only_chromosome.fa         -p 24         --query_mutation_type CT,GA         --mpmat_filter_info_col_index -1         --mpmat_block_info_col_index -1         --seq_reads_length 150         --poisson_method mutation
        
        (one of the commands exited with non-zero exit code; note that snakemake uses bash strict mode!)
    cluster_jobid: 198575

Error executing rule poisson_test on cluster (jobid: 11, external: 198575, jobscript: /gpfs/user/zhaohuanan/3.project/2021_CBE_variant_and_GBE_topic/20210202_DetectSeq_M2-YE1-33A-call-points_sgRNA-EMX1-VEGFA_redo/snakepipes_Detect-seq/.snakemake/tmp.yvc5ixlo/snakejob.poisson_test.11.sh). For error details see the cluster log and the log files of the involved rule(s).
Trying to restart job 11.

[Thu Feb  4 23:20:28 2021]
rule poisson_test:
    input: ../mpmat_filter_merge/293T-bat_All-EMX1-PD_rep2_hg38.filtered_SMN-3_SCN-6_SMR-0.1_RPN-1_RTN-2.C2T_merge_G2A.sort.intersected.mpmat, ../bam/293T-bat_Vector-VEGFA-PD_rep2_bwa_hg38_sort_rmdup_MAPQ20.bam, ../bam/293T-bat_All-EMX1-PD_rep2_bwa_hg38_sort_rmdup_MAPQ20.bam
    output: ../table/detect_seq.StatsTest.table_CTRL-Vector-VEGFA-PD_TREAT-All-EMX1-PD_rep2.filtered_SMN-3_SCN-6_SMR-0.1_RPN-1_RTN-2.C2T_merge_G2A.tsv
    jobid: 12
    reason: Missing output files: ../table/detect_seq.StatsTest.table_CTRL-Vector-VEGFA-PD_TREAT-All-EMX1-PD_rep2.filtered_SMN-3_SCN-6_SMR-0.1_RPN-1_RTN-2.C2T_merge_G2A.tsv
    wildcards: ctrl=Vector-VEGFA-PD, treat=All-EMX1-PD, rep=rep2, SMN=3, SCN=6, SMR=0.1, RPN=1, RTN=2, a=C, b=T, c=G, d=A


        /home/zhaohuanan/zhaohn_HD/miniconda3/envs/snakepipes_detect-seq/bin/python ./program/find-significant-mpmat-V05.py         -i ../mpmat_filter_merge/293T-bat_All-EMX1-PD_rep2_hg38.filtered_SMN-3_SCN-6_SMR-0.1_RPN-1_RTN-2.C2T_merge_G2A.sort.intersected.mpmat         -o ../table/detect_seq.StatsTest.table_CTRL-Vector-VEGFA-PD_TREAT-All-EMX1-PD_rep2.filtered_SMN-3_SCN-6_SMR-0.1_RPN-1_RTN-2.C2T_merge_G2A.tsv         -c ../bam/293T-bat_Vector-VEGFA-PD_rep2_bwa_hg38_sort_rmdup_MAPQ20.bam         -t ../bam/293T-bat_All-EMX1-PD_rep2_bwa_hg38_sort_rmdup_MAPQ20.bam         -r /home/zhaohuanan/zhaohn_HD/2.database/fasta_hg38/hg38_only_chromosome.fa         -p 24         --query_mutation_type CT,GA         --mpmat_filter_info_col_index -1         --mpmat_block_info_col_index -1         --seq_reads_length 150         --poisson_method mutation
        
[Thu Feb  4 23:20:28 2021]
Finished job 41.
1 of 26 steps (4%) done
Submitted job 12 with external jobid '198580'.
[Thu Feb  4 23:23:23 2021]
Error in rule poisson_test:
    jobid: 3
    output: ../table/detect_seq.StatsTest.table_CTRL-Vector-VEGFA-PD_TREAT-YE1-VEGFA-PD_rep1.filtered_SMN-3_SCN-6_SMR-0.1_RPN-1_RTN-2.C2T_merge_G2A.tsv
    shell:
        
        /home/zhaohuanan/zhaohn_HD/miniconda3/envs/snakepipes_detect-seq/bin/python ./program/find-significant-mpmat-V05.py         -i ../mpmat_filter_merge/293T-bat_YE1-VEGFA-PD_rep1_hg38.filtered_SMN-3_SCN-6_SMR-0.1_RPN-1_RTN-2.C2T_merge_G2A.sort.intersected.mpmat         -o ../table/detect_seq.StatsTest.table_CTRL-Vector-VEGFA-PD_TREAT-YE1-VEGFA-PD_rep1.filtered_SMN-3_SCN-6_SMR-0.1_RPN-1_RTN-2.C2T_merge_G2A.tsv         -c ../bam/293T-bat_Vector-VEGFA-PD_rep1_bwa_hg38_sort_rmdup_MAPQ20.bam         -t ../bam/293T-bat_YE1-VEGFA-PD_rep1_bwa_hg38_sort_rmdup_MAPQ20.bam         -r /home/zhaohuanan/zhaohn_HD/2.database/fasta_hg38/hg38_only_chromosome.fa         -p 24         --query_mutation_type CT,GA         --mpmat_filter_info_col_index -1         --mpmat_block_info_col_index -1         --seq_reads_length 150         --poisson_method mutation
        
        (one of the commands exited with non-zero exit code; note that snakemake uses bash strict mode!)
    cluster_jobid: 198578

Error executing rule poisson_test on cluster (jobid: 3, external: 198578, jobscript: /gpfs/user/zhaohuanan/3.project/2021_CBE_variant_and_GBE_topic/20210202_DetectSeq_M2-YE1-33A-call-points_sgRNA-EMX1-VEGFA_redo/snakepipes_Detect-seq/.snakemake/tmp.yvc5ixlo/snakejob.poisson_test.3.sh). For error details see the cluster log and the log files of the involved rule(s).
Trying to restart job 3.

[Thu Feb  4 23:23:24 2021]
rule poisson_test:
    input: ../mpmat_filter_merge/293T-bat_All-EMX1-PD_rep1_hg38.filtered_SMN-3_SCN-6_SMR-0.1_RPN-1_RTN-2.C2T_merge_G2A.sort.intersected.mpmat, ../bam/293T-bat_Vector-VEGFA-PD_rep1_bwa_hg38_sort_rmdup_MAPQ20.bam, ../bam/293T-bat_All-EMX1-PD_rep1_bwa_hg38_sort_rmdup_MAPQ20.bam
    output: ../table/detect_seq.StatsTest.table_CTRL-Vector-VEGFA-PD_TREAT-All-EMX1-PD_rep1.filtered_SMN-3_SCN-6_SMR-0.1_RPN-1_RTN-2.C2T_merge_G2A.tsv
    jobid: 11
    reason: Missing output files: ../table/detect_seq.StatsTest.table_CTRL-Vector-VEGFA-PD_TREAT-All-EMX1-PD_rep1.filtered_SMN-3_SCN-6_SMR-0.1_RPN-1_RTN-2.C2T_merge_G2A.tsv
    wildcards: ctrl=Vector-VEGFA-PD, treat=All-EMX1-PD, rep=rep1, SMN=3, SCN=6, SMR=0.1, RPN=1, RTN=2, a=C, b=T, c=G, d=A


        /home/zhaohuanan/zhaohn_HD/miniconda3/envs/snakepipes_detect-seq/bin/python ./program/find-significant-mpmat-V05.py         -i ../mpmat_filter_merge/293T-bat_All-EMX1-PD_rep1_hg38.filtered_SMN-3_SCN-6_SMR-0.1_RPN-1_RTN-2.C2T_merge_G2A.sort.intersected.mpmat         -o ../table/detect_seq.StatsTest.table_CTRL-Vector-VEGFA-PD_TREAT-All-EMX1-PD_rep1.filtered_SMN-3_SCN-6_SMR-0.1_RPN-1_RTN-2.C2T_merge_G2A.tsv         -c ../bam/293T-bat_Vector-VEGFA-PD_rep1_bwa_hg38_sort_rmdup_MAPQ20.bam         -t ../bam/293T-bat_All-EMX1-PD_rep1_bwa_hg38_sort_rmdup_MAPQ20.bam         -r /home/zhaohuanan/zhaohn_HD/2.database/fasta_hg38/hg38_only_chromosome.fa         -p 24         --query_mutation_type CT,GA         --mpmat_filter_info_col_index -1         --mpmat_block_info_col_index -1         --seq_reads_length 150         --poisson_method mutation
        
Submitted job 11 with external jobid '198581'.

[Thu Feb  4 23:23:24 2021]
rule poisson_test:
    input: ../mpmat_filter_merge/293T-bat_YE1-VEGFA-PD_rep1_hg38.filtered_SMN-3_SCN-6_SMR-0.1_RPN-1_RTN-2.C2T_merge_G2A.sort.intersected.mpmat, ../bam/293T-bat_Vector-VEGFA-PD_rep1_bwa_hg38_sort_rmdup_MAPQ20.bam, ../bam/293T-bat_YE1-VEGFA-PD_rep1_bwa_hg38_sort_rmdup_MAPQ20.bam
    output: ../table/detect_seq.StatsTest.table_CTRL-Vector-VEGFA-PD_TREAT-YE1-VEGFA-PD_rep1.filtered_SMN-3_SCN-6_SMR-0.1_RPN-1_RTN-2.C2T_merge_G2A.tsv
    jobid: 3
    reason: Missing output files: ../table/detect_seq.StatsTest.table_CTRL-Vector-VEGFA-PD_TREAT-YE1-VEGFA-PD_rep1.filtered_SMN-3_SCN-6_SMR-0.1_RPN-1_RTN-2.C2T_merge_G2A.tsv
    wildcards: ctrl=Vector-VEGFA-PD, treat=YE1-VEGFA-PD, rep=rep1, SMN=3, SCN=6, SMR=0.1, RPN=1, RTN=2, a=C, b=T, c=G, d=A


        /home/zhaohuanan/zhaohn_HD/miniconda3/envs/snakepipes_detect-seq/bin/python ./program/find-significant-mpmat-V05.py         -i ../mpmat_filter_merge/293T-bat_YE1-VEGFA-PD_rep1_hg38.filtered_SMN-3_SCN-6_SMR-0.1_RPN-1_RTN-2.C2T_merge_G2A.sort.intersected.mpmat         -o ../table/detect_seq.StatsTest.table_CTRL-Vector-VEGFA-PD_TREAT-YE1-VEGFA-PD_rep1.filtered_SMN-3_SCN-6_SMR-0.1_RPN-1_RTN-2.C2T_merge_G2A.tsv         -c ../bam/293T-bat_Vector-VEGFA-PD_rep1_bwa_hg38_sort_rmdup_MAPQ20.bam         -t ../bam/293T-bat_YE1-VEGFA-PD_rep1_bwa_hg38_sort_rmdup_MAPQ20.bam         -r /home/zhaohuanan/zhaohn_HD/2.database/fasta_hg38/hg38_only_chromosome.fa         -p 24         --query_mutation_type CT,GA         --mpmat_filter_info_col_index -1         --mpmat_block_info_col_index -1         --seq_reads_length 150         --poisson_method mutation
        
Submitted job 3 with external jobid '198582'.
[Thu Feb  4 23:24:30 2021]
Error in rule poisson_test:
    jobid: 7
    output: ../table/detect_seq.StatsTest.table_CTRL-Vector-VEGFA-PD_TREAT-33A-VEGFA-PD_rep1.filtered_SMN-3_SCN-6_SMR-0.1_RPN-1_RTN-2.C2T_merge_G2A.tsv
    shell:
        
        /home/zhaohuanan/zhaohn_HD/miniconda3/envs/snakepipes_detect-seq/bin/python ./program/find-significant-mpmat-V05.py         -i ../mpmat_filter_merge/293T-bat_33A-VEGFA-PD_rep1_hg38.filtered_SMN-3_SCN-6_SMR-0.1_RPN-1_RTN-2.C2T_merge_G2A.sort.intersected.mpmat         -o ../table/detect_seq.StatsTest.table_CTRL-Vector-VEGFA-PD_TREAT-33A-VEGFA-PD_rep1.filtered_SMN-3_SCN-6_SMR-0.1_RPN-1_RTN-2.C2T_merge_G2A.tsv         -c ../bam/293T-bat_Vector-VEGFA-PD_rep1_bwa_hg38_sort_rmdup_MAPQ20.bam         -t ../bam/293T-bat_33A-VEGFA-PD_rep1_bwa_hg38_sort_rmdup_MAPQ20.bam         -r /home/zhaohuanan/zhaohn_HD/2.database/fasta_hg38/hg38_only_chromosome.fa         -p 24         --query_mutation_type CT,GA         --mpmat_filter_info_col_index -1         --mpmat_block_info_col_index -1         --seq_reads_length 150         --poisson_method mutation
        
        (one of the commands exited with non-zero exit code; note that snakemake uses bash strict mode!)
    cluster_jobid: 198576

Error executing rule poisson_test on cluster (jobid: 7, external: 198576, jobscript: /gpfs/user/zhaohuanan/3.project/2021_CBE_variant_and_GBE_topic/20210202_DetectSeq_M2-YE1-33A-call-points_sgRNA-EMX1-VEGFA_redo/snakepipes_Detect-seq/.snakemake/tmp.yvc5ixlo/snakejob.poisson_test.7.sh). For error details see the cluster log and the log files of the involved rule(s).
Trying to restart job 7.

[Thu Feb  4 23:24:30 2021]
rule poisson_test:
    input: ../mpmat_filter_merge/293T-bat_33A-VEGFA-PD_rep1_hg38.filtered_SMN-3_SCN-6_SMR-0.1_RPN-1_RTN-2.C2T_merge_G2A.sort.intersected.mpmat, ../bam/293T-bat_Vector-VEGFA-PD_rep1_bwa_hg38_sort_rmdup_MAPQ20.bam, ../bam/293T-bat_33A-VEGFA-PD_rep1_bwa_hg38_sort_rmdup_MAPQ20.bam
    output: ../table/detect_seq.StatsTest.table_CTRL-Vector-VEGFA-PD_TREAT-33A-VEGFA-PD_rep1.filtered_SMN-3_SCN-6_SMR-0.1_RPN-1_RTN-2.C2T_merge_G2A.tsv
    jobid: 7
    reason: Missing output files: ../table/detect_seq.StatsTest.table_CTRL-Vector-VEGFA-PD_TREAT-33A-VEGFA-PD_rep1.filtered_SMN-3_SCN-6_SMR-0.1_RPN-1_RTN-2.C2T_merge_G2A.tsv
    wildcards: ctrl=Vector-VEGFA-PD, treat=33A-VEGFA-PD, rep=rep1, SMN=3, SCN=6, SMR=0.1, RPN=1, RTN=2, a=C, b=T, c=G, d=A


        /home/zhaohuanan/zhaohn_HD/miniconda3/envs/snakepipes_detect-seq/bin/python ./program/find-significant-mpmat-V05.py         -i ../mpmat_filter_merge/293T-bat_33A-VEGFA-PD_rep1_hg38.filtered_SMN-3_SCN-6_SMR-0.1_RPN-1_RTN-2.C2T_merge_G2A.sort.intersected.mpmat         -o ../table/detect_seq.StatsTest.table_CTRL-Vector-VEGFA-PD_TREAT-33A-VEGFA-PD_rep1.filtered_SMN-3_SCN-6_SMR-0.1_RPN-1_RTN-2.C2T_merge_G2A.tsv         -c ../bam/293T-bat_Vector-VEGFA-PD_rep1_bwa_hg38_sort_rmdup_MAPQ20.bam         -t ../bam/293T-bat_33A-VEGFA-PD_rep1_bwa_hg38_sort_rmdup_MAPQ20.bam         -r /home/zhaohuanan/zhaohn_HD/2.database/fasta_hg38/hg38_only_chromosome.fa         -p 24         --query_mutation_type CT,GA         --mpmat_filter_info_col_index -1         --mpmat_block_info_col_index -1         --seq_reads_length 150         --poisson_method mutation
        
Submitted job 7 with external jobid '198583'.
[Thu Feb  4 23:24:41 2021]
Error in rule poisson_test:
    jobid: 4
    output: ../table/detect_seq.StatsTest.table_CTRL-Vector-VEGFA-PD_TREAT-YE1-VEGFA-PD_rep2.filtered_SMN-3_SCN-6_SMR-0.1_RPN-1_RTN-2.C2T_merge_G2A.tsv
    shell:
        
        /home/zhaohuanan/zhaohn_HD/miniconda3/envs/snakepipes_detect-seq/bin/python ./program/find-significant-mpmat-V05.py         -i ../mpmat_filter_merge/293T-bat_YE1-VEGFA-PD_rep2_hg38.filtered_SMN-3_SCN-6_SMR-0.1_RPN-1_RTN-2.C2T_merge_G2A.sort.intersected.mpmat         -o ../table/detect_seq.StatsTest.table_CTRL-Vector-VEGFA-PD_TREAT-YE1-VEGFA-PD_rep2.filtered_SMN-3_SCN-6_SMR-0.1_RPN-1_RTN-2.C2T_merge_G2A.tsv         -c ../bam/293T-bat_Vector-VEGFA-PD_rep2_bwa_hg38_sort_rmdup_MAPQ20.bam         -t ../bam/293T-bat_YE1-VEGFA-PD_rep2_bwa_hg38_sort_rmdup_MAPQ20.bam         -r /home/zhaohuanan/zhaohn_HD/2.database/fasta_hg38/hg38_only_chromosome.fa         -p 24         --query_mutation_type CT,GA         --mpmat_filter_info_col_index -1         --mpmat_block_info_col_index -1         --seq_reads_length 150         --poisson_method mutation
        
        (one of the commands exited with non-zero exit code; note that snakemake uses bash strict mode!)
    cluster_jobid: 198574

Error executing rule poisson_test on cluster (jobid: 4, external: 198574, jobscript: /gpfs/user/zhaohuanan/3.project/2021_CBE_variant_and_GBE_topic/20210202_DetectSeq_M2-YE1-33A-call-points_sgRNA-EMX1-VEGFA_redo/snakepipes_Detect-seq/.snakemake/tmp.yvc5ixlo/snakejob.poisson_test.4.sh). For error details see the cluster log and the log files of the involved rule(s).
Trying to restart job 4.

[Thu Feb  4 23:24:41 2021]
rule poisson_test:
    input: ../mpmat_filter_merge/293T-bat_YE1-VEGFA-PD_rep2_hg38.filtered_SMN-3_SCN-6_SMR-0.1_RPN-1_RTN-2.C2T_merge_G2A.sort.intersected.mpmat, ../bam/293T-bat_Vector-VEGFA-PD_rep2_bwa_hg38_sort_rmdup_MAPQ20.bam, ../bam/293T-bat_YE1-VEGFA-PD_rep2_bwa_hg38_sort_rmdup_MAPQ20.bam
    output: ../table/detect_seq.StatsTest.table_CTRL-Vector-VEGFA-PD_TREAT-YE1-VEGFA-PD_rep2.filtered_SMN-3_SCN-6_SMR-0.1_RPN-1_RTN-2.C2T_merge_G2A.tsv
    jobid: 4
    reason: Missing output files: ../table/detect_seq.StatsTest.table_CTRL-Vector-VEGFA-PD_TREAT-YE1-VEGFA-PD_rep2.filtered_SMN-3_SCN-6_SMR-0.1_RPN-1_RTN-2.C2T_merge_G2A.tsv
    wildcards: ctrl=Vector-VEGFA-PD, treat=YE1-VEGFA-PD, rep=rep2, SMN=3, SCN=6, SMR=0.1, RPN=1, RTN=2, a=C, b=T, c=G, d=A


        /home/zhaohuanan/zhaohn_HD/miniconda3/envs/snakepipes_detect-seq/bin/python ./program/find-significant-mpmat-V05.py         -i ../mpmat_filter_merge/293T-bat_YE1-VEGFA-PD_rep2_hg38.filtered_SMN-3_SCN-6_SMR-0.1_RPN-1_RTN-2.C2T_merge_G2A.sort.intersected.mpmat         -o ../table/detect_seq.StatsTest.table_CTRL-Vector-VEGFA-PD_TREAT-YE1-VEGFA-PD_rep2.filtered_SMN-3_SCN-6_SMR-0.1_RPN-1_RTN-2.C2T_merge_G2A.tsv         -c ../bam/293T-bat_Vector-VEGFA-PD_rep2_bwa_hg38_sort_rmdup_MAPQ20.bam         -t ../bam/293T-bat_YE1-VEGFA-PD_rep2_bwa_hg38_sort_rmdup_MAPQ20.bam         -r /home/zhaohuanan/zhaohn_HD/2.database/fasta_hg38/hg38_only_chromosome.fa         -p 24         --query_mutation_type CT,GA         --mpmat_filter_info_col_index -1         --mpmat_block_info_col_index -1         --seq_reads_length 150         --poisson_method mutation
        
Submitted job 4 with external jobid '198584'.
[Thu Feb  4 23:25:37 2021]
Error in rule poisson_test:
    jobid: 8
    output: ../table/detect_seq.StatsTest.table_CTRL-Vector-VEGFA-PD_TREAT-33A-VEGFA-PD_rep2.filtered_SMN-3_SCN-6_SMR-0.1_RPN-1_RTN-2.C2T_merge_G2A.tsv
    shell:
        
        /home/zhaohuanan/zhaohn_HD/miniconda3/envs/snakepipes_detect-seq/bin/python ./program/find-significant-mpmat-V05.py         -i ../mpmat_filter_merge/293T-bat_33A-VEGFA-PD_rep2_hg38.filtered_SMN-3_SCN-6_SMR-0.1_RPN-1_RTN-2.C2T_merge_G2A.sort.intersected.mpmat         -o ../table/detect_seq.StatsTest.table_CTRL-Vector-VEGFA-PD_TREAT-33A-VEGFA-PD_rep2.filtered_SMN-3_SCN-6_SMR-0.1_RPN-1_RTN-2.C2T_merge_G2A.tsv         -c ../bam/293T-bat_Vector-VEGFA-PD_rep2_bwa_hg38_sort_rmdup_MAPQ20.bam         -t ../bam/293T-bat_33A-VEGFA-PD_rep2_bwa_hg38_sort_rmdup_MAPQ20.bam         -r /home/zhaohuanan/zhaohn_HD/2.database/fasta_hg38/hg38_only_chromosome.fa         -p 24         --query_mutation_type CT,GA         --mpmat_filter_info_col_index -1         --mpmat_block_info_col_index -1         --seq_reads_length 150         --poisson_method mutation
        
        (one of the commands exited with non-zero exit code; note that snakemake uses bash strict mode!)
    cluster_jobid: 198577

Error executing rule poisson_test on cluster (jobid: 8, external: 198577, jobscript: /gpfs/user/zhaohuanan/3.project/2021_CBE_variant_and_GBE_topic/20210202_DetectSeq_M2-YE1-33A-call-points_sgRNA-EMX1-VEGFA_redo/snakepipes_Detect-seq/.snakemake/tmp.yvc5ixlo/snakejob.poisson_test.8.sh). For error details see the cluster log and the log files of the involved rule(s).
Trying to restart job 8.

[Thu Feb  4 23:25:37 2021]
rule poisson_test:
    input: ../mpmat_filter_merge/293T-bat_33A-VEGFA-PD_rep2_hg38.filtered_SMN-3_SCN-6_SMR-0.1_RPN-1_RTN-2.C2T_merge_G2A.sort.intersected.mpmat, ../bam/293T-bat_Vector-VEGFA-PD_rep2_bwa_hg38_sort_rmdup_MAPQ20.bam, ../bam/293T-bat_33A-VEGFA-PD_rep2_bwa_hg38_sort_rmdup_MAPQ20.bam
    output: ../table/detect_seq.StatsTest.table_CTRL-Vector-VEGFA-PD_TREAT-33A-VEGFA-PD_rep2.filtered_SMN-3_SCN-6_SMR-0.1_RPN-1_RTN-2.C2T_merge_G2A.tsv
    jobid: 8
    reason: Missing output files: ../table/detect_seq.StatsTest.table_CTRL-Vector-VEGFA-PD_TREAT-33A-VEGFA-PD_rep2.filtered_SMN-3_SCN-6_SMR-0.1_RPN-1_RTN-2.C2T_merge_G2A.tsv
    wildcards: ctrl=Vector-VEGFA-PD, treat=33A-VEGFA-PD, rep=rep2, SMN=3, SCN=6, SMR=0.1, RPN=1, RTN=2, a=C, b=T, c=G, d=A


        /home/zhaohuanan/zhaohn_HD/miniconda3/envs/snakepipes_detect-seq/bin/python ./program/find-significant-mpmat-V05.py         -i ../mpmat_filter_merge/293T-bat_33A-VEGFA-PD_rep2_hg38.filtered_SMN-3_SCN-6_SMR-0.1_RPN-1_RTN-2.C2T_merge_G2A.sort.intersected.mpmat         -o ../table/detect_seq.StatsTest.table_CTRL-Vector-VEGFA-PD_TREAT-33A-VEGFA-PD_rep2.filtered_SMN-3_SCN-6_SMR-0.1_RPN-1_RTN-2.C2T_merge_G2A.tsv         -c ../bam/293T-bat_Vector-VEGFA-PD_rep2_bwa_hg38_sort_rmdup_MAPQ20.bam         -t ../bam/293T-bat_33A-VEGFA-PD_rep2_bwa_hg38_sort_rmdup_MAPQ20.bam         -r /home/zhaohuanan/zhaohn_HD/2.database/fasta_hg38/hg38_only_chromosome.fa         -p 24         --query_mutation_type CT,GA         --mpmat_filter_info_col_index -1         --mpmat_block_info_col_index -1         --seq_reads_length 150         --poisson_method mutation
        
Submitted job 8 with external jobid '198585'.
[Thu Feb  4 23:32:52 2021]
Error in rule poisson_test:
    jobid: 12
    output: ../table/detect_seq.StatsTest.table_CTRL-Vector-VEGFA-PD_TREAT-All-EMX1-PD_rep2.filtered_SMN-3_SCN-6_SMR-0.1_RPN-1_RTN-2.C2T_merge_G2A.tsv
    shell:
        
        /home/zhaohuanan/zhaohn_HD/miniconda3/envs/snakepipes_detect-seq/bin/python ./program/find-significant-mpmat-V05.py         -i ../mpmat_filter_merge/293T-bat_All-EMX1-PD_rep2_hg38.filtered_SMN-3_SCN-6_SMR-0.1_RPN-1_RTN-2.C2T_merge_G2A.sort.intersected.mpmat         -o ../table/detect_seq.StatsTest.table_CTRL-Vector-VEGFA-PD_TREAT-All-EMX1-PD_rep2.filtered_SMN-3_SCN-6_SMR-0.1_RPN-1_RTN-2.C2T_merge_G2A.tsv         -c ../bam/293T-bat_Vector-VEGFA-PD_rep2_bwa_hg38_sort_rmdup_MAPQ20.bam         -t ../bam/293T-bat_All-EMX1-PD_rep2_bwa_hg38_sort_rmdup_MAPQ20.bam         -r /home/zhaohuanan/zhaohn_HD/2.database/fasta_hg38/hg38_only_chromosome.fa         -p 24         --query_mutation_type CT,GA         --mpmat_filter_info_col_index -1         --mpmat_block_info_col_index -1         --seq_reads_length 150         --poisson_method mutation
        
        (one of the commands exited with non-zero exit code; note that snakemake uses bash strict mode!)
    cluster_jobid: 198580

Error executing rule poisson_test on cluster (jobid: 12, external: 198580, jobscript: /gpfs/user/zhaohuanan/3.project/2021_CBE_variant_and_GBE_topic/20210202_DetectSeq_M2-YE1-33A-call-points_sgRNA-EMX1-VEGFA_redo/snakepipes_Detect-seq/.snakemake/tmp.yvc5ixlo/snakejob.poisson_test.12.sh). For error details see the cluster log and the log files of the involved rule(s).
Trying to restart job 12.

[Thu Feb  4 23:32:52 2021]
rule poisson_test:
    input: ../mpmat_filter_merge/293T-bat_All-EMX1-PD_rep2_hg38.filtered_SMN-3_SCN-6_SMR-0.1_RPN-1_RTN-2.C2T_merge_G2A.sort.intersected.mpmat, ../bam/293T-bat_Vector-VEGFA-PD_rep2_bwa_hg38_sort_rmdup_MAPQ20.bam, ../bam/293T-bat_All-EMX1-PD_rep2_bwa_hg38_sort_rmdup_MAPQ20.bam
    output: ../table/detect_seq.StatsTest.table_CTRL-Vector-VEGFA-PD_TREAT-All-EMX1-PD_rep2.filtered_SMN-3_SCN-6_SMR-0.1_RPN-1_RTN-2.C2T_merge_G2A.tsv
    jobid: 12
    reason: Missing output files: ../table/detect_seq.StatsTest.table_CTRL-Vector-VEGFA-PD_TREAT-All-EMX1-PD_rep2.filtered_SMN-3_SCN-6_SMR-0.1_RPN-1_RTN-2.C2T_merge_G2A.tsv
    wildcards: ctrl=Vector-VEGFA-PD, treat=All-EMX1-PD, rep=rep2, SMN=3, SCN=6, SMR=0.1, RPN=1, RTN=2, a=C, b=T, c=G, d=A


        /home/zhaohuanan/zhaohn_HD/miniconda3/envs/snakepipes_detect-seq/bin/python ./program/find-significant-mpmat-V05.py         -i ../mpmat_filter_merge/293T-bat_All-EMX1-PD_rep2_hg38.filtered_SMN-3_SCN-6_SMR-0.1_RPN-1_RTN-2.C2T_merge_G2A.sort.intersected.mpmat         -o ../table/detect_seq.StatsTest.table_CTRL-Vector-VEGFA-PD_TREAT-All-EMX1-PD_rep2.filtered_SMN-3_SCN-6_SMR-0.1_RPN-1_RTN-2.C2T_merge_G2A.tsv         -c ../bam/293T-bat_Vector-VEGFA-PD_rep2_bwa_hg38_sort_rmdup_MAPQ20.bam         -t ../bam/293T-bat_All-EMX1-PD_rep2_bwa_hg38_sort_rmdup_MAPQ20.bam         -r /home/zhaohuanan/zhaohn_HD/2.database/fasta_hg38/hg38_only_chromosome.fa         -p 24         --query_mutation_type CT,GA         --mpmat_filter_info_col_index -1         --mpmat_block_info_col_index -1         --seq_reads_length 150         --poisson_method mutation
        
Submitted job 12 with external jobid '198586'.
[Thu Feb  4 23:35:50 2021]
Error in rule poisson_test:
    jobid: 11
    output: ../table/detect_seq.StatsTest.table_CTRL-Vector-VEGFA-PD_TREAT-All-EMX1-PD_rep1.filtered_SMN-3_SCN-6_SMR-0.1_RPN-1_RTN-2.C2T_merge_G2A.tsv
    shell:
        
        /home/zhaohuanan/zhaohn_HD/miniconda3/envs/snakepipes_detect-seq/bin/python ./program/find-significant-mpmat-V05.py         -i ../mpmat_filter_merge/293T-bat_All-EMX1-PD_rep1_hg38.filtered_SMN-3_SCN-6_SMR-0.1_RPN-1_RTN-2.C2T_merge_G2A.sort.intersected.mpmat         -o ../table/detect_seq.StatsTest.table_CTRL-Vector-VEGFA-PD_TREAT-All-EMX1-PD_rep1.filtered_SMN-3_SCN-6_SMR-0.1_RPN-1_RTN-2.C2T_merge_G2A.tsv         -c ../bam/293T-bat_Vector-VEGFA-PD_rep1_bwa_hg38_sort_rmdup_MAPQ20.bam         -t ../bam/293T-bat_All-EMX1-PD_rep1_bwa_hg38_sort_rmdup_MAPQ20.bam         -r /home/zhaohuanan/zhaohn_HD/2.database/fasta_hg38/hg38_only_chromosome.fa         -p 24         --query_mutation_type CT,GA         --mpmat_filter_info_col_index -1         --mpmat_block_info_col_index -1         --seq_reads_length 150         --poisson_method mutation
        
        (one of the commands exited with non-zero exit code; note that snakemake uses bash strict mode!)
    cluster_jobid: 198581

Error executing rule poisson_test on cluster (jobid: 11, external: 198581, jobscript: /gpfs/user/zhaohuanan/3.project/2021_CBE_variant_and_GBE_topic/20210202_DetectSeq_M2-YE1-33A-call-points_sgRNA-EMX1-VEGFA_redo/snakepipes_Detect-seq/.snakemake/tmp.yvc5ixlo/snakejob.poisson_test.11.sh). For error details see the cluster log and the log files of the involved rule(s).
Trying to restart job 11.

[Thu Feb  4 23:35:50 2021]
rule poisson_test:
    input: ../mpmat_filter_merge/293T-bat_All-EMX1-PD_rep1_hg38.filtered_SMN-3_SCN-6_SMR-0.1_RPN-1_RTN-2.C2T_merge_G2A.sort.intersected.mpmat, ../bam/293T-bat_Vector-VEGFA-PD_rep1_bwa_hg38_sort_rmdup_MAPQ20.bam, ../bam/293T-bat_All-EMX1-PD_rep1_bwa_hg38_sort_rmdup_MAPQ20.bam
    output: ../table/detect_seq.StatsTest.table_CTRL-Vector-VEGFA-PD_TREAT-All-EMX1-PD_rep1.filtered_SMN-3_SCN-6_SMR-0.1_RPN-1_RTN-2.C2T_merge_G2A.tsv
    jobid: 11
    reason: Missing output files: ../table/detect_seq.StatsTest.table_CTRL-Vector-VEGFA-PD_TREAT-All-EMX1-PD_rep1.filtered_SMN-3_SCN-6_SMR-0.1_RPN-1_RTN-2.C2T_merge_G2A.tsv
    wildcards: ctrl=Vector-VEGFA-PD, treat=All-EMX1-PD, rep=rep1, SMN=3, SCN=6, SMR=0.1, RPN=1, RTN=2, a=C, b=T, c=G, d=A


        /home/zhaohuanan/zhaohn_HD/miniconda3/envs/snakepipes_detect-seq/bin/python ./program/find-significant-mpmat-V05.py         -i ../mpmat_filter_merge/293T-bat_All-EMX1-PD_rep1_hg38.filtered_SMN-3_SCN-6_SMR-0.1_RPN-1_RTN-2.C2T_merge_G2A.sort.intersected.mpmat         -o ../table/detect_seq.StatsTest.table_CTRL-Vector-VEGFA-PD_TREAT-All-EMX1-PD_rep1.filtered_SMN-3_SCN-6_SMR-0.1_RPN-1_RTN-2.C2T_merge_G2A.tsv         -c ../bam/293T-bat_Vector-VEGFA-PD_rep1_bwa_hg38_sort_rmdup_MAPQ20.bam         -t ../bam/293T-bat_All-EMX1-PD_rep1_bwa_hg38_sort_rmdup_MAPQ20.bam         -r /home/zhaohuanan/zhaohn_HD/2.database/fasta_hg38/hg38_only_chromosome.fa         -p 24         --query_mutation_type CT,GA         --mpmat_filter_info_col_index -1         --mpmat_block_info_col_index -1         --seq_reads_length 150         --poisson_method mutation
        
Submitted job 11 with external jobid '198587'.
[Thu Feb  4 23:40:40 2021]
Error in rule poisson_test:
    jobid: 3
    output: ../table/detect_seq.StatsTest.table_CTRL-Vector-VEGFA-PD_TREAT-YE1-VEGFA-PD_rep1.filtered_SMN-3_SCN-6_SMR-0.1_RPN-1_RTN-2.C2T_merge_G2A.tsv
    shell:
        
        /home/zhaohuanan/zhaohn_HD/miniconda3/envs/snakepipes_detect-seq/bin/python ./program/find-significant-mpmat-V05.py         -i ../mpmat_filter_merge/293T-bat_YE1-VEGFA-PD_rep1_hg38.filtered_SMN-3_SCN-6_SMR-0.1_RPN-1_RTN-2.C2T_merge_G2A.sort.intersected.mpmat         -o ../table/detect_seq.StatsTest.table_CTRL-Vector-VEGFA-PD_TREAT-YE1-VEGFA-PD_rep1.filtered_SMN-3_SCN-6_SMR-0.1_RPN-1_RTN-2.C2T_merge_G2A.tsv         -c ../bam/293T-bat_Vector-VEGFA-PD_rep1_bwa_hg38_sort_rmdup_MAPQ20.bam         -t ../bam/293T-bat_YE1-VEGFA-PD_rep1_bwa_hg38_sort_rmdup_MAPQ20.bam         -r /home/zhaohuanan/zhaohn_HD/2.database/fasta_hg38/hg38_only_chromosome.fa         -p 24         --query_mutation_type CT,GA         --mpmat_filter_info_col_index -1         --mpmat_block_info_col_index -1         --seq_reads_length 150         --poisson_method mutation
        
        (one of the commands exited with non-zero exit code; note that snakemake uses bash strict mode!)
    cluster_jobid: 198582

Error executing rule poisson_test on cluster (jobid: 3, external: 198582, jobscript: /gpfs/user/zhaohuanan/3.project/2021_CBE_variant_and_GBE_topic/20210202_DetectSeq_M2-YE1-33A-call-points_sgRNA-EMX1-VEGFA_redo/snakepipes_Detect-seq/.snakemake/tmp.yvc5ixlo/snakejob.poisson_test.3.sh). For error details see the cluster log and the log files of the involved rule(s).
Trying to restart job 3.

[Thu Feb  4 23:40:40 2021]
rule poisson_test:
    input: ../mpmat_filter_merge/293T-bat_YE1-VEGFA-PD_rep1_hg38.filtered_SMN-3_SCN-6_SMR-0.1_RPN-1_RTN-2.C2T_merge_G2A.sort.intersected.mpmat, ../bam/293T-bat_Vector-VEGFA-PD_rep1_bwa_hg38_sort_rmdup_MAPQ20.bam, ../bam/293T-bat_YE1-VEGFA-PD_rep1_bwa_hg38_sort_rmdup_MAPQ20.bam
    output: ../table/detect_seq.StatsTest.table_CTRL-Vector-VEGFA-PD_TREAT-YE1-VEGFA-PD_rep1.filtered_SMN-3_SCN-6_SMR-0.1_RPN-1_RTN-2.C2T_merge_G2A.tsv
    jobid: 3
    reason: Missing output files: ../table/detect_seq.StatsTest.table_CTRL-Vector-VEGFA-PD_TREAT-YE1-VEGFA-PD_rep1.filtered_SMN-3_SCN-6_SMR-0.1_RPN-1_RTN-2.C2T_merge_G2A.tsv
    wildcards: ctrl=Vector-VEGFA-PD, treat=YE1-VEGFA-PD, rep=rep1, SMN=3, SCN=6, SMR=0.1, RPN=1, RTN=2, a=C, b=T, c=G, d=A


        /home/zhaohuanan/zhaohn_HD/miniconda3/envs/snakepipes_detect-seq/bin/python ./program/find-significant-mpmat-V05.py         -i ../mpmat_filter_merge/293T-bat_YE1-VEGFA-PD_rep1_hg38.filtered_SMN-3_SCN-6_SMR-0.1_RPN-1_RTN-2.C2T_merge_G2A.sort.intersected.mpmat         -o ../table/detect_seq.StatsTest.table_CTRL-Vector-VEGFA-PD_TREAT-YE1-VEGFA-PD_rep1.filtered_SMN-3_SCN-6_SMR-0.1_RPN-1_RTN-2.C2T_merge_G2A.tsv         -c ../bam/293T-bat_Vector-VEGFA-PD_rep1_bwa_hg38_sort_rmdup_MAPQ20.bam         -t ../bam/293T-bat_YE1-VEGFA-PD_rep1_bwa_hg38_sort_rmdup_MAPQ20.bam         -r /home/zhaohuanan/zhaohn_HD/2.database/fasta_hg38/hg38_only_chromosome.fa         -p 24         --query_mutation_type CT,GA         --mpmat_filter_info_col_index -1         --mpmat_block_info_col_index -1         --seq_reads_length 150         --poisson_method mutation
        
Submitted job 3 with external jobid '198588'.
[Thu Feb  4 23:41:02 2021]
Error in rule poisson_test:
    jobid: 7
    output: ../table/detect_seq.StatsTest.table_CTRL-Vector-VEGFA-PD_TREAT-33A-VEGFA-PD_rep1.filtered_SMN-3_SCN-6_SMR-0.1_RPN-1_RTN-2.C2T_merge_G2A.tsv
    shell:
        
        /home/zhaohuanan/zhaohn_HD/miniconda3/envs/snakepipes_detect-seq/bin/python ./program/find-significant-mpmat-V05.py         -i ../mpmat_filter_merge/293T-bat_33A-VEGFA-PD_rep1_hg38.filtered_SMN-3_SCN-6_SMR-0.1_RPN-1_RTN-2.C2T_merge_G2A.sort.intersected.mpmat         -o ../table/detect_seq.StatsTest.table_CTRL-Vector-VEGFA-PD_TREAT-33A-VEGFA-PD_rep1.filtered_SMN-3_SCN-6_SMR-0.1_RPN-1_RTN-2.C2T_merge_G2A.tsv         -c ../bam/293T-bat_Vector-VEGFA-PD_rep1_bwa_hg38_sort_rmdup_MAPQ20.bam         -t ../bam/293T-bat_33A-VEGFA-PD_rep1_bwa_hg38_sort_rmdup_MAPQ20.bam         -r /home/zhaohuanan/zhaohn_HD/2.database/fasta_hg38/hg38_only_chromosome.fa         -p 24         --query_mutation_type CT,GA         --mpmat_filter_info_col_index -1         --mpmat_block_info_col_index -1         --seq_reads_length 150         --poisson_method mutation
        
        (one of the commands exited with non-zero exit code; note that snakemake uses bash strict mode!)
    cluster_jobid: 198583

Error executing rule poisson_test on cluster (jobid: 7, external: 198583, jobscript: /gpfs/user/zhaohuanan/3.project/2021_CBE_variant_and_GBE_topic/20210202_DetectSeq_M2-YE1-33A-call-points_sgRNA-EMX1-VEGFA_redo/snakepipes_Detect-seq/.snakemake/tmp.yvc5ixlo/snakejob.poisson_test.7.sh). For error details see the cluster log and the log files of the involved rule(s).
Trying to restart job 7.

[Thu Feb  4 23:41:02 2021]
rule poisson_test:
    input: ../mpmat_filter_merge/293T-bat_33A-VEGFA-PD_rep1_hg38.filtered_SMN-3_SCN-6_SMR-0.1_RPN-1_RTN-2.C2T_merge_G2A.sort.intersected.mpmat, ../bam/293T-bat_Vector-VEGFA-PD_rep1_bwa_hg38_sort_rmdup_MAPQ20.bam, ../bam/293T-bat_33A-VEGFA-PD_rep1_bwa_hg38_sort_rmdup_MAPQ20.bam
    output: ../table/detect_seq.StatsTest.table_CTRL-Vector-VEGFA-PD_TREAT-33A-VEGFA-PD_rep1.filtered_SMN-3_SCN-6_SMR-0.1_RPN-1_RTN-2.C2T_merge_G2A.tsv
    jobid: 7
    reason: Missing output files: ../table/detect_seq.StatsTest.table_CTRL-Vector-VEGFA-PD_TREAT-33A-VEGFA-PD_rep1.filtered_SMN-3_SCN-6_SMR-0.1_RPN-1_RTN-2.C2T_merge_G2A.tsv
    wildcards: ctrl=Vector-VEGFA-PD, treat=33A-VEGFA-PD, rep=rep1, SMN=3, SCN=6, SMR=0.1, RPN=1, RTN=2, a=C, b=T, c=G, d=A


        /home/zhaohuanan/zhaohn_HD/miniconda3/envs/snakepipes_detect-seq/bin/python ./program/find-significant-mpmat-V05.py         -i ../mpmat_filter_merge/293T-bat_33A-VEGFA-PD_rep1_hg38.filtered_SMN-3_SCN-6_SMR-0.1_RPN-1_RTN-2.C2T_merge_G2A.sort.intersected.mpmat         -o ../table/detect_seq.StatsTest.table_CTRL-Vector-VEGFA-PD_TREAT-33A-VEGFA-PD_rep1.filtered_SMN-3_SCN-6_SMR-0.1_RPN-1_RTN-2.C2T_merge_G2A.tsv         -c ../bam/293T-bat_Vector-VEGFA-PD_rep1_bwa_hg38_sort_rmdup_MAPQ20.bam         -t ../bam/293T-bat_33A-VEGFA-PD_rep1_bwa_hg38_sort_rmdup_MAPQ20.bam         -r /home/zhaohuanan/zhaohn_HD/2.database/fasta_hg38/hg38_only_chromosome.fa         -p 24         --query_mutation_type CT,GA         --mpmat_filter_info_col_index -1         --mpmat_block_info_col_index -1         --seq_reads_length 150         --poisson_method mutation
        
Submitted job 7 with external jobid '198589'.
[Thu Feb  4 23:42:20 2021]
Error in rule poisson_test:
    jobid: 4
    output: ../table/detect_seq.StatsTest.table_CTRL-Vector-VEGFA-PD_TREAT-YE1-VEGFA-PD_rep2.filtered_SMN-3_SCN-6_SMR-0.1_RPN-1_RTN-2.C2T_merge_G2A.tsv
    shell:
        
        /home/zhaohuanan/zhaohn_HD/miniconda3/envs/snakepipes_detect-seq/bin/python ./program/find-significant-mpmat-V05.py         -i ../mpmat_filter_merge/293T-bat_YE1-VEGFA-PD_rep2_hg38.filtered_SMN-3_SCN-6_SMR-0.1_RPN-1_RTN-2.C2T_merge_G2A.sort.intersected.mpmat         -o ../table/detect_seq.StatsTest.table_CTRL-Vector-VEGFA-PD_TREAT-YE1-VEGFA-PD_rep2.filtered_SMN-3_SCN-6_SMR-0.1_RPN-1_RTN-2.C2T_merge_G2A.tsv         -c ../bam/293T-bat_Vector-VEGFA-PD_rep2_bwa_hg38_sort_rmdup_MAPQ20.bam         -t ../bam/293T-bat_YE1-VEGFA-PD_rep2_bwa_hg38_sort_rmdup_MAPQ20.bam         -r /home/zhaohuanan/zhaohn_HD/2.database/fasta_hg38/hg38_only_chromosome.fa         -p 24         --query_mutation_type CT,GA         --mpmat_filter_info_col_index -1         --mpmat_block_info_col_index -1         --seq_reads_length 150         --poisson_method mutation
        
        (one of the commands exited with non-zero exit code; note that snakemake uses bash strict mode!)
    cluster_jobid: 198584

Error executing rule poisson_test on cluster (jobid: 4, external: 198584, jobscript: /gpfs/user/zhaohuanan/3.project/2021_CBE_variant_and_GBE_topic/20210202_DetectSeq_M2-YE1-33A-call-points_sgRNA-EMX1-VEGFA_redo/snakepipes_Detect-seq/.snakemake/tmp.yvc5ixlo/snakejob.poisson_test.4.sh). For error details see the cluster log and the log files of the involved rule(s).
Trying to restart job 4.

[Thu Feb  4 23:42:20 2021]
rule poisson_test:
    input: ../mpmat_filter_merge/293T-bat_YE1-VEGFA-PD_rep2_hg38.filtered_SMN-3_SCN-6_SMR-0.1_RPN-1_RTN-2.C2T_merge_G2A.sort.intersected.mpmat, ../bam/293T-bat_Vector-VEGFA-PD_rep2_bwa_hg38_sort_rmdup_MAPQ20.bam, ../bam/293T-bat_YE1-VEGFA-PD_rep2_bwa_hg38_sort_rmdup_MAPQ20.bam
    output: ../table/detect_seq.StatsTest.table_CTRL-Vector-VEGFA-PD_TREAT-YE1-VEGFA-PD_rep2.filtered_SMN-3_SCN-6_SMR-0.1_RPN-1_RTN-2.C2T_merge_G2A.tsv
    jobid: 4
    reason: Missing output files: ../table/detect_seq.StatsTest.table_CTRL-Vector-VEGFA-PD_TREAT-YE1-VEGFA-PD_rep2.filtered_SMN-3_SCN-6_SMR-0.1_RPN-1_RTN-2.C2T_merge_G2A.tsv
    wildcards: ctrl=Vector-VEGFA-PD, treat=YE1-VEGFA-PD, rep=rep2, SMN=3, SCN=6, SMR=0.1, RPN=1, RTN=2, a=C, b=T, c=G, d=A


        /home/zhaohuanan/zhaohn_HD/miniconda3/envs/snakepipes_detect-seq/bin/python ./program/find-significant-mpmat-V05.py         -i ../mpmat_filter_merge/293T-bat_YE1-VEGFA-PD_rep2_hg38.filtered_SMN-3_SCN-6_SMR-0.1_RPN-1_RTN-2.C2T_merge_G2A.sort.intersected.mpmat         -o ../table/detect_seq.StatsTest.table_CTRL-Vector-VEGFA-PD_TREAT-YE1-VEGFA-PD_rep2.filtered_SMN-3_SCN-6_SMR-0.1_RPN-1_RTN-2.C2T_merge_G2A.tsv         -c ../bam/293T-bat_Vector-VEGFA-PD_rep2_bwa_hg38_sort_rmdup_MAPQ20.bam         -t ../bam/293T-bat_YE1-VEGFA-PD_rep2_bwa_hg38_sort_rmdup_MAPQ20.bam         -r /home/zhaohuanan/zhaohn_HD/2.database/fasta_hg38/hg38_only_chromosome.fa         -p 24         --query_mutation_type CT,GA         --mpmat_filter_info_col_index -1         --mpmat_block_info_col_index -1         --seq_reads_length 150         --poisson_method mutation
        
Submitted job 4 with external jobid '198590'.
[Thu Feb  4 23:48:05 2021]
Error in rule poisson_test:
    jobid: 12
    output: ../table/detect_seq.StatsTest.table_CTRL-Vector-VEGFA-PD_TREAT-All-EMX1-PD_rep2.filtered_SMN-3_SCN-6_SMR-0.1_RPN-1_RTN-2.C2T_merge_G2A.tsv
    shell:
        
        /home/zhaohuanan/zhaohn_HD/miniconda3/envs/snakepipes_detect-seq/bin/python ./program/find-significant-mpmat-V05.py         -i ../mpmat_filter_merge/293T-bat_All-EMX1-PD_rep2_hg38.filtered_SMN-3_SCN-6_SMR-0.1_RPN-1_RTN-2.C2T_merge_G2A.sort.intersected.mpmat         -o ../table/detect_seq.StatsTest.table_CTRL-Vector-VEGFA-PD_TREAT-All-EMX1-PD_rep2.filtered_SMN-3_SCN-6_SMR-0.1_RPN-1_RTN-2.C2T_merge_G2A.tsv         -c ../bam/293T-bat_Vector-VEGFA-PD_rep2_bwa_hg38_sort_rmdup_MAPQ20.bam         -t ../bam/293T-bat_All-EMX1-PD_rep2_bwa_hg38_sort_rmdup_MAPQ20.bam         -r /home/zhaohuanan/zhaohn_HD/2.database/fasta_hg38/hg38_only_chromosome.fa         -p 24         --query_mutation_type CT,GA         --mpmat_filter_info_col_index -1         --mpmat_block_info_col_index -1         --seq_reads_length 150         --poisson_method mutation
        
        (one of the commands exited with non-zero exit code; note that snakemake uses bash strict mode!)
    cluster_jobid: 198586

Error executing rule poisson_test on cluster (jobid: 12, external: 198586, jobscript: /gpfs/user/zhaohuanan/3.project/2021_CBE_variant_and_GBE_topic/20210202_DetectSeq_M2-YE1-33A-call-points_sgRNA-EMX1-VEGFA_redo/snakepipes_Detect-seq/.snakemake/tmp.yvc5ixlo/snakejob.poisson_test.12.sh). For error details see the cluster log and the log files of the involved rule(s).
Trying to restart job 12.

[Thu Feb  4 23:48:05 2021]
rule poisson_test:
    input: ../mpmat_filter_merge/293T-bat_All-EMX1-PD_rep2_hg38.filtered_SMN-3_SCN-6_SMR-0.1_RPN-1_RTN-2.C2T_merge_G2A.sort.intersected.mpmat, ../bam/293T-bat_Vector-VEGFA-PD_rep2_bwa_hg38_sort_rmdup_MAPQ20.bam, ../bam/293T-bat_All-EMX1-PD_rep2_bwa_hg38_sort_rmdup_MAPQ20.bam
    output: ../table/detect_seq.StatsTest.table_CTRL-Vector-VEGFA-PD_TREAT-All-EMX1-PD_rep2.filtered_SMN-3_SCN-6_SMR-0.1_RPN-1_RTN-2.C2T_merge_G2A.tsv
    jobid: 12
    reason: Missing output files: ../table/detect_seq.StatsTest.table_CTRL-Vector-VEGFA-PD_TREAT-All-EMX1-PD_rep2.filtered_SMN-3_SCN-6_SMR-0.1_RPN-1_RTN-2.C2T_merge_G2A.tsv
    wildcards: ctrl=Vector-VEGFA-PD, treat=All-EMX1-PD, rep=rep2, SMN=3, SCN=6, SMR=0.1, RPN=1, RTN=2, a=C, b=T, c=G, d=A


        /home/zhaohuanan/zhaohn_HD/miniconda3/envs/snakepipes_detect-seq/bin/python ./program/find-significant-mpmat-V05.py         -i ../mpmat_filter_merge/293T-bat_All-EMX1-PD_rep2_hg38.filtered_SMN-3_SCN-6_SMR-0.1_RPN-1_RTN-2.C2T_merge_G2A.sort.intersected.mpmat         -o ../table/detect_seq.StatsTest.table_CTRL-Vector-VEGFA-PD_TREAT-All-EMX1-PD_rep2.filtered_SMN-3_SCN-6_SMR-0.1_RPN-1_RTN-2.C2T_merge_G2A.tsv         -c ../bam/293T-bat_Vector-VEGFA-PD_rep2_bwa_hg38_sort_rmdup_MAPQ20.bam         -t ../bam/293T-bat_All-EMX1-PD_rep2_bwa_hg38_sort_rmdup_MAPQ20.bam         -r /home/zhaohuanan/zhaohn_HD/2.database/fasta_hg38/hg38_only_chromosome.fa         -p 24         --query_mutation_type CT,GA         --mpmat_filter_info_col_index -1         --mpmat_block_info_col_index -1         --seq_reads_length 150         --poisson_method mutation
        
Submitted job 12 with external jobid '198591'.
[Thu Feb  4 23:50:18 2021]
Error in rule poisson_test:
    jobid: 8
    output: ../table/detect_seq.StatsTest.table_CTRL-Vector-VEGFA-PD_TREAT-33A-VEGFA-PD_rep2.filtered_SMN-3_SCN-6_SMR-0.1_RPN-1_RTN-2.C2T_merge_G2A.tsv
    shell:
        
        /home/zhaohuanan/zhaohn_HD/miniconda3/envs/snakepipes_detect-seq/bin/python ./program/find-significant-mpmat-V05.py         -i ../mpmat_filter_merge/293T-bat_33A-VEGFA-PD_rep2_hg38.filtered_SMN-3_SCN-6_SMR-0.1_RPN-1_RTN-2.C2T_merge_G2A.sort.intersected.mpmat         -o ../table/detect_seq.StatsTest.table_CTRL-Vector-VEGFA-PD_TREAT-33A-VEGFA-PD_rep2.filtered_SMN-3_SCN-6_SMR-0.1_RPN-1_RTN-2.C2T_merge_G2A.tsv         -c ../bam/293T-bat_Vector-VEGFA-PD_rep2_bwa_hg38_sort_rmdup_MAPQ20.bam         -t ../bam/293T-bat_33A-VEGFA-PD_rep2_bwa_hg38_sort_rmdup_MAPQ20.bam         -r /home/zhaohuanan/zhaohn_HD/2.database/fasta_hg38/hg38_only_chromosome.fa         -p 24         --query_mutation_type CT,GA         --mpmat_filter_info_col_index -1         --mpmat_block_info_col_index -1         --seq_reads_length 150         --poisson_method mutation
        
        (one of the commands exited with non-zero exit code; note that snakemake uses bash strict mode!)
    cluster_jobid: 198585

Error executing rule poisson_test on cluster (jobid: 8, external: 198585, jobscript: /gpfs/user/zhaohuanan/3.project/2021_CBE_variant_and_GBE_topic/20210202_DetectSeq_M2-YE1-33A-call-points_sgRNA-EMX1-VEGFA_redo/snakepipes_Detect-seq/.snakemake/tmp.yvc5ixlo/snakejob.poisson_test.8.sh). For error details see the cluster log and the log files of the involved rule(s).
Trying to restart job 8.

[Thu Feb  4 23:50:19 2021]
rule poisson_test:
    input: ../mpmat_filter_merge/293T-bat_33A-VEGFA-PD_rep2_hg38.filtered_SMN-3_SCN-6_SMR-0.1_RPN-1_RTN-2.C2T_merge_G2A.sort.intersected.mpmat, ../bam/293T-bat_Vector-VEGFA-PD_rep2_bwa_hg38_sort_rmdup_MAPQ20.bam, ../bam/293T-bat_33A-VEGFA-PD_rep2_bwa_hg38_sort_rmdup_MAPQ20.bam
    output: ../table/detect_seq.StatsTest.table_CTRL-Vector-VEGFA-PD_TREAT-33A-VEGFA-PD_rep2.filtered_SMN-3_SCN-6_SMR-0.1_RPN-1_RTN-2.C2T_merge_G2A.tsv
    jobid: 8
    reason: Missing output files: ../table/detect_seq.StatsTest.table_CTRL-Vector-VEGFA-PD_TREAT-33A-VEGFA-PD_rep2.filtered_SMN-3_SCN-6_SMR-0.1_RPN-1_RTN-2.C2T_merge_G2A.tsv
    wildcards: ctrl=Vector-VEGFA-PD, treat=33A-VEGFA-PD, rep=rep2, SMN=3, SCN=6, SMR=0.1, RPN=1, RTN=2, a=C, b=T, c=G, d=A


        /home/zhaohuanan/zhaohn_HD/miniconda3/envs/snakepipes_detect-seq/bin/python ./program/find-significant-mpmat-V05.py         -i ../mpmat_filter_merge/293T-bat_33A-VEGFA-PD_rep2_hg38.filtered_SMN-3_SCN-6_SMR-0.1_RPN-1_RTN-2.C2T_merge_G2A.sort.intersected.mpmat         -o ../table/detect_seq.StatsTest.table_CTRL-Vector-VEGFA-PD_TREAT-33A-VEGFA-PD_rep2.filtered_SMN-3_SCN-6_SMR-0.1_RPN-1_RTN-2.C2T_merge_G2A.tsv         -c ../bam/293T-bat_Vector-VEGFA-PD_rep2_bwa_hg38_sort_rmdup_MAPQ20.bam         -t ../bam/293T-bat_33A-VEGFA-PD_rep2_bwa_hg38_sort_rmdup_MAPQ20.bam         -r /home/zhaohuanan/zhaohn_HD/2.database/fasta_hg38/hg38_only_chromosome.fa         -p 24         --query_mutation_type CT,GA         --mpmat_filter_info_col_index -1         --mpmat_block_info_col_index -1         --seq_reads_length 150         --poisson_method mutation
        
Submitted job 8 with external jobid '198592'.
[Thu Feb  4 23:53:28 2021]
Error in rule poisson_test:
    jobid: 11
    output: ../table/detect_seq.StatsTest.table_CTRL-Vector-VEGFA-PD_TREAT-All-EMX1-PD_rep1.filtered_SMN-3_SCN-6_SMR-0.1_RPN-1_RTN-2.C2T_merge_G2A.tsv
    shell:
        
        /home/zhaohuanan/zhaohn_HD/miniconda3/envs/snakepipes_detect-seq/bin/python ./program/find-significant-mpmat-V05.py         -i ../mpmat_filter_merge/293T-bat_All-EMX1-PD_rep1_hg38.filtered_SMN-3_SCN-6_SMR-0.1_RPN-1_RTN-2.C2T_merge_G2A.sort.intersected.mpmat         -o ../table/detect_seq.StatsTest.table_CTRL-Vector-VEGFA-PD_TREAT-All-EMX1-PD_rep1.filtered_SMN-3_SCN-6_SMR-0.1_RPN-1_RTN-2.C2T_merge_G2A.tsv         -c ../bam/293T-bat_Vector-VEGFA-PD_rep1_bwa_hg38_sort_rmdup_MAPQ20.bam         -t ../bam/293T-bat_All-EMX1-PD_rep1_bwa_hg38_sort_rmdup_MAPQ20.bam         -r /home/zhaohuanan/zhaohn_HD/2.database/fasta_hg38/hg38_only_chromosome.fa         -p 24         --query_mutation_type CT,GA         --mpmat_filter_info_col_index -1         --mpmat_block_info_col_index -1         --seq_reads_length 150         --poisson_method mutation
        
        (one of the commands exited with non-zero exit code; note that snakemake uses bash strict mode!)
    cluster_jobid: 198587

Error executing rule poisson_test on cluster (jobid: 11, external: 198587, jobscript: /gpfs/user/zhaohuanan/3.project/2021_CBE_variant_and_GBE_topic/20210202_DetectSeq_M2-YE1-33A-call-points_sgRNA-EMX1-VEGFA_redo/snakepipes_Detect-seq/.snakemake/tmp.yvc5ixlo/snakejob.poisson_test.11.sh). For error details see the cluster log and the log files of the involved rule(s).
Trying to restart job 11.

[Thu Feb  4 23:53:28 2021]
rule poisson_test:
    input: ../mpmat_filter_merge/293T-bat_All-EMX1-PD_rep1_hg38.filtered_SMN-3_SCN-6_SMR-0.1_RPN-1_RTN-2.C2T_merge_G2A.sort.intersected.mpmat, ../bam/293T-bat_Vector-VEGFA-PD_rep1_bwa_hg38_sort_rmdup_MAPQ20.bam, ../bam/293T-bat_All-EMX1-PD_rep1_bwa_hg38_sort_rmdup_MAPQ20.bam
    output: ../table/detect_seq.StatsTest.table_CTRL-Vector-VEGFA-PD_TREAT-All-EMX1-PD_rep1.filtered_SMN-3_SCN-6_SMR-0.1_RPN-1_RTN-2.C2T_merge_G2A.tsv
    jobid: 11
    reason: Missing output files: ../table/detect_seq.StatsTest.table_CTRL-Vector-VEGFA-PD_TREAT-All-EMX1-PD_rep1.filtered_SMN-3_SCN-6_SMR-0.1_RPN-1_RTN-2.C2T_merge_G2A.tsv
    wildcards: ctrl=Vector-VEGFA-PD, treat=All-EMX1-PD, rep=rep1, SMN=3, SCN=6, SMR=0.1, RPN=1, RTN=2, a=C, b=T, c=G, d=A


        /home/zhaohuanan/zhaohn_HD/miniconda3/envs/snakepipes_detect-seq/bin/python ./program/find-significant-mpmat-V05.py         -i ../mpmat_filter_merge/293T-bat_All-EMX1-PD_rep1_hg38.filtered_SMN-3_SCN-6_SMR-0.1_RPN-1_RTN-2.C2T_merge_G2A.sort.intersected.mpmat         -o ../table/detect_seq.StatsTest.table_CTRL-Vector-VEGFA-PD_TREAT-All-EMX1-PD_rep1.filtered_SMN-3_SCN-6_SMR-0.1_RPN-1_RTN-2.C2T_merge_G2A.tsv         -c ../bam/293T-bat_Vector-VEGFA-PD_rep1_bwa_hg38_sort_rmdup_MAPQ20.bam         -t ../bam/293T-bat_All-EMX1-PD_rep1_bwa_hg38_sort_rmdup_MAPQ20.bam         -r /home/zhaohuanan/zhaohn_HD/2.database/fasta_hg38/hg38_only_chromosome.fa         -p 24         --query_mutation_type CT,GA         --mpmat_filter_info_col_index -1         --mpmat_block_info_col_index -1         --seq_reads_length 150         --poisson_method mutation
        
Submitted job 11 with external jobid '198593'.
[Thu Feb  4 23:57:00 2021]
Error in rule poisson_test:
    jobid: 3
    output: ../table/detect_seq.StatsTest.table_CTRL-Vector-VEGFA-PD_TREAT-YE1-VEGFA-PD_rep1.filtered_SMN-3_SCN-6_SMR-0.1_RPN-1_RTN-2.C2T_merge_G2A.tsv
    shell:
        
        /home/zhaohuanan/zhaohn_HD/miniconda3/envs/snakepipes_detect-seq/bin/python ./program/find-significant-mpmat-V05.py         -i ../mpmat_filter_merge/293T-bat_YE1-VEGFA-PD_rep1_hg38.filtered_SMN-3_SCN-6_SMR-0.1_RPN-1_RTN-2.C2T_merge_G2A.sort.intersected.mpmat         -o ../table/detect_seq.StatsTest.table_CTRL-Vector-VEGFA-PD_TREAT-YE1-VEGFA-PD_rep1.filtered_SMN-3_SCN-6_SMR-0.1_RPN-1_RTN-2.C2T_merge_G2A.tsv         -c ../bam/293T-bat_Vector-VEGFA-PD_rep1_bwa_hg38_sort_rmdup_MAPQ20.bam         -t ../bam/293T-bat_YE1-VEGFA-PD_rep1_bwa_hg38_sort_rmdup_MAPQ20.bam         -r /home/zhaohuanan/zhaohn_HD/2.database/fasta_hg38/hg38_only_chromosome.fa         -p 24         --query_mutation_type CT,GA         --mpmat_filter_info_col_index -1         --mpmat_block_info_col_index -1         --seq_reads_length 150         --poisson_method mutation
        
        (one of the commands exited with non-zero exit code; note that snakemake uses bash strict mode!)
    cluster_jobid: 198588

Error executing rule poisson_test on cluster (jobid: 3, external: 198588, jobscript: /gpfs/user/zhaohuanan/3.project/2021_CBE_variant_and_GBE_topic/20210202_DetectSeq_M2-YE1-33A-call-points_sgRNA-EMX1-VEGFA_redo/snakepipes_Detect-seq/.snakemake/tmp.yvc5ixlo/snakejob.poisson_test.3.sh). For error details see the cluster log and the log files of the involved rule(s).
Trying to restart job 3.

[Thu Feb  4 23:57:00 2021]
rule poisson_test:
    input: ../mpmat_filter_merge/293T-bat_YE1-VEGFA-PD_rep1_hg38.filtered_SMN-3_SCN-6_SMR-0.1_RPN-1_RTN-2.C2T_merge_G2A.sort.intersected.mpmat, ../bam/293T-bat_Vector-VEGFA-PD_rep1_bwa_hg38_sort_rmdup_MAPQ20.bam, ../bam/293T-bat_YE1-VEGFA-PD_rep1_bwa_hg38_sort_rmdup_MAPQ20.bam
    output: ../table/detect_seq.StatsTest.table_CTRL-Vector-VEGFA-PD_TREAT-YE1-VEGFA-PD_rep1.filtered_SMN-3_SCN-6_SMR-0.1_RPN-1_RTN-2.C2T_merge_G2A.tsv
    jobid: 3
    reason: Missing output files: ../table/detect_seq.StatsTest.table_CTRL-Vector-VEGFA-PD_TREAT-YE1-VEGFA-PD_rep1.filtered_SMN-3_SCN-6_SMR-0.1_RPN-1_RTN-2.C2T_merge_G2A.tsv
    wildcards: ctrl=Vector-VEGFA-PD, treat=YE1-VEGFA-PD, rep=rep1, SMN=3, SCN=6, SMR=0.1, RPN=1, RTN=2, a=C, b=T, c=G, d=A


        /home/zhaohuanan/zhaohn_HD/miniconda3/envs/snakepipes_detect-seq/bin/python ./program/find-significant-mpmat-V05.py         -i ../mpmat_filter_merge/293T-bat_YE1-VEGFA-PD_rep1_hg38.filtered_SMN-3_SCN-6_SMR-0.1_RPN-1_RTN-2.C2T_merge_G2A.sort.intersected.mpmat         -o ../table/detect_seq.StatsTest.table_CTRL-Vector-VEGFA-PD_TREAT-YE1-VEGFA-PD_rep1.filtered_SMN-3_SCN-6_SMR-0.1_RPN-1_RTN-2.C2T_merge_G2A.tsv         -c ../bam/293T-bat_Vector-VEGFA-PD_rep1_bwa_hg38_sort_rmdup_MAPQ20.bam         -t ../bam/293T-bat_YE1-VEGFA-PD_rep1_bwa_hg38_sort_rmdup_MAPQ20.bam         -r /home/zhaohuanan/zhaohn_HD/2.database/fasta_hg38/hg38_only_chromosome.fa         -p 24         --query_mutation_type CT,GA         --mpmat_filter_info_col_index -1         --mpmat_block_info_col_index -1         --seq_reads_length 150         --poisson_method mutation
        
Submitted job 3 with external jobid '198594'.
[Thu Feb  4 23:57:44 2021]
Error in rule poisson_test:
    jobid: 7
    output: ../table/detect_seq.StatsTest.table_CTRL-Vector-VEGFA-PD_TREAT-33A-VEGFA-PD_rep1.filtered_SMN-3_SCN-6_SMR-0.1_RPN-1_RTN-2.C2T_merge_G2A.tsv
    shell:
        
        /home/zhaohuanan/zhaohn_HD/miniconda3/envs/snakepipes_detect-seq/bin/python ./program/find-significant-mpmat-V05.py         -i ../mpmat_filter_merge/293T-bat_33A-VEGFA-PD_rep1_hg38.filtered_SMN-3_SCN-6_SMR-0.1_RPN-1_RTN-2.C2T_merge_G2A.sort.intersected.mpmat         -o ../table/detect_seq.StatsTest.table_CTRL-Vector-VEGFA-PD_TREAT-33A-VEGFA-PD_rep1.filtered_SMN-3_SCN-6_SMR-0.1_RPN-1_RTN-2.C2T_merge_G2A.tsv         -c ../bam/293T-bat_Vector-VEGFA-PD_rep1_bwa_hg38_sort_rmdup_MAPQ20.bam         -t ../bam/293T-bat_33A-VEGFA-PD_rep1_bwa_hg38_sort_rmdup_MAPQ20.bam         -r /home/zhaohuanan/zhaohn_HD/2.database/fasta_hg38/hg38_only_chromosome.fa         -p 24         --query_mutation_type CT,GA         --mpmat_filter_info_col_index -1         --mpmat_block_info_col_index -1         --seq_reads_length 150         --poisson_method mutation
        
        (one of the commands exited with non-zero exit code; note that snakemake uses bash strict mode!)
    cluster_jobid: 198589

Error executing rule poisson_test on cluster (jobid: 7, external: 198589, jobscript: /gpfs/user/zhaohuanan/3.project/2021_CBE_variant_and_GBE_topic/20210202_DetectSeq_M2-YE1-33A-call-points_sgRNA-EMX1-VEGFA_redo/snakepipes_Detect-seq/.snakemake/tmp.yvc5ixlo/snakejob.poisson_test.7.sh). For error details see the cluster log and the log files of the involved rule(s).
Trying to restart job 7.

[Thu Feb  4 23:57:44 2021]
rule poisson_test:
    input: ../mpmat_filter_merge/293T-bat_33A-VEGFA-PD_rep1_hg38.filtered_SMN-3_SCN-6_SMR-0.1_RPN-1_RTN-2.C2T_merge_G2A.sort.intersected.mpmat, ../bam/293T-bat_Vector-VEGFA-PD_rep1_bwa_hg38_sort_rmdup_MAPQ20.bam, ../bam/293T-bat_33A-VEGFA-PD_rep1_bwa_hg38_sort_rmdup_MAPQ20.bam
    output: ../table/detect_seq.StatsTest.table_CTRL-Vector-VEGFA-PD_TREAT-33A-VEGFA-PD_rep1.filtered_SMN-3_SCN-6_SMR-0.1_RPN-1_RTN-2.C2T_merge_G2A.tsv
    jobid: 7
    reason: Missing output files: ../table/detect_seq.StatsTest.table_CTRL-Vector-VEGFA-PD_TREAT-33A-VEGFA-PD_rep1.filtered_SMN-3_SCN-6_SMR-0.1_RPN-1_RTN-2.C2T_merge_G2A.tsv
    wildcards: ctrl=Vector-VEGFA-PD, treat=33A-VEGFA-PD, rep=rep1, SMN=3, SCN=6, SMR=0.1, RPN=1, RTN=2, a=C, b=T, c=G, d=A


        /home/zhaohuanan/zhaohn_HD/miniconda3/envs/snakepipes_detect-seq/bin/python ./program/find-significant-mpmat-V05.py         -i ../mpmat_filter_merge/293T-bat_33A-VEGFA-PD_rep1_hg38.filtered_SMN-3_SCN-6_SMR-0.1_RPN-1_RTN-2.C2T_merge_G2A.sort.intersected.mpmat         -o ../table/detect_seq.StatsTest.table_CTRL-Vector-VEGFA-PD_TREAT-33A-VEGFA-PD_rep1.filtered_SMN-3_SCN-6_SMR-0.1_RPN-1_RTN-2.C2T_merge_G2A.tsv         -c ../bam/293T-bat_Vector-VEGFA-PD_rep1_bwa_hg38_sort_rmdup_MAPQ20.bam         -t ../bam/293T-bat_33A-VEGFA-PD_rep1_bwa_hg38_sort_rmdup_MAPQ20.bam         -r /home/zhaohuanan/zhaohn_HD/2.database/fasta_hg38/hg38_only_chromosome.fa         -p 24         --query_mutation_type CT,GA         --mpmat_filter_info_col_index -1         --mpmat_block_info_col_index -1         --seq_reads_length 150         --poisson_method mutation
        
Submitted job 7 with external jobid '198595'.
[Thu Feb  4 23:59:02 2021]
Error in rule poisson_test:
    jobid: 4
    output: ../table/detect_seq.StatsTest.table_CTRL-Vector-VEGFA-PD_TREAT-YE1-VEGFA-PD_rep2.filtered_SMN-3_SCN-6_SMR-0.1_RPN-1_RTN-2.C2T_merge_G2A.tsv
    shell:
        
        /home/zhaohuanan/zhaohn_HD/miniconda3/envs/snakepipes_detect-seq/bin/python ./program/find-significant-mpmat-V05.py         -i ../mpmat_filter_merge/293T-bat_YE1-VEGFA-PD_rep2_hg38.filtered_SMN-3_SCN-6_SMR-0.1_RPN-1_RTN-2.C2T_merge_G2A.sort.intersected.mpmat         -o ../table/detect_seq.StatsTest.table_CTRL-Vector-VEGFA-PD_TREAT-YE1-VEGFA-PD_rep2.filtered_SMN-3_SCN-6_SMR-0.1_RPN-1_RTN-2.C2T_merge_G2A.tsv         -c ../bam/293T-bat_Vector-VEGFA-PD_rep2_bwa_hg38_sort_rmdup_MAPQ20.bam         -t ../bam/293T-bat_YE1-VEGFA-PD_rep2_bwa_hg38_sort_rmdup_MAPQ20.bam         -r /home/zhaohuanan/zhaohn_HD/2.database/fasta_hg38/hg38_only_chromosome.fa         -p 24         --query_mutation_type CT,GA         --mpmat_filter_info_col_index -1         --mpmat_block_info_col_index -1         --seq_reads_length 150         --poisson_method mutation
        
        (one of the commands exited with non-zero exit code; note that snakemake uses bash strict mode!)
    cluster_jobid: 198590

Error executing rule poisson_test on cluster (jobid: 4, external: 198590, jobscript: /gpfs/user/zhaohuanan/3.project/2021_CBE_variant_and_GBE_topic/20210202_DetectSeq_M2-YE1-33A-call-points_sgRNA-EMX1-VEGFA_redo/snakepipes_Detect-seq/.snakemake/tmp.yvc5ixlo/snakejob.poisson_test.4.sh). For error details see the cluster log and the log files of the involved rule(s).
Trying to restart job 4.

[Thu Feb  4 23:59:02 2021]
rule poisson_test:
    input: ../mpmat_filter_merge/293T-bat_YE1-VEGFA-PD_rep2_hg38.filtered_SMN-3_SCN-6_SMR-0.1_RPN-1_RTN-2.C2T_merge_G2A.sort.intersected.mpmat, ../bam/293T-bat_Vector-VEGFA-PD_rep2_bwa_hg38_sort_rmdup_MAPQ20.bam, ../bam/293T-bat_YE1-VEGFA-PD_rep2_bwa_hg38_sort_rmdup_MAPQ20.bam
    output: ../table/detect_seq.StatsTest.table_CTRL-Vector-VEGFA-PD_TREAT-YE1-VEGFA-PD_rep2.filtered_SMN-3_SCN-6_SMR-0.1_RPN-1_RTN-2.C2T_merge_G2A.tsv
    jobid: 4
    reason: Missing output files: ../table/detect_seq.StatsTest.table_CTRL-Vector-VEGFA-PD_TREAT-YE1-VEGFA-PD_rep2.filtered_SMN-3_SCN-6_SMR-0.1_RPN-1_RTN-2.C2T_merge_G2A.tsv
    wildcards: ctrl=Vector-VEGFA-PD, treat=YE1-VEGFA-PD, rep=rep2, SMN=3, SCN=6, SMR=0.1, RPN=1, RTN=2, a=C, b=T, c=G, d=A


        /home/zhaohuanan/zhaohn_HD/miniconda3/envs/snakepipes_detect-seq/bin/python ./program/find-significant-mpmat-V05.py         -i ../mpmat_filter_merge/293T-bat_YE1-VEGFA-PD_rep2_hg38.filtered_SMN-3_SCN-6_SMR-0.1_RPN-1_RTN-2.C2T_merge_G2A.sort.intersected.mpmat         -o ../table/detect_seq.StatsTest.table_CTRL-Vector-VEGFA-PD_TREAT-YE1-VEGFA-PD_rep2.filtered_SMN-3_SCN-6_SMR-0.1_RPN-1_RTN-2.C2T_merge_G2A.tsv         -c ../bam/293T-bat_Vector-VEGFA-PD_rep2_bwa_hg38_sort_rmdup_MAPQ20.bam         -t ../bam/293T-bat_YE1-VEGFA-PD_rep2_bwa_hg38_sort_rmdup_MAPQ20.bam         -r /home/zhaohuanan/zhaohn_HD/2.database/fasta_hg38/hg38_only_chromosome.fa         -p 24         --query_mutation_type CT,GA         --mpmat_filter_info_col_index -1         --mpmat_block_info_col_index -1         --seq_reads_length 150         --poisson_method mutation
        
Submitted job 4 with external jobid '198596'.
[Fri Feb  5 00:00:20 2021]
Error in rule poisson_test:
    jobid: 12
    output: ../table/detect_seq.StatsTest.table_CTRL-Vector-VEGFA-PD_TREAT-All-EMX1-PD_rep2.filtered_SMN-3_SCN-6_SMR-0.1_RPN-1_RTN-2.C2T_merge_G2A.tsv
    shell:
        
        /home/zhaohuanan/zhaohn_HD/miniconda3/envs/snakepipes_detect-seq/bin/python ./program/find-significant-mpmat-V05.py         -i ../mpmat_filter_merge/293T-bat_All-EMX1-PD_rep2_hg38.filtered_SMN-3_SCN-6_SMR-0.1_RPN-1_RTN-2.C2T_merge_G2A.sort.intersected.mpmat         -o ../table/detect_seq.StatsTest.table_CTRL-Vector-VEGFA-PD_TREAT-All-EMX1-PD_rep2.filtered_SMN-3_SCN-6_SMR-0.1_RPN-1_RTN-2.C2T_merge_G2A.tsv         -c ../bam/293T-bat_Vector-VEGFA-PD_rep2_bwa_hg38_sort_rmdup_MAPQ20.bam         -t ../bam/293T-bat_All-EMX1-PD_rep2_bwa_hg38_sort_rmdup_MAPQ20.bam         -r /home/zhaohuanan/zhaohn_HD/2.database/fasta_hg38/hg38_only_chromosome.fa         -p 24         --query_mutation_type CT,GA         --mpmat_filter_info_col_index -1         --mpmat_block_info_col_index -1         --seq_reads_length 150         --poisson_method mutation
        
        (one of the commands exited with non-zero exit code; note that snakemake uses bash strict mode!)
    cluster_jobid: 198591

Error executing rule poisson_test on cluster (jobid: 12, external: 198591, jobscript: /gpfs/user/zhaohuanan/3.project/2021_CBE_variant_and_GBE_topic/20210202_DetectSeq_M2-YE1-33A-call-points_sgRNA-EMX1-VEGFA_redo/snakepipes_Detect-seq/.snakemake/tmp.yvc5ixlo/snakejob.poisson_test.12.sh). For error details see the cluster log and the log files of the involved rule(s).
Trying to restart job 12.

[Fri Feb  5 00:00:20 2021]
rule poisson_test:
    input: ../mpmat_filter_merge/293T-bat_All-EMX1-PD_rep2_hg38.filtered_SMN-3_SCN-6_SMR-0.1_RPN-1_RTN-2.C2T_merge_G2A.sort.intersected.mpmat, ../bam/293T-bat_Vector-VEGFA-PD_rep2_bwa_hg38_sort_rmdup_MAPQ20.bam, ../bam/293T-bat_All-EMX1-PD_rep2_bwa_hg38_sort_rmdup_MAPQ20.bam
    output: ../table/detect_seq.StatsTest.table_CTRL-Vector-VEGFA-PD_TREAT-All-EMX1-PD_rep2.filtered_SMN-3_SCN-6_SMR-0.1_RPN-1_RTN-2.C2T_merge_G2A.tsv
    jobid: 12
    reason: Missing output files: ../table/detect_seq.StatsTest.table_CTRL-Vector-VEGFA-PD_TREAT-All-EMX1-PD_rep2.filtered_SMN-3_SCN-6_SMR-0.1_RPN-1_RTN-2.C2T_merge_G2A.tsv
    wildcards: ctrl=Vector-VEGFA-PD, treat=All-EMX1-PD, rep=rep2, SMN=3, SCN=6, SMR=0.1, RPN=1, RTN=2, a=C, b=T, c=G, d=A


        /home/zhaohuanan/zhaohn_HD/miniconda3/envs/snakepipes_detect-seq/bin/python ./program/find-significant-mpmat-V05.py         -i ../mpmat_filter_merge/293T-bat_All-EMX1-PD_rep2_hg38.filtered_SMN-3_SCN-6_SMR-0.1_RPN-1_RTN-2.C2T_merge_G2A.sort.intersected.mpmat         -o ../table/detect_seq.StatsTest.table_CTRL-Vector-VEGFA-PD_TREAT-All-EMX1-PD_rep2.filtered_SMN-3_SCN-6_SMR-0.1_RPN-1_RTN-2.C2T_merge_G2A.tsv         -c ../bam/293T-bat_Vector-VEGFA-PD_rep2_bwa_hg38_sort_rmdup_MAPQ20.bam         -t ../bam/293T-bat_All-EMX1-PD_rep2_bwa_hg38_sort_rmdup_MAPQ20.bam         -r /home/zhaohuanan/zhaohn_HD/2.database/fasta_hg38/hg38_only_chromosome.fa         -p 24         --query_mutation_type CT,GA         --mpmat_filter_info_col_index -1         --mpmat_block_info_col_index -1         --seq_reads_length 150         --poisson_method mutation
        
Submitted job 12 with external jobid '198597'.
Terminating processes on user request, this might take some time.
Will exit after finishing currently running jobs.
Complete log: /gpfs/user/zhaohuanan/3.project/2021_CBE_variant_and_GBE_topic/20210202_DetectSeq_M2-YE1-33A-call-points_sgRNA-EMX1-VEGFA_redo/snakepipes_Detect-seq/.snakemake/log/2021-02-04T230739.736211.snakemake.log
