Building DAG of jobs...
Using shell: /usr/bin/bash
Provided cluster nodes: 6
Job counts:
	count	jobs
	1	all
	14	poisson_test
	15

[Sat Feb  6 14:29:33 2021]
rule poisson_test:
    input: ../mpmat_merge_after_mpmat_filtered_generated_by_faker_sort/293T-33A-VEGFA-PD_rep1_hg38.sort.mpmat, ../bam/293T-bat_Vector-VEGFA-PD_rep1_bwa_hg38_sort_rmdup_MAPQ20.bam, ../bam/293T-bat_33A-VEGFA-PD_rep1_bwa_hg38_sort_rmdup_MAPQ20.bam
    output: ../table_faker/detect_seq.StatsTest.table_CTRL-Vector-VEGFA-PD_TREAT-33A-VEGFA-PD_rep1_C6M3R1_SMR0.1RT2.tsv
    log: ../table_faker/detect_seq.StatsTest.table_CTRL-Vector-VEGFA-PD_TREAT-33A-VEGFA-PD_rep1_C6M3R1_SMR0.1RT2.tsv.log
    jobid: 7
    reason: Missing output files: ../table_faker/detect_seq.StatsTest.table_CTRL-Vector-VEGFA-PD_TREAT-33A-VEGFA-PD_rep1_C6M3R1_SMR0.1RT2.tsv
    wildcards: ctrl=Vector-VEGFA-PD, treat=33A-VEGFA-PD, rep=rep1


        /home/zhaohuanan/zhaohn_HD/miniconda3/envs/snakepipes_detect-seq/bin/python ./program/find-significant-mpmat-V05.py         -i ../mpmat_merge_after_mpmat_filtered_generated_by_faker_sort/293T-33A-VEGFA-PD_rep1_hg38.sort.mpmat         -o ../table_faker/detect_seq.StatsTest.table_CTRL-Vector-VEGFA-PD_TREAT-33A-VEGFA-PD_rep1_C6M3R1_SMR0.1RT2.tsv         -c ../bam/293T-bat_Vector-VEGFA-PD_rep1_bwa_hg38_sort_rmdup_MAPQ20.bam         -t ../bam/293T-bat_33A-VEGFA-PD_rep1_bwa_hg38_sort_rmdup_MAPQ20.bam         -r /home/zhaohuanan/zhaohn_HD/2.database/db_genomes/genome_fa/genome_ucsc_hg38/genome_ucsc_hg38.fa         -p 24         --query_mutation_type CT,GA         --mpmat_filter_info_col_index -1         --mpmat_block_info_col_index -1         --seq_reads_length 150         --poisson_method mutation > ../table_faker/detect_seq.StatsTest.table_CTRL-Vector-VEGFA-PD_TREAT-33A-VEGFA-PD_rep1_C6M3R1_SMR0.1RT2.tsv.log 2>&1
        
Submitted job 7 with external jobid '198644'.

[Sat Feb  6 14:29:33 2021]
rule poisson_test:
    input: ../mpmat_merge_after_mpmat_filtered_generated_by_faker_sort/293T-M2-EMX1-PD_rep1_hg38.sort.mpmat, ../bam/293T-bat_Vector-VEGFA-PD_rep1_bwa_hg38_sort_rmdup_MAPQ20.bam, ../bam/293T-bat_M2-EMX1-PD_rep1_bwa_hg38_sort_rmdup_MAPQ20.bam
    output: ../table_faker/detect_seq.StatsTest.table_CTRL-Vector-VEGFA-PD_TREAT-M2-EMX1-PD_rep1_C6M3R1_SMR0.1RT2.tsv
    log: ../table_faker/detect_seq.StatsTest.table_CTRL-Vector-VEGFA-PD_TREAT-M2-EMX1-PD_rep1_C6M3R1_SMR0.1RT2.tsv.log
    jobid: 9
    reason: Missing output files: ../table_faker/detect_seq.StatsTest.table_CTRL-Vector-VEGFA-PD_TREAT-M2-EMX1-PD_rep1_C6M3R1_SMR0.1RT2.tsv
    wildcards: ctrl=Vector-VEGFA-PD, treat=M2-EMX1-PD, rep=rep1


        /home/zhaohuanan/zhaohn_HD/miniconda3/envs/snakepipes_detect-seq/bin/python ./program/find-significant-mpmat-V05.py         -i ../mpmat_merge_after_mpmat_filtered_generated_by_faker_sort/293T-M2-EMX1-PD_rep1_hg38.sort.mpmat         -o ../table_faker/detect_seq.StatsTest.table_CTRL-Vector-VEGFA-PD_TREAT-M2-EMX1-PD_rep1_C6M3R1_SMR0.1RT2.tsv         -c ../bam/293T-bat_Vector-VEGFA-PD_rep1_bwa_hg38_sort_rmdup_MAPQ20.bam         -t ../bam/293T-bat_M2-EMX1-PD_rep1_bwa_hg38_sort_rmdup_MAPQ20.bam         -r /home/zhaohuanan/zhaohn_HD/2.database/db_genomes/genome_fa/genome_ucsc_hg38/genome_ucsc_hg38.fa         -p 24         --query_mutation_type CT,GA         --mpmat_filter_info_col_index -1         --mpmat_block_info_col_index -1         --seq_reads_length 150         --poisson_method mutation > ../table_faker/detect_seq.StatsTest.table_CTRL-Vector-VEGFA-PD_TREAT-M2-EMX1-PD_rep1_C6M3R1_SMR0.1RT2.tsv.log 2>&1
        
Submitted job 9 with external jobid '198645'.

[Sat Feb  6 14:29:33 2021]
rule poisson_test:
    input: ../mpmat_merge_after_mpmat_filtered_generated_by_faker_sort/293T-M2-EMX1-PD_rep2_hg38.sort.mpmat, ../bam/293T-bat_Vector-VEGFA-PD_rep2_bwa_hg38_sort_rmdup_MAPQ20.bam, ../bam/293T-bat_M2-EMX1-PD_rep2_bwa_hg38_sort_rmdup_MAPQ20.bam
    output: ../table_faker/detect_seq.StatsTest.table_CTRL-Vector-VEGFA-PD_TREAT-M2-EMX1-PD_rep2_C6M3R1_SMR0.1RT2.tsv
    log: ../table_faker/detect_seq.StatsTest.table_CTRL-Vector-VEGFA-PD_TREAT-M2-EMX1-PD_rep2_C6M3R1_SMR0.1RT2.tsv.log
    jobid: 10
    reason: Missing output files: ../table_faker/detect_seq.StatsTest.table_CTRL-Vector-VEGFA-PD_TREAT-M2-EMX1-PD_rep2_C6M3R1_SMR0.1RT2.tsv
    wildcards: ctrl=Vector-VEGFA-PD, treat=M2-EMX1-PD, rep=rep2


        /home/zhaohuanan/zhaohn_HD/miniconda3/envs/snakepipes_detect-seq/bin/python ./program/find-significant-mpmat-V05.py         -i ../mpmat_merge_after_mpmat_filtered_generated_by_faker_sort/293T-M2-EMX1-PD_rep2_hg38.sort.mpmat         -o ../table_faker/detect_seq.StatsTest.table_CTRL-Vector-VEGFA-PD_TREAT-M2-EMX1-PD_rep2_C6M3R1_SMR0.1RT2.tsv         -c ../bam/293T-bat_Vector-VEGFA-PD_rep2_bwa_hg38_sort_rmdup_MAPQ20.bam         -t ../bam/293T-bat_M2-EMX1-PD_rep2_bwa_hg38_sort_rmdup_MAPQ20.bam         -r /home/zhaohuanan/zhaohn_HD/2.database/db_genomes/genome_fa/genome_ucsc_hg38/genome_ucsc_hg38.fa         -p 24         --query_mutation_type CT,GA         --mpmat_filter_info_col_index -1         --mpmat_block_info_col_index -1         --seq_reads_length 150         --poisson_method mutation > ../table_faker/detect_seq.StatsTest.table_CTRL-Vector-VEGFA-PD_TREAT-M2-EMX1-PD_rep2_C6M3R1_SMR0.1RT2.tsv.log 2>&1
        
Submitted job 10 with external jobid '198646'.

[Sat Feb  6 14:29:34 2021]
rule poisson_test:
    input: ../mpmat_merge_after_mpmat_filtered_generated_by_faker_sort/293T-All-EMX1-PD_rep2_hg38.sort.mpmat, ../bam/293T-bat_Vector-VEGFA-PD_rep2_bwa_hg38_sort_rmdup_MAPQ20.bam, ../bam/293T-bat_All-EMX1-PD_rep2_bwa_hg38_sort_rmdup_MAPQ20.bam
    output: ../table_faker/detect_seq.StatsTest.table_CTRL-Vector-VEGFA-PD_TREAT-All-EMX1-PD_rep2_C6M3R1_SMR0.1RT2.tsv
    log: ../table_faker/detect_seq.StatsTest.table_CTRL-Vector-VEGFA-PD_TREAT-All-EMX1-PD_rep2_C6M3R1_SMR0.1RT2.tsv.log
    jobid: 12
    reason: Missing output files: ../table_faker/detect_seq.StatsTest.table_CTRL-Vector-VEGFA-PD_TREAT-All-EMX1-PD_rep2_C6M3R1_SMR0.1RT2.tsv
    wildcards: ctrl=Vector-VEGFA-PD, treat=All-EMX1-PD, rep=rep2


        /home/zhaohuanan/zhaohn_HD/miniconda3/envs/snakepipes_detect-seq/bin/python ./program/find-significant-mpmat-V05.py         -i ../mpmat_merge_after_mpmat_filtered_generated_by_faker_sort/293T-All-EMX1-PD_rep2_hg38.sort.mpmat         -o ../table_faker/detect_seq.StatsTest.table_CTRL-Vector-VEGFA-PD_TREAT-All-EMX1-PD_rep2_C6M3R1_SMR0.1RT2.tsv         -c ../bam/293T-bat_Vector-VEGFA-PD_rep2_bwa_hg38_sort_rmdup_MAPQ20.bam         -t ../bam/293T-bat_All-EMX1-PD_rep2_bwa_hg38_sort_rmdup_MAPQ20.bam         -r /home/zhaohuanan/zhaohn_HD/2.database/db_genomes/genome_fa/genome_ucsc_hg38/genome_ucsc_hg38.fa         -p 24         --query_mutation_type CT,GA         --mpmat_filter_info_col_index -1         --mpmat_block_info_col_index -1         --seq_reads_length 150         --poisson_method mutation > ../table_faker/detect_seq.StatsTest.table_CTRL-Vector-VEGFA-PD_TREAT-All-EMX1-PD_rep2_C6M3R1_SMR0.1RT2.tsv.log 2>&1
        
Submitted job 12 with external jobid '198647'.

[Sat Feb  6 14:29:34 2021]
rule poisson_test:
    input: ../mpmat_merge_after_mpmat_filtered_generated_by_faker_sort/293T-33A-VEGFA-PD_rep2_hg38.sort.mpmat, ../bam/293T-bat_Vector-VEGFA-PD_rep2_bwa_hg38_sort_rmdup_MAPQ20.bam, ../bam/293T-bat_33A-VEGFA-PD_rep2_bwa_hg38_sort_rmdup_MAPQ20.bam
    output: ../table_faker/detect_seq.StatsTest.table_CTRL-Vector-VEGFA-PD_TREAT-33A-VEGFA-PD_rep2_C6M3R1_SMR0.1RT2.tsv
    log: ../table_faker/detect_seq.StatsTest.table_CTRL-Vector-VEGFA-PD_TREAT-33A-VEGFA-PD_rep2_C6M3R1_SMR0.1RT2.tsv.log
    jobid: 8
    reason: Missing output files: ../table_faker/detect_seq.StatsTest.table_CTRL-Vector-VEGFA-PD_TREAT-33A-VEGFA-PD_rep2_C6M3R1_SMR0.1RT2.tsv
    wildcards: ctrl=Vector-VEGFA-PD, treat=33A-VEGFA-PD, rep=rep2


        /home/zhaohuanan/zhaohn_HD/miniconda3/envs/snakepipes_detect-seq/bin/python ./program/find-significant-mpmat-V05.py         -i ../mpmat_merge_after_mpmat_filtered_generated_by_faker_sort/293T-33A-VEGFA-PD_rep2_hg38.sort.mpmat         -o ../table_faker/detect_seq.StatsTest.table_CTRL-Vector-VEGFA-PD_TREAT-33A-VEGFA-PD_rep2_C6M3R1_SMR0.1RT2.tsv         -c ../bam/293T-bat_Vector-VEGFA-PD_rep2_bwa_hg38_sort_rmdup_MAPQ20.bam         -t ../bam/293T-bat_33A-VEGFA-PD_rep2_bwa_hg38_sort_rmdup_MAPQ20.bam         -r /home/zhaohuanan/zhaohn_HD/2.database/db_genomes/genome_fa/genome_ucsc_hg38/genome_ucsc_hg38.fa         -p 24         --query_mutation_type CT,GA         --mpmat_filter_info_col_index -1         --mpmat_block_info_col_index -1         --seq_reads_length 150         --poisson_method mutation > ../table_faker/detect_seq.StatsTest.table_CTRL-Vector-VEGFA-PD_TREAT-33A-VEGFA-PD_rep2_C6M3R1_SMR0.1RT2.tsv.log 2>&1
        
Submitted job 8 with external jobid '198648'.

[Sat Feb  6 14:29:34 2021]
rule poisson_test:
    input: ../mpmat_merge_after_mpmat_filtered_generated_by_faker_sort/293T-All-VEGFA-PD_rep2_hg38.sort.mpmat, ../bam/293T-bat_Vector-VEGFA-PD_rep2_bwa_hg38_sort_rmdup_MAPQ20.bam, ../bam/293T-bat_All-VEGFA-PD_rep2_bwa_hg38_sort_rmdup_MAPQ20.bam
    output: ../table_faker/detect_seq.StatsTest.table_CTRL-Vector-VEGFA-PD_TREAT-All-VEGFA-PD_rep2_C6M3R1_SMR0.1RT2.tsv
    log: ../table_faker/detect_seq.StatsTest.table_CTRL-Vector-VEGFA-PD_TREAT-All-VEGFA-PD_rep2_C6M3R1_SMR0.1RT2.tsv.log
    jobid: 14
    reason: Missing output files: ../table_faker/detect_seq.StatsTest.table_CTRL-Vector-VEGFA-PD_TREAT-All-VEGFA-PD_rep2_C6M3R1_SMR0.1RT2.tsv
    wildcards: ctrl=Vector-VEGFA-PD, treat=All-VEGFA-PD, rep=rep2


        /home/zhaohuanan/zhaohn_HD/miniconda3/envs/snakepipes_detect-seq/bin/python ./program/find-significant-mpmat-V05.py         -i ../mpmat_merge_after_mpmat_filtered_generated_by_faker_sort/293T-All-VEGFA-PD_rep2_hg38.sort.mpmat         -o ../table_faker/detect_seq.StatsTest.table_CTRL-Vector-VEGFA-PD_TREAT-All-VEGFA-PD_rep2_C6M3R1_SMR0.1RT2.tsv         -c ../bam/293T-bat_Vector-VEGFA-PD_rep2_bwa_hg38_sort_rmdup_MAPQ20.bam         -t ../bam/293T-bat_All-VEGFA-PD_rep2_bwa_hg38_sort_rmdup_MAPQ20.bam         -r /home/zhaohuanan/zhaohn_HD/2.database/db_genomes/genome_fa/genome_ucsc_hg38/genome_ucsc_hg38.fa         -p 24         --query_mutation_type CT,GA         --mpmat_filter_info_col_index -1         --mpmat_block_info_col_index -1         --seq_reads_length 150         --poisson_method mutation > ../table_faker/detect_seq.StatsTest.table_CTRL-Vector-VEGFA-PD_TREAT-All-VEGFA-PD_rep2_C6M3R1_SMR0.1RT2.tsv.log 2>&1
        
Submitted job 14 with external jobid '198649'.
[Sat Feb  6 14:42:05 2021]
Finished job 12.
1 of 15 steps (7%) done
[Sat Feb  6 14:42:49 2021]
Finished job 9.
2 of 15 steps (13%) done
[Sat Feb  6 14:43:11 2021]
Finished job 14.
3 of 15 steps (20%) done
[Sat Feb  6 14:43:32 2021]
Finished job 10.
4 of 15 steps (27%) done
[Sat Feb  6 14:47:42 2021]
Finished job 8.
5 of 15 steps (33%) done
[Sat Feb  6 14:54:49 2021]
Finished job 7.
6 of 15 steps (40%) done

[Sat Feb  6 14:54:49 2021]
rule poisson_test:
    input: ../mpmat_merge_after_mpmat_filtered_generated_by_faker_sort/293T-All-VEGFA-PD_rep1_hg38.sort.mpmat, ../bam/293T-bat_Vector-VEGFA-PD_rep1_bwa_hg38_sort_rmdup_MAPQ20.bam, ../bam/293T-bat_All-VEGFA-PD_rep1_bwa_hg38_sort_rmdup_MAPQ20.bam
    output: ../table_faker/detect_seq.StatsTest.table_CTRL-Vector-VEGFA-PD_TREAT-All-VEGFA-PD_rep1_C6M3R1_SMR0.1RT2.tsv
    log: ../table_faker/detect_seq.StatsTest.table_CTRL-Vector-VEGFA-PD_TREAT-All-VEGFA-PD_rep1_C6M3R1_SMR0.1RT2.tsv.log
    jobid: 13
    reason: Missing output files: ../table_faker/detect_seq.StatsTest.table_CTRL-Vector-VEGFA-PD_TREAT-All-VEGFA-PD_rep1_C6M3R1_SMR0.1RT2.tsv
    wildcards: ctrl=Vector-VEGFA-PD, treat=All-VEGFA-PD, rep=rep1


        /home/zhaohuanan/zhaohn_HD/miniconda3/envs/snakepipes_detect-seq/bin/python ./program/find-significant-mpmat-V05.py         -i ../mpmat_merge_after_mpmat_filtered_generated_by_faker_sort/293T-All-VEGFA-PD_rep1_hg38.sort.mpmat         -o ../table_faker/detect_seq.StatsTest.table_CTRL-Vector-VEGFA-PD_TREAT-All-VEGFA-PD_rep1_C6M3R1_SMR0.1RT2.tsv         -c ../bam/293T-bat_Vector-VEGFA-PD_rep1_bwa_hg38_sort_rmdup_MAPQ20.bam         -t ../bam/293T-bat_All-VEGFA-PD_rep1_bwa_hg38_sort_rmdup_MAPQ20.bam         -r /home/zhaohuanan/zhaohn_HD/2.database/db_genomes/genome_fa/genome_ucsc_hg38/genome_ucsc_hg38.fa         -p 24         --query_mutation_type CT,GA         --mpmat_filter_info_col_index -1         --mpmat_block_info_col_index -1         --seq_reads_length 150         --poisson_method mutation > ../table_faker/detect_seq.StatsTest.table_CTRL-Vector-VEGFA-PD_TREAT-All-VEGFA-PD_rep1_C6M3R1_SMR0.1RT2.tsv.log 2>&1
        
Submitted job 13 with external jobid '198650'.

[Sat Feb  6 14:54:50 2021]
rule poisson_test:
    input: ../mpmat_merge_after_mpmat_filtered_generated_by_faker_sort/293T-All-EMX1-PD_rep1_hg38.sort.mpmat, ../bam/293T-bat_Vector-VEGFA-PD_rep1_bwa_hg38_sort_rmdup_MAPQ20.bam, ../bam/293T-bat_All-EMX1-PD_rep1_bwa_hg38_sort_rmdup_MAPQ20.bam
    output: ../table_faker/detect_seq.StatsTest.table_CTRL-Vector-VEGFA-PD_TREAT-All-EMX1-PD_rep1_C6M3R1_SMR0.1RT2.tsv
    log: ../table_faker/detect_seq.StatsTest.table_CTRL-Vector-VEGFA-PD_TREAT-All-EMX1-PD_rep1_C6M3R1_SMR0.1RT2.tsv.log
    jobid: 11
    reason: Missing output files: ../table_faker/detect_seq.StatsTest.table_CTRL-Vector-VEGFA-PD_TREAT-All-EMX1-PD_rep1_C6M3R1_SMR0.1RT2.tsv
    wildcards: ctrl=Vector-VEGFA-PD, treat=All-EMX1-PD, rep=rep1


        /home/zhaohuanan/zhaohn_HD/miniconda3/envs/snakepipes_detect-seq/bin/python ./program/find-significant-mpmat-V05.py         -i ../mpmat_merge_after_mpmat_filtered_generated_by_faker_sort/293T-All-EMX1-PD_rep1_hg38.sort.mpmat         -o ../table_faker/detect_seq.StatsTest.table_CTRL-Vector-VEGFA-PD_TREAT-All-EMX1-PD_rep1_C6M3R1_SMR0.1RT2.tsv         -c ../bam/293T-bat_Vector-VEGFA-PD_rep1_bwa_hg38_sort_rmdup_MAPQ20.bam         -t ../bam/293T-bat_All-EMX1-PD_rep1_bwa_hg38_sort_rmdup_MAPQ20.bam         -r /home/zhaohuanan/zhaohn_HD/2.database/db_genomes/genome_fa/genome_ucsc_hg38/genome_ucsc_hg38.fa         -p 24         --query_mutation_type CT,GA         --mpmat_filter_info_col_index -1         --mpmat_block_info_col_index -1         --seq_reads_length 150         --poisson_method mutation > ../table_faker/detect_seq.StatsTest.table_CTRL-Vector-VEGFA-PD_TREAT-All-EMX1-PD_rep1_C6M3R1_SMR0.1RT2.tsv.log 2>&1
        
Submitted job 11 with external jobid '198651'.

[Sat Feb  6 14:54:50 2021]
rule poisson_test:
    input: ../mpmat_merge_after_mpmat_filtered_generated_by_faker_sort/293T-YE1-EMX1-PD_rep1_hg38.sort.mpmat, ../bam/293T-bat_Vector-VEGFA-PD_rep1_bwa_hg38_sort_rmdup_MAPQ20.bam, ../bam/293T-bat_YE1-EMX1-PD_rep1_bwa_hg38_sort_rmdup_MAPQ20.bam
    output: ../table_faker/detect_seq.StatsTest.table_CTRL-Vector-VEGFA-PD_TREAT-YE1-EMX1-PD_rep1_C6M3R1_SMR0.1RT2.tsv
    log: ../table_faker/detect_seq.StatsTest.table_CTRL-Vector-VEGFA-PD_TREAT-YE1-EMX1-PD_rep1_C6M3R1_SMR0.1RT2.tsv.log
    jobid: 1
    reason: Missing output files: ../table_faker/detect_seq.StatsTest.table_CTRL-Vector-VEGFA-PD_TREAT-YE1-EMX1-PD_rep1_C6M3R1_SMR0.1RT2.tsv
    wildcards: ctrl=Vector-VEGFA-PD, treat=YE1-EMX1-PD, rep=rep1


        /home/zhaohuanan/zhaohn_HD/miniconda3/envs/snakepipes_detect-seq/bin/python ./program/find-significant-mpmat-V05.py         -i ../mpmat_merge_after_mpmat_filtered_generated_by_faker_sort/293T-YE1-EMX1-PD_rep1_hg38.sort.mpmat         -o ../table_faker/detect_seq.StatsTest.table_CTRL-Vector-VEGFA-PD_TREAT-YE1-EMX1-PD_rep1_C6M3R1_SMR0.1RT2.tsv         -c ../bam/293T-bat_Vector-VEGFA-PD_rep1_bwa_hg38_sort_rmdup_MAPQ20.bam         -t ../bam/293T-bat_YE1-EMX1-PD_rep1_bwa_hg38_sort_rmdup_MAPQ20.bam         -r /home/zhaohuanan/zhaohn_HD/2.database/db_genomes/genome_fa/genome_ucsc_hg38/genome_ucsc_hg38.fa         -p 24         --query_mutation_type CT,GA         --mpmat_filter_info_col_index -1         --mpmat_block_info_col_index -1         --seq_reads_length 150         --poisson_method mutation > ../table_faker/detect_seq.StatsTest.table_CTRL-Vector-VEGFA-PD_TREAT-YE1-EMX1-PD_rep1_C6M3R1_SMR0.1RT2.tsv.log 2>&1
        
Submitted job 1 with external jobid '198652'.

[Sat Feb  6 14:54:50 2021]
rule poisson_test:
    input: ../mpmat_merge_after_mpmat_filtered_generated_by_faker_sort/293T-YE1-VEGFA-PD_rep1_hg38.sort.mpmat, ../bam/293T-bat_Vector-VEGFA-PD_rep1_bwa_hg38_sort_rmdup_MAPQ20.bam, ../bam/293T-bat_YE1-VEGFA-PD_rep1_bwa_hg38_sort_rmdup_MAPQ20.bam
    output: ../table_faker/detect_seq.StatsTest.table_CTRL-Vector-VEGFA-PD_TREAT-YE1-VEGFA-PD_rep1_C6M3R1_SMR0.1RT2.tsv
    log: ../table_faker/detect_seq.StatsTest.table_CTRL-Vector-VEGFA-PD_TREAT-YE1-VEGFA-PD_rep1_C6M3R1_SMR0.1RT2.tsv.log
    jobid: 3
    reason: Missing output files: ../table_faker/detect_seq.StatsTest.table_CTRL-Vector-VEGFA-PD_TREAT-YE1-VEGFA-PD_rep1_C6M3R1_SMR0.1RT2.tsv
    wildcards: ctrl=Vector-VEGFA-PD, treat=YE1-VEGFA-PD, rep=rep1


        /home/zhaohuanan/zhaohn_HD/miniconda3/envs/snakepipes_detect-seq/bin/python ./program/find-significant-mpmat-V05.py         -i ../mpmat_merge_after_mpmat_filtered_generated_by_faker_sort/293T-YE1-VEGFA-PD_rep1_hg38.sort.mpmat         -o ../table_faker/detect_seq.StatsTest.table_CTRL-Vector-VEGFA-PD_TREAT-YE1-VEGFA-PD_rep1_C6M3R1_SMR0.1RT2.tsv         -c ../bam/293T-bat_Vector-VEGFA-PD_rep1_bwa_hg38_sort_rmdup_MAPQ20.bam         -t ../bam/293T-bat_YE1-VEGFA-PD_rep1_bwa_hg38_sort_rmdup_MAPQ20.bam         -r /home/zhaohuanan/zhaohn_HD/2.database/db_genomes/genome_fa/genome_ucsc_hg38/genome_ucsc_hg38.fa         -p 24         --query_mutation_type CT,GA         --mpmat_filter_info_col_index -1         --mpmat_block_info_col_index -1         --seq_reads_length 150         --poisson_method mutation > ../table_faker/detect_seq.StatsTest.table_CTRL-Vector-VEGFA-PD_TREAT-YE1-VEGFA-PD_rep1_C6M3R1_SMR0.1RT2.tsv.log 2>&1
        
Submitted job 3 with external jobid '198653'.

[Sat Feb  6 14:54:51 2021]
rule poisson_test:
    input: ../mpmat_merge_after_mpmat_filtered_generated_by_faker_sort/293T-33A-EMX1-PD_rep1_hg38.sort.mpmat, ../bam/293T-bat_Vector-VEGFA-PD_rep1_bwa_hg38_sort_rmdup_MAPQ20.bam, ../bam/293T-bat_33A-EMX1-PD_rep1_bwa_hg38_sort_rmdup_MAPQ20.bam
    output: ../table_faker/detect_seq.StatsTest.table_CTRL-Vector-VEGFA-PD_TREAT-33A-EMX1-PD_rep1_C6M3R1_SMR0.1RT2.tsv
    log: ../table_faker/detect_seq.StatsTest.table_CTRL-Vector-VEGFA-PD_TREAT-33A-EMX1-PD_rep1_C6M3R1_SMR0.1RT2.tsv.log
    jobid: 5
    reason: Missing output files: ../table_faker/detect_seq.StatsTest.table_CTRL-Vector-VEGFA-PD_TREAT-33A-EMX1-PD_rep1_C6M3R1_SMR0.1RT2.tsv
    wildcards: ctrl=Vector-VEGFA-PD, treat=33A-EMX1-PD, rep=rep1


        /home/zhaohuanan/zhaohn_HD/miniconda3/envs/snakepipes_detect-seq/bin/python ./program/find-significant-mpmat-V05.py         -i ../mpmat_merge_after_mpmat_filtered_generated_by_faker_sort/293T-33A-EMX1-PD_rep1_hg38.sort.mpmat         -o ../table_faker/detect_seq.StatsTest.table_CTRL-Vector-VEGFA-PD_TREAT-33A-EMX1-PD_rep1_C6M3R1_SMR0.1RT2.tsv         -c ../bam/293T-bat_Vector-VEGFA-PD_rep1_bwa_hg38_sort_rmdup_MAPQ20.bam         -t ../bam/293T-bat_33A-EMX1-PD_rep1_bwa_hg38_sort_rmdup_MAPQ20.bam         -r /home/zhaohuanan/zhaohn_HD/2.database/db_genomes/genome_fa/genome_ucsc_hg38/genome_ucsc_hg38.fa         -p 24         --query_mutation_type CT,GA         --mpmat_filter_info_col_index -1         --mpmat_block_info_col_index -1         --seq_reads_length 150         --poisson_method mutation > ../table_faker/detect_seq.StatsTest.table_CTRL-Vector-VEGFA-PD_TREAT-33A-EMX1-PD_rep1_C6M3R1_SMR0.1RT2.tsv.log 2>&1
        
Submitted job 5 with external jobid '198654'.

[Sat Feb  6 14:54:51 2021]
rule poisson_test:
    input: ../mpmat_merge_after_mpmat_filtered_generated_by_faker_sort/293T-YE1-VEGFA-PD_rep2_hg38.sort.mpmat, ../bam/293T-bat_Vector-VEGFA-PD_rep2_bwa_hg38_sort_rmdup_MAPQ20.bam, ../bam/293T-bat_YE1-VEGFA-PD_rep2_bwa_hg38_sort_rmdup_MAPQ20.bam
    output: ../table_faker/detect_seq.StatsTest.table_CTRL-Vector-VEGFA-PD_TREAT-YE1-VEGFA-PD_rep2_C6M3R1_SMR0.1RT2.tsv
    log: ../table_faker/detect_seq.StatsTest.table_CTRL-Vector-VEGFA-PD_TREAT-YE1-VEGFA-PD_rep2_C6M3R1_SMR0.1RT2.tsv.log
    jobid: 4
    reason: Missing output files: ../table_faker/detect_seq.StatsTest.table_CTRL-Vector-VEGFA-PD_TREAT-YE1-VEGFA-PD_rep2_C6M3R1_SMR0.1RT2.tsv
    wildcards: ctrl=Vector-VEGFA-PD, treat=YE1-VEGFA-PD, rep=rep2


        /home/zhaohuanan/zhaohn_HD/miniconda3/envs/snakepipes_detect-seq/bin/python ./program/find-significant-mpmat-V05.py         -i ../mpmat_merge_after_mpmat_filtered_generated_by_faker_sort/293T-YE1-VEGFA-PD_rep2_hg38.sort.mpmat         -o ../table_faker/detect_seq.StatsTest.table_CTRL-Vector-VEGFA-PD_TREAT-YE1-VEGFA-PD_rep2_C6M3R1_SMR0.1RT2.tsv         -c ../bam/293T-bat_Vector-VEGFA-PD_rep2_bwa_hg38_sort_rmdup_MAPQ20.bam         -t ../bam/293T-bat_YE1-VEGFA-PD_rep2_bwa_hg38_sort_rmdup_MAPQ20.bam         -r /home/zhaohuanan/zhaohn_HD/2.database/db_genomes/genome_fa/genome_ucsc_hg38/genome_ucsc_hg38.fa         -p 24         --query_mutation_type CT,GA         --mpmat_filter_info_col_index -1         --mpmat_block_info_col_index -1         --seq_reads_length 150         --poisson_method mutation > ../table_faker/detect_seq.StatsTest.table_CTRL-Vector-VEGFA-PD_TREAT-YE1-VEGFA-PD_rep2_C6M3R1_SMR0.1RT2.tsv.log 2>&1
        
Submitted job 4 with external jobid '198655'.
[Sat Feb  6 15:07:12 2021]
Finished job 1.
7 of 15 steps (47%) done
[Sat Feb  6 15:07:34 2021]
Finished job 11.
8 of 15 steps (53%) done
[Sat Feb  6 15:07:34 2021]
Finished job 5.
9 of 15 steps (60%) done
[Sat Feb  6 15:10:44 2021]
Finished job 3.
10 of 15 steps (67%) done
[Sat Feb  6 15:11:57 2021]
Finished job 4.
11 of 15 steps (73%) done
[Sat Feb  6 15:16:53 2021]
Finished job 13.
12 of 15 steps (80%) done

[Sat Feb  6 15:16:53 2021]
rule poisson_test:
    input: ../mpmat_merge_after_mpmat_filtered_generated_by_faker_sort/293T-YE1-EMX1-PD_rep2_hg38.sort.mpmat, ../bam/293T-bat_Vector-VEGFA-PD_rep2_bwa_hg38_sort_rmdup_MAPQ20.bam, ../bam/293T-bat_YE1-EMX1-PD_rep2_bwa_hg38_sort_rmdup_MAPQ20.bam
    output: ../table_faker/detect_seq.StatsTest.table_CTRL-Vector-VEGFA-PD_TREAT-YE1-EMX1-PD_rep2_C6M3R1_SMR0.1RT2.tsv
    log: ../table_faker/detect_seq.StatsTest.table_CTRL-Vector-VEGFA-PD_TREAT-YE1-EMX1-PD_rep2_C6M3R1_SMR0.1RT2.tsv.log
    jobid: 2
    reason: Missing output files: ../table_faker/detect_seq.StatsTest.table_CTRL-Vector-VEGFA-PD_TREAT-YE1-EMX1-PD_rep2_C6M3R1_SMR0.1RT2.tsv
    wildcards: ctrl=Vector-VEGFA-PD, treat=YE1-EMX1-PD, rep=rep2


        /home/zhaohuanan/zhaohn_HD/miniconda3/envs/snakepipes_detect-seq/bin/python ./program/find-significant-mpmat-V05.py         -i ../mpmat_merge_after_mpmat_filtered_generated_by_faker_sort/293T-YE1-EMX1-PD_rep2_hg38.sort.mpmat         -o ../table_faker/detect_seq.StatsTest.table_CTRL-Vector-VEGFA-PD_TREAT-YE1-EMX1-PD_rep2_C6M3R1_SMR0.1RT2.tsv         -c ../bam/293T-bat_Vector-VEGFA-PD_rep2_bwa_hg38_sort_rmdup_MAPQ20.bam         -t ../bam/293T-bat_YE1-EMX1-PD_rep2_bwa_hg38_sort_rmdup_MAPQ20.bam         -r /home/zhaohuanan/zhaohn_HD/2.database/db_genomes/genome_fa/genome_ucsc_hg38/genome_ucsc_hg38.fa         -p 24         --query_mutation_type CT,GA         --mpmat_filter_info_col_index -1         --mpmat_block_info_col_index -1         --seq_reads_length 150         --poisson_method mutation > ../table_faker/detect_seq.StatsTest.table_CTRL-Vector-VEGFA-PD_TREAT-YE1-EMX1-PD_rep2_C6M3R1_SMR0.1RT2.tsv.log 2>&1
        
Submitted job 2 with external jobid '198656'.

[Sat Feb  6 15:16:57 2021]
rule poisson_test:
    input: ../mpmat_merge_after_mpmat_filtered_generated_by_faker_sort/293T-33A-EMX1-PD_rep2_hg38.sort.mpmat, ../bam/293T-bat_Vector-VEGFA-PD_rep2_bwa_hg38_sort_rmdup_MAPQ20.bam, ../bam/293T-bat_33A-EMX1-PD_rep2_bwa_hg38_sort_rmdup_MAPQ20.bam
    output: ../table_faker/detect_seq.StatsTest.table_CTRL-Vector-VEGFA-PD_TREAT-33A-EMX1-PD_rep2_C6M3R1_SMR0.1RT2.tsv
    log: ../table_faker/detect_seq.StatsTest.table_CTRL-Vector-VEGFA-PD_TREAT-33A-EMX1-PD_rep2_C6M3R1_SMR0.1RT2.tsv.log
    jobid: 6
    reason: Missing output files: ../table_faker/detect_seq.StatsTest.table_CTRL-Vector-VEGFA-PD_TREAT-33A-EMX1-PD_rep2_C6M3R1_SMR0.1RT2.tsv
    wildcards: ctrl=Vector-VEGFA-PD, treat=33A-EMX1-PD, rep=rep2


        /home/zhaohuanan/zhaohn_HD/miniconda3/envs/snakepipes_detect-seq/bin/python ./program/find-significant-mpmat-V05.py         -i ../mpmat_merge_after_mpmat_filtered_generated_by_faker_sort/293T-33A-EMX1-PD_rep2_hg38.sort.mpmat         -o ../table_faker/detect_seq.StatsTest.table_CTRL-Vector-VEGFA-PD_TREAT-33A-EMX1-PD_rep2_C6M3R1_SMR0.1RT2.tsv         -c ../bam/293T-bat_Vector-VEGFA-PD_rep2_bwa_hg38_sort_rmdup_MAPQ20.bam         -t ../bam/293T-bat_33A-EMX1-PD_rep2_bwa_hg38_sort_rmdup_MAPQ20.bam         -r /home/zhaohuanan/zhaohn_HD/2.database/db_genomes/genome_fa/genome_ucsc_hg38/genome_ucsc_hg38.fa         -p 24         --query_mutation_type CT,GA         --mpmat_filter_info_col_index -1         --mpmat_block_info_col_index -1         --seq_reads_length 150         --poisson_method mutation > ../table_faker/detect_seq.StatsTest.table_CTRL-Vector-VEGFA-PD_TREAT-33A-EMX1-PD_rep2_C6M3R1_SMR0.1RT2.tsv.log 2>&1
        
Submitted job 6 with external jobid '198657'.
[Sat Feb  6 15:30:01 2021]
Finished job 6.
13 of 15 steps (87%) done
[Sat Feb  6 15:35:37 2021]
Finished job 2.
14 of 15 steps (93%) done

[Sat Feb  6 15:35:38 2021]
localrule all:
    input: ../mpmat_merge_after_mpmat_filtered_generated_by_faker_sort/293T-YE1-EMX1-PD_rep1_hg38.sort.mpmat, ../mpmat_merge_after_mpmat_filtered_generated_by_faker_sort/293T-YE1-EMX1-PD_rep2_hg38.sort.mpmat, ../mpmat_merge_after_mpmat_filtered_generated_by_faker_sort/293T-YE1-VEGFA-PD_rep1_hg38.sort.mpmat, ../mpmat_merge_after_mpmat_filtered_generated_by_faker_sort/293T-YE1-VEGFA-PD_rep2_hg38.sort.mpmat, ../mpmat_merge_after_mpmat_filtered_generated_by_faker_sort/293T-33A-EMX1-PD_rep1_hg38.sort.mpmat, ../mpmat_merge_after_mpmat_filtered_generated_by_faker_sort/293T-33A-EMX1-PD_rep2_hg38.sort.mpmat, ../mpmat_merge_after_mpmat_filtered_generated_by_faker_sort/293T-33A-VEGFA-PD_rep1_hg38.sort.mpmat, ../mpmat_merge_after_mpmat_filtered_generated_by_faker_sort/293T-33A-VEGFA-PD_rep2_hg38.sort.mpmat, ../mpmat_merge_after_mpmat_filtered_generated_by_faker_sort/293T-M2-EMX1-PD_rep1_hg38.sort.mpmat, ../mpmat_merge_after_mpmat_filtered_generated_by_faker_sort/293T-M2-EMX1-PD_rep2_hg38.sort.mpmat, ../mpmat_merge_after_mpmat_filtered_generated_by_faker_sort/293T-All-EMX1-PD_rep1_hg38.sort.mpmat, ../mpmat_merge_after_mpmat_filtered_generated_by_faker_sort/293T-All-EMX1-PD_rep2_hg38.sort.mpmat, ../mpmat_merge_after_mpmat_filtered_generated_by_faker_sort/293T-All-VEGFA-PD_rep1_hg38.sort.mpmat, ../mpmat_merge_after_mpmat_filtered_generated_by_faker_sort/293T-All-VEGFA-PD_rep2_hg38.sort.mpmat, ../bam/293T-bat_Vector-VEGFA-PD_rep1_bwa_hg38_sort_rmdup_MAPQ20.bam, ../bam/293T-bat_Vector-VEGFA-PD_rep2_bwa_hg38_sort_rmdup_MAPQ20.bam, ../bam/293T-bat_YE1-EMX1-PD_rep1_bwa_hg38_sort_rmdup_MAPQ20.bam, ../bam/293T-bat_YE1-EMX1-PD_rep2_bwa_hg38_sort_rmdup_MAPQ20.bam, ../bam/293T-bat_YE1-VEGFA-PD_rep1_bwa_hg38_sort_rmdup_MAPQ20.bam, ../bam/293T-bat_YE1-VEGFA-PD_rep2_bwa_hg38_sort_rmdup_MAPQ20.bam, ../bam/293T-bat_33A-EMX1-PD_rep1_bwa_hg38_sort_rmdup_MAPQ20.bam, ../bam/293T-bat_33A-EMX1-PD_rep2_bwa_hg38_sort_rmdup_MAPQ20.bam, ../bam/293T-bat_33A-VEGFA-PD_rep1_bwa_hg38_sort_rmdup_MAPQ20.bam, ../bam/293T-bat_33A-VEGFA-PD_rep2_bwa_hg38_sort_rmdup_MAPQ20.bam, ../bam/293T-bat_M2-EMX1-PD_rep1_bwa_hg38_sort_rmdup_MAPQ20.bam, ../bam/293T-bat_M2-EMX1-PD_rep2_bwa_hg38_sort_rmdup_MAPQ20.bam, ../bam/293T-bat_All-EMX1-PD_rep1_bwa_hg38_sort_rmdup_MAPQ20.bam, ../bam/293T-bat_All-EMX1-PD_rep2_bwa_hg38_sort_rmdup_MAPQ20.bam, ../bam/293T-bat_All-VEGFA-PD_rep1_bwa_hg38_sort_rmdup_MAPQ20.bam, ../bam/293T-bat_All-VEGFA-PD_rep2_bwa_hg38_sort_rmdup_MAPQ20.bam, ../table_faker/detect_seq.StatsTest.table_CTRL-Vector-VEGFA-PD_TREAT-YE1-EMX1-PD_rep1_C6M3R1_SMR0.1RT2.tsv, ../table_faker/detect_seq.StatsTest.table_CTRL-Vector-VEGFA-PD_TREAT-YE1-EMX1-PD_rep2_C6M3R1_SMR0.1RT2.tsv, ../table_faker/detect_seq.StatsTest.table_CTRL-Vector-VEGFA-PD_TREAT-YE1-VEGFA-PD_rep1_C6M3R1_SMR0.1RT2.tsv, ../table_faker/detect_seq.StatsTest.table_CTRL-Vector-VEGFA-PD_TREAT-YE1-VEGFA-PD_rep2_C6M3R1_SMR0.1RT2.tsv, ../table_faker/detect_seq.StatsTest.table_CTRL-Vector-VEGFA-PD_TREAT-33A-EMX1-PD_rep1_C6M3R1_SMR0.1RT2.tsv, ../table_faker/detect_seq.StatsTest.table_CTRL-Vector-VEGFA-PD_TREAT-33A-EMX1-PD_rep2_C6M3R1_SMR0.1RT2.tsv, ../table_faker/detect_seq.StatsTest.table_CTRL-Vector-VEGFA-PD_TREAT-33A-VEGFA-PD_rep1_C6M3R1_SMR0.1RT2.tsv, ../table_faker/detect_seq.StatsTest.table_CTRL-Vector-VEGFA-PD_TREAT-33A-VEGFA-PD_rep2_C6M3R1_SMR0.1RT2.tsv, ../table_faker/detect_seq.StatsTest.table_CTRL-Vector-VEGFA-PD_TREAT-M2-EMX1-PD_rep1_C6M3R1_SMR0.1RT2.tsv, ../table_faker/detect_seq.StatsTest.table_CTRL-Vector-VEGFA-PD_TREAT-M2-EMX1-PD_rep2_C6M3R1_SMR0.1RT2.tsv, ../table_faker/detect_seq.StatsTest.table_CTRL-Vector-VEGFA-PD_TREAT-All-EMX1-PD_rep1_C6M3R1_SMR0.1RT2.tsv, ../table_faker/detect_seq.StatsTest.table_CTRL-Vector-VEGFA-PD_TREAT-All-EMX1-PD_rep2_C6M3R1_SMR0.1RT2.tsv, ../table_faker/detect_seq.StatsTest.table_CTRL-Vector-VEGFA-PD_TREAT-All-VEGFA-PD_rep1_C6M3R1_SMR0.1RT2.tsv, ../table_faker/detect_seq.StatsTest.table_CTRL-Vector-VEGFA-PD_TREAT-All-VEGFA-PD_rep2_C6M3R1_SMR0.1RT2.tsv
    jobid: 0
    reason: Input files updated by another job: ../table_faker/detect_seq.StatsTest.table_CTRL-Vector-VEGFA-PD_TREAT-YE1-EMX1-PD_rep2_C6M3R1_SMR0.1RT2.tsv, ../table_faker/detect_seq.StatsTest.table_CTRL-Vector-VEGFA-PD_TREAT-All-VEGFA-PD_rep1_C6M3R1_SMR0.1RT2.tsv, ../table_faker/detect_seq.StatsTest.table_CTRL-Vector-VEGFA-PD_TREAT-All-VEGFA-PD_rep2_C6M3R1_SMR0.1RT2.tsv, ../table_faker/detect_seq.StatsTest.table_CTRL-Vector-VEGFA-PD_TREAT-33A-EMX1-PD_rep2_C6M3R1_SMR0.1RT2.tsv, ../table_faker/detect_seq.StatsTest.table_CTRL-Vector-VEGFA-PD_TREAT-M2-EMX1-PD_rep2_C6M3R1_SMR0.1RT2.tsv, ../table_faker/detect_seq.StatsTest.table_CTRL-Vector-VEGFA-PD_TREAT-YE1-VEGFA-PD_rep2_C6M3R1_SMR0.1RT2.tsv, ../table_faker/detect_seq.StatsTest.table_CTRL-Vector-VEGFA-PD_TREAT-M2-EMX1-PD_rep1_C6M3R1_SMR0.1RT2.tsv, ../table_faker/detect_seq.StatsTest.table_CTRL-Vector-VEGFA-PD_TREAT-33A-EMX1-PD_rep1_C6M3R1_SMR0.1RT2.tsv, ../table_faker/detect_seq.StatsTest.table_CTRL-Vector-VEGFA-PD_TREAT-33A-VEGFA-PD_rep1_C6M3R1_SMR0.1RT2.tsv, ../table_faker/detect_seq.StatsTest.table_CTRL-Vector-VEGFA-PD_TREAT-All-EMX1-PD_rep2_C6M3R1_SMR0.1RT2.tsv, ../table_faker/detect_seq.StatsTest.table_CTRL-Vector-VEGFA-PD_TREAT-YE1-EMX1-PD_rep1_C6M3R1_SMR0.1RT2.tsv, ../table_faker/detect_seq.StatsTest.table_CTRL-Vector-VEGFA-PD_TREAT-All-EMX1-PD_rep1_C6M3R1_SMR0.1RT2.tsv, ../table_faker/detect_seq.StatsTest.table_CTRL-Vector-VEGFA-PD_TREAT-YE1-VEGFA-PD_rep1_C6M3R1_SMR0.1RT2.tsv, ../table_faker/detect_seq.StatsTest.table_CTRL-Vector-VEGFA-PD_TREAT-33A-VEGFA-PD_rep2_C6M3R1_SMR0.1RT2.tsv

[Sat Feb  6 15:35:38 2021]
Finished job 0.
15 of 15 steps (100%) done
Complete log: /gpfs/user/zhaohuanan/3.project/2021_CBE_variant_and_GBE_topic/20210202_DetectSeq_M2-YE1-33A-call-points_sgRNA-EMX1-VEGFA_redo/snakepipes_Detect-seq/.snakemake/log/2021-02-06T142932.898755.snakemake.log
