Building DAG of jobs...
Using shell: /usr/bin/bash
Provided cluster nodes: 10
Job counts:
	count	jobs
	1	all
	32	mpmat_filter
	16	mpmat_filter_merge
	16	sort_mpmat
	65

[Thu Feb  4 15:24:33 2021]
rule mpmat_filter:
    input: ../mpmat/293T-bat_33A-EMX1-PD_rep1_hg38.select.C2T.mpmat
    output: ../mpmat_filter/293T-bat_33A-EMX1-PD_rep1_hg38.filtered_SMN-3_SCN-6_SMR-0.1_RPN-1_RTN-2.C2T.mpmat
    jobid: 5
    reason: Missing output files: ../mpmat_filter/293T-bat_33A-EMX1-PD_rep1_hg38.filtered_SMN-3_SCN-6_SMR-0.1_RPN-1_RTN-2.C2T.mpmat
    wildcards: sample=33A-EMX1-PD, rep=rep1, SMN=3, SCN=6, SMR=0.1, RPN=1, RTN=2, ac=C, bd=T


        /home/zhaohuanan/zhaohn_HD/miniconda3/envs/snakepipes_detect-seq/bin/python ./program/mpmat-select-V02.py         -i ../mpmat/293T-bat_33A-EMX1-PD_rep1_hg38.select.C2T.mpmat -o ../mpmat_filter/293T-bat_33A-EMX1-PD_rep1_hg38.filtered_SMN-3_SCN-6_SMR-0.1_RPN-1_RTN-2.C2T.mpmat         -f C -t T         --SiteMutNum 3         --SiteCoverNum 6         --SiteMutRatio 0.1         --RegionPassNum 1         --RegionToleranceNum 2         --InHeader False         --OutHeader False
        
Submitted job 5 with external jobid '198241'.

[Thu Feb  4 15:24:33 2021]
rule mpmat_filter:
    input: ../mpmat/293T-bat_33A-VEGFA-PD_rep1_hg38.select.C2T.mpmat
    output: ../mpmat_filter/293T-bat_33A-VEGFA-PD_rep1_hg38.filtered_SMN-3_SCN-6_SMR-0.1_RPN-1_RTN-2.C2T.mpmat
    jobid: 7
    reason: Missing output files: ../mpmat_filter/293T-bat_33A-VEGFA-PD_rep1_hg38.filtered_SMN-3_SCN-6_SMR-0.1_RPN-1_RTN-2.C2T.mpmat
    wildcards: sample=33A-VEGFA-PD, rep=rep1, SMN=3, SCN=6, SMR=0.1, RPN=1, RTN=2, ac=C, bd=T


        /home/zhaohuanan/zhaohn_HD/miniconda3/envs/snakepipes_detect-seq/bin/python ./program/mpmat-select-V02.py         -i ../mpmat/293T-bat_33A-VEGFA-PD_rep1_hg38.select.C2T.mpmat -o ../mpmat_filter/293T-bat_33A-VEGFA-PD_rep1_hg38.filtered_SMN-3_SCN-6_SMR-0.1_RPN-1_RTN-2.C2T.mpmat         -f C -t T         --SiteMutNum 3         --SiteCoverNum 6         --SiteMutRatio 0.1         --RegionPassNum 1         --RegionToleranceNum 2         --InHeader False         --OutHeader False
        
Submitted job 7 with external jobid '198242'.

[Thu Feb  4 15:24:33 2021]
rule mpmat_filter:
    input: ../mpmat/293T-bat_Vector-VEGFA-PD_rep1_hg38.select.C2T.mpmat
    output: ../mpmat_filter/293T-bat_Vector-VEGFA-PD_rep1_hg38.filtered_SMN-3_SCN-6_SMR-0.1_RPN-1_RTN-2.C2T.mpmat
    jobid: 15
    reason: Missing output files: ../mpmat_filter/293T-bat_Vector-VEGFA-PD_rep1_hg38.filtered_SMN-3_SCN-6_SMR-0.1_RPN-1_RTN-2.C2T.mpmat
    wildcards: sample=Vector-VEGFA-PD, rep=rep1, SMN=3, SCN=6, SMR=0.1, RPN=1, RTN=2, ac=C, bd=T


        /home/zhaohuanan/zhaohn_HD/miniconda3/envs/snakepipes_detect-seq/bin/python ./program/mpmat-select-V02.py         -i ../mpmat/293T-bat_Vector-VEGFA-PD_rep1_hg38.select.C2T.mpmat -o ../mpmat_filter/293T-bat_Vector-VEGFA-PD_rep1_hg38.filtered_SMN-3_SCN-6_SMR-0.1_RPN-1_RTN-2.C2T.mpmat         -f C -t T         --SiteMutNum 3         --SiteCoverNum 6         --SiteMutRatio 0.1         --RegionPassNum 1         --RegionToleranceNum 2         --InHeader False         --OutHeader False
        
Submitted job 15 with external jobid '198243'.

[Thu Feb  4 15:24:33 2021]
rule mpmat_filter:
    input: ../mpmat/293T-bat_33A-EMX1-PD_rep1_hg38.select.G2A.mpmat
    output: ../mpmat_filter/293T-bat_33A-EMX1-PD_rep1_hg38.filtered_SMN-3_SCN-6_SMR-0.1_RPN-1_RTN-2.G2A.mpmat
    jobid: 21
    reason: Missing output files: ../mpmat_filter/293T-bat_33A-EMX1-PD_rep1_hg38.filtered_SMN-3_SCN-6_SMR-0.1_RPN-1_RTN-2.G2A.mpmat
    wildcards: sample=33A-EMX1-PD, rep=rep1, SMN=3, SCN=6, SMR=0.1, RPN=1, RTN=2, ac=G, bd=A


        /home/zhaohuanan/zhaohn_HD/miniconda3/envs/snakepipes_detect-seq/bin/python ./program/mpmat-select-V02.py         -i ../mpmat/293T-bat_33A-EMX1-PD_rep1_hg38.select.G2A.mpmat -o ../mpmat_filter/293T-bat_33A-EMX1-PD_rep1_hg38.filtered_SMN-3_SCN-6_SMR-0.1_RPN-1_RTN-2.G2A.mpmat         -f G -t A         --SiteMutNum 3         --SiteCoverNum 6         --SiteMutRatio 0.1         --RegionPassNum 1         --RegionToleranceNum 2         --InHeader False         --OutHeader False
        
Submitted job 21 with external jobid '198244'.

[Thu Feb  4 15:24:34 2021]
rule mpmat_filter:
    input: ../mpmat/293T-bat_All-VEGFA-PD_rep2_hg38.select.C2T.mpmat
    output: ../mpmat_filter/293T-bat_All-VEGFA-PD_rep2_hg38.filtered_SMN-3_SCN-6_SMR-0.1_RPN-1_RTN-2.C2T.mpmat
    jobid: 14
    reason: Missing output files: ../mpmat_filter/293T-bat_All-VEGFA-PD_rep2_hg38.filtered_SMN-3_SCN-6_SMR-0.1_RPN-1_RTN-2.C2T.mpmat
    wildcards: sample=All-VEGFA-PD, rep=rep2, SMN=3, SCN=6, SMR=0.1, RPN=1, RTN=2, ac=C, bd=T


        /home/zhaohuanan/zhaohn_HD/miniconda3/envs/snakepipes_detect-seq/bin/python ./program/mpmat-select-V02.py         -i ../mpmat/293T-bat_All-VEGFA-PD_rep2_hg38.select.C2T.mpmat -o ../mpmat_filter/293T-bat_All-VEGFA-PD_rep2_hg38.filtered_SMN-3_SCN-6_SMR-0.1_RPN-1_RTN-2.C2T.mpmat         -f C -t T         --SiteMutNum 3         --SiteCoverNum 6         --SiteMutRatio 0.1         --RegionPassNum 1         --RegionToleranceNum 2         --InHeader False         --OutHeader False
        
Submitted job 14 with external jobid '198245'.

[Thu Feb  4 15:24:34 2021]
rule mpmat_filter:
    input: ../mpmat/293T-bat_33A-EMX1-PD_rep2_hg38.select.C2T.mpmat
    output: ../mpmat_filter/293T-bat_33A-EMX1-PD_rep2_hg38.filtered_SMN-3_SCN-6_SMR-0.1_RPN-1_RTN-2.C2T.mpmat
    jobid: 6
    reason: Missing output files: ../mpmat_filter/293T-bat_33A-EMX1-PD_rep2_hg38.filtered_SMN-3_SCN-6_SMR-0.1_RPN-1_RTN-2.C2T.mpmat
    wildcards: sample=33A-EMX1-PD, rep=rep2, SMN=3, SCN=6, SMR=0.1, RPN=1, RTN=2, ac=C, bd=T


        /home/zhaohuanan/zhaohn_HD/miniconda3/envs/snakepipes_detect-seq/bin/python ./program/mpmat-select-V02.py         -i ../mpmat/293T-bat_33A-EMX1-PD_rep2_hg38.select.C2T.mpmat -o ../mpmat_filter/293T-bat_33A-EMX1-PD_rep2_hg38.filtered_SMN-3_SCN-6_SMR-0.1_RPN-1_RTN-2.C2T.mpmat         -f C -t T         --SiteMutNum 3         --SiteCoverNum 6         --SiteMutRatio 0.1         --RegionPassNum 1         --RegionToleranceNum 2         --InHeader False         --OutHeader False
        
Submitted job 6 with external jobid '198246'.

[Thu Feb  4 15:24:34 2021]
rule mpmat_filter:
    input: ../mpmat/293T-bat_All-VEGFA-PD_rep1_hg38.select.G2A.mpmat
    output: ../mpmat_filter/293T-bat_All-VEGFA-PD_rep1_hg38.filtered_SMN-3_SCN-6_SMR-0.1_RPN-1_RTN-2.G2A.mpmat
    jobid: 29
    reason: Missing output files: ../mpmat_filter/293T-bat_All-VEGFA-PD_rep1_hg38.filtered_SMN-3_SCN-6_SMR-0.1_RPN-1_RTN-2.G2A.mpmat
    wildcards: sample=All-VEGFA-PD, rep=rep1, SMN=3, SCN=6, SMR=0.1, RPN=1, RTN=2, ac=G, bd=A


        /home/zhaohuanan/zhaohn_HD/miniconda3/envs/snakepipes_detect-seq/bin/python ./program/mpmat-select-V02.py         -i ../mpmat/293T-bat_All-VEGFA-PD_rep1_hg38.select.G2A.mpmat -o ../mpmat_filter/293T-bat_All-VEGFA-PD_rep1_hg38.filtered_SMN-3_SCN-6_SMR-0.1_RPN-1_RTN-2.G2A.mpmat         -f G -t A         --SiteMutNum 3         --SiteCoverNum 6         --SiteMutRatio 0.1         --RegionPassNum 1         --RegionToleranceNum 2         --InHeader False         --OutHeader False
        
Submitted job 29 with external jobid '198247'.

[Thu Feb  4 15:24:35 2021]
rule mpmat_filter:
    input: ../mpmat/293T-bat_M2-EMX1-PD_rep2_hg38.select.C2T.mpmat
    output: ../mpmat_filter/293T-bat_M2-EMX1-PD_rep2_hg38.filtered_SMN-3_SCN-6_SMR-0.1_RPN-1_RTN-2.C2T.mpmat
    jobid: 10
    reason: Missing output files: ../mpmat_filter/293T-bat_M2-EMX1-PD_rep2_hg38.filtered_SMN-3_SCN-6_SMR-0.1_RPN-1_RTN-2.C2T.mpmat
    wildcards: sample=M2-EMX1-PD, rep=rep2, SMN=3, SCN=6, SMR=0.1, RPN=1, RTN=2, ac=C, bd=T


        /home/zhaohuanan/zhaohn_HD/miniconda3/envs/snakepipes_detect-seq/bin/python ./program/mpmat-select-V02.py         -i ../mpmat/293T-bat_M2-EMX1-PD_rep2_hg38.select.C2T.mpmat -o ../mpmat_filter/293T-bat_M2-EMX1-PD_rep2_hg38.filtered_SMN-3_SCN-6_SMR-0.1_RPN-1_RTN-2.C2T.mpmat         -f C -t T         --SiteMutNum 3         --SiteCoverNum 6         --SiteMutRatio 0.1         --RegionPassNum 1         --RegionToleranceNum 2         --InHeader False         --OutHeader False
        
Submitted job 10 with external jobid '198248'.

[Thu Feb  4 15:24:35 2021]
rule mpmat_filter:
    input: ../mpmat/293T-bat_All-EMX1-PD_rep2_hg38.select.C2T.mpmat
    output: ../mpmat_filter/293T-bat_All-EMX1-PD_rep2_hg38.filtered_SMN-3_SCN-6_SMR-0.1_RPN-1_RTN-2.C2T.mpmat
    jobid: 12
    reason: Missing output files: ../mpmat_filter/293T-bat_All-EMX1-PD_rep2_hg38.filtered_SMN-3_SCN-6_SMR-0.1_RPN-1_RTN-2.C2T.mpmat
    wildcards: sample=All-EMX1-PD, rep=rep2, SMN=3, SCN=6, SMR=0.1, RPN=1, RTN=2, ac=C, bd=T


        /home/zhaohuanan/zhaohn_HD/miniconda3/envs/snakepipes_detect-seq/bin/python ./program/mpmat-select-V02.py         -i ../mpmat/293T-bat_All-EMX1-PD_rep2_hg38.select.C2T.mpmat -o ../mpmat_filter/293T-bat_All-EMX1-PD_rep2_hg38.filtered_SMN-3_SCN-6_SMR-0.1_RPN-1_RTN-2.C2T.mpmat         -f C -t T         --SiteMutNum 3         --SiteCoverNum 6         --SiteMutRatio 0.1         --RegionPassNum 1         --RegionToleranceNum 2         --InHeader False         --OutHeader False
        
Submitted job 12 with external jobid '198249'.

[Thu Feb  4 15:24:35 2021]
rule mpmat_filter:
    input: ../mpmat/293T-bat_All-EMX1-PD_rep1_hg38.select.G2A.mpmat
    output: ../mpmat_filter/293T-bat_All-EMX1-PD_rep1_hg38.filtered_SMN-3_SCN-6_SMR-0.1_RPN-1_RTN-2.G2A.mpmat
    jobid: 27
    reason: Missing output files: ../mpmat_filter/293T-bat_All-EMX1-PD_rep1_hg38.filtered_SMN-3_SCN-6_SMR-0.1_RPN-1_RTN-2.G2A.mpmat
    wildcards: sample=All-EMX1-PD, rep=rep1, SMN=3, SCN=6, SMR=0.1, RPN=1, RTN=2, ac=G, bd=A


        /home/zhaohuanan/zhaohn_HD/miniconda3/envs/snakepipes_detect-seq/bin/python ./program/mpmat-select-V02.py         -i ../mpmat/293T-bat_All-EMX1-PD_rep1_hg38.select.G2A.mpmat -o ../mpmat_filter/293T-bat_All-EMX1-PD_rep1_hg38.filtered_SMN-3_SCN-6_SMR-0.1_RPN-1_RTN-2.G2A.mpmat         -f G -t A         --SiteMutNum 3         --SiteCoverNum 6         --SiteMutRatio 0.1         --RegionPassNum 1         --RegionToleranceNum 2         --InHeader False         --OutHeader False
        
Submitted job 27 with external jobid '198250'.
[Thu Feb  4 15:24:43 2021]
Error in rule mpmat_filter:
    jobid: 5
    output: ../mpmat_filter/293T-bat_33A-EMX1-PD_rep1_hg38.filtered_SMN-3_SCN-6_SMR-0.1_RPN-1_RTN-2.C2T.mpmat
    shell:
        
        /home/zhaohuanan/zhaohn_HD/miniconda3/envs/snakepipes_detect-seq/bin/python ./program/mpmat-select-V02.py         -i ../mpmat/293T-bat_33A-EMX1-PD_rep1_hg38.select.C2T.mpmat -o ../mpmat_filter/293T-bat_33A-EMX1-PD_rep1_hg38.filtered_SMN-3_SCN-6_SMR-0.1_RPN-1_RTN-2.C2T.mpmat         -f C -t T         --SiteMutNum 3         --SiteCoverNum 6         --SiteMutRatio 0.1         --RegionPassNum 1         --RegionToleranceNum 2         --InHeader False         --OutHeader False
        
        (one of the commands exited with non-zero exit code; note that snakemake uses bash strict mode!)
    cluster_jobid: 198241

Error executing rule mpmat_filter on cluster (jobid: 5, external: 198241, jobscript: /gpfs/user/zhaohuanan/3.project/2021_CBE_variant_and_GBE_topic/20210202_DetectSeq_M2-YE1-33A-call-points_sgRNA-EMX1-VEGFA_redo/snakepipes_Detect-seq/.snakemake/tmp.imhitnz1/snakejob.mpmat_filter.5.sh). For error details see the cluster log and the log files of the involved rule(s).
Trying to restart job 5.

[Thu Feb  4 15:24:43 2021]
rule mpmat_filter:
    input: ../mpmat/293T-bat_All-VEGFA-PD_rep1_hg38.select.C2T.mpmat
    output: ../mpmat_filter/293T-bat_All-VEGFA-PD_rep1_hg38.filtered_SMN-3_SCN-6_SMR-0.1_RPN-1_RTN-2.C2T.mpmat
    jobid: 13
    reason: Missing output files: ../mpmat_filter/293T-bat_All-VEGFA-PD_rep1_hg38.filtered_SMN-3_SCN-6_SMR-0.1_RPN-1_RTN-2.C2T.mpmat
    wildcards: sample=All-VEGFA-PD, rep=rep1, SMN=3, SCN=6, SMR=0.1, RPN=1, RTN=2, ac=C, bd=T


        /home/zhaohuanan/zhaohn_HD/miniconda3/envs/snakepipes_detect-seq/bin/python ./program/mpmat-select-V02.py         -i ../mpmat/293T-bat_All-VEGFA-PD_rep1_hg38.select.C2T.mpmat -o ../mpmat_filter/293T-bat_All-VEGFA-PD_rep1_hg38.filtered_SMN-3_SCN-6_SMR-0.1_RPN-1_RTN-2.C2T.mpmat         -f C -t T         --SiteMutNum 3         --SiteCoverNum 6         --SiteMutRatio 0.1         --RegionPassNum 1         --RegionToleranceNum 2         --InHeader False         --OutHeader False
        
[Thu Feb  4 15:24:43 2021]
Error in rule mpmat_filter:
    jobid: 7
    output: ../mpmat_filter/293T-bat_33A-VEGFA-PD_rep1_hg38.filtered_SMN-3_SCN-6_SMR-0.1_RPN-1_RTN-2.C2T.mpmat
    shell:
        
        /home/zhaohuanan/zhaohn_HD/miniconda3/envs/snakepipes_detect-seq/bin/python ./program/mpmat-select-V02.py         -i ../mpmat/293T-bat_33A-VEGFA-PD_rep1_hg38.select.C2T.mpmat -o ../mpmat_filter/293T-bat_33A-VEGFA-PD_rep1_hg38.filtered_SMN-3_SCN-6_SMR-0.1_RPN-1_RTN-2.C2T.mpmat         -f C -t T         --SiteMutNum 3         --SiteCoverNum 6         --SiteMutRatio 0.1         --RegionPassNum 1         --RegionToleranceNum 2         --InHeader False         --OutHeader False
        
        (one of the commands exited with non-zero exit code; note that snakemake uses bash strict mode!)
    cluster_jobid: 198242

Error executing rule mpmat_filter on cluster (jobid: 7, external: 198242, jobscript: /gpfs/user/zhaohuanan/3.project/2021_CBE_variant_and_GBE_topic/20210202_DetectSeq_M2-YE1-33A-call-points_sgRNA-EMX1-VEGFA_redo/snakepipes_Detect-seq/.snakemake/tmp.imhitnz1/snakejob.mpmat_filter.7.sh). For error details see the cluster log and the log files of the involved rule(s).
Trying to restart job 7.
Submitted job 13 with external jobid '198251'.

[Thu Feb  4 15:24:43 2021]
rule mpmat_filter:
    input: ../mpmat/293T-bat_All-EMX1-PD_rep2_hg38.select.G2A.mpmat
    output: ../mpmat_filter/293T-bat_All-EMX1-PD_rep2_hg38.filtered_SMN-3_SCN-6_SMR-0.1_RPN-1_RTN-2.G2A.mpmat
    jobid: 28
    reason: Missing output files: ../mpmat_filter/293T-bat_All-EMX1-PD_rep2_hg38.filtered_SMN-3_SCN-6_SMR-0.1_RPN-1_RTN-2.G2A.mpmat
    wildcards: sample=All-EMX1-PD, rep=rep2, SMN=3, SCN=6, SMR=0.1, RPN=1, RTN=2, ac=G, bd=A


        /home/zhaohuanan/zhaohn_HD/miniconda3/envs/snakepipes_detect-seq/bin/python ./program/mpmat-select-V02.py         -i ../mpmat/293T-bat_All-EMX1-PD_rep2_hg38.select.G2A.mpmat -o ../mpmat_filter/293T-bat_All-EMX1-PD_rep2_hg38.filtered_SMN-3_SCN-6_SMR-0.1_RPN-1_RTN-2.G2A.mpmat         -f G -t A         --SiteMutNum 3         --SiteCoverNum 6         --SiteMutRatio 0.1         --RegionPassNum 1         --RegionToleranceNum 2         --InHeader False         --OutHeader False
        
[Thu Feb  4 15:24:43 2021]
Error in rule mpmat_filter:
    jobid: 21
    output: ../mpmat_filter/293T-bat_33A-EMX1-PD_rep1_hg38.filtered_SMN-3_SCN-6_SMR-0.1_RPN-1_RTN-2.G2A.mpmat
    shell:
        
        /home/zhaohuanan/zhaohn_HD/miniconda3/envs/snakepipes_detect-seq/bin/python ./program/mpmat-select-V02.py         -i ../mpmat/293T-bat_33A-EMX1-PD_rep1_hg38.select.G2A.mpmat -o ../mpmat_filter/293T-bat_33A-EMX1-PD_rep1_hg38.filtered_SMN-3_SCN-6_SMR-0.1_RPN-1_RTN-2.G2A.mpmat         -f G -t A         --SiteMutNum 3         --SiteCoverNum 6         --SiteMutRatio 0.1         --RegionPassNum 1         --RegionToleranceNum 2         --InHeader False         --OutHeader False
        
        (one of the commands exited with non-zero exit code; note that snakemake uses bash strict mode!)
    cluster_jobid: 198244

Error executing rule mpmat_filter on cluster (jobid: 21, external: 198244, jobscript: /gpfs/user/zhaohuanan/3.project/2021_CBE_variant_and_GBE_topic/20210202_DetectSeq_M2-YE1-33A-call-points_sgRNA-EMX1-VEGFA_redo/snakepipes_Detect-seq/.snakemake/tmp.imhitnz1/snakejob.mpmat_filter.21.sh). For error details see the cluster log and the log files of the involved rule(s).
Trying to restart job 21.
Submitted job 28 with external jobid '198252'.
[Thu Feb  4 15:24:43 2021]
Error in rule mpmat_filter:
    jobid: 14
    output: ../mpmat_filter/293T-bat_All-VEGFA-PD_rep2_hg38.filtered_SMN-3_SCN-6_SMR-0.1_RPN-1_RTN-2.C2T.mpmat
    shell:
        
        /home/zhaohuanan/zhaohn_HD/miniconda3/envs/snakepipes_detect-seq/bin/python ./program/mpmat-select-V02.py         -i ../mpmat/293T-bat_All-VEGFA-PD_rep2_hg38.select.C2T.mpmat -o ../mpmat_filter/293T-bat_All-VEGFA-PD_rep2_hg38.filtered_SMN-3_SCN-6_SMR-0.1_RPN-1_RTN-2.C2T.mpmat         -f C -t T         --SiteMutNum 3         --SiteCoverNum 6         --SiteMutRatio 0.1         --RegionPassNum 1         --RegionToleranceNum 2         --InHeader False         --OutHeader False
        
        (one of the commands exited with non-zero exit code; note that snakemake uses bash strict mode!)
    cluster_jobid: 198245

Error executing rule mpmat_filter on cluster (jobid: 14, external: 198245, jobscript: /gpfs/user/zhaohuanan/3.project/2021_CBE_variant_and_GBE_topic/20210202_DetectSeq_M2-YE1-33A-call-points_sgRNA-EMX1-VEGFA_redo/snakepipes_Detect-seq/.snakemake/tmp.imhitnz1/snakejob.mpmat_filter.14.sh). For error details see the cluster log and the log files of the involved rule(s).
Trying to restart job 14.

[Thu Feb  4 15:24:43 2021]
rule mpmat_filter:
    input: ../mpmat/293T-bat_YE1-VEGFA-PD_rep2_hg38.select.G2A.mpmat
    output: ../mpmat_filter/293T-bat_YE1-VEGFA-PD_rep2_hg38.filtered_SMN-3_SCN-6_SMR-0.1_RPN-1_RTN-2.G2A.mpmat
    jobid: 20
    reason: Missing output files: ../mpmat_filter/293T-bat_YE1-VEGFA-PD_rep2_hg38.filtered_SMN-3_SCN-6_SMR-0.1_RPN-1_RTN-2.G2A.mpmat
    wildcards: sample=YE1-VEGFA-PD, rep=rep2, SMN=3, SCN=6, SMR=0.1, RPN=1, RTN=2, ac=G, bd=A


        /home/zhaohuanan/zhaohn_HD/miniconda3/envs/snakepipes_detect-seq/bin/python ./program/mpmat-select-V02.py         -i ../mpmat/293T-bat_YE1-VEGFA-PD_rep2_hg38.select.G2A.mpmat -o ../mpmat_filter/293T-bat_YE1-VEGFA-PD_rep2_hg38.filtered_SMN-3_SCN-6_SMR-0.1_RPN-1_RTN-2.G2A.mpmat         -f G -t A         --SiteMutNum 3         --SiteCoverNum 6         --SiteMutRatio 0.1         --RegionPassNum 1         --RegionToleranceNum 2         --InHeader False         --OutHeader False
        
[Thu Feb  4 15:24:44 2021]
Error in rule mpmat_filter:
    jobid: 6
    output: ../mpmat_filter/293T-bat_33A-EMX1-PD_rep2_hg38.filtered_SMN-3_SCN-6_SMR-0.1_RPN-1_RTN-2.C2T.mpmat
    shell:
        
        /home/zhaohuanan/zhaohn_HD/miniconda3/envs/snakepipes_detect-seq/bin/python ./program/mpmat-select-V02.py         -i ../mpmat/293T-bat_33A-EMX1-PD_rep2_hg38.select.C2T.mpmat -o ../mpmat_filter/293T-bat_33A-EMX1-PD_rep2_hg38.filtered_SMN-3_SCN-6_SMR-0.1_RPN-1_RTN-2.C2T.mpmat         -f C -t T         --SiteMutNum 3         --SiteCoverNum 6         --SiteMutRatio 0.1         --RegionPassNum 1         --RegionToleranceNum 2         --InHeader False         --OutHeader False
        
        (one of the commands exited with non-zero exit code; note that snakemake uses bash strict mode!)
    cluster_jobid: 198246

Error executing rule mpmat_filter on cluster (jobid: 6, external: 198246, jobscript: /gpfs/user/zhaohuanan/3.project/2021_CBE_variant_and_GBE_topic/20210202_DetectSeq_M2-YE1-33A-call-points_sgRNA-EMX1-VEGFA_redo/snakepipes_Detect-seq/.snakemake/tmp.imhitnz1/snakejob.mpmat_filter.6.sh). For error details see the cluster log and the log files of the involved rule(s).
Trying to restart job 6.
Submitted job 20 with external jobid '198253'.

[Thu Feb  4 15:24:44 2021]
rule mpmat_filter:
    input: ../mpmat/293T-bat_Vector-VEGFA-PD_rep2_hg38.select.C2T.mpmat
    output: ../mpmat_filter/293T-bat_Vector-VEGFA-PD_rep2_hg38.filtered_SMN-3_SCN-6_SMR-0.1_RPN-1_RTN-2.C2T.mpmat
    jobid: 16
    reason: Missing output files: ../mpmat_filter/293T-bat_Vector-VEGFA-PD_rep2_hg38.filtered_SMN-3_SCN-6_SMR-0.1_RPN-1_RTN-2.C2T.mpmat
    wildcards: sample=Vector-VEGFA-PD, rep=rep2, SMN=3, SCN=6, SMR=0.1, RPN=1, RTN=2, ac=C, bd=T


        /home/zhaohuanan/zhaohn_HD/miniconda3/envs/snakepipes_detect-seq/bin/python ./program/mpmat-select-V02.py         -i ../mpmat/293T-bat_Vector-VEGFA-PD_rep2_hg38.select.C2T.mpmat -o ../mpmat_filter/293T-bat_Vector-VEGFA-PD_rep2_hg38.filtered_SMN-3_SCN-6_SMR-0.1_RPN-1_RTN-2.C2T.mpmat         -f C -t T         --SiteMutNum 3         --SiteCoverNum 6         --SiteMutRatio 0.1         --RegionPassNum 1         --RegionToleranceNum 2         --InHeader False         --OutHeader False
        
[Thu Feb  4 15:24:44 2021]
Error in rule mpmat_filter:
    jobid: 29
    output: ../mpmat_filter/293T-bat_All-VEGFA-PD_rep1_hg38.filtered_SMN-3_SCN-6_SMR-0.1_RPN-1_RTN-2.G2A.mpmat
    shell:
        
        /home/zhaohuanan/zhaohn_HD/miniconda3/envs/snakepipes_detect-seq/bin/python ./program/mpmat-select-V02.py         -i ../mpmat/293T-bat_All-VEGFA-PD_rep1_hg38.select.G2A.mpmat -o ../mpmat_filter/293T-bat_All-VEGFA-PD_rep1_hg38.filtered_SMN-3_SCN-6_SMR-0.1_RPN-1_RTN-2.G2A.mpmat         -f G -t A         --SiteMutNum 3         --SiteCoverNum 6         --SiteMutRatio 0.1         --RegionPassNum 1         --RegionToleranceNum 2         --InHeader False         --OutHeader False
        
        (one of the commands exited with non-zero exit code; note that snakemake uses bash strict mode!)
    cluster_jobid: 198247

Error executing rule mpmat_filter on cluster (jobid: 29, external: 198247, jobscript: /gpfs/user/zhaohuanan/3.project/2021_CBE_variant_and_GBE_topic/20210202_DetectSeq_M2-YE1-33A-call-points_sgRNA-EMX1-VEGFA_redo/snakepipes_Detect-seq/.snakemake/tmp.imhitnz1/snakejob.mpmat_filter.29.sh). For error details see the cluster log and the log files of the involved rule(s).
Trying to restart job 29.
Submitted job 16 with external jobid '198254'.

[Thu Feb  4 15:24:44 2021]
rule mpmat_filter:
    input: ../mpmat/293T-bat_All-VEGFA-PD_rep2_hg38.select.C2T.mpmat
    output: ../mpmat_filter/293T-bat_All-VEGFA-PD_rep2_hg38.filtered_SMN-3_SCN-6_SMR-0.1_RPN-1_RTN-2.C2T.mpmat
    jobid: 14
    reason: Missing output files: ../mpmat_filter/293T-bat_All-VEGFA-PD_rep2_hg38.filtered_SMN-3_SCN-6_SMR-0.1_RPN-1_RTN-2.C2T.mpmat
    wildcards: sample=All-VEGFA-PD, rep=rep2, SMN=3, SCN=6, SMR=0.1, RPN=1, RTN=2, ac=C, bd=T


        /home/zhaohuanan/zhaohn_HD/miniconda3/envs/snakepipes_detect-seq/bin/python ./program/mpmat-select-V02.py         -i ../mpmat/293T-bat_All-VEGFA-PD_rep2_hg38.select.C2T.mpmat -o ../mpmat_filter/293T-bat_All-VEGFA-PD_rep2_hg38.filtered_SMN-3_SCN-6_SMR-0.1_RPN-1_RTN-2.C2T.mpmat         -f C -t T         --SiteMutNum 3         --SiteCoverNum 6         --SiteMutRatio 0.1         --RegionPassNum 1         --RegionToleranceNum 2         --InHeader False         --OutHeader False
        
[Thu Feb  4 15:24:44 2021]
Error in rule mpmat_filter:
    jobid: 10
    output: ../mpmat_filter/293T-bat_M2-EMX1-PD_rep2_hg38.filtered_SMN-3_SCN-6_SMR-0.1_RPN-1_RTN-2.C2T.mpmat
    shell:
        
        /home/zhaohuanan/zhaohn_HD/miniconda3/envs/snakepipes_detect-seq/bin/python ./program/mpmat-select-V02.py         -i ../mpmat/293T-bat_M2-EMX1-PD_rep2_hg38.select.C2T.mpmat -o ../mpmat_filter/293T-bat_M2-EMX1-PD_rep2_hg38.filtered_SMN-3_SCN-6_SMR-0.1_RPN-1_RTN-2.C2T.mpmat         -f C -t T         --SiteMutNum 3         --SiteCoverNum 6         --SiteMutRatio 0.1         --RegionPassNum 1         --RegionToleranceNum 2         --InHeader False         --OutHeader False
        
        (one of the commands exited with non-zero exit code; note that snakemake uses bash strict mode!)
    cluster_jobid: 198248

Error executing rule mpmat_filter on cluster (jobid: 10, external: 198248, jobscript: /gpfs/user/zhaohuanan/3.project/2021_CBE_variant_and_GBE_topic/20210202_DetectSeq_M2-YE1-33A-call-points_sgRNA-EMX1-VEGFA_redo/snakepipes_Detect-seq/.snakemake/tmp.imhitnz1/snakejob.mpmat_filter.10.sh). For error details see the cluster log and the log files of the involved rule(s).
Trying to restart job 10.
[Thu Feb  4 15:24:44 2021]
Error in rule mpmat_filter:
    jobid: 12
    output: ../mpmat_filter/293T-bat_All-EMX1-PD_rep2_hg38.filtered_SMN-3_SCN-6_SMR-0.1_RPN-1_RTN-2.C2T.mpmat
    shell:
        
        /home/zhaohuanan/zhaohn_HD/miniconda3/envs/snakepipes_detect-seq/bin/python ./program/mpmat-select-V02.py         -i ../mpmat/293T-bat_All-EMX1-PD_rep2_hg38.select.C2T.mpmat -o ../mpmat_filter/293T-bat_All-EMX1-PD_rep2_hg38.filtered_SMN-3_SCN-6_SMR-0.1_RPN-1_RTN-2.C2T.mpmat         -f C -t T         --SiteMutNum 3         --SiteCoverNum 6         --SiteMutRatio 0.1         --RegionPassNum 1         --RegionToleranceNum 2         --InHeader False         --OutHeader False
        
        (one of the commands exited with non-zero exit code; note that snakemake uses bash strict mode!)
    cluster_jobid: 198249

Error executing rule mpmat_filter on cluster (jobid: 12, external: 198249, jobscript: /gpfs/user/zhaohuanan/3.project/2021_CBE_variant_and_GBE_topic/20210202_DetectSeq_M2-YE1-33A-call-points_sgRNA-EMX1-VEGFA_redo/snakepipes_Detect-seq/.snakemake/tmp.imhitnz1/snakejob.mpmat_filter.12.sh). For error details see the cluster log and the log files of the involved rule(s).
Trying to restart job 12.
Submitted job 14 with external jobid '198255'.

[Thu Feb  4 15:24:44 2021]
rule mpmat_filter:
    input: ../mpmat/293T-bat_33A-VEGFA-PD_rep1_hg38.select.G2A.mpmat
    output: ../mpmat_filter/293T-bat_33A-VEGFA-PD_rep1_hg38.filtered_SMN-3_SCN-6_SMR-0.1_RPN-1_RTN-2.G2A.mpmat
    jobid: 23
    reason: Missing output files: ../mpmat_filter/293T-bat_33A-VEGFA-PD_rep1_hg38.filtered_SMN-3_SCN-6_SMR-0.1_RPN-1_RTN-2.G2A.mpmat
    wildcards: sample=33A-VEGFA-PD, rep=rep1, SMN=3, SCN=6, SMR=0.1, RPN=1, RTN=2, ac=G, bd=A


        /home/zhaohuanan/zhaohn_HD/miniconda3/envs/snakepipes_detect-seq/bin/python ./program/mpmat-select-V02.py         -i ../mpmat/293T-bat_33A-VEGFA-PD_rep1_hg38.select.G2A.mpmat -o ../mpmat_filter/293T-bat_33A-VEGFA-PD_rep1_hg38.filtered_SMN-3_SCN-6_SMR-0.1_RPN-1_RTN-2.G2A.mpmat         -f G -t A         --SiteMutNum 3         --SiteCoverNum 6         --SiteMutRatio 0.1         --RegionPassNum 1         --RegionToleranceNum 2         --InHeader False         --OutHeader False
        
[Thu Feb  4 15:24:44 2021]
Error in rule mpmat_filter:
    jobid: 27
    output: ../mpmat_filter/293T-bat_All-EMX1-PD_rep1_hg38.filtered_SMN-3_SCN-6_SMR-0.1_RPN-1_RTN-2.G2A.mpmat
    shell:
        
        /home/zhaohuanan/zhaohn_HD/miniconda3/envs/snakepipes_detect-seq/bin/python ./program/mpmat-select-V02.py         -i ../mpmat/293T-bat_All-EMX1-PD_rep1_hg38.select.G2A.mpmat -o ../mpmat_filter/293T-bat_All-EMX1-PD_rep1_hg38.filtered_SMN-3_SCN-6_SMR-0.1_RPN-1_RTN-2.G2A.mpmat         -f G -t A         --SiteMutNum 3         --SiteCoverNum 6         --SiteMutRatio 0.1         --RegionPassNum 1         --RegionToleranceNum 2         --InHeader False         --OutHeader False
        
        (one of the commands exited with non-zero exit code; note that snakemake uses bash strict mode!)
    cluster_jobid: 198250

Error executing rule mpmat_filter on cluster (jobid: 27, external: 198250, jobscript: /gpfs/user/zhaohuanan/3.project/2021_CBE_variant_and_GBE_topic/20210202_DetectSeq_M2-YE1-33A-call-points_sgRNA-EMX1-VEGFA_redo/snakepipes_Detect-seq/.snakemake/tmp.imhitnz1/snakejob.mpmat_filter.27.sh). For error details see the cluster log and the log files of the involved rule(s).
Trying to restart job 27.
Submitted job 23 with external jobid '198256'.

[Thu Feb  4 15:24:45 2021]
rule mpmat_filter:
    input: ../mpmat/293T-bat_All-VEGFA-PD_rep1_hg38.select.G2A.mpmat
    output: ../mpmat_filter/293T-bat_All-VEGFA-PD_rep1_hg38.filtered_SMN-3_SCN-6_SMR-0.1_RPN-1_RTN-2.G2A.mpmat
    jobid: 29
    reason: Missing output files: ../mpmat_filter/293T-bat_All-VEGFA-PD_rep1_hg38.filtered_SMN-3_SCN-6_SMR-0.1_RPN-1_RTN-2.G2A.mpmat
    wildcards: sample=All-VEGFA-PD, rep=rep1, SMN=3, SCN=6, SMR=0.1, RPN=1, RTN=2, ac=G, bd=A


        /home/zhaohuanan/zhaohn_HD/miniconda3/envs/snakepipes_detect-seq/bin/python ./program/mpmat-select-V02.py         -i ../mpmat/293T-bat_All-VEGFA-PD_rep1_hg38.select.G2A.mpmat -o ../mpmat_filter/293T-bat_All-VEGFA-PD_rep1_hg38.filtered_SMN-3_SCN-6_SMR-0.1_RPN-1_RTN-2.G2A.mpmat         -f G -t A         --SiteMutNum 3         --SiteCoverNum 6         --SiteMutRatio 0.1         --RegionPassNum 1         --RegionToleranceNum 2         --InHeader False         --OutHeader False
        
Submitted job 29 with external jobid '198257'.

[Thu Feb  4 15:24:45 2021]
rule mpmat_filter:
    input: ../mpmat/293T-bat_33A-VEGFA-PD_rep2_hg38.select.C2T.mpmat
    output: ../mpmat_filter/293T-bat_33A-VEGFA-PD_rep2_hg38.filtered_SMN-3_SCN-6_SMR-0.1_RPN-1_RTN-2.C2T.mpmat
    jobid: 8
    reason: Missing output files: ../mpmat_filter/293T-bat_33A-VEGFA-PD_rep2_hg38.filtered_SMN-3_SCN-6_SMR-0.1_RPN-1_RTN-2.C2T.mpmat
    wildcards: sample=33A-VEGFA-PD, rep=rep2, SMN=3, SCN=6, SMR=0.1, RPN=1, RTN=2, ac=C, bd=T


        /home/zhaohuanan/zhaohn_HD/miniconda3/envs/snakepipes_detect-seq/bin/python ./program/mpmat-select-V02.py         -i ../mpmat/293T-bat_33A-VEGFA-PD_rep2_hg38.select.C2T.mpmat -o ../mpmat_filter/293T-bat_33A-VEGFA-PD_rep2_hg38.filtered_SMN-3_SCN-6_SMR-0.1_RPN-1_RTN-2.C2T.mpmat         -f C -t T         --SiteMutNum 3         --SiteCoverNum 6         --SiteMutRatio 0.1         --RegionPassNum 1         --RegionToleranceNum 2         --InHeader False         --OutHeader False
        
Submitted job 8 with external jobid '198258'.

[Thu Feb  4 15:24:45 2021]
rule mpmat_filter:
    input: ../mpmat/293T-bat_33A-EMX1-PD_rep1_hg38.select.G2A.mpmat
    output: ../mpmat_filter/293T-bat_33A-EMX1-PD_rep1_hg38.filtered_SMN-3_SCN-6_SMR-0.1_RPN-1_RTN-2.G2A.mpmat
    jobid: 21
    reason: Missing output files: ../mpmat_filter/293T-bat_33A-EMX1-PD_rep1_hg38.filtered_SMN-3_SCN-6_SMR-0.1_RPN-1_RTN-2.G2A.mpmat
    wildcards: sample=33A-EMX1-PD, rep=rep1, SMN=3, SCN=6, SMR=0.1, RPN=1, RTN=2, ac=G, bd=A


        /home/zhaohuanan/zhaohn_HD/miniconda3/envs/snakepipes_detect-seq/bin/python ./program/mpmat-select-V02.py         -i ../mpmat/293T-bat_33A-EMX1-PD_rep1_hg38.select.G2A.mpmat -o ../mpmat_filter/293T-bat_33A-EMX1-PD_rep1_hg38.filtered_SMN-3_SCN-6_SMR-0.1_RPN-1_RTN-2.G2A.mpmat         -f G -t A         --SiteMutNum 3         --SiteCoverNum 6         --SiteMutRatio 0.1         --RegionPassNum 1         --RegionToleranceNum 2         --InHeader False         --OutHeader False
        
Submitted job 21 with external jobid '198259'.
[Thu Feb  4 15:24:55 2021]
Error in rule mpmat_filter:
    jobid: 13
    output: ../mpmat_filter/293T-bat_All-VEGFA-PD_rep1_hg38.filtered_SMN-3_SCN-6_SMR-0.1_RPN-1_RTN-2.C2T.mpmat
    shell:
        
        /home/zhaohuanan/zhaohn_HD/miniconda3/envs/snakepipes_detect-seq/bin/python ./program/mpmat-select-V02.py         -i ../mpmat/293T-bat_All-VEGFA-PD_rep1_hg38.select.C2T.mpmat -o ../mpmat_filter/293T-bat_All-VEGFA-PD_rep1_hg38.filtered_SMN-3_SCN-6_SMR-0.1_RPN-1_RTN-2.C2T.mpmat         -f C -t T         --SiteMutNum 3         --SiteCoverNum 6         --SiteMutRatio 0.1         --RegionPassNum 1         --RegionToleranceNum 2         --InHeader False         --OutHeader False
        
        (one of the commands exited with non-zero exit code; note that snakemake uses bash strict mode!)
    cluster_jobid: 198251

Error executing rule mpmat_filter on cluster (jobid: 13, external: 198251, jobscript: /gpfs/user/zhaohuanan/3.project/2021_CBE_variant_and_GBE_topic/20210202_DetectSeq_M2-YE1-33A-call-points_sgRNA-EMX1-VEGFA_redo/snakepipes_Detect-seq/.snakemake/tmp.imhitnz1/snakejob.mpmat_filter.13.sh). For error details see the cluster log and the log files of the involved rule(s).
Trying to restart job 13.

[Thu Feb  4 15:24:55 2021]
rule mpmat_filter:
    input: ../mpmat/293T-bat_33A-EMX1-PD_rep1_hg38.select.C2T.mpmat
    output: ../mpmat_filter/293T-bat_33A-EMX1-PD_rep1_hg38.filtered_SMN-3_SCN-6_SMR-0.1_RPN-1_RTN-2.C2T.mpmat
    jobid: 5
    reason: Missing output files: ../mpmat_filter/293T-bat_33A-EMX1-PD_rep1_hg38.filtered_SMN-3_SCN-6_SMR-0.1_RPN-1_RTN-2.C2T.mpmat
    wildcards: sample=33A-EMX1-PD, rep=rep1, SMN=3, SCN=6, SMR=0.1, RPN=1, RTN=2, ac=C, bd=T


        /home/zhaohuanan/zhaohn_HD/miniconda3/envs/snakepipes_detect-seq/bin/python ./program/mpmat-select-V02.py         -i ../mpmat/293T-bat_33A-EMX1-PD_rep1_hg38.select.C2T.mpmat -o ../mpmat_filter/293T-bat_33A-EMX1-PD_rep1_hg38.filtered_SMN-3_SCN-6_SMR-0.1_RPN-1_RTN-2.C2T.mpmat         -f C -t T         --SiteMutNum 3         --SiteCoverNum 6         --SiteMutRatio 0.1         --RegionPassNum 1         --RegionToleranceNum 2         --InHeader False         --OutHeader False
        
[Thu Feb  4 15:24:55 2021]
Error in rule mpmat_filter:
    jobid: 28
    output: ../mpmat_filter/293T-bat_All-EMX1-PD_rep2_hg38.filtered_SMN-3_SCN-6_SMR-0.1_RPN-1_RTN-2.G2A.mpmat
    shell:
        
        /home/zhaohuanan/zhaohn_HD/miniconda3/envs/snakepipes_detect-seq/bin/python ./program/mpmat-select-V02.py         -i ../mpmat/293T-bat_All-EMX1-PD_rep2_hg38.select.G2A.mpmat -o ../mpmat_filter/293T-bat_All-EMX1-PD_rep2_hg38.filtered_SMN-3_SCN-6_SMR-0.1_RPN-1_RTN-2.G2A.mpmat         -f G -t A         --SiteMutNum 3         --SiteCoverNum 6         --SiteMutRatio 0.1         --RegionPassNum 1         --RegionToleranceNum 2         --InHeader False         --OutHeader False
        
        (one of the commands exited with non-zero exit code; note that snakemake uses bash strict mode!)
    cluster_jobid: 198252

Error executing rule mpmat_filter on cluster (jobid: 28, external: 198252, jobscript: /gpfs/user/zhaohuanan/3.project/2021_CBE_variant_and_GBE_topic/20210202_DetectSeq_M2-YE1-33A-call-points_sgRNA-EMX1-VEGFA_redo/snakepipes_Detect-seq/.snakemake/tmp.imhitnz1/snakejob.mpmat_filter.28.sh). For error details see the cluster log and the log files of the involved rule(s).
Trying to restart job 28.
Submitted job 5 with external jobid '198260'.

[Thu Feb  4 15:24:55 2021]
[Thu Feb  4 15:24:55 2021]
Error in rule mpmat_filter:
rule mpmat_filter:
    input: ../mpmat/293T-bat_All-EMX1-PD_rep2_hg38.select.G2A.mpmat
    output: ../mpmat_filter/293T-bat_All-EMX1-PD_rep2_hg38.filtered_SMN-3_SCN-6_SMR-0.1_RPN-1_RTN-2.G2A.mpmat
    jobid: 28
    reason: Missing output files: ../mpmat_filter/293T-bat_All-EMX1-PD_rep2_hg38.filtered_SMN-3_SCN-6_SMR-0.1_RPN-1_RTN-2.G2A.mpmat
    wildcards: sample=All-EMX1-PD, rep=rep2, SMN=3, SCN=6, SMR=0.1, RPN=1, RTN=2, ac=G, bd=A
    jobid: 20

    output: ../mpmat_filter/293T-bat_YE1-VEGFA-PD_rep2_hg38.filtered_SMN-3_SCN-6_SMR-0.1_RPN-1_RTN-2.G2A.mpmat

        /home/zhaohuanan/zhaohn_HD/miniconda3/envs/snakepipes_detect-seq/bin/python ./program/mpmat-select-V02.py         -i ../mpmat/293T-bat_All-EMX1-PD_rep2_hg38.select.G2A.mpmat -o ../mpmat_filter/293T-bat_All-EMX1-PD_rep2_hg38.filtered_SMN-3_SCN-6_SMR-0.1_RPN-1_RTN-2.G2A.mpmat         -f G -t A         --SiteMutNum 3         --SiteCoverNum 6         --SiteMutRatio 0.1         --RegionPassNum 1         --RegionToleranceNum 2         --InHeader False         --OutHeader False
        
    shell:
        
        /home/zhaohuanan/zhaohn_HD/miniconda3/envs/snakepipes_detect-seq/bin/python ./program/mpmat-select-V02.py         -i ../mpmat/293T-bat_YE1-VEGFA-PD_rep2_hg38.select.G2A.mpmat -o ../mpmat_filter/293T-bat_YE1-VEGFA-PD_rep2_hg38.filtered_SMN-3_SCN-6_SMR-0.1_RPN-1_RTN-2.G2A.mpmat         -f G -t A         --SiteMutNum 3         --SiteCoverNum 6         --SiteMutRatio 0.1         --RegionPassNum 1         --RegionToleranceNum 2         --InHeader False         --OutHeader False
        
        (one of the commands exited with non-zero exit code; note that snakemake uses bash strict mode!)
    cluster_jobid: 198253

Error executing rule mpmat_filter on cluster (jobid: 20, external: 198253, jobscript: /gpfs/user/zhaohuanan/3.project/2021_CBE_variant_and_GBE_topic/20210202_DetectSeq_M2-YE1-33A-call-points_sgRNA-EMX1-VEGFA_redo/snakepipes_Detect-seq/.snakemake/tmp.imhitnz1/snakejob.mpmat_filter.20.sh). For error details see the cluster log and the log files of the involved rule(s).
Trying to restart job 20.
Submitted job 28 with external jobid '198261'.

[Thu Feb  4 15:24:55 2021]
rule mpmat_filter:
    input: ../mpmat/293T-bat_YE1-VEGFA-PD_rep2_hg38.select.G2A.mpmat
    output: ../mpmat_filter/293T-bat_YE1-VEGFA-PD_rep2_hg38.filtered_SMN-3_SCN-6_SMR-0.1_RPN-1_RTN-2.G2A.mpmat
    jobid: 20
    reason: Missing output files: ../mpmat_filter/293T-bat_YE1-VEGFA-PD_rep2_hg38.filtered_SMN-3_SCN-6_SMR-0.1_RPN-1_RTN-2.G2A.mpmat
    wildcards: sample=YE1-VEGFA-PD, rep=rep2, SMN=3, SCN=6, SMR=0.1, RPN=1, RTN=2, ac=G, bd=A


        /home/zhaohuanan/zhaohn_HD/miniconda3/envs/snakepipes_detect-seq/bin/python ./program/mpmat-select-V02.py         -i ../mpmat/293T-bat_YE1-VEGFA-PD_rep2_hg38.select.G2A.mpmat -o ../mpmat_filter/293T-bat_YE1-VEGFA-PD_rep2_hg38.filtered_SMN-3_SCN-6_SMR-0.1_RPN-1_RTN-2.G2A.mpmat         -f G -t A         --SiteMutNum 3         --SiteCoverNum 6         --SiteMutRatio 0.1         --RegionPassNum 1         --RegionToleranceNum 2         --InHeader False         --OutHeader False
        
[Thu Feb  4 15:24:55 2021]
Error in rule mpmat_filter:
    jobid: 14
    output: ../mpmat_filter/293T-bat_All-VEGFA-PD_rep2_hg38.filtered_SMN-3_SCN-6_SMR-0.1_RPN-1_RTN-2.C2T.mpmat
    shell:
        
        /home/zhaohuanan/zhaohn_HD/miniconda3/envs/snakepipes_detect-seq/bin/python ./program/mpmat-select-V02.py         -i ../mpmat/293T-bat_All-VEGFA-PD_rep2_hg38.select.C2T.mpmat -o ../mpmat_filter/293T-bat_All-VEGFA-PD_rep2_hg38.filtered_SMN-3_SCN-6_SMR-0.1_RPN-1_RTN-2.C2T.mpmat         -f C -t T         --SiteMutNum 3         --SiteCoverNum 6         --SiteMutRatio 0.1         --RegionPassNum 1         --RegionToleranceNum 2         --InHeader False         --OutHeader False
        
        (one of the commands exited with non-zero exit code; note that snakemake uses bash strict mode!)
    cluster_jobid: 198255

Error executing rule mpmat_filter on cluster (jobid: 14, external: 198255, jobscript: /gpfs/user/zhaohuanan/3.project/2021_CBE_variant_and_GBE_topic/20210202_DetectSeq_M2-YE1-33A-call-points_sgRNA-EMX1-VEGFA_redo/snakepipes_Detect-seq/.snakemake/tmp.imhitnz1/snakejob.mpmat_filter.14.sh). For error details see the cluster log and the log files of the involved rule(s).
Trying to restart job 14.
Submitted job 20 with external jobid '198262'.

[Thu Feb  4 15:24:56 2021]
rule mpmat_filter:
    input: ../mpmat/293T-bat_All-VEGFA-PD_rep2_hg38.select.C2T.mpmat
    output: ../mpmat_filter/293T-bat_All-VEGFA-PD_rep2_hg38.filtered_SMN-3_SCN-6_SMR-0.1_RPN-1_RTN-2.C2T.mpmat
    jobid: 14
    reason: Missing output files: ../mpmat_filter/293T-bat_All-VEGFA-PD_rep2_hg38.filtered_SMN-3_SCN-6_SMR-0.1_RPN-1_RTN-2.C2T.mpmat
    wildcards: sample=All-VEGFA-PD, rep=rep2, SMN=3, SCN=6, SMR=0.1, RPN=1, RTN=2, ac=C, bd=T


        /home/zhaohuanan/zhaohn_HD/miniconda3/envs/snakepipes_detect-seq/bin/python ./program/mpmat-select-V02.py         -i ../mpmat/293T-bat_All-VEGFA-PD_rep2_hg38.select.C2T.mpmat -o ../mpmat_filter/293T-bat_All-VEGFA-PD_rep2_hg38.filtered_SMN-3_SCN-6_SMR-0.1_RPN-1_RTN-2.C2T.mpmat         -f C -t T         --SiteMutNum 3         --SiteCoverNum 6         --SiteMutRatio 0.1         --RegionPassNum 1         --RegionToleranceNum 2         --InHeader False         --OutHeader False
        
[Thu Feb  4 15:24:56 2021]
Error in rule mpmat_filter:
    jobid: 23
    output: ../mpmat_filter/293T-bat_33A-VEGFA-PD_rep1_hg38.filtered_SMN-3_SCN-6_SMR-0.1_RPN-1_RTN-2.G2A.mpmat
    shell:
        
        /home/zhaohuanan/zhaohn_HD/miniconda3/envs/snakepipes_detect-seq/bin/python ./program/mpmat-select-V02.py         -i ../mpmat/293T-bat_33A-VEGFA-PD_rep1_hg38.select.G2A.mpmat -o ../mpmat_filter/293T-bat_33A-VEGFA-PD_rep1_hg38.filtered_SMN-3_SCN-6_SMR-0.1_RPN-1_RTN-2.G2A.mpmat         -f G -t A         --SiteMutNum 3         --SiteCoverNum 6         --SiteMutRatio 0.1         --RegionPassNum 1         --RegionToleranceNum 2         --InHeader False         --OutHeader False
        
        (one of the commands exited with non-zero exit code; note that snakemake uses bash strict mode!)
    cluster_jobid: 198256

Error executing rule mpmat_filter on cluster (jobid: 23, external: 198256, jobscript: /gpfs/user/zhaohuanan/3.project/2021_CBE_variant_and_GBE_topic/20210202_DetectSeq_M2-YE1-33A-call-points_sgRNA-EMX1-VEGFA_redo/snakepipes_Detect-seq/.snakemake/tmp.imhitnz1/snakejob.mpmat_filter.23.sh). For error details see the cluster log and the log files of the involved rule(s).
Trying to restart job 23.
Submitted job 14 with external jobid '198263'.

[Thu Feb  4 15:24:56 2021]
rule mpmat_filter:
    input: ../mpmat/293T-bat_33A-EMX1-PD_rep2_hg38.select.C2T.mpmat
    output: ../mpmat_filter/293T-bat_33A-EMX1-PD_rep2_hg38.filtered_SMN-3_SCN-6_SMR-0.1_RPN-1_RTN-2.C2T.mpmat
    jobid: 6
    reason: Missing output files: ../mpmat_filter/293T-bat_33A-EMX1-PD_rep2_hg38.filtered_SMN-3_SCN-6_SMR-0.1_RPN-1_RTN-2.C2T.mpmat
    wildcards: sample=33A-EMX1-PD, rep=rep2, SMN=3, SCN=6, SMR=0.1, RPN=1, RTN=2, ac=C, bd=T


        /home/zhaohuanan/zhaohn_HD/miniconda3/envs/snakepipes_detect-seq/bin/python ./program/mpmat-select-V02.py         -i ../mpmat/293T-bat_33A-EMX1-PD_rep2_hg38.select.C2T.mpmat -o ../mpmat_filter/293T-bat_33A-EMX1-PD_rep2_hg38.filtered_SMN-3_SCN-6_SMR-0.1_RPN-1_RTN-2.C2T.mpmat         -f C -t T         --SiteMutNum 3         --SiteCoverNum 6         --SiteMutRatio 0.1         --RegionPassNum 1         --RegionToleranceNum 2         --InHeader False         --OutHeader False
        
[Thu Feb  4 15:24:56 2021]
Error in rule mpmat_filter:
    jobid: 29
    output: ../mpmat_filter/293T-bat_All-VEGFA-PD_rep1_hg38.filtered_SMN-3_SCN-6_SMR-0.1_RPN-1_RTN-2.G2A.mpmat
    shell:
        
        /home/zhaohuanan/zhaohn_HD/miniconda3/envs/snakepipes_detect-seq/bin/python ./program/mpmat-select-V02.py         -i ../mpmat/293T-bat_All-VEGFA-PD_rep1_hg38.select.G2A.mpmat -o ../mpmat_filter/293T-bat_All-VEGFA-PD_rep1_hg38.filtered_SMN-3_SCN-6_SMR-0.1_RPN-1_RTN-2.G2A.mpmat         -f G -t A         --SiteMutNum 3         --SiteCoverNum 6         --SiteMutRatio 0.1         --RegionPassNum 1         --RegionToleranceNum 2         --InHeader False         --OutHeader False
        
        (one of the commands exited with non-zero exit code; note that snakemake uses bash strict mode!)
    cluster_jobid: 198257

Error executing rule mpmat_filter on cluster (jobid: 29, external: 198257, jobscript: /gpfs/user/zhaohuanan/3.project/2021_CBE_variant_and_GBE_topic/20210202_DetectSeq_M2-YE1-33A-call-points_sgRNA-EMX1-VEGFA_redo/snakepipes_Detect-seq/.snakemake/tmp.imhitnz1/snakejob.mpmat_filter.29.sh). For error details see the cluster log and the log files of the involved rule(s).
Trying to restart job 29.
[Thu Feb  4 15:24:56 2021]
Error in rule mpmat_filter:
    jobid: 8
    output: ../mpmat_filter/293T-bat_33A-VEGFA-PD_rep2_hg38.filtered_SMN-3_SCN-6_SMR-0.1_RPN-1_RTN-2.C2T.mpmat
    shell:
        
        /home/zhaohuanan/zhaohn_HD/miniconda3/envs/snakepipes_detect-seq/bin/python ./program/mpmat-select-V02.py         -i ../mpmat/293T-bat_33A-VEGFA-PD_rep2_hg38.select.C2T.mpmat -o ../mpmat_filter/293T-bat_33A-VEGFA-PD_rep2_hg38.filtered_SMN-3_SCN-6_SMR-0.1_RPN-1_RTN-2.C2T.mpmat         -f C -t T         --SiteMutNum 3         --SiteCoverNum 6         --SiteMutRatio 0.1         --RegionPassNum 1         --RegionToleranceNum 2         --InHeader False         --OutHeader False
        
        (one of the commands exited with non-zero exit code; note that snakemake uses bash strict mode!)
    cluster_jobid: 198258

Error executing rule mpmat_filter on cluster (jobid: 8, external: 198258, jobscript: /gpfs/user/zhaohuanan/3.project/2021_CBE_variant_and_GBE_topic/20210202_DetectSeq_M2-YE1-33A-call-points_sgRNA-EMX1-VEGFA_redo/snakepipes_Detect-seq/.snakemake/tmp.imhitnz1/snakejob.mpmat_filter.8.sh). For error details see the cluster log and the log files of the involved rule(s).
Trying to restart job 8.
Submitted job 6 with external jobid '198264'.

[Thu Feb  4 15:24:56 2021]
rule mpmat_filter:
    input: ../mpmat/293T-bat_YE1-EMX1-PD_rep2_hg38.select.C2T.mpmat
    output: ../mpmat_filter/293T-bat_YE1-EMX1-PD_rep2_hg38.filtered_SMN-3_SCN-6_SMR-0.1_RPN-1_RTN-2.C2T.mpmat
    jobid: 2
    reason: Missing output files: ../mpmat_filter/293T-bat_YE1-EMX1-PD_rep2_hg38.filtered_SMN-3_SCN-6_SMR-0.1_RPN-1_RTN-2.C2T.mpmat
    wildcards: sample=YE1-EMX1-PD, rep=rep2, SMN=3, SCN=6, SMR=0.1, RPN=1, RTN=2, ac=C, bd=T


        /home/zhaohuanan/zhaohn_HD/miniconda3/envs/snakepipes_detect-seq/bin/python ./program/mpmat-select-V02.py         -i ../mpmat/293T-bat_YE1-EMX1-PD_rep2_hg38.select.C2T.mpmat -o ../mpmat_filter/293T-bat_YE1-EMX1-PD_rep2_hg38.filtered_SMN-3_SCN-6_SMR-0.1_RPN-1_RTN-2.C2T.mpmat         -f C -t T         --SiteMutNum 3         --SiteCoverNum 6         --SiteMutRatio 0.1         --RegionPassNum 1         --RegionToleranceNum 2         --InHeader False         --OutHeader False
        
[Thu Feb  4 15:24:56 2021]
Error in rule mpmat_filter:
    jobid: 21
    output: ../mpmat_filter/293T-bat_33A-EMX1-PD_rep1_hg38.filtered_SMN-3_SCN-6_SMR-0.1_RPN-1_RTN-2.G2A.mpmat
    shell:
        
        /home/zhaohuanan/zhaohn_HD/miniconda3/envs/snakepipes_detect-seq/bin/python ./program/mpmat-select-V02.py         -i ../mpmat/293T-bat_33A-EMX1-PD_rep1_hg38.select.G2A.mpmat -o ../mpmat_filter/293T-bat_33A-EMX1-PD_rep1_hg38.filtered_SMN-3_SCN-6_SMR-0.1_RPN-1_RTN-2.G2A.mpmat         -f G -t A         --SiteMutNum 3         --SiteCoverNum 6         --SiteMutRatio 0.1         --RegionPassNum 1         --RegionToleranceNum 2         --InHeader False         --OutHeader False
        
        (one of the commands exited with non-zero exit code; note that snakemake uses bash strict mode!)
    cluster_jobid: 198259

Error executing rule mpmat_filter on cluster (jobid: 21, external: 198259, jobscript: /gpfs/user/zhaohuanan/3.project/2021_CBE_variant_and_GBE_topic/20210202_DetectSeq_M2-YE1-33A-call-points_sgRNA-EMX1-VEGFA_redo/snakepipes_Detect-seq/.snakemake/tmp.imhitnz1/snakejob.mpmat_filter.21.sh). For error details see the cluster log and the log files of the involved rule(s).
Trying to restart job 21.
Submitted job 2 with external jobid '198265'.

[Thu Feb  4 15:24:57 2021]
rule mpmat_filter:
    input: ../mpmat/293T-bat_All-VEGFA-PD_rep2_hg38.select.G2A.mpmat
    output: ../mpmat_filter/293T-bat_All-VEGFA-PD_rep2_hg38.filtered_SMN-3_SCN-6_SMR-0.1_RPN-1_RTN-2.G2A.mpmat
    jobid: 30
    reason: Missing output files: ../mpmat_filter/293T-bat_All-VEGFA-PD_rep2_hg38.filtered_SMN-3_SCN-6_SMR-0.1_RPN-1_RTN-2.G2A.mpmat
    wildcards: sample=All-VEGFA-PD, rep=rep2, SMN=3, SCN=6, SMR=0.1, RPN=1, RTN=2, ac=G, bd=A


        /home/zhaohuanan/zhaohn_HD/miniconda3/envs/snakepipes_detect-seq/bin/python ./program/mpmat-select-V02.py         -i ../mpmat/293T-bat_All-VEGFA-PD_rep2_hg38.select.G2A.mpmat -o ../mpmat_filter/293T-bat_All-VEGFA-PD_rep2_hg38.filtered_SMN-3_SCN-6_SMR-0.1_RPN-1_RTN-2.G2A.mpmat         -f G -t A         --SiteMutNum 3         --SiteCoverNum 6         --SiteMutRatio 0.1         --RegionPassNum 1         --RegionToleranceNum 2         --InHeader False         --OutHeader False
        
Submitted job 30 with external jobid '198266'.

[Thu Feb  4 15:24:57 2021]
rule mpmat_filter:
    input: ../mpmat/293T-bat_All-VEGFA-PD_rep1_hg38.select.G2A.mpmat
    output: ../mpmat_filter/293T-bat_All-VEGFA-PD_rep1_hg38.filtered_SMN-3_SCN-6_SMR-0.1_RPN-1_RTN-2.G2A.mpmat
    jobid: 29
    reason: Missing output files: ../mpmat_filter/293T-bat_All-VEGFA-PD_rep1_hg38.filtered_SMN-3_SCN-6_SMR-0.1_RPN-1_RTN-2.G2A.mpmat
    wildcards: sample=All-VEGFA-PD, rep=rep1, SMN=3, SCN=6, SMR=0.1, RPN=1, RTN=2, ac=G, bd=A


        /home/zhaohuanan/zhaohn_HD/miniconda3/envs/snakepipes_detect-seq/bin/python ./program/mpmat-select-V02.py         -i ../mpmat/293T-bat_All-VEGFA-PD_rep1_hg38.select.G2A.mpmat -o ../mpmat_filter/293T-bat_All-VEGFA-PD_rep1_hg38.filtered_SMN-3_SCN-6_SMR-0.1_RPN-1_RTN-2.G2A.mpmat         -f G -t A         --SiteMutNum 3         --SiteCoverNum 6         --SiteMutRatio 0.1         --RegionPassNum 1         --RegionToleranceNum 2         --InHeader False         --OutHeader False
        
Submitted job 29 with external jobid '198267'.
[Thu Feb  4 15:25:07 2021]
Error in rule mpmat_filter:
    jobid: 5
    output: ../mpmat_filter/293T-bat_33A-EMX1-PD_rep1_hg38.filtered_SMN-3_SCN-6_SMR-0.1_RPN-1_RTN-2.C2T.mpmat
    shell:
        
        /home/zhaohuanan/zhaohn_HD/miniconda3/envs/snakepipes_detect-seq/bin/python ./program/mpmat-select-V02.py         -i ../mpmat/293T-bat_33A-EMX1-PD_rep1_hg38.select.C2T.mpmat -o ../mpmat_filter/293T-bat_33A-EMX1-PD_rep1_hg38.filtered_SMN-3_SCN-6_SMR-0.1_RPN-1_RTN-2.C2T.mpmat         -f C -t T         --SiteMutNum 3         --SiteCoverNum 6         --SiteMutRatio 0.1         --RegionPassNum 1         --RegionToleranceNum 2         --InHeader False         --OutHeader False
        
        (one of the commands exited with non-zero exit code; note that snakemake uses bash strict mode!)
    cluster_jobid: 198260

Error executing rule mpmat_filter on cluster (jobid: 5, external: 198260, jobscript: /gpfs/user/zhaohuanan/3.project/2021_CBE_variant_and_GBE_topic/20210202_DetectSeq_M2-YE1-33A-call-points_sgRNA-EMX1-VEGFA_redo/snakepipes_Detect-seq/.snakemake/tmp.imhitnz1/snakejob.mpmat_filter.5.sh). For error details see the cluster log and the log files of the involved rule(s).
Trying to restart job 5.

[Thu Feb  4 15:25:07 2021]
rule mpmat_filter:
    input: ../mpmat/293T-bat_33A-EMX1-PD_rep1_hg38.select.C2T.mpmat
    output: ../mpmat_filter/293T-bat_33A-EMX1-PD_rep1_hg38.filtered_SMN-3_SCN-6_SMR-0.1_RPN-1_RTN-2.C2T.mpmat
    jobid: 5
    reason: Missing output files: ../mpmat_filter/293T-bat_33A-EMX1-PD_rep1_hg38.filtered_SMN-3_SCN-6_SMR-0.1_RPN-1_RTN-2.C2T.mpmat
    wildcards: sample=33A-EMX1-PD, rep=rep1, SMN=3, SCN=6, SMR=0.1, RPN=1, RTN=2, ac=C, bd=T


        /home/zhaohuanan/zhaohn_HD/miniconda3/envs/snakepipes_detect-seq/bin/python ./program/mpmat-select-V02.py         -i ../mpmat/293T-bat_33A-EMX1-PD_rep1_hg38.select.C2T.mpmat -o ../mpmat_filter/293T-bat_33A-EMX1-PD_rep1_hg38.filtered_SMN-3_SCN-6_SMR-0.1_RPN-1_RTN-2.C2T.mpmat         -f C -t T         --SiteMutNum 3         --SiteCoverNum 6         --SiteMutRatio 0.1         --RegionPassNum 1         --RegionToleranceNum 2         --InHeader False         --OutHeader False
        
[Thu Feb  4 15:25:07 2021]
Error in rule mpmat_filter:
    jobid: 28
    output: ../mpmat_filter/293T-bat_All-EMX1-PD_rep2_hg38.filtered_SMN-3_SCN-6_SMR-0.1_RPN-1_RTN-2.G2A.mpmat
    shell:
        
        /home/zhaohuanan/zhaohn_HD/miniconda3/envs/snakepipes_detect-seq/bin/python ./program/mpmat-select-V02.py         -i ../mpmat/293T-bat_All-EMX1-PD_rep2_hg38.select.G2A.mpmat -o ../mpmat_filter/293T-bat_All-EMX1-PD_rep2_hg38.filtered_SMN-3_SCN-6_SMR-0.1_RPN-1_RTN-2.G2A.mpmat         -f G -t A         --SiteMutNum 3         --SiteCoverNum 6         --SiteMutRatio 0.1         --RegionPassNum 1         --RegionToleranceNum 2         --InHeader False         --OutHeader False
        
        (one of the commands exited with non-zero exit code; note that snakemake uses bash strict mode!)
    cluster_jobid: 198261

Error executing rule mpmat_filter on cluster (jobid: 28, external: 198261, jobscript: /gpfs/user/zhaohuanan/3.project/2021_CBE_variant_and_GBE_topic/20210202_DetectSeq_M2-YE1-33A-call-points_sgRNA-EMX1-VEGFA_redo/snakepipes_Detect-seq/.snakemake/tmp.imhitnz1/snakejob.mpmat_filter.28.sh). For error details see the cluster log and the log files of the involved rule(s).
Trying to restart job 28.
Submitted job 5 with external jobid '198268'.
[Thu Feb  4 15:25:07 2021]
Error in rule mpmat_filter:
    jobid: 20
    output: ../mpmat_filter/293T-bat_YE1-VEGFA-PD_rep2_hg38.filtered_SMN-3_SCN-6_SMR-0.1_RPN-1_RTN-2.G2A.mpmat
    shell:
        
        /home/zhaohuanan/zhaohn_HD/miniconda3/envs/snakepipes_detect-seq/bin/python ./program/mpmat-select-V02.py         -i ../mpmat/293T-bat_YE1-VEGFA-PD_rep2_hg38.select.G2A.mpmat -o ../mpmat_filter/293T-bat_YE1-VEGFA-PD_rep2_hg38.filtered_SMN-3_SCN-6_SMR-0.1_RPN-1_RTN-2.G2A.mpmat         -f G -t A         --SiteMutNum 3         --SiteCoverNum 6         --SiteMutRatio 0.1         --RegionPassNum 1         --RegionToleranceNum 2         --InHeader False         --OutHeader False
        
        (one of the commands exited with non-zero exit code; note that snakemake uses bash strict mode!)
    cluster_jobid: 198262

Error executing rule mpmat_filter on cluster (jobid: 20, external: 198262, jobscript: /gpfs/user/zhaohuanan/3.project/2021_CBE_variant_and_GBE_topic/20210202_DetectSeq_M2-YE1-33A-call-points_sgRNA-EMX1-VEGFA_redo/snakepipes_Detect-seq/.snakemake/tmp.imhitnz1/snakejob.mpmat_filter.20.sh). For error details see the cluster log and the log files of the involved rule(s).
Trying to restart job 20.

[Thu Feb  4 15:25:07 2021]
rule mpmat_filter:
    input: ../mpmat/293T-bat_All-EMX1-PD_rep2_hg38.select.G2A.mpmat
    output: ../mpmat_filter/293T-bat_All-EMX1-PD_rep2_hg38.filtered_SMN-3_SCN-6_SMR-0.1_RPN-1_RTN-2.G2A.mpmat
    jobid: 28
    reason: Missing output files: ../mpmat_filter/293T-bat_All-EMX1-PD_rep2_hg38.filtered_SMN-3_SCN-6_SMR-0.1_RPN-1_RTN-2.G2A.mpmat
    wildcards: sample=All-EMX1-PD, rep=rep2, SMN=3, SCN=6, SMR=0.1, RPN=1, RTN=2, ac=G, bd=A


        /home/zhaohuanan/zhaohn_HD/miniconda3/envs/snakepipes_detect-seq/bin/python ./program/mpmat-select-V02.py         -i ../mpmat/293T-bat_All-EMX1-PD_rep2_hg38.select.G2A.mpmat -o ../mpmat_filter/293T-bat_All-EMX1-PD_rep2_hg38.filtered_SMN-3_SCN-6_SMR-0.1_RPN-1_RTN-2.G2A.mpmat         -f G -t A         --SiteMutNum 3         --SiteCoverNum 6         --SiteMutRatio 0.1         --RegionPassNum 1         --RegionToleranceNum 2         --InHeader False         --OutHeader False
        
[Thu Feb  4 15:25:07 2021]
Error in rule mpmat_filter:
    jobid: 14
    output: ../mpmat_filter/293T-bat_All-VEGFA-PD_rep2_hg38.filtered_SMN-3_SCN-6_SMR-0.1_RPN-1_RTN-2.C2T.mpmat
    shell:
        
        /home/zhaohuanan/zhaohn_HD/miniconda3/envs/snakepipes_detect-seq/bin/python ./program/mpmat-select-V02.py         -i ../mpmat/293T-bat_All-VEGFA-PD_rep2_hg38.select.C2T.mpmat -o ../mpmat_filter/293T-bat_All-VEGFA-PD_rep2_hg38.filtered_SMN-3_SCN-6_SMR-0.1_RPN-1_RTN-2.C2T.mpmat         -f C -t T         --SiteMutNum 3         --SiteCoverNum 6         --SiteMutRatio 0.1         --RegionPassNum 1         --RegionToleranceNum 2         --InHeader False         --OutHeader False
        
        (one of the commands exited with non-zero exit code; note that snakemake uses bash strict mode!)
    cluster_jobid: 198263

Error executing rule mpmat_filter on cluster (jobid: 14, external: 198263, jobscript: /gpfs/user/zhaohuanan/3.project/2021_CBE_variant_and_GBE_topic/20210202_DetectSeq_M2-YE1-33A-call-points_sgRNA-EMX1-VEGFA_redo/snakepipes_Detect-seq/.snakemake/tmp.imhitnz1/snakejob.mpmat_filter.14.sh). For error details see the cluster log and the log files of the involved rule(s).
Trying to restart job 14.
Submitted job 28 with external jobid '198269'.

[Thu Feb  4 15:25:07 2021]
rule mpmat_filter:
    input: ../mpmat/293T-bat_Vector-VEGFA-PD_rep1_hg38.select.G2A.mpmat
    output: ../mpmat_filter/293T-bat_Vector-VEGFA-PD_rep1_hg38.filtered_SMN-3_SCN-6_SMR-0.1_RPN-1_RTN-2.G2A.mpmat
    jobid: 31
    reason: Missing output files: ../mpmat_filter/293T-bat_Vector-VEGFA-PD_rep1_hg38.filtered_SMN-3_SCN-6_SMR-0.1_RPN-1_RTN-2.G2A.mpmat
    wildcards: sample=Vector-VEGFA-PD, rep=rep1, SMN=3, SCN=6, SMR=0.1, RPN=1, RTN=2, ac=G, bd=A


        /home/zhaohuanan/zhaohn_HD/miniconda3/envs/snakepipes_detect-seq/bin/python ./program/mpmat-select-V02.py         -i ../mpmat/293T-bat_Vector-VEGFA-PD_rep1_hg38.select.G2A.mpmat -o ../mpmat_filter/293T-bat_Vector-VEGFA-PD_rep1_hg38.filtered_SMN-3_SCN-6_SMR-0.1_RPN-1_RTN-2.G2A.mpmat         -f G -t A         --SiteMutNum 3         --SiteCoverNum 6         --SiteMutRatio 0.1         --RegionPassNum 1         --RegionToleranceNum 2         --InHeader False         --OutHeader False
        
[Thu Feb  4 15:25:07 2021]
Error in rule mpmat_filter:
    jobid: 6
    output: ../mpmat_filter/293T-bat_33A-EMX1-PD_rep2_hg38.filtered_SMN-3_SCN-6_SMR-0.1_RPN-1_RTN-2.C2T.mpmat
    shell:
        
        /home/zhaohuanan/zhaohn_HD/miniconda3/envs/snakepipes_detect-seq/bin/python ./program/mpmat-select-V02.py         -i ../mpmat/293T-bat_33A-EMX1-PD_rep2_hg38.select.C2T.mpmat -o ../mpmat_filter/293T-bat_33A-EMX1-PD_rep2_hg38.filtered_SMN-3_SCN-6_SMR-0.1_RPN-1_RTN-2.C2T.mpmat         -f C -t T         --SiteMutNum 3         --SiteCoverNum 6         --SiteMutRatio 0.1         --RegionPassNum 1         --RegionToleranceNum 2         --InHeader False         --OutHeader False
        
        (one of the commands exited with non-zero exit code; note that snakemake uses bash strict mode!)
    cluster_jobid: 198264

Error executing rule mpmat_filter on cluster (jobid: 6, external: 198264, jobscript: /gpfs/user/zhaohuanan/3.project/2021_CBE_variant_and_GBE_topic/20210202_DetectSeq_M2-YE1-33A-call-points_sgRNA-EMX1-VEGFA_redo/snakepipes_Detect-seq/.snakemake/tmp.imhitnz1/snakejob.mpmat_filter.6.sh). For error details see the cluster log and the log files of the involved rule(s).
Trying to restart job 6.
Submitted job 31 with external jobid '198270'.

[Thu Feb  4 15:25:07 2021]
rule mpmat_filter:
    input: ../mpmat/293T-bat_33A-EMX1-PD_rep1_hg38.select.G2A.mpmat
    output: ../mpmat_filter/293T-bat_33A-EMX1-PD_rep1_hg38.filtered_SMN-3_SCN-6_SMR-0.1_RPN-1_RTN-2.G2A.mpmat
    jobid: 21
    reason: Missing output files: ../mpmat_filter/293T-bat_33A-EMX1-PD_rep1_hg38.filtered_SMN-3_SCN-6_SMR-0.1_RPN-1_RTN-2.G2A.mpmat
    wildcards: sample=33A-EMX1-PD, rep=rep1, SMN=3, SCN=6, SMR=0.1, RPN=1, RTN=2, ac=G, bd=A


        /home/zhaohuanan/zhaohn_HD/miniconda3/envs/snakepipes_detect-seq/bin/python ./program/mpmat-select-V02.py         -i ../mpmat/293T-bat_33A-EMX1-PD_rep1_hg38.select.G2A.mpmat -o ../mpmat_filter/293T-bat_33A-EMX1-PD_rep1_hg38.filtered_SMN-3_SCN-6_SMR-0.1_RPN-1_RTN-2.G2A.mpmat         -f G -t A         --SiteMutNum 3         --SiteCoverNum 6         --SiteMutRatio 0.1         --RegionPassNum 1         --RegionToleranceNum 2         --InHeader False         --OutHeader False
        
Submitted job 21 with external jobid '198271'.

[Thu Feb  4 15:25:08 2021]
rule mpmat_filter:
    input: ../mpmat/293T-bat_YE1-VEGFA-PD_rep2_hg38.select.G2A.mpmat
    output: ../mpmat_filter/293T-bat_YE1-VEGFA-PD_rep2_hg38.filtered_SMN-3_SCN-6_SMR-0.1_RPN-1_RTN-2.G2A.mpmat
    jobid: 20
    reason: Missing output files: ../mpmat_filter/293T-bat_YE1-VEGFA-PD_rep2_hg38.filtered_SMN-3_SCN-6_SMR-0.1_RPN-1_RTN-2.G2A.mpmat
    wildcards: sample=YE1-VEGFA-PD, rep=rep2, SMN=3, SCN=6, SMR=0.1, RPN=1, RTN=2, ac=G, bd=A


        /home/zhaohuanan/zhaohn_HD/miniconda3/envs/snakepipes_detect-seq/bin/python ./program/mpmat-select-V02.py         -i ../mpmat/293T-bat_YE1-VEGFA-PD_rep2_hg38.select.G2A.mpmat -o ../mpmat_filter/293T-bat_YE1-VEGFA-PD_rep2_hg38.filtered_SMN-3_SCN-6_SMR-0.1_RPN-1_RTN-2.G2A.mpmat         -f G -t A         --SiteMutNum 3         --SiteCoverNum 6         --SiteMutRatio 0.1         --RegionPassNum 1         --RegionToleranceNum 2         --InHeader False         --OutHeader False
        
[Thu Feb  4 15:25:08 2021]
Error in rule mpmat_filter:
    jobid: 2
    output: ../mpmat_filter/293T-bat_YE1-EMX1-PD_rep2_hg38.filtered_SMN-3_SCN-6_SMR-0.1_RPN-1_RTN-2.C2T.mpmat
    shell:
        
        /home/zhaohuanan/zhaohn_HD/miniconda3/envs/snakepipes_detect-seq/bin/python ./program/mpmat-select-V02.py         -i ../mpmat/293T-bat_YE1-EMX1-PD_rep2_hg38.select.C2T.mpmat -o ../mpmat_filter/293T-bat_YE1-EMX1-PD_rep2_hg38.filtered_SMN-3_SCN-6_SMR-0.1_RPN-1_RTN-2.C2T.mpmat         -f C -t T         --SiteMutNum 3         --SiteCoverNum 6         --SiteMutRatio 0.1         --RegionPassNum 1         --RegionToleranceNum 2         --InHeader False         --OutHeader False
        
        (one of the commands exited with non-zero exit code; note that snakemake uses bash strict mode!)
    cluster_jobid: 198265

Error executing rule mpmat_filter on cluster (jobid: 2, external: 198265, jobscript: /gpfs/user/zhaohuanan/3.project/2021_CBE_variant_and_GBE_topic/20210202_DetectSeq_M2-YE1-33A-call-points_sgRNA-EMX1-VEGFA_redo/snakepipes_Detect-seq/.snakemake/tmp.imhitnz1/snakejob.mpmat_filter.2.sh). For error details see the cluster log and the log files of the involved rule(s).
Trying to restart job 2.
Submitted job 20 with external jobid '198272'.
[Thu Feb  4 15:25:08 2021]
Error in rule mpmat_filter:
    jobid: 30
    output: ../mpmat_filter/293T-bat_All-VEGFA-PD_rep2_hg38.filtered_SMN-3_SCN-6_SMR-0.1_RPN-1_RTN-2.G2A.mpmat
    shell:
        
        /home/zhaohuanan/zhaohn_HD/miniconda3/envs/snakepipes_detect-seq/bin/python ./program/mpmat-select-V02.py         -i ../mpmat/293T-bat_All-VEGFA-PD_rep2_hg38.select.G2A.mpmat -o ../mpmat_filter/293T-bat_All-VEGFA-PD_rep2_hg38.filtered_SMN-3_SCN-6_SMR-0.1_RPN-1_RTN-2.G2A.mpmat         -f G -t A         --SiteMutNum 3         --SiteCoverNum 6         --SiteMutRatio 0.1         --RegionPassNum 1         --RegionToleranceNum 2         --InHeader False         --OutHeader False
        
        (one of the commands exited with non-zero exit code; note that snakemake uses bash strict mode!)
    cluster_jobid: 198266

Error executing rule mpmat_filter on cluster (jobid: 30, external: 198266, jobscript: /gpfs/user/zhaohuanan/3.project/2021_CBE_variant_and_GBE_topic/20210202_DetectSeq_M2-YE1-33A-call-points_sgRNA-EMX1-VEGFA_redo/snakepipes_Detect-seq/.snakemake/tmp.imhitnz1/snakejob.mpmat_filter.30.sh). For error details see the cluster log and the log files of the involved rule(s).
Trying to restart job 30.

[Thu Feb  4 15:25:08 2021]
rule mpmat_filter:
    input: ../mpmat/293T-bat_YE1-EMX1-PD_rep2_hg38.select.C2T.mpmat
    output: ../mpmat_filter/293T-bat_YE1-EMX1-PD_rep2_hg38.filtered_SMN-3_SCN-6_SMR-0.1_RPN-1_RTN-2.C2T.mpmat
    jobid: 2
    reason: Missing output files: ../mpmat_filter/293T-bat_YE1-EMX1-PD_rep2_hg38.filtered_SMN-3_SCN-6_SMR-0.1_RPN-1_RTN-2.C2T.mpmat
    wildcards: sample=YE1-EMX1-PD, rep=rep2, SMN=3, SCN=6, SMR=0.1, RPN=1, RTN=2, ac=C, bd=T


        /home/zhaohuanan/zhaohn_HD/miniconda3/envs/snakepipes_detect-seq/bin/python ./program/mpmat-select-V02.py         -i ../mpmat/293T-bat_YE1-EMX1-PD_rep2_hg38.select.C2T.mpmat -o ../mpmat_filter/293T-bat_YE1-EMX1-PD_rep2_hg38.filtered_SMN-3_SCN-6_SMR-0.1_RPN-1_RTN-2.C2T.mpmat         -f C -t T         --SiteMutNum 3         --SiteCoverNum 6         --SiteMutRatio 0.1         --RegionPassNum 1         --RegionToleranceNum 2         --InHeader False         --OutHeader False
        
[Thu Feb  4 15:25:08 2021]
Error in rule mpmat_filter:
    jobid: 29
    output: ../mpmat_filter/293T-bat_All-VEGFA-PD_rep1_hg38.filtered_SMN-3_SCN-6_SMR-0.1_RPN-1_RTN-2.G2A.mpmat
    shell:
        
        /home/zhaohuanan/zhaohn_HD/miniconda3/envs/snakepipes_detect-seq/bin/python ./program/mpmat-select-V02.py         -i ../mpmat/293T-bat_All-VEGFA-PD_rep1_hg38.select.G2A.mpmat -o ../mpmat_filter/293T-bat_All-VEGFA-PD_rep1_hg38.filtered_SMN-3_SCN-6_SMR-0.1_RPN-1_RTN-2.G2A.mpmat         -f G -t A         --SiteMutNum 3         --SiteCoverNum 6         --SiteMutRatio 0.1         --RegionPassNum 1         --RegionToleranceNum 2         --InHeader False         --OutHeader False
        
        (one of the commands exited with non-zero exit code; note that snakemake uses bash strict mode!)
    cluster_jobid: 198267

Error executing rule mpmat_filter on cluster (jobid: 29, external: 198267, jobscript: /gpfs/user/zhaohuanan/3.project/2021_CBE_variant_and_GBE_topic/20210202_DetectSeq_M2-YE1-33A-call-points_sgRNA-EMX1-VEGFA_redo/snakepipes_Detect-seq/.snakemake/tmp.imhitnz1/snakejob.mpmat_filter.29.sh). For error details see the cluster log and the log files of the involved rule(s).
Trying to restart job 29.
Submitted job 2 with external jobid '198273'.

[Thu Feb  4 15:25:08 2021]
rule mpmat_filter:
    input: ../mpmat/293T-bat_33A-EMX1-PD_rep2_hg38.select.C2T.mpmat
    output: ../mpmat_filter/293T-bat_33A-EMX1-PD_rep2_hg38.filtered_SMN-3_SCN-6_SMR-0.1_RPN-1_RTN-2.C2T.mpmat
    jobid: 6
    reason: Missing output files: ../mpmat_filter/293T-bat_33A-EMX1-PD_rep2_hg38.filtered_SMN-3_SCN-6_SMR-0.1_RPN-1_RTN-2.C2T.mpmat
    wildcards: sample=33A-EMX1-PD, rep=rep2, SMN=3, SCN=6, SMR=0.1, RPN=1, RTN=2, ac=C, bd=T


        /home/zhaohuanan/zhaohn_HD/miniconda3/envs/snakepipes_detect-seq/bin/python ./program/mpmat-select-V02.py         -i ../mpmat/293T-bat_33A-EMX1-PD_rep2_hg38.select.C2T.mpmat -o ../mpmat_filter/293T-bat_33A-EMX1-PD_rep2_hg38.filtered_SMN-3_SCN-6_SMR-0.1_RPN-1_RTN-2.C2T.mpmat         -f C -t T         --SiteMutNum 3         --SiteCoverNum 6         --SiteMutRatio 0.1         --RegionPassNum 1         --RegionToleranceNum 2         --InHeader False         --OutHeader False
        
Submitted job 6 with external jobid '198274'.

[Thu Feb  4 15:25:09 2021]
rule mpmat_filter:
    input: ../mpmat/293T-bat_All-VEGFA-PD_rep1_hg38.select.G2A.mpmat
    output: ../mpmat_filter/293T-bat_All-VEGFA-PD_rep1_hg38.filtered_SMN-3_SCN-6_SMR-0.1_RPN-1_RTN-2.G2A.mpmat
    jobid: 29
    reason: Missing output files: ../mpmat_filter/293T-bat_All-VEGFA-PD_rep1_hg38.filtered_SMN-3_SCN-6_SMR-0.1_RPN-1_RTN-2.G2A.mpmat
    wildcards: sample=All-VEGFA-PD, rep=rep1, SMN=3, SCN=6, SMR=0.1, RPN=1, RTN=2, ac=G, bd=A


        /home/zhaohuanan/zhaohn_HD/miniconda3/envs/snakepipes_detect-seq/bin/python ./program/mpmat-select-V02.py         -i ../mpmat/293T-bat_All-VEGFA-PD_rep1_hg38.select.G2A.mpmat -o ../mpmat_filter/293T-bat_All-VEGFA-PD_rep1_hg38.filtered_SMN-3_SCN-6_SMR-0.1_RPN-1_RTN-2.G2A.mpmat         -f G -t A         --SiteMutNum 3         --SiteCoverNum 6         --SiteMutRatio 0.1         --RegionPassNum 1         --RegionToleranceNum 2         --InHeader False         --OutHeader False
        
Submitted job 29 with external jobid '198275'.
[Thu Feb  4 15:25:18 2021]
Error in rule mpmat_filter:
    jobid: 5
    output: ../mpmat_filter/293T-bat_33A-EMX1-PD_rep1_hg38.filtered_SMN-3_SCN-6_SMR-0.1_RPN-1_RTN-2.C2T.mpmat
    shell:
        
        /home/zhaohuanan/zhaohn_HD/miniconda3/envs/snakepipes_detect-seq/bin/python ./program/mpmat-select-V02.py         -i ../mpmat/293T-bat_33A-EMX1-PD_rep1_hg38.select.C2T.mpmat -o ../mpmat_filter/293T-bat_33A-EMX1-PD_rep1_hg38.filtered_SMN-3_SCN-6_SMR-0.1_RPN-1_RTN-2.C2T.mpmat         -f C -t T         --SiteMutNum 3         --SiteCoverNum 6         --SiteMutRatio 0.1         --RegionPassNum 1         --RegionToleranceNum 2         --InHeader False         --OutHeader False
        
        (one of the commands exited with non-zero exit code; note that snakemake uses bash strict mode!)
    cluster_jobid: 198268

Error executing rule mpmat_filter on cluster (jobid: 5, external: 198268, jobscript: /gpfs/user/zhaohuanan/3.project/2021_CBE_variant_and_GBE_topic/20210202_DetectSeq_M2-YE1-33A-call-points_sgRNA-EMX1-VEGFA_redo/snakepipes_Detect-seq/.snakemake/tmp.imhitnz1/snakejob.mpmat_filter.5.sh). For error details see the cluster log and the log files of the involved rule(s).
Trying to restart job 5.

[Thu Feb  4 15:25:18 2021]
rule mpmat_filter:
    input: ../mpmat/293T-bat_33A-EMX1-PD_rep1_hg38.select.C2T.mpmat
    output: ../mpmat_filter/293T-bat_33A-EMX1-PD_rep1_hg38.filtered_SMN-3_SCN-6_SMR-0.1_RPN-1_RTN-2.C2T.mpmat
    jobid: 5
    reason: Missing output files: ../mpmat_filter/293T-bat_33A-EMX1-PD_rep1_hg38.filtered_SMN-3_SCN-6_SMR-0.1_RPN-1_RTN-2.C2T.mpmat
    wildcards: sample=33A-EMX1-PD, rep=rep1, SMN=3, SCN=6, SMR=0.1, RPN=1, RTN=2, ac=C, bd=T


        /home/zhaohuanan/zhaohn_HD/miniconda3/envs/snakepipes_detect-seq/bin/python ./program/mpmat-select-V02.py         -i ../mpmat/293T-bat_33A-EMX1-PD_rep1_hg38.select.C2T.mpmat -o ../mpmat_filter/293T-bat_33A-EMX1-PD_rep1_hg38.filtered_SMN-3_SCN-6_SMR-0.1_RPN-1_RTN-2.C2T.mpmat         -f C -t T         --SiteMutNum 3         --SiteCoverNum 6         --SiteMutRatio 0.1         --RegionPassNum 1         --RegionToleranceNum 2         --InHeader False         --OutHeader False
        
[Thu Feb  4 15:25:19 2021]
Error in rule mpmat_filter:
    jobid: 28
    output: ../mpmat_filter/293T-bat_All-EMX1-PD_rep2_hg38.filtered_SMN-3_SCN-6_SMR-0.1_RPN-1_RTN-2.G2A.mpmat
    shell:
        
        /home/zhaohuanan/zhaohn_HD/miniconda3/envs/snakepipes_detect-seq/bin/python ./program/mpmat-select-V02.py         -i ../mpmat/293T-bat_All-EMX1-PD_rep2_hg38.select.G2A.mpmat -o ../mpmat_filter/293T-bat_All-EMX1-PD_rep2_hg38.filtered_SMN-3_SCN-6_SMR-0.1_RPN-1_RTN-2.G2A.mpmat         -f G -t A         --SiteMutNum 3         --SiteCoverNum 6         --SiteMutRatio 0.1         --RegionPassNum 1         --RegionToleranceNum 2         --InHeader False         --OutHeader False
        
        (one of the commands exited with non-zero exit code; note that snakemake uses bash strict mode!)
    cluster_jobid: 198269

Error executing rule mpmat_filter on cluster (jobid: 28, external: 198269, jobscript: /gpfs/user/zhaohuanan/3.project/2021_CBE_variant_and_GBE_topic/20210202_DetectSeq_M2-YE1-33A-call-points_sgRNA-EMX1-VEGFA_redo/snakepipes_Detect-seq/.snakemake/tmp.imhitnz1/snakejob.mpmat_filter.28.sh). For error details see the cluster log and the log files of the involved rule(s).
Trying to restart job 28.
Submitted job 5 with external jobid '198276'.

[Thu Feb  4 15:25:19 2021]
rule mpmat_filter:
    input: ../mpmat/293T-bat_All-EMX1-PD_rep2_hg38.select.G2A.mpmat
    output: ../mpmat_filter/293T-bat_All-EMX1-PD_rep2_hg38.filtered_SMN-3_SCN-6_SMR-0.1_RPN-1_RTN-2.G2A.mpmat
    jobid: 28
    reason: Missing output files: ../mpmat_filter/293T-bat_All-EMX1-PD_rep2_hg38.filtered_SMN-3_SCN-6_SMR-0.1_RPN-1_RTN-2.G2A.mpmat
    wildcards: sample=All-EMX1-PD, rep=rep2, SMN=3, SCN=6, SMR=0.1, RPN=1, RTN=2, ac=G, bd=A


        /home/zhaohuanan/zhaohn_HD/miniconda3/envs/snakepipes_detect-seq/bin/python ./program/mpmat-select-V02.py         -i ../mpmat/293T-bat_All-EMX1-PD_rep2_hg38.select.G2A.mpmat -o ../mpmat_filter/293T-bat_All-EMX1-PD_rep2_hg38.filtered_SMN-3_SCN-6_SMR-0.1_RPN-1_RTN-2.G2A.mpmat         -f G -t A         --SiteMutNum 3         --SiteCoverNum 6         --SiteMutRatio 0.1         --RegionPassNum 1         --RegionToleranceNum 2         --InHeader False         --OutHeader False
        
[Thu Feb  4 15:25:19 2021]
Error in rule mpmat_filter:
    jobid: 21
    output: ../mpmat_filter/293T-bat_33A-EMX1-PD_rep1_hg38.filtered_SMN-3_SCN-6_SMR-0.1_RPN-1_RTN-2.G2A.mpmat
    shell:
        
        /home/zhaohuanan/zhaohn_HD/miniconda3/envs/snakepipes_detect-seq/bin/python ./program/mpmat-select-V02.py         -i ../mpmat/293T-bat_33A-EMX1-PD_rep1_hg38.select.G2A.mpmat -o ../mpmat_filter/293T-bat_33A-EMX1-PD_rep1_hg38.filtered_SMN-3_SCN-6_SMR-0.1_RPN-1_RTN-2.G2A.mpmat         -f G -t A         --SiteMutNum 3         --SiteCoverNum 6         --SiteMutRatio 0.1         --RegionPassNum 1         --RegionToleranceNum 2         --InHeader False         --OutHeader False
        
        (one of the commands exited with non-zero exit code; note that snakemake uses bash strict mode!)
    cluster_jobid: 198271

Error executing rule mpmat_filter on cluster (jobid: 21, external: 198271, jobscript: /gpfs/user/zhaohuanan/3.project/2021_CBE_variant_and_GBE_topic/20210202_DetectSeq_M2-YE1-33A-call-points_sgRNA-EMX1-VEGFA_redo/snakepipes_Detect-seq/.snakemake/tmp.imhitnz1/snakejob.mpmat_filter.21.sh). For error details see the cluster log and the log files of the involved rule(s).
Trying to restart job 21.
Submitted job 28 with external jobid '198277'.

[Thu Feb  4 15:25:19 2021]
rule mpmat_filter:
    input: ../mpmat/293T-bat_All-VEGFA-PD_rep2_hg38.select.C2T.mpmat
    output: ../mpmat_filter/293T-bat_All-VEGFA-PD_rep2_hg38.filtered_SMN-3_SCN-6_SMR-0.1_RPN-1_RTN-2.C2T.mpmat
    jobid: 14
    reason: Missing output files: ../mpmat_filter/293T-bat_All-VEGFA-PD_rep2_hg38.filtered_SMN-3_SCN-6_SMR-0.1_RPN-1_RTN-2.C2T.mpmat
    wildcards: sample=All-VEGFA-PD, rep=rep2, SMN=3, SCN=6, SMR=0.1, RPN=1, RTN=2, ac=C, bd=T


        /home/zhaohuanan/zhaohn_HD/miniconda3/envs/snakepipes_detect-seq/bin/python ./program/mpmat-select-V02.py         -i ../mpmat/293T-bat_All-VEGFA-PD_rep2_hg38.select.C2T.mpmat -o ../mpmat_filter/293T-bat_All-VEGFA-PD_rep2_hg38.filtered_SMN-3_SCN-6_SMR-0.1_RPN-1_RTN-2.C2T.mpmat         -f C -t T         --SiteMutNum 3         --SiteCoverNum 6         --SiteMutRatio 0.1         --RegionPassNum 1         --RegionToleranceNum 2         --InHeader False         --OutHeader False
        
[Thu Feb  4 15:25:19 2021]
Error in rule mpmat_filter:
    jobid: 20
    output: ../mpmat_filter/293T-bat_YE1-VEGFA-PD_rep2_hg38.filtered_SMN-3_SCN-6_SMR-0.1_RPN-1_RTN-2.G2A.mpmat
    shell:
        
        /home/zhaohuanan/zhaohn_HD/miniconda3/envs/snakepipes_detect-seq/bin/python ./program/mpmat-select-V02.py         -i ../mpmat/293T-bat_YE1-VEGFA-PD_rep2_hg38.select.G2A.mpmat -o ../mpmat_filter/293T-bat_YE1-VEGFA-PD_rep2_hg38.filtered_SMN-3_SCN-6_SMR-0.1_RPN-1_RTN-2.G2A.mpmat         -f G -t A         --SiteMutNum 3         --SiteCoverNum 6         --SiteMutRatio 0.1         --RegionPassNum 1         --RegionToleranceNum 2         --InHeader False         --OutHeader False
        
        (one of the commands exited with non-zero exit code; note that snakemake uses bash strict mode!)
    cluster_jobid: 198272

Error executing rule mpmat_filter on cluster (jobid: 20, external: 198272, jobscript: /gpfs/user/zhaohuanan/3.project/2021_CBE_variant_and_GBE_topic/20210202_DetectSeq_M2-YE1-33A-call-points_sgRNA-EMX1-VEGFA_redo/snakepipes_Detect-seq/.snakemake/tmp.imhitnz1/snakejob.mpmat_filter.20.sh). For error details see the cluster log and the log files of the involved rule(s).
Trying to restart job 20.
Submitted job 14 with external jobid '198278'.

[Thu Feb  4 15:25:19 2021]
rule mpmat_filter:
    input: ../mpmat/293T-bat_YE1-VEGFA-PD_rep2_hg38.select.G2A.mpmat
    output: ../mpmat_filter/293T-bat_YE1-VEGFA-PD_rep2_hg38.filtered_SMN-3_SCN-6_SMR-0.1_RPN-1_RTN-2.G2A.mpmat
    jobid: 20
    reason: Missing output files: ../mpmat_filter/293T-bat_YE1-VEGFA-PD_rep2_hg38.filtered_SMN-3_SCN-6_SMR-0.1_RPN-1_RTN-2.G2A.mpmat
    wildcards: sample=YE1-VEGFA-PD, rep=rep2, SMN=3, SCN=6, SMR=0.1, RPN=1, RTN=2, ac=G, bd=A


        /home/zhaohuanan/zhaohn_HD/miniconda3/envs/snakepipes_detect-seq/bin/python ./program/mpmat-select-V02.py         -i ../mpmat/293T-bat_YE1-VEGFA-PD_rep2_hg38.select.G2A.mpmat -o ../mpmat_filter/293T-bat_YE1-VEGFA-PD_rep2_hg38.filtered_SMN-3_SCN-6_SMR-0.1_RPN-1_RTN-2.G2A.mpmat         -f G -t A         --SiteMutNum 3         --SiteCoverNum 6         --SiteMutRatio 0.1         --RegionPassNum 1         --RegionToleranceNum 2         --InHeader False         --OutHeader False
        
Submitted job 20 with external jobid '198279'.
[Thu Feb  4 15:25:20 2021]
Error in rule mpmat_filter:
    jobid: 2
    output: ../mpmat_filter/293T-bat_YE1-EMX1-PD_rep2_hg38.filtered_SMN-3_SCN-6_SMR-0.1_RPN-1_RTN-2.C2T.mpmat
    shell:
        
        /home/zhaohuanan/zhaohn_HD/miniconda3/envs/snakepipes_detect-seq/bin/python ./program/mpmat-select-V02.py         -i ../mpmat/293T-bat_YE1-EMX1-PD_rep2_hg38.select.C2T.mpmat -o ../mpmat_filter/293T-bat_YE1-EMX1-PD_rep2_hg38.filtered_SMN-3_SCN-6_SMR-0.1_RPN-1_RTN-2.C2T.mpmat         -f C -t T         --SiteMutNum 3         --SiteCoverNum 6         --SiteMutRatio 0.1         --RegionPassNum 1         --RegionToleranceNum 2         --InHeader False         --OutHeader False
        
        (one of the commands exited with non-zero exit code; note that snakemake uses bash strict mode!)
    cluster_jobid: 198273

Error executing rule mpmat_filter on cluster (jobid: 2, external: 198273, jobscript: /gpfs/user/zhaohuanan/3.project/2021_CBE_variant_and_GBE_topic/20210202_DetectSeq_M2-YE1-33A-call-points_sgRNA-EMX1-VEGFA_redo/snakepipes_Detect-seq/.snakemake/tmp.imhitnz1/snakejob.mpmat_filter.2.sh). For error details see the cluster log and the log files of the involved rule(s).
Trying to restart job 2.

[Thu Feb  4 15:25:20 2021]
rule mpmat_filter:
    input: ../mpmat/293T-bat_33A-EMX1-PD_rep1_hg38.select.G2A.mpmat
    output: ../mpmat_filter/293T-bat_33A-EMX1-PD_rep1_hg38.filtered_SMN-3_SCN-6_SMR-0.1_RPN-1_RTN-2.G2A.mpmat
    jobid: 21
    reason: Missing output files: ../mpmat_filter/293T-bat_33A-EMX1-PD_rep1_hg38.filtered_SMN-3_SCN-6_SMR-0.1_RPN-1_RTN-2.G2A.mpmat
    wildcards: sample=33A-EMX1-PD, rep=rep1, SMN=3, SCN=6, SMR=0.1, RPN=1, RTN=2, ac=G, bd=A


        /home/zhaohuanan/zhaohn_HD/miniconda3/envs/snakepipes_detect-seq/bin/python ./program/mpmat-select-V02.py         -i ../mpmat/293T-bat_33A-EMX1-PD_rep1_hg38.select.G2A.mpmat -o ../mpmat_filter/293T-bat_33A-EMX1-PD_rep1_hg38.filtered_SMN-3_SCN-6_SMR-0.1_RPN-1_RTN-2.G2A.mpmat         -f G -t A         --SiteMutNum 3         --SiteCoverNum 6         --SiteMutRatio 0.1         --RegionPassNum 1         --RegionToleranceNum 2         --InHeader False         --OutHeader False
        
[Thu Feb  4 15:25:20 2021]
Error in rule mpmat_filter:
    jobid: 6
    output: ../mpmat_filter/293T-bat_33A-EMX1-PD_rep2_hg38.filtered_SMN-3_SCN-6_SMR-0.1_RPN-1_RTN-2.C2T.mpmat
    shell:
        
        /home/zhaohuanan/zhaohn_HD/miniconda3/envs/snakepipes_detect-seq/bin/python ./program/mpmat-select-V02.py         -i ../mpmat/293T-bat_33A-EMX1-PD_rep2_hg38.select.C2T.mpmat -o ../mpmat_filter/293T-bat_33A-EMX1-PD_rep2_hg38.filtered_SMN-3_SCN-6_SMR-0.1_RPN-1_RTN-2.C2T.mpmat         -f C -t T         --SiteMutNum 3         --SiteCoverNum 6         --SiteMutRatio 0.1         --RegionPassNum 1         --RegionToleranceNum 2         --InHeader False         --OutHeader False
        
        (one of the commands exited with non-zero exit code; note that snakemake uses bash strict mode!)
    cluster_jobid: 198274

Error executing rule mpmat_filter on cluster (jobid: 6, external: 198274, jobscript: /gpfs/user/zhaohuanan/3.project/2021_CBE_variant_and_GBE_topic/20210202_DetectSeq_M2-YE1-33A-call-points_sgRNA-EMX1-VEGFA_redo/snakepipes_Detect-seq/.snakemake/tmp.imhitnz1/snakejob.mpmat_filter.6.sh). For error details see the cluster log and the log files of the involved rule(s).
Trying to restart job 6.
Submitted job 21 with external jobid '198280'.

[Thu Feb  4 15:25:20 2021]
rule mpmat_filter:
    input: ../mpmat/293T-bat_33A-EMX1-PD_rep2_hg38.select.C2T.mpmat
    output: ../mpmat_filter/293T-bat_33A-EMX1-PD_rep2_hg38.filtered_SMN-3_SCN-6_SMR-0.1_RPN-1_RTN-2.C2T.mpmat
    jobid: 6
    reason: Missing output files: ../mpmat_filter/293T-bat_33A-EMX1-PD_rep2_hg38.filtered_SMN-3_SCN-6_SMR-0.1_RPN-1_RTN-2.C2T.mpmat
    wildcards: sample=33A-EMX1-PD, rep=rep2, SMN=3, SCN=6, SMR=0.1, RPN=1, RTN=2, ac=C, bd=T


        /home/zhaohuanan/zhaohn_HD/miniconda3/envs/snakepipes_detect-seq/bin/python ./program/mpmat-select-V02.py         -i ../mpmat/293T-bat_33A-EMX1-PD_rep2_hg38.select.C2T.mpmat -o ../mpmat_filter/293T-bat_33A-EMX1-PD_rep2_hg38.filtered_SMN-3_SCN-6_SMR-0.1_RPN-1_RTN-2.C2T.mpmat         -f C -t T         --SiteMutNum 3         --SiteCoverNum 6         --SiteMutRatio 0.1         --RegionPassNum 1         --RegionToleranceNum 2         --InHeader False         --OutHeader False
        
[Thu Feb  4 15:25:20 2021]
Error in rule mpmat_filter:
    jobid: 29
    output: ../mpmat_filter/293T-bat_All-VEGFA-PD_rep1_hg38.filtered_SMN-3_SCN-6_SMR-0.1_RPN-1_RTN-2.G2A.mpmat
    shell:
        
        /home/zhaohuanan/zhaohn_HD/miniconda3/envs/snakepipes_detect-seq/bin/python ./program/mpmat-select-V02.py         -i ../mpmat/293T-bat_All-VEGFA-PD_rep1_hg38.select.G2A.mpmat -o ../mpmat_filter/293T-bat_All-VEGFA-PD_rep1_hg38.filtered_SMN-3_SCN-6_SMR-0.1_RPN-1_RTN-2.G2A.mpmat         -f G -t A         --SiteMutNum 3         --SiteCoverNum 6         --SiteMutRatio 0.1         --RegionPassNum 1         --RegionToleranceNum 2         --InHeader False         --OutHeader False
        
        (one of the commands exited with non-zero exit code; note that snakemake uses bash strict mode!)
    cluster_jobid: 198275

Error executing rule mpmat_filter on cluster (jobid: 29, external: 198275, jobscript: /gpfs/user/zhaohuanan/3.project/2021_CBE_variant_and_GBE_topic/20210202_DetectSeq_M2-YE1-33A-call-points_sgRNA-EMX1-VEGFA_redo/snakepipes_Detect-seq/.snakemake/tmp.imhitnz1/snakejob.mpmat_filter.29.sh). For error details see the cluster log and the log files of the involved rule(s).
Submitted job 6 with external jobid '198281'.
[Thu Feb  4 15:25:30 2021]
Error in rule mpmat_filter:
    jobid: 5
    output: ../mpmat_filter/293T-bat_33A-EMX1-PD_rep1_hg38.filtered_SMN-3_SCN-6_SMR-0.1_RPN-1_RTN-2.C2T.mpmat
    shell:
        
        /home/zhaohuanan/zhaohn_HD/miniconda3/envs/snakepipes_detect-seq/bin/python ./program/mpmat-select-V02.py         -i ../mpmat/293T-bat_33A-EMX1-PD_rep1_hg38.select.C2T.mpmat -o ../mpmat_filter/293T-bat_33A-EMX1-PD_rep1_hg38.filtered_SMN-3_SCN-6_SMR-0.1_RPN-1_RTN-2.C2T.mpmat         -f C -t T         --SiteMutNum 3         --SiteCoverNum 6         --SiteMutRatio 0.1         --RegionPassNum 1         --RegionToleranceNum 2         --InHeader False         --OutHeader False
        
        (one of the commands exited with non-zero exit code; note that snakemake uses bash strict mode!)
    cluster_jobid: 198276

Error executing rule mpmat_filter on cluster (jobid: 5, external: 198276, jobscript: /gpfs/user/zhaohuanan/3.project/2021_CBE_variant_and_GBE_topic/20210202_DetectSeq_M2-YE1-33A-call-points_sgRNA-EMX1-VEGFA_redo/snakepipes_Detect-seq/.snakemake/tmp.imhitnz1/snakejob.mpmat_filter.5.sh). For error details see the cluster log and the log files of the involved rule(s).
[Thu Feb  4 15:25:31 2021]
Error in rule mpmat_filter:
    jobid: 28
    output: ../mpmat_filter/293T-bat_All-EMX1-PD_rep2_hg38.filtered_SMN-3_SCN-6_SMR-0.1_RPN-1_RTN-2.G2A.mpmat
    shell:
        
        /home/zhaohuanan/zhaohn_HD/miniconda3/envs/snakepipes_detect-seq/bin/python ./program/mpmat-select-V02.py         -i ../mpmat/293T-bat_All-EMX1-PD_rep2_hg38.select.G2A.mpmat -o ../mpmat_filter/293T-bat_All-EMX1-PD_rep2_hg38.filtered_SMN-3_SCN-6_SMR-0.1_RPN-1_RTN-2.G2A.mpmat         -f G -t A         --SiteMutNum 3         --SiteCoverNum 6         --SiteMutRatio 0.1         --RegionPassNum 1         --RegionToleranceNum 2         --InHeader False         --OutHeader False
        
        (one of the commands exited with non-zero exit code; note that snakemake uses bash strict mode!)
    cluster_jobid: 198277

Error executing rule mpmat_filter on cluster (jobid: 28, external: 198277, jobscript: /gpfs/user/zhaohuanan/3.project/2021_CBE_variant_and_GBE_topic/20210202_DetectSeq_M2-YE1-33A-call-points_sgRNA-EMX1-VEGFA_redo/snakepipes_Detect-seq/.snakemake/tmp.imhitnz1/snakejob.mpmat_filter.28.sh). For error details see the cluster log and the log files of the involved rule(s).
[Thu Feb  4 15:25:31 2021]
Error in rule mpmat_filter:
    jobid: 14
    output: ../mpmat_filter/293T-bat_All-VEGFA-PD_rep2_hg38.filtered_SMN-3_SCN-6_SMR-0.1_RPN-1_RTN-2.C2T.mpmat
    shell:
        
        /home/zhaohuanan/zhaohn_HD/miniconda3/envs/snakepipes_detect-seq/bin/python ./program/mpmat-select-V02.py         -i ../mpmat/293T-bat_All-VEGFA-PD_rep2_hg38.select.C2T.mpmat -o ../mpmat_filter/293T-bat_All-VEGFA-PD_rep2_hg38.filtered_SMN-3_SCN-6_SMR-0.1_RPN-1_RTN-2.C2T.mpmat         -f C -t T         --SiteMutNum 3         --SiteCoverNum 6         --SiteMutRatio 0.1         --RegionPassNum 1         --RegionToleranceNum 2         --InHeader False         --OutHeader False
        
        (one of the commands exited with non-zero exit code; note that snakemake uses bash strict mode!)
    cluster_jobid: 198278

Error executing rule mpmat_filter on cluster (jobid: 14, external: 198278, jobscript: /gpfs/user/zhaohuanan/3.project/2021_CBE_variant_and_GBE_topic/20210202_DetectSeq_M2-YE1-33A-call-points_sgRNA-EMX1-VEGFA_redo/snakepipes_Detect-seq/.snakemake/tmp.imhitnz1/snakejob.mpmat_filter.14.sh). For error details see the cluster log and the log files of the involved rule(s).
[Thu Feb  4 15:25:31 2021]
Error in rule mpmat_filter:
    jobid: 20
    output: ../mpmat_filter/293T-bat_YE1-VEGFA-PD_rep2_hg38.filtered_SMN-3_SCN-6_SMR-0.1_RPN-1_RTN-2.G2A.mpmat
    shell:
        
        /home/zhaohuanan/zhaohn_HD/miniconda3/envs/snakepipes_detect-seq/bin/python ./program/mpmat-select-V02.py         -i ../mpmat/293T-bat_YE1-VEGFA-PD_rep2_hg38.select.G2A.mpmat -o ../mpmat_filter/293T-bat_YE1-VEGFA-PD_rep2_hg38.filtered_SMN-3_SCN-6_SMR-0.1_RPN-1_RTN-2.G2A.mpmat         -f G -t A         --SiteMutNum 3         --SiteCoverNum 6         --SiteMutRatio 0.1         --RegionPassNum 1         --RegionToleranceNum 2         --InHeader False         --OutHeader False
        
        (one of the commands exited with non-zero exit code; note that snakemake uses bash strict mode!)
    cluster_jobid: 198279

Error executing rule mpmat_filter on cluster (jobid: 20, external: 198279, jobscript: /gpfs/user/zhaohuanan/3.project/2021_CBE_variant_and_GBE_topic/20210202_DetectSeq_M2-YE1-33A-call-points_sgRNA-EMX1-VEGFA_redo/snakepipes_Detect-seq/.snakemake/tmp.imhitnz1/snakejob.mpmat_filter.20.sh). For error details see the cluster log and the log files of the involved rule(s).
[Thu Feb  4 15:25:31 2021]
Error in rule mpmat_filter:
    jobid: 21
    output: ../mpmat_filter/293T-bat_33A-EMX1-PD_rep1_hg38.filtered_SMN-3_SCN-6_SMR-0.1_RPN-1_RTN-2.G2A.mpmat
    shell:
        
        /home/zhaohuanan/zhaohn_HD/miniconda3/envs/snakepipes_detect-seq/bin/python ./program/mpmat-select-V02.py         -i ../mpmat/293T-bat_33A-EMX1-PD_rep1_hg38.select.G2A.mpmat -o ../mpmat_filter/293T-bat_33A-EMX1-PD_rep1_hg38.filtered_SMN-3_SCN-6_SMR-0.1_RPN-1_RTN-2.G2A.mpmat         -f G -t A         --SiteMutNum 3         --SiteCoverNum 6         --SiteMutRatio 0.1         --RegionPassNum 1         --RegionToleranceNum 2         --InHeader False         --OutHeader False
        
        (one of the commands exited with non-zero exit code; note that snakemake uses bash strict mode!)
    cluster_jobid: 198280

Error executing rule mpmat_filter on cluster (jobid: 21, external: 198280, jobscript: /gpfs/user/zhaohuanan/3.project/2021_CBE_variant_and_GBE_topic/20210202_DetectSeq_M2-YE1-33A-call-points_sgRNA-EMX1-VEGFA_redo/snakepipes_Detect-seq/.snakemake/tmp.imhitnz1/snakejob.mpmat_filter.21.sh). For error details see the cluster log and the log files of the involved rule(s).
[Thu Feb  4 15:25:32 2021]
Error in rule mpmat_filter:
    jobid: 6
    output: ../mpmat_filter/293T-bat_33A-EMX1-PD_rep2_hg38.filtered_SMN-3_SCN-6_SMR-0.1_RPN-1_RTN-2.C2T.mpmat
    shell:
        
        /home/zhaohuanan/zhaohn_HD/miniconda3/envs/snakepipes_detect-seq/bin/python ./program/mpmat-select-V02.py         -i ../mpmat/293T-bat_33A-EMX1-PD_rep2_hg38.select.C2T.mpmat -o ../mpmat_filter/293T-bat_33A-EMX1-PD_rep2_hg38.filtered_SMN-3_SCN-6_SMR-0.1_RPN-1_RTN-2.C2T.mpmat         -f C -t T         --SiteMutNum 3         --SiteCoverNum 6         --SiteMutRatio 0.1         --RegionPassNum 1         --RegionToleranceNum 2         --InHeader False         --OutHeader False
        
        (one of the commands exited with non-zero exit code; note that snakemake uses bash strict mode!)
    cluster_jobid: 198281

Error executing rule mpmat_filter on cluster (jobid: 6, external: 198281, jobscript: /gpfs/user/zhaohuanan/3.project/2021_CBE_variant_and_GBE_topic/20210202_DetectSeq_M2-YE1-33A-call-points_sgRNA-EMX1-VEGFA_redo/snakepipes_Detect-seq/.snakemake/tmp.imhitnz1/snakejob.mpmat_filter.6.sh). For error details see the cluster log and the log files of the involved rule(s).
[Thu Feb  4 15:28:32 2021]
Finished job 16.
1 of 65 steps (2%) done
[Thu Feb  4 15:28:32 2021]
Finished job 15.
2 of 65 steps (3%) done
[Thu Feb  4 15:29:02 2021]
Finished job 31.
3 of 65 steps (5%) done
Shutting down, this might take some time.
Exiting because a job execution failed. Look above for error message
Complete log: /gpfs/user/zhaohuanan/3.project/2021_CBE_variant_and_GBE_topic/20210202_DetectSeq_M2-YE1-33A-call-points_sgRNA-EMX1-VEGFA_redo/snakepipes_Detect-seq/.snakemake/log/2021-02-04T152432.847863.snakemake.log
