Building DAG of jobs...
Using shell: /usr/bin/bash
Provided cluster nodes: 10
Job counts:
	count	jobs
	1	all
	32	mpmat_filter
	16	mpmat_filter_merge
	16	sort_mpmat
	65

[Thu Feb  4 16:00:21 2021]
rule mpmat_filter:
    input: ../mpmat/293T-bat_YE1-VEGFA-PD_rep2_hg38.select.G2A.mpmat
    output: ../mpmat_filter/293T-bat_YE1-VEGFA-PD_rep2_hg38.filtered_SMN-3_SCN-6_SMR-0.1_RPN-1_RTN-2.G2A.mpmat
    jobid: 20
    reason: Missing output files: ../mpmat_filter/293T-bat_YE1-VEGFA-PD_rep2_hg38.filtered_SMN-3_SCN-6_SMR-0.1_RPN-1_RTN-2.G2A.mpmat
    wildcards: sample=YE1-VEGFA-PD, rep=rep2, SMN=3, SCN=6, SMR=0.1, RPN=1, RTN=2, ac=G, bd=A


        /home/zhaohuanan/zhaohn_HD/miniconda3/envs/snakepipes_detect-seq/bin/python ./program/mpmat-select-V02.py         -i ../mpmat/293T-bat_YE1-VEGFA-PD_rep2_hg38.select.G2A.mpmat -o ../mpmat_filter/293T-bat_YE1-VEGFA-PD_rep2_hg38.filtered_SMN-3_SCN-6_SMR-0.1_RPN-1_RTN-2.G2A.mpmat         -f G -t A         --SiteMutNum 3         --SiteCoverNum 6         --SiteMutRatio 0.1         --RegionPassNum 1         --RegionToleranceNum 2         --InHeader True         --OutHeader False
        
Submitted job 20 with external jobid '198349'.

[Thu Feb  4 16:00:22 2021]
rule mpmat_filter:
    input: ../mpmat/293T-bat_33A-VEGFA-PD_rep1_hg38.select.C2T.mpmat
    output: ../mpmat_filter/293T-bat_33A-VEGFA-PD_rep1_hg38.filtered_SMN-3_SCN-6_SMR-0.1_RPN-1_RTN-2.C2T.mpmat
    jobid: 7
    reason: Missing output files: ../mpmat_filter/293T-bat_33A-VEGFA-PD_rep1_hg38.filtered_SMN-3_SCN-6_SMR-0.1_RPN-1_RTN-2.C2T.mpmat
    wildcards: sample=33A-VEGFA-PD, rep=rep1, SMN=3, SCN=6, SMR=0.1, RPN=1, RTN=2, ac=C, bd=T


        /home/zhaohuanan/zhaohn_HD/miniconda3/envs/snakepipes_detect-seq/bin/python ./program/mpmat-select-V02.py         -i ../mpmat/293T-bat_33A-VEGFA-PD_rep1_hg38.select.C2T.mpmat -o ../mpmat_filter/293T-bat_33A-VEGFA-PD_rep1_hg38.filtered_SMN-3_SCN-6_SMR-0.1_RPN-1_RTN-2.C2T.mpmat         -f C -t T         --SiteMutNum 3         --SiteCoverNum 6         --SiteMutRatio 0.1         --RegionPassNum 1         --RegionToleranceNum 2         --InHeader True         --OutHeader False
        
Submitted job 7 with external jobid '198350'.

[Thu Feb  4 16:00:22 2021]
rule mpmat_filter:
    input: ../mpmat/293T-bat_Vector-VEGFA-PD_rep1_hg38.select.C2T.mpmat
    output: ../mpmat_filter/293T-bat_Vector-VEGFA-PD_rep1_hg38.filtered_SMN-3_SCN-6_SMR-0.1_RPN-1_RTN-2.C2T.mpmat
    jobid: 15
    reason: Missing output files: ../mpmat_filter/293T-bat_Vector-VEGFA-PD_rep1_hg38.filtered_SMN-3_SCN-6_SMR-0.1_RPN-1_RTN-2.C2T.mpmat
    wildcards: sample=Vector-VEGFA-PD, rep=rep1, SMN=3, SCN=6, SMR=0.1, RPN=1, RTN=2, ac=C, bd=T


        /home/zhaohuanan/zhaohn_HD/miniconda3/envs/snakepipes_detect-seq/bin/python ./program/mpmat-select-V02.py         -i ../mpmat/293T-bat_Vector-VEGFA-PD_rep1_hg38.select.C2T.mpmat -o ../mpmat_filter/293T-bat_Vector-VEGFA-PD_rep1_hg38.filtered_SMN-3_SCN-6_SMR-0.1_RPN-1_RTN-2.C2T.mpmat         -f C -t T         --SiteMutNum 3         --SiteCoverNum 6         --SiteMutRatio 0.1         --RegionPassNum 1         --RegionToleranceNum 2         --InHeader True         --OutHeader False
        
Submitted job 15 with external jobid '198351'.

[Thu Feb  4 16:00:22 2021]
rule mpmat_filter:
    input: ../mpmat/293T-bat_All-VEGFA-PD_rep2_hg38.select.C2T.mpmat
    output: ../mpmat_filter/293T-bat_All-VEGFA-PD_rep2_hg38.filtered_SMN-3_SCN-6_SMR-0.1_RPN-1_RTN-2.C2T.mpmat
    jobid: 14
    reason: Missing output files: ../mpmat_filter/293T-bat_All-VEGFA-PD_rep2_hg38.filtered_SMN-3_SCN-6_SMR-0.1_RPN-1_RTN-2.C2T.mpmat
    wildcards: sample=All-VEGFA-PD, rep=rep2, SMN=3, SCN=6, SMR=0.1, RPN=1, RTN=2, ac=C, bd=T


        /home/zhaohuanan/zhaohn_HD/miniconda3/envs/snakepipes_detect-seq/bin/python ./program/mpmat-select-V02.py         -i ../mpmat/293T-bat_All-VEGFA-PD_rep2_hg38.select.C2T.mpmat -o ../mpmat_filter/293T-bat_All-VEGFA-PD_rep2_hg38.filtered_SMN-3_SCN-6_SMR-0.1_RPN-1_RTN-2.C2T.mpmat         -f C -t T         --SiteMutNum 3         --SiteCoverNum 6         --SiteMutRatio 0.1         --RegionPassNum 1         --RegionToleranceNum 2         --InHeader True         --OutHeader False
        
Submitted job 14 with external jobid '198352'.

[Thu Feb  4 16:00:23 2021]
rule mpmat_filter:
    input: ../mpmat/293T-bat_All-VEGFA-PD_rep1_hg38.select.G2A.mpmat
    output: ../mpmat_filter/293T-bat_All-VEGFA-PD_rep1_hg38.filtered_SMN-3_SCN-6_SMR-0.1_RPN-1_RTN-2.G2A.mpmat
    jobid: 29
    reason: Missing output files: ../mpmat_filter/293T-bat_All-VEGFA-PD_rep1_hg38.filtered_SMN-3_SCN-6_SMR-0.1_RPN-1_RTN-2.G2A.mpmat
    wildcards: sample=All-VEGFA-PD, rep=rep1, SMN=3, SCN=6, SMR=0.1, RPN=1, RTN=2, ac=G, bd=A


        /home/zhaohuanan/zhaohn_HD/miniconda3/envs/snakepipes_detect-seq/bin/python ./program/mpmat-select-V02.py         -i ../mpmat/293T-bat_All-VEGFA-PD_rep1_hg38.select.G2A.mpmat -o ../mpmat_filter/293T-bat_All-VEGFA-PD_rep1_hg38.filtered_SMN-3_SCN-6_SMR-0.1_RPN-1_RTN-2.G2A.mpmat         -f G -t A         --SiteMutNum 3         --SiteCoverNum 6         --SiteMutRatio 0.1         --RegionPassNum 1         --RegionToleranceNum 2         --InHeader True         --OutHeader False
        
Submitted job 29 with external jobid '198353'.

[Thu Feb  4 16:00:23 2021]
rule mpmat_filter:
    input: ../mpmat/293T-bat_33A-EMX1-PD_rep2_hg38.select.C2T.mpmat
    output: ../mpmat_filter/293T-bat_33A-EMX1-PD_rep2_hg38.filtered_SMN-3_SCN-6_SMR-0.1_RPN-1_RTN-2.C2T.mpmat
    jobid: 6
    reason: Missing output files: ../mpmat_filter/293T-bat_33A-EMX1-PD_rep2_hg38.filtered_SMN-3_SCN-6_SMR-0.1_RPN-1_RTN-2.C2T.mpmat
    wildcards: sample=33A-EMX1-PD, rep=rep2, SMN=3, SCN=6, SMR=0.1, RPN=1, RTN=2, ac=C, bd=T


        /home/zhaohuanan/zhaohn_HD/miniconda3/envs/snakepipes_detect-seq/bin/python ./program/mpmat-select-V02.py         -i ../mpmat/293T-bat_33A-EMX1-PD_rep2_hg38.select.C2T.mpmat -o ../mpmat_filter/293T-bat_33A-EMX1-PD_rep2_hg38.filtered_SMN-3_SCN-6_SMR-0.1_RPN-1_RTN-2.C2T.mpmat         -f C -t T         --SiteMutNum 3         --SiteCoverNum 6         --SiteMutRatio 0.1         --RegionPassNum 1         --RegionToleranceNum 2         --InHeader True         --OutHeader False
        
Submitted job 6 with external jobid '198354'.

[Thu Feb  4 16:00:23 2021]
rule mpmat_filter:
    input: ../mpmat/293T-bat_33A-EMX1-PD_rep1_hg38.select.G2A.mpmat
    output: ../mpmat_filter/293T-bat_33A-EMX1-PD_rep1_hg38.filtered_SMN-3_SCN-6_SMR-0.1_RPN-1_RTN-2.G2A.mpmat
    jobid: 21
    reason: Missing output files: ../mpmat_filter/293T-bat_33A-EMX1-PD_rep1_hg38.filtered_SMN-3_SCN-6_SMR-0.1_RPN-1_RTN-2.G2A.mpmat
    wildcards: sample=33A-EMX1-PD, rep=rep1, SMN=3, SCN=6, SMR=0.1, RPN=1, RTN=2, ac=G, bd=A


        /home/zhaohuanan/zhaohn_HD/miniconda3/envs/snakepipes_detect-seq/bin/python ./program/mpmat-select-V02.py         -i ../mpmat/293T-bat_33A-EMX1-PD_rep1_hg38.select.G2A.mpmat -o ../mpmat_filter/293T-bat_33A-EMX1-PD_rep1_hg38.filtered_SMN-3_SCN-6_SMR-0.1_RPN-1_RTN-2.G2A.mpmat         -f G -t A         --SiteMutNum 3         --SiteCoverNum 6         --SiteMutRatio 0.1         --RegionPassNum 1         --RegionToleranceNum 2         --InHeader True         --OutHeader False
        
Submitted job 21 with external jobid '198355'.

[Thu Feb  4 16:00:23 2021]
rule mpmat_filter:
    input: ../mpmat/293T-bat_M2-EMX1-PD_rep2_hg38.select.C2T.mpmat
    output: ../mpmat_filter/293T-bat_M2-EMX1-PD_rep2_hg38.filtered_SMN-3_SCN-6_SMR-0.1_RPN-1_RTN-2.C2T.mpmat
    jobid: 10
    reason: Missing output files: ../mpmat_filter/293T-bat_M2-EMX1-PD_rep2_hg38.filtered_SMN-3_SCN-6_SMR-0.1_RPN-1_RTN-2.C2T.mpmat
    wildcards: sample=M2-EMX1-PD, rep=rep2, SMN=3, SCN=6, SMR=0.1, RPN=1, RTN=2, ac=C, bd=T


        /home/zhaohuanan/zhaohn_HD/miniconda3/envs/snakepipes_detect-seq/bin/python ./program/mpmat-select-V02.py         -i ../mpmat/293T-bat_M2-EMX1-PD_rep2_hg38.select.C2T.mpmat -o ../mpmat_filter/293T-bat_M2-EMX1-PD_rep2_hg38.filtered_SMN-3_SCN-6_SMR-0.1_RPN-1_RTN-2.C2T.mpmat         -f C -t T         --SiteMutNum 3         --SiteCoverNum 6         --SiteMutRatio 0.1         --RegionPassNum 1         --RegionToleranceNum 2         --InHeader True         --OutHeader False
        
Submitted job 10 with external jobid '198356'.

[Thu Feb  4 16:00:24 2021]
rule mpmat_filter:
    input: ../mpmat/293T-bat_All-EMX1-PD_rep2_hg38.select.C2T.mpmat
    output: ../mpmat_filter/293T-bat_All-EMX1-PD_rep2_hg38.filtered_SMN-3_SCN-6_SMR-0.1_RPN-1_RTN-2.C2T.mpmat
    jobid: 12
    reason: Missing output files: ../mpmat_filter/293T-bat_All-EMX1-PD_rep2_hg38.filtered_SMN-3_SCN-6_SMR-0.1_RPN-1_RTN-2.C2T.mpmat
    wildcards: sample=All-EMX1-PD, rep=rep2, SMN=3, SCN=6, SMR=0.1, RPN=1, RTN=2, ac=C, bd=T


        /home/zhaohuanan/zhaohn_HD/miniconda3/envs/snakepipes_detect-seq/bin/python ./program/mpmat-select-V02.py         -i ../mpmat/293T-bat_All-EMX1-PD_rep2_hg38.select.C2T.mpmat -o ../mpmat_filter/293T-bat_All-EMX1-PD_rep2_hg38.filtered_SMN-3_SCN-6_SMR-0.1_RPN-1_RTN-2.C2T.mpmat         -f C -t T         --SiteMutNum 3         --SiteCoverNum 6         --SiteMutRatio 0.1         --RegionPassNum 1         --RegionToleranceNum 2         --InHeader True         --OutHeader False
        
Submitted job 12 with external jobid '198357'.

[Thu Feb  4 16:00:24 2021]
rule mpmat_filter:
    input: ../mpmat/293T-bat_All-EMX1-PD_rep1_hg38.select.G2A.mpmat
    output: ../mpmat_filter/293T-bat_All-EMX1-PD_rep1_hg38.filtered_SMN-3_SCN-6_SMR-0.1_RPN-1_RTN-2.G2A.mpmat
    jobid: 27
    reason: Missing output files: ../mpmat_filter/293T-bat_All-EMX1-PD_rep1_hg38.filtered_SMN-3_SCN-6_SMR-0.1_RPN-1_RTN-2.G2A.mpmat
    wildcards: sample=All-EMX1-PD, rep=rep1, SMN=3, SCN=6, SMR=0.1, RPN=1, RTN=2, ac=G, bd=A


        /home/zhaohuanan/zhaohn_HD/miniconda3/envs/snakepipes_detect-seq/bin/python ./program/mpmat-select-V02.py         -i ../mpmat/293T-bat_All-EMX1-PD_rep1_hg38.select.G2A.mpmat -o ../mpmat_filter/293T-bat_All-EMX1-PD_rep1_hg38.filtered_SMN-3_SCN-6_SMR-0.1_RPN-1_RTN-2.G2A.mpmat         -f G -t A         --SiteMutNum 3         --SiteCoverNum 6         --SiteMutRatio 0.1         --RegionPassNum 1         --RegionToleranceNum 2         --InHeader True         --OutHeader False
        
Submitted job 27 with external jobid '198358'.
[Thu Feb  4 16:04:06 2021]
Finished job 14.
1 of 65 steps (2%) done
[Thu Feb  4 16:04:18 2021]
Finished job 15.
2 of 65 steps (3%) done
[Thu Feb  4 16:07:58 2021]
Finished job 6.
3 of 65 steps (5%) done
[Thu Feb  4 16:08:31 2021]
Finished job 20.
4 of 65 steps (6%) done
[Thu Feb  4 16:09:16 2021]
Finished job 7.
5 of 65 steps (8%) done
[Thu Feb  4 16:10:12 2021]
Finished job 21.
6 of 65 steps (9%) done
[Thu Feb  4 16:11:06 2021]
Finished job 12.
7 of 65 steps (11%) done
[Thu Feb  4 16:11:16 2021]
Finished job 29.
8 of 65 steps (12%) done
[Thu Feb  4 16:11:58 2021]
Finished job 10.
9 of 65 steps (14%) done
[Thu Feb  4 16:12:09 2021]
Finished job 27.
10 of 65 steps (15%) done

[Thu Feb  4 16:12:09 2021]
rule mpmat_filter:
    input: ../mpmat/293T-bat_All-VEGFA-PD_rep2_hg38.select.G2A.mpmat
    output: ../mpmat_filter/293T-bat_All-VEGFA-PD_rep2_hg38.filtered_SMN-3_SCN-6_SMR-0.1_RPN-1_RTN-2.G2A.mpmat
    jobid: 30
    reason: Missing output files: ../mpmat_filter/293T-bat_All-VEGFA-PD_rep2_hg38.filtered_SMN-3_SCN-6_SMR-0.1_RPN-1_RTN-2.G2A.mpmat
    wildcards: sample=All-VEGFA-PD, rep=rep2, SMN=3, SCN=6, SMR=0.1, RPN=1, RTN=2, ac=G, bd=A


        /home/zhaohuanan/zhaohn_HD/miniconda3/envs/snakepipes_detect-seq/bin/python ./program/mpmat-select-V02.py         -i ../mpmat/293T-bat_All-VEGFA-PD_rep2_hg38.select.G2A.mpmat -o ../mpmat_filter/293T-bat_All-VEGFA-PD_rep2_hg38.filtered_SMN-3_SCN-6_SMR-0.1_RPN-1_RTN-2.G2A.mpmat         -f G -t A         --SiteMutNum 3         --SiteCoverNum 6         --SiteMutRatio 0.1         --RegionPassNum 1         --RegionToleranceNum 2         --InHeader True         --OutHeader False
        
Submitted job 30 with external jobid '198359'.

[Thu Feb  4 16:12:11 2021]
rule mpmat_filter:
    input: ../mpmat/293T-bat_33A-EMX1-PD_rep2_hg38.select.G2A.mpmat
    output: ../mpmat_filter/293T-bat_33A-EMX1-PD_rep2_hg38.filtered_SMN-3_SCN-6_SMR-0.1_RPN-1_RTN-2.G2A.mpmat
    jobid: 22
    reason: Missing output files: ../mpmat_filter/293T-bat_33A-EMX1-PD_rep2_hg38.filtered_SMN-3_SCN-6_SMR-0.1_RPN-1_RTN-2.G2A.mpmat
    wildcards: sample=33A-EMX1-PD, rep=rep2, SMN=3, SCN=6, SMR=0.1, RPN=1, RTN=2, ac=G, bd=A


        /home/zhaohuanan/zhaohn_HD/miniconda3/envs/snakepipes_detect-seq/bin/python ./program/mpmat-select-V02.py         -i ../mpmat/293T-bat_33A-EMX1-PD_rep2_hg38.select.G2A.mpmat -o ../mpmat_filter/293T-bat_33A-EMX1-PD_rep2_hg38.filtered_SMN-3_SCN-6_SMR-0.1_RPN-1_RTN-2.G2A.mpmat         -f G -t A         --SiteMutNum 3         --SiteCoverNum 6         --SiteMutRatio 0.1         --RegionPassNum 1         --RegionToleranceNum 2         --InHeader True         --OutHeader False
        
Submitted job 22 with external jobid '198360'.

[Thu Feb  4 16:12:11 2021]
rule mpmat_filter:
    input: ../mpmat/293T-bat_All-EMX1-PD_rep1_hg38.select.C2T.mpmat
    output: ../mpmat_filter/293T-bat_All-EMX1-PD_rep1_hg38.filtered_SMN-3_SCN-6_SMR-0.1_RPN-1_RTN-2.C2T.mpmat
    jobid: 11
    reason: Missing output files: ../mpmat_filter/293T-bat_All-EMX1-PD_rep1_hg38.filtered_SMN-3_SCN-6_SMR-0.1_RPN-1_RTN-2.C2T.mpmat
    wildcards: sample=All-EMX1-PD, rep=rep1, SMN=3, SCN=6, SMR=0.1, RPN=1, RTN=2, ac=C, bd=T


        /home/zhaohuanan/zhaohn_HD/miniconda3/envs/snakepipes_detect-seq/bin/python ./program/mpmat-select-V02.py         -i ../mpmat/293T-bat_All-EMX1-PD_rep1_hg38.select.C2T.mpmat -o ../mpmat_filter/293T-bat_All-EMX1-PD_rep1_hg38.filtered_SMN-3_SCN-6_SMR-0.1_RPN-1_RTN-2.C2T.mpmat         -f C -t T         --SiteMutNum 3         --SiteCoverNum 6         --SiteMutRatio 0.1         --RegionPassNum 1         --RegionToleranceNum 2         --InHeader True         --OutHeader False
        
Submitted job 11 with external jobid '198361'.

[Thu Feb  4 16:12:11 2021]
rule mpmat_filter:
    input: ../mpmat/293T-bat_YE1-VEGFA-PD_rep1_hg38.select.G2A.mpmat
    output: ../mpmat_filter/293T-bat_YE1-VEGFA-PD_rep1_hg38.filtered_SMN-3_SCN-6_SMR-0.1_RPN-1_RTN-2.G2A.mpmat
    jobid: 19
    reason: Missing output files: ../mpmat_filter/293T-bat_YE1-VEGFA-PD_rep1_hg38.filtered_SMN-3_SCN-6_SMR-0.1_RPN-1_RTN-2.G2A.mpmat
    wildcards: sample=YE1-VEGFA-PD, rep=rep1, SMN=3, SCN=6, SMR=0.1, RPN=1, RTN=2, ac=G, bd=A


        /home/zhaohuanan/zhaohn_HD/miniconda3/envs/snakepipes_detect-seq/bin/python ./program/mpmat-select-V02.py         -i ../mpmat/293T-bat_YE1-VEGFA-PD_rep1_hg38.select.G2A.mpmat -o ../mpmat_filter/293T-bat_YE1-VEGFA-PD_rep1_hg38.filtered_SMN-3_SCN-6_SMR-0.1_RPN-1_RTN-2.G2A.mpmat         -f G -t A         --SiteMutNum 3         --SiteCoverNum 6         --SiteMutRatio 0.1         --RegionPassNum 1         --RegionToleranceNum 2         --InHeader True         --OutHeader False
        
Submitted job 19 with external jobid '198362'.

[Thu Feb  4 16:12:12 2021]
rule mpmat_filter:
    input: ../mpmat/293T-bat_M2-EMX1-PD_rep2_hg38.select.G2A.mpmat
    output: ../mpmat_filter/293T-bat_M2-EMX1-PD_rep2_hg38.filtered_SMN-3_SCN-6_SMR-0.1_RPN-1_RTN-2.G2A.mpmat
    jobid: 26
    reason: Missing output files: ../mpmat_filter/293T-bat_M2-EMX1-PD_rep2_hg38.filtered_SMN-3_SCN-6_SMR-0.1_RPN-1_RTN-2.G2A.mpmat
    wildcards: sample=M2-EMX1-PD, rep=rep2, SMN=3, SCN=6, SMR=0.1, RPN=1, RTN=2, ac=G, bd=A


        /home/zhaohuanan/zhaohn_HD/miniconda3/envs/snakepipes_detect-seq/bin/python ./program/mpmat-select-V02.py         -i ../mpmat/293T-bat_M2-EMX1-PD_rep2_hg38.select.G2A.mpmat -o ../mpmat_filter/293T-bat_M2-EMX1-PD_rep2_hg38.filtered_SMN-3_SCN-6_SMR-0.1_RPN-1_RTN-2.G2A.mpmat         -f G -t A         --SiteMutNum 3         --SiteCoverNum 6         --SiteMutRatio 0.1         --RegionPassNum 1         --RegionToleranceNum 2         --InHeader True         --OutHeader False
        
Submitted job 26 with external jobid '198363'.

[Thu Feb  4 16:12:12 2021]
rule mpmat_filter:
    input: ../mpmat/293T-bat_YE1-EMX1-PD_rep1_hg38.select.C2T.mpmat
    output: ../mpmat_filter/293T-bat_YE1-EMX1-PD_rep1_hg38.filtered_SMN-3_SCN-6_SMR-0.1_RPN-1_RTN-2.C2T.mpmat
    jobid: 1
    reason: Missing output files: ../mpmat_filter/293T-bat_YE1-EMX1-PD_rep1_hg38.filtered_SMN-3_SCN-6_SMR-0.1_RPN-1_RTN-2.C2T.mpmat
    wildcards: sample=YE1-EMX1-PD, rep=rep1, SMN=3, SCN=6, SMR=0.1, RPN=1, RTN=2, ac=C, bd=T


        /home/zhaohuanan/zhaohn_HD/miniconda3/envs/snakepipes_detect-seq/bin/python ./program/mpmat-select-V02.py         -i ../mpmat/293T-bat_YE1-EMX1-PD_rep1_hg38.select.C2T.mpmat -o ../mpmat_filter/293T-bat_YE1-EMX1-PD_rep1_hg38.filtered_SMN-3_SCN-6_SMR-0.1_RPN-1_RTN-2.C2T.mpmat         -f C -t T         --SiteMutNum 3         --SiteCoverNum 6         --SiteMutRatio 0.1         --RegionPassNum 1         --RegionToleranceNum 2         --InHeader True         --OutHeader False
        
Submitted job 1 with external jobid '198364'.

[Thu Feb  4 16:12:12 2021]
rule mpmat_filter:
    input: ../mpmat/293T-bat_33A-VEGFA-PD_rep2_hg38.select.C2T.mpmat
    output: ../mpmat_filter/293T-bat_33A-VEGFA-PD_rep2_hg38.filtered_SMN-3_SCN-6_SMR-0.1_RPN-1_RTN-2.C2T.mpmat
    jobid: 8
    reason: Missing output files: ../mpmat_filter/293T-bat_33A-VEGFA-PD_rep2_hg38.filtered_SMN-3_SCN-6_SMR-0.1_RPN-1_RTN-2.C2T.mpmat
    wildcards: sample=33A-VEGFA-PD, rep=rep2, SMN=3, SCN=6, SMR=0.1, RPN=1, RTN=2, ac=C, bd=T


        /home/zhaohuanan/zhaohn_HD/miniconda3/envs/snakepipes_detect-seq/bin/python ./program/mpmat-select-V02.py         -i ../mpmat/293T-bat_33A-VEGFA-PD_rep2_hg38.select.C2T.mpmat -o ../mpmat_filter/293T-bat_33A-VEGFA-PD_rep2_hg38.filtered_SMN-3_SCN-6_SMR-0.1_RPN-1_RTN-2.C2T.mpmat         -f C -t T         --SiteMutNum 3         --SiteCoverNum 6         --SiteMutRatio 0.1         --RegionPassNum 1         --RegionToleranceNum 2         --InHeader True         --OutHeader False
        
Submitted job 8 with external jobid '198365'.

[Thu Feb  4 16:12:12 2021]
rule mpmat_filter:
    input: ../mpmat/293T-bat_Vector-VEGFA-PD_rep2_hg38.select.C2T.mpmat
    output: ../mpmat_filter/293T-bat_Vector-VEGFA-PD_rep2_hg38.filtered_SMN-3_SCN-6_SMR-0.1_RPN-1_RTN-2.C2T.mpmat
    jobid: 16
    reason: Missing output files: ../mpmat_filter/293T-bat_Vector-VEGFA-PD_rep2_hg38.filtered_SMN-3_SCN-6_SMR-0.1_RPN-1_RTN-2.C2T.mpmat
    wildcards: sample=Vector-VEGFA-PD, rep=rep2, SMN=3, SCN=6, SMR=0.1, RPN=1, RTN=2, ac=C, bd=T


        /home/zhaohuanan/zhaohn_HD/miniconda3/envs/snakepipes_detect-seq/bin/python ./program/mpmat-select-V02.py         -i ../mpmat/293T-bat_Vector-VEGFA-PD_rep2_hg38.select.C2T.mpmat -o ../mpmat_filter/293T-bat_Vector-VEGFA-PD_rep2_hg38.filtered_SMN-3_SCN-6_SMR-0.1_RPN-1_RTN-2.C2T.mpmat         -f C -t T         --SiteMutNum 3         --SiteCoverNum 6         --SiteMutRatio 0.1         --RegionPassNum 1         --RegionToleranceNum 2         --InHeader True         --OutHeader False
        
Submitted job 16 with external jobid '198366'.

[Thu Feb  4 16:12:13 2021]
rule mpmat_filter:
    input: ../mpmat/293T-bat_33A-VEGFA-PD_rep1_hg38.select.G2A.mpmat
    output: ../mpmat_filter/293T-bat_33A-VEGFA-PD_rep1_hg38.filtered_SMN-3_SCN-6_SMR-0.1_RPN-1_RTN-2.G2A.mpmat
    jobid: 23
    reason: Missing output files: ../mpmat_filter/293T-bat_33A-VEGFA-PD_rep1_hg38.filtered_SMN-3_SCN-6_SMR-0.1_RPN-1_RTN-2.G2A.mpmat
    wildcards: sample=33A-VEGFA-PD, rep=rep1, SMN=3, SCN=6, SMR=0.1, RPN=1, RTN=2, ac=G, bd=A


        /home/zhaohuanan/zhaohn_HD/miniconda3/envs/snakepipes_detect-seq/bin/python ./program/mpmat-select-V02.py         -i ../mpmat/293T-bat_33A-VEGFA-PD_rep1_hg38.select.G2A.mpmat -o ../mpmat_filter/293T-bat_33A-VEGFA-PD_rep1_hg38.filtered_SMN-3_SCN-6_SMR-0.1_RPN-1_RTN-2.G2A.mpmat         -f G -t A         --SiteMutNum 3         --SiteCoverNum 6         --SiteMutRatio 0.1         --RegionPassNum 1         --RegionToleranceNum 2         --InHeader True         --OutHeader False
        
Submitted job 23 with external jobid '198367'.

[Thu Feb  4 16:12:13 2021]
rule mpmat_filter:
    input: ../mpmat/293T-bat_Vector-VEGFA-PD_rep1_hg38.select.G2A.mpmat
    output: ../mpmat_filter/293T-bat_Vector-VEGFA-PD_rep1_hg38.filtered_SMN-3_SCN-6_SMR-0.1_RPN-1_RTN-2.G2A.mpmat
    jobid: 31
    reason: Missing output files: ../mpmat_filter/293T-bat_Vector-VEGFA-PD_rep1_hg38.filtered_SMN-3_SCN-6_SMR-0.1_RPN-1_RTN-2.G2A.mpmat
    wildcards: sample=Vector-VEGFA-PD, rep=rep1, SMN=3, SCN=6, SMR=0.1, RPN=1, RTN=2, ac=G, bd=A


        /home/zhaohuanan/zhaohn_HD/miniconda3/envs/snakepipes_detect-seq/bin/python ./program/mpmat-select-V02.py         -i ../mpmat/293T-bat_Vector-VEGFA-PD_rep1_hg38.select.G2A.mpmat -o ../mpmat_filter/293T-bat_Vector-VEGFA-PD_rep1_hg38.filtered_SMN-3_SCN-6_SMR-0.1_RPN-1_RTN-2.G2A.mpmat         -f G -t A         --SiteMutNum 3         --SiteCoverNum 6         --SiteMutRatio 0.1         --RegionPassNum 1         --RegionToleranceNum 2         --InHeader True         --OutHeader False
        
Submitted job 31 with external jobid '198368'.
[Thu Feb  4 16:14:07 2021]
Finished job 11.
11 of 65 steps (17%) done

[Thu Feb  4 16:14:07 2021]
rule mpmat_filter:
    input: ../mpmat/293T-bat_YE1-VEGFA-PD_rep2_hg38.select.C2T.mpmat
    output: ../mpmat_filter/293T-bat_YE1-VEGFA-PD_rep2_hg38.filtered_SMN-3_SCN-6_SMR-0.1_RPN-1_RTN-2.C2T.mpmat
    jobid: 4
    reason: Missing output files: ../mpmat_filter/293T-bat_YE1-VEGFA-PD_rep2_hg38.filtered_SMN-3_SCN-6_SMR-0.1_RPN-1_RTN-2.C2T.mpmat
    wildcards: sample=YE1-VEGFA-PD, rep=rep2, SMN=3, SCN=6, SMR=0.1, RPN=1, RTN=2, ac=C, bd=T


        /home/zhaohuanan/zhaohn_HD/miniconda3/envs/snakepipes_detect-seq/bin/python ./program/mpmat-select-V02.py         -i ../mpmat/293T-bat_YE1-VEGFA-PD_rep2_hg38.select.C2T.mpmat -o ../mpmat_filter/293T-bat_YE1-VEGFA-PD_rep2_hg38.filtered_SMN-3_SCN-6_SMR-0.1_RPN-1_RTN-2.C2T.mpmat         -f C -t T         --SiteMutNum 3         --SiteCoverNum 6         --SiteMutRatio 0.1         --RegionPassNum 1         --RegionToleranceNum 2         --InHeader True         --OutHeader False
        
Submitted job 4 with external jobid '198369'.
[Thu Feb  4 16:15:54 2021]
Finished job 30.
12 of 65 steps (18%) done

[Thu Feb  4 16:15:54 2021]
rule mpmat_filter_merge:
    input: ../mpmat_filter/293T-bat_All-VEGFA-PD_rep2_hg38.filtered_SMN-3_SCN-6_SMR-0.1_RPN-1_RTN-2.C2T.mpmat, ../mpmat_filter/293T-bat_All-VEGFA-PD_rep2_hg38.filtered_SMN-3_SCN-6_SMR-0.1_RPN-1_RTN-2.G2A.mpmat
    output: ../mpmat_filter_merge/293T-bat_All-VEGFA-PD_rep2_hg38.filtered_SMN-3_SCN-6_SMR-0.1_RPN-1_RTN-2.C2T_merge_G2A.mpmat
    jobid: 46
    reason: Missing output files: ../mpmat_filter_merge/293T-bat_All-VEGFA-PD_rep2_hg38.filtered_SMN-3_SCN-6_SMR-0.1_RPN-1_RTN-2.C2T_merge_G2A.mpmat; Input files updated by another job: ../mpmat_filter/293T-bat_All-VEGFA-PD_rep2_hg38.filtered_SMN-3_SCN-6_SMR-0.1_RPN-1_RTN-2.C2T.mpmat, ../mpmat_filter/293T-bat_All-VEGFA-PD_rep2_hg38.filtered_SMN-3_SCN-6_SMR-0.1_RPN-1_RTN-2.G2A.mpmat
    wildcards: sample=All-VEGFA-PD, rep=rep2, SMN=3, SCN=6, SMR=0.1, RPN=1, RTN=2, a=C, b=T, c=G, d=A


        cat ../mpmat_filter/293T-bat_All-VEGFA-PD_rep2_hg38.filtered_SMN-3_SCN-6_SMR-0.1_RPN-1_RTN-2.C2T.mpmat ../mpmat_filter/293T-bat_All-VEGFA-PD_rep2_hg38.filtered_SMN-3_SCN-6_SMR-0.1_RPN-1_RTN-2.G2A.mpmat > ../mpmat_filter_merge/293T-bat_All-VEGFA-PD_rep2_hg38.filtered_SMN-3_SCN-6_SMR-0.1_RPN-1_RTN-2.C2T_merge_G2A.mpmat
        
Submitted job 46 with external jobid '198370'.
[Thu Feb  4 16:16:06 2021]
Finished job 22.
13 of 65 steps (20%) done

[Thu Feb  4 16:16:06 2021]
rule mpmat_filter_merge:
    input: ../mpmat_filter/293T-bat_33A-EMX1-PD_rep2_hg38.filtered_SMN-3_SCN-6_SMR-0.1_RPN-1_RTN-2.C2T.mpmat, ../mpmat_filter/293T-bat_33A-EMX1-PD_rep2_hg38.filtered_SMN-3_SCN-6_SMR-0.1_RPN-1_RTN-2.G2A.mpmat
    output: ../mpmat_filter_merge/293T-bat_33A-EMX1-PD_rep2_hg38.filtered_SMN-3_SCN-6_SMR-0.1_RPN-1_RTN-2.C2T_merge_G2A.mpmat
    jobid: 38
    reason: Missing output files: ../mpmat_filter_merge/293T-bat_33A-EMX1-PD_rep2_hg38.filtered_SMN-3_SCN-6_SMR-0.1_RPN-1_RTN-2.C2T_merge_G2A.mpmat; Input files updated by another job: ../mpmat_filter/293T-bat_33A-EMX1-PD_rep2_hg38.filtered_SMN-3_SCN-6_SMR-0.1_RPN-1_RTN-2.C2T.mpmat, ../mpmat_filter/293T-bat_33A-EMX1-PD_rep2_hg38.filtered_SMN-3_SCN-6_SMR-0.1_RPN-1_RTN-2.G2A.mpmat
    wildcards: sample=33A-EMX1-PD, rep=rep2, SMN=3, SCN=6, SMR=0.1, RPN=1, RTN=2, a=C, b=T, c=G, d=A


        cat ../mpmat_filter/293T-bat_33A-EMX1-PD_rep2_hg38.filtered_SMN-3_SCN-6_SMR-0.1_RPN-1_RTN-2.C2T.mpmat ../mpmat_filter/293T-bat_33A-EMX1-PD_rep2_hg38.filtered_SMN-3_SCN-6_SMR-0.1_RPN-1_RTN-2.G2A.mpmat > ../mpmat_filter_merge/293T-bat_33A-EMX1-PD_rep2_hg38.filtered_SMN-3_SCN-6_SMR-0.1_RPN-1_RTN-2.C2T_merge_G2A.mpmat
        
Submitted job 38 with external jobid '198371'.
[Thu Feb  4 16:17:30 2021]
Finished job 26.
14 of 65 steps (22%) done

[Thu Feb  4 16:17:30 2021]
rule mpmat_filter:
    input: ../mpmat/293T-bat_YE1-VEGFA-PD_rep1_hg38.select.C2T.mpmat
    output: ../mpmat_filter/293T-bat_YE1-VEGFA-PD_rep1_hg38.filtered_SMN-3_SCN-6_SMR-0.1_RPN-1_RTN-2.C2T.mpmat
    jobid: 3
    reason: Missing output files: ../mpmat_filter/293T-bat_YE1-VEGFA-PD_rep1_hg38.filtered_SMN-3_SCN-6_SMR-0.1_RPN-1_RTN-2.C2T.mpmat
    wildcards: sample=YE1-VEGFA-PD, rep=rep1, SMN=3, SCN=6, SMR=0.1, RPN=1, RTN=2, ac=C, bd=T


        /home/zhaohuanan/zhaohn_HD/miniconda3/envs/snakepipes_detect-seq/bin/python ./program/mpmat-select-V02.py         -i ../mpmat/293T-bat_YE1-VEGFA-PD_rep1_hg38.select.C2T.mpmat -o ../mpmat_filter/293T-bat_YE1-VEGFA-PD_rep1_hg38.filtered_SMN-3_SCN-6_SMR-0.1_RPN-1_RTN-2.C2T.mpmat         -f C -t T         --SiteMutNum 3         --SiteCoverNum 6         --SiteMutRatio 0.1         --RegionPassNum 1         --RegionToleranceNum 2         --InHeader True         --OutHeader False
        
Submitted job 3 with external jobid '198372'.
[Thu Feb  4 16:18:29 2021]
Finished job 1.
15 of 65 steps (23%) done
[Thu Feb  4 16:19:05 2021]
Finished job 19.
16 of 65 steps (25%) done
[Thu Feb  4 16:20:14 2021]
Finished job 38.
17 of 65 steps (26%) done

[Thu Feb  4 16:20:14 2021]
rule mpmat_filter_merge:
    input: ../mpmat_filter/293T-bat_All-EMX1-PD_rep1_hg38.filtered_SMN-3_SCN-6_SMR-0.1_RPN-1_RTN-2.C2T.mpmat, ../mpmat_filter/293T-bat_All-EMX1-PD_rep1_hg38.filtered_SMN-3_SCN-6_SMR-0.1_RPN-1_RTN-2.G2A.mpmat
    output: ../mpmat_filter_merge/293T-bat_All-EMX1-PD_rep1_hg38.filtered_SMN-3_SCN-6_SMR-0.1_RPN-1_RTN-2.C2T_merge_G2A.mpmat
    jobid: 43
    reason: Missing output files: ../mpmat_filter_merge/293T-bat_All-EMX1-PD_rep1_hg38.filtered_SMN-3_SCN-6_SMR-0.1_RPN-1_RTN-2.C2T_merge_G2A.mpmat; Input files updated by another job: ../mpmat_filter/293T-bat_All-EMX1-PD_rep1_hg38.filtered_SMN-3_SCN-6_SMR-0.1_RPN-1_RTN-2.G2A.mpmat, ../mpmat_filter/293T-bat_All-EMX1-PD_rep1_hg38.filtered_SMN-3_SCN-6_SMR-0.1_RPN-1_RTN-2.C2T.mpmat
    wildcards: sample=All-EMX1-PD, rep=rep1, SMN=3, SCN=6, SMR=0.1, RPN=1, RTN=2, a=C, b=T, c=G, d=A


        cat ../mpmat_filter/293T-bat_All-EMX1-PD_rep1_hg38.filtered_SMN-3_SCN-6_SMR-0.1_RPN-1_RTN-2.C2T.mpmat ../mpmat_filter/293T-bat_All-EMX1-PD_rep1_hg38.filtered_SMN-3_SCN-6_SMR-0.1_RPN-1_RTN-2.G2A.mpmat > ../mpmat_filter_merge/293T-bat_All-EMX1-PD_rep1_hg38.filtered_SMN-3_SCN-6_SMR-0.1_RPN-1_RTN-2.C2T_merge_G2A.mpmat
        
[Thu Feb  4 16:20:14 2021]
Finished job 46.
18 of 65 steps (28%) done
Submitted job 43 with external jobid '198373'.

[Thu Feb  4 16:20:14 2021]
rule mpmat_filter:
    input: ../mpmat/293T-bat_YE1-EMX1-PD_rep2_hg38.select.G2A.mpmat
    output: ../mpmat_filter/293T-bat_YE1-EMX1-PD_rep2_hg38.filtered_SMN-3_SCN-6_SMR-0.1_RPN-1_RTN-2.G2A.mpmat
    jobid: 18
    reason: Missing output files: ../mpmat_filter/293T-bat_YE1-EMX1-PD_rep2_hg38.filtered_SMN-3_SCN-6_SMR-0.1_RPN-1_RTN-2.G2A.mpmat
    wildcards: sample=YE1-EMX1-PD, rep=rep2, SMN=3, SCN=6, SMR=0.1, RPN=1, RTN=2, ac=G, bd=A


        /home/zhaohuanan/zhaohn_HD/miniconda3/envs/snakepipes_detect-seq/bin/python ./program/mpmat-select-V02.py         -i ../mpmat/293T-bat_YE1-EMX1-PD_rep2_hg38.select.G2A.mpmat -o ../mpmat_filter/293T-bat_YE1-EMX1-PD_rep2_hg38.filtered_SMN-3_SCN-6_SMR-0.1_RPN-1_RTN-2.G2A.mpmat         -f G -t A         --SiteMutNum 3         --SiteCoverNum 6         --SiteMutRatio 0.1         --RegionPassNum 1         --RegionToleranceNum 2         --InHeader True         --OutHeader False
        
Submitted job 18 with external jobid '198374'.

[Thu Feb  4 16:20:14 2021]
rule mpmat_filter:
    input: ../mpmat/293T-bat_All-EMX1-PD_rep2_hg38.select.G2A.mpmat
    output: ../mpmat_filter/293T-bat_All-EMX1-PD_rep2_hg38.filtered_SMN-3_SCN-6_SMR-0.1_RPN-1_RTN-2.G2A.mpmat
    jobid: 28
    reason: Missing output files: ../mpmat_filter/293T-bat_All-EMX1-PD_rep2_hg38.filtered_SMN-3_SCN-6_SMR-0.1_RPN-1_RTN-2.G2A.mpmat
    wildcards: sample=All-EMX1-PD, rep=rep2, SMN=3, SCN=6, SMR=0.1, RPN=1, RTN=2, ac=G, bd=A


        /home/zhaohuanan/zhaohn_HD/miniconda3/envs/snakepipes_detect-seq/bin/python ./program/mpmat-select-V02.py         -i ../mpmat/293T-bat_All-EMX1-PD_rep2_hg38.select.G2A.mpmat -o ../mpmat_filter/293T-bat_All-EMX1-PD_rep2_hg38.filtered_SMN-3_SCN-6_SMR-0.1_RPN-1_RTN-2.G2A.mpmat         -f G -t A         --SiteMutNum 3         --SiteCoverNum 6         --SiteMutRatio 0.1         --RegionPassNum 1         --RegionToleranceNum 2         --InHeader True         --OutHeader False
        
[Thu Feb  4 16:20:14 2021]
Finished job 16.
19 of 65 steps (29%) done
Submitted job 28 with external jobid '198375'.

[Thu Feb  4 16:20:15 2021]
rule mpmat_filter:
    input: ../mpmat/293T-bat_All-VEGFA-PD_rep1_hg38.select.C2T.mpmat
    output: ../mpmat_filter/293T-bat_All-VEGFA-PD_rep1_hg38.filtered_SMN-3_SCN-6_SMR-0.1_RPN-1_RTN-2.C2T.mpmat
    jobid: 13
    reason: Missing output files: ../mpmat_filter/293T-bat_All-VEGFA-PD_rep1_hg38.filtered_SMN-3_SCN-6_SMR-0.1_RPN-1_RTN-2.C2T.mpmat
    wildcards: sample=All-VEGFA-PD, rep=rep1, SMN=3, SCN=6, SMR=0.1, RPN=1, RTN=2, ac=C, bd=T


        /home/zhaohuanan/zhaohn_HD/miniconda3/envs/snakepipes_detect-seq/bin/python ./program/mpmat-select-V02.py         -i ../mpmat/293T-bat_All-VEGFA-PD_rep1_hg38.select.C2T.mpmat -o ../mpmat_filter/293T-bat_All-VEGFA-PD_rep1_hg38.filtered_SMN-3_SCN-6_SMR-0.1_RPN-1_RTN-2.C2T.mpmat         -f C -t T         --SiteMutNum 3         --SiteCoverNum 6         --SiteMutRatio 0.1         --RegionPassNum 1         --RegionToleranceNum 2         --InHeader True         --OutHeader False
        
Submitted job 13 with external jobid '198376'.

[Thu Feb  4 16:20:15 2021]
rule mpmat_filter:
    input: ../mpmat/293T-bat_YE1-EMX1-PD_rep2_hg38.select.C2T.mpmat
    output: ../mpmat_filter/293T-bat_YE1-EMX1-PD_rep2_hg38.filtered_SMN-3_SCN-6_SMR-0.1_RPN-1_RTN-2.C2T.mpmat
    jobid: 2
    reason: Missing output files: ../mpmat_filter/293T-bat_YE1-EMX1-PD_rep2_hg38.filtered_SMN-3_SCN-6_SMR-0.1_RPN-1_RTN-2.C2T.mpmat
    wildcards: sample=YE1-EMX1-PD, rep=rep2, SMN=3, SCN=6, SMR=0.1, RPN=1, RTN=2, ac=C, bd=T


        /home/zhaohuanan/zhaohn_HD/miniconda3/envs/snakepipes_detect-seq/bin/python ./program/mpmat-select-V02.py         -i ../mpmat/293T-bat_YE1-EMX1-PD_rep2_hg38.select.C2T.mpmat -o ../mpmat_filter/293T-bat_YE1-EMX1-PD_rep2_hg38.filtered_SMN-3_SCN-6_SMR-0.1_RPN-1_RTN-2.C2T.mpmat         -f C -t T         --SiteMutNum 3         --SiteCoverNum 6         --SiteMutRatio 0.1         --RegionPassNum 1         --RegionToleranceNum 2         --InHeader True         --OutHeader False
        
Submitted job 2 with external jobid '198377'.
[Thu Feb  4 16:22:24 2021]
Finished job 43.
20 of 65 steps (31%) done

[Thu Feb  4 16:22:24 2021]
rule mpmat_filter_merge:
    input: ../mpmat_filter/293T-bat_M2-EMX1-PD_rep2_hg38.filtered_SMN-3_SCN-6_SMR-0.1_RPN-1_RTN-2.C2T.mpmat, ../mpmat_filter/293T-bat_M2-EMX1-PD_rep2_hg38.filtered_SMN-3_SCN-6_SMR-0.1_RPN-1_RTN-2.G2A.mpmat
    output: ../mpmat_filter_merge/293T-bat_M2-EMX1-PD_rep2_hg38.filtered_SMN-3_SCN-6_SMR-0.1_RPN-1_RTN-2.C2T_merge_G2A.mpmat
    jobid: 42
    reason: Missing output files: ../mpmat_filter_merge/293T-bat_M2-EMX1-PD_rep2_hg38.filtered_SMN-3_SCN-6_SMR-0.1_RPN-1_RTN-2.C2T_merge_G2A.mpmat; Input files updated by another job: ../mpmat_filter/293T-bat_M2-EMX1-PD_rep2_hg38.filtered_SMN-3_SCN-6_SMR-0.1_RPN-1_RTN-2.G2A.mpmat, ../mpmat_filter/293T-bat_M2-EMX1-PD_rep2_hg38.filtered_SMN-3_SCN-6_SMR-0.1_RPN-1_RTN-2.C2T.mpmat
    wildcards: sample=M2-EMX1-PD, rep=rep2, SMN=3, SCN=6, SMR=0.1, RPN=1, RTN=2, a=C, b=T, c=G, d=A


        cat ../mpmat_filter/293T-bat_M2-EMX1-PD_rep2_hg38.filtered_SMN-3_SCN-6_SMR-0.1_RPN-1_RTN-2.C2T.mpmat ../mpmat_filter/293T-bat_M2-EMX1-PD_rep2_hg38.filtered_SMN-3_SCN-6_SMR-0.1_RPN-1_RTN-2.G2A.mpmat > ../mpmat_filter_merge/293T-bat_M2-EMX1-PD_rep2_hg38.filtered_SMN-3_SCN-6_SMR-0.1_RPN-1_RTN-2.C2T_merge_G2A.mpmat
        
Submitted job 42 with external jobid '198378'.
[Thu Feb  4 16:22:25 2021]
Finished job 31.
21 of 65 steps (32%) done

[Thu Feb  4 16:22:26 2021]
rule mpmat_filter:
    input: ../mpmat/293T-bat_M2-EMX1-PD_rep1_hg38.select.G2A.mpmat
    output: ../mpmat_filter/293T-bat_M2-EMX1-PD_rep1_hg38.filtered_SMN-3_SCN-6_SMR-0.1_RPN-1_RTN-2.G2A.mpmat
    jobid: 25
    reason: Missing output files: ../mpmat_filter/293T-bat_M2-EMX1-PD_rep1_hg38.filtered_SMN-3_SCN-6_SMR-0.1_RPN-1_RTN-2.G2A.mpmat
    wildcards: sample=M2-EMX1-PD, rep=rep1, SMN=3, SCN=6, SMR=0.1, RPN=1, RTN=2, ac=G, bd=A


        /home/zhaohuanan/zhaohn_HD/miniconda3/envs/snakepipes_detect-seq/bin/python ./program/mpmat-select-V02.py         -i ../mpmat/293T-bat_M2-EMX1-PD_rep1_hg38.select.G2A.mpmat -o ../mpmat_filter/293T-bat_M2-EMX1-PD_rep1_hg38.filtered_SMN-3_SCN-6_SMR-0.1_RPN-1_RTN-2.G2A.mpmat         -f G -t A         --SiteMutNum 3         --SiteCoverNum 6         --SiteMutRatio 0.1         --RegionPassNum 1         --RegionToleranceNum 2         --InHeader True         --OutHeader False
        
Submitted job 25 with external jobid '198379'.
[Thu Feb  4 16:25:11 2021]
Finished job 18.
22 of 65 steps (34%) done
[Thu Feb  4 16:26:10 2021]
Finished job 8.
23 of 65 steps (35%) done
[Thu Feb  4 16:26:33 2021]
Finished job 3.
24 of 65 steps (37%) done

[Thu Feb  4 16:26:33 2021]
rule sort_mpmat:
    input: ../mpmat_filter_merge/293T-bat_All-EMX1-PD_rep1_hg38.filtered_SMN-3_SCN-6_SMR-0.1_RPN-1_RTN-2.C2T_merge_G2A.mpmat
    output: ../mpmat_filter_merge/293T-bat_All-EMX1-PD_rep1_hg38.filtered_SMN-3_SCN-6_SMR-0.1_RPN-1_RTN-2.C2T_merge_G2A.sort.mpmat
    jobid: 59
    reason: Missing output files: ../mpmat_filter_merge/293T-bat_All-EMX1-PD_rep1_hg38.filtered_SMN-3_SCN-6_SMR-0.1_RPN-1_RTN-2.C2T_merge_G2A.sort.mpmat; Input files updated by another job: ../mpmat_filter_merge/293T-bat_All-EMX1-PD_rep1_hg38.filtered_SMN-3_SCN-6_SMR-0.1_RPN-1_RTN-2.C2T_merge_G2A.mpmat
    wildcards: sample=All-EMX1-PD, rep=rep1, SMN=3, SCN=6, SMR=0.1, RPN=1, RTN=2, a=C, b=T, c=G, d=A


        /home/zhaohuanan/zhaohn_HD/miniconda3/envs/snakepipes_detect-seq/bin/bedtools sort -i ../mpmat_filter_merge/293T-bat_All-EMX1-PD_rep1_hg38.filtered_SMN-3_SCN-6_SMR-0.1_RPN-1_RTN-2.C2T_merge_G2A.mpmat -g /home/zhaohuanan/zhaohn_HD/2.database/db_genomes/genome_fa/genome_ucsc_hg38/genome_ucsc_hg38.fa.fai > ../mpmat_filter_merge/293T-bat_All-EMX1-PD_rep1_hg38.filtered_SMN-3_SCN-6_SMR-0.1_RPN-1_RTN-2.C2T_merge_G2A.sort.mpmat
        
Submitted job 59 with external jobid '198380'.

[Thu Feb  4 16:26:34 2021]
rule mpmat_filter_merge:
    input: ../mpmat_filter/293T-bat_YE1-VEGFA-PD_rep1_hg38.filtered_SMN-3_SCN-6_SMR-0.1_RPN-1_RTN-2.C2T.mpmat, ../mpmat_filter/293T-bat_YE1-VEGFA-PD_rep1_hg38.filtered_SMN-3_SCN-6_SMR-0.1_RPN-1_RTN-2.G2A.mpmat
    output: ../mpmat_filter_merge/293T-bat_YE1-VEGFA-PD_rep1_hg38.filtered_SMN-3_SCN-6_SMR-0.1_RPN-1_RTN-2.C2T_merge_G2A.mpmat
    jobid: 35
    reason: Missing output files: ../mpmat_filter_merge/293T-bat_YE1-VEGFA-PD_rep1_hg38.filtered_SMN-3_SCN-6_SMR-0.1_RPN-1_RTN-2.C2T_merge_G2A.mpmat; Input files updated by another job: ../mpmat_filter/293T-bat_YE1-VEGFA-PD_rep1_hg38.filtered_SMN-3_SCN-6_SMR-0.1_RPN-1_RTN-2.C2T.mpmat, ../mpmat_filter/293T-bat_YE1-VEGFA-PD_rep1_hg38.filtered_SMN-3_SCN-6_SMR-0.1_RPN-1_RTN-2.G2A.mpmat
    wildcards: sample=YE1-VEGFA-PD, rep=rep1, SMN=3, SCN=6, SMR=0.1, RPN=1, RTN=2, a=C, b=T, c=G, d=A


        cat ../mpmat_filter/293T-bat_YE1-VEGFA-PD_rep1_hg38.filtered_SMN-3_SCN-6_SMR-0.1_RPN-1_RTN-2.C2T.mpmat ../mpmat_filter/293T-bat_YE1-VEGFA-PD_rep1_hg38.filtered_SMN-3_SCN-6_SMR-0.1_RPN-1_RTN-2.G2A.mpmat > ../mpmat_filter_merge/293T-bat_YE1-VEGFA-PD_rep1_hg38.filtered_SMN-3_SCN-6_SMR-0.1_RPN-1_RTN-2.C2T_merge_G2A.mpmat
        
[Thu Feb  4 16:26:34 2021]
Finished job 23.
25 of 65 steps (38%) done
Submitted job 35 with external jobid '198381'.

[Thu Feb  4 16:26:34 2021]
rule mpmat_filter:
    input: ../mpmat/293T-bat_33A-EMX1-PD_rep1_hg38.select.C2T.mpmat
    output: ../mpmat_filter/293T-bat_33A-EMX1-PD_rep1_hg38.filtered_SMN-3_SCN-6_SMR-0.1_RPN-1_RTN-2.C2T.mpmat
    jobid: 5
    reason: Missing output files: ../mpmat_filter/293T-bat_33A-EMX1-PD_rep1_hg38.filtered_SMN-3_SCN-6_SMR-0.1_RPN-1_RTN-2.C2T.mpmat
    wildcards: sample=33A-EMX1-PD, rep=rep1, SMN=3, SCN=6, SMR=0.1, RPN=1, RTN=2, ac=C, bd=T


        /home/zhaohuanan/zhaohn_HD/miniconda3/envs/snakepipes_detect-seq/bin/python ./program/mpmat-select-V02.py         -i ../mpmat/293T-bat_33A-EMX1-PD_rep1_hg38.select.C2T.mpmat -o ../mpmat_filter/293T-bat_33A-EMX1-PD_rep1_hg38.filtered_SMN-3_SCN-6_SMR-0.1_RPN-1_RTN-2.C2T.mpmat         -f C -t T         --SiteMutNum 3         --SiteCoverNum 6         --SiteMutRatio 0.1         --RegionPassNum 1         --RegionToleranceNum 2         --InHeader True         --OutHeader False
        
Submitted job 5 with external jobid '198382'.

[Thu Feb  4 16:26:34 2021]
rule sort_mpmat:
    input: ../mpmat_filter_merge/293T-bat_All-VEGFA-PD_rep2_hg38.filtered_SMN-3_SCN-6_SMR-0.1_RPN-1_RTN-2.C2T_merge_G2A.mpmat
    output: ../mpmat_filter_merge/293T-bat_All-VEGFA-PD_rep2_hg38.filtered_SMN-3_SCN-6_SMR-0.1_RPN-1_RTN-2.C2T_merge_G2A.sort.mpmat
    jobid: 62
    reason: Missing output files: ../mpmat_filter_merge/293T-bat_All-VEGFA-PD_rep2_hg38.filtered_SMN-3_SCN-6_SMR-0.1_RPN-1_RTN-2.C2T_merge_G2A.sort.mpmat; Input files updated by another job: ../mpmat_filter_merge/293T-bat_All-VEGFA-PD_rep2_hg38.filtered_SMN-3_SCN-6_SMR-0.1_RPN-1_RTN-2.C2T_merge_G2A.mpmat
    wildcards: sample=All-VEGFA-PD, rep=rep2, SMN=3, SCN=6, SMR=0.1, RPN=1, RTN=2, a=C, b=T, c=G, d=A


        /home/zhaohuanan/zhaohn_HD/miniconda3/envs/snakepipes_detect-seq/bin/bedtools sort -i ../mpmat_filter_merge/293T-bat_All-VEGFA-PD_rep2_hg38.filtered_SMN-3_SCN-6_SMR-0.1_RPN-1_RTN-2.C2T_merge_G2A.mpmat -g /home/zhaohuanan/zhaohn_HD/2.database/db_genomes/genome_fa/genome_ucsc_hg38/genome_ucsc_hg38.fa.fai > ../mpmat_filter_merge/293T-bat_All-VEGFA-PD_rep2_hg38.filtered_SMN-3_SCN-6_SMR-0.1_RPN-1_RTN-2.C2T_merge_G2A.sort.mpmat
        
Submitted job 62 with external jobid '198383'.
[Thu Feb  4 16:26:45 2021]
Finished job 42.
26 of 65 steps (40%) done

[Thu Feb  4 16:26:45 2021]
rule sort_mpmat:
    input: ../mpmat_filter_merge/293T-bat_M2-EMX1-PD_rep2_hg38.filtered_SMN-3_SCN-6_SMR-0.1_RPN-1_RTN-2.C2T_merge_G2A.mpmat
    output: ../mpmat_filter_merge/293T-bat_M2-EMX1-PD_rep2_hg38.filtered_SMN-3_SCN-6_SMR-0.1_RPN-1_RTN-2.C2T_merge_G2A.sort.mpmat
    jobid: 58
    reason: Missing output files: ../mpmat_filter_merge/293T-bat_M2-EMX1-PD_rep2_hg38.filtered_SMN-3_SCN-6_SMR-0.1_RPN-1_RTN-2.C2T_merge_G2A.sort.mpmat; Input files updated by another job: ../mpmat_filter_merge/293T-bat_M2-EMX1-PD_rep2_hg38.filtered_SMN-3_SCN-6_SMR-0.1_RPN-1_RTN-2.C2T_merge_G2A.mpmat
    wildcards: sample=M2-EMX1-PD, rep=rep2, SMN=3, SCN=6, SMR=0.1, RPN=1, RTN=2, a=C, b=T, c=G, d=A


        /home/zhaohuanan/zhaohn_HD/miniconda3/envs/snakepipes_detect-seq/bin/bedtools sort -i ../mpmat_filter_merge/293T-bat_M2-EMX1-PD_rep2_hg38.filtered_SMN-3_SCN-6_SMR-0.1_RPN-1_RTN-2.C2T_merge_G2A.mpmat -g /home/zhaohuanan/zhaohn_HD/2.database/db_genomes/genome_fa/genome_ucsc_hg38/genome_ucsc_hg38.fa.fai > ../mpmat_filter_merge/293T-bat_M2-EMX1-PD_rep2_hg38.filtered_SMN-3_SCN-6_SMR-0.1_RPN-1_RTN-2.C2T_merge_G2A.sort.mpmat
        
Submitted job 58 with external jobid '198384'.
[Thu Feb  4 16:26:57 2021]
Finished job 28.
27 of 65 steps (42%) done

[Thu Feb  4 16:26:57 2021]
rule mpmat_filter_merge:
    input: ../mpmat_filter/293T-bat_All-EMX1-PD_rep2_hg38.filtered_SMN-3_SCN-6_SMR-0.1_RPN-1_RTN-2.C2T.mpmat, ../mpmat_filter/293T-bat_All-EMX1-PD_rep2_hg38.filtered_SMN-3_SCN-6_SMR-0.1_RPN-1_RTN-2.G2A.mpmat
    output: ../mpmat_filter_merge/293T-bat_All-EMX1-PD_rep2_hg38.filtered_SMN-3_SCN-6_SMR-0.1_RPN-1_RTN-2.C2T_merge_G2A.mpmat
    jobid: 44
    reason: Missing output files: ../mpmat_filter_merge/293T-bat_All-EMX1-PD_rep2_hg38.filtered_SMN-3_SCN-6_SMR-0.1_RPN-1_RTN-2.C2T_merge_G2A.mpmat; Input files updated by another job: ../mpmat_filter/293T-bat_All-EMX1-PD_rep2_hg38.filtered_SMN-3_SCN-6_SMR-0.1_RPN-1_RTN-2.G2A.mpmat, ../mpmat_filter/293T-bat_All-EMX1-PD_rep2_hg38.filtered_SMN-3_SCN-6_SMR-0.1_RPN-1_RTN-2.C2T.mpmat
    wildcards: sample=All-EMX1-PD, rep=rep2, SMN=3, SCN=6, SMR=0.1, RPN=1, RTN=2, a=C, b=T, c=G, d=A


        cat ../mpmat_filter/293T-bat_All-EMX1-PD_rep2_hg38.filtered_SMN-3_SCN-6_SMR-0.1_RPN-1_RTN-2.C2T.mpmat ../mpmat_filter/293T-bat_All-EMX1-PD_rep2_hg38.filtered_SMN-3_SCN-6_SMR-0.1_RPN-1_RTN-2.G2A.mpmat > ../mpmat_filter_merge/293T-bat_All-EMX1-PD_rep2_hg38.filtered_SMN-3_SCN-6_SMR-0.1_RPN-1_RTN-2.C2T_merge_G2A.mpmat
        
Submitted job 44 with external jobid '198385'.
[Thu Feb  4 16:26:58 2021]
Finished job 4.
28 of 65 steps (43%) done

[Thu Feb  4 16:26:58 2021]
rule mpmat_filter_merge:
    input: ../mpmat_filter/293T-bat_YE1-VEGFA-PD_rep2_hg38.filtered_SMN-3_SCN-6_SMR-0.1_RPN-1_RTN-2.C2T.mpmat, ../mpmat_filter/293T-bat_YE1-VEGFA-PD_rep2_hg38.filtered_SMN-3_SCN-6_SMR-0.1_RPN-1_RTN-2.G2A.mpmat
    output: ../mpmat_filter_merge/293T-bat_YE1-VEGFA-PD_rep2_hg38.filtered_SMN-3_SCN-6_SMR-0.1_RPN-1_RTN-2.C2T_merge_G2A.mpmat
    jobid: 36
    reason: Missing output files: ../mpmat_filter_merge/293T-bat_YE1-VEGFA-PD_rep2_hg38.filtered_SMN-3_SCN-6_SMR-0.1_RPN-1_RTN-2.C2T_merge_G2A.mpmat; Input files updated by another job: ../mpmat_filter/293T-bat_YE1-VEGFA-PD_rep2_hg38.filtered_SMN-3_SCN-6_SMR-0.1_RPN-1_RTN-2.G2A.mpmat, ../mpmat_filter/293T-bat_YE1-VEGFA-PD_rep2_hg38.filtered_SMN-3_SCN-6_SMR-0.1_RPN-1_RTN-2.C2T.mpmat
    wildcards: sample=YE1-VEGFA-PD, rep=rep2, SMN=3, SCN=6, SMR=0.1, RPN=1, RTN=2, a=C, b=T, c=G, d=A


        cat ../mpmat_filter/293T-bat_YE1-VEGFA-PD_rep2_hg38.filtered_SMN-3_SCN-6_SMR-0.1_RPN-1_RTN-2.C2T.mpmat ../mpmat_filter/293T-bat_YE1-VEGFA-PD_rep2_hg38.filtered_SMN-3_SCN-6_SMR-0.1_RPN-1_RTN-2.G2A.mpmat > ../mpmat_filter_merge/293T-bat_YE1-VEGFA-PD_rep2_hg38.filtered_SMN-3_SCN-6_SMR-0.1_RPN-1_RTN-2.C2T_merge_G2A.mpmat
        
Submitted job 36 with external jobid '198386'.
[Thu Feb  4 16:27:09 2021]
Finished job 35.
29 of 65 steps (45%) done

[Thu Feb  4 16:27:09 2021]
rule sort_mpmat:
    input: ../mpmat_filter_merge/293T-bat_YE1-VEGFA-PD_rep1_hg38.filtered_SMN-3_SCN-6_SMR-0.1_RPN-1_RTN-2.C2T_merge_G2A.mpmat
    output: ../mpmat_filter_merge/293T-bat_YE1-VEGFA-PD_rep1_hg38.filtered_SMN-3_SCN-6_SMR-0.1_RPN-1_RTN-2.C2T_merge_G2A.sort.mpmat
    jobid: 51
    reason: Missing output files: ../mpmat_filter_merge/293T-bat_YE1-VEGFA-PD_rep1_hg38.filtered_SMN-3_SCN-6_SMR-0.1_RPN-1_RTN-2.C2T_merge_G2A.sort.mpmat; Input files updated by another job: ../mpmat_filter_merge/293T-bat_YE1-VEGFA-PD_rep1_hg38.filtered_SMN-3_SCN-6_SMR-0.1_RPN-1_RTN-2.C2T_merge_G2A.mpmat
    wildcards: sample=YE1-VEGFA-PD, rep=rep1, SMN=3, SCN=6, SMR=0.1, RPN=1, RTN=2, a=C, b=T, c=G, d=A


        /home/zhaohuanan/zhaohn_HD/miniconda3/envs/snakepipes_detect-seq/bin/bedtools sort -i ../mpmat_filter_merge/293T-bat_YE1-VEGFA-PD_rep1_hg38.filtered_SMN-3_SCN-6_SMR-0.1_RPN-1_RTN-2.C2T_merge_G2A.mpmat -g /home/zhaohuanan/zhaohn_HD/2.database/db_genomes/genome_fa/genome_ucsc_hg38/genome_ucsc_hg38.fa.fai > ../mpmat_filter_merge/293T-bat_YE1-VEGFA-PD_rep1_hg38.filtered_SMN-3_SCN-6_SMR-0.1_RPN-1_RTN-2.C2T_merge_G2A.sort.mpmat
        
Submitted job 51 with external jobid '198387'.
[Thu Feb  4 16:27:21 2021]
Finished job 59.
30 of 65 steps (46%) done
[Thu Feb  4 16:27:22 2021]
Finished job 62.
31 of 65 steps (48%) done
[Thu Feb  4 16:27:33 2021]
Finished job 44.
32 of 65 steps (49%) done

[Thu Feb  4 16:27:33 2021]
rule mpmat_filter_merge:
    input: ../mpmat_filter/293T-bat_Vector-VEGFA-PD_rep1_hg38.filtered_SMN-3_SCN-6_SMR-0.1_RPN-1_RTN-2.C2T.mpmat, ../mpmat_filter/293T-bat_Vector-VEGFA-PD_rep1_hg38.filtered_SMN-3_SCN-6_SMR-0.1_RPN-1_RTN-2.G2A.mpmat
    output: ../mpmat_filter_merge/293T-bat_Vector-VEGFA-PD_rep1_hg38.filtered_SMN-3_SCN-6_SMR-0.1_RPN-1_RTN-2.C2T_merge_G2A.mpmat
    jobid: 47
    reason: Missing output files: ../mpmat_filter_merge/293T-bat_Vector-VEGFA-PD_rep1_hg38.filtered_SMN-3_SCN-6_SMR-0.1_RPN-1_RTN-2.C2T_merge_G2A.mpmat; Input files updated by another job: ../mpmat_filter/293T-bat_Vector-VEGFA-PD_rep1_hg38.filtered_SMN-3_SCN-6_SMR-0.1_RPN-1_RTN-2.C2T.mpmat, ../mpmat_filter/293T-bat_Vector-VEGFA-PD_rep1_hg38.filtered_SMN-3_SCN-6_SMR-0.1_RPN-1_RTN-2.G2A.mpmat
    wildcards: sample=Vector-VEGFA-PD, rep=rep1, SMN=3, SCN=6, SMR=0.1, RPN=1, RTN=2, a=C, b=T, c=G, d=A


        cat ../mpmat_filter/293T-bat_Vector-VEGFA-PD_rep1_hg38.filtered_SMN-3_SCN-6_SMR-0.1_RPN-1_RTN-2.C2T.mpmat ../mpmat_filter/293T-bat_Vector-VEGFA-PD_rep1_hg38.filtered_SMN-3_SCN-6_SMR-0.1_RPN-1_RTN-2.G2A.mpmat > ../mpmat_filter_merge/293T-bat_Vector-VEGFA-PD_rep1_hg38.filtered_SMN-3_SCN-6_SMR-0.1_RPN-1_RTN-2.C2T_merge_G2A.mpmat
        
[Thu Feb  4 16:27:33 2021]
Finished job 36.
33 of 65 steps (51%) done
Submitted job 47 with external jobid '198388'.

[Thu Feb  4 16:27:33 2021]
rule mpmat_filter:
    input: ../mpmat/293T-bat_YE1-EMX1-PD_rep1_hg38.select.G2A.mpmat
    output: ../mpmat_filter/293T-bat_YE1-EMX1-PD_rep1_hg38.filtered_SMN-3_SCN-6_SMR-0.1_RPN-1_RTN-2.G2A.mpmat
    jobid: 17
    reason: Missing output files: ../mpmat_filter/293T-bat_YE1-EMX1-PD_rep1_hg38.filtered_SMN-3_SCN-6_SMR-0.1_RPN-1_RTN-2.G2A.mpmat
    wildcards: sample=YE1-EMX1-PD, rep=rep1, SMN=3, SCN=6, SMR=0.1, RPN=1, RTN=2, ac=G, bd=A


        /home/zhaohuanan/zhaohn_HD/miniconda3/envs/snakepipes_detect-seq/bin/python ./program/mpmat-select-V02.py         -i ../mpmat/293T-bat_YE1-EMX1-PD_rep1_hg38.select.G2A.mpmat -o ../mpmat_filter/293T-bat_YE1-EMX1-PD_rep1_hg38.filtered_SMN-3_SCN-6_SMR-0.1_RPN-1_RTN-2.G2A.mpmat         -f G -t A         --SiteMutNum 3         --SiteCoverNum 6         --SiteMutRatio 0.1         --RegionPassNum 1         --RegionToleranceNum 2         --InHeader True         --OutHeader False
        
[Thu Feb  4 16:27:33 2021]
Finished job 58.
34 of 65 steps (52%) done
Submitted job 17 with external jobid '198389'.

[Thu Feb  4 16:27:33 2021]
rule sort_mpmat:
    input: ../mpmat_filter_merge/293T-bat_33A-EMX1-PD_rep2_hg38.filtered_SMN-3_SCN-6_SMR-0.1_RPN-1_RTN-2.C2T_merge_G2A.mpmat
    output: ../mpmat_filter_merge/293T-bat_33A-EMX1-PD_rep2_hg38.filtered_SMN-3_SCN-6_SMR-0.1_RPN-1_RTN-2.C2T_merge_G2A.sort.mpmat
    jobid: 54
    reason: Missing output files: ../mpmat_filter_merge/293T-bat_33A-EMX1-PD_rep2_hg38.filtered_SMN-3_SCN-6_SMR-0.1_RPN-1_RTN-2.C2T_merge_G2A.sort.mpmat; Input files updated by another job: ../mpmat_filter_merge/293T-bat_33A-EMX1-PD_rep2_hg38.filtered_SMN-3_SCN-6_SMR-0.1_RPN-1_RTN-2.C2T_merge_G2A.mpmat
    wildcards: sample=33A-EMX1-PD, rep=rep2, SMN=3, SCN=6, SMR=0.1, RPN=1, RTN=2, a=C, b=T, c=G, d=A


        /home/zhaohuanan/zhaohn_HD/miniconda3/envs/snakepipes_detect-seq/bin/bedtools sort -i ../mpmat_filter_merge/293T-bat_33A-EMX1-PD_rep2_hg38.filtered_SMN-3_SCN-6_SMR-0.1_RPN-1_RTN-2.C2T_merge_G2A.mpmat -g /home/zhaohuanan/zhaohn_HD/2.database/db_genomes/genome_fa/genome_ucsc_hg38/genome_ucsc_hg38.fa.fai > ../mpmat_filter_merge/293T-bat_33A-EMX1-PD_rep2_hg38.filtered_SMN-3_SCN-6_SMR-0.1_RPN-1_RTN-2.C2T_merge_G2A.sort.mpmat
        
Submitted job 54 with external jobid '198390'.

[Thu Feb  4 16:27:34 2021]
rule mpmat_filter:
    input: ../mpmat/293T-bat_Vector-VEGFA-PD_rep2_hg38.select.G2A.mpmat
    output: ../mpmat_filter/293T-bat_Vector-VEGFA-PD_rep2_hg38.filtered_SMN-3_SCN-6_SMR-0.1_RPN-1_RTN-2.G2A.mpmat
    jobid: 32
    reason: Missing output files: ../mpmat_filter/293T-bat_Vector-VEGFA-PD_rep2_hg38.filtered_SMN-3_SCN-6_SMR-0.1_RPN-1_RTN-2.G2A.mpmat
    wildcards: sample=Vector-VEGFA-PD, rep=rep2, SMN=3, SCN=6, SMR=0.1, RPN=1, RTN=2, ac=G, bd=A


        /home/zhaohuanan/zhaohn_HD/miniconda3/envs/snakepipes_detect-seq/bin/python ./program/mpmat-select-V02.py         -i ../mpmat/293T-bat_Vector-VEGFA-PD_rep2_hg38.select.G2A.mpmat -o ../mpmat_filter/293T-bat_Vector-VEGFA-PD_rep2_hg38.filtered_SMN-3_SCN-6_SMR-0.1_RPN-1_RTN-2.G2A.mpmat         -f G -t A         --SiteMutNum 3         --SiteCoverNum 6         --SiteMutRatio 0.1         --RegionPassNum 1         --RegionToleranceNum 2         --InHeader True         --OutHeader False
        
Submitted job 32 with external jobid '198391'.

[Thu Feb  4 16:27:34 2021]
rule mpmat_filter:
    input: ../mpmat/293T-bat_33A-VEGFA-PD_rep2_hg38.select.G2A.mpmat
    output: ../mpmat_filter/293T-bat_33A-VEGFA-PD_rep2_hg38.filtered_SMN-3_SCN-6_SMR-0.1_RPN-1_RTN-2.G2A.mpmat
    jobid: 24
    reason: Missing output files: ../mpmat_filter/293T-bat_33A-VEGFA-PD_rep2_hg38.filtered_SMN-3_SCN-6_SMR-0.1_RPN-1_RTN-2.G2A.mpmat
    wildcards: sample=33A-VEGFA-PD, rep=rep2, SMN=3, SCN=6, SMR=0.1, RPN=1, RTN=2, ac=G, bd=A


        /home/zhaohuanan/zhaohn_HD/miniconda3/envs/snakepipes_detect-seq/bin/python ./program/mpmat-select-V02.py         -i ../mpmat/293T-bat_33A-VEGFA-PD_rep2_hg38.select.G2A.mpmat -o ../mpmat_filter/293T-bat_33A-VEGFA-PD_rep2_hg38.filtered_SMN-3_SCN-6_SMR-0.1_RPN-1_RTN-2.G2A.mpmat         -f G -t A         --SiteMutNum 3         --SiteCoverNum 6         --SiteMutRatio 0.1         --RegionPassNum 1         --RegionToleranceNum 2         --InHeader True         --OutHeader False
        
Submitted job 24 with external jobid '198392'.
[Thu Feb  4 16:27:44 2021]
Finished job 47.
35 of 65 steps (54%) done

[Thu Feb  4 16:27:44 2021]
rule sort_mpmat:
    input: ../mpmat_filter_merge/293T-bat_All-EMX1-PD_rep2_hg38.filtered_SMN-3_SCN-6_SMR-0.1_RPN-1_RTN-2.C2T_merge_G2A.mpmat
    output: ../mpmat_filter_merge/293T-bat_All-EMX1-PD_rep2_hg38.filtered_SMN-3_SCN-6_SMR-0.1_RPN-1_RTN-2.C2T_merge_G2A.sort.mpmat
    jobid: 60
    reason: Missing output files: ../mpmat_filter_merge/293T-bat_All-EMX1-PD_rep2_hg38.filtered_SMN-3_SCN-6_SMR-0.1_RPN-1_RTN-2.C2T_merge_G2A.sort.mpmat; Input files updated by another job: ../mpmat_filter_merge/293T-bat_All-EMX1-PD_rep2_hg38.filtered_SMN-3_SCN-6_SMR-0.1_RPN-1_RTN-2.C2T_merge_G2A.mpmat
    wildcards: sample=All-EMX1-PD, rep=rep2, SMN=3, SCN=6, SMR=0.1, RPN=1, RTN=2, a=C, b=T, c=G, d=A


        /home/zhaohuanan/zhaohn_HD/miniconda3/envs/snakepipes_detect-seq/bin/bedtools sort -i ../mpmat_filter_merge/293T-bat_All-EMX1-PD_rep2_hg38.filtered_SMN-3_SCN-6_SMR-0.1_RPN-1_RTN-2.C2T_merge_G2A.mpmat -g /home/zhaohuanan/zhaohn_HD/2.database/db_genomes/genome_fa/genome_ucsc_hg38/genome_ucsc_hg38.fa.fai > ../mpmat_filter_merge/293T-bat_All-EMX1-PD_rep2_hg38.filtered_SMN-3_SCN-6_SMR-0.1_RPN-1_RTN-2.C2T_merge_G2A.sort.mpmat
        
Submitted job 60 with external jobid '198393'.
[Thu Feb  4 16:27:45 2021]
Finished job 51.
36 of 65 steps (55%) done
[Thu Feb  4 16:29:19 2021]
Finished job 5.
37 of 65 steps (57%) done

[Thu Feb  4 16:29:20 2021]
rule sort_mpmat:
    input: ../mpmat_filter_merge/293T-bat_Vector-VEGFA-PD_rep1_hg38.filtered_SMN-3_SCN-6_SMR-0.1_RPN-1_RTN-2.C2T_merge_G2A.mpmat
    output: ../mpmat_filter_merge/293T-bat_Vector-VEGFA-PD_rep1_hg38.filtered_SMN-3_SCN-6_SMR-0.1_RPN-1_RTN-2.C2T_merge_G2A.sort.mpmat
    jobid: 63
    reason: Missing output files: ../mpmat_filter_merge/293T-bat_Vector-VEGFA-PD_rep1_hg38.filtered_SMN-3_SCN-6_SMR-0.1_RPN-1_RTN-2.C2T_merge_G2A.sort.mpmat; Input files updated by another job: ../mpmat_filter_merge/293T-bat_Vector-VEGFA-PD_rep1_hg38.filtered_SMN-3_SCN-6_SMR-0.1_RPN-1_RTN-2.C2T_merge_G2A.mpmat
    wildcards: sample=Vector-VEGFA-PD, rep=rep1, SMN=3, SCN=6, SMR=0.1, RPN=1, RTN=2, a=C, b=T, c=G, d=A


        /home/zhaohuanan/zhaohn_HD/miniconda3/envs/snakepipes_detect-seq/bin/bedtools sort -i ../mpmat_filter_merge/293T-bat_Vector-VEGFA-PD_rep1_hg38.filtered_SMN-3_SCN-6_SMR-0.1_RPN-1_RTN-2.C2T_merge_G2A.mpmat -g /home/zhaohuanan/zhaohn_HD/2.database/db_genomes/genome_fa/genome_ucsc_hg38/genome_ucsc_hg38.fa.fai > ../mpmat_filter_merge/293T-bat_Vector-VEGFA-PD_rep1_hg38.filtered_SMN-3_SCN-6_SMR-0.1_RPN-1_RTN-2.C2T_merge_G2A.sort.mpmat
        
Submitted job 63 with external jobid '198395'.

[Thu Feb  4 16:29:20 2021]
rule mpmat_filter_merge:
    input: ../mpmat_filter/293T-bat_33A-VEGFA-PD_rep1_hg38.filtered_SMN-3_SCN-6_SMR-0.1_RPN-1_RTN-2.C2T.mpmat, ../mpmat_filter/293T-bat_33A-VEGFA-PD_rep1_hg38.filtered_SMN-3_SCN-6_SMR-0.1_RPN-1_RTN-2.G2A.mpmat
    output: ../mpmat_filter_merge/293T-bat_33A-VEGFA-PD_rep1_hg38.filtered_SMN-3_SCN-6_SMR-0.1_RPN-1_RTN-2.C2T_merge_G2A.mpmat
    jobid: 39
    reason: Missing output files: ../mpmat_filter_merge/293T-bat_33A-VEGFA-PD_rep1_hg38.filtered_SMN-3_SCN-6_SMR-0.1_RPN-1_RTN-2.C2T_merge_G2A.mpmat; Input files updated by another job: ../mpmat_filter/293T-bat_33A-VEGFA-PD_rep1_hg38.filtered_SMN-3_SCN-6_SMR-0.1_RPN-1_RTN-2.G2A.mpmat, ../mpmat_filter/293T-bat_33A-VEGFA-PD_rep1_hg38.filtered_SMN-3_SCN-6_SMR-0.1_RPN-1_RTN-2.C2T.mpmat
    wildcards: sample=33A-VEGFA-PD, rep=rep1, SMN=3, SCN=6, SMR=0.1, RPN=1, RTN=2, a=C, b=T, c=G, d=A


        cat ../mpmat_filter/293T-bat_33A-VEGFA-PD_rep1_hg38.filtered_SMN-3_SCN-6_SMR-0.1_RPN-1_RTN-2.C2T.mpmat ../mpmat_filter/293T-bat_33A-VEGFA-PD_rep1_hg38.filtered_SMN-3_SCN-6_SMR-0.1_RPN-1_RTN-2.G2A.mpmat > ../mpmat_filter_merge/293T-bat_33A-VEGFA-PD_rep1_hg38.filtered_SMN-3_SCN-6_SMR-0.1_RPN-1_RTN-2.C2T_merge_G2A.mpmat
        
Submitted job 39 with external jobid '198396'.
[Thu Feb  4 16:29:30 2021]
Finished job 54.
38 of 65 steps (58%) done
[Thu Feb  4 16:29:31 2021]
Finished job 2.
39 of 65 steps (60%) done

[Thu Feb  4 16:29:31 2021]
rule sort_mpmat:
    input: ../mpmat_filter_merge/293T-bat_YE1-VEGFA-PD_rep2_hg38.filtered_SMN-3_SCN-6_SMR-0.1_RPN-1_RTN-2.C2T_merge_G2A.mpmat
    output: ../mpmat_filter_merge/293T-bat_YE1-VEGFA-PD_rep2_hg38.filtered_SMN-3_SCN-6_SMR-0.1_RPN-1_RTN-2.C2T_merge_G2A.sort.mpmat
    jobid: 52
    reason: Missing output files: ../mpmat_filter_merge/293T-bat_YE1-VEGFA-PD_rep2_hg38.filtered_SMN-3_SCN-6_SMR-0.1_RPN-1_RTN-2.C2T_merge_G2A.sort.mpmat; Input files updated by another job: ../mpmat_filter_merge/293T-bat_YE1-VEGFA-PD_rep2_hg38.filtered_SMN-3_SCN-6_SMR-0.1_RPN-1_RTN-2.C2T_merge_G2A.mpmat
    wildcards: sample=YE1-VEGFA-PD, rep=rep2, SMN=3, SCN=6, SMR=0.1, RPN=1, RTN=2, a=C, b=T, c=G, d=A


        /home/zhaohuanan/zhaohn_HD/miniconda3/envs/snakepipes_detect-seq/bin/bedtools sort -i ../mpmat_filter_merge/293T-bat_YE1-VEGFA-PD_rep2_hg38.filtered_SMN-3_SCN-6_SMR-0.1_RPN-1_RTN-2.C2T_merge_G2A.mpmat -g /home/zhaohuanan/zhaohn_HD/2.database/db_genomes/genome_fa/genome_ucsc_hg38/genome_ucsc_hg38.fa.fai > ../mpmat_filter_merge/293T-bat_YE1-VEGFA-PD_rep2_hg38.filtered_SMN-3_SCN-6_SMR-0.1_RPN-1_RTN-2.C2T_merge_G2A.sort.mpmat
        
[Thu Feb  4 16:29:31 2021]
Finished job 25.
40 of 65 steps (62%) done
Submitted job 52 with external jobid '198397'.

[Thu Feb  4 16:29:31 2021]
rule mpmat_filter_merge:
    input: ../mpmat_filter/293T-bat_YE1-EMX1-PD_rep2_hg38.filtered_SMN-3_SCN-6_SMR-0.1_RPN-1_RTN-2.C2T.mpmat, ../mpmat_filter/293T-bat_YE1-EMX1-PD_rep2_hg38.filtered_SMN-3_SCN-6_SMR-0.1_RPN-1_RTN-2.G2A.mpmat
    output: ../mpmat_filter_merge/293T-bat_YE1-EMX1-PD_rep2_hg38.filtered_SMN-3_SCN-6_SMR-0.1_RPN-1_RTN-2.C2T_merge_G2A.mpmat
    jobid: 34
    reason: Missing output files: ../mpmat_filter_merge/293T-bat_YE1-EMX1-PD_rep2_hg38.filtered_SMN-3_SCN-6_SMR-0.1_RPN-1_RTN-2.C2T_merge_G2A.mpmat; Input files updated by another job: ../mpmat_filter/293T-bat_YE1-EMX1-PD_rep2_hg38.filtered_SMN-3_SCN-6_SMR-0.1_RPN-1_RTN-2.G2A.mpmat, ../mpmat_filter/293T-bat_YE1-EMX1-PD_rep2_hg38.filtered_SMN-3_SCN-6_SMR-0.1_RPN-1_RTN-2.C2T.mpmat
    wildcards: sample=YE1-EMX1-PD, rep=rep2, SMN=3, SCN=6, SMR=0.1, RPN=1, RTN=2, a=C, b=T, c=G, d=A


        cat ../mpmat_filter/293T-bat_YE1-EMX1-PD_rep2_hg38.filtered_SMN-3_SCN-6_SMR-0.1_RPN-1_RTN-2.C2T.mpmat ../mpmat_filter/293T-bat_YE1-EMX1-PD_rep2_hg38.filtered_SMN-3_SCN-6_SMR-0.1_RPN-1_RTN-2.G2A.mpmat > ../mpmat_filter_merge/293T-bat_YE1-EMX1-PD_rep2_hg38.filtered_SMN-3_SCN-6_SMR-0.1_RPN-1_RTN-2.C2T_merge_G2A.mpmat
        
Submitted job 34 with external jobid '198398'.
[Thu Feb  4 16:29:42 2021]
Finished job 60.
41 of 65 steps (63%) done
[Thu Feb  4 16:29:43 2021]
Finished job 63.
42 of 65 steps (65%) done
[Thu Feb  4 16:29:44 2021]
Finished job 39.
43 of 65 steps (66%) done

[Thu Feb  4 16:29:44 2021]
rule mpmat_filter_merge:
    input: ../mpmat_filter/293T-bat_33A-EMX1-PD_rep1_hg38.filtered_SMN-3_SCN-6_SMR-0.1_RPN-1_RTN-2.C2T.mpmat, ../mpmat_filter/293T-bat_33A-EMX1-PD_rep1_hg38.filtered_SMN-3_SCN-6_SMR-0.1_RPN-1_RTN-2.G2A.mpmat
    output: ../mpmat_filter_merge/293T-bat_33A-EMX1-PD_rep1_hg38.filtered_SMN-3_SCN-6_SMR-0.1_RPN-1_RTN-2.C2T_merge_G2A.mpmat
    jobid: 37
    reason: Missing output files: ../mpmat_filter_merge/293T-bat_33A-EMX1-PD_rep1_hg38.filtered_SMN-3_SCN-6_SMR-0.1_RPN-1_RTN-2.C2T_merge_G2A.mpmat; Input files updated by another job: ../mpmat_filter/293T-bat_33A-EMX1-PD_rep1_hg38.filtered_SMN-3_SCN-6_SMR-0.1_RPN-1_RTN-2.C2T.mpmat, ../mpmat_filter/293T-bat_33A-EMX1-PD_rep1_hg38.filtered_SMN-3_SCN-6_SMR-0.1_RPN-1_RTN-2.G2A.mpmat
    wildcards: sample=33A-EMX1-PD, rep=rep1, SMN=3, SCN=6, SMR=0.1, RPN=1, RTN=2, a=C, b=T, c=G, d=A


        cat ../mpmat_filter/293T-bat_33A-EMX1-PD_rep1_hg38.filtered_SMN-3_SCN-6_SMR-0.1_RPN-1_RTN-2.C2T.mpmat ../mpmat_filter/293T-bat_33A-EMX1-PD_rep1_hg38.filtered_SMN-3_SCN-6_SMR-0.1_RPN-1_RTN-2.G2A.mpmat > ../mpmat_filter_merge/293T-bat_33A-EMX1-PD_rep1_hg38.filtered_SMN-3_SCN-6_SMR-0.1_RPN-1_RTN-2.C2T_merge_G2A.mpmat
        
Submitted job 37 with external jobid '198399'.

[Thu Feb  4 16:29:44 2021]
rule sort_mpmat:
    input: ../mpmat_filter_merge/293T-bat_33A-VEGFA-PD_rep1_hg38.filtered_SMN-3_SCN-6_SMR-0.1_RPN-1_RTN-2.C2T_merge_G2A.mpmat
    output: ../mpmat_filter_merge/293T-bat_33A-VEGFA-PD_rep1_hg38.filtered_SMN-3_SCN-6_SMR-0.1_RPN-1_RTN-2.C2T_merge_G2A.sort.mpmat
    jobid: 55
    reason: Missing output files: ../mpmat_filter_merge/293T-bat_33A-VEGFA-PD_rep1_hg38.filtered_SMN-3_SCN-6_SMR-0.1_RPN-1_RTN-2.C2T_merge_G2A.sort.mpmat; Input files updated by another job: ../mpmat_filter_merge/293T-bat_33A-VEGFA-PD_rep1_hg38.filtered_SMN-3_SCN-6_SMR-0.1_RPN-1_RTN-2.C2T_merge_G2A.mpmat
    wildcards: sample=33A-VEGFA-PD, rep=rep1, SMN=3, SCN=6, SMR=0.1, RPN=1, RTN=2, a=C, b=T, c=G, d=A


        /home/zhaohuanan/zhaohn_HD/miniconda3/envs/snakepipes_detect-seq/bin/bedtools sort -i ../mpmat_filter_merge/293T-bat_33A-VEGFA-PD_rep1_hg38.filtered_SMN-3_SCN-6_SMR-0.1_RPN-1_RTN-2.C2T_merge_G2A.mpmat -g /home/zhaohuanan/zhaohn_HD/2.database/db_genomes/genome_fa/genome_ucsc_hg38/genome_ucsc_hg38.fa.fai > ../mpmat_filter_merge/293T-bat_33A-VEGFA-PD_rep1_hg38.filtered_SMN-3_SCN-6_SMR-0.1_RPN-1_RTN-2.C2T_merge_G2A.sort.mpmat
        
Submitted job 55 with external jobid '198400'.

[Thu Feb  4 16:29:44 2021]
rule mpmat_filter:
    input: ../mpmat/293T-bat_M2-EMX1-PD_rep1_hg38.select.C2T.mpmat
    output: ../mpmat_filter/293T-bat_M2-EMX1-PD_rep1_hg38.filtered_SMN-3_SCN-6_SMR-0.1_RPN-1_RTN-2.C2T.mpmat
    jobid: 9
    reason: Missing output files: ../mpmat_filter/293T-bat_M2-EMX1-PD_rep1_hg38.filtered_SMN-3_SCN-6_SMR-0.1_RPN-1_RTN-2.C2T.mpmat
    wildcards: sample=M2-EMX1-PD, rep=rep1, SMN=3, SCN=6, SMR=0.1, RPN=1, RTN=2, ac=C, bd=T


        /home/zhaohuanan/zhaohn_HD/miniconda3/envs/snakepipes_detect-seq/bin/python ./program/mpmat-select-V02.py         -i ../mpmat/293T-bat_M2-EMX1-PD_rep1_hg38.select.C2T.mpmat -o ../mpmat_filter/293T-bat_M2-EMX1-PD_rep1_hg38.filtered_SMN-3_SCN-6_SMR-0.1_RPN-1_RTN-2.C2T.mpmat         -f C -t T         --SiteMutNum 3         --SiteCoverNum 6         --SiteMutRatio 0.1         --RegionPassNum 1         --RegionToleranceNum 2         --InHeader True         --OutHeader False
        
Submitted job 9 with external jobid '198401'.
[Thu Feb  4 16:29:54 2021]
Finished job 52.
44 of 65 steps (68%) done
[Thu Feb  4 16:29:54 2021]
Finished job 34.
45 of 65 steps (69%) done

[Thu Feb  4 16:29:54 2021]
rule sort_mpmat:
    input: ../mpmat_filter_merge/293T-bat_YE1-EMX1-PD_rep2_hg38.filtered_SMN-3_SCN-6_SMR-0.1_RPN-1_RTN-2.C2T_merge_G2A.mpmat
    output: ../mpmat_filter_merge/293T-bat_YE1-EMX1-PD_rep2_hg38.filtered_SMN-3_SCN-6_SMR-0.1_RPN-1_RTN-2.C2T_merge_G2A.sort.mpmat
    jobid: 50
    reason: Missing output files: ../mpmat_filter_merge/293T-bat_YE1-EMX1-PD_rep2_hg38.filtered_SMN-3_SCN-6_SMR-0.1_RPN-1_RTN-2.C2T_merge_G2A.sort.mpmat; Input files updated by another job: ../mpmat_filter_merge/293T-bat_YE1-EMX1-PD_rep2_hg38.filtered_SMN-3_SCN-6_SMR-0.1_RPN-1_RTN-2.C2T_merge_G2A.mpmat
    wildcards: sample=YE1-EMX1-PD, rep=rep2, SMN=3, SCN=6, SMR=0.1, RPN=1, RTN=2, a=C, b=T, c=G, d=A


        /home/zhaohuanan/zhaohn_HD/miniconda3/envs/snakepipes_detect-seq/bin/bedtools sort -i ../mpmat_filter_merge/293T-bat_YE1-EMX1-PD_rep2_hg38.filtered_SMN-3_SCN-6_SMR-0.1_RPN-1_RTN-2.C2T_merge_G2A.mpmat -g /home/zhaohuanan/zhaohn_HD/2.database/db_genomes/genome_fa/genome_ucsc_hg38/genome_ucsc_hg38.fa.fai > ../mpmat_filter_merge/293T-bat_YE1-EMX1-PD_rep2_hg38.filtered_SMN-3_SCN-6_SMR-0.1_RPN-1_RTN-2.C2T_merge_G2A.sort.mpmat
        
Submitted job 50 with external jobid '198402'.
[Thu Feb  4 16:29:55 2021]
Finished job 37.
46 of 65 steps (71%) done

[Thu Feb  4 16:29:55 2021]
rule sort_mpmat:
    input: ../mpmat_filter_merge/293T-bat_33A-EMX1-PD_rep1_hg38.filtered_SMN-3_SCN-6_SMR-0.1_RPN-1_RTN-2.C2T_merge_G2A.mpmat
    output: ../mpmat_filter_merge/293T-bat_33A-EMX1-PD_rep1_hg38.filtered_SMN-3_SCN-6_SMR-0.1_RPN-1_RTN-2.C2T_merge_G2A.sort.mpmat
    jobid: 53
    reason: Missing output files: ../mpmat_filter_merge/293T-bat_33A-EMX1-PD_rep1_hg38.filtered_SMN-3_SCN-6_SMR-0.1_RPN-1_RTN-2.C2T_merge_G2A.sort.mpmat; Input files updated by another job: ../mpmat_filter_merge/293T-bat_33A-EMX1-PD_rep1_hg38.filtered_SMN-3_SCN-6_SMR-0.1_RPN-1_RTN-2.C2T_merge_G2A.mpmat
    wildcards: sample=33A-EMX1-PD, rep=rep1, SMN=3, SCN=6, SMR=0.1, RPN=1, RTN=2, a=C, b=T, c=G, d=A


        /home/zhaohuanan/zhaohn_HD/miniconda3/envs/snakepipes_detect-seq/bin/bedtools sort -i ../mpmat_filter_merge/293T-bat_33A-EMX1-PD_rep1_hg38.filtered_SMN-3_SCN-6_SMR-0.1_RPN-1_RTN-2.C2T_merge_G2A.mpmat -g /home/zhaohuanan/zhaohn_HD/2.database/db_genomes/genome_fa/genome_ucsc_hg38/genome_ucsc_hg38.fa.fai > ../mpmat_filter_merge/293T-bat_33A-EMX1-PD_rep1_hg38.filtered_SMN-3_SCN-6_SMR-0.1_RPN-1_RTN-2.C2T_merge_G2A.sort.mpmat
        
Submitted job 53 with external jobid '198403'.
[Thu Feb  4 16:30:07 2021]
Finished job 55.
47 of 65 steps (72%) done
[Thu Feb  4 16:30:29 2021]
Finished job 50.
48 of 65 steps (74%) done
[Thu Feb  4 16:30:29 2021]
Finished job 53.
49 of 65 steps (75%) done
[Thu Feb  4 16:30:30 2021]
Finished job 17.
50 of 65 steps (77%) done

[Thu Feb  4 16:30:30 2021]
rule mpmat_filter_merge:
    input: ../mpmat_filter/293T-bat_YE1-EMX1-PD_rep1_hg38.filtered_SMN-3_SCN-6_SMR-0.1_RPN-1_RTN-2.C2T.mpmat, ../mpmat_filter/293T-bat_YE1-EMX1-PD_rep1_hg38.filtered_SMN-3_SCN-6_SMR-0.1_RPN-1_RTN-2.G2A.mpmat
    output: ../mpmat_filter_merge/293T-bat_YE1-EMX1-PD_rep1_hg38.filtered_SMN-3_SCN-6_SMR-0.1_RPN-1_RTN-2.C2T_merge_G2A.mpmat
    jobid: 33
    reason: Missing output files: ../mpmat_filter_merge/293T-bat_YE1-EMX1-PD_rep1_hg38.filtered_SMN-3_SCN-6_SMR-0.1_RPN-1_RTN-2.C2T_merge_G2A.mpmat; Input files updated by another job: ../mpmat_filter/293T-bat_YE1-EMX1-PD_rep1_hg38.filtered_SMN-3_SCN-6_SMR-0.1_RPN-1_RTN-2.C2T.mpmat, ../mpmat_filter/293T-bat_YE1-EMX1-PD_rep1_hg38.filtered_SMN-3_SCN-6_SMR-0.1_RPN-1_RTN-2.G2A.mpmat
    wildcards: sample=YE1-EMX1-PD, rep=rep1, SMN=3, SCN=6, SMR=0.1, RPN=1, RTN=2, a=C, b=T, c=G, d=A


        cat ../mpmat_filter/293T-bat_YE1-EMX1-PD_rep1_hg38.filtered_SMN-3_SCN-6_SMR-0.1_RPN-1_RTN-2.C2T.mpmat ../mpmat_filter/293T-bat_YE1-EMX1-PD_rep1_hg38.filtered_SMN-3_SCN-6_SMR-0.1_RPN-1_RTN-2.G2A.mpmat > ../mpmat_filter_merge/293T-bat_YE1-EMX1-PD_rep1_hg38.filtered_SMN-3_SCN-6_SMR-0.1_RPN-1_RTN-2.C2T_merge_G2A.mpmat
        
Submitted job 33 with external jobid '198404'.
[Thu Feb  4 16:30:40 2021]
Finished job 33.
51 of 65 steps (78%) done

[Thu Feb  4 16:30:41 2021]
rule sort_mpmat:
    input: ../mpmat_filter_merge/293T-bat_YE1-EMX1-PD_rep1_hg38.filtered_SMN-3_SCN-6_SMR-0.1_RPN-1_RTN-2.C2T_merge_G2A.mpmat
    output: ../mpmat_filter_merge/293T-bat_YE1-EMX1-PD_rep1_hg38.filtered_SMN-3_SCN-6_SMR-0.1_RPN-1_RTN-2.C2T_merge_G2A.sort.mpmat
    jobid: 49
    reason: Missing output files: ../mpmat_filter_merge/293T-bat_YE1-EMX1-PD_rep1_hg38.filtered_SMN-3_SCN-6_SMR-0.1_RPN-1_RTN-2.C2T_merge_G2A.sort.mpmat; Input files updated by another job: ../mpmat_filter_merge/293T-bat_YE1-EMX1-PD_rep1_hg38.filtered_SMN-3_SCN-6_SMR-0.1_RPN-1_RTN-2.C2T_merge_G2A.mpmat
    wildcards: sample=YE1-EMX1-PD, rep=rep1, SMN=3, SCN=6, SMR=0.1, RPN=1, RTN=2, a=C, b=T, c=G, d=A


        /home/zhaohuanan/zhaohn_HD/miniconda3/envs/snakepipes_detect-seq/bin/bedtools sort -i ../mpmat_filter_merge/293T-bat_YE1-EMX1-PD_rep1_hg38.filtered_SMN-3_SCN-6_SMR-0.1_RPN-1_RTN-2.C2T_merge_G2A.mpmat -g /home/zhaohuanan/zhaohn_HD/2.database/db_genomes/genome_fa/genome_ucsc_hg38/genome_ucsc_hg38.fa.fai > ../mpmat_filter_merge/293T-bat_YE1-EMX1-PD_rep1_hg38.filtered_SMN-3_SCN-6_SMR-0.1_RPN-1_RTN-2.C2T_merge_G2A.sort.mpmat
        
Submitted job 49 with external jobid '198405'.
[Thu Feb  4 16:30:52 2021]
Finished job 49.
52 of 65 steps (80%) done
[Thu Feb  4 16:33:12 2021]
Finished job 32.
53 of 65 steps (82%) done

[Thu Feb  4 16:33:12 2021]
rule mpmat_filter_merge:
    input: ../mpmat_filter/293T-bat_Vector-VEGFA-PD_rep2_hg38.filtered_SMN-3_SCN-6_SMR-0.1_RPN-1_RTN-2.C2T.mpmat, ../mpmat_filter/293T-bat_Vector-VEGFA-PD_rep2_hg38.filtered_SMN-3_SCN-6_SMR-0.1_RPN-1_RTN-2.G2A.mpmat
    output: ../mpmat_filter_merge/293T-bat_Vector-VEGFA-PD_rep2_hg38.filtered_SMN-3_SCN-6_SMR-0.1_RPN-1_RTN-2.C2T_merge_G2A.mpmat
    jobid: 48
    reason: Missing output files: ../mpmat_filter_merge/293T-bat_Vector-VEGFA-PD_rep2_hg38.filtered_SMN-3_SCN-6_SMR-0.1_RPN-1_RTN-2.C2T_merge_G2A.mpmat; Input files updated by another job: ../mpmat_filter/293T-bat_Vector-VEGFA-PD_rep2_hg38.filtered_SMN-3_SCN-6_SMR-0.1_RPN-1_RTN-2.G2A.mpmat, ../mpmat_filter/293T-bat_Vector-VEGFA-PD_rep2_hg38.filtered_SMN-3_SCN-6_SMR-0.1_RPN-1_RTN-2.C2T.mpmat
    wildcards: sample=Vector-VEGFA-PD, rep=rep2, SMN=3, SCN=6, SMR=0.1, RPN=1, RTN=2, a=C, b=T, c=G, d=A


        cat ../mpmat_filter/293T-bat_Vector-VEGFA-PD_rep2_hg38.filtered_SMN-3_SCN-6_SMR-0.1_RPN-1_RTN-2.C2T.mpmat ../mpmat_filter/293T-bat_Vector-VEGFA-PD_rep2_hg38.filtered_SMN-3_SCN-6_SMR-0.1_RPN-1_RTN-2.G2A.mpmat > ../mpmat_filter_merge/293T-bat_Vector-VEGFA-PD_rep2_hg38.filtered_SMN-3_SCN-6_SMR-0.1_RPN-1_RTN-2.C2T_merge_G2A.mpmat
        
Submitted job 48 with external jobid '198406'.
[Thu Feb  4 16:33:12 2021]
Finished job 9.
54 of 65 steps (83%) done

[Thu Feb  4 16:33:12 2021]
rule mpmat_filter_merge:
    input: ../mpmat_filter/293T-bat_M2-EMX1-PD_rep1_hg38.filtered_SMN-3_SCN-6_SMR-0.1_RPN-1_RTN-2.C2T.mpmat, ../mpmat_filter/293T-bat_M2-EMX1-PD_rep1_hg38.filtered_SMN-3_SCN-6_SMR-0.1_RPN-1_RTN-2.G2A.mpmat
    output: ../mpmat_filter_merge/293T-bat_M2-EMX1-PD_rep1_hg38.filtered_SMN-3_SCN-6_SMR-0.1_RPN-1_RTN-2.C2T_merge_G2A.mpmat
    jobid: 41
    reason: Missing output files: ../mpmat_filter_merge/293T-bat_M2-EMX1-PD_rep1_hg38.filtered_SMN-3_SCN-6_SMR-0.1_RPN-1_RTN-2.C2T_merge_G2A.mpmat; Input files updated by another job: ../mpmat_filter/293T-bat_M2-EMX1-PD_rep1_hg38.filtered_SMN-3_SCN-6_SMR-0.1_RPN-1_RTN-2.C2T.mpmat, ../mpmat_filter/293T-bat_M2-EMX1-PD_rep1_hg38.filtered_SMN-3_SCN-6_SMR-0.1_RPN-1_RTN-2.G2A.mpmat
    wildcards: sample=M2-EMX1-PD, rep=rep1, SMN=3, SCN=6, SMR=0.1, RPN=1, RTN=2, a=C, b=T, c=G, d=A


        cat ../mpmat_filter/293T-bat_M2-EMX1-PD_rep1_hg38.filtered_SMN-3_SCN-6_SMR-0.1_RPN-1_RTN-2.C2T.mpmat ../mpmat_filter/293T-bat_M2-EMX1-PD_rep1_hg38.filtered_SMN-3_SCN-6_SMR-0.1_RPN-1_RTN-2.G2A.mpmat > ../mpmat_filter_merge/293T-bat_M2-EMX1-PD_rep1_hg38.filtered_SMN-3_SCN-6_SMR-0.1_RPN-1_RTN-2.C2T_merge_G2A.mpmat
        
Submitted job 41 with external jobid '198407'.
[Thu Feb  4 16:33:23 2021]
Finished job 48.
55 of 65 steps (85%) done

[Thu Feb  4 16:33:23 2021]
rule sort_mpmat:
    input: ../mpmat_filter_merge/293T-bat_Vector-VEGFA-PD_rep2_hg38.filtered_SMN-3_SCN-6_SMR-0.1_RPN-1_RTN-2.C2T_merge_G2A.mpmat
    output: ../mpmat_filter_merge/293T-bat_Vector-VEGFA-PD_rep2_hg38.filtered_SMN-3_SCN-6_SMR-0.1_RPN-1_RTN-2.C2T_merge_G2A.sort.mpmat
    jobid: 64
    reason: Missing output files: ../mpmat_filter_merge/293T-bat_Vector-VEGFA-PD_rep2_hg38.filtered_SMN-3_SCN-6_SMR-0.1_RPN-1_RTN-2.C2T_merge_G2A.sort.mpmat; Input files updated by another job: ../mpmat_filter_merge/293T-bat_Vector-VEGFA-PD_rep2_hg38.filtered_SMN-3_SCN-6_SMR-0.1_RPN-1_RTN-2.C2T_merge_G2A.mpmat
    wildcards: sample=Vector-VEGFA-PD, rep=rep2, SMN=3, SCN=6, SMR=0.1, RPN=1, RTN=2, a=C, b=T, c=G, d=A


        /home/zhaohuanan/zhaohn_HD/miniconda3/envs/snakepipes_detect-seq/bin/bedtools sort -i ../mpmat_filter_merge/293T-bat_Vector-VEGFA-PD_rep2_hg38.filtered_SMN-3_SCN-6_SMR-0.1_RPN-1_RTN-2.C2T_merge_G2A.mpmat -g /home/zhaohuanan/zhaohn_HD/2.database/db_genomes/genome_fa/genome_ucsc_hg38/genome_ucsc_hg38.fa.fai > ../mpmat_filter_merge/293T-bat_Vector-VEGFA-PD_rep2_hg38.filtered_SMN-3_SCN-6_SMR-0.1_RPN-1_RTN-2.C2T_merge_G2A.sort.mpmat
        
Submitted job 64 with external jobid '198408'.
[Thu Feb  4 16:33:23 2021]
Finished job 13.
56 of 65 steps (86%) done

[Thu Feb  4 16:33:23 2021]
rule mpmat_filter_merge:
    input: ../mpmat_filter/293T-bat_All-VEGFA-PD_rep1_hg38.filtered_SMN-3_SCN-6_SMR-0.1_RPN-1_RTN-2.C2T.mpmat, ../mpmat_filter/293T-bat_All-VEGFA-PD_rep1_hg38.filtered_SMN-3_SCN-6_SMR-0.1_RPN-1_RTN-2.G2A.mpmat
    output: ../mpmat_filter_merge/293T-bat_All-VEGFA-PD_rep1_hg38.filtered_SMN-3_SCN-6_SMR-0.1_RPN-1_RTN-2.C2T_merge_G2A.mpmat
    jobid: 45
    reason: Missing output files: ../mpmat_filter_merge/293T-bat_All-VEGFA-PD_rep1_hg38.filtered_SMN-3_SCN-6_SMR-0.1_RPN-1_RTN-2.C2T_merge_G2A.mpmat; Input files updated by another job: ../mpmat_filter/293T-bat_All-VEGFA-PD_rep1_hg38.filtered_SMN-3_SCN-6_SMR-0.1_RPN-1_RTN-2.G2A.mpmat, ../mpmat_filter/293T-bat_All-VEGFA-PD_rep1_hg38.filtered_SMN-3_SCN-6_SMR-0.1_RPN-1_RTN-2.C2T.mpmat
    wildcards: sample=All-VEGFA-PD, rep=rep1, SMN=3, SCN=6, SMR=0.1, RPN=1, RTN=2, a=C, b=T, c=G, d=A


        cat ../mpmat_filter/293T-bat_All-VEGFA-PD_rep1_hg38.filtered_SMN-3_SCN-6_SMR-0.1_RPN-1_RTN-2.C2T.mpmat ../mpmat_filter/293T-bat_All-VEGFA-PD_rep1_hg38.filtered_SMN-3_SCN-6_SMR-0.1_RPN-1_RTN-2.G2A.mpmat > ../mpmat_filter_merge/293T-bat_All-VEGFA-PD_rep1_hg38.filtered_SMN-3_SCN-6_SMR-0.1_RPN-1_RTN-2.C2T_merge_G2A.mpmat
        
Submitted job 45 with external jobid '198409'.
[Thu Feb  4 16:33:23 2021]
Finished job 41.
57 of 65 steps (88%) done

[Thu Feb  4 16:33:23 2021]
rule sort_mpmat:
    input: ../mpmat_filter_merge/293T-bat_M2-EMX1-PD_rep1_hg38.filtered_SMN-3_SCN-6_SMR-0.1_RPN-1_RTN-2.C2T_merge_G2A.mpmat
    output: ../mpmat_filter_merge/293T-bat_M2-EMX1-PD_rep1_hg38.filtered_SMN-3_SCN-6_SMR-0.1_RPN-1_RTN-2.C2T_merge_G2A.sort.mpmat
    jobid: 57
    reason: Missing output files: ../mpmat_filter_merge/293T-bat_M2-EMX1-PD_rep1_hg38.filtered_SMN-3_SCN-6_SMR-0.1_RPN-1_RTN-2.C2T_merge_G2A.sort.mpmat; Input files updated by another job: ../mpmat_filter_merge/293T-bat_M2-EMX1-PD_rep1_hg38.filtered_SMN-3_SCN-6_SMR-0.1_RPN-1_RTN-2.C2T_merge_G2A.mpmat
    wildcards: sample=M2-EMX1-PD, rep=rep1, SMN=3, SCN=6, SMR=0.1, RPN=1, RTN=2, a=C, b=T, c=G, d=A


        /home/zhaohuanan/zhaohn_HD/miniconda3/envs/snakepipes_detect-seq/bin/bedtools sort -i ../mpmat_filter_merge/293T-bat_M2-EMX1-PD_rep1_hg38.filtered_SMN-3_SCN-6_SMR-0.1_RPN-1_RTN-2.C2T_merge_G2A.mpmat -g /home/zhaohuanan/zhaohn_HD/2.database/db_genomes/genome_fa/genome_ucsc_hg38/genome_ucsc_hg38.fa.fai > ../mpmat_filter_merge/293T-bat_M2-EMX1-PD_rep1_hg38.filtered_SMN-3_SCN-6_SMR-0.1_RPN-1_RTN-2.C2T_merge_G2A.sort.mpmat
        
Submitted job 57 with external jobid '198410'.
[Thu Feb  4 16:33:34 2021]
Finished job 64.
58 of 65 steps (89%) done
[Thu Feb  4 16:33:34 2021]
Finished job 45.
59 of 65 steps (91%) done

[Thu Feb  4 16:33:34 2021]
rule sort_mpmat:
    input: ../mpmat_filter_merge/293T-bat_All-VEGFA-PD_rep1_hg38.filtered_SMN-3_SCN-6_SMR-0.1_RPN-1_RTN-2.C2T_merge_G2A.mpmat
    output: ../mpmat_filter_merge/293T-bat_All-VEGFA-PD_rep1_hg38.filtered_SMN-3_SCN-6_SMR-0.1_RPN-1_RTN-2.C2T_merge_G2A.sort.mpmat
    jobid: 61
    reason: Missing output files: ../mpmat_filter_merge/293T-bat_All-VEGFA-PD_rep1_hg38.filtered_SMN-3_SCN-6_SMR-0.1_RPN-1_RTN-2.C2T_merge_G2A.sort.mpmat; Input files updated by another job: ../mpmat_filter_merge/293T-bat_All-VEGFA-PD_rep1_hg38.filtered_SMN-3_SCN-6_SMR-0.1_RPN-1_RTN-2.C2T_merge_G2A.mpmat
    wildcards: sample=All-VEGFA-PD, rep=rep1, SMN=3, SCN=6, SMR=0.1, RPN=1, RTN=2, a=C, b=T, c=G, d=A


        /home/zhaohuanan/zhaohn_HD/miniconda3/envs/snakepipes_detect-seq/bin/bedtools sort -i ../mpmat_filter_merge/293T-bat_All-VEGFA-PD_rep1_hg38.filtered_SMN-3_SCN-6_SMR-0.1_RPN-1_RTN-2.C2T_merge_G2A.mpmat -g /home/zhaohuanan/zhaohn_HD/2.database/db_genomes/genome_fa/genome_ucsc_hg38/genome_ucsc_hg38.fa.fai > ../mpmat_filter_merge/293T-bat_All-VEGFA-PD_rep1_hg38.filtered_SMN-3_SCN-6_SMR-0.1_RPN-1_RTN-2.C2T_merge_G2A.sort.mpmat
        
Submitted job 61 with external jobid '198411'.
[Thu Feb  4 16:33:34 2021]
Finished job 57.
60 of 65 steps (92%) done
[Thu Feb  4 16:33:45 2021]
Finished job 61.
61 of 65 steps (94%) done
[Thu Feb  4 16:39:42 2021]
Finished job 24.
62 of 65 steps (95%) done

[Thu Feb  4 16:39:42 2021]
rule mpmat_filter_merge:
    input: ../mpmat_filter/293T-bat_33A-VEGFA-PD_rep2_hg38.filtered_SMN-3_SCN-6_SMR-0.1_RPN-1_RTN-2.C2T.mpmat, ../mpmat_filter/293T-bat_33A-VEGFA-PD_rep2_hg38.filtered_SMN-3_SCN-6_SMR-0.1_RPN-1_RTN-2.G2A.mpmat
    output: ../mpmat_filter_merge/293T-bat_33A-VEGFA-PD_rep2_hg38.filtered_SMN-3_SCN-6_SMR-0.1_RPN-1_RTN-2.C2T_merge_G2A.mpmat
    jobid: 40
    reason: Missing output files: ../mpmat_filter_merge/293T-bat_33A-VEGFA-PD_rep2_hg38.filtered_SMN-3_SCN-6_SMR-0.1_RPN-1_RTN-2.C2T_merge_G2A.mpmat; Input files updated by another job: ../mpmat_filter/293T-bat_33A-VEGFA-PD_rep2_hg38.filtered_SMN-3_SCN-6_SMR-0.1_RPN-1_RTN-2.C2T.mpmat, ../mpmat_filter/293T-bat_33A-VEGFA-PD_rep2_hg38.filtered_SMN-3_SCN-6_SMR-0.1_RPN-1_RTN-2.G2A.mpmat
    wildcards: sample=33A-VEGFA-PD, rep=rep2, SMN=3, SCN=6, SMR=0.1, RPN=1, RTN=2, a=C, b=T, c=G, d=A


        cat ../mpmat_filter/293T-bat_33A-VEGFA-PD_rep2_hg38.filtered_SMN-3_SCN-6_SMR-0.1_RPN-1_RTN-2.C2T.mpmat ../mpmat_filter/293T-bat_33A-VEGFA-PD_rep2_hg38.filtered_SMN-3_SCN-6_SMR-0.1_RPN-1_RTN-2.G2A.mpmat > ../mpmat_filter_merge/293T-bat_33A-VEGFA-PD_rep2_hg38.filtered_SMN-3_SCN-6_SMR-0.1_RPN-1_RTN-2.C2T_merge_G2A.mpmat
        
Submitted job 40 with external jobid '198412'.
[Thu Feb  4 16:39:52 2021]
Finished job 40.
63 of 65 steps (97%) done

[Thu Feb  4 16:39:52 2021]
rule sort_mpmat:
    input: ../mpmat_filter_merge/293T-bat_33A-VEGFA-PD_rep2_hg38.filtered_SMN-3_SCN-6_SMR-0.1_RPN-1_RTN-2.C2T_merge_G2A.mpmat
    output: ../mpmat_filter_merge/293T-bat_33A-VEGFA-PD_rep2_hg38.filtered_SMN-3_SCN-6_SMR-0.1_RPN-1_RTN-2.C2T_merge_G2A.sort.mpmat
    jobid: 56
    reason: Missing output files: ../mpmat_filter_merge/293T-bat_33A-VEGFA-PD_rep2_hg38.filtered_SMN-3_SCN-6_SMR-0.1_RPN-1_RTN-2.C2T_merge_G2A.sort.mpmat; Input files updated by another job: ../mpmat_filter_merge/293T-bat_33A-VEGFA-PD_rep2_hg38.filtered_SMN-3_SCN-6_SMR-0.1_RPN-1_RTN-2.C2T_merge_G2A.mpmat
    wildcards: sample=33A-VEGFA-PD, rep=rep2, SMN=3, SCN=6, SMR=0.1, RPN=1, RTN=2, a=C, b=T, c=G, d=A


        /home/zhaohuanan/zhaohn_HD/miniconda3/envs/snakepipes_detect-seq/bin/bedtools sort -i ../mpmat_filter_merge/293T-bat_33A-VEGFA-PD_rep2_hg38.filtered_SMN-3_SCN-6_SMR-0.1_RPN-1_RTN-2.C2T_merge_G2A.mpmat -g /home/zhaohuanan/zhaohn_HD/2.database/db_genomes/genome_fa/genome_ucsc_hg38/genome_ucsc_hg38.fa.fai > ../mpmat_filter_merge/293T-bat_33A-VEGFA-PD_rep2_hg38.filtered_SMN-3_SCN-6_SMR-0.1_RPN-1_RTN-2.C2T_merge_G2A.sort.mpmat
        
Submitted job 56 with external jobid '198413'.
[Thu Feb  4 16:40:13 2021]
Finished job 56.
64 of 65 steps (98%) done

[Thu Feb  4 16:40:13 2021]
localrule all:
    input: ../mpmat/293T-bat_YE1-EMX1-PD_rep1_hg38.select.C2T.mpmat, ../mpmat/293T-bat_YE1-EMX1-PD_rep2_hg38.select.C2T.mpmat, ../mpmat/293T-bat_YE1-VEGFA-PD_rep1_hg38.select.C2T.mpmat, ../mpmat/293T-bat_YE1-VEGFA-PD_rep2_hg38.select.C2T.mpmat, ../mpmat/293T-bat_33A-EMX1-PD_rep1_hg38.select.C2T.mpmat, ../mpmat/293T-bat_33A-EMX1-PD_rep2_hg38.select.C2T.mpmat, ../mpmat/293T-bat_33A-VEGFA-PD_rep1_hg38.select.C2T.mpmat, ../mpmat/293T-bat_33A-VEGFA-PD_rep2_hg38.select.C2T.mpmat, ../mpmat/293T-bat_M2-EMX1-PD_rep1_hg38.select.C2T.mpmat, ../mpmat/293T-bat_M2-EMX1-PD_rep2_hg38.select.C2T.mpmat, ../mpmat/293T-bat_All-EMX1-PD_rep1_hg38.select.C2T.mpmat, ../mpmat/293T-bat_All-EMX1-PD_rep2_hg38.select.C2T.mpmat, ../mpmat/293T-bat_All-VEGFA-PD_rep1_hg38.select.C2T.mpmat, ../mpmat/293T-bat_All-VEGFA-PD_rep2_hg38.select.C2T.mpmat, ../mpmat/293T-bat_Vector-VEGFA-PD_rep1_hg38.select.C2T.mpmat, ../mpmat/293T-bat_Vector-VEGFA-PD_rep2_hg38.select.C2T.mpmat, ../mpmat/293T-bat_YE1-EMX1-PD_rep1_hg38.select.G2A.mpmat, ../mpmat/293T-bat_YE1-EMX1-PD_rep2_hg38.select.G2A.mpmat, ../mpmat/293T-bat_YE1-VEGFA-PD_rep1_hg38.select.G2A.mpmat, ../mpmat/293T-bat_YE1-VEGFA-PD_rep2_hg38.select.G2A.mpmat, ../mpmat/293T-bat_33A-EMX1-PD_rep1_hg38.select.G2A.mpmat, ../mpmat/293T-bat_33A-EMX1-PD_rep2_hg38.select.G2A.mpmat, ../mpmat/293T-bat_33A-VEGFA-PD_rep1_hg38.select.G2A.mpmat, ../mpmat/293T-bat_33A-VEGFA-PD_rep2_hg38.select.G2A.mpmat, ../mpmat/293T-bat_M2-EMX1-PD_rep1_hg38.select.G2A.mpmat, ../mpmat/293T-bat_M2-EMX1-PD_rep2_hg38.select.G2A.mpmat, ../mpmat/293T-bat_All-EMX1-PD_rep1_hg38.select.G2A.mpmat, ../mpmat/293T-bat_All-EMX1-PD_rep2_hg38.select.G2A.mpmat, ../mpmat/293T-bat_All-VEGFA-PD_rep1_hg38.select.G2A.mpmat, ../mpmat/293T-bat_All-VEGFA-PD_rep2_hg38.select.G2A.mpmat, ../mpmat/293T-bat_Vector-VEGFA-PD_rep1_hg38.select.G2A.mpmat, ../mpmat/293T-bat_Vector-VEGFA-PD_rep2_hg38.select.G2A.mpmat, ../mpmat_filter/293T-bat_YE1-EMX1-PD_rep1_hg38.filtered_SMN-3_SCN-6_SMR-0.1_RPN-1_RTN-2.C2T.mpmat, ../mpmat_filter/293T-bat_YE1-EMX1-PD_rep2_hg38.filtered_SMN-3_SCN-6_SMR-0.1_RPN-1_RTN-2.C2T.mpmat, ../mpmat_filter/293T-bat_YE1-VEGFA-PD_rep1_hg38.filtered_SMN-3_SCN-6_SMR-0.1_RPN-1_RTN-2.C2T.mpmat, ../mpmat_filter/293T-bat_YE1-VEGFA-PD_rep2_hg38.filtered_SMN-3_SCN-6_SMR-0.1_RPN-1_RTN-2.C2T.mpmat, ../mpmat_filter/293T-bat_33A-EMX1-PD_rep1_hg38.filtered_SMN-3_SCN-6_SMR-0.1_RPN-1_RTN-2.C2T.mpmat, ../mpmat_filter/293T-bat_33A-EMX1-PD_rep2_hg38.filtered_SMN-3_SCN-6_SMR-0.1_RPN-1_RTN-2.C2T.mpmat, ../mpmat_filter/293T-bat_33A-VEGFA-PD_rep1_hg38.filtered_SMN-3_SCN-6_SMR-0.1_RPN-1_RTN-2.C2T.mpmat, ../mpmat_filter/293T-bat_33A-VEGFA-PD_rep2_hg38.filtered_SMN-3_SCN-6_SMR-0.1_RPN-1_RTN-2.C2T.mpmat, ../mpmat_filter/293T-bat_M2-EMX1-PD_rep1_hg38.filtered_SMN-3_SCN-6_SMR-0.1_RPN-1_RTN-2.C2T.mpmat, ../mpmat_filter/293T-bat_M2-EMX1-PD_rep2_hg38.filtered_SMN-3_SCN-6_SMR-0.1_RPN-1_RTN-2.C2T.mpmat, ../mpmat_filter/293T-bat_All-EMX1-PD_rep1_hg38.filtered_SMN-3_SCN-6_SMR-0.1_RPN-1_RTN-2.C2T.mpmat, ../mpmat_filter/293T-bat_All-EMX1-PD_rep2_hg38.filtered_SMN-3_SCN-6_SMR-0.1_RPN-1_RTN-2.C2T.mpmat, ../mpmat_filter/293T-bat_All-VEGFA-PD_rep1_hg38.filtered_SMN-3_SCN-6_SMR-0.1_RPN-1_RTN-2.C2T.mpmat, ../mpmat_filter/293T-bat_All-VEGFA-PD_rep2_hg38.filtered_SMN-3_SCN-6_SMR-0.1_RPN-1_RTN-2.C2T.mpmat, ../mpmat_filter/293T-bat_Vector-VEGFA-PD_rep1_hg38.filtered_SMN-3_SCN-6_SMR-0.1_RPN-1_RTN-2.C2T.mpmat, ../mpmat_filter/293T-bat_Vector-VEGFA-PD_rep2_hg38.filtered_SMN-3_SCN-6_SMR-0.1_RPN-1_RTN-2.C2T.mpmat, ../mpmat_filter/293T-bat_YE1-EMX1-PD_rep1_hg38.filtered_SMN-3_SCN-6_SMR-0.1_RPN-1_RTN-2.G2A.mpmat, ../mpmat_filter/293T-bat_YE1-EMX1-PD_rep2_hg38.filtered_SMN-3_SCN-6_SMR-0.1_RPN-1_RTN-2.G2A.mpmat, ../mpmat_filter/293T-bat_YE1-VEGFA-PD_rep1_hg38.filtered_SMN-3_SCN-6_SMR-0.1_RPN-1_RTN-2.G2A.mpmat, ../mpmat_filter/293T-bat_YE1-VEGFA-PD_rep2_hg38.filtered_SMN-3_SCN-6_SMR-0.1_RPN-1_RTN-2.G2A.mpmat, ../mpmat_filter/293T-bat_33A-EMX1-PD_rep1_hg38.filtered_SMN-3_SCN-6_SMR-0.1_RPN-1_RTN-2.G2A.mpmat, ../mpmat_filter/293T-bat_33A-EMX1-PD_rep2_hg38.filtered_SMN-3_SCN-6_SMR-0.1_RPN-1_RTN-2.G2A.mpmat, ../mpmat_filter/293T-bat_33A-VEGFA-PD_rep1_hg38.filtered_SMN-3_SCN-6_SMR-0.1_RPN-1_RTN-2.G2A.mpmat, ../mpmat_filter/293T-bat_33A-VEGFA-PD_rep2_hg38.filtered_SMN-3_SCN-6_SMR-0.1_RPN-1_RTN-2.G2A.mpmat, ../mpmat_filter/293T-bat_M2-EMX1-PD_rep1_hg38.filtered_SMN-3_SCN-6_SMR-0.1_RPN-1_RTN-2.G2A.mpmat, ../mpmat_filter/293T-bat_M2-EMX1-PD_rep2_hg38.filtered_SMN-3_SCN-6_SMR-0.1_RPN-1_RTN-2.G2A.mpmat, ../mpmat_filter/293T-bat_All-EMX1-PD_rep1_hg38.filtered_SMN-3_SCN-6_SMR-0.1_RPN-1_RTN-2.G2A.mpmat, ../mpmat_filter/293T-bat_All-EMX1-PD_rep2_hg38.filtered_SMN-3_SCN-6_SMR-0.1_RPN-1_RTN-2.G2A.mpmat, ../mpmat_filter/293T-bat_All-VEGFA-PD_rep1_hg38.filtered_SMN-3_SCN-6_SMR-0.1_RPN-1_RTN-2.G2A.mpmat, ../mpmat_filter/293T-bat_All-VEGFA-PD_rep2_hg38.filtered_SMN-3_SCN-6_SMR-0.1_RPN-1_RTN-2.G2A.mpmat, ../mpmat_filter/293T-bat_Vector-VEGFA-PD_rep1_hg38.filtered_SMN-3_SCN-6_SMR-0.1_RPN-1_RTN-2.G2A.mpmat, ../mpmat_filter/293T-bat_Vector-VEGFA-PD_rep2_hg38.filtered_SMN-3_SCN-6_SMR-0.1_RPN-1_RTN-2.G2A.mpmat, ../mpmat_filter_merge/293T-bat_YE1-EMX1-PD_rep1_hg38.filtered_SMN-3_SCN-6_SMR-0.1_RPN-1_RTN-2.C2T_merge_G2A.mpmat, ../mpmat_filter_merge/293T-bat_YE1-EMX1-PD_rep2_hg38.filtered_SMN-3_SCN-6_SMR-0.1_RPN-1_RTN-2.C2T_merge_G2A.mpmat, ../mpmat_filter_merge/293T-bat_YE1-VEGFA-PD_rep1_hg38.filtered_SMN-3_SCN-6_SMR-0.1_RPN-1_RTN-2.C2T_merge_G2A.mpmat, ../mpmat_filter_merge/293T-bat_YE1-VEGFA-PD_rep2_hg38.filtered_SMN-3_SCN-6_SMR-0.1_RPN-1_RTN-2.C2T_merge_G2A.mpmat, ../mpmat_filter_merge/293T-bat_33A-EMX1-PD_rep1_hg38.filtered_SMN-3_SCN-6_SMR-0.1_RPN-1_RTN-2.C2T_merge_G2A.mpmat, ../mpmat_filter_merge/293T-bat_33A-EMX1-PD_rep2_hg38.filtered_SMN-3_SCN-6_SMR-0.1_RPN-1_RTN-2.C2T_merge_G2A.mpmat, ../mpmat_filter_merge/293T-bat_33A-VEGFA-PD_rep1_hg38.filtered_SMN-3_SCN-6_SMR-0.1_RPN-1_RTN-2.C2T_merge_G2A.mpmat, ../mpmat_filter_merge/293T-bat_33A-VEGFA-PD_rep2_hg38.filtered_SMN-3_SCN-6_SMR-0.1_RPN-1_RTN-2.C2T_merge_G2A.mpmat, ../mpmat_filter_merge/293T-bat_M2-EMX1-PD_rep1_hg38.filtered_SMN-3_SCN-6_SMR-0.1_RPN-1_RTN-2.C2T_merge_G2A.mpmat, ../mpmat_filter_merge/293T-bat_M2-EMX1-PD_rep2_hg38.filtered_SMN-3_SCN-6_SMR-0.1_RPN-1_RTN-2.C2T_merge_G2A.mpmat, ../mpmat_filter_merge/293T-bat_All-EMX1-PD_rep1_hg38.filtered_SMN-3_SCN-6_SMR-0.1_RPN-1_RTN-2.C2T_merge_G2A.mpmat, ../mpmat_filter_merge/293T-bat_All-EMX1-PD_rep2_hg38.filtered_SMN-3_SCN-6_SMR-0.1_RPN-1_RTN-2.C2T_merge_G2A.mpmat, ../mpmat_filter_merge/293T-bat_All-VEGFA-PD_rep1_hg38.filtered_SMN-3_SCN-6_SMR-0.1_RPN-1_RTN-2.C2T_merge_G2A.mpmat, ../mpmat_filter_merge/293T-bat_All-VEGFA-PD_rep2_hg38.filtered_SMN-3_SCN-6_SMR-0.1_RPN-1_RTN-2.C2T_merge_G2A.mpmat, ../mpmat_filter_merge/293T-bat_Vector-VEGFA-PD_rep1_hg38.filtered_SMN-3_SCN-6_SMR-0.1_RPN-1_RTN-2.C2T_merge_G2A.mpmat, ../mpmat_filter_merge/293T-bat_Vector-VEGFA-PD_rep2_hg38.filtered_SMN-3_SCN-6_SMR-0.1_RPN-1_RTN-2.C2T_merge_G2A.mpmat, ../mpmat_filter_merge/293T-bat_YE1-EMX1-PD_rep1_hg38.filtered_SMN-3_SCN-6_SMR-0.1_RPN-1_RTN-2.C2T_merge_G2A.sort.mpmat, ../mpmat_filter_merge/293T-bat_YE1-EMX1-PD_rep2_hg38.filtered_SMN-3_SCN-6_SMR-0.1_RPN-1_RTN-2.C2T_merge_G2A.sort.mpmat, ../mpmat_filter_merge/293T-bat_YE1-VEGFA-PD_rep1_hg38.filtered_SMN-3_SCN-6_SMR-0.1_RPN-1_RTN-2.C2T_merge_G2A.sort.mpmat, ../mpmat_filter_merge/293T-bat_YE1-VEGFA-PD_rep2_hg38.filtered_SMN-3_SCN-6_SMR-0.1_RPN-1_RTN-2.C2T_merge_G2A.sort.mpmat, ../mpmat_filter_merge/293T-bat_33A-EMX1-PD_rep1_hg38.filtered_SMN-3_SCN-6_SMR-0.1_RPN-1_RTN-2.C2T_merge_G2A.sort.mpmat, ../mpmat_filter_merge/293T-bat_33A-EMX1-PD_rep2_hg38.filtered_SMN-3_SCN-6_SMR-0.1_RPN-1_RTN-2.C2T_merge_G2A.sort.mpmat, ../mpmat_filter_merge/293T-bat_33A-VEGFA-PD_rep1_hg38.filtered_SMN-3_SCN-6_SMR-0.1_RPN-1_RTN-2.C2T_merge_G2A.sort.mpmat, ../mpmat_filter_merge/293T-bat_33A-VEGFA-PD_rep2_hg38.filtered_SMN-3_SCN-6_SMR-0.1_RPN-1_RTN-2.C2T_merge_G2A.sort.mpmat, ../mpmat_filter_merge/293T-bat_M2-EMX1-PD_rep1_hg38.filtered_SMN-3_SCN-6_SMR-0.1_RPN-1_RTN-2.C2T_merge_G2A.sort.mpmat, ../mpmat_filter_merge/293T-bat_M2-EMX1-PD_rep2_hg38.filtered_SMN-3_SCN-6_SMR-0.1_RPN-1_RTN-2.C2T_merge_G2A.sort.mpmat, ../mpmat_filter_merge/293T-bat_All-EMX1-PD_rep1_hg38.filtered_SMN-3_SCN-6_SMR-0.1_RPN-1_RTN-2.C2T_merge_G2A.sort.mpmat, ../mpmat_filter_merge/293T-bat_All-EMX1-PD_rep2_hg38.filtered_SMN-3_SCN-6_SMR-0.1_RPN-1_RTN-2.C2T_merge_G2A.sort.mpmat, ../mpmat_filter_merge/293T-bat_All-VEGFA-PD_rep1_hg38.filtered_SMN-3_SCN-6_SMR-0.1_RPN-1_RTN-2.C2T_merge_G2A.sort.mpmat, ../mpmat_filter_merge/293T-bat_All-VEGFA-PD_rep2_hg38.filtered_SMN-3_SCN-6_SMR-0.1_RPN-1_RTN-2.C2T_merge_G2A.sort.mpmat, ../mpmat_filter_merge/293T-bat_Vector-VEGFA-PD_rep1_hg38.filtered_SMN-3_SCN-6_SMR-0.1_RPN-1_RTN-2.C2T_merge_G2A.sort.mpmat, ../mpmat_filter_merge/293T-bat_Vector-VEGFA-PD_rep2_hg38.filtered_SMN-3_SCN-6_SMR-0.1_RPN-1_RTN-2.C2T_merge_G2A.sort.mpmat
    jobid: 0
    reason: Input files updated by another job: ../mpmat_filter_merge/293T-bat_All-VEGFA-PD_rep2_hg38.filtered_SMN-3_SCN-6_SMR-0.1_RPN-1_RTN-2.C2T_merge_G2A.mpmat, ../mpmat_filter_merge/293T-bat_YE1-EMX1-PD_rep1_hg38.filtered_SMN-3_SCN-6_SMR-0.1_RPN-1_RTN-2.C2T_merge_G2A.sort.mpmat, ../mpmat_filter/293T-bat_YE1-VEGFA-PD_rep1_hg38.filtered_SMN-3_SCN-6_SMR-0.1_RPN-1_RTN-2.G2A.mpmat, ../mpmat_filter/293T-bat_All-VEGFA-PD_rep2_hg38.filtered_SMN-3_SCN-6_SMR-0.1_RPN-1_RTN-2.G2A.mpmat, ../mpmat_filter_merge/293T-bat_Vector-VEGFA-PD_rep1_hg38.filtered_SMN-3_SCN-6_SMR-0.1_RPN-1_RTN-2.C2T_merge_G2A.mpmat, ../mpmat_filter/293T-bat_Vector-VEGFA-PD_rep1_hg38.filtered_SMN-3_SCN-6_SMR-0.1_RPN-1_RTN-2.G2A.mpmat, ../mpmat_filter_merge/293T-bat_33A-VEGFA-PD_rep2_hg38.filtered_SMN-3_SCN-6_SMR-0.1_RPN-1_RTN-2.C2T_merge_G2A.sort.mpmat, ../mpmat_filter_merge/293T-bat_YE1-VEGFA-PD_rep2_hg38.filtered_SMN-3_SCN-6_SMR-0.1_RPN-1_RTN-2.C2T_merge_G2A.sort.mpmat, ../mpmat_filter/293T-bat_M2-EMX1-PD_rep1_hg38.filtered_SMN-3_SCN-6_SMR-0.1_RPN-1_RTN-2.G2A.mpmat, ../mpmat_filter_merge/293T-bat_YE1-VEGFA-PD_rep2_hg38.filtered_SMN-3_SCN-6_SMR-0.1_RPN-1_RTN-2.C2T_merge_G2A.mpmat, ../mpmat_filter_merge/293T-bat_All-EMX1-PD_rep2_hg38.filtered_SMN-3_SCN-6_SMR-0.1_RPN-1_RTN-2.C2T_merge_G2A.sort.mpmat, ../mpmat_filter/293T-bat_YE1-VEGFA-PD_rep1_hg38.filtered_SMN-3_SCN-6_SMR-0.1_RPN-1_RTN-2.C2T.mpmat, ../mpmat_filter_merge/293T-bat_Vector-VEGFA-PD_rep1_hg38.filtered_SMN-3_SCN-6_SMR-0.1_RPN-1_RTN-2.C2T_merge_G2A.sort.mpmat, ../mpmat_filter/293T-bat_M2-EMX1-PD_rep1_hg38.filtered_SMN-3_SCN-6_SMR-0.1_RPN-1_RTN-2.C2T.mpmat, ../mpmat_filter/293T-bat_M2-EMX1-PD_rep2_hg38.filtered_SMN-3_SCN-6_SMR-0.1_RPN-1_RTN-2.C2T.mpmat, ../mpmat_filter/293T-bat_33A-VEGFA-PD_rep2_hg38.filtered_SMN-3_SCN-6_SMR-0.1_RPN-1_RTN-2.G2A.mpmat, ../mpmat_filter_merge/293T-bat_33A-EMX1-PD_rep1_hg38.filtered_SMN-3_SCN-6_SMR-0.1_RPN-1_RTN-2.C2T_merge_G2A.mpmat, ../mpmat_filter_merge/293T-bat_33A-VEGFA-PD_rep1_hg38.filtered_SMN-3_SCN-6_SMR-0.1_RPN-1_RTN-2.C2T_merge_G2A.mpmat, ../mpmat_filter/293T-bat_YE1-VEGFA-PD_rep2_hg38.filtered_SMN-3_SCN-6_SMR-0.1_RPN-1_RTN-2.G2A.mpmat, ../mpmat_filter_merge/293T-bat_YE1-VEGFA-PD_rep1_hg38.filtered_SMN-3_SCN-6_SMR-0.1_RPN-1_RTN-2.C2T_merge_G2A.sort.mpmat, ../mpmat_filter_merge/293T-bat_33A-VEGFA-PD_rep1_hg38.filtered_SMN-3_SCN-6_SMR-0.1_RPN-1_RTN-2.C2T_merge_G2A.sort.mpmat, ../mpmat_filter_merge/293T-bat_YE1-EMX1-PD_rep1_hg38.filtered_SMN-3_SCN-6_SMR-0.1_RPN-1_RTN-2.C2T_merge_G2A.mpmat, ../mpmat_filter_merge/293T-bat_YE1-EMX1-PD_rep2_hg38.filtered_SMN-3_SCN-6_SMR-0.1_RPN-1_RTN-2.C2T_merge_G2A.mpmat, ../mpmat_filter/293T-bat_All-VEGFA-PD_rep1_hg38.filtered_SMN-3_SCN-6_SMR-0.1_RPN-1_RTN-2.C2T.mpmat, ../mpmat_filter_merge/293T-bat_M2-EMX1-PD_rep1_hg38.filtered_SMN-3_SCN-6_SMR-0.1_RPN-1_RTN-2.C2T_merge_G2A.sort.mpmat, ../mpmat_filter/293T-bat_33A-VEGFA-PD_rep2_hg38.filtered_SMN-3_SCN-6_SMR-0.1_RPN-1_RTN-2.C2T.mpmat, ../mpmat_filter/293T-bat_All-VEGFA-PD_rep1_hg38.filtered_SMN-3_SCN-6_SMR-0.1_RPN-1_RTN-2.G2A.mpmat, ../mpmat_filter/293T-bat_33A-EMX1-PD_rep2_hg38.filtered_SMN-3_SCN-6_SMR-0.1_RPN-1_RTN-2.G2A.mpmat, ../mpmat_filter/293T-bat_YE1-EMX1-PD_rep2_hg38.filtered_SMN-3_SCN-6_SMR-0.1_RPN-1_RTN-2.G2A.mpmat, ../mpmat_filter_merge/293T-bat_33A-VEGFA-PD_rep2_hg38.filtered_SMN-3_SCN-6_SMR-0.1_RPN-1_RTN-2.C2T_merge_G2A.mpmat, ../mpmat_filter/293T-bat_YE1-EMX1-PD_rep1_hg38.filtered_SMN-3_SCN-6_SMR-0.1_RPN-1_RTN-2.C2T.mpmat, ../mpmat_filter_merge/293T-bat_All-EMX1-PD_rep2_hg38.filtered_SMN-3_SCN-6_SMR-0.1_RPN-1_RTN-2.C2T_merge_G2A.mpmat, ../mpmat_filter/293T-bat_M2-EMX1-PD_rep2_hg38.filtered_SMN-3_SCN-6_SMR-0.1_RPN-1_RTN-2.G2A.mpmat, ../mpmat_filter/293T-bat_YE1-EMX1-PD_rep2_hg38.filtered_SMN-3_SCN-6_SMR-0.1_RPN-1_RTN-2.C2T.mpmat, ../mpmat_filter/293T-bat_33A-VEGFA-PD_rep1_hg38.filtered_SMN-3_SCN-6_SMR-0.1_RPN-1_RTN-2.C2T.mpmat, ../mpmat_filter/293T-bat_33A-EMX1-PD_rep1_hg38.filtered_SMN-3_SCN-6_SMR-0.1_RPN-1_RTN-2.G2A.mpmat, ../mpmat_filter/293T-bat_YE1-EMX1-PD_rep1_hg38.filtered_SMN-3_SCN-6_SMR-0.1_RPN-1_RTN-2.G2A.mpmat, ../mpmat_filter_merge/293T-bat_33A-EMX1-PD_rep1_hg38.filtered_SMN-3_SCN-6_SMR-0.1_RPN-1_RTN-2.C2T_merge_G2A.sort.mpmat, ../mpmat_filter/293T-bat_Vector-VEGFA-PD_rep2_hg38.filtered_SMN-3_SCN-6_SMR-0.1_RPN-1_RTN-2.G2A.mpmat, ../mpmat_filter/293T-bat_33A-EMX1-PD_rep2_hg38.filtered_SMN-3_SCN-6_SMR-0.1_RPN-1_RTN-2.C2T.mpmat, ../mpmat_filter_merge/293T-bat_YE1-VEGFA-PD_rep1_hg38.filtered_SMN-3_SCN-6_SMR-0.1_RPN-1_RTN-2.C2T_merge_G2A.mpmat, ../mpmat_filter_merge/293T-bat_M2-EMX1-PD_rep1_hg38.filtered_SMN-3_SCN-6_SMR-0.1_RPN-1_RTN-2.C2T_merge_G2A.mpmat, ../mpmat_filter_merge/293T-bat_YE1-EMX1-PD_rep2_hg38.filtered_SMN-3_SCN-6_SMR-0.1_RPN-1_RTN-2.C2T_merge_G2A.sort.mpmat, ../mpmat_filter/293T-bat_All-EMX1-PD_rep1_hg38.filtered_SMN-3_SCN-6_SMR-0.1_RPN-1_RTN-2.C2T.mpmat, ../mpmat_filter/293T-bat_33A-EMX1-PD_rep1_hg38.filtered_SMN-3_SCN-6_SMR-0.1_RPN-1_RTN-2.C2T.mpmat, ../mpmat_filter/293T-bat_All-EMX1-PD_rep2_hg38.filtered_SMN-3_SCN-6_SMR-0.1_RPN-1_RTN-2.C2T.mpmat, ../mpmat_filter/293T-bat_33A-VEGFA-PD_rep1_hg38.filtered_SMN-3_SCN-6_SMR-0.1_RPN-1_RTN-2.G2A.mpmat, ../mpmat_filter_merge/293T-bat_33A-EMX1-PD_rep2_hg38.filtered_SMN-3_SCN-6_SMR-0.1_RPN-1_RTN-2.C2T_merge_G2A.sort.mpmat, ../mpmat_filter_merge/293T-bat_Vector-VEGFA-PD_rep2_hg38.filtered_SMN-3_SCN-6_SMR-0.1_RPN-1_RTN-2.C2T_merge_G2A.mpmat, ../mpmat_filter/293T-bat_Vector-VEGFA-PD_rep2_hg38.filtered_SMN-3_SCN-6_SMR-0.1_RPN-1_RTN-2.C2T.mpmat, ../mpmat_filter_merge/293T-bat_All-VEGFA-PD_rep1_hg38.filtered_SMN-3_SCN-6_SMR-0.1_RPN-1_RTN-2.C2T_merge_G2A.sort.mpmat, ../mpmat_filter_merge/293T-bat_All-VEGFA-PD_rep1_hg38.filtered_SMN-3_SCN-6_SMR-0.1_RPN-1_RTN-2.C2T_merge_G2A.mpmat, ../mpmat_filter_merge/293T-bat_All-EMX1-PD_rep1_hg38.filtered_SMN-3_SCN-6_SMR-0.1_RPN-1_RTN-2.C2T_merge_G2A.sort.mpmat, ../mpmat_filter/293T-bat_All-VEGFA-PD_rep2_hg38.filtered_SMN-3_SCN-6_SMR-0.1_RPN-1_RTN-2.C2T.mpmat, ../mpmat_filter_merge/293T-bat_All-EMX1-PD_rep1_hg38.filtered_SMN-3_SCN-6_SMR-0.1_RPN-1_RTN-2.C2T_merge_G2A.mpmat, ../mpmat_filter_merge/293T-bat_M2-EMX1-PD_rep2_hg38.filtered_SMN-3_SCN-6_SMR-0.1_RPN-1_RTN-2.C2T_merge_G2A.sort.mpmat, ../mpmat_filter_merge/293T-bat_Vector-VEGFA-PD_rep2_hg38.filtered_SMN-3_SCN-6_SMR-0.1_RPN-1_RTN-2.C2T_merge_G2A.sort.mpmat, ../mpmat_filter_merge/293T-bat_33A-EMX1-PD_rep2_hg38.filtered_SMN-3_SCN-6_SMR-0.1_RPN-1_RTN-2.C2T_merge_G2A.mpmat, ../mpmat_filter/293T-bat_YE1-VEGFA-PD_rep2_hg38.filtered_SMN-3_SCN-6_SMR-0.1_RPN-1_RTN-2.C2T.mpmat, ../mpmat_filter_merge/293T-bat_M2-EMX1-PD_rep2_hg38.filtered_SMN-3_SCN-6_SMR-0.1_RPN-1_RTN-2.C2T_merge_G2A.mpmat, ../mpmat_filter/293T-bat_All-EMX1-PD_rep1_hg38.filtered_SMN-3_SCN-6_SMR-0.1_RPN-1_RTN-2.G2A.mpmat, ../mpmat_filter/293T-bat_All-EMX1-PD_rep2_hg38.filtered_SMN-3_SCN-6_SMR-0.1_RPN-1_RTN-2.G2A.mpmat, ../mpmat_filter/293T-bat_Vector-VEGFA-PD_rep1_hg38.filtered_SMN-3_SCN-6_SMR-0.1_RPN-1_RTN-2.C2T.mpmat, ../mpmat_filter_merge/293T-bat_All-VEGFA-PD_rep2_hg38.filtered_SMN-3_SCN-6_SMR-0.1_RPN-1_RTN-2.C2T_merge_G2A.sort.mpmat

[Thu Feb  4 16:40:13 2021]
Finished job 0.
65 of 65 steps (100%) done
Complete log: /gpfs/user/zhaohuanan/3.project/2021_CBE_variant_and_GBE_topic/20210202_DetectSeq_M2-YE1-33A-call-points_sgRNA-EMX1-VEGFA_redo/snakepipes_Detect-seq/.snakemake/log/2021-02-04T160021.742847.snakemake.log
