Building DAG of jobs...
Using shell: /usr/bin/bash
Provided cluster nodes: 6
Job counts:
	count	jobs
	1	all
	14	del_first_row_of_table
	14	input_bmat____mpmat_block
	14	intersect_select_mpmat
	14	poisson_test
	14	select_significant_region
	71

[Thu Feb  4 16:54:20 2021]
rule input_bmat____mpmat_block:
    input: ../mpmat_filter_merge/293T-bat_YE1-EMX1-PD_rep1_hg38.filtered_SMN-3_SCN-6_SMR-0.1_RPN-1_RTN-2.C2T_merge_G2A.sort.mpmat, ../mpileup_pmat_bmat/293T-bat_Vector-VEGFA-PD_rep1_hg38.MAPQ20.bmat, ../mpileup_pmat_bmat/293T-bat_YE1-EMX1-PD_rep1_hg38.MAPQ20.bmat
    output: ../mpmat_with_block_info/293T-bat_TREAT-YE1-EMX1-PD_rep1_CTRL-Vector-VEGFA-PD_hg38.filtered_SMN-3_SCN-6_SMR-0.1_RPN-1_RTN-2.C2T_merge_G2A.block_info.mpmat
    jobid: 1
    reason: Missing output files: ../mpmat_with_block_info/293T-bat_TREAT-YE1-EMX1-PD_rep1_CTRL-Vector-VEGFA-PD_hg38.filtered_SMN-3_SCN-6_SMR-0.1_RPN-1_RTN-2.C2T_merge_G2A.block_info.mpmat
    wildcards: treat=YE1-EMX1-PD, rep=rep1, ctrl=Vector-VEGFA-PD, SMN=3, SCN=6, SMR=0.1, RPN=1, RTN=2, a=C, b=T, c=G, d=A


        /home/zhaohuanan/zhaohn_HD/miniconda3/envs/snakepipes_detect-seq/bin/python ./program/mpmat-block-V02.1.py         -i ../mpmat_filter_merge/293T-bat_YE1-EMX1-PD_rep1_hg38.filtered_SMN-3_SCN-6_SMR-0.1_RPN-1_RTN-2.C2T_merge_G2A.sort.mpmat         -o ../mpmat_with_block_info/293T-bat_TREAT-YE1-EMX1-PD_rep1_CTRL-Vector-VEGFA-PD_hg38.filtered_SMN-3_SCN-6_SMR-0.1_RPN-1_RTN-2.C2T_merge_G2A.block_info.mpmat         -C ../mpileup_pmat_bmat/293T-bat_Vector-VEGFA-PD_rep1_hg38.MAPQ20.bmat         -T ../mpileup_pmat_bmat/293T-bat_YE1-EMX1-PD_rep1_hg38.MAPQ20.bmat         -r /home/zhaohuanan/zhaohn_HD/2.database/fasta_hg38/hg38_only_chromosome.fa         -p 24         --query_mutation_type CT,GA
        
Submitted job 1 with external jobid '198445'.

[Thu Feb  4 16:54:20 2021]
rule input_bmat____mpmat_block:
    input: ../mpmat_filter_merge/293T-bat_All-VEGFA-PD_rep2_hg38.filtered_SMN-3_SCN-6_SMR-0.1_RPN-1_RTN-2.C2T_merge_G2A.sort.mpmat, ../mpileup_pmat_bmat/293T-bat_Vector-VEGFA-PD_rep2_hg38.MAPQ20.bmat, ../mpileup_pmat_bmat/293T-bat_All-VEGFA-PD_rep2_hg38.MAPQ20.bmat
    output: ../mpmat_with_block_info/293T-bat_TREAT-All-VEGFA-PD_rep2_CTRL-Vector-VEGFA-PD_hg38.filtered_SMN-3_SCN-6_SMR-0.1_RPN-1_RTN-2.C2T_merge_G2A.block_info.mpmat
    jobid: 14
    reason: Missing output files: ../mpmat_with_block_info/293T-bat_TREAT-All-VEGFA-PD_rep2_CTRL-Vector-VEGFA-PD_hg38.filtered_SMN-3_SCN-6_SMR-0.1_RPN-1_RTN-2.C2T_merge_G2A.block_info.mpmat
    wildcards: treat=All-VEGFA-PD, rep=rep2, ctrl=Vector-VEGFA-PD, SMN=3, SCN=6, SMR=0.1, RPN=1, RTN=2, a=C, b=T, c=G, d=A


        /home/zhaohuanan/zhaohn_HD/miniconda3/envs/snakepipes_detect-seq/bin/python ./program/mpmat-block-V02.1.py         -i ../mpmat_filter_merge/293T-bat_All-VEGFA-PD_rep2_hg38.filtered_SMN-3_SCN-6_SMR-0.1_RPN-1_RTN-2.C2T_merge_G2A.sort.mpmat         -o ../mpmat_with_block_info/293T-bat_TREAT-All-VEGFA-PD_rep2_CTRL-Vector-VEGFA-PD_hg38.filtered_SMN-3_SCN-6_SMR-0.1_RPN-1_RTN-2.C2T_merge_G2A.block_info.mpmat         -C ../mpileup_pmat_bmat/293T-bat_Vector-VEGFA-PD_rep2_hg38.MAPQ20.bmat         -T ../mpileup_pmat_bmat/293T-bat_All-VEGFA-PD_rep2_hg38.MAPQ20.bmat         -r /home/zhaohuanan/zhaohn_HD/2.database/fasta_hg38/hg38_only_chromosome.fa         -p 24         --query_mutation_type CT,GA
        
Submitted job 14 with external jobid '198446'.

[Thu Feb  4 16:54:21 2021]
rule input_bmat____mpmat_block:
    input: ../mpmat_filter_merge/293T-bat_YE1-VEGFA-PD_rep1_hg38.filtered_SMN-3_SCN-6_SMR-0.1_RPN-1_RTN-2.C2T_merge_G2A.sort.mpmat, ../mpileup_pmat_bmat/293T-bat_Vector-VEGFA-PD_rep1_hg38.MAPQ20.bmat, ../mpileup_pmat_bmat/293T-bat_YE1-VEGFA-PD_rep1_hg38.MAPQ20.bmat
    output: ../mpmat_with_block_info/293T-bat_TREAT-YE1-VEGFA-PD_rep1_CTRL-Vector-VEGFA-PD_hg38.filtered_SMN-3_SCN-6_SMR-0.1_RPN-1_RTN-2.C2T_merge_G2A.block_info.mpmat
    jobid: 3
    reason: Missing output files: ../mpmat_with_block_info/293T-bat_TREAT-YE1-VEGFA-PD_rep1_CTRL-Vector-VEGFA-PD_hg38.filtered_SMN-3_SCN-6_SMR-0.1_RPN-1_RTN-2.C2T_merge_G2A.block_info.mpmat
    wildcards: treat=YE1-VEGFA-PD, rep=rep1, ctrl=Vector-VEGFA-PD, SMN=3, SCN=6, SMR=0.1, RPN=1, RTN=2, a=C, b=T, c=G, d=A


        /home/zhaohuanan/zhaohn_HD/miniconda3/envs/snakepipes_detect-seq/bin/python ./program/mpmat-block-V02.1.py         -i ../mpmat_filter_merge/293T-bat_YE1-VEGFA-PD_rep1_hg38.filtered_SMN-3_SCN-6_SMR-0.1_RPN-1_RTN-2.C2T_merge_G2A.sort.mpmat         -o ../mpmat_with_block_info/293T-bat_TREAT-YE1-VEGFA-PD_rep1_CTRL-Vector-VEGFA-PD_hg38.filtered_SMN-3_SCN-6_SMR-0.1_RPN-1_RTN-2.C2T_merge_G2A.block_info.mpmat         -C ../mpileup_pmat_bmat/293T-bat_Vector-VEGFA-PD_rep1_hg38.MAPQ20.bmat         -T ../mpileup_pmat_bmat/293T-bat_YE1-VEGFA-PD_rep1_hg38.MAPQ20.bmat         -r /home/zhaohuanan/zhaohn_HD/2.database/fasta_hg38/hg38_only_chromosome.fa         -p 24         --query_mutation_type CT,GA
        
Submitted job 3 with external jobid '198447'.

[Thu Feb  4 16:54:21 2021]
rule input_bmat____mpmat_block:
    input: ../mpmat_filter_merge/293T-bat_33A-VEGFA-PD_rep2_hg38.filtered_SMN-3_SCN-6_SMR-0.1_RPN-1_RTN-2.C2T_merge_G2A.sort.mpmat, ../mpileup_pmat_bmat/293T-bat_Vector-VEGFA-PD_rep2_hg38.MAPQ20.bmat, ../mpileup_pmat_bmat/293T-bat_33A-VEGFA-PD_rep2_hg38.MAPQ20.bmat
    output: ../mpmat_with_block_info/293T-bat_TREAT-33A-VEGFA-PD_rep2_CTRL-Vector-VEGFA-PD_hg38.filtered_SMN-3_SCN-6_SMR-0.1_RPN-1_RTN-2.C2T_merge_G2A.block_info.mpmat
    jobid: 8
    reason: Missing output files: ../mpmat_with_block_info/293T-bat_TREAT-33A-VEGFA-PD_rep2_CTRL-Vector-VEGFA-PD_hg38.filtered_SMN-3_SCN-6_SMR-0.1_RPN-1_RTN-2.C2T_merge_G2A.block_info.mpmat
    wildcards: treat=33A-VEGFA-PD, rep=rep2, ctrl=Vector-VEGFA-PD, SMN=3, SCN=6, SMR=0.1, RPN=1, RTN=2, a=C, b=T, c=G, d=A


        /home/zhaohuanan/zhaohn_HD/miniconda3/envs/snakepipes_detect-seq/bin/python ./program/mpmat-block-V02.1.py         -i ../mpmat_filter_merge/293T-bat_33A-VEGFA-PD_rep2_hg38.filtered_SMN-3_SCN-6_SMR-0.1_RPN-1_RTN-2.C2T_merge_G2A.sort.mpmat         -o ../mpmat_with_block_info/293T-bat_TREAT-33A-VEGFA-PD_rep2_CTRL-Vector-VEGFA-PD_hg38.filtered_SMN-3_SCN-6_SMR-0.1_RPN-1_RTN-2.C2T_merge_G2A.block_info.mpmat         -C ../mpileup_pmat_bmat/293T-bat_Vector-VEGFA-PD_rep2_hg38.MAPQ20.bmat         -T ../mpileup_pmat_bmat/293T-bat_33A-VEGFA-PD_rep2_hg38.MAPQ20.bmat         -r /home/zhaohuanan/zhaohn_HD/2.database/fasta_hg38/hg38_only_chromosome.fa         -p 24         --query_mutation_type CT,GA
        
Submitted job 8 with external jobid '198448'.

[Thu Feb  4 16:54:21 2021]
rule input_bmat____mpmat_block:
    input: ../mpmat_filter_merge/293T-bat_M2-EMX1-PD_rep2_hg38.filtered_SMN-3_SCN-6_SMR-0.1_RPN-1_RTN-2.C2T_merge_G2A.sort.mpmat, ../mpileup_pmat_bmat/293T-bat_Vector-VEGFA-PD_rep2_hg38.MAPQ20.bmat, ../mpileup_pmat_bmat/293T-bat_M2-EMX1-PD_rep2_hg38.MAPQ20.bmat
    output: ../mpmat_with_block_info/293T-bat_TREAT-M2-EMX1-PD_rep2_CTRL-Vector-VEGFA-PD_hg38.filtered_SMN-3_SCN-6_SMR-0.1_RPN-1_RTN-2.C2T_merge_G2A.block_info.mpmat
    jobid: 10
    reason: Missing output files: ../mpmat_with_block_info/293T-bat_TREAT-M2-EMX1-PD_rep2_CTRL-Vector-VEGFA-PD_hg38.filtered_SMN-3_SCN-6_SMR-0.1_RPN-1_RTN-2.C2T_merge_G2A.block_info.mpmat
    wildcards: treat=M2-EMX1-PD, rep=rep2, ctrl=Vector-VEGFA-PD, SMN=3, SCN=6, SMR=0.1, RPN=1, RTN=2, a=C, b=T, c=G, d=A


        /home/zhaohuanan/zhaohn_HD/miniconda3/envs/snakepipes_detect-seq/bin/python ./program/mpmat-block-V02.1.py         -i ../mpmat_filter_merge/293T-bat_M2-EMX1-PD_rep2_hg38.filtered_SMN-3_SCN-6_SMR-0.1_RPN-1_RTN-2.C2T_merge_G2A.sort.mpmat         -o ../mpmat_with_block_info/293T-bat_TREAT-M2-EMX1-PD_rep2_CTRL-Vector-VEGFA-PD_hg38.filtered_SMN-3_SCN-6_SMR-0.1_RPN-1_RTN-2.C2T_merge_G2A.block_info.mpmat         -C ../mpileup_pmat_bmat/293T-bat_Vector-VEGFA-PD_rep2_hg38.MAPQ20.bmat         -T ../mpileup_pmat_bmat/293T-bat_M2-EMX1-PD_rep2_hg38.MAPQ20.bmat         -r /home/zhaohuanan/zhaohn_HD/2.database/fasta_hg38/hg38_only_chromosome.fa         -p 24         --query_mutation_type CT,GA
        
Submitted job 10 with external jobid '198449'.

[Thu Feb  4 16:54:22 2021]
rule input_bmat____mpmat_block:
    input: ../mpmat_filter_merge/293T-bat_All-EMX1-PD_rep1_hg38.filtered_SMN-3_SCN-6_SMR-0.1_RPN-1_RTN-2.C2T_merge_G2A.sort.mpmat, ../mpileup_pmat_bmat/293T-bat_Vector-VEGFA-PD_rep1_hg38.MAPQ20.bmat, ../mpileup_pmat_bmat/293T-bat_All-EMX1-PD_rep1_hg38.MAPQ20.bmat
    output: ../mpmat_with_block_info/293T-bat_TREAT-All-EMX1-PD_rep1_CTRL-Vector-VEGFA-PD_hg38.filtered_SMN-3_SCN-6_SMR-0.1_RPN-1_RTN-2.C2T_merge_G2A.block_info.mpmat
    jobid: 11
    reason: Missing output files: ../mpmat_with_block_info/293T-bat_TREAT-All-EMX1-PD_rep1_CTRL-Vector-VEGFA-PD_hg38.filtered_SMN-3_SCN-6_SMR-0.1_RPN-1_RTN-2.C2T_merge_G2A.block_info.mpmat
    wildcards: treat=All-EMX1-PD, rep=rep1, ctrl=Vector-VEGFA-PD, SMN=3, SCN=6, SMR=0.1, RPN=1, RTN=2, a=C, b=T, c=G, d=A


        /home/zhaohuanan/zhaohn_HD/miniconda3/envs/snakepipes_detect-seq/bin/python ./program/mpmat-block-V02.1.py         -i ../mpmat_filter_merge/293T-bat_All-EMX1-PD_rep1_hg38.filtered_SMN-3_SCN-6_SMR-0.1_RPN-1_RTN-2.C2T_merge_G2A.sort.mpmat         -o ../mpmat_with_block_info/293T-bat_TREAT-All-EMX1-PD_rep1_CTRL-Vector-VEGFA-PD_hg38.filtered_SMN-3_SCN-6_SMR-0.1_RPN-1_RTN-2.C2T_merge_G2A.block_info.mpmat         -C ../mpileup_pmat_bmat/293T-bat_Vector-VEGFA-PD_rep1_hg38.MAPQ20.bmat         -T ../mpileup_pmat_bmat/293T-bat_All-EMX1-PD_rep1_hg38.MAPQ20.bmat         -r /home/zhaohuanan/zhaohn_HD/2.database/fasta_hg38/hg38_only_chromosome.fa         -p 24         --query_mutation_type CT,GA
        
Submitted job 11 with external jobid '198450'.
[Thu Feb  4 16:54:30 2021]
Error in rule input_bmat____mpmat_block:
    jobid: 1
    output: ../mpmat_with_block_info/293T-bat_TREAT-YE1-EMX1-PD_rep1_CTRL-Vector-VEGFA-PD_hg38.filtered_SMN-3_SCN-6_SMR-0.1_RPN-1_RTN-2.C2T_merge_G2A.block_info.mpmat
    shell:
        
        /home/zhaohuanan/zhaohn_HD/miniconda3/envs/snakepipes_detect-seq/bin/python ./program/mpmat-block-V02.1.py         -i ../mpmat_filter_merge/293T-bat_YE1-EMX1-PD_rep1_hg38.filtered_SMN-3_SCN-6_SMR-0.1_RPN-1_RTN-2.C2T_merge_G2A.sort.mpmat         -o ../mpmat_with_block_info/293T-bat_TREAT-YE1-EMX1-PD_rep1_CTRL-Vector-VEGFA-PD_hg38.filtered_SMN-3_SCN-6_SMR-0.1_RPN-1_RTN-2.C2T_merge_G2A.block_info.mpmat         -C ../mpileup_pmat_bmat/293T-bat_Vector-VEGFA-PD_rep1_hg38.MAPQ20.bmat         -T ../mpileup_pmat_bmat/293T-bat_YE1-EMX1-PD_rep1_hg38.MAPQ20.bmat         -r /home/zhaohuanan/zhaohn_HD/2.database/fasta_hg38/hg38_only_chromosome.fa         -p 24         --query_mutation_type CT,GA
        
        (one of the commands exited with non-zero exit code; note that snakemake uses bash strict mode!)
    cluster_jobid: 198445

Error executing rule input_bmat____mpmat_block on cluster (jobid: 1, external: 198445, jobscript: /gpfs/user/zhaohuanan/3.project/2021_CBE_variant_and_GBE_topic/20210202_DetectSeq_M2-YE1-33A-call-points_sgRNA-EMX1-VEGFA_redo/snakepipes_Detect-seq/.snakemake/tmp.st_r8n7j/snakejob.input_bmat____mpmat_block.1.sh). For error details see the cluster log and the log files of the involved rule(s).
Trying to restart job 1.

[Thu Feb  4 16:54:30 2021]
rule input_bmat____mpmat_block:
    input: ../mpmat_filter_merge/293T-bat_YE1-EMX1-PD_rep2_hg38.filtered_SMN-3_SCN-6_SMR-0.1_RPN-1_RTN-2.C2T_merge_G2A.sort.mpmat, ../mpileup_pmat_bmat/293T-bat_Vector-VEGFA-PD_rep2_hg38.MAPQ20.bmat, ../mpileup_pmat_bmat/293T-bat_YE1-EMX1-PD_rep2_hg38.MAPQ20.bmat
    output: ../mpmat_with_block_info/293T-bat_TREAT-YE1-EMX1-PD_rep2_CTRL-Vector-VEGFA-PD_hg38.filtered_SMN-3_SCN-6_SMR-0.1_RPN-1_RTN-2.C2T_merge_G2A.block_info.mpmat
    jobid: 2
    reason: Missing output files: ../mpmat_with_block_info/293T-bat_TREAT-YE1-EMX1-PD_rep2_CTRL-Vector-VEGFA-PD_hg38.filtered_SMN-3_SCN-6_SMR-0.1_RPN-1_RTN-2.C2T_merge_G2A.block_info.mpmat
    wildcards: treat=YE1-EMX1-PD, rep=rep2, ctrl=Vector-VEGFA-PD, SMN=3, SCN=6, SMR=0.1, RPN=1, RTN=2, a=C, b=T, c=G, d=A


        /home/zhaohuanan/zhaohn_HD/miniconda3/envs/snakepipes_detect-seq/bin/python ./program/mpmat-block-V02.1.py         -i ../mpmat_filter_merge/293T-bat_YE1-EMX1-PD_rep2_hg38.filtered_SMN-3_SCN-6_SMR-0.1_RPN-1_RTN-2.C2T_merge_G2A.sort.mpmat         -o ../mpmat_with_block_info/293T-bat_TREAT-YE1-EMX1-PD_rep2_CTRL-Vector-VEGFA-PD_hg38.filtered_SMN-3_SCN-6_SMR-0.1_RPN-1_RTN-2.C2T_merge_G2A.block_info.mpmat         -C ../mpileup_pmat_bmat/293T-bat_Vector-VEGFA-PD_rep2_hg38.MAPQ20.bmat         -T ../mpileup_pmat_bmat/293T-bat_YE1-EMX1-PD_rep2_hg38.MAPQ20.bmat         -r /home/zhaohuanan/zhaohn_HD/2.database/fasta_hg38/hg38_only_chromosome.fa         -p 24         --query_mutation_type CT,GA
        
[Thu Feb  4 16:54:30 2021]
Error in rule input_bmat____mpmat_block:
    jobid: 14
    output: ../mpmat_with_block_info/293T-bat_TREAT-All-VEGFA-PD_rep2_CTRL-Vector-VEGFA-PD_hg38.filtered_SMN-3_SCN-6_SMR-0.1_RPN-1_RTN-2.C2T_merge_G2A.block_info.mpmat
    shell:
        
        /home/zhaohuanan/zhaohn_HD/miniconda3/envs/snakepipes_detect-seq/bin/python ./program/mpmat-block-V02.1.py         -i ../mpmat_filter_merge/293T-bat_All-VEGFA-PD_rep2_hg38.filtered_SMN-3_SCN-6_SMR-0.1_RPN-1_RTN-2.C2T_merge_G2A.sort.mpmat         -o ../mpmat_with_block_info/293T-bat_TREAT-All-VEGFA-PD_rep2_CTRL-Vector-VEGFA-PD_hg38.filtered_SMN-3_SCN-6_SMR-0.1_RPN-1_RTN-2.C2T_merge_G2A.block_info.mpmat         -C ../mpileup_pmat_bmat/293T-bat_Vector-VEGFA-PD_rep2_hg38.MAPQ20.bmat         -T ../mpileup_pmat_bmat/293T-bat_All-VEGFA-PD_rep2_hg38.MAPQ20.bmat         -r /home/zhaohuanan/zhaohn_HD/2.database/fasta_hg38/hg38_only_chromosome.fa         -p 24         --query_mutation_type CT,GA
        
        (one of the commands exited with non-zero exit code; note that snakemake uses bash strict mode!)
    cluster_jobid: 198446

Error executing rule input_bmat____mpmat_block on cluster (jobid: 14, external: 198446, jobscript: /gpfs/user/zhaohuanan/3.project/2021_CBE_variant_and_GBE_topic/20210202_DetectSeq_M2-YE1-33A-call-points_sgRNA-EMX1-VEGFA_redo/snakepipes_Detect-seq/.snakemake/tmp.st_r8n7j/snakejob.input_bmat____mpmat_block.14.sh). For error details see the cluster log and the log files of the involved rule(s).
Trying to restart job 14.
Submitted job 2 with external jobid '198451'.

[Thu Feb  4 16:54:30 2021]
rule input_bmat____mpmat_block:
    input: ../mpmat_filter_merge/293T-bat_33A-EMX1-PD_rep2_hg38.filtered_SMN-3_SCN-6_SMR-0.1_RPN-1_RTN-2.C2T_merge_G2A.sort.mpmat, ../mpileup_pmat_bmat/293T-bat_Vector-VEGFA-PD_rep2_hg38.MAPQ20.bmat, ../mpileup_pmat_bmat/293T-bat_33A-EMX1-PD_rep2_hg38.MAPQ20.bmat
    output: ../mpmat_with_block_info/293T-bat_TREAT-33A-EMX1-PD_rep2_CTRL-Vector-VEGFA-PD_hg38.filtered_SMN-3_SCN-6_SMR-0.1_RPN-1_RTN-2.C2T_merge_G2A.block_info.mpmat
    jobid: 6
    reason: Missing output files: ../mpmat_with_block_info/293T-bat_TREAT-33A-EMX1-PD_rep2_CTRL-Vector-VEGFA-PD_hg38.filtered_SMN-3_SCN-6_SMR-0.1_RPN-1_RTN-2.C2T_merge_G2A.block_info.mpmat
    wildcards: treat=33A-EMX1-PD, rep=rep2, ctrl=Vector-VEGFA-PD, SMN=3, SCN=6, SMR=0.1, RPN=1, RTN=2, a=C, b=T, c=G, d=A


        /home/zhaohuanan/zhaohn_HD/miniconda3/envs/snakepipes_detect-seq/bin/python ./program/mpmat-block-V02.1.py         -i ../mpmat_filter_merge/293T-bat_33A-EMX1-PD_rep2_hg38.filtered_SMN-3_SCN-6_SMR-0.1_RPN-1_RTN-2.C2T_merge_G2A.sort.mpmat         -o ../mpmat_with_block_info/293T-bat_TREAT-33A-EMX1-PD_rep2_CTRL-Vector-VEGFA-PD_hg38.filtered_SMN-3_SCN-6_SMR-0.1_RPN-1_RTN-2.C2T_merge_G2A.block_info.mpmat         -C ../mpileup_pmat_bmat/293T-bat_Vector-VEGFA-PD_rep2_hg38.MAPQ20.bmat         -T ../mpileup_pmat_bmat/293T-bat_33A-EMX1-PD_rep2_hg38.MAPQ20.bmat         -r /home/zhaohuanan/zhaohn_HD/2.database/fasta_hg38/hg38_only_chromosome.fa         -p 24         --query_mutation_type CT,GA
        
[Thu Feb  4 16:54:30 2021]
Error in rule input_bmat____mpmat_block:
    jobid: 3
    output: ../mpmat_with_block_info/293T-bat_TREAT-YE1-VEGFA-PD_rep1_CTRL-Vector-VEGFA-PD_hg38.filtered_SMN-3_SCN-6_SMR-0.1_RPN-1_RTN-2.C2T_merge_G2A.block_info.mpmat
    shell:
        
        /home/zhaohuanan/zhaohn_HD/miniconda3/envs/snakepipes_detect-seq/bin/python ./program/mpmat-block-V02.1.py         -i ../mpmat_filter_merge/293T-bat_YE1-VEGFA-PD_rep1_hg38.filtered_SMN-3_SCN-6_SMR-0.1_RPN-1_RTN-2.C2T_merge_G2A.sort.mpmat         -o ../mpmat_with_block_info/293T-bat_TREAT-YE1-VEGFA-PD_rep1_CTRL-Vector-VEGFA-PD_hg38.filtered_SMN-3_SCN-6_SMR-0.1_RPN-1_RTN-2.C2T_merge_G2A.block_info.mpmat         -C ../mpileup_pmat_bmat/293T-bat_Vector-VEGFA-PD_rep1_hg38.MAPQ20.bmat         -T ../mpileup_pmat_bmat/293T-bat_YE1-VEGFA-PD_rep1_hg38.MAPQ20.bmat         -r /home/zhaohuanan/zhaohn_HD/2.database/fasta_hg38/hg38_only_chromosome.fa         -p 24         --query_mutation_type CT,GA
        
        (one of the commands exited with non-zero exit code; note that snakemake uses bash strict mode!)
    cluster_jobid: 198447

Error executing rule input_bmat____mpmat_block on cluster (jobid: 3, external: 198447, jobscript: /gpfs/user/zhaohuanan/3.project/2021_CBE_variant_and_GBE_topic/20210202_DetectSeq_M2-YE1-33A-call-points_sgRNA-EMX1-VEGFA_redo/snakepipes_Detect-seq/.snakemake/tmp.st_r8n7j/snakejob.input_bmat____mpmat_block.3.sh). For error details see the cluster log and the log files of the involved rule(s).
Trying to restart job 3.
[Thu Feb  4 16:54:31 2021]
Error in rule input_bmat____mpmat_block:
    jobid: 8
    output: ../mpmat_with_block_info/293T-bat_TREAT-33A-VEGFA-PD_rep2_CTRL-Vector-VEGFA-PD_hg38.filtered_SMN-3_SCN-6_SMR-0.1_RPN-1_RTN-2.C2T_merge_G2A.block_info.mpmat
    shell:
        
        /home/zhaohuanan/zhaohn_HD/miniconda3/envs/snakepipes_detect-seq/bin/python ./program/mpmat-block-V02.1.py         -i ../mpmat_filter_merge/293T-bat_33A-VEGFA-PD_rep2_hg38.filtered_SMN-3_SCN-6_SMR-0.1_RPN-1_RTN-2.C2T_merge_G2A.sort.mpmat         -o ../mpmat_with_block_info/293T-bat_TREAT-33A-VEGFA-PD_rep2_CTRL-Vector-VEGFA-PD_hg38.filtered_SMN-3_SCN-6_SMR-0.1_RPN-1_RTN-2.C2T_merge_G2A.block_info.mpmat         -C ../mpileup_pmat_bmat/293T-bat_Vector-VEGFA-PD_rep2_hg38.MAPQ20.bmat         -T ../mpileup_pmat_bmat/293T-bat_33A-VEGFA-PD_rep2_hg38.MAPQ20.bmat         -r /home/zhaohuanan/zhaohn_HD/2.database/fasta_hg38/hg38_only_chromosome.fa         -p 24         --query_mutation_type CT,GA
        
        (one of the commands exited with non-zero exit code; note that snakemake uses bash strict mode!)
    cluster_jobid: 198448

Error executing rule input_bmat____mpmat_block on cluster (jobid: 8, external: 198448, jobscript: /gpfs/user/zhaohuanan/3.project/2021_CBE_variant_and_GBE_topic/20210202_DetectSeq_M2-YE1-33A-call-points_sgRNA-EMX1-VEGFA_redo/snakepipes_Detect-seq/.snakemake/tmp.st_r8n7j/snakejob.input_bmat____mpmat_block.8.sh). For error details see the cluster log and the log files of the involved rule(s).
Trying to restart job 8.
Submitted job 6 with external jobid '198452'.

[Thu Feb  4 16:54:31 2021]
rule input_bmat____mpmat_block:
    input: ../mpmat_filter_merge/293T-bat_YE1-EMX1-PD_rep1_hg38.filtered_SMN-3_SCN-6_SMR-0.1_RPN-1_RTN-2.C2T_merge_G2A.sort.mpmat, ../mpileup_pmat_bmat/293T-bat_Vector-VEGFA-PD_rep1_hg38.MAPQ20.bmat, ../mpileup_pmat_bmat/293T-bat_YE1-EMX1-PD_rep1_hg38.MAPQ20.bmat
    output: ../mpmat_with_block_info/293T-bat_TREAT-YE1-EMX1-PD_rep1_CTRL-Vector-VEGFA-PD_hg38.filtered_SMN-3_SCN-6_SMR-0.1_RPN-1_RTN-2.C2T_merge_G2A.block_info.mpmat
    jobid: 1
    reason: Missing output files: ../mpmat_with_block_info/293T-bat_TREAT-YE1-EMX1-PD_rep1_CTRL-Vector-VEGFA-PD_hg38.filtered_SMN-3_SCN-6_SMR-0.1_RPN-1_RTN-2.C2T_merge_G2A.block_info.mpmat
    wildcards: treat=YE1-EMX1-PD, rep=rep1, ctrl=Vector-VEGFA-PD, SMN=3, SCN=6, SMR=0.1, RPN=1, RTN=2, a=C, b=T, c=G, d=A


        /home/zhaohuanan/zhaohn_HD/miniconda3/envs/snakepipes_detect-seq/bin/python ./program/mpmat-block-V02.1.py         -i ../mpmat_filter_merge/293T-bat_YE1-EMX1-PD_rep1_hg38.filtered_SMN-3_SCN-6_SMR-0.1_RPN-1_RTN-2.C2T_merge_G2A.sort.mpmat         -o ../mpmat_with_block_info/293T-bat_TREAT-YE1-EMX1-PD_rep1_CTRL-Vector-VEGFA-PD_hg38.filtered_SMN-3_SCN-6_SMR-0.1_RPN-1_RTN-2.C2T_merge_G2A.block_info.mpmat         -C ../mpileup_pmat_bmat/293T-bat_Vector-VEGFA-PD_rep1_hg38.MAPQ20.bmat         -T ../mpileup_pmat_bmat/293T-bat_YE1-EMX1-PD_rep1_hg38.MAPQ20.bmat         -r /home/zhaohuanan/zhaohn_HD/2.database/fasta_hg38/hg38_only_chromosome.fa         -p 24         --query_mutation_type CT,GA
        
[Thu Feb  4 16:54:31 2021]
Error in rule input_bmat____mpmat_block:
    jobid: 10
    output: ../mpmat_with_block_info/293T-bat_TREAT-M2-EMX1-PD_rep2_CTRL-Vector-VEGFA-PD_hg38.filtered_SMN-3_SCN-6_SMR-0.1_RPN-1_RTN-2.C2T_merge_G2A.block_info.mpmat
    shell:
        
        /home/zhaohuanan/zhaohn_HD/miniconda3/envs/snakepipes_detect-seq/bin/python ./program/mpmat-block-V02.1.py         -i ../mpmat_filter_merge/293T-bat_M2-EMX1-PD_rep2_hg38.filtered_SMN-3_SCN-6_SMR-0.1_RPN-1_RTN-2.C2T_merge_G2A.sort.mpmat         -o ../mpmat_with_block_info/293T-bat_TREAT-M2-EMX1-PD_rep2_CTRL-Vector-VEGFA-PD_hg38.filtered_SMN-3_SCN-6_SMR-0.1_RPN-1_RTN-2.C2T_merge_G2A.block_info.mpmat         -C ../mpileup_pmat_bmat/293T-bat_Vector-VEGFA-PD_rep2_hg38.MAPQ20.bmat         -T ../mpileup_pmat_bmat/293T-bat_M2-EMX1-PD_rep2_hg38.MAPQ20.bmat         -r /home/zhaohuanan/zhaohn_HD/2.database/fasta_hg38/hg38_only_chromosome.fa         -p 24         --query_mutation_type CT,GA
        
        (one of the commands exited with non-zero exit code; note that snakemake uses bash strict mode!)
    cluster_jobid: 198449

Error executing rule input_bmat____mpmat_block on cluster (jobid: 10, external: 198449, jobscript: /gpfs/user/zhaohuanan/3.project/2021_CBE_variant_and_GBE_topic/20210202_DetectSeq_M2-YE1-33A-call-points_sgRNA-EMX1-VEGFA_redo/snakepipes_Detect-seq/.snakemake/tmp.st_r8n7j/snakejob.input_bmat____mpmat_block.10.sh). For error details see the cluster log and the log files of the involved rule(s).
Trying to restart job 10.
Submitted job 1 with external jobid '198453'.

[Thu Feb  4 16:54:31 2021]
rule input_bmat____mpmat_block:
    input: ../mpmat_filter_merge/293T-bat_All-VEGFA-PD_rep2_hg38.filtered_SMN-3_SCN-6_SMR-0.1_RPN-1_RTN-2.C2T_merge_G2A.sort.mpmat, ../mpileup_pmat_bmat/293T-bat_Vector-VEGFA-PD_rep2_hg38.MAPQ20.bmat, ../mpileup_pmat_bmat/293T-bat_All-VEGFA-PD_rep2_hg38.MAPQ20.bmat
    output: ../mpmat_with_block_info/293T-bat_TREAT-All-VEGFA-PD_rep2_CTRL-Vector-VEGFA-PD_hg38.filtered_SMN-3_SCN-6_SMR-0.1_RPN-1_RTN-2.C2T_merge_G2A.block_info.mpmat
    jobid: 14
    reason: Missing output files: ../mpmat_with_block_info/293T-bat_TREAT-All-VEGFA-PD_rep2_CTRL-Vector-VEGFA-PD_hg38.filtered_SMN-3_SCN-6_SMR-0.1_RPN-1_RTN-2.C2T_merge_G2A.block_info.mpmat
    wildcards: treat=All-VEGFA-PD, rep=rep2, ctrl=Vector-VEGFA-PD, SMN=3, SCN=6, SMR=0.1, RPN=1, RTN=2, a=C, b=T, c=G, d=A


        /home/zhaohuanan/zhaohn_HD/miniconda3/envs/snakepipes_detect-seq/bin/python ./program/mpmat-block-V02.1.py         -i ../mpmat_filter_merge/293T-bat_All-VEGFA-PD_rep2_hg38.filtered_SMN-3_SCN-6_SMR-0.1_RPN-1_RTN-2.C2T_merge_G2A.sort.mpmat         -o ../mpmat_with_block_info/293T-bat_TREAT-All-VEGFA-PD_rep2_CTRL-Vector-VEGFA-PD_hg38.filtered_SMN-3_SCN-6_SMR-0.1_RPN-1_RTN-2.C2T_merge_G2A.block_info.mpmat         -C ../mpileup_pmat_bmat/293T-bat_Vector-VEGFA-PD_rep2_hg38.MAPQ20.bmat         -T ../mpileup_pmat_bmat/293T-bat_All-VEGFA-PD_rep2_hg38.MAPQ20.bmat         -r /home/zhaohuanan/zhaohn_HD/2.database/fasta_hg38/hg38_only_chromosome.fa         -p 24         --query_mutation_type CT,GA
        
Submitted job 14 with external jobid '198454'.

[Thu Feb  4 16:54:31 2021]
rule input_bmat____mpmat_block:
    input: ../mpmat_filter_merge/293T-bat_YE1-VEGFA-PD_rep1_hg38.filtered_SMN-3_SCN-6_SMR-0.1_RPN-1_RTN-2.C2T_merge_G2A.sort.mpmat, ../mpileup_pmat_bmat/293T-bat_Vector-VEGFA-PD_rep1_hg38.MAPQ20.bmat, ../mpileup_pmat_bmat/293T-bat_YE1-VEGFA-PD_rep1_hg38.MAPQ20.bmat
    output: ../mpmat_with_block_info/293T-bat_TREAT-YE1-VEGFA-PD_rep1_CTRL-Vector-VEGFA-PD_hg38.filtered_SMN-3_SCN-6_SMR-0.1_RPN-1_RTN-2.C2T_merge_G2A.block_info.mpmat
    jobid: 3
    reason: Missing output files: ../mpmat_with_block_info/293T-bat_TREAT-YE1-VEGFA-PD_rep1_CTRL-Vector-VEGFA-PD_hg38.filtered_SMN-3_SCN-6_SMR-0.1_RPN-1_RTN-2.C2T_merge_G2A.block_info.mpmat
    wildcards: treat=YE1-VEGFA-PD, rep=rep1, ctrl=Vector-VEGFA-PD, SMN=3, SCN=6, SMR=0.1, RPN=1, RTN=2, a=C, b=T, c=G, d=A


        /home/zhaohuanan/zhaohn_HD/miniconda3/envs/snakepipes_detect-seq/bin/python ./program/mpmat-block-V02.1.py         -i ../mpmat_filter_merge/293T-bat_YE1-VEGFA-PD_rep1_hg38.filtered_SMN-3_SCN-6_SMR-0.1_RPN-1_RTN-2.C2T_merge_G2A.sort.mpmat         -o ../mpmat_with_block_info/293T-bat_TREAT-YE1-VEGFA-PD_rep1_CTRL-Vector-VEGFA-PD_hg38.filtered_SMN-3_SCN-6_SMR-0.1_RPN-1_RTN-2.C2T_merge_G2A.block_info.mpmat         -C ../mpileup_pmat_bmat/293T-bat_Vector-VEGFA-PD_rep1_hg38.MAPQ20.bmat         -T ../mpileup_pmat_bmat/293T-bat_YE1-VEGFA-PD_rep1_hg38.MAPQ20.bmat         -r /home/zhaohuanan/zhaohn_HD/2.database/fasta_hg38/hg38_only_chromosome.fa         -p 24         --query_mutation_type CT,GA
        
Submitted job 3 with external jobid '198455'.
[Thu Feb  4 16:54:41 2021]
Error in rule input_bmat____mpmat_block:
    jobid: 2
    output: ../mpmat_with_block_info/293T-bat_TREAT-YE1-EMX1-PD_rep2_CTRL-Vector-VEGFA-PD_hg38.filtered_SMN-3_SCN-6_SMR-0.1_RPN-1_RTN-2.C2T_merge_G2A.block_info.mpmat
    shell:
        
        /home/zhaohuanan/zhaohn_HD/miniconda3/envs/snakepipes_detect-seq/bin/python ./program/mpmat-block-V02.1.py         -i ../mpmat_filter_merge/293T-bat_YE1-EMX1-PD_rep2_hg38.filtered_SMN-3_SCN-6_SMR-0.1_RPN-1_RTN-2.C2T_merge_G2A.sort.mpmat         -o ../mpmat_with_block_info/293T-bat_TREAT-YE1-EMX1-PD_rep2_CTRL-Vector-VEGFA-PD_hg38.filtered_SMN-3_SCN-6_SMR-0.1_RPN-1_RTN-2.C2T_merge_G2A.block_info.mpmat         -C ../mpileup_pmat_bmat/293T-bat_Vector-VEGFA-PD_rep2_hg38.MAPQ20.bmat         -T ../mpileup_pmat_bmat/293T-bat_YE1-EMX1-PD_rep2_hg38.MAPQ20.bmat         -r /home/zhaohuanan/zhaohn_HD/2.database/fasta_hg38/hg38_only_chromosome.fa         -p 24         --query_mutation_type CT,GA
        
        (one of the commands exited with non-zero exit code; note that snakemake uses bash strict mode!)
    cluster_jobid: 198451

Error executing rule input_bmat____mpmat_block on cluster (jobid: 2, external: 198451, jobscript: /gpfs/user/zhaohuanan/3.project/2021_CBE_variant_and_GBE_topic/20210202_DetectSeq_M2-YE1-33A-call-points_sgRNA-EMX1-VEGFA_redo/snakepipes_Detect-seq/.snakemake/tmp.st_r8n7j/snakejob.input_bmat____mpmat_block.2.sh). For error details see the cluster log and the log files of the involved rule(s).
Trying to restart job 2.

[Thu Feb  4 16:54:41 2021]
rule input_bmat____mpmat_block:
    input: ../mpmat_filter_merge/293T-bat_YE1-EMX1-PD_rep2_hg38.filtered_SMN-3_SCN-6_SMR-0.1_RPN-1_RTN-2.C2T_merge_G2A.sort.mpmat, ../mpileup_pmat_bmat/293T-bat_Vector-VEGFA-PD_rep2_hg38.MAPQ20.bmat, ../mpileup_pmat_bmat/293T-bat_YE1-EMX1-PD_rep2_hg38.MAPQ20.bmat
    output: ../mpmat_with_block_info/293T-bat_TREAT-YE1-EMX1-PD_rep2_CTRL-Vector-VEGFA-PD_hg38.filtered_SMN-3_SCN-6_SMR-0.1_RPN-1_RTN-2.C2T_merge_G2A.block_info.mpmat
    jobid: 2
    reason: Missing output files: ../mpmat_with_block_info/293T-bat_TREAT-YE1-EMX1-PD_rep2_CTRL-Vector-VEGFA-PD_hg38.filtered_SMN-3_SCN-6_SMR-0.1_RPN-1_RTN-2.C2T_merge_G2A.block_info.mpmat
    wildcards: treat=YE1-EMX1-PD, rep=rep2, ctrl=Vector-VEGFA-PD, SMN=3, SCN=6, SMR=0.1, RPN=1, RTN=2, a=C, b=T, c=G, d=A


        /home/zhaohuanan/zhaohn_HD/miniconda3/envs/snakepipes_detect-seq/bin/python ./program/mpmat-block-V02.1.py         -i ../mpmat_filter_merge/293T-bat_YE1-EMX1-PD_rep2_hg38.filtered_SMN-3_SCN-6_SMR-0.1_RPN-1_RTN-2.C2T_merge_G2A.sort.mpmat         -o ../mpmat_with_block_info/293T-bat_TREAT-YE1-EMX1-PD_rep2_CTRL-Vector-VEGFA-PD_hg38.filtered_SMN-3_SCN-6_SMR-0.1_RPN-1_RTN-2.C2T_merge_G2A.block_info.mpmat         -C ../mpileup_pmat_bmat/293T-bat_Vector-VEGFA-PD_rep2_hg38.MAPQ20.bmat         -T ../mpileup_pmat_bmat/293T-bat_YE1-EMX1-PD_rep2_hg38.MAPQ20.bmat         -r /home/zhaohuanan/zhaohn_HD/2.database/fasta_hg38/hg38_only_chromosome.fa         -p 24         --query_mutation_type CT,GA
        
[Thu Feb  4 16:54:41 2021]
Error in rule input_bmat____mpmat_block:
    jobid: 6
    output: ../mpmat_with_block_info/293T-bat_TREAT-33A-EMX1-PD_rep2_CTRL-Vector-VEGFA-PD_hg38.filtered_SMN-3_SCN-6_SMR-0.1_RPN-1_RTN-2.C2T_merge_G2A.block_info.mpmat
    shell:
        
        /home/zhaohuanan/zhaohn_HD/miniconda3/envs/snakepipes_detect-seq/bin/python ./program/mpmat-block-V02.1.py         -i ../mpmat_filter_merge/293T-bat_33A-EMX1-PD_rep2_hg38.filtered_SMN-3_SCN-6_SMR-0.1_RPN-1_RTN-2.C2T_merge_G2A.sort.mpmat         -o ../mpmat_with_block_info/293T-bat_TREAT-33A-EMX1-PD_rep2_CTRL-Vector-VEGFA-PD_hg38.filtered_SMN-3_SCN-6_SMR-0.1_RPN-1_RTN-2.C2T_merge_G2A.block_info.mpmat         -C ../mpileup_pmat_bmat/293T-bat_Vector-VEGFA-PD_rep2_hg38.MAPQ20.bmat         -T ../mpileup_pmat_bmat/293T-bat_33A-EMX1-PD_rep2_hg38.MAPQ20.bmat         -r /home/zhaohuanan/zhaohn_HD/2.database/fasta_hg38/hg38_only_chromosome.fa         -p 24         --query_mutation_type CT,GA
        
        (one of the commands exited with non-zero exit code; note that snakemake uses bash strict mode!)
    cluster_jobid: 198452

Error executing rule input_bmat____mpmat_block on cluster (jobid: 6, external: 198452, jobscript: /gpfs/user/zhaohuanan/3.project/2021_CBE_variant_and_GBE_topic/20210202_DetectSeq_M2-YE1-33A-call-points_sgRNA-EMX1-VEGFA_redo/snakepipes_Detect-seq/.snakemake/tmp.st_r8n7j/snakejob.input_bmat____mpmat_block.6.sh). For error details see the cluster log and the log files of the involved rule(s).
Trying to restart job 6.
Submitted job 2 with external jobid '198456'.

[Thu Feb  4 16:54:42 2021]
rule input_bmat____mpmat_block:
    input: ../mpmat_filter_merge/293T-bat_33A-EMX1-PD_rep2_hg38.filtered_SMN-3_SCN-6_SMR-0.1_RPN-1_RTN-2.C2T_merge_G2A.sort.mpmat, ../mpileup_pmat_bmat/293T-bat_Vector-VEGFA-PD_rep2_hg38.MAPQ20.bmat, ../mpileup_pmat_bmat/293T-bat_33A-EMX1-PD_rep2_hg38.MAPQ20.bmat
    output: ../mpmat_with_block_info/293T-bat_TREAT-33A-EMX1-PD_rep2_CTRL-Vector-VEGFA-PD_hg38.filtered_SMN-3_SCN-6_SMR-0.1_RPN-1_RTN-2.C2T_merge_G2A.block_info.mpmat
    jobid: 6
    reason: Missing output files: ../mpmat_with_block_info/293T-bat_TREAT-33A-EMX1-PD_rep2_CTRL-Vector-VEGFA-PD_hg38.filtered_SMN-3_SCN-6_SMR-0.1_RPN-1_RTN-2.C2T_merge_G2A.block_info.mpmat
    wildcards: treat=33A-EMX1-PD, rep=rep2, ctrl=Vector-VEGFA-PD, SMN=3, SCN=6, SMR=0.1, RPN=1, RTN=2, a=C, b=T, c=G, d=A


        /home/zhaohuanan/zhaohn_HD/miniconda3/envs/snakepipes_detect-seq/bin/python ./program/mpmat-block-V02.1.py         -i ../mpmat_filter_merge/293T-bat_33A-EMX1-PD_rep2_hg38.filtered_SMN-3_SCN-6_SMR-0.1_RPN-1_RTN-2.C2T_merge_G2A.sort.mpmat         -o ../mpmat_with_block_info/293T-bat_TREAT-33A-EMX1-PD_rep2_CTRL-Vector-VEGFA-PD_hg38.filtered_SMN-3_SCN-6_SMR-0.1_RPN-1_RTN-2.C2T_merge_G2A.block_info.mpmat         -C ../mpileup_pmat_bmat/293T-bat_Vector-VEGFA-PD_rep2_hg38.MAPQ20.bmat         -T ../mpileup_pmat_bmat/293T-bat_33A-EMX1-PD_rep2_hg38.MAPQ20.bmat         -r /home/zhaohuanan/zhaohn_HD/2.database/fasta_hg38/hg38_only_chromosome.fa         -p 24         --query_mutation_type CT,GA
        
[Thu Feb  4 16:54:42 2021]
Error in rule input_bmat____mpmat_block:
    jobid: 11
    output: ../mpmat_with_block_info/293T-bat_TREAT-All-EMX1-PD_rep1_CTRL-Vector-VEGFA-PD_hg38.filtered_SMN-3_SCN-6_SMR-0.1_RPN-1_RTN-2.C2T_merge_G2A.block_info.mpmat
    shell:
        
        /home/zhaohuanan/zhaohn_HD/miniconda3/envs/snakepipes_detect-seq/bin/python ./program/mpmat-block-V02.1.py         -i ../mpmat_filter_merge/293T-bat_All-EMX1-PD_rep1_hg38.filtered_SMN-3_SCN-6_SMR-0.1_RPN-1_RTN-2.C2T_merge_G2A.sort.mpmat         -o ../mpmat_with_block_info/293T-bat_TREAT-All-EMX1-PD_rep1_CTRL-Vector-VEGFA-PD_hg38.filtered_SMN-3_SCN-6_SMR-0.1_RPN-1_RTN-2.C2T_merge_G2A.block_info.mpmat         -C ../mpileup_pmat_bmat/293T-bat_Vector-VEGFA-PD_rep1_hg38.MAPQ20.bmat         -T ../mpileup_pmat_bmat/293T-bat_All-EMX1-PD_rep1_hg38.MAPQ20.bmat         -r /home/zhaohuanan/zhaohn_HD/2.database/fasta_hg38/hg38_only_chromosome.fa         -p 24         --query_mutation_type CT,GA
        
        (one of the commands exited with non-zero exit code; note that snakemake uses bash strict mode!)
    cluster_jobid: 198450

Error executing rule input_bmat____mpmat_block on cluster (jobid: 11, external: 198450, jobscript: /gpfs/user/zhaohuanan/3.project/2021_CBE_variant_and_GBE_topic/20210202_DetectSeq_M2-YE1-33A-call-points_sgRNA-EMX1-VEGFA_redo/snakepipes_Detect-seq/.snakemake/tmp.st_r8n7j/snakejob.input_bmat____mpmat_block.11.sh). For error details see the cluster log and the log files of the involved rule(s).
Trying to restart job 11.
[Thu Feb  4 16:54:42 2021]
Error in rule input_bmat____mpmat_block:
    jobid: 1
    output: ../mpmat_with_block_info/293T-bat_TREAT-YE1-EMX1-PD_rep1_CTRL-Vector-VEGFA-PD_hg38.filtered_SMN-3_SCN-6_SMR-0.1_RPN-1_RTN-2.C2T_merge_G2A.block_info.mpmat
    shell:
        
        /home/zhaohuanan/zhaohn_HD/miniconda3/envs/snakepipes_detect-seq/bin/python ./program/mpmat-block-V02.1.py         -i ../mpmat_filter_merge/293T-bat_YE1-EMX1-PD_rep1_hg38.filtered_SMN-3_SCN-6_SMR-0.1_RPN-1_RTN-2.C2T_merge_G2A.sort.mpmat         -o ../mpmat_with_block_info/293T-bat_TREAT-YE1-EMX1-PD_rep1_CTRL-Vector-VEGFA-PD_hg38.filtered_SMN-3_SCN-6_SMR-0.1_RPN-1_RTN-2.C2T_merge_G2A.block_info.mpmat         -C ../mpileup_pmat_bmat/293T-bat_Vector-VEGFA-PD_rep1_hg38.MAPQ20.bmat         -T ../mpileup_pmat_bmat/293T-bat_YE1-EMX1-PD_rep1_hg38.MAPQ20.bmat         -r /home/zhaohuanan/zhaohn_HD/2.database/fasta_hg38/hg38_only_chromosome.fa         -p 24         --query_mutation_type CT,GA
        
        (one of the commands exited with non-zero exit code; note that snakemake uses bash strict mode!)
    cluster_jobid: 198453

Error executing rule input_bmat____mpmat_block on cluster (jobid: 1, external: 198453, jobscript: /gpfs/user/zhaohuanan/3.project/2021_CBE_variant_and_GBE_topic/20210202_DetectSeq_M2-YE1-33A-call-points_sgRNA-EMX1-VEGFA_redo/snakepipes_Detect-seq/.snakemake/tmp.st_r8n7j/snakejob.input_bmat____mpmat_block.1.sh). For error details see the cluster log and the log files of the involved rule(s).
Trying to restart job 1.
Submitted job 6 with external jobid '198457'.

[Thu Feb  4 16:54:42 2021]
rule input_bmat____mpmat_block:
    input: ../mpmat_filter_merge/293T-bat_All-EMX1-PD_rep2_hg38.filtered_SMN-3_SCN-6_SMR-0.1_RPN-1_RTN-2.C2T_merge_G2A.sort.mpmat, ../mpileup_pmat_bmat/293T-bat_Vector-VEGFA-PD_rep2_hg38.MAPQ20.bmat, ../mpileup_pmat_bmat/293T-bat_All-EMX1-PD_rep2_hg38.MAPQ20.bmat
    output: ../mpmat_with_block_info/293T-bat_TREAT-All-EMX1-PD_rep2_CTRL-Vector-VEGFA-PD_hg38.filtered_SMN-3_SCN-6_SMR-0.1_RPN-1_RTN-2.C2T_merge_G2A.block_info.mpmat
    jobid: 12
    reason: Missing output files: ../mpmat_with_block_info/293T-bat_TREAT-All-EMX1-PD_rep2_CTRL-Vector-VEGFA-PD_hg38.filtered_SMN-3_SCN-6_SMR-0.1_RPN-1_RTN-2.C2T_merge_G2A.block_info.mpmat
    wildcards: treat=All-EMX1-PD, rep=rep2, ctrl=Vector-VEGFA-PD, SMN=3, SCN=6, SMR=0.1, RPN=1, RTN=2, a=C, b=T, c=G, d=A


        /home/zhaohuanan/zhaohn_HD/miniconda3/envs/snakepipes_detect-seq/bin/python ./program/mpmat-block-V02.1.py         -i ../mpmat_filter_merge/293T-bat_All-EMX1-PD_rep2_hg38.filtered_SMN-3_SCN-6_SMR-0.1_RPN-1_RTN-2.C2T_merge_G2A.sort.mpmat         -o ../mpmat_with_block_info/293T-bat_TREAT-All-EMX1-PD_rep2_CTRL-Vector-VEGFA-PD_hg38.filtered_SMN-3_SCN-6_SMR-0.1_RPN-1_RTN-2.C2T_merge_G2A.block_info.mpmat         -C ../mpileup_pmat_bmat/293T-bat_Vector-VEGFA-PD_rep2_hg38.MAPQ20.bmat         -T ../mpileup_pmat_bmat/293T-bat_All-EMX1-PD_rep2_hg38.MAPQ20.bmat         -r /home/zhaohuanan/zhaohn_HD/2.database/fasta_hg38/hg38_only_chromosome.fa         -p 24         --query_mutation_type CT,GA
        
[Thu Feb  4 16:54:42 2021]
Error in rule input_bmat____mpmat_block:
    jobid: 14
    output: ../mpmat_with_block_info/293T-bat_TREAT-All-VEGFA-PD_rep2_CTRL-Vector-VEGFA-PD_hg38.filtered_SMN-3_SCN-6_SMR-0.1_RPN-1_RTN-2.C2T_merge_G2A.block_info.mpmat
    shell:
        
        /home/zhaohuanan/zhaohn_HD/miniconda3/envs/snakepipes_detect-seq/bin/python ./program/mpmat-block-V02.1.py         -i ../mpmat_filter_merge/293T-bat_All-VEGFA-PD_rep2_hg38.filtered_SMN-3_SCN-6_SMR-0.1_RPN-1_RTN-2.C2T_merge_G2A.sort.mpmat         -o ../mpmat_with_block_info/293T-bat_TREAT-All-VEGFA-PD_rep2_CTRL-Vector-VEGFA-PD_hg38.filtered_SMN-3_SCN-6_SMR-0.1_RPN-1_RTN-2.C2T_merge_G2A.block_info.mpmat         -C ../mpileup_pmat_bmat/293T-bat_Vector-VEGFA-PD_rep2_hg38.MAPQ20.bmat         -T ../mpileup_pmat_bmat/293T-bat_All-VEGFA-PD_rep2_hg38.MAPQ20.bmat         -r /home/zhaohuanan/zhaohn_HD/2.database/fasta_hg38/hg38_only_chromosome.fa         -p 24         --query_mutation_type CT,GA
        
        (one of the commands exited with non-zero exit code; note that snakemake uses bash strict mode!)
    cluster_jobid: 198454

Error executing rule input_bmat____mpmat_block on cluster (jobid: 14, external: 198454, jobscript: /gpfs/user/zhaohuanan/3.project/2021_CBE_variant_and_GBE_topic/20210202_DetectSeq_M2-YE1-33A-call-points_sgRNA-EMX1-VEGFA_redo/snakepipes_Detect-seq/.snakemake/tmp.st_r8n7j/snakejob.input_bmat____mpmat_block.14.sh). For error details see the cluster log and the log files of the involved rule(s).
Trying to restart job 14.
Submitted job 12 with external jobid '198458'.

[Thu Feb  4 16:54:42 2021]
rule input_bmat____mpmat_block:
    input: ../mpmat_filter_merge/293T-bat_YE1-EMX1-PD_rep1_hg38.filtered_SMN-3_SCN-6_SMR-0.1_RPN-1_RTN-2.C2T_merge_G2A.sort.mpmat, ../mpileup_pmat_bmat/293T-bat_Vector-VEGFA-PD_rep1_hg38.MAPQ20.bmat, ../mpileup_pmat_bmat/293T-bat_YE1-EMX1-PD_rep1_hg38.MAPQ20.bmat
    output: ../mpmat_with_block_info/293T-bat_TREAT-YE1-EMX1-PD_rep1_CTRL-Vector-VEGFA-PD_hg38.filtered_SMN-3_SCN-6_SMR-0.1_RPN-1_RTN-2.C2T_merge_G2A.block_info.mpmat
    jobid: 1
    reason: Missing output files: ../mpmat_with_block_info/293T-bat_TREAT-YE1-EMX1-PD_rep1_CTRL-Vector-VEGFA-PD_hg38.filtered_SMN-3_SCN-6_SMR-0.1_RPN-1_RTN-2.C2T_merge_G2A.block_info.mpmat
    wildcards: treat=YE1-EMX1-PD, rep=rep1, ctrl=Vector-VEGFA-PD, SMN=3, SCN=6, SMR=0.1, RPN=1, RTN=2, a=C, b=T, c=G, d=A


        /home/zhaohuanan/zhaohn_HD/miniconda3/envs/snakepipes_detect-seq/bin/python ./program/mpmat-block-V02.1.py         -i ../mpmat_filter_merge/293T-bat_YE1-EMX1-PD_rep1_hg38.filtered_SMN-3_SCN-6_SMR-0.1_RPN-1_RTN-2.C2T_merge_G2A.sort.mpmat         -o ../mpmat_with_block_info/293T-bat_TREAT-YE1-EMX1-PD_rep1_CTRL-Vector-VEGFA-PD_hg38.filtered_SMN-3_SCN-6_SMR-0.1_RPN-1_RTN-2.C2T_merge_G2A.block_info.mpmat         -C ../mpileup_pmat_bmat/293T-bat_Vector-VEGFA-PD_rep1_hg38.MAPQ20.bmat         -T ../mpileup_pmat_bmat/293T-bat_YE1-EMX1-PD_rep1_hg38.MAPQ20.bmat         -r /home/zhaohuanan/zhaohn_HD/2.database/fasta_hg38/hg38_only_chromosome.fa         -p 24         --query_mutation_type CT,GA
        
[Thu Feb  4 16:54:42 2021]
Error in rule input_bmat____mpmat_block:
    jobid: 3
    output: ../mpmat_with_block_info/293T-bat_TREAT-YE1-VEGFA-PD_rep1_CTRL-Vector-VEGFA-PD_hg38.filtered_SMN-3_SCN-6_SMR-0.1_RPN-1_RTN-2.C2T_merge_G2A.block_info.mpmat
    shell:
        
        /home/zhaohuanan/zhaohn_HD/miniconda3/envs/snakepipes_detect-seq/bin/python ./program/mpmat-block-V02.1.py         -i ../mpmat_filter_merge/293T-bat_YE1-VEGFA-PD_rep1_hg38.filtered_SMN-3_SCN-6_SMR-0.1_RPN-1_RTN-2.C2T_merge_G2A.sort.mpmat         -o ../mpmat_with_block_info/293T-bat_TREAT-YE1-VEGFA-PD_rep1_CTRL-Vector-VEGFA-PD_hg38.filtered_SMN-3_SCN-6_SMR-0.1_RPN-1_RTN-2.C2T_merge_G2A.block_info.mpmat         -C ../mpileup_pmat_bmat/293T-bat_Vector-VEGFA-PD_rep1_hg38.MAPQ20.bmat         -T ../mpileup_pmat_bmat/293T-bat_YE1-VEGFA-PD_rep1_hg38.MAPQ20.bmat         -r /home/zhaohuanan/zhaohn_HD/2.database/fasta_hg38/hg38_only_chromosome.fa         -p 24         --query_mutation_type CT,GA
        
        (one of the commands exited with non-zero exit code; note that snakemake uses bash strict mode!)
    cluster_jobid: 198455

Error executing rule input_bmat____mpmat_block on cluster (jobid: 3, external: 198455, jobscript: /gpfs/user/zhaohuanan/3.project/2021_CBE_variant_and_GBE_topic/20210202_DetectSeq_M2-YE1-33A-call-points_sgRNA-EMX1-VEGFA_redo/snakepipes_Detect-seq/.snakemake/tmp.st_r8n7j/snakejob.input_bmat____mpmat_block.3.sh). For error details see the cluster log and the log files of the involved rule(s).
Trying to restart job 3.
Submitted job 1 with external jobid '198459'.

[Thu Feb  4 16:54:42 2021]
rule input_bmat____mpmat_block:
    input: ../mpmat_filter_merge/293T-bat_All-VEGFA-PD_rep2_hg38.filtered_SMN-3_SCN-6_SMR-0.1_RPN-1_RTN-2.C2T_merge_G2A.sort.mpmat, ../mpileup_pmat_bmat/293T-bat_Vector-VEGFA-PD_rep2_hg38.MAPQ20.bmat, ../mpileup_pmat_bmat/293T-bat_All-VEGFA-PD_rep2_hg38.MAPQ20.bmat
    output: ../mpmat_with_block_info/293T-bat_TREAT-All-VEGFA-PD_rep2_CTRL-Vector-VEGFA-PD_hg38.filtered_SMN-3_SCN-6_SMR-0.1_RPN-1_RTN-2.C2T_merge_G2A.block_info.mpmat
    jobid: 14
    reason: Missing output files: ../mpmat_with_block_info/293T-bat_TREAT-All-VEGFA-PD_rep2_CTRL-Vector-VEGFA-PD_hg38.filtered_SMN-3_SCN-6_SMR-0.1_RPN-1_RTN-2.C2T_merge_G2A.block_info.mpmat
    wildcards: treat=All-VEGFA-PD, rep=rep2, ctrl=Vector-VEGFA-PD, SMN=3, SCN=6, SMR=0.1, RPN=1, RTN=2, a=C, b=T, c=G, d=A


        /home/zhaohuanan/zhaohn_HD/miniconda3/envs/snakepipes_detect-seq/bin/python ./program/mpmat-block-V02.1.py         -i ../mpmat_filter_merge/293T-bat_All-VEGFA-PD_rep2_hg38.filtered_SMN-3_SCN-6_SMR-0.1_RPN-1_RTN-2.C2T_merge_G2A.sort.mpmat         -o ../mpmat_with_block_info/293T-bat_TREAT-All-VEGFA-PD_rep2_CTRL-Vector-VEGFA-PD_hg38.filtered_SMN-3_SCN-6_SMR-0.1_RPN-1_RTN-2.C2T_merge_G2A.block_info.mpmat         -C ../mpileup_pmat_bmat/293T-bat_Vector-VEGFA-PD_rep2_hg38.MAPQ20.bmat         -T ../mpileup_pmat_bmat/293T-bat_All-VEGFA-PD_rep2_hg38.MAPQ20.bmat         -r /home/zhaohuanan/zhaohn_HD/2.database/fasta_hg38/hg38_only_chromosome.fa         -p 24         --query_mutation_type CT,GA
        
Submitted job 14 with external jobid '198460'.

[Thu Feb  4 16:54:43 2021]
rule input_bmat____mpmat_block:
    input: ../mpmat_filter_merge/293T-bat_YE1-VEGFA-PD_rep2_hg38.filtered_SMN-3_SCN-6_SMR-0.1_RPN-1_RTN-2.C2T_merge_G2A.sort.mpmat, ../mpileup_pmat_bmat/293T-bat_Vector-VEGFA-PD_rep2_hg38.MAPQ20.bmat, ../mpileup_pmat_bmat/293T-bat_YE1-VEGFA-PD_rep2_hg38.MAPQ20.bmat
    output: ../mpmat_with_block_info/293T-bat_TREAT-YE1-VEGFA-PD_rep2_CTRL-Vector-VEGFA-PD_hg38.filtered_SMN-3_SCN-6_SMR-0.1_RPN-1_RTN-2.C2T_merge_G2A.block_info.mpmat
    jobid: 4
    reason: Missing output files: ../mpmat_with_block_info/293T-bat_TREAT-YE1-VEGFA-PD_rep2_CTRL-Vector-VEGFA-PD_hg38.filtered_SMN-3_SCN-6_SMR-0.1_RPN-1_RTN-2.C2T_merge_G2A.block_info.mpmat
    wildcards: treat=YE1-VEGFA-PD, rep=rep2, ctrl=Vector-VEGFA-PD, SMN=3, SCN=6, SMR=0.1, RPN=1, RTN=2, a=C, b=T, c=G, d=A


        /home/zhaohuanan/zhaohn_HD/miniconda3/envs/snakepipes_detect-seq/bin/python ./program/mpmat-block-V02.1.py         -i ../mpmat_filter_merge/293T-bat_YE1-VEGFA-PD_rep2_hg38.filtered_SMN-3_SCN-6_SMR-0.1_RPN-1_RTN-2.C2T_merge_G2A.sort.mpmat         -o ../mpmat_with_block_info/293T-bat_TREAT-YE1-VEGFA-PD_rep2_CTRL-Vector-VEGFA-PD_hg38.filtered_SMN-3_SCN-6_SMR-0.1_RPN-1_RTN-2.C2T_merge_G2A.block_info.mpmat         -C ../mpileup_pmat_bmat/293T-bat_Vector-VEGFA-PD_rep2_hg38.MAPQ20.bmat         -T ../mpileup_pmat_bmat/293T-bat_YE1-VEGFA-PD_rep2_hg38.MAPQ20.bmat         -r /home/zhaohuanan/zhaohn_HD/2.database/fasta_hg38/hg38_only_chromosome.fa         -p 24         --query_mutation_type CT,GA
        
Submitted job 4 with external jobid '198461'.
[Thu Feb  4 16:54:52 2021]
Error in rule input_bmat____mpmat_block:
    jobid: 2
    output: ../mpmat_with_block_info/293T-bat_TREAT-YE1-EMX1-PD_rep2_CTRL-Vector-VEGFA-PD_hg38.filtered_SMN-3_SCN-6_SMR-0.1_RPN-1_RTN-2.C2T_merge_G2A.block_info.mpmat
    shell:
        
        /home/zhaohuanan/zhaohn_HD/miniconda3/envs/snakepipes_detect-seq/bin/python ./program/mpmat-block-V02.1.py         -i ../mpmat_filter_merge/293T-bat_YE1-EMX1-PD_rep2_hg38.filtered_SMN-3_SCN-6_SMR-0.1_RPN-1_RTN-2.C2T_merge_G2A.sort.mpmat         -o ../mpmat_with_block_info/293T-bat_TREAT-YE1-EMX1-PD_rep2_CTRL-Vector-VEGFA-PD_hg38.filtered_SMN-3_SCN-6_SMR-0.1_RPN-1_RTN-2.C2T_merge_G2A.block_info.mpmat         -C ../mpileup_pmat_bmat/293T-bat_Vector-VEGFA-PD_rep2_hg38.MAPQ20.bmat         -T ../mpileup_pmat_bmat/293T-bat_YE1-EMX1-PD_rep2_hg38.MAPQ20.bmat         -r /home/zhaohuanan/zhaohn_HD/2.database/fasta_hg38/hg38_only_chromosome.fa         -p 24         --query_mutation_type CT,GA
        
        (one of the commands exited with non-zero exit code; note that snakemake uses bash strict mode!)
    cluster_jobid: 198456

Error executing rule input_bmat____mpmat_block on cluster (jobid: 2, external: 198456, jobscript: /gpfs/user/zhaohuanan/3.project/2021_CBE_variant_and_GBE_topic/20210202_DetectSeq_M2-YE1-33A-call-points_sgRNA-EMX1-VEGFA_redo/snakepipes_Detect-seq/.snakemake/tmp.st_r8n7j/snakejob.input_bmat____mpmat_block.2.sh). For error details see the cluster log and the log files of the involved rule(s).
Trying to restart job 2.

[Thu Feb  4 16:54:52 2021]
rule input_bmat____mpmat_block:
    input: ../mpmat_filter_merge/293T-bat_All-EMX1-PD_rep1_hg38.filtered_SMN-3_SCN-6_SMR-0.1_RPN-1_RTN-2.C2T_merge_G2A.sort.mpmat, ../mpileup_pmat_bmat/293T-bat_Vector-VEGFA-PD_rep1_hg38.MAPQ20.bmat, ../mpileup_pmat_bmat/293T-bat_All-EMX1-PD_rep1_hg38.MAPQ20.bmat
    output: ../mpmat_with_block_info/293T-bat_TREAT-All-EMX1-PD_rep1_CTRL-Vector-VEGFA-PD_hg38.filtered_SMN-3_SCN-6_SMR-0.1_RPN-1_RTN-2.C2T_merge_G2A.block_info.mpmat
    jobid: 11
    reason: Missing output files: ../mpmat_with_block_info/293T-bat_TREAT-All-EMX1-PD_rep1_CTRL-Vector-VEGFA-PD_hg38.filtered_SMN-3_SCN-6_SMR-0.1_RPN-1_RTN-2.C2T_merge_G2A.block_info.mpmat
    wildcards: treat=All-EMX1-PD, rep=rep1, ctrl=Vector-VEGFA-PD, SMN=3, SCN=6, SMR=0.1, RPN=1, RTN=2, a=C, b=T, c=G, d=A


        /home/zhaohuanan/zhaohn_HD/miniconda3/envs/snakepipes_detect-seq/bin/python ./program/mpmat-block-V02.1.py         -i ../mpmat_filter_merge/293T-bat_All-EMX1-PD_rep1_hg38.filtered_SMN-3_SCN-6_SMR-0.1_RPN-1_RTN-2.C2T_merge_G2A.sort.mpmat         -o ../mpmat_with_block_info/293T-bat_TREAT-All-EMX1-PD_rep1_CTRL-Vector-VEGFA-PD_hg38.filtered_SMN-3_SCN-6_SMR-0.1_RPN-1_RTN-2.C2T_merge_G2A.block_info.mpmat         -C ../mpileup_pmat_bmat/293T-bat_Vector-VEGFA-PD_rep1_hg38.MAPQ20.bmat         -T ../mpileup_pmat_bmat/293T-bat_All-EMX1-PD_rep1_hg38.MAPQ20.bmat         -r /home/zhaohuanan/zhaohn_HD/2.database/fasta_hg38/hg38_only_chromosome.fa         -p 24         --query_mutation_type CT,GA
        
[Thu Feb  4 16:54:53 2021]
Error in rule input_bmat____mpmat_block:
    jobid: 6
    output: ../mpmat_with_block_info/293T-bat_TREAT-33A-EMX1-PD_rep2_CTRL-Vector-VEGFA-PD_hg38.filtered_SMN-3_SCN-6_SMR-0.1_RPN-1_RTN-2.C2T_merge_G2A.block_info.mpmat
    shell:
        
        /home/zhaohuanan/zhaohn_HD/miniconda3/envs/snakepipes_detect-seq/bin/python ./program/mpmat-block-V02.1.py         -i ../mpmat_filter_merge/293T-bat_33A-EMX1-PD_rep2_hg38.filtered_SMN-3_SCN-6_SMR-0.1_RPN-1_RTN-2.C2T_merge_G2A.sort.mpmat         -o ../mpmat_with_block_info/293T-bat_TREAT-33A-EMX1-PD_rep2_CTRL-Vector-VEGFA-PD_hg38.filtered_SMN-3_SCN-6_SMR-0.1_RPN-1_RTN-2.C2T_merge_G2A.block_info.mpmat         -C ../mpileup_pmat_bmat/293T-bat_Vector-VEGFA-PD_rep2_hg38.MAPQ20.bmat         -T ../mpileup_pmat_bmat/293T-bat_33A-EMX1-PD_rep2_hg38.MAPQ20.bmat         -r /home/zhaohuanan/zhaohn_HD/2.database/fasta_hg38/hg38_only_chromosome.fa         -p 24         --query_mutation_type CT,GA
        
        (one of the commands exited with non-zero exit code; note that snakemake uses bash strict mode!)
    cluster_jobid: 198457

Error executing rule input_bmat____mpmat_block on cluster (jobid: 6, external: 198457, jobscript: /gpfs/user/zhaohuanan/3.project/2021_CBE_variant_and_GBE_topic/20210202_DetectSeq_M2-YE1-33A-call-points_sgRNA-EMX1-VEGFA_redo/snakepipes_Detect-seq/.snakemake/tmp.st_r8n7j/snakejob.input_bmat____mpmat_block.6.sh). For error details see the cluster log and the log files of the involved rule(s).
Trying to restart job 6.
Submitted job 11 with external jobid '198462'.

[Thu Feb  4 16:54:53 2021]
rule input_bmat____mpmat_block:
    input: ../mpmat_filter_merge/293T-bat_33A-EMX1-PD_rep2_hg38.filtered_SMN-3_SCN-6_SMR-0.1_RPN-1_RTN-2.C2T_merge_G2A.sort.mpmat, ../mpileup_pmat_bmat/293T-bat_Vector-VEGFA-PD_rep2_hg38.MAPQ20.bmat, ../mpileup_pmat_bmat/293T-bat_33A-EMX1-PD_rep2_hg38.MAPQ20.bmat
    output: ../mpmat_with_block_info/293T-bat_TREAT-33A-EMX1-PD_rep2_CTRL-Vector-VEGFA-PD_hg38.filtered_SMN-3_SCN-6_SMR-0.1_RPN-1_RTN-2.C2T_merge_G2A.block_info.mpmat
    jobid: 6
    reason: Missing output files: ../mpmat_with_block_info/293T-bat_TREAT-33A-EMX1-PD_rep2_CTRL-Vector-VEGFA-PD_hg38.filtered_SMN-3_SCN-6_SMR-0.1_RPN-1_RTN-2.C2T_merge_G2A.block_info.mpmat
    wildcards: treat=33A-EMX1-PD, rep=rep2, ctrl=Vector-VEGFA-PD, SMN=3, SCN=6, SMR=0.1, RPN=1, RTN=2, a=C, b=T, c=G, d=A


        /home/zhaohuanan/zhaohn_HD/miniconda3/envs/snakepipes_detect-seq/bin/python ./program/mpmat-block-V02.1.py         -i ../mpmat_filter_merge/293T-bat_33A-EMX1-PD_rep2_hg38.filtered_SMN-3_SCN-6_SMR-0.1_RPN-1_RTN-2.C2T_merge_G2A.sort.mpmat         -o ../mpmat_with_block_info/293T-bat_TREAT-33A-EMX1-PD_rep2_CTRL-Vector-VEGFA-PD_hg38.filtered_SMN-3_SCN-6_SMR-0.1_RPN-1_RTN-2.C2T_merge_G2A.block_info.mpmat         -C ../mpileup_pmat_bmat/293T-bat_Vector-VEGFA-PD_rep2_hg38.MAPQ20.bmat         -T ../mpileup_pmat_bmat/293T-bat_33A-EMX1-PD_rep2_hg38.MAPQ20.bmat         -r /home/zhaohuanan/zhaohn_HD/2.database/fasta_hg38/hg38_only_chromosome.fa         -p 24         --query_mutation_type CT,GA
        
[Thu Feb  4 16:54:53 2021]
Error in rule input_bmat____mpmat_block:
    jobid: 12
    output: ../mpmat_with_block_info/293T-bat_TREAT-All-EMX1-PD_rep2_CTRL-Vector-VEGFA-PD_hg38.filtered_SMN-3_SCN-6_SMR-0.1_RPN-1_RTN-2.C2T_merge_G2A.block_info.mpmat
    shell:
        
        /home/zhaohuanan/zhaohn_HD/miniconda3/envs/snakepipes_detect-seq/bin/python ./program/mpmat-block-V02.1.py         -i ../mpmat_filter_merge/293T-bat_All-EMX1-PD_rep2_hg38.filtered_SMN-3_SCN-6_SMR-0.1_RPN-1_RTN-2.C2T_merge_G2A.sort.mpmat         -o ../mpmat_with_block_info/293T-bat_TREAT-All-EMX1-PD_rep2_CTRL-Vector-VEGFA-PD_hg38.filtered_SMN-3_SCN-6_SMR-0.1_RPN-1_RTN-2.C2T_merge_G2A.block_info.mpmat         -C ../mpileup_pmat_bmat/293T-bat_Vector-VEGFA-PD_rep2_hg38.MAPQ20.bmat         -T ../mpileup_pmat_bmat/293T-bat_All-EMX1-PD_rep2_hg38.MAPQ20.bmat         -r /home/zhaohuanan/zhaohn_HD/2.database/fasta_hg38/hg38_only_chromosome.fa         -p 24         --query_mutation_type CT,GA
        
        (one of the commands exited with non-zero exit code; note that snakemake uses bash strict mode!)
    cluster_jobid: 198458

Error executing rule input_bmat____mpmat_block on cluster (jobid: 12, external: 198458, jobscript: /gpfs/user/zhaohuanan/3.project/2021_CBE_variant_and_GBE_topic/20210202_DetectSeq_M2-YE1-33A-call-points_sgRNA-EMX1-VEGFA_redo/snakepipes_Detect-seq/.snakemake/tmp.st_r8n7j/snakejob.input_bmat____mpmat_block.12.sh). For error details see the cluster log and the log files of the involved rule(s).
Trying to restart job 12.
Submitted job 6 with external jobid '198463'.
[Thu Feb  4 16:54:53 2021]
Error in rule input_bmat____mpmat_block:
    jobid: 1
    output: ../mpmat_with_block_info/293T-bat_TREAT-YE1-EMX1-PD_rep1_CTRL-Vector-VEGFA-PD_hg38.filtered_SMN-3_SCN-6_SMR-0.1_RPN-1_RTN-2.C2T_merge_G2A.block_info.mpmat
    shell:
        
        /home/zhaohuanan/zhaohn_HD/miniconda3/envs/snakepipes_detect-seq/bin/python ./program/mpmat-block-V02.1.py         -i ../mpmat_filter_merge/293T-bat_YE1-EMX1-PD_rep1_hg38.filtered_SMN-3_SCN-6_SMR-0.1_RPN-1_RTN-2.C2T_merge_G2A.sort.mpmat         -o ../mpmat_with_block_info/293T-bat_TREAT-YE1-EMX1-PD_rep1_CTRL-Vector-VEGFA-PD_hg38.filtered_SMN-3_SCN-6_SMR-0.1_RPN-1_RTN-2.C2T_merge_G2A.block_info.mpmat         -C ../mpileup_pmat_bmat/293T-bat_Vector-VEGFA-PD_rep1_hg38.MAPQ20.bmat         -T ../mpileup_pmat_bmat/293T-bat_YE1-EMX1-PD_rep1_hg38.MAPQ20.bmat         -r /home/zhaohuanan/zhaohn_HD/2.database/fasta_hg38/hg38_only_chromosome.fa         -p 24         --query_mutation_type CT,GA
        
        (one of the commands exited with non-zero exit code; note that snakemake uses bash strict mode!)
    cluster_jobid: 198459

Error executing rule input_bmat____mpmat_block on cluster (jobid: 1, external: 198459, jobscript: /gpfs/user/zhaohuanan/3.project/2021_CBE_variant_and_GBE_topic/20210202_DetectSeq_M2-YE1-33A-call-points_sgRNA-EMX1-VEGFA_redo/snakepipes_Detect-seq/.snakemake/tmp.st_r8n7j/snakejob.input_bmat____mpmat_block.1.sh). For error details see the cluster log and the log files of the involved rule(s).
Trying to restart job 1.

[Thu Feb  4 16:54:53 2021]
rule input_bmat____mpmat_block:
    input: ../mpmat_filter_merge/293T-bat_33A-VEGFA-PD_rep2_hg38.filtered_SMN-3_SCN-6_SMR-0.1_RPN-1_RTN-2.C2T_merge_G2A.sort.mpmat, ../mpileup_pmat_bmat/293T-bat_Vector-VEGFA-PD_rep2_hg38.MAPQ20.bmat, ../mpileup_pmat_bmat/293T-bat_33A-VEGFA-PD_rep2_hg38.MAPQ20.bmat
    output: ../mpmat_with_block_info/293T-bat_TREAT-33A-VEGFA-PD_rep2_CTRL-Vector-VEGFA-PD_hg38.filtered_SMN-3_SCN-6_SMR-0.1_RPN-1_RTN-2.C2T_merge_G2A.block_info.mpmat
    jobid: 8
    reason: Missing output files: ../mpmat_with_block_info/293T-bat_TREAT-33A-VEGFA-PD_rep2_CTRL-Vector-VEGFA-PD_hg38.filtered_SMN-3_SCN-6_SMR-0.1_RPN-1_RTN-2.C2T_merge_G2A.block_info.mpmat
    wildcards: treat=33A-VEGFA-PD, rep=rep2, ctrl=Vector-VEGFA-PD, SMN=3, SCN=6, SMR=0.1, RPN=1, RTN=2, a=C, b=T, c=G, d=A


        /home/zhaohuanan/zhaohn_HD/miniconda3/envs/snakepipes_detect-seq/bin/python ./program/mpmat-block-V02.1.py         -i ../mpmat_filter_merge/293T-bat_33A-VEGFA-PD_rep2_hg38.filtered_SMN-3_SCN-6_SMR-0.1_RPN-1_RTN-2.C2T_merge_G2A.sort.mpmat         -o ../mpmat_with_block_info/293T-bat_TREAT-33A-VEGFA-PD_rep2_CTRL-Vector-VEGFA-PD_hg38.filtered_SMN-3_SCN-6_SMR-0.1_RPN-1_RTN-2.C2T_merge_G2A.block_info.mpmat         -C ../mpileup_pmat_bmat/293T-bat_Vector-VEGFA-PD_rep2_hg38.MAPQ20.bmat         -T ../mpileup_pmat_bmat/293T-bat_33A-VEGFA-PD_rep2_hg38.MAPQ20.bmat         -r /home/zhaohuanan/zhaohn_HD/2.database/fasta_hg38/hg38_only_chromosome.fa         -p 24         --query_mutation_type CT,GA
        
[Thu Feb  4 16:54:53 2021]
Error in rule input_bmat____mpmat_block:
    jobid: 14
    output: ../mpmat_with_block_info/293T-bat_TREAT-All-VEGFA-PD_rep2_CTRL-Vector-VEGFA-PD_hg38.filtered_SMN-3_SCN-6_SMR-0.1_RPN-1_RTN-2.C2T_merge_G2A.block_info.mpmat
    shell:
        
        /home/zhaohuanan/zhaohn_HD/miniconda3/envs/snakepipes_detect-seq/bin/python ./program/mpmat-block-V02.1.py         -i ../mpmat_filter_merge/293T-bat_All-VEGFA-PD_rep2_hg38.filtered_SMN-3_SCN-6_SMR-0.1_RPN-1_RTN-2.C2T_merge_G2A.sort.mpmat         -o ../mpmat_with_block_info/293T-bat_TREAT-All-VEGFA-PD_rep2_CTRL-Vector-VEGFA-PD_hg38.filtered_SMN-3_SCN-6_SMR-0.1_RPN-1_RTN-2.C2T_merge_G2A.block_info.mpmat         -C ../mpileup_pmat_bmat/293T-bat_Vector-VEGFA-PD_rep2_hg38.MAPQ20.bmat         -T ../mpileup_pmat_bmat/293T-bat_All-VEGFA-PD_rep2_hg38.MAPQ20.bmat         -r /home/zhaohuanan/zhaohn_HD/2.database/fasta_hg38/hg38_only_chromosome.fa         -p 24         --query_mutation_type CT,GA
        
        (one of the commands exited with non-zero exit code; note that snakemake uses bash strict mode!)
    cluster_jobid: 198460

Error executing rule input_bmat____mpmat_block on cluster (jobid: 14, external: 198460, jobscript: /gpfs/user/zhaohuanan/3.project/2021_CBE_variant_and_GBE_topic/20210202_DetectSeq_M2-YE1-33A-call-points_sgRNA-EMX1-VEGFA_redo/snakepipes_Detect-seq/.snakemake/tmp.st_r8n7j/snakejob.input_bmat____mpmat_block.14.sh). For error details see the cluster log and the log files of the involved rule(s).
Trying to restart job 14.
Submitted job 8 with external jobid '198464'.

[Thu Feb  4 16:54:53 2021]
rule input_bmat____mpmat_block:
    input: ../mpmat_filter_merge/293T-bat_YE1-EMX1-PD_rep1_hg38.filtered_SMN-3_SCN-6_SMR-0.1_RPN-1_RTN-2.C2T_merge_G2A.sort.mpmat, ../mpileup_pmat_bmat/293T-bat_Vector-VEGFA-PD_rep1_hg38.MAPQ20.bmat, ../mpileup_pmat_bmat/293T-bat_YE1-EMX1-PD_rep1_hg38.MAPQ20.bmat
    output: ../mpmat_with_block_info/293T-bat_TREAT-YE1-EMX1-PD_rep1_CTRL-Vector-VEGFA-PD_hg38.filtered_SMN-3_SCN-6_SMR-0.1_RPN-1_RTN-2.C2T_merge_G2A.block_info.mpmat
    jobid: 1
    reason: Missing output files: ../mpmat_with_block_info/293T-bat_TREAT-YE1-EMX1-PD_rep1_CTRL-Vector-VEGFA-PD_hg38.filtered_SMN-3_SCN-6_SMR-0.1_RPN-1_RTN-2.C2T_merge_G2A.block_info.mpmat
    wildcards: treat=YE1-EMX1-PD, rep=rep1, ctrl=Vector-VEGFA-PD, SMN=3, SCN=6, SMR=0.1, RPN=1, RTN=2, a=C, b=T, c=G, d=A


        /home/zhaohuanan/zhaohn_HD/miniconda3/envs/snakepipes_detect-seq/bin/python ./program/mpmat-block-V02.1.py         -i ../mpmat_filter_merge/293T-bat_YE1-EMX1-PD_rep1_hg38.filtered_SMN-3_SCN-6_SMR-0.1_RPN-1_RTN-2.C2T_merge_G2A.sort.mpmat         -o ../mpmat_with_block_info/293T-bat_TREAT-YE1-EMX1-PD_rep1_CTRL-Vector-VEGFA-PD_hg38.filtered_SMN-3_SCN-6_SMR-0.1_RPN-1_RTN-2.C2T_merge_G2A.block_info.mpmat         -C ../mpileup_pmat_bmat/293T-bat_Vector-VEGFA-PD_rep1_hg38.MAPQ20.bmat         -T ../mpileup_pmat_bmat/293T-bat_YE1-EMX1-PD_rep1_hg38.MAPQ20.bmat         -r /home/zhaohuanan/zhaohn_HD/2.database/fasta_hg38/hg38_only_chromosome.fa         -p 24         --query_mutation_type CT,GA
        
[Thu Feb  4 16:54:53 2021]
Error in rule input_bmat____mpmat_block:
    jobid: 4
    output: ../mpmat_with_block_info/293T-bat_TREAT-YE1-VEGFA-PD_rep2_CTRL-Vector-VEGFA-PD_hg38.filtered_SMN-3_SCN-6_SMR-0.1_RPN-1_RTN-2.C2T_merge_G2A.block_info.mpmat
    shell:
        
        /home/zhaohuanan/zhaohn_HD/miniconda3/envs/snakepipes_detect-seq/bin/python ./program/mpmat-block-V02.1.py         -i ../mpmat_filter_merge/293T-bat_YE1-VEGFA-PD_rep2_hg38.filtered_SMN-3_SCN-6_SMR-0.1_RPN-1_RTN-2.C2T_merge_G2A.sort.mpmat         -o ../mpmat_with_block_info/293T-bat_TREAT-YE1-VEGFA-PD_rep2_CTRL-Vector-VEGFA-PD_hg38.filtered_SMN-3_SCN-6_SMR-0.1_RPN-1_RTN-2.C2T_merge_G2A.block_info.mpmat         -C ../mpileup_pmat_bmat/293T-bat_Vector-VEGFA-PD_rep2_hg38.MAPQ20.bmat         -T ../mpileup_pmat_bmat/293T-bat_YE1-VEGFA-PD_rep2_hg38.MAPQ20.bmat         -r /home/zhaohuanan/zhaohn_HD/2.database/fasta_hg38/hg38_only_chromosome.fa         -p 24         --query_mutation_type CT,GA
        
        (one of the commands exited with non-zero exit code; note that snakemake uses bash strict mode!)
    cluster_jobid: 198461

Error executing rule input_bmat____mpmat_block on cluster (jobid: 4, external: 198461, jobscript: /gpfs/user/zhaohuanan/3.project/2021_CBE_variant_and_GBE_topic/20210202_DetectSeq_M2-YE1-33A-call-points_sgRNA-EMX1-VEGFA_redo/snakepipes_Detect-seq/.snakemake/tmp.st_r8n7j/snakejob.input_bmat____mpmat_block.4.sh). For error details see the cluster log and the log files of the involved rule(s).
Trying to restart job 4.
Submitted job 1 with external jobid '198465'.

[Thu Feb  4 16:54:53 2021]
rule input_bmat____mpmat_block:
    input: ../mpmat_filter_merge/293T-bat_All-VEGFA-PD_rep2_hg38.filtered_SMN-3_SCN-6_SMR-0.1_RPN-1_RTN-2.C2T_merge_G2A.sort.mpmat, ../mpileup_pmat_bmat/293T-bat_Vector-VEGFA-PD_rep2_hg38.MAPQ20.bmat, ../mpileup_pmat_bmat/293T-bat_All-VEGFA-PD_rep2_hg38.MAPQ20.bmat
    output: ../mpmat_with_block_info/293T-bat_TREAT-All-VEGFA-PD_rep2_CTRL-Vector-VEGFA-PD_hg38.filtered_SMN-3_SCN-6_SMR-0.1_RPN-1_RTN-2.C2T_merge_G2A.block_info.mpmat
    jobid: 14
    reason: Missing output files: ../mpmat_with_block_info/293T-bat_TREAT-All-VEGFA-PD_rep2_CTRL-Vector-VEGFA-PD_hg38.filtered_SMN-3_SCN-6_SMR-0.1_RPN-1_RTN-2.C2T_merge_G2A.block_info.mpmat
    wildcards: treat=All-VEGFA-PD, rep=rep2, ctrl=Vector-VEGFA-PD, SMN=3, SCN=6, SMR=0.1, RPN=1, RTN=2, a=C, b=T, c=G, d=A


        /home/zhaohuanan/zhaohn_HD/miniconda3/envs/snakepipes_detect-seq/bin/python ./program/mpmat-block-V02.1.py         -i ../mpmat_filter_merge/293T-bat_All-VEGFA-PD_rep2_hg38.filtered_SMN-3_SCN-6_SMR-0.1_RPN-1_RTN-2.C2T_merge_G2A.sort.mpmat         -o ../mpmat_with_block_info/293T-bat_TREAT-All-VEGFA-PD_rep2_CTRL-Vector-VEGFA-PD_hg38.filtered_SMN-3_SCN-6_SMR-0.1_RPN-1_RTN-2.C2T_merge_G2A.block_info.mpmat         -C ../mpileup_pmat_bmat/293T-bat_Vector-VEGFA-PD_rep2_hg38.MAPQ20.bmat         -T ../mpileup_pmat_bmat/293T-bat_All-VEGFA-PD_rep2_hg38.MAPQ20.bmat         -r /home/zhaohuanan/zhaohn_HD/2.database/fasta_hg38/hg38_only_chromosome.fa         -p 24         --query_mutation_type CT,GA
        
Submitted job 14 with external jobid '198466'.

[Thu Feb  4 16:54:54 2021]
rule input_bmat____mpmat_block:
    input: ../mpmat_filter_merge/293T-bat_M2-EMX1-PD_rep2_hg38.filtered_SMN-3_SCN-6_SMR-0.1_RPN-1_RTN-2.C2T_merge_G2A.sort.mpmat, ../mpileup_pmat_bmat/293T-bat_Vector-VEGFA-PD_rep2_hg38.MAPQ20.bmat, ../mpileup_pmat_bmat/293T-bat_M2-EMX1-PD_rep2_hg38.MAPQ20.bmat
    output: ../mpmat_with_block_info/293T-bat_TREAT-M2-EMX1-PD_rep2_CTRL-Vector-VEGFA-PD_hg38.filtered_SMN-3_SCN-6_SMR-0.1_RPN-1_RTN-2.C2T_merge_G2A.block_info.mpmat
    jobid: 10
    reason: Missing output files: ../mpmat_with_block_info/293T-bat_TREAT-M2-EMX1-PD_rep2_CTRL-Vector-VEGFA-PD_hg38.filtered_SMN-3_SCN-6_SMR-0.1_RPN-1_RTN-2.C2T_merge_G2A.block_info.mpmat
    wildcards: treat=M2-EMX1-PD, rep=rep2, ctrl=Vector-VEGFA-PD, SMN=3, SCN=6, SMR=0.1, RPN=1, RTN=2, a=C, b=T, c=G, d=A


        /home/zhaohuanan/zhaohn_HD/miniconda3/envs/snakepipes_detect-seq/bin/python ./program/mpmat-block-V02.1.py         -i ../mpmat_filter_merge/293T-bat_M2-EMX1-PD_rep2_hg38.filtered_SMN-3_SCN-6_SMR-0.1_RPN-1_RTN-2.C2T_merge_G2A.sort.mpmat         -o ../mpmat_with_block_info/293T-bat_TREAT-M2-EMX1-PD_rep2_CTRL-Vector-VEGFA-PD_hg38.filtered_SMN-3_SCN-6_SMR-0.1_RPN-1_RTN-2.C2T_merge_G2A.block_info.mpmat         -C ../mpileup_pmat_bmat/293T-bat_Vector-VEGFA-PD_rep2_hg38.MAPQ20.bmat         -T ../mpileup_pmat_bmat/293T-bat_M2-EMX1-PD_rep2_hg38.MAPQ20.bmat         -r /home/zhaohuanan/zhaohn_HD/2.database/fasta_hg38/hg38_only_chromosome.fa         -p 24         --query_mutation_type CT,GA
        
Submitted job 10 with external jobid '198467'.
[Thu Feb  4 16:55:03 2021]
Error in rule input_bmat____mpmat_block:
    jobid: 11
    output: ../mpmat_with_block_info/293T-bat_TREAT-All-EMX1-PD_rep1_CTRL-Vector-VEGFA-PD_hg38.filtered_SMN-3_SCN-6_SMR-0.1_RPN-1_RTN-2.C2T_merge_G2A.block_info.mpmat
    shell:
        
        /home/zhaohuanan/zhaohn_HD/miniconda3/envs/snakepipes_detect-seq/bin/python ./program/mpmat-block-V02.1.py         -i ../mpmat_filter_merge/293T-bat_All-EMX1-PD_rep1_hg38.filtered_SMN-3_SCN-6_SMR-0.1_RPN-1_RTN-2.C2T_merge_G2A.sort.mpmat         -o ../mpmat_with_block_info/293T-bat_TREAT-All-EMX1-PD_rep1_CTRL-Vector-VEGFA-PD_hg38.filtered_SMN-3_SCN-6_SMR-0.1_RPN-1_RTN-2.C2T_merge_G2A.block_info.mpmat         -C ../mpileup_pmat_bmat/293T-bat_Vector-VEGFA-PD_rep1_hg38.MAPQ20.bmat         -T ../mpileup_pmat_bmat/293T-bat_All-EMX1-PD_rep1_hg38.MAPQ20.bmat         -r /home/zhaohuanan/zhaohn_HD/2.database/fasta_hg38/hg38_only_chromosome.fa         -p 24         --query_mutation_type CT,GA
        
        (one of the commands exited with non-zero exit code; note that snakemake uses bash strict mode!)
    cluster_jobid: 198462

Error executing rule input_bmat____mpmat_block on cluster (jobid: 11, external: 198462, jobscript: /gpfs/user/zhaohuanan/3.project/2021_CBE_variant_and_GBE_topic/20210202_DetectSeq_M2-YE1-33A-call-points_sgRNA-EMX1-VEGFA_redo/snakepipes_Detect-seq/.snakemake/tmp.st_r8n7j/snakejob.input_bmat____mpmat_block.11.sh). For error details see the cluster log and the log files of the involved rule(s).
Trying to restart job 11.

[Thu Feb  4 16:55:04 2021]
rule input_bmat____mpmat_block:
    input: ../mpmat_filter_merge/293T-bat_All-EMX1-PD_rep1_hg38.filtered_SMN-3_SCN-6_SMR-0.1_RPN-1_RTN-2.C2T_merge_G2A.sort.mpmat, ../mpileup_pmat_bmat/293T-bat_Vector-VEGFA-PD_rep1_hg38.MAPQ20.bmat, ../mpileup_pmat_bmat/293T-bat_All-EMX1-PD_rep1_hg38.MAPQ20.bmat
    output: ../mpmat_with_block_info/293T-bat_TREAT-All-EMX1-PD_rep1_CTRL-Vector-VEGFA-PD_hg38.filtered_SMN-3_SCN-6_SMR-0.1_RPN-1_RTN-2.C2T_merge_G2A.block_info.mpmat
    jobid: 11
    reason: Missing output files: ../mpmat_with_block_info/293T-bat_TREAT-All-EMX1-PD_rep1_CTRL-Vector-VEGFA-PD_hg38.filtered_SMN-3_SCN-6_SMR-0.1_RPN-1_RTN-2.C2T_merge_G2A.block_info.mpmat
    wildcards: treat=All-EMX1-PD, rep=rep1, ctrl=Vector-VEGFA-PD, SMN=3, SCN=6, SMR=0.1, RPN=1, RTN=2, a=C, b=T, c=G, d=A


        /home/zhaohuanan/zhaohn_HD/miniconda3/envs/snakepipes_detect-seq/bin/python ./program/mpmat-block-V02.1.py         -i ../mpmat_filter_merge/293T-bat_All-EMX1-PD_rep1_hg38.filtered_SMN-3_SCN-6_SMR-0.1_RPN-1_RTN-2.C2T_merge_G2A.sort.mpmat         -o ../mpmat_with_block_info/293T-bat_TREAT-All-EMX1-PD_rep1_CTRL-Vector-VEGFA-PD_hg38.filtered_SMN-3_SCN-6_SMR-0.1_RPN-1_RTN-2.C2T_merge_G2A.block_info.mpmat         -C ../mpileup_pmat_bmat/293T-bat_Vector-VEGFA-PD_rep1_hg38.MAPQ20.bmat         -T ../mpileup_pmat_bmat/293T-bat_All-EMX1-PD_rep1_hg38.MAPQ20.bmat         -r /home/zhaohuanan/zhaohn_HD/2.database/fasta_hg38/hg38_only_chromosome.fa         -p 24         --query_mutation_type CT,GA
        
[Thu Feb  4 16:55:04 2021]
Error in rule input_bmat____mpmat_block:
    jobid: 6
    output: ../mpmat_with_block_info/293T-bat_TREAT-33A-EMX1-PD_rep2_CTRL-Vector-VEGFA-PD_hg38.filtered_SMN-3_SCN-6_SMR-0.1_RPN-1_RTN-2.C2T_merge_G2A.block_info.mpmat
    shell:
        
        /home/zhaohuanan/zhaohn_HD/miniconda3/envs/snakepipes_detect-seq/bin/python ./program/mpmat-block-V02.1.py         -i ../mpmat_filter_merge/293T-bat_33A-EMX1-PD_rep2_hg38.filtered_SMN-3_SCN-6_SMR-0.1_RPN-1_RTN-2.C2T_merge_G2A.sort.mpmat         -o ../mpmat_with_block_info/293T-bat_TREAT-33A-EMX1-PD_rep2_CTRL-Vector-VEGFA-PD_hg38.filtered_SMN-3_SCN-6_SMR-0.1_RPN-1_RTN-2.C2T_merge_G2A.block_info.mpmat         -C ../mpileup_pmat_bmat/293T-bat_Vector-VEGFA-PD_rep2_hg38.MAPQ20.bmat         -T ../mpileup_pmat_bmat/293T-bat_33A-EMX1-PD_rep2_hg38.MAPQ20.bmat         -r /home/zhaohuanan/zhaohn_HD/2.database/fasta_hg38/hg38_only_chromosome.fa         -p 24         --query_mutation_type CT,GA
        
        (one of the commands exited with non-zero exit code; note that snakemake uses bash strict mode!)
    cluster_jobid: 198463

Error executing rule input_bmat____mpmat_block on cluster (jobid: 6, external: 198463, jobscript: /gpfs/user/zhaohuanan/3.project/2021_CBE_variant_and_GBE_topic/20210202_DetectSeq_M2-YE1-33A-call-points_sgRNA-EMX1-VEGFA_redo/snakepipes_Detect-seq/.snakemake/tmp.st_r8n7j/snakejob.input_bmat____mpmat_block.6.sh). For error details see the cluster log and the log files of the involved rule(s).
Trying to restart job 6.
Submitted job 11 with external jobid '198468'.

[Thu Feb  4 16:55:04 2021]
rule input_bmat____mpmat_block:
    input: ../mpmat_filter_merge/293T-bat_33A-EMX1-PD_rep2_hg38.filtered_SMN-3_SCN-6_SMR-0.1_RPN-1_RTN-2.C2T_merge_G2A.sort.mpmat, ../mpileup_pmat_bmat/293T-bat_Vector-VEGFA-PD_rep2_hg38.MAPQ20.bmat, ../mpileup_pmat_bmat/293T-bat_33A-EMX1-PD_rep2_hg38.MAPQ20.bmat
    output: ../mpmat_with_block_info/293T-bat_TREAT-33A-EMX1-PD_rep2_CTRL-Vector-VEGFA-PD_hg38.filtered_SMN-3_SCN-6_SMR-0.1_RPN-1_RTN-2.C2T_merge_G2A.block_info.mpmat
    jobid: 6
    reason: Missing output files: ../mpmat_with_block_info/293T-bat_TREAT-33A-EMX1-PD_rep2_CTRL-Vector-VEGFA-PD_hg38.filtered_SMN-3_SCN-6_SMR-0.1_RPN-1_RTN-2.C2T_merge_G2A.block_info.mpmat
    wildcards: treat=33A-EMX1-PD, rep=rep2, ctrl=Vector-VEGFA-PD, SMN=3, SCN=6, SMR=0.1, RPN=1, RTN=2, a=C, b=T, c=G, d=A


        /home/zhaohuanan/zhaohn_HD/miniconda3/envs/snakepipes_detect-seq/bin/python ./program/mpmat-block-V02.1.py         -i ../mpmat_filter_merge/293T-bat_33A-EMX1-PD_rep2_hg38.filtered_SMN-3_SCN-6_SMR-0.1_RPN-1_RTN-2.C2T_merge_G2A.sort.mpmat         -o ../mpmat_with_block_info/293T-bat_TREAT-33A-EMX1-PD_rep2_CTRL-Vector-VEGFA-PD_hg38.filtered_SMN-3_SCN-6_SMR-0.1_RPN-1_RTN-2.C2T_merge_G2A.block_info.mpmat         -C ../mpileup_pmat_bmat/293T-bat_Vector-VEGFA-PD_rep2_hg38.MAPQ20.bmat         -T ../mpileup_pmat_bmat/293T-bat_33A-EMX1-PD_rep2_hg38.MAPQ20.bmat         -r /home/zhaohuanan/zhaohn_HD/2.database/fasta_hg38/hg38_only_chromosome.fa         -p 24         --query_mutation_type CT,GA
        
[Thu Feb  4 16:55:04 2021]
Error in rule input_bmat____mpmat_block:
    jobid: 8
    output: ../mpmat_with_block_info/293T-bat_TREAT-33A-VEGFA-PD_rep2_CTRL-Vector-VEGFA-PD_hg38.filtered_SMN-3_SCN-6_SMR-0.1_RPN-1_RTN-2.C2T_merge_G2A.block_info.mpmat
    shell:
        
        /home/zhaohuanan/zhaohn_HD/miniconda3/envs/snakepipes_detect-seq/bin/python ./program/mpmat-block-V02.1.py         -i ../mpmat_filter_merge/293T-bat_33A-VEGFA-PD_rep2_hg38.filtered_SMN-3_SCN-6_SMR-0.1_RPN-1_RTN-2.C2T_merge_G2A.sort.mpmat         -o ../mpmat_with_block_info/293T-bat_TREAT-33A-VEGFA-PD_rep2_CTRL-Vector-VEGFA-PD_hg38.filtered_SMN-3_SCN-6_SMR-0.1_RPN-1_RTN-2.C2T_merge_G2A.block_info.mpmat         -C ../mpileup_pmat_bmat/293T-bat_Vector-VEGFA-PD_rep2_hg38.MAPQ20.bmat         -T ../mpileup_pmat_bmat/293T-bat_33A-VEGFA-PD_rep2_hg38.MAPQ20.bmat         -r /home/zhaohuanan/zhaohn_HD/2.database/fasta_hg38/hg38_only_chromosome.fa         -p 24         --query_mutation_type CT,GA
        
        (one of the commands exited with non-zero exit code; note that snakemake uses bash strict mode!)
    cluster_jobid: 198464

Error executing rule input_bmat____mpmat_block on cluster (jobid: 8, external: 198464, jobscript: /gpfs/user/zhaohuanan/3.project/2021_CBE_variant_and_GBE_topic/20210202_DetectSeq_M2-YE1-33A-call-points_sgRNA-EMX1-VEGFA_redo/snakepipes_Detect-seq/.snakemake/tmp.st_r8n7j/snakejob.input_bmat____mpmat_block.8.sh). For error details see the cluster log and the log files of the involved rule(s).
Trying to restart job 8.
Submitted job 6 with external jobid '198469'.
[Thu Feb  4 16:55:04 2021]
Error in rule input_bmat____mpmat_block:
    jobid: 1
    output: ../mpmat_with_block_info/293T-bat_TREAT-YE1-EMX1-PD_rep1_CTRL-Vector-VEGFA-PD_hg38.filtered_SMN-3_SCN-6_SMR-0.1_RPN-1_RTN-2.C2T_merge_G2A.block_info.mpmat
    shell:
        
        /home/zhaohuanan/zhaohn_HD/miniconda3/envs/snakepipes_detect-seq/bin/python ./program/mpmat-block-V02.1.py         -i ../mpmat_filter_merge/293T-bat_YE1-EMX1-PD_rep1_hg38.filtered_SMN-3_SCN-6_SMR-0.1_RPN-1_RTN-2.C2T_merge_G2A.sort.mpmat         -o ../mpmat_with_block_info/293T-bat_TREAT-YE1-EMX1-PD_rep1_CTRL-Vector-VEGFA-PD_hg38.filtered_SMN-3_SCN-6_SMR-0.1_RPN-1_RTN-2.C2T_merge_G2A.block_info.mpmat         -C ../mpileup_pmat_bmat/293T-bat_Vector-VEGFA-PD_rep1_hg38.MAPQ20.bmat         -T ../mpileup_pmat_bmat/293T-bat_YE1-EMX1-PD_rep1_hg38.MAPQ20.bmat         -r /home/zhaohuanan/zhaohn_HD/2.database/fasta_hg38/hg38_only_chromosome.fa         -p 24         --query_mutation_type CT,GA
        
        (one of the commands exited with non-zero exit code; note that snakemake uses bash strict mode!)
    cluster_jobid: 198465

Error executing rule input_bmat____mpmat_block on cluster (jobid: 1, external: 198465, jobscript: /gpfs/user/zhaohuanan/3.project/2021_CBE_variant_and_GBE_topic/20210202_DetectSeq_M2-YE1-33A-call-points_sgRNA-EMX1-VEGFA_redo/snakepipes_Detect-seq/.snakemake/tmp.st_r8n7j/snakejob.input_bmat____mpmat_block.1.sh). For error details see the cluster log and the log files of the involved rule(s).

[Thu Feb  4 16:55:04 2021]
rule input_bmat____mpmat_block:
    input: ../mpmat_filter_merge/293T-bat_33A-VEGFA-PD_rep2_hg38.filtered_SMN-3_SCN-6_SMR-0.1_RPN-1_RTN-2.C2T_merge_G2A.sort.mpmat, ../mpileup_pmat_bmat/293T-bat_Vector-VEGFA-PD_rep2_hg38.MAPQ20.bmat, ../mpileup_pmat_bmat/293T-bat_33A-VEGFA-PD_rep2_hg38.MAPQ20.bmat
    output: ../mpmat_with_block_info/293T-bat_TREAT-33A-VEGFA-PD_rep2_CTRL-Vector-VEGFA-PD_hg38.filtered_SMN-3_SCN-6_SMR-0.1_RPN-1_RTN-2.C2T_merge_G2A.block_info.mpmat
    jobid: 8
    reason: Missing output files: ../mpmat_with_block_info/293T-bat_TREAT-33A-VEGFA-PD_rep2_CTRL-Vector-VEGFA-PD_hg38.filtered_SMN-3_SCN-6_SMR-0.1_RPN-1_RTN-2.C2T_merge_G2A.block_info.mpmat
    wildcards: treat=33A-VEGFA-PD, rep=rep2, ctrl=Vector-VEGFA-PD, SMN=3, SCN=6, SMR=0.1, RPN=1, RTN=2, a=C, b=T, c=G, d=A


        /home/zhaohuanan/zhaohn_HD/miniconda3/envs/snakepipes_detect-seq/bin/python ./program/mpmat-block-V02.1.py         -i ../mpmat_filter_merge/293T-bat_33A-VEGFA-PD_rep2_hg38.filtered_SMN-3_SCN-6_SMR-0.1_RPN-1_RTN-2.C2T_merge_G2A.sort.mpmat         -o ../mpmat_with_block_info/293T-bat_TREAT-33A-VEGFA-PD_rep2_CTRL-Vector-VEGFA-PD_hg38.filtered_SMN-3_SCN-6_SMR-0.1_RPN-1_RTN-2.C2T_merge_G2A.block_info.mpmat         -C ../mpileup_pmat_bmat/293T-bat_Vector-VEGFA-PD_rep2_hg38.MAPQ20.bmat         -T ../mpileup_pmat_bmat/293T-bat_33A-VEGFA-PD_rep2_hg38.MAPQ20.bmat         -r /home/zhaohuanan/zhaohn_HD/2.database/fasta_hg38/hg38_only_chromosome.fa         -p 24         --query_mutation_type CT,GA
        
[Thu Feb  4 16:55:04 2021]
Error in rule input_bmat____mpmat_block:
    jobid: 14
    output: ../mpmat_with_block_info/293T-bat_TREAT-All-VEGFA-PD_rep2_CTRL-Vector-VEGFA-PD_hg38.filtered_SMN-3_SCN-6_SMR-0.1_RPN-1_RTN-2.C2T_merge_G2A.block_info.mpmat
    shell:
        
        /home/zhaohuanan/zhaohn_HD/miniconda3/envs/snakepipes_detect-seq/bin/python ./program/mpmat-block-V02.1.py         -i ../mpmat_filter_merge/293T-bat_All-VEGFA-PD_rep2_hg38.filtered_SMN-3_SCN-6_SMR-0.1_RPN-1_RTN-2.C2T_merge_G2A.sort.mpmat         -o ../mpmat_with_block_info/293T-bat_TREAT-All-VEGFA-PD_rep2_CTRL-Vector-VEGFA-PD_hg38.filtered_SMN-3_SCN-6_SMR-0.1_RPN-1_RTN-2.C2T_merge_G2A.block_info.mpmat         -C ../mpileup_pmat_bmat/293T-bat_Vector-VEGFA-PD_rep2_hg38.MAPQ20.bmat         -T ../mpileup_pmat_bmat/293T-bat_All-VEGFA-PD_rep2_hg38.MAPQ20.bmat         -r /home/zhaohuanan/zhaohn_HD/2.database/fasta_hg38/hg38_only_chromosome.fa         -p 24         --query_mutation_type CT,GA
        
        (one of the commands exited with non-zero exit code; note that snakemake uses bash strict mode!)
    cluster_jobid: 198466

Error executing rule input_bmat____mpmat_block on cluster (jobid: 14, external: 198466, jobscript: /gpfs/user/zhaohuanan/3.project/2021_CBE_variant_and_GBE_topic/20210202_DetectSeq_M2-YE1-33A-call-points_sgRNA-EMX1-VEGFA_redo/snakepipes_Detect-seq/.snakemake/tmp.st_r8n7j/snakejob.input_bmat____mpmat_block.14.sh). For error details see the cluster log and the log files of the involved rule(s).
Submitted job 8 with external jobid '198470'.
[Thu Feb  4 16:55:04 2021]
Error in rule input_bmat____mpmat_block:
    jobid: 10
    output: ../mpmat_with_block_info/293T-bat_TREAT-M2-EMX1-PD_rep2_CTRL-Vector-VEGFA-PD_hg38.filtered_SMN-3_SCN-6_SMR-0.1_RPN-1_RTN-2.C2T_merge_G2A.block_info.mpmat
    shell:
        
        /home/zhaohuanan/zhaohn_HD/miniconda3/envs/snakepipes_detect-seq/bin/python ./program/mpmat-block-V02.1.py         -i ../mpmat_filter_merge/293T-bat_M2-EMX1-PD_rep2_hg38.filtered_SMN-3_SCN-6_SMR-0.1_RPN-1_RTN-2.C2T_merge_G2A.sort.mpmat         -o ../mpmat_with_block_info/293T-bat_TREAT-M2-EMX1-PD_rep2_CTRL-Vector-VEGFA-PD_hg38.filtered_SMN-3_SCN-6_SMR-0.1_RPN-1_RTN-2.C2T_merge_G2A.block_info.mpmat         -C ../mpileup_pmat_bmat/293T-bat_Vector-VEGFA-PD_rep2_hg38.MAPQ20.bmat         -T ../mpileup_pmat_bmat/293T-bat_M2-EMX1-PD_rep2_hg38.MAPQ20.bmat         -r /home/zhaohuanan/zhaohn_HD/2.database/fasta_hg38/hg38_only_chromosome.fa         -p 24         --query_mutation_type CT,GA
        
        (one of the commands exited with non-zero exit code; note that snakemake uses bash strict mode!)
    cluster_jobid: 198467

Error executing rule input_bmat____mpmat_block on cluster (jobid: 10, external: 198467, jobscript: /gpfs/user/zhaohuanan/3.project/2021_CBE_variant_and_GBE_topic/20210202_DetectSeq_M2-YE1-33A-call-points_sgRNA-EMX1-VEGFA_redo/snakepipes_Detect-seq/.snakemake/tmp.st_r8n7j/snakejob.input_bmat____mpmat_block.10.sh). For error details see the cluster log and the log files of the involved rule(s).
Trying to restart job 10.
[Thu Feb  4 16:55:15 2021]
Error in rule input_bmat____mpmat_block:
    jobid: 11
    output: ../mpmat_with_block_info/293T-bat_TREAT-All-EMX1-PD_rep1_CTRL-Vector-VEGFA-PD_hg38.filtered_SMN-3_SCN-6_SMR-0.1_RPN-1_RTN-2.C2T_merge_G2A.block_info.mpmat
    shell:
        
        /home/zhaohuanan/zhaohn_HD/miniconda3/envs/snakepipes_detect-seq/bin/python ./program/mpmat-block-V02.1.py         -i ../mpmat_filter_merge/293T-bat_All-EMX1-PD_rep1_hg38.filtered_SMN-3_SCN-6_SMR-0.1_RPN-1_RTN-2.C2T_merge_G2A.sort.mpmat         -o ../mpmat_with_block_info/293T-bat_TREAT-All-EMX1-PD_rep1_CTRL-Vector-VEGFA-PD_hg38.filtered_SMN-3_SCN-6_SMR-0.1_RPN-1_RTN-2.C2T_merge_G2A.block_info.mpmat         -C ../mpileup_pmat_bmat/293T-bat_Vector-VEGFA-PD_rep1_hg38.MAPQ20.bmat         -T ../mpileup_pmat_bmat/293T-bat_All-EMX1-PD_rep1_hg38.MAPQ20.bmat         -r /home/zhaohuanan/zhaohn_HD/2.database/fasta_hg38/hg38_only_chromosome.fa         -p 24         --query_mutation_type CT,GA
        
        (one of the commands exited with non-zero exit code; note that snakemake uses bash strict mode!)
    cluster_jobid: 198468

Error executing rule input_bmat____mpmat_block on cluster (jobid: 11, external: 198468, jobscript: /gpfs/user/zhaohuanan/3.project/2021_CBE_variant_and_GBE_topic/20210202_DetectSeq_M2-YE1-33A-call-points_sgRNA-EMX1-VEGFA_redo/snakepipes_Detect-seq/.snakemake/tmp.st_r8n7j/snakejob.input_bmat____mpmat_block.11.sh). For error details see the cluster log and the log files of the involved rule(s).
Trying to restart job 11.
[Thu Feb  4 16:55:15 2021]
Error in rule input_bmat____mpmat_block:
    jobid: 6
    output: ../mpmat_with_block_info/293T-bat_TREAT-33A-EMX1-PD_rep2_CTRL-Vector-VEGFA-PD_hg38.filtered_SMN-3_SCN-6_SMR-0.1_RPN-1_RTN-2.C2T_merge_G2A.block_info.mpmat
    shell:
        
        /home/zhaohuanan/zhaohn_HD/miniconda3/envs/snakepipes_detect-seq/bin/python ./program/mpmat-block-V02.1.py         -i ../mpmat_filter_merge/293T-bat_33A-EMX1-PD_rep2_hg38.filtered_SMN-3_SCN-6_SMR-0.1_RPN-1_RTN-2.C2T_merge_G2A.sort.mpmat         -o ../mpmat_with_block_info/293T-bat_TREAT-33A-EMX1-PD_rep2_CTRL-Vector-VEGFA-PD_hg38.filtered_SMN-3_SCN-6_SMR-0.1_RPN-1_RTN-2.C2T_merge_G2A.block_info.mpmat         -C ../mpileup_pmat_bmat/293T-bat_Vector-VEGFA-PD_rep2_hg38.MAPQ20.bmat         -T ../mpileup_pmat_bmat/293T-bat_33A-EMX1-PD_rep2_hg38.MAPQ20.bmat         -r /home/zhaohuanan/zhaohn_HD/2.database/fasta_hg38/hg38_only_chromosome.fa         -p 24         --query_mutation_type CT,GA
        
        (one of the commands exited with non-zero exit code; note that snakemake uses bash strict mode!)
    cluster_jobid: 198469

Error executing rule input_bmat____mpmat_block on cluster (jobid: 6, external: 198469, jobscript: /gpfs/user/zhaohuanan/3.project/2021_CBE_variant_and_GBE_topic/20210202_DetectSeq_M2-YE1-33A-call-points_sgRNA-EMX1-VEGFA_redo/snakepipes_Detect-seq/.snakemake/tmp.st_r8n7j/snakejob.input_bmat____mpmat_block.6.sh). For error details see the cluster log and the log files of the involved rule(s).
[Thu Feb  4 16:55:15 2021]
Error in rule input_bmat____mpmat_block:
    jobid: 8
    output: ../mpmat_with_block_info/293T-bat_TREAT-33A-VEGFA-PD_rep2_CTRL-Vector-VEGFA-PD_hg38.filtered_SMN-3_SCN-6_SMR-0.1_RPN-1_RTN-2.C2T_merge_G2A.block_info.mpmat
    shell:
        
        /home/zhaohuanan/zhaohn_HD/miniconda3/envs/snakepipes_detect-seq/bin/python ./program/mpmat-block-V02.1.py         -i ../mpmat_filter_merge/293T-bat_33A-VEGFA-PD_rep2_hg38.filtered_SMN-3_SCN-6_SMR-0.1_RPN-1_RTN-2.C2T_merge_G2A.sort.mpmat         -o ../mpmat_with_block_info/293T-bat_TREAT-33A-VEGFA-PD_rep2_CTRL-Vector-VEGFA-PD_hg38.filtered_SMN-3_SCN-6_SMR-0.1_RPN-1_RTN-2.C2T_merge_G2A.block_info.mpmat         -C ../mpileup_pmat_bmat/293T-bat_Vector-VEGFA-PD_rep2_hg38.MAPQ20.bmat         -T ../mpileup_pmat_bmat/293T-bat_33A-VEGFA-PD_rep2_hg38.MAPQ20.bmat         -r /home/zhaohuanan/zhaohn_HD/2.database/fasta_hg38/hg38_only_chromosome.fa         -p 24         --query_mutation_type CT,GA
        
        (one of the commands exited with non-zero exit code; note that snakemake uses bash strict mode!)
    cluster_jobid: 198470

Error executing rule input_bmat____mpmat_block on cluster (jobid: 8, external: 198470, jobscript: /gpfs/user/zhaohuanan/3.project/2021_CBE_variant_and_GBE_topic/20210202_DetectSeq_M2-YE1-33A-call-points_sgRNA-EMX1-VEGFA_redo/snakepipes_Detect-seq/.snakemake/tmp.st_r8n7j/snakejob.input_bmat____mpmat_block.8.sh). For error details see the cluster log and the log files of the involved rule(s).
Trying to restart job 8.
Shutting down, this might take some time.
Exiting because a job execution failed. Look above for error message
Complete log: /gpfs/user/zhaohuanan/3.project/2021_CBE_variant_and_GBE_topic/20210202_DetectSeq_M2-YE1-33A-call-points_sgRNA-EMX1-VEGFA_redo/snakepipes_Detect-seq/.snakemake/log/2021-02-04T165419.637903.snakemake.log
