Building DAG of jobs...
Using shell: /usr/bin/bash
Provided cluster nodes: 10
Job counts:
	count	jobs
	1	all
	32	mpmat_filter
	16	mpmat_filter_merge
	16	sort_mpmat
	65

[Thu Feb  4 15:19:34 2021]
rule mpmat_filter:
    input: ../mpmat/293T-bat_YE1-VEGFA-PD_rep2_hg38.select.G2A.mpmat
    output: ../mpmat_filter/293T-bat_YE1-VEGFA-PD_rep2_hg38.filtered_SMN-3_SCN-6_SMR-0.1_RPN-1_RTN-2.G2A.mpmat
    jobid: 20
    reason: Missing output files: ../mpmat_filter/293T-bat_YE1-VEGFA-PD_rep2_hg38.filtered_SMN-3_SCN-6_SMR-0.1_RPN-1_RTN-2.G2A.mpmat
    wildcards: sample=YE1-VEGFA-PD, rep=rep2, SMN=3, SCN=6, SMR=0.1, RPN=1, RTN=2, ac=G, bd=A


        /home/zhaohuanan/zhaohn_HD/miniconda3/envs/snakepipes_detect-seq/bin/python ./program/mpmat-select-V02.py         -i ../mpmat/293T-bat_YE1-VEGFA-PD_rep2_hg38.select.G2A.mpmat -o ../mpmat_filter/293T-bat_YE1-VEGFA-PD_rep2_hg38.filtered_SMN-3_SCN-6_SMR-0.1_RPN-1_RTN-2.G2A.mpmat         -f G -t A         --SiteMutNum 3         --SiteCoverNum 6         --SiteMutRatio 0.1         --RegionPassNum 1         --RegionToleranceNum 2         --InHeader False         --OutHeader False
        
Submitted job 20 with external jobid '198199'.

[Thu Feb  4 15:19:35 2021]
rule mpmat_filter:
    input: ../mpmat/293T-bat_33A-VEGFA-PD_rep1_hg38.select.C2T.mpmat
    output: ../mpmat_filter/293T-bat_33A-VEGFA-PD_rep1_hg38.filtered_SMN-3_SCN-6_SMR-0.1_RPN-1_RTN-2.C2T.mpmat
    jobid: 7
    reason: Missing output files: ../mpmat_filter/293T-bat_33A-VEGFA-PD_rep1_hg38.filtered_SMN-3_SCN-6_SMR-0.1_RPN-1_RTN-2.C2T.mpmat
    wildcards: sample=33A-VEGFA-PD, rep=rep1, SMN=3, SCN=6, SMR=0.1, RPN=1, RTN=2, ac=C, bd=T


        /home/zhaohuanan/zhaohn_HD/miniconda3/envs/snakepipes_detect-seq/bin/python ./program/mpmat-select-V02.py         -i ../mpmat/293T-bat_33A-VEGFA-PD_rep1_hg38.select.C2T.mpmat -o ../mpmat_filter/293T-bat_33A-VEGFA-PD_rep1_hg38.filtered_SMN-3_SCN-6_SMR-0.1_RPN-1_RTN-2.C2T.mpmat         -f C -t T         --SiteMutNum 3         --SiteCoverNum 6         --SiteMutRatio 0.1         --RegionPassNum 1         --RegionToleranceNum 2         --InHeader False         --OutHeader False
        
Submitted job 7 with external jobid '198200'.

[Thu Feb  4 15:19:35 2021]
rule mpmat_filter:
    input: ../mpmat/293T-bat_Vector-VEGFA-PD_rep1_hg38.select.C2T.mpmat
    output: ../mpmat_filter/293T-bat_Vector-VEGFA-PD_rep1_hg38.filtered_SMN-3_SCN-6_SMR-0.1_RPN-1_RTN-2.C2T.mpmat
    jobid: 15
    reason: Missing output files: ../mpmat_filter/293T-bat_Vector-VEGFA-PD_rep1_hg38.filtered_SMN-3_SCN-6_SMR-0.1_RPN-1_RTN-2.C2T.mpmat
    wildcards: sample=Vector-VEGFA-PD, rep=rep1, SMN=3, SCN=6, SMR=0.1, RPN=1, RTN=2, ac=C, bd=T


        /home/zhaohuanan/zhaohn_HD/miniconda3/envs/snakepipes_detect-seq/bin/python ./program/mpmat-select-V02.py         -i ../mpmat/293T-bat_Vector-VEGFA-PD_rep1_hg38.select.C2T.mpmat -o ../mpmat_filter/293T-bat_Vector-VEGFA-PD_rep1_hg38.filtered_SMN-3_SCN-6_SMR-0.1_RPN-1_RTN-2.C2T.mpmat         -f C -t T         --SiteMutNum 3         --SiteCoverNum 6         --SiteMutRatio 0.1         --RegionPassNum 1         --RegionToleranceNum 2         --InHeader False         --OutHeader False
        
Submitted job 15 with external jobid '198201'.

[Thu Feb  4 15:19:35 2021]
rule mpmat_filter:
    input: ../mpmat/293T-bat_All-VEGFA-PD_rep2_hg38.select.C2T.mpmat
    output: ../mpmat_filter/293T-bat_All-VEGFA-PD_rep2_hg38.filtered_SMN-3_SCN-6_SMR-0.1_RPN-1_RTN-2.C2T.mpmat
    jobid: 14
    reason: Missing output files: ../mpmat_filter/293T-bat_All-VEGFA-PD_rep2_hg38.filtered_SMN-3_SCN-6_SMR-0.1_RPN-1_RTN-2.C2T.mpmat
    wildcards: sample=All-VEGFA-PD, rep=rep2, SMN=3, SCN=6, SMR=0.1, RPN=1, RTN=2, ac=C, bd=T


        /home/zhaohuanan/zhaohn_HD/miniconda3/envs/snakepipes_detect-seq/bin/python ./program/mpmat-select-V02.py         -i ../mpmat/293T-bat_All-VEGFA-PD_rep2_hg38.select.C2T.mpmat -o ../mpmat_filter/293T-bat_All-VEGFA-PD_rep2_hg38.filtered_SMN-3_SCN-6_SMR-0.1_RPN-1_RTN-2.C2T.mpmat         -f C -t T         --SiteMutNum 3         --SiteCoverNum 6         --SiteMutRatio 0.1         --RegionPassNum 1         --RegionToleranceNum 2         --InHeader False         --OutHeader False
        
Submitted job 14 with external jobid '198202'.

[Thu Feb  4 15:19:36 2021]
rule mpmat_filter:
    input: ../mpmat/293T-bat_All-VEGFA-PD_rep1_hg38.select.G2A.mpmat
    output: ../mpmat_filter/293T-bat_All-VEGFA-PD_rep1_hg38.filtered_SMN-3_SCN-6_SMR-0.1_RPN-1_RTN-2.G2A.mpmat
    jobid: 29
    reason: Missing output files: ../mpmat_filter/293T-bat_All-VEGFA-PD_rep1_hg38.filtered_SMN-3_SCN-6_SMR-0.1_RPN-1_RTN-2.G2A.mpmat
    wildcards: sample=All-VEGFA-PD, rep=rep1, SMN=3, SCN=6, SMR=0.1, RPN=1, RTN=2, ac=G, bd=A


        /home/zhaohuanan/zhaohn_HD/miniconda3/envs/snakepipes_detect-seq/bin/python ./program/mpmat-select-V02.py         -i ../mpmat/293T-bat_All-VEGFA-PD_rep1_hg38.select.G2A.mpmat -o ../mpmat_filter/293T-bat_All-VEGFA-PD_rep1_hg38.filtered_SMN-3_SCN-6_SMR-0.1_RPN-1_RTN-2.G2A.mpmat         -f G -t A         --SiteMutNum 3         --SiteCoverNum 6         --SiteMutRatio 0.1         --RegionPassNum 1         --RegionToleranceNum 2         --InHeader False         --OutHeader False
        
Submitted job 29 with external jobid '198203'.

[Thu Feb  4 15:19:36 2021]
rule mpmat_filter:
    input: ../mpmat/293T-bat_33A-EMX1-PD_rep2_hg38.select.C2T.mpmat
    output: ../mpmat_filter/293T-bat_33A-EMX1-PD_rep2_hg38.filtered_SMN-3_SCN-6_SMR-0.1_RPN-1_RTN-2.C2T.mpmat
    jobid: 6
    reason: Missing output files: ../mpmat_filter/293T-bat_33A-EMX1-PD_rep2_hg38.filtered_SMN-3_SCN-6_SMR-0.1_RPN-1_RTN-2.C2T.mpmat
    wildcards: sample=33A-EMX1-PD, rep=rep2, SMN=3, SCN=6, SMR=0.1, RPN=1, RTN=2, ac=C, bd=T


        /home/zhaohuanan/zhaohn_HD/miniconda3/envs/snakepipes_detect-seq/bin/python ./program/mpmat-select-V02.py         -i ../mpmat/293T-bat_33A-EMX1-PD_rep2_hg38.select.C2T.mpmat -o ../mpmat_filter/293T-bat_33A-EMX1-PD_rep2_hg38.filtered_SMN-3_SCN-6_SMR-0.1_RPN-1_RTN-2.C2T.mpmat         -f C -t T         --SiteMutNum 3         --SiteCoverNum 6         --SiteMutRatio 0.1         --RegionPassNum 1         --RegionToleranceNum 2         --InHeader False         --OutHeader False
        
Submitted job 6 with external jobid '198204'.

[Thu Feb  4 15:19:36 2021]
rule mpmat_filter:
    input: ../mpmat/293T-bat_33A-EMX1-PD_rep1_hg38.select.G2A.mpmat
    output: ../mpmat_filter/293T-bat_33A-EMX1-PD_rep1_hg38.filtered_SMN-3_SCN-6_SMR-0.1_RPN-1_RTN-2.G2A.mpmat
    jobid: 21
    reason: Missing output files: ../mpmat_filter/293T-bat_33A-EMX1-PD_rep1_hg38.filtered_SMN-3_SCN-6_SMR-0.1_RPN-1_RTN-2.G2A.mpmat
    wildcards: sample=33A-EMX1-PD, rep=rep1, SMN=3, SCN=6, SMR=0.1, RPN=1, RTN=2, ac=G, bd=A


        /home/zhaohuanan/zhaohn_HD/miniconda3/envs/snakepipes_detect-seq/bin/python ./program/mpmat-select-V02.py         -i ../mpmat/293T-bat_33A-EMX1-PD_rep1_hg38.select.G2A.mpmat -o ../mpmat_filter/293T-bat_33A-EMX1-PD_rep1_hg38.filtered_SMN-3_SCN-6_SMR-0.1_RPN-1_RTN-2.G2A.mpmat         -f G -t A         --SiteMutNum 3         --SiteCoverNum 6         --SiteMutRatio 0.1         --RegionPassNum 1         --RegionToleranceNum 2         --InHeader False         --OutHeader False
        
Submitted job 21 with external jobid '198205'.

[Thu Feb  4 15:19:37 2021]
rule mpmat_filter:
    input: ../mpmat/293T-bat_M2-EMX1-PD_rep2_hg38.select.C2T.mpmat
    output: ../mpmat_filter/293T-bat_M2-EMX1-PD_rep2_hg38.filtered_SMN-3_SCN-6_SMR-0.1_RPN-1_RTN-2.C2T.mpmat
    jobid: 10
    reason: Missing output files: ../mpmat_filter/293T-bat_M2-EMX1-PD_rep2_hg38.filtered_SMN-3_SCN-6_SMR-0.1_RPN-1_RTN-2.C2T.mpmat
    wildcards: sample=M2-EMX1-PD, rep=rep2, SMN=3, SCN=6, SMR=0.1, RPN=1, RTN=2, ac=C, bd=T


        /home/zhaohuanan/zhaohn_HD/miniconda3/envs/snakepipes_detect-seq/bin/python ./program/mpmat-select-V02.py         -i ../mpmat/293T-bat_M2-EMX1-PD_rep2_hg38.select.C2T.mpmat -o ../mpmat_filter/293T-bat_M2-EMX1-PD_rep2_hg38.filtered_SMN-3_SCN-6_SMR-0.1_RPN-1_RTN-2.C2T.mpmat         -f C -t T         --SiteMutNum 3         --SiteCoverNum 6         --SiteMutRatio 0.1         --RegionPassNum 1         --RegionToleranceNum 2         --InHeader False         --OutHeader False
        
Submitted job 10 with external jobid '198206'.

[Thu Feb  4 15:19:37 2021]
rule mpmat_filter:
    input: ../mpmat/293T-bat_All-EMX1-PD_rep2_hg38.select.C2T.mpmat
    output: ../mpmat_filter/293T-bat_All-EMX1-PD_rep2_hg38.filtered_SMN-3_SCN-6_SMR-0.1_RPN-1_RTN-2.C2T.mpmat
    jobid: 12
    reason: Missing output files: ../mpmat_filter/293T-bat_All-EMX1-PD_rep2_hg38.filtered_SMN-3_SCN-6_SMR-0.1_RPN-1_RTN-2.C2T.mpmat
    wildcards: sample=All-EMX1-PD, rep=rep2, SMN=3, SCN=6, SMR=0.1, RPN=1, RTN=2, ac=C, bd=T


        /home/zhaohuanan/zhaohn_HD/miniconda3/envs/snakepipes_detect-seq/bin/python ./program/mpmat-select-V02.py         -i ../mpmat/293T-bat_All-EMX1-PD_rep2_hg38.select.C2T.mpmat -o ../mpmat_filter/293T-bat_All-EMX1-PD_rep2_hg38.filtered_SMN-3_SCN-6_SMR-0.1_RPN-1_RTN-2.C2T.mpmat         -f C -t T         --SiteMutNum 3         --SiteCoverNum 6         --SiteMutRatio 0.1         --RegionPassNum 1         --RegionToleranceNum 2         --InHeader False         --OutHeader False
        
Submitted job 12 with external jobid '198207'.

[Thu Feb  4 15:19:37 2021]
rule mpmat_filter:
    input: ../mpmat/293T-bat_All-EMX1-PD_rep1_hg38.select.G2A.mpmat
    output: ../mpmat_filter/293T-bat_All-EMX1-PD_rep1_hg38.filtered_SMN-3_SCN-6_SMR-0.1_RPN-1_RTN-2.G2A.mpmat
    jobid: 27
    reason: Missing output files: ../mpmat_filter/293T-bat_All-EMX1-PD_rep1_hg38.filtered_SMN-3_SCN-6_SMR-0.1_RPN-1_RTN-2.G2A.mpmat
    wildcards: sample=All-EMX1-PD, rep=rep1, SMN=3, SCN=6, SMR=0.1, RPN=1, RTN=2, ac=G, bd=A


        /home/zhaohuanan/zhaohn_HD/miniconda3/envs/snakepipes_detect-seq/bin/python ./program/mpmat-select-V02.py         -i ../mpmat/293T-bat_All-EMX1-PD_rep1_hg38.select.G2A.mpmat -o ../mpmat_filter/293T-bat_All-EMX1-PD_rep1_hg38.filtered_SMN-3_SCN-6_SMR-0.1_RPN-1_RTN-2.G2A.mpmat         -f G -t A         --SiteMutNum 3         --SiteCoverNum 6         --SiteMutRatio 0.1         --RegionPassNum 1         --RegionToleranceNum 2         --InHeader False         --OutHeader False
        
Submitted job 27 with external jobid '198208'.
[Thu Feb  4 15:19:44 2021]
Error in rule mpmat_filter:
    jobid: 20
    output: ../mpmat_filter/293T-bat_YE1-VEGFA-PD_rep2_hg38.filtered_SMN-3_SCN-6_SMR-0.1_RPN-1_RTN-2.G2A.mpmat
    shell:
        
        /home/zhaohuanan/zhaohn_HD/miniconda3/envs/snakepipes_detect-seq/bin/python ./program/mpmat-select-V02.py         -i ../mpmat/293T-bat_YE1-VEGFA-PD_rep2_hg38.select.G2A.mpmat -o ../mpmat_filter/293T-bat_YE1-VEGFA-PD_rep2_hg38.filtered_SMN-3_SCN-6_SMR-0.1_RPN-1_RTN-2.G2A.mpmat         -f G -t A         --SiteMutNum 3         --SiteCoverNum 6         --SiteMutRatio 0.1         --RegionPassNum 1         --RegionToleranceNum 2         --InHeader False         --OutHeader False
        
        (one of the commands exited with non-zero exit code; note that snakemake uses bash strict mode!)
    cluster_jobid: 198199

Error executing rule mpmat_filter on cluster (jobid: 20, external: 198199, jobscript: /gpfs/user/zhaohuanan/3.project/2021_CBE_variant_and_GBE_topic/20210202_DetectSeq_M2-YE1-33A-call-points_sgRNA-EMX1-VEGFA_redo/snakepipes_Detect-seq/.snakemake/tmp.booqmsen/snakejob.mpmat_filter.20.sh). For error details see the cluster log and the log files of the involved rule(s).
Trying to restart job 20.

[Thu Feb  4 15:19:44 2021]
rule mpmat_filter:
    input: ../mpmat/293T-bat_All-VEGFA-PD_rep1_hg38.select.C2T.mpmat
    output: ../mpmat_filter/293T-bat_All-VEGFA-PD_rep1_hg38.filtered_SMN-3_SCN-6_SMR-0.1_RPN-1_RTN-2.C2T.mpmat
    jobid: 13
    reason: Missing output files: ../mpmat_filter/293T-bat_All-VEGFA-PD_rep1_hg38.filtered_SMN-3_SCN-6_SMR-0.1_RPN-1_RTN-2.C2T.mpmat
    wildcards: sample=All-VEGFA-PD, rep=rep1, SMN=3, SCN=6, SMR=0.1, RPN=1, RTN=2, ac=C, bd=T


        /home/zhaohuanan/zhaohn_HD/miniconda3/envs/snakepipes_detect-seq/bin/python ./program/mpmat-select-V02.py         -i ../mpmat/293T-bat_All-VEGFA-PD_rep1_hg38.select.C2T.mpmat -o ../mpmat_filter/293T-bat_All-VEGFA-PD_rep1_hg38.filtered_SMN-3_SCN-6_SMR-0.1_RPN-1_RTN-2.C2T.mpmat         -f C -t T         --SiteMutNum 3         --SiteCoverNum 6         --SiteMutRatio 0.1         --RegionPassNum 1         --RegionToleranceNum 2         --InHeader False         --OutHeader False
        
[Thu Feb  4 15:19:45 2021]
Error in rule mpmat_filter:
    jobid: 7
    output: ../mpmat_filter/293T-bat_33A-VEGFA-PD_rep1_hg38.filtered_SMN-3_SCN-6_SMR-0.1_RPN-1_RTN-2.C2T.mpmat
    shell:
        
        /home/zhaohuanan/zhaohn_HD/miniconda3/envs/snakepipes_detect-seq/bin/python ./program/mpmat-select-V02.py         -i ../mpmat/293T-bat_33A-VEGFA-PD_rep1_hg38.select.C2T.mpmat -o ../mpmat_filter/293T-bat_33A-VEGFA-PD_rep1_hg38.filtered_SMN-3_SCN-6_SMR-0.1_RPN-1_RTN-2.C2T.mpmat         -f C -t T         --SiteMutNum 3         --SiteCoverNum 6         --SiteMutRatio 0.1         --RegionPassNum 1         --RegionToleranceNum 2         --InHeader False         --OutHeader False
        
        (one of the commands exited with non-zero exit code; note that snakemake uses bash strict mode!)
    cluster_jobid: 198200

Error executing rule mpmat_filter on cluster (jobid: 7, external: 198200, jobscript: /gpfs/user/zhaohuanan/3.project/2021_CBE_variant_and_GBE_topic/20210202_DetectSeq_M2-YE1-33A-call-points_sgRNA-EMX1-VEGFA_redo/snakepipes_Detect-seq/.snakemake/tmp.booqmsen/snakejob.mpmat_filter.7.sh). For error details see the cluster log and the log files of the involved rule(s).
Trying to restart job 7.
Submitted job 13 with external jobid '198209'.

[Thu Feb  4 15:19:45 2021]
rule mpmat_filter:
    input: ../mpmat/293T-bat_All-EMX1-PD_rep2_hg38.select.G2A.mpmat
    output: ../mpmat_filter/293T-bat_All-EMX1-PD_rep2_hg38.filtered_SMN-3_SCN-6_SMR-0.1_RPN-1_RTN-2.G2A.mpmat
    jobid: 28
    reason: Missing output files: ../mpmat_filter/293T-bat_All-EMX1-PD_rep2_hg38.filtered_SMN-3_SCN-6_SMR-0.1_RPN-1_RTN-2.G2A.mpmat
    wildcards: sample=All-EMX1-PD, rep=rep2, SMN=3, SCN=6, SMR=0.1, RPN=1, RTN=2, ac=G, bd=A


        /home/zhaohuanan/zhaohn_HD/miniconda3/envs/snakepipes_detect-seq/bin/python ./program/mpmat-select-V02.py         -i ../mpmat/293T-bat_All-EMX1-PD_rep2_hg38.select.G2A.mpmat -o ../mpmat_filter/293T-bat_All-EMX1-PD_rep2_hg38.filtered_SMN-3_SCN-6_SMR-0.1_RPN-1_RTN-2.G2A.mpmat         -f G -t A         --SiteMutNum 3         --SiteCoverNum 6         --SiteMutRatio 0.1         --RegionPassNum 1         --RegionToleranceNum 2         --InHeader False         --OutHeader False
        
[Thu Feb  4 15:19:45 2021]
Error in rule mpmat_filter:
    jobid: 15
    output: ../mpmat_filter/293T-bat_Vector-VEGFA-PD_rep1_hg38.filtered_SMN-3_SCN-6_SMR-0.1_RPN-1_RTN-2.C2T.mpmat
    shell:
        
        /home/zhaohuanan/zhaohn_HD/miniconda3/envs/snakepipes_detect-seq/bin/python ./program/mpmat-select-V02.py         -i ../mpmat/293T-bat_Vector-VEGFA-PD_rep1_hg38.select.C2T.mpmat -o ../mpmat_filter/293T-bat_Vector-VEGFA-PD_rep1_hg38.filtered_SMN-3_SCN-6_SMR-0.1_RPN-1_RTN-2.C2T.mpmat         -f C -t T         --SiteMutNum 3         --SiteCoverNum 6         --SiteMutRatio 0.1         --RegionPassNum 1         --RegionToleranceNum 2         --InHeader False         --OutHeader False
        
        (one of the commands exited with non-zero exit code; note that snakemake uses bash strict mode!)
    cluster_jobid: 198201

Error executing rule mpmat_filter on cluster (jobid: 15, external: 198201, jobscript: /gpfs/user/zhaohuanan/3.project/2021_CBE_variant_and_GBE_topic/20210202_DetectSeq_M2-YE1-33A-call-points_sgRNA-EMX1-VEGFA_redo/snakepipes_Detect-seq/.snakemake/tmp.booqmsen/snakejob.mpmat_filter.15.sh). For error details see the cluster log and the log files of the involved rule(s).
Trying to restart job 15.
[Thu Feb  4 15:19:45 2021]
Error in rule mpmat_filter:
    jobid: 14
    output: ../mpmat_filter/293T-bat_All-VEGFA-PD_rep2_hg38.filtered_SMN-3_SCN-6_SMR-0.1_RPN-1_RTN-2.C2T.mpmat
    shell:
        
        /home/zhaohuanan/zhaohn_HD/miniconda3/envs/snakepipes_detect-seq/bin/python ./program/mpmat-select-V02.py         -i ../mpmat/293T-bat_All-VEGFA-PD_rep2_hg38.select.C2T.mpmat -o ../mpmat_filter/293T-bat_All-VEGFA-PD_rep2_hg38.filtered_SMN-3_SCN-6_SMR-0.1_RPN-1_RTN-2.C2T.mpmat         -f C -t T         --SiteMutNum 3         --SiteCoverNum 6         --SiteMutRatio 0.1         --RegionPassNum 1         --RegionToleranceNum 2         --InHeader False         --OutHeader False
        
        (one of the commands exited with non-zero exit code; note that snakemake uses bash strict mode!)
    cluster_jobid: 198202

Error executing rule mpmat_filter on cluster (jobid: 14, external: 198202, jobscript: /gpfs/user/zhaohuanan/3.project/2021_CBE_variant_and_GBE_topic/20210202_DetectSeq_M2-YE1-33A-call-points_sgRNA-EMX1-VEGFA_redo/snakepipes_Detect-seq/.snakemake/tmp.booqmsen/snakejob.mpmat_filter.14.sh). For error details see the cluster log and the log files of the involved rule(s).
Trying to restart job 14.
Submitted job 28 with external jobid '198210'.

[Thu Feb  4 15:19:45 2021]
rule mpmat_filter:
    input: ../mpmat/293T-bat_Vector-VEGFA-PD_rep2_hg38.select.C2T.mpmat
    output: ../mpmat_filter/293T-bat_Vector-VEGFA-PD_rep2_hg38.filtered_SMN-3_SCN-6_SMR-0.1_RPN-1_RTN-2.C2T.mpmat
    jobid: 16
    reason: Missing output files: ../mpmat_filter/293T-bat_Vector-VEGFA-PD_rep2_hg38.filtered_SMN-3_SCN-6_SMR-0.1_RPN-1_RTN-2.C2T.mpmat
    wildcards: sample=Vector-VEGFA-PD, rep=rep2, SMN=3, SCN=6, SMR=0.1, RPN=1, RTN=2, ac=C, bd=T


        /home/zhaohuanan/zhaohn_HD/miniconda3/envs/snakepipes_detect-seq/bin/python ./program/mpmat-select-V02.py         -i ../mpmat/293T-bat_Vector-VEGFA-PD_rep2_hg38.select.C2T.mpmat -o ../mpmat_filter/293T-bat_Vector-VEGFA-PD_rep2_hg38.filtered_SMN-3_SCN-6_SMR-0.1_RPN-1_RTN-2.C2T.mpmat         -f C -t T         --SiteMutNum 3         --SiteCoverNum 6         --SiteMutRatio 0.1         --RegionPassNum 1         --RegionToleranceNum 2         --InHeader False         --OutHeader False
        
[Thu Feb  4 15:19:45 2021]
Error in rule mpmat_filter:
    jobid: 29
    output: ../mpmat_filter/293T-bat_All-VEGFA-PD_rep1_hg38.filtered_SMN-3_SCN-6_SMR-0.1_RPN-1_RTN-2.G2A.mpmat
    shell:
        
        /home/zhaohuanan/zhaohn_HD/miniconda3/envs/snakepipes_detect-seq/bin/python ./program/mpmat-select-V02.py         -i ../mpmat/293T-bat_All-VEGFA-PD_rep1_hg38.select.G2A.mpmat -o ../mpmat_filter/293T-bat_All-VEGFA-PD_rep1_hg38.filtered_SMN-3_SCN-6_SMR-0.1_RPN-1_RTN-2.G2A.mpmat         -f G -t A         --SiteMutNum 3         --SiteCoverNum 6         --SiteMutRatio 0.1         --RegionPassNum 1         --RegionToleranceNum 2         --InHeader False         --OutHeader False
        
        (one of the commands exited with non-zero exit code; note that snakemake uses bash strict mode!)
    cluster_jobid: 198203

Error executing rule mpmat_filter on cluster (jobid: 29, external: 198203, jobscript: /gpfs/user/zhaohuanan/3.project/2021_CBE_variant_and_GBE_topic/20210202_DetectSeq_M2-YE1-33A-call-points_sgRNA-EMX1-VEGFA_redo/snakepipes_Detect-seq/.snakemake/tmp.booqmsen/snakejob.mpmat_filter.29.sh). For error details see the cluster log and the log files of the involved rule(s).
Trying to restart job 29.
[Thu Feb  4 15:19:45 2021]
Error in rule mpmat_filter:
    jobid: 6
    output: ../mpmat_filter/293T-bat_33A-EMX1-PD_rep2_hg38.filtered_SMN-3_SCN-6_SMR-0.1_RPN-1_RTN-2.C2T.mpmat
    shell:
        
        /home/zhaohuanan/zhaohn_HD/miniconda3/envs/snakepipes_detect-seq/bin/python ./program/mpmat-select-V02.py         -i ../mpmat/293T-bat_33A-EMX1-PD_rep2_hg38.select.C2T.mpmat -o ../mpmat_filter/293T-bat_33A-EMX1-PD_rep2_hg38.filtered_SMN-3_SCN-6_SMR-0.1_RPN-1_RTN-2.C2T.mpmat         -f C -t T         --SiteMutNum 3         --SiteCoverNum 6         --SiteMutRatio 0.1         --RegionPassNum 1         --RegionToleranceNum 2         --InHeader False         --OutHeader False
        
        (one of the commands exited with non-zero exit code; note that snakemake uses bash strict mode!)
    cluster_jobid: 198204

Error executing rule mpmat_filter on cluster (jobid: 6, external: 198204, jobscript: /gpfs/user/zhaohuanan/3.project/2021_CBE_variant_and_GBE_topic/20210202_DetectSeq_M2-YE1-33A-call-points_sgRNA-EMX1-VEGFA_redo/snakepipes_Detect-seq/.snakemake/tmp.booqmsen/snakejob.mpmat_filter.6.sh). For error details see the cluster log and the log files of the involved rule(s).
Trying to restart job 6.
Submitted job 16 with external jobid '198211'.

[Thu Feb  4 15:19:45 2021]
rule mpmat_filter:
    input: ../mpmat/293T-bat_All-VEGFA-PD_rep2_hg38.select.C2T.mpmat
    output: ../mpmat_filter/293T-bat_All-VEGFA-PD_rep2_hg38.filtered_SMN-3_SCN-6_SMR-0.1_RPN-1_RTN-2.C2T.mpmat
    jobid: 14
    reason: Missing output files: ../mpmat_filter/293T-bat_All-VEGFA-PD_rep2_hg38.filtered_SMN-3_SCN-6_SMR-0.1_RPN-1_RTN-2.C2T.mpmat
    wildcards: sample=All-VEGFA-PD, rep=rep2, SMN=3, SCN=6, SMR=0.1, RPN=1, RTN=2, ac=C, bd=T


        /home/zhaohuanan/zhaohn_HD/miniconda3/envs/snakepipes_detect-seq/bin/python ./program/mpmat-select-V02.py         -i ../mpmat/293T-bat_All-VEGFA-PD_rep2_hg38.select.C2T.mpmat -o ../mpmat_filter/293T-bat_All-VEGFA-PD_rep2_hg38.filtered_SMN-3_SCN-6_SMR-0.1_RPN-1_RTN-2.C2T.mpmat         -f C -t T         --SiteMutNum 3         --SiteCoverNum 6         --SiteMutRatio 0.1         --RegionPassNum 1         --RegionToleranceNum 2         --InHeader False         --OutHeader False
        
[Thu Feb  4 15:19:45 2021]
Error in rule mpmat_filter:
    jobid: 21
    output: ../mpmat_filter/293T-bat_33A-EMX1-PD_rep1_hg38.filtered_SMN-3_SCN-6_SMR-0.1_RPN-1_RTN-2.G2A.mpmat
    shell:
        
        /home/zhaohuanan/zhaohn_HD/miniconda3/envs/snakepipes_detect-seq/bin/python ./program/mpmat-select-V02.py         -i ../mpmat/293T-bat_33A-EMX1-PD_rep1_hg38.select.G2A.mpmat -o ../mpmat_filter/293T-bat_33A-EMX1-PD_rep1_hg38.filtered_SMN-3_SCN-6_SMR-0.1_RPN-1_RTN-2.G2A.mpmat         -f G -t A         --SiteMutNum 3         --SiteCoverNum 6         --SiteMutRatio 0.1         --RegionPassNum 1         --RegionToleranceNum 2         --InHeader False         --OutHeader False
        
        (one of the commands exited with non-zero exit code; note that snakemake uses bash strict mode!)
    cluster_jobid: 198205

Error executing rule mpmat_filter on cluster (jobid: 21, external: 198205, jobscript: /gpfs/user/zhaohuanan/3.project/2021_CBE_variant_and_GBE_topic/20210202_DetectSeq_M2-YE1-33A-call-points_sgRNA-EMX1-VEGFA_redo/snakepipes_Detect-seq/.snakemake/tmp.booqmsen/snakejob.mpmat_filter.21.sh). For error details see the cluster log and the log files of the involved rule(s).
Trying to restart job 21.
Submitted job 14 with external jobid '198212'.

[Thu Feb  4 15:19:46 2021]
rule mpmat_filter:
    input: ../mpmat/293T-bat_YE1-EMX1-PD_rep1_hg38.select.C2T.mpmat
    output: ../mpmat_filter/293T-bat_YE1-EMX1-PD_rep1_hg38.filtered_SMN-3_SCN-6_SMR-0.1_RPN-1_RTN-2.C2T.mpmat
    jobid: 1
    reason: Missing output files: ../mpmat_filter/293T-bat_YE1-EMX1-PD_rep1_hg38.filtered_SMN-3_SCN-6_SMR-0.1_RPN-1_RTN-2.C2T.mpmat
    wildcards: sample=YE1-EMX1-PD, rep=rep1, SMN=3, SCN=6, SMR=0.1, RPN=1, RTN=2, ac=C, bd=T


        /home/zhaohuanan/zhaohn_HD/miniconda3/envs/snakepipes_detect-seq/bin/python ./program/mpmat-select-V02.py         -i ../mpmat/293T-bat_YE1-EMX1-PD_rep1_hg38.select.C2T.mpmat -o ../mpmat_filter/293T-bat_YE1-EMX1-PD_rep1_hg38.filtered_SMN-3_SCN-6_SMR-0.1_RPN-1_RTN-2.C2T.mpmat         -f C -t T         --SiteMutNum 3         --SiteCoverNum 6         --SiteMutRatio 0.1         --RegionPassNum 1         --RegionToleranceNum 2         --InHeader False         --OutHeader False
        
[Thu Feb  4 15:19:46 2021]
Error in rule mpmat_filter:
    jobid: 10
    output: ../mpmat_filter/293T-bat_M2-EMX1-PD_rep2_hg38.filtered_SMN-3_SCN-6_SMR-0.1_RPN-1_RTN-2.C2T.mpmat
    shell:
        
        /home/zhaohuanan/zhaohn_HD/miniconda3/envs/snakepipes_detect-seq/bin/python ./program/mpmat-select-V02.py         -i ../mpmat/293T-bat_M2-EMX1-PD_rep2_hg38.select.C2T.mpmat -o ../mpmat_filter/293T-bat_M2-EMX1-PD_rep2_hg38.filtered_SMN-3_SCN-6_SMR-0.1_RPN-1_RTN-2.C2T.mpmat         -f C -t T         --SiteMutNum 3         --SiteCoverNum 6         --SiteMutRatio 0.1         --RegionPassNum 1         --RegionToleranceNum 2         --InHeader False         --OutHeader False
        
        (one of the commands exited with non-zero exit code; note that snakemake uses bash strict mode!)
    cluster_jobid: 198206

Error executing rule mpmat_filter on cluster (jobid: 10, external: 198206, jobscript: /gpfs/user/zhaohuanan/3.project/2021_CBE_variant_and_GBE_topic/20210202_DetectSeq_M2-YE1-33A-call-points_sgRNA-EMX1-VEGFA_redo/snakepipes_Detect-seq/.snakemake/tmp.booqmsen/snakejob.mpmat_filter.10.sh). For error details see the cluster log and the log files of the involved rule(s).
Trying to restart job 10.
[Thu Feb  4 15:19:46 2021]
Error in rule mpmat_filter:
    jobid: 12
    output: ../mpmat_filter/293T-bat_All-EMX1-PD_rep2_hg38.filtered_SMN-3_SCN-6_SMR-0.1_RPN-1_RTN-2.C2T.mpmat
    shell:
        
        /home/zhaohuanan/zhaohn_HD/miniconda3/envs/snakepipes_detect-seq/bin/python ./program/mpmat-select-V02.py         -i ../mpmat/293T-bat_All-EMX1-PD_rep2_hg38.select.C2T.mpmat -o ../mpmat_filter/293T-bat_All-EMX1-PD_rep2_hg38.filtered_SMN-3_SCN-6_SMR-0.1_RPN-1_RTN-2.C2T.mpmat         -f C -t T         --SiteMutNum 3         --SiteCoverNum 6         --SiteMutRatio 0.1         --RegionPassNum 1         --RegionToleranceNum 2         --InHeader False         --OutHeader False
        
        (one of the commands exited with non-zero exit code; note that snakemake uses bash strict mode!)
    cluster_jobid: 198207

Error executing rule mpmat_filter on cluster (jobid: 12, external: 198207, jobscript: /gpfs/user/zhaohuanan/3.project/2021_CBE_variant_and_GBE_topic/20210202_DetectSeq_M2-YE1-33A-call-points_sgRNA-EMX1-VEGFA_redo/snakepipes_Detect-seq/.snakemake/tmp.booqmsen/snakejob.mpmat_filter.12.sh). For error details see the cluster log and the log files of the involved rule(s).
Trying to restart job 12.
Submitted job 1 with external jobid '198213'.

[Thu Feb  4 15:19:46 2021]
rule mpmat_filter:
    input: ../mpmat/293T-bat_All-VEGFA-PD_rep2_hg38.select.G2A.mpmat
    output: ../mpmat_filter/293T-bat_All-VEGFA-PD_rep2_hg38.filtered_SMN-3_SCN-6_SMR-0.1_RPN-1_RTN-2.G2A.mpmat
    jobid: 30
    reason: Missing output files: ../mpmat_filter/293T-bat_All-VEGFA-PD_rep2_hg38.filtered_SMN-3_SCN-6_SMR-0.1_RPN-1_RTN-2.G2A.mpmat
    wildcards: sample=All-VEGFA-PD, rep=rep2, SMN=3, SCN=6, SMR=0.1, RPN=1, RTN=2, ac=G, bd=A


        /home/zhaohuanan/zhaohn_HD/miniconda3/envs/snakepipes_detect-seq/bin/python ./program/mpmat-select-V02.py         -i ../mpmat/293T-bat_All-VEGFA-PD_rep2_hg38.select.G2A.mpmat -o ../mpmat_filter/293T-bat_All-VEGFA-PD_rep2_hg38.filtered_SMN-3_SCN-6_SMR-0.1_RPN-1_RTN-2.G2A.mpmat         -f G -t A         --SiteMutNum 3         --SiteCoverNum 6         --SiteMutRatio 0.1         --RegionPassNum 1         --RegionToleranceNum 2         --InHeader False         --OutHeader False
        
[Thu Feb  4 15:19:46 2021]
Error in rule mpmat_filter:
    jobid: 27
    output: ../mpmat_filter/293T-bat_All-EMX1-PD_rep1_hg38.filtered_SMN-3_SCN-6_SMR-0.1_RPN-1_RTN-2.G2A.mpmat
    shell:
        
        /home/zhaohuanan/zhaohn_HD/miniconda3/envs/snakepipes_detect-seq/bin/python ./program/mpmat-select-V02.py         -i ../mpmat/293T-bat_All-EMX1-PD_rep1_hg38.select.G2A.mpmat -o ../mpmat_filter/293T-bat_All-EMX1-PD_rep1_hg38.filtered_SMN-3_SCN-6_SMR-0.1_RPN-1_RTN-2.G2A.mpmat         -f G -t A         --SiteMutNum 3         --SiteCoverNum 6         --SiteMutRatio 0.1         --RegionPassNum 1         --RegionToleranceNum 2         --InHeader False         --OutHeader False
        
        (one of the commands exited with non-zero exit code; note that snakemake uses bash strict mode!)
    cluster_jobid: 198208

Error executing rule mpmat_filter on cluster (jobid: 27, external: 198208, jobscript: /gpfs/user/zhaohuanan/3.project/2021_CBE_variant_and_GBE_topic/20210202_DetectSeq_M2-YE1-33A-call-points_sgRNA-EMX1-VEGFA_redo/snakepipes_Detect-seq/.snakemake/tmp.booqmsen/snakejob.mpmat_filter.27.sh). For error details see the cluster log and the log files of the involved rule(s).
Trying to restart job 27.
Submitted job 30 with external jobid '198214'.

[Thu Feb  4 15:19:46 2021]
rule mpmat_filter:
    input: ../mpmat/293T-bat_33A-EMX1-PD_rep2_hg38.select.C2T.mpmat
    output: ../mpmat_filter/293T-bat_33A-EMX1-PD_rep2_hg38.filtered_SMN-3_SCN-6_SMR-0.1_RPN-1_RTN-2.C2T.mpmat
    jobid: 6
    reason: Missing output files: ../mpmat_filter/293T-bat_33A-EMX1-PD_rep2_hg38.filtered_SMN-3_SCN-6_SMR-0.1_RPN-1_RTN-2.C2T.mpmat
    wildcards: sample=33A-EMX1-PD, rep=rep2, SMN=3, SCN=6, SMR=0.1, RPN=1, RTN=2, ac=C, bd=T


        /home/zhaohuanan/zhaohn_HD/miniconda3/envs/snakepipes_detect-seq/bin/python ./program/mpmat-select-V02.py         -i ../mpmat/293T-bat_33A-EMX1-PD_rep2_hg38.select.C2T.mpmat -o ../mpmat_filter/293T-bat_33A-EMX1-PD_rep2_hg38.filtered_SMN-3_SCN-6_SMR-0.1_RPN-1_RTN-2.C2T.mpmat         -f C -t T         --SiteMutNum 3         --SiteCoverNum 6         --SiteMutRatio 0.1         --RegionPassNum 1         --RegionToleranceNum 2         --InHeader False         --OutHeader False
        
Submitted job 6 with external jobid '198215'.

[Thu Feb  4 15:19:47 2021]
rule mpmat_filter:
    input: ../mpmat/293T-bat_Vector-VEGFA-PD_rep1_hg38.select.G2A.mpmat
    output: ../mpmat_filter/293T-bat_Vector-VEGFA-PD_rep1_hg38.filtered_SMN-3_SCN-6_SMR-0.1_RPN-1_RTN-2.G2A.mpmat
    jobid: 31
    reason: Missing output files: ../mpmat_filter/293T-bat_Vector-VEGFA-PD_rep1_hg38.filtered_SMN-3_SCN-6_SMR-0.1_RPN-1_RTN-2.G2A.mpmat
    wildcards: sample=Vector-VEGFA-PD, rep=rep1, SMN=3, SCN=6, SMR=0.1, RPN=1, RTN=2, ac=G, bd=A


        /home/zhaohuanan/zhaohn_HD/miniconda3/envs/snakepipes_detect-seq/bin/python ./program/mpmat-select-V02.py         -i ../mpmat/293T-bat_Vector-VEGFA-PD_rep1_hg38.select.G2A.mpmat -o ../mpmat_filter/293T-bat_Vector-VEGFA-PD_rep1_hg38.filtered_SMN-3_SCN-6_SMR-0.1_RPN-1_RTN-2.G2A.mpmat         -f G -t A         --SiteMutNum 3         --SiteCoverNum 6         --SiteMutRatio 0.1         --RegionPassNum 1         --RegionToleranceNum 2         --InHeader False         --OutHeader False
        
Submitted job 31 with external jobid '198216'.

[Thu Feb  4 15:19:47 2021]
rule mpmat_filter:
    input: ../mpmat/293T-bat_33A-EMX1-PD_rep1_hg38.select.G2A.mpmat
    output: ../mpmat_filter/293T-bat_33A-EMX1-PD_rep1_hg38.filtered_SMN-3_SCN-6_SMR-0.1_RPN-1_RTN-2.G2A.mpmat
    jobid: 21
    reason: Missing output files: ../mpmat_filter/293T-bat_33A-EMX1-PD_rep1_hg38.filtered_SMN-3_SCN-6_SMR-0.1_RPN-1_RTN-2.G2A.mpmat
    wildcards: sample=33A-EMX1-PD, rep=rep1, SMN=3, SCN=6, SMR=0.1, RPN=1, RTN=2, ac=G, bd=A


        /home/zhaohuanan/zhaohn_HD/miniconda3/envs/snakepipes_detect-seq/bin/python ./program/mpmat-select-V02.py         -i ../mpmat/293T-bat_33A-EMX1-PD_rep1_hg38.select.G2A.mpmat -o ../mpmat_filter/293T-bat_33A-EMX1-PD_rep1_hg38.filtered_SMN-3_SCN-6_SMR-0.1_RPN-1_RTN-2.G2A.mpmat         -f G -t A         --SiteMutNum 3         --SiteCoverNum 6         --SiteMutRatio 0.1         --RegionPassNum 1         --RegionToleranceNum 2         --InHeader False         --OutHeader False
        
Submitted job 21 with external jobid '198217'.

[Thu Feb  4 15:19:47 2021]
rule mpmat_filter:
    input: ../mpmat/293T-bat_33A-VEGFA-PD_rep1_hg38.select.G2A.mpmat
    output: ../mpmat_filter/293T-bat_33A-VEGFA-PD_rep1_hg38.filtered_SMN-3_SCN-6_SMR-0.1_RPN-1_RTN-2.G2A.mpmat
    jobid: 23
    reason: Missing output files: ../mpmat_filter/293T-bat_33A-VEGFA-PD_rep1_hg38.filtered_SMN-3_SCN-6_SMR-0.1_RPN-1_RTN-2.G2A.mpmat
    wildcards: sample=33A-VEGFA-PD, rep=rep1, SMN=3, SCN=6, SMR=0.1, RPN=1, RTN=2, ac=G, bd=A


        /home/zhaohuanan/zhaohn_HD/miniconda3/envs/snakepipes_detect-seq/bin/python ./program/mpmat-select-V02.py         -i ../mpmat/293T-bat_33A-VEGFA-PD_rep1_hg38.select.G2A.mpmat -o ../mpmat_filter/293T-bat_33A-VEGFA-PD_rep1_hg38.filtered_SMN-3_SCN-6_SMR-0.1_RPN-1_RTN-2.G2A.mpmat         -f G -t A         --SiteMutNum 3         --SiteCoverNum 6         --SiteMutRatio 0.1         --RegionPassNum 1         --RegionToleranceNum 2         --InHeader False         --OutHeader False
        
Submitted job 23 with external jobid '198218'.
[Thu Feb  4 15:19:56 2021]
Error in rule mpmat_filter:
    jobid: 13
    output: ../mpmat_filter/293T-bat_All-VEGFA-PD_rep1_hg38.filtered_SMN-3_SCN-6_SMR-0.1_RPN-1_RTN-2.C2T.mpmat
    shell:
        
        /home/zhaohuanan/zhaohn_HD/miniconda3/envs/snakepipes_detect-seq/bin/python ./program/mpmat-select-V02.py         -i ../mpmat/293T-bat_All-VEGFA-PD_rep1_hg38.select.C2T.mpmat -o ../mpmat_filter/293T-bat_All-VEGFA-PD_rep1_hg38.filtered_SMN-3_SCN-6_SMR-0.1_RPN-1_RTN-2.C2T.mpmat         -f C -t T         --SiteMutNum 3         --SiteCoverNum 6         --SiteMutRatio 0.1         --RegionPassNum 1         --RegionToleranceNum 2         --InHeader False         --OutHeader False
        
        (one of the commands exited with non-zero exit code; note that snakemake uses bash strict mode!)
    cluster_jobid: 198209

Error executing rule mpmat_filter on cluster (jobid: 13, external: 198209, jobscript: /gpfs/user/zhaohuanan/3.project/2021_CBE_variant_and_GBE_topic/20210202_DetectSeq_M2-YE1-33A-call-points_sgRNA-EMX1-VEGFA_redo/snakepipes_Detect-seq/.snakemake/tmp.booqmsen/snakejob.mpmat_filter.13.sh). For error details see the cluster log and the log files of the involved rule(s).
Trying to restart job 13.

[Thu Feb  4 15:19:56 2021]
rule mpmat_filter:
    input: ../mpmat/293T-bat_All-VEGFA-PD_rep1_hg38.select.C2T.mpmat
    output: ../mpmat_filter/293T-bat_All-VEGFA-PD_rep1_hg38.filtered_SMN-3_SCN-6_SMR-0.1_RPN-1_RTN-2.C2T.mpmat
    jobid: 13
    reason: Missing output files: ../mpmat_filter/293T-bat_All-VEGFA-PD_rep1_hg38.filtered_SMN-3_SCN-6_SMR-0.1_RPN-1_RTN-2.C2T.mpmat
    wildcards: sample=All-VEGFA-PD, rep=rep1, SMN=3, SCN=6, SMR=0.1, RPN=1, RTN=2, ac=C, bd=T


        /home/zhaohuanan/zhaohn_HD/miniconda3/envs/snakepipes_detect-seq/bin/python ./program/mpmat-select-V02.py         -i ../mpmat/293T-bat_All-VEGFA-PD_rep1_hg38.select.C2T.mpmat -o ../mpmat_filter/293T-bat_All-VEGFA-PD_rep1_hg38.filtered_SMN-3_SCN-6_SMR-0.1_RPN-1_RTN-2.C2T.mpmat         -f C -t T         --SiteMutNum 3         --SiteCoverNum 6         --SiteMutRatio 0.1         --RegionPassNum 1         --RegionToleranceNum 2         --InHeader False         --OutHeader False
        
[Thu Feb  4 15:19:56 2021]
Error in rule mpmat_filter:
    jobid: 28
    output: ../mpmat_filter/293T-bat_All-EMX1-PD_rep2_hg38.filtered_SMN-3_SCN-6_SMR-0.1_RPN-1_RTN-2.G2A.mpmat
    shell:
        
        /home/zhaohuanan/zhaohn_HD/miniconda3/envs/snakepipes_detect-seq/bin/python ./program/mpmat-select-V02.py         -i ../mpmat/293T-bat_All-EMX1-PD_rep2_hg38.select.G2A.mpmat -o ../mpmat_filter/293T-bat_All-EMX1-PD_rep2_hg38.filtered_SMN-3_SCN-6_SMR-0.1_RPN-1_RTN-2.G2A.mpmat         -f G -t A         --SiteMutNum 3         --SiteCoverNum 6         --SiteMutRatio 0.1         --RegionPassNum 1         --RegionToleranceNum 2         --InHeader False         --OutHeader False
        
        (one of the commands exited with non-zero exit code; note that snakemake uses bash strict mode!)
    cluster_jobid: 198210

Error executing rule mpmat_filter on cluster (jobid: 28, external: 198210, jobscript: /gpfs/user/zhaohuanan/3.project/2021_CBE_variant_and_GBE_topic/20210202_DetectSeq_M2-YE1-33A-call-points_sgRNA-EMX1-VEGFA_redo/snakepipes_Detect-seq/.snakemake/tmp.booqmsen/snakejob.mpmat_filter.28.sh). For error details see the cluster log and the log files of the involved rule(s).
Trying to restart job 28.
Submitted job 13 with external jobid '198219'.
[Thu Feb  4 15:19:57 2021]
Error in rule mpmat_filter:
    jobid: 16
    output: ../mpmat_filter/293T-bat_Vector-VEGFA-PD_rep2_hg38.filtered_SMN-3_SCN-6_SMR-0.1_RPN-1_RTN-2.C2T.mpmat
    shell:
        
        /home/zhaohuanan/zhaohn_HD/miniconda3/envs/snakepipes_detect-seq/bin/python ./program/mpmat-select-V02.py         -i ../mpmat/293T-bat_Vector-VEGFA-PD_rep2_hg38.select.C2T.mpmat -o ../mpmat_filter/293T-bat_Vector-VEGFA-PD_rep2_hg38.filtered_SMN-3_SCN-6_SMR-0.1_RPN-1_RTN-2.C2T.mpmat         -f C -t T         --SiteMutNum 3         --SiteCoverNum 6         --SiteMutRatio 0.1         --RegionPassNum 1         --RegionToleranceNum 2         --InHeader False         --OutHeader False
        
        (one of the commands exited with non-zero exit code; note that snakemake uses bash strict mode!)
    cluster_jobid: 198211

Error executing rule mpmat_filter on cluster (jobid: 16, external: 198211, jobscript: /gpfs/user/zhaohuanan/3.project/2021_CBE_variant_and_GBE_topic/20210202_DetectSeq_M2-YE1-33A-call-points_sgRNA-EMX1-VEGFA_redo/snakepipes_Detect-seq/.snakemake/tmp.booqmsen/snakejob.mpmat_filter.16.sh). For error details see the cluster log and the log files of the involved rule(s).
Trying to restart job 16.

[Thu Feb  4 15:19:57 2021]
rule mpmat_filter:
    input: ../mpmat/293T-bat_All-EMX1-PD_rep2_hg38.select.G2A.mpmat
    output: ../mpmat_filter/293T-bat_All-EMX1-PD_rep2_hg38.filtered_SMN-3_SCN-6_SMR-0.1_RPN-1_RTN-2.G2A.mpmat
    jobid: 28
    reason: Missing output files: ../mpmat_filter/293T-bat_All-EMX1-PD_rep2_hg38.filtered_SMN-3_SCN-6_SMR-0.1_RPN-1_RTN-2.G2A.mpmat
    wildcards: sample=All-EMX1-PD, rep=rep2, SMN=3, SCN=6, SMR=0.1, RPN=1, RTN=2, ac=G, bd=A


        /home/zhaohuanan/zhaohn_HD/miniconda3/envs/snakepipes_detect-seq/bin/python ./program/mpmat-select-V02.py         -i ../mpmat/293T-bat_All-EMX1-PD_rep2_hg38.select.G2A.mpmat -o ../mpmat_filter/293T-bat_All-EMX1-PD_rep2_hg38.filtered_SMN-3_SCN-6_SMR-0.1_RPN-1_RTN-2.G2A.mpmat         -f G -t A         --SiteMutNum 3         --SiteCoverNum 6         --SiteMutRatio 0.1         --RegionPassNum 1         --RegionToleranceNum 2         --InHeader False         --OutHeader False
        
[Thu Feb  4 15:19:57 2021]
Error in rule mpmat_filter:
    jobid: 14
    output: ../mpmat_filter/293T-bat_All-VEGFA-PD_rep2_hg38.filtered_SMN-3_SCN-6_SMR-0.1_RPN-1_RTN-2.C2T.mpmat
    shell:
        
        /home/zhaohuanan/zhaohn_HD/miniconda3/envs/snakepipes_detect-seq/bin/python ./program/mpmat-select-V02.py         -i ../mpmat/293T-bat_All-VEGFA-PD_rep2_hg38.select.C2T.mpmat -o ../mpmat_filter/293T-bat_All-VEGFA-PD_rep2_hg38.filtered_SMN-3_SCN-6_SMR-0.1_RPN-1_RTN-2.C2T.mpmat         -f C -t T         --SiteMutNum 3         --SiteCoverNum 6         --SiteMutRatio 0.1         --RegionPassNum 1         --RegionToleranceNum 2         --InHeader False         --OutHeader False
        
        (one of the commands exited with non-zero exit code; note that snakemake uses bash strict mode!)
    cluster_jobid: 198212

Error executing rule mpmat_filter on cluster (jobid: 14, external: 198212, jobscript: /gpfs/user/zhaohuanan/3.project/2021_CBE_variant_and_GBE_topic/20210202_DetectSeq_M2-YE1-33A-call-points_sgRNA-EMX1-VEGFA_redo/snakepipes_Detect-seq/.snakemake/tmp.booqmsen/snakejob.mpmat_filter.14.sh). For error details see the cluster log and the log files of the involved rule(s).
Trying to restart job 14.
Submitted job 28 with external jobid '198220'.

[Thu Feb  4 15:19:57 2021]
rule mpmat_filter:
    input: ../mpmat/293T-bat_YE1-EMX1-PD_rep2_hg38.select.C2T.mpmat
    output: ../mpmat_filter/293T-bat_YE1-EMX1-PD_rep2_hg38.filtered_SMN-3_SCN-6_SMR-0.1_RPN-1_RTN-2.C2T.mpmat
    jobid: 2
    reason: Missing output files: ../mpmat_filter/293T-bat_YE1-EMX1-PD_rep2_hg38.filtered_SMN-3_SCN-6_SMR-0.1_RPN-1_RTN-2.C2T.mpmat
    wildcards: sample=YE1-EMX1-PD, rep=rep2, SMN=3, SCN=6, SMR=0.1, RPN=1, RTN=2, ac=C, bd=T


        /home/zhaohuanan/zhaohn_HD/miniconda3/envs/snakepipes_detect-seq/bin/python ./program/mpmat-select-V02.py         -i ../mpmat/293T-bat_YE1-EMX1-PD_rep2_hg38.select.C2T.mpmat -o ../mpmat_filter/293T-bat_YE1-EMX1-PD_rep2_hg38.filtered_SMN-3_SCN-6_SMR-0.1_RPN-1_RTN-2.C2T.mpmat         -f C -t T         --SiteMutNum 3         --SiteCoverNum 6         --SiteMutRatio 0.1         --RegionPassNum 1         --RegionToleranceNum 2         --InHeader False         --OutHeader False
        
[Thu Feb  4 15:19:57 2021]
Error in rule mpmat_filter:
    jobid: 1
    output: ../mpmat_filter/293T-bat_YE1-EMX1-PD_rep1_hg38.filtered_SMN-3_SCN-6_SMR-0.1_RPN-1_RTN-2.C2T.mpmat
    shell:
        
        /home/zhaohuanan/zhaohn_HD/miniconda3/envs/snakepipes_detect-seq/bin/python ./program/mpmat-select-V02.py         -i ../mpmat/293T-bat_YE1-EMX1-PD_rep1_hg38.select.C2T.mpmat -o ../mpmat_filter/293T-bat_YE1-EMX1-PD_rep1_hg38.filtered_SMN-3_SCN-6_SMR-0.1_RPN-1_RTN-2.C2T.mpmat         -f C -t T         --SiteMutNum 3         --SiteCoverNum 6         --SiteMutRatio 0.1         --RegionPassNum 1         --RegionToleranceNum 2         --InHeader False         --OutHeader False
        
        (one of the commands exited with non-zero exit code; note that snakemake uses bash strict mode!)
    cluster_jobid: 198213

Error executing rule mpmat_filter on cluster (jobid: 1, external: 198213, jobscript: /gpfs/user/zhaohuanan/3.project/2021_CBE_variant_and_GBE_topic/20210202_DetectSeq_M2-YE1-33A-call-points_sgRNA-EMX1-VEGFA_redo/snakepipes_Detect-seq/.snakemake/tmp.booqmsen/snakejob.mpmat_filter.1.sh). For error details see the cluster log and the log files of the involved rule(s).
Trying to restart job 1.
[Thu Feb  4 15:19:57 2021]
Error in rule mpmat_filter:
    jobid: 30
    output: ../mpmat_filter/293T-bat_All-VEGFA-PD_rep2_hg38.filtered_SMN-3_SCN-6_SMR-0.1_RPN-1_RTN-2.G2A.mpmat
    shell:
        
        /home/zhaohuanan/zhaohn_HD/miniconda3/envs/snakepipes_detect-seq/bin/python ./program/mpmat-select-V02.py         -i ../mpmat/293T-bat_All-VEGFA-PD_rep2_hg38.select.G2A.mpmat -o ../mpmat_filter/293T-bat_All-VEGFA-PD_rep2_hg38.filtered_SMN-3_SCN-6_SMR-0.1_RPN-1_RTN-2.G2A.mpmat         -f G -t A         --SiteMutNum 3         --SiteCoverNum 6         --SiteMutRatio 0.1         --RegionPassNum 1         --RegionToleranceNum 2         --InHeader False         --OutHeader False
        
        (one of the commands exited with non-zero exit code; note that snakemake uses bash strict mode!)
    cluster_jobid: 198214

Error executing rule mpmat_filter on cluster (jobid: 30, external: 198214, jobscript: /gpfs/user/zhaohuanan/3.project/2021_CBE_variant_and_GBE_topic/20210202_DetectSeq_M2-YE1-33A-call-points_sgRNA-EMX1-VEGFA_redo/snakepipes_Detect-seq/.snakemake/tmp.booqmsen/snakejob.mpmat_filter.30.sh). For error details see the cluster log and the log files of the involved rule(s).
Trying to restart job 30.
Submitted job 2 with external jobid '198221'.

[Thu Feb  4 15:19:57 2021]
rule mpmat_filter:
    input: ../mpmat/293T-bat_All-VEGFA-PD_rep2_hg38.select.C2T.mpmat
    output: ../mpmat_filter/293T-bat_All-VEGFA-PD_rep2_hg38.filtered_SMN-3_SCN-6_SMR-0.1_RPN-1_RTN-2.C2T.mpmat
    jobid: 14
    reason: Missing output files: ../mpmat_filter/293T-bat_All-VEGFA-PD_rep2_hg38.filtered_SMN-3_SCN-6_SMR-0.1_RPN-1_RTN-2.C2T.mpmat
    wildcards: sample=All-VEGFA-PD, rep=rep2, SMN=3, SCN=6, SMR=0.1, RPN=1, RTN=2, ac=C, bd=T


        /home/zhaohuanan/zhaohn_HD/miniconda3/envs/snakepipes_detect-seq/bin/python ./program/mpmat-select-V02.py         -i ../mpmat/293T-bat_All-VEGFA-PD_rep2_hg38.select.C2T.mpmat -o ../mpmat_filter/293T-bat_All-VEGFA-PD_rep2_hg38.filtered_SMN-3_SCN-6_SMR-0.1_RPN-1_RTN-2.C2T.mpmat         -f C -t T         --SiteMutNum 3         --SiteCoverNum 6         --SiteMutRatio 0.1         --RegionPassNum 1         --RegionToleranceNum 2         --InHeader False         --OutHeader False
        
[Thu Feb  4 15:19:57 2021]
Error in rule mpmat_filter:
    jobid: 6
    output: ../mpmat_filter/293T-bat_33A-EMX1-PD_rep2_hg38.filtered_SMN-3_SCN-6_SMR-0.1_RPN-1_RTN-2.C2T.mpmat
    shell:
        
        /home/zhaohuanan/zhaohn_HD/miniconda3/envs/snakepipes_detect-seq/bin/python ./program/mpmat-select-V02.py         -i ../mpmat/293T-bat_33A-EMX1-PD_rep2_hg38.select.C2T.mpmat -o ../mpmat_filter/293T-bat_33A-EMX1-PD_rep2_hg38.filtered_SMN-3_SCN-6_SMR-0.1_RPN-1_RTN-2.C2T.mpmat         -f C -t T         --SiteMutNum 3         --SiteCoverNum 6         --SiteMutRatio 0.1         --RegionPassNum 1         --RegionToleranceNum 2         --InHeader False         --OutHeader False
        
        (one of the commands exited with non-zero exit code; note that snakemake uses bash strict mode!)
    cluster_jobid: 198215

Error executing rule mpmat_filter on cluster (jobid: 6, external: 198215, jobscript: /gpfs/user/zhaohuanan/3.project/2021_CBE_variant_and_GBE_topic/20210202_DetectSeq_M2-YE1-33A-call-points_sgRNA-EMX1-VEGFA_redo/snakepipes_Detect-seq/.snakemake/tmp.booqmsen/snakejob.mpmat_filter.6.sh). For error details see the cluster log and the log files of the involved rule(s).
Trying to restart job 6.
Submitted job 14 with external jobid '198222'.

[Thu Feb  4 15:19:58 2021]
rule mpmat_filter:
    input: ../mpmat/293T-bat_YE1-EMX1-PD_rep1_hg38.select.C2T.mpmat
    output: ../mpmat_filter/293T-bat_YE1-EMX1-PD_rep1_hg38.filtered_SMN-3_SCN-6_SMR-0.1_RPN-1_RTN-2.C2T.mpmat
    jobid: 1
    reason: Missing output files: ../mpmat_filter/293T-bat_YE1-EMX1-PD_rep1_hg38.filtered_SMN-3_SCN-6_SMR-0.1_RPN-1_RTN-2.C2T.mpmat
    wildcards: sample=YE1-EMX1-PD, rep=rep1, SMN=3, SCN=6, SMR=0.1, RPN=1, RTN=2, ac=C, bd=T


        /home/zhaohuanan/zhaohn_HD/miniconda3/envs/snakepipes_detect-seq/bin/python ./program/mpmat-select-V02.py         -i ../mpmat/293T-bat_YE1-EMX1-PD_rep1_hg38.select.C2T.mpmat -o ../mpmat_filter/293T-bat_YE1-EMX1-PD_rep1_hg38.filtered_SMN-3_SCN-6_SMR-0.1_RPN-1_RTN-2.C2T.mpmat         -f C -t T         --SiteMutNum 3         --SiteCoverNum 6         --SiteMutRatio 0.1         --RegionPassNum 1         --RegionToleranceNum 2         --InHeader False         --OutHeader False
        
[Thu Feb  4 15:19:58 2021]
Error in rule mpmat_filter:
    jobid: 31
    output: ../mpmat_filter/293T-bat_Vector-VEGFA-PD_rep1_hg38.filtered_SMN-3_SCN-6_SMR-0.1_RPN-1_RTN-2.G2A.mpmat
    shell:
        
        /home/zhaohuanan/zhaohn_HD/miniconda3/envs/snakepipes_detect-seq/bin/python ./program/mpmat-select-V02.py         -i ../mpmat/293T-bat_Vector-VEGFA-PD_rep1_hg38.select.G2A.mpmat -o ../mpmat_filter/293T-bat_Vector-VEGFA-PD_rep1_hg38.filtered_SMN-3_SCN-6_SMR-0.1_RPN-1_RTN-2.G2A.mpmat         -f G -t A         --SiteMutNum 3         --SiteCoverNum 6         --SiteMutRatio 0.1         --RegionPassNum 1         --RegionToleranceNum 2         --InHeader False         --OutHeader False
        
        (one of the commands exited with non-zero exit code; note that snakemake uses bash strict mode!)
    cluster_jobid: 198216

Error executing rule mpmat_filter on cluster (jobid: 31, external: 198216, jobscript: /gpfs/user/zhaohuanan/3.project/2021_CBE_variant_and_GBE_topic/20210202_DetectSeq_M2-YE1-33A-call-points_sgRNA-EMX1-VEGFA_redo/snakepipes_Detect-seq/.snakemake/tmp.booqmsen/snakejob.mpmat_filter.31.sh). For error details see the cluster log and the log files of the involved rule(s).
Trying to restart job 31.
[Thu Feb  4 15:19:58 2021]
Error in rule mpmat_filter:
    jobid: 21
    output: ../mpmat_filter/293T-bat_33A-EMX1-PD_rep1_hg38.filtered_SMN-3_SCN-6_SMR-0.1_RPN-1_RTN-2.G2A.mpmat
    shell:
        
        /home/zhaohuanan/zhaohn_HD/miniconda3/envs/snakepipes_detect-seq/bin/python ./program/mpmat-select-V02.py         -i ../mpmat/293T-bat_33A-EMX1-PD_rep1_hg38.select.G2A.mpmat -o ../mpmat_filter/293T-bat_33A-EMX1-PD_rep1_hg38.filtered_SMN-3_SCN-6_SMR-0.1_RPN-1_RTN-2.G2A.mpmat         -f G -t A         --SiteMutNum 3         --SiteCoverNum 6         --SiteMutRatio 0.1         --RegionPassNum 1         --RegionToleranceNum 2         --InHeader False         --OutHeader False
        
        (one of the commands exited with non-zero exit code; note that snakemake uses bash strict mode!)
    cluster_jobid: 198217

Error executing rule mpmat_filter on cluster (jobid: 21, external: 198217, jobscript: /gpfs/user/zhaohuanan/3.project/2021_CBE_variant_and_GBE_topic/20210202_DetectSeq_M2-YE1-33A-call-points_sgRNA-EMX1-VEGFA_redo/snakepipes_Detect-seq/.snakemake/tmp.booqmsen/snakejob.mpmat_filter.21.sh). For error details see the cluster log and the log files of the involved rule(s).
Trying to restart job 21.
Submitted job 1 with external jobid '198223'.

[Thu Feb  4 15:19:58 2021]
rule mpmat_filter:
    input: ../mpmat/293T-bat_33A-EMX1-PD_rep2_hg38.select.C2T.mpmat
    output: ../mpmat_filter/293T-bat_33A-EMX1-PD_rep2_hg38.filtered_SMN-3_SCN-6_SMR-0.1_RPN-1_RTN-2.C2T.mpmat
    jobid: 6
    reason: Missing output files: ../mpmat_filter/293T-bat_33A-EMX1-PD_rep2_hg38.filtered_SMN-3_SCN-6_SMR-0.1_RPN-1_RTN-2.C2T.mpmat
    wildcards: sample=33A-EMX1-PD, rep=rep2, SMN=3, SCN=6, SMR=0.1, RPN=1, RTN=2, ac=C, bd=T


        /home/zhaohuanan/zhaohn_HD/miniconda3/envs/snakepipes_detect-seq/bin/python ./program/mpmat-select-V02.py         -i ../mpmat/293T-bat_33A-EMX1-PD_rep2_hg38.select.C2T.mpmat -o ../mpmat_filter/293T-bat_33A-EMX1-PD_rep2_hg38.filtered_SMN-3_SCN-6_SMR-0.1_RPN-1_RTN-2.C2T.mpmat         -f C -t T         --SiteMutNum 3         --SiteCoverNum 6         --SiteMutRatio 0.1         --RegionPassNum 1         --RegionToleranceNum 2         --InHeader False         --OutHeader False
        
[Thu Feb  4 15:19:58 2021]
Error in rule mpmat_filter:
    jobid: 23
    output: ../mpmat_filter/293T-bat_33A-VEGFA-PD_rep1_hg38.filtered_SMN-3_SCN-6_SMR-0.1_RPN-1_RTN-2.G2A.mpmat
    shell:
        
        /home/zhaohuanan/zhaohn_HD/miniconda3/envs/snakepipes_detect-seq/bin/python ./program/mpmat-select-V02.py         -i ../mpmat/293T-bat_33A-VEGFA-PD_rep1_hg38.select.G2A.mpmat -o ../mpmat_filter/293T-bat_33A-VEGFA-PD_rep1_hg38.filtered_SMN-3_SCN-6_SMR-0.1_RPN-1_RTN-2.G2A.mpmat         -f G -t A         --SiteMutNum 3         --SiteCoverNum 6         --SiteMutRatio 0.1         --RegionPassNum 1         --RegionToleranceNum 2         --InHeader False         --OutHeader False
        
        (one of the commands exited with non-zero exit code; note that snakemake uses bash strict mode!)
    cluster_jobid: 198218

Error executing rule mpmat_filter on cluster (jobid: 23, external: 198218, jobscript: /gpfs/user/zhaohuanan/3.project/2021_CBE_variant_and_GBE_topic/20210202_DetectSeq_M2-YE1-33A-call-points_sgRNA-EMX1-VEGFA_redo/snakepipes_Detect-seq/.snakemake/tmp.booqmsen/snakejob.mpmat_filter.23.sh). For error details see the cluster log and the log files of the involved rule(s).
Trying to restart job 23.
Submitted job 6 with external jobid '198224'.

[Thu Feb  4 15:19:58 2021]
rule mpmat_filter:
    input: ../mpmat/293T-bat_33A-VEGFA-PD_rep2_hg38.select.C2T.mpmat
    output: ../mpmat_filter/293T-bat_33A-VEGFA-PD_rep2_hg38.filtered_SMN-3_SCN-6_SMR-0.1_RPN-1_RTN-2.C2T.mpmat
    jobid: 8
    reason: Missing output files: ../mpmat_filter/293T-bat_33A-VEGFA-PD_rep2_hg38.filtered_SMN-3_SCN-6_SMR-0.1_RPN-1_RTN-2.C2T.mpmat
    wildcards: sample=33A-VEGFA-PD, rep=rep2, SMN=3, SCN=6, SMR=0.1, RPN=1, RTN=2, ac=C, bd=T


        /home/zhaohuanan/zhaohn_HD/miniconda3/envs/snakepipes_detect-seq/bin/python ./program/mpmat-select-V02.py         -i ../mpmat/293T-bat_33A-VEGFA-PD_rep2_hg38.select.C2T.mpmat -o ../mpmat_filter/293T-bat_33A-VEGFA-PD_rep2_hg38.filtered_SMN-3_SCN-6_SMR-0.1_RPN-1_RTN-2.C2T.mpmat         -f C -t T         --SiteMutNum 3         --SiteCoverNum 6         --SiteMutRatio 0.1         --RegionPassNum 1         --RegionToleranceNum 2         --InHeader False         --OutHeader False
        
Submitted job 8 with external jobid '198225'.

[Thu Feb  4 15:19:58 2021]
rule mpmat_filter:
    input: ../mpmat/293T-bat_Vector-VEGFA-PD_rep1_hg38.select.G2A.mpmat
    output: ../mpmat_filter/293T-bat_Vector-VEGFA-PD_rep1_hg38.filtered_SMN-3_SCN-6_SMR-0.1_RPN-1_RTN-2.G2A.mpmat
    jobid: 31
    reason: Missing output files: ../mpmat_filter/293T-bat_Vector-VEGFA-PD_rep1_hg38.filtered_SMN-3_SCN-6_SMR-0.1_RPN-1_RTN-2.G2A.mpmat
    wildcards: sample=Vector-VEGFA-PD, rep=rep1, SMN=3, SCN=6, SMR=0.1, RPN=1, RTN=2, ac=G, bd=A


        /home/zhaohuanan/zhaohn_HD/miniconda3/envs/snakepipes_detect-seq/bin/python ./program/mpmat-select-V02.py         -i ../mpmat/293T-bat_Vector-VEGFA-PD_rep1_hg38.select.G2A.mpmat -o ../mpmat_filter/293T-bat_Vector-VEGFA-PD_rep1_hg38.filtered_SMN-3_SCN-6_SMR-0.1_RPN-1_RTN-2.G2A.mpmat         -f G -t A         --SiteMutNum 3         --SiteCoverNum 6         --SiteMutRatio 0.1         --RegionPassNum 1         --RegionToleranceNum 2         --InHeader False         --OutHeader False
        
Submitted job 31 with external jobid '198226'.

[Thu Feb  4 15:19:59 2021]
rule mpmat_filter:
    input: ../mpmat/293T-bat_33A-EMX1-PD_rep1_hg38.select.G2A.mpmat
    output: ../mpmat_filter/293T-bat_33A-EMX1-PD_rep1_hg38.filtered_SMN-3_SCN-6_SMR-0.1_RPN-1_RTN-2.G2A.mpmat
    jobid: 21
    reason: Missing output files: ../mpmat_filter/293T-bat_33A-EMX1-PD_rep1_hg38.filtered_SMN-3_SCN-6_SMR-0.1_RPN-1_RTN-2.G2A.mpmat
    wildcards: sample=33A-EMX1-PD, rep=rep1, SMN=3, SCN=6, SMR=0.1, RPN=1, RTN=2, ac=G, bd=A


        /home/zhaohuanan/zhaohn_HD/miniconda3/envs/snakepipes_detect-seq/bin/python ./program/mpmat-select-V02.py         -i ../mpmat/293T-bat_33A-EMX1-PD_rep1_hg38.select.G2A.mpmat -o ../mpmat_filter/293T-bat_33A-EMX1-PD_rep1_hg38.filtered_SMN-3_SCN-6_SMR-0.1_RPN-1_RTN-2.G2A.mpmat         -f G -t A         --SiteMutNum 3         --SiteCoverNum 6         --SiteMutRatio 0.1         --RegionPassNum 1         --RegionToleranceNum 2         --InHeader False         --OutHeader False
        
Submitted job 21 with external jobid '198227'.

[Thu Feb  4 15:19:59 2021]
rule mpmat_filter:
    input: ../mpmat/293T-bat_33A-VEGFA-PD_rep1_hg38.select.G2A.mpmat
    output: ../mpmat_filter/293T-bat_33A-VEGFA-PD_rep1_hg38.filtered_SMN-3_SCN-6_SMR-0.1_RPN-1_RTN-2.G2A.mpmat
    jobid: 23
    reason: Missing output files: ../mpmat_filter/293T-bat_33A-VEGFA-PD_rep1_hg38.filtered_SMN-3_SCN-6_SMR-0.1_RPN-1_RTN-2.G2A.mpmat
    wildcards: sample=33A-VEGFA-PD, rep=rep1, SMN=3, SCN=6, SMR=0.1, RPN=1, RTN=2, ac=G, bd=A


        /home/zhaohuanan/zhaohn_HD/miniconda3/envs/snakepipes_detect-seq/bin/python ./program/mpmat-select-V02.py         -i ../mpmat/293T-bat_33A-VEGFA-PD_rep1_hg38.select.G2A.mpmat -o ../mpmat_filter/293T-bat_33A-VEGFA-PD_rep1_hg38.filtered_SMN-3_SCN-6_SMR-0.1_RPN-1_RTN-2.G2A.mpmat         -f G -t A         --SiteMutNum 3         --SiteCoverNum 6         --SiteMutRatio 0.1         --RegionPassNum 1         --RegionToleranceNum 2         --InHeader False         --OutHeader False
        
Submitted job 23 with external jobid '198228'.
[Thu Feb  4 15:20:08 2021]
Error in rule mpmat_filter:
    jobid: 13
    output: ../mpmat_filter/293T-bat_All-VEGFA-PD_rep1_hg38.filtered_SMN-3_SCN-6_SMR-0.1_RPN-1_RTN-2.C2T.mpmat
    shell:
        
        /home/zhaohuanan/zhaohn_HD/miniconda3/envs/snakepipes_detect-seq/bin/python ./program/mpmat-select-V02.py         -i ../mpmat/293T-bat_All-VEGFA-PD_rep1_hg38.select.C2T.mpmat -o ../mpmat_filter/293T-bat_All-VEGFA-PD_rep1_hg38.filtered_SMN-3_SCN-6_SMR-0.1_RPN-1_RTN-2.C2T.mpmat         -f C -t T         --SiteMutNum 3         --SiteCoverNum 6         --SiteMutRatio 0.1         --RegionPassNum 1         --RegionToleranceNum 2         --InHeader False         --OutHeader False
        
        (one of the commands exited with non-zero exit code; note that snakemake uses bash strict mode!)
    cluster_jobid: 198219

Error executing rule mpmat_filter on cluster (jobid: 13, external: 198219, jobscript: /gpfs/user/zhaohuanan/3.project/2021_CBE_variant_and_GBE_topic/20210202_DetectSeq_M2-YE1-33A-call-points_sgRNA-EMX1-VEGFA_redo/snakepipes_Detect-seq/.snakemake/tmp.booqmsen/snakejob.mpmat_filter.13.sh). For error details see the cluster log and the log files of the involved rule(s).
Trying to restart job 13.

[Thu Feb  4 15:20:08 2021]
rule mpmat_filter:
    input: ../mpmat/293T-bat_All-VEGFA-PD_rep1_hg38.select.C2T.mpmat
    output: ../mpmat_filter/293T-bat_All-VEGFA-PD_rep1_hg38.filtered_SMN-3_SCN-6_SMR-0.1_RPN-1_RTN-2.C2T.mpmat
    jobid: 13
    reason: Missing output files: ../mpmat_filter/293T-bat_All-VEGFA-PD_rep1_hg38.filtered_SMN-3_SCN-6_SMR-0.1_RPN-1_RTN-2.C2T.mpmat
    wildcards: sample=All-VEGFA-PD, rep=rep1, SMN=3, SCN=6, SMR=0.1, RPN=1, RTN=2, ac=C, bd=T


        /home/zhaohuanan/zhaohn_HD/miniconda3/envs/snakepipes_detect-seq/bin/python ./program/mpmat-select-V02.py         -i ../mpmat/293T-bat_All-VEGFA-PD_rep1_hg38.select.C2T.mpmat -o ../mpmat_filter/293T-bat_All-VEGFA-PD_rep1_hg38.filtered_SMN-3_SCN-6_SMR-0.1_RPN-1_RTN-2.C2T.mpmat         -f C -t T         --SiteMutNum 3         --SiteCoverNum 6         --SiteMutRatio 0.1         --RegionPassNum 1         --RegionToleranceNum 2         --InHeader False         --OutHeader False
        
[Thu Feb  4 15:20:08 2021]
Error in rule mpmat_filter:
    jobid: 28
    output: ../mpmat_filter/293T-bat_All-EMX1-PD_rep2_hg38.filtered_SMN-3_SCN-6_SMR-0.1_RPN-1_RTN-2.G2A.mpmat
    shell:
        
        /home/zhaohuanan/zhaohn_HD/miniconda3/envs/snakepipes_detect-seq/bin/python ./program/mpmat-select-V02.py         -i ../mpmat/293T-bat_All-EMX1-PD_rep2_hg38.select.G2A.mpmat -o ../mpmat_filter/293T-bat_All-EMX1-PD_rep2_hg38.filtered_SMN-3_SCN-6_SMR-0.1_RPN-1_RTN-2.G2A.mpmat         -f G -t A         --SiteMutNum 3         --SiteCoverNum 6         --SiteMutRatio 0.1         --RegionPassNum 1         --RegionToleranceNum 2         --InHeader False         --OutHeader False
        
        (one of the commands exited with non-zero exit code; note that snakemake uses bash strict mode!)
    cluster_jobid: 198220

Error executing rule mpmat_filter on cluster (jobid: 28, external: 198220, jobscript: /gpfs/user/zhaohuanan/3.project/2021_CBE_variant_and_GBE_topic/20210202_DetectSeq_M2-YE1-33A-call-points_sgRNA-EMX1-VEGFA_redo/snakepipes_Detect-seq/.snakemake/tmp.booqmsen/snakejob.mpmat_filter.28.sh). For error details see the cluster log and the log files of the involved rule(s).
Trying to restart job 28.
Submitted job 13 with external jobid '198229'.

[Thu Feb  4 15:20:08 2021]
rule mpmat_filter:
    input: ../mpmat/293T-bat_All-EMX1-PD_rep2_hg38.select.G2A.mpmat
    output: ../mpmat_filter/293T-bat_All-EMX1-PD_rep2_hg38.filtered_SMN-3_SCN-6_SMR-0.1_RPN-1_RTN-2.G2A.mpmat
    jobid: 28
    reason: Missing output files: ../mpmat_filter/293T-bat_All-EMX1-PD_rep2_hg38.filtered_SMN-3_SCN-6_SMR-0.1_RPN-1_RTN-2.G2A.mpmat
    wildcards: sample=All-EMX1-PD, rep=rep2, SMN=3, SCN=6, SMR=0.1, RPN=1, RTN=2, ac=G, bd=A


        /home/zhaohuanan/zhaohn_HD/miniconda3/envs/snakepipes_detect-seq/bin/python ./program/mpmat-select-V02.py         -i ../mpmat/293T-bat_All-EMX1-PD_rep2_hg38.select.G2A.mpmat -o ../mpmat_filter/293T-bat_All-EMX1-PD_rep2_hg38.filtered_SMN-3_SCN-6_SMR-0.1_RPN-1_RTN-2.G2A.mpmat         -f G -t A         --SiteMutNum 3         --SiteCoverNum 6         --SiteMutRatio 0.1         --RegionPassNum 1         --RegionToleranceNum 2         --InHeader False         --OutHeader False
        
[Thu Feb  4 15:20:09 2021]
Error in rule mpmat_filter:
    jobid: 2
    output: ../mpmat_filter/293T-bat_YE1-EMX1-PD_rep2_hg38.filtered_SMN-3_SCN-6_SMR-0.1_RPN-1_RTN-2.C2T.mpmat
    shell:
        
        /home/zhaohuanan/zhaohn_HD/miniconda3/envs/snakepipes_detect-seq/bin/python ./program/mpmat-select-V02.py         -i ../mpmat/293T-bat_YE1-EMX1-PD_rep2_hg38.select.C2T.mpmat -o ../mpmat_filter/293T-bat_YE1-EMX1-PD_rep2_hg38.filtered_SMN-3_SCN-6_SMR-0.1_RPN-1_RTN-2.C2T.mpmat         -f C -t T         --SiteMutNum 3         --SiteCoverNum 6         --SiteMutRatio 0.1         --RegionPassNum 1         --RegionToleranceNum 2         --InHeader False         --OutHeader False
        
        (one of the commands exited with non-zero exit code; note that snakemake uses bash strict mode!)
    cluster_jobid: 198221

Error executing rule mpmat_filter on cluster (jobid: 2, external: 198221, jobscript: /gpfs/user/zhaohuanan/3.project/2021_CBE_variant_and_GBE_topic/20210202_DetectSeq_M2-YE1-33A-call-points_sgRNA-EMX1-VEGFA_redo/snakepipes_Detect-seq/.snakemake/tmp.booqmsen/snakejob.mpmat_filter.2.sh). For error details see the cluster log and the log files of the involved rule(s).
Trying to restart job 2.
[Thu Feb  4 15:20:09 2021]
Error in rule mpmat_filter:
    jobid: 14
    output: ../mpmat_filter/293T-bat_All-VEGFA-PD_rep2_hg38.filtered_SMN-3_SCN-6_SMR-0.1_RPN-1_RTN-2.C2T.mpmat
    shell:
        
        /home/zhaohuanan/zhaohn_HD/miniconda3/envs/snakepipes_detect-seq/bin/python ./program/mpmat-select-V02.py         -i ../mpmat/293T-bat_All-VEGFA-PD_rep2_hg38.select.C2T.mpmat -o ../mpmat_filter/293T-bat_All-VEGFA-PD_rep2_hg38.filtered_SMN-3_SCN-6_SMR-0.1_RPN-1_RTN-2.C2T.mpmat         -f C -t T         --SiteMutNum 3         --SiteCoverNum 6         --SiteMutRatio 0.1         --RegionPassNum 1         --RegionToleranceNum 2         --InHeader False         --OutHeader False
        
        (one of the commands exited with non-zero exit code; note that snakemake uses bash strict mode!)
    cluster_jobid: 198222

Error executing rule mpmat_filter on cluster (jobid: 14, external: 198222, jobscript: /gpfs/user/zhaohuanan/3.project/2021_CBE_variant_and_GBE_topic/20210202_DetectSeq_M2-YE1-33A-call-points_sgRNA-EMX1-VEGFA_redo/snakepipes_Detect-seq/.snakemake/tmp.booqmsen/snakejob.mpmat_filter.14.sh). For error details see the cluster log and the log files of the involved rule(s).
Trying to restart job 14.
Submitted job 28 with external jobid '198230'.

[Thu Feb  4 15:20:09 2021]
rule mpmat_filter:
    input: ../mpmat/293T-bat_YE1-EMX1-PD_rep2_hg38.select.C2T.mpmat
    output: ../mpmat_filter/293T-bat_YE1-EMX1-PD_rep2_hg38.filtered_SMN-3_SCN-6_SMR-0.1_RPN-1_RTN-2.C2T.mpmat
    jobid: 2
    reason: Missing output files: ../mpmat_filter/293T-bat_YE1-EMX1-PD_rep2_hg38.filtered_SMN-3_SCN-6_SMR-0.1_RPN-1_RTN-2.C2T.mpmat
    wildcards: sample=YE1-EMX1-PD, rep=rep2, SMN=3, SCN=6, SMR=0.1, RPN=1, RTN=2, ac=C, bd=T


        /home/zhaohuanan/zhaohn_HD/miniconda3/envs/snakepipes_detect-seq/bin/python ./program/mpmat-select-V02.py         -i ../mpmat/293T-bat_YE1-EMX1-PD_rep2_hg38.select.C2T.mpmat -o ../mpmat_filter/293T-bat_YE1-EMX1-PD_rep2_hg38.filtered_SMN-3_SCN-6_SMR-0.1_RPN-1_RTN-2.C2T.mpmat         -f C -t T         --SiteMutNum 3         --SiteCoverNum 6         --SiteMutRatio 0.1         --RegionPassNum 1         --RegionToleranceNum 2         --InHeader False         --OutHeader False
        
[Thu Feb  4 15:20:09 2021]
Error in rule mpmat_filter:
    jobid: 1
    output: ../mpmat_filter/293T-bat_YE1-EMX1-PD_rep1_hg38.filtered_SMN-3_SCN-6_SMR-0.1_RPN-1_RTN-2.C2T.mpmat
    shell:
        
        /home/zhaohuanan/zhaohn_HD/miniconda3/envs/snakepipes_detect-seq/bin/python ./program/mpmat-select-V02.py         -i ../mpmat/293T-bat_YE1-EMX1-PD_rep1_hg38.select.C2T.mpmat -o ../mpmat_filter/293T-bat_YE1-EMX1-PD_rep1_hg38.filtered_SMN-3_SCN-6_SMR-0.1_RPN-1_RTN-2.C2T.mpmat         -f C -t T         --SiteMutNum 3         --SiteCoverNum 6         --SiteMutRatio 0.1         --RegionPassNum 1         --RegionToleranceNum 2         --InHeader False         --OutHeader False
        
        (one of the commands exited with non-zero exit code; note that snakemake uses bash strict mode!)
    cluster_jobid: 198223

Error executing rule mpmat_filter on cluster (jobid: 1, external: 198223, jobscript: /gpfs/user/zhaohuanan/3.project/2021_CBE_variant_and_GBE_topic/20210202_DetectSeq_M2-YE1-33A-call-points_sgRNA-EMX1-VEGFA_redo/snakepipes_Detect-seq/.snakemake/tmp.booqmsen/snakejob.mpmat_filter.1.sh). For error details see the cluster log and the log files of the involved rule(s).
Trying to restart job 1.
Submitted job 2 with external jobid '198231'.

[Thu Feb  4 15:20:09 2021]
rule mpmat_filter:
    input: ../mpmat/293T-bat_All-VEGFA-PD_rep2_hg38.select.C2T.mpmat
    output: ../mpmat_filter/293T-bat_All-VEGFA-PD_rep2_hg38.filtered_SMN-3_SCN-6_SMR-0.1_RPN-1_RTN-2.C2T.mpmat
    jobid: 14
    reason: Missing output files: ../mpmat_filter/293T-bat_All-VEGFA-PD_rep2_hg38.filtered_SMN-3_SCN-6_SMR-0.1_RPN-1_RTN-2.C2T.mpmat
    wildcards: sample=All-VEGFA-PD, rep=rep2, SMN=3, SCN=6, SMR=0.1, RPN=1, RTN=2, ac=C, bd=T


        /home/zhaohuanan/zhaohn_HD/miniconda3/envs/snakepipes_detect-seq/bin/python ./program/mpmat-select-V02.py         -i ../mpmat/293T-bat_All-VEGFA-PD_rep2_hg38.select.C2T.mpmat -o ../mpmat_filter/293T-bat_All-VEGFA-PD_rep2_hg38.filtered_SMN-3_SCN-6_SMR-0.1_RPN-1_RTN-2.C2T.mpmat         -f C -t T         --SiteMutNum 3         --SiteCoverNum 6         --SiteMutRatio 0.1         --RegionPassNum 1         --RegionToleranceNum 2         --InHeader False         --OutHeader False
        
[Thu Feb  4 15:20:09 2021]
Error in rule mpmat_filter:
    jobid: 6
    output: ../mpmat_filter/293T-bat_33A-EMX1-PD_rep2_hg38.filtered_SMN-3_SCN-6_SMR-0.1_RPN-1_RTN-2.C2T.mpmat
    shell:
        
        /home/zhaohuanan/zhaohn_HD/miniconda3/envs/snakepipes_detect-seq/bin/python ./program/mpmat-select-V02.py         -i ../mpmat/293T-bat_33A-EMX1-PD_rep2_hg38.select.C2T.mpmat -o ../mpmat_filter/293T-bat_33A-EMX1-PD_rep2_hg38.filtered_SMN-3_SCN-6_SMR-0.1_RPN-1_RTN-2.C2T.mpmat         -f C -t T         --SiteMutNum 3         --SiteCoverNum 6         --SiteMutRatio 0.1         --RegionPassNum 1         --RegionToleranceNum 2         --InHeader False         --OutHeader False
        
        (one of the commands exited with non-zero exit code; note that snakemake uses bash strict mode!)
    cluster_jobid: 198224

Error executing rule mpmat_filter on cluster (jobid: 6, external: 198224, jobscript: /gpfs/user/zhaohuanan/3.project/2021_CBE_variant_and_GBE_topic/20210202_DetectSeq_M2-YE1-33A-call-points_sgRNA-EMX1-VEGFA_redo/snakepipes_Detect-seq/.snakemake/tmp.booqmsen/snakejob.mpmat_filter.6.sh). For error details see the cluster log and the log files of the involved rule(s).
Trying to restart job 6.
[Thu Feb  4 15:20:09 2021]
Error in rule mpmat_filter:
    jobid: 8
    output: ../mpmat_filter/293T-bat_33A-VEGFA-PD_rep2_hg38.filtered_SMN-3_SCN-6_SMR-0.1_RPN-1_RTN-2.C2T.mpmat
    shell:
        
        /home/zhaohuanan/zhaohn_HD/miniconda3/envs/snakepipes_detect-seq/bin/python ./program/mpmat-select-V02.py         -i ../mpmat/293T-bat_33A-VEGFA-PD_rep2_hg38.select.C2T.mpmat -o ../mpmat_filter/293T-bat_33A-VEGFA-PD_rep2_hg38.filtered_SMN-3_SCN-6_SMR-0.1_RPN-1_RTN-2.C2T.mpmat         -f C -t T         --SiteMutNum 3         --SiteCoverNum 6         --SiteMutRatio 0.1         --RegionPassNum 1         --RegionToleranceNum 2         --InHeader False         --OutHeader False
        
        (one of the commands exited with non-zero exit code; note that snakemake uses bash strict mode!)
    cluster_jobid: 198225

Error executing rule mpmat_filter on cluster (jobid: 8, external: 198225, jobscript: /gpfs/user/zhaohuanan/3.project/2021_CBE_variant_and_GBE_topic/20210202_DetectSeq_M2-YE1-33A-call-points_sgRNA-EMX1-VEGFA_redo/snakepipes_Detect-seq/.snakemake/tmp.booqmsen/snakejob.mpmat_filter.8.sh). For error details see the cluster log and the log files of the involved rule(s).
Trying to restart job 8.
Submitted job 14 with external jobid '198232'.

[Thu Feb  4 15:20:09 2021]
rule mpmat_filter:
    input: ../mpmat/293T-bat_YE1-EMX1-PD_rep1_hg38.select.C2T.mpmat
    output: ../mpmat_filter/293T-bat_YE1-EMX1-PD_rep1_hg38.filtered_SMN-3_SCN-6_SMR-0.1_RPN-1_RTN-2.C2T.mpmat
    jobid: 1
    reason: Missing output files: ../mpmat_filter/293T-bat_YE1-EMX1-PD_rep1_hg38.filtered_SMN-3_SCN-6_SMR-0.1_RPN-1_RTN-2.C2T.mpmat
    wildcards: sample=YE1-EMX1-PD, rep=rep1, SMN=3, SCN=6, SMR=0.1, RPN=1, RTN=2, ac=C, bd=T


        /home/zhaohuanan/zhaohn_HD/miniconda3/envs/snakepipes_detect-seq/bin/python ./program/mpmat-select-V02.py         -i ../mpmat/293T-bat_YE1-EMX1-PD_rep1_hg38.select.C2T.mpmat -o ../mpmat_filter/293T-bat_YE1-EMX1-PD_rep1_hg38.filtered_SMN-3_SCN-6_SMR-0.1_RPN-1_RTN-2.C2T.mpmat         -f C -t T         --SiteMutNum 3         --SiteCoverNum 6         --SiteMutRatio 0.1         --RegionPassNum 1         --RegionToleranceNum 2         --InHeader False         --OutHeader False
        
[Thu Feb  4 15:20:09 2021]
Error in rule mpmat_filter:
    jobid: 31
    output: ../mpmat_filter/293T-bat_Vector-VEGFA-PD_rep1_hg38.filtered_SMN-3_SCN-6_SMR-0.1_RPN-1_RTN-2.G2A.mpmat
    shell:
        
        /home/zhaohuanan/zhaohn_HD/miniconda3/envs/snakepipes_detect-seq/bin/python ./program/mpmat-select-V02.py         -i ../mpmat/293T-bat_Vector-VEGFA-PD_rep1_hg38.select.G2A.mpmat -o ../mpmat_filter/293T-bat_Vector-VEGFA-PD_rep1_hg38.filtered_SMN-3_SCN-6_SMR-0.1_RPN-1_RTN-2.G2A.mpmat         -f G -t A         --SiteMutNum 3         --SiteCoverNum 6         --SiteMutRatio 0.1         --RegionPassNum 1         --RegionToleranceNum 2         --InHeader False         --OutHeader False
        
        (one of the commands exited with non-zero exit code; note that snakemake uses bash strict mode!)
    cluster_jobid: 198226

Error executing rule mpmat_filter on cluster (jobid: 31, external: 198226, jobscript: /gpfs/user/zhaohuanan/3.project/2021_CBE_variant_and_GBE_topic/20210202_DetectSeq_M2-YE1-33A-call-points_sgRNA-EMX1-VEGFA_redo/snakepipes_Detect-seq/.snakemake/tmp.booqmsen/snakejob.mpmat_filter.31.sh). For error details see the cluster log and the log files of the involved rule(s).
Trying to restart job 31.
Submitted job 1 with external jobid '198233'.

[Thu Feb  4 15:20:10 2021]
rule mpmat_filter:
    input: ../mpmat/293T-bat_33A-EMX1-PD_rep2_hg38.select.C2T.mpmat
    output: ../mpmat_filter/293T-bat_33A-EMX1-PD_rep2_hg38.filtered_SMN-3_SCN-6_SMR-0.1_RPN-1_RTN-2.C2T.mpmat
    jobid: 6
    reason: Missing output files: ../mpmat_filter/293T-bat_33A-EMX1-PD_rep2_hg38.filtered_SMN-3_SCN-6_SMR-0.1_RPN-1_RTN-2.C2T.mpmat
    wildcards: sample=33A-EMX1-PD, rep=rep2, SMN=3, SCN=6, SMR=0.1, RPN=1, RTN=2, ac=C, bd=T


        /home/zhaohuanan/zhaohn_HD/miniconda3/envs/snakepipes_detect-seq/bin/python ./program/mpmat-select-V02.py         -i ../mpmat/293T-bat_33A-EMX1-PD_rep2_hg38.select.C2T.mpmat -o ../mpmat_filter/293T-bat_33A-EMX1-PD_rep2_hg38.filtered_SMN-3_SCN-6_SMR-0.1_RPN-1_RTN-2.C2T.mpmat         -f C -t T         --SiteMutNum 3         --SiteCoverNum 6         --SiteMutRatio 0.1         --RegionPassNum 1         --RegionToleranceNum 2         --InHeader False         --OutHeader False
        
[Thu Feb  4 15:20:10 2021]
Error in rule mpmat_filter:
    jobid: 21
    output: ../mpmat_filter/293T-bat_33A-EMX1-PD_rep1_hg38.filtered_SMN-3_SCN-6_SMR-0.1_RPN-1_RTN-2.G2A.mpmat
    shell:
        
        /home/zhaohuanan/zhaohn_HD/miniconda3/envs/snakepipes_detect-seq/bin/python ./program/mpmat-select-V02.py         -i ../mpmat/293T-bat_33A-EMX1-PD_rep1_hg38.select.G2A.mpmat -o ../mpmat_filter/293T-bat_33A-EMX1-PD_rep1_hg38.filtered_SMN-3_SCN-6_SMR-0.1_RPN-1_RTN-2.G2A.mpmat         -f G -t A         --SiteMutNum 3         --SiteCoverNum 6         --SiteMutRatio 0.1         --RegionPassNum 1         --RegionToleranceNum 2         --InHeader False         --OutHeader False
        
        (one of the commands exited with non-zero exit code; note that snakemake uses bash strict mode!)
    cluster_jobid: 198227

Error executing rule mpmat_filter on cluster (jobid: 21, external: 198227, jobscript: /gpfs/user/zhaohuanan/3.project/2021_CBE_variant_and_GBE_topic/20210202_DetectSeq_M2-YE1-33A-call-points_sgRNA-EMX1-VEGFA_redo/snakepipes_Detect-seq/.snakemake/tmp.booqmsen/snakejob.mpmat_filter.21.sh). For error details see the cluster log and the log files of the involved rule(s).
Trying to restart job 21.
Submitted job 6 with external jobid '198234'.

[Thu Feb  4 15:20:10 2021]
rule mpmat_filter:
    input: ../mpmat/293T-bat_33A-VEGFA-PD_rep2_hg38.select.C2T.mpmat
    output: ../mpmat_filter/293T-bat_33A-VEGFA-PD_rep2_hg38.filtered_SMN-3_SCN-6_SMR-0.1_RPN-1_RTN-2.C2T.mpmat
    jobid: 8
    reason: Missing output files: ../mpmat_filter/293T-bat_33A-VEGFA-PD_rep2_hg38.filtered_SMN-3_SCN-6_SMR-0.1_RPN-1_RTN-2.C2T.mpmat
    wildcards: sample=33A-VEGFA-PD, rep=rep2, SMN=3, SCN=6, SMR=0.1, RPN=1, RTN=2, ac=C, bd=T


        /home/zhaohuanan/zhaohn_HD/miniconda3/envs/snakepipes_detect-seq/bin/python ./program/mpmat-select-V02.py         -i ../mpmat/293T-bat_33A-VEGFA-PD_rep2_hg38.select.C2T.mpmat -o ../mpmat_filter/293T-bat_33A-VEGFA-PD_rep2_hg38.filtered_SMN-3_SCN-6_SMR-0.1_RPN-1_RTN-2.C2T.mpmat         -f C -t T         --SiteMutNum 3         --SiteCoverNum 6         --SiteMutRatio 0.1         --RegionPassNum 1         --RegionToleranceNum 2         --InHeader False         --OutHeader False
        
[Thu Feb  4 15:20:10 2021]
Error in rule mpmat_filter:
    jobid: 23
    output: ../mpmat_filter/293T-bat_33A-VEGFA-PD_rep1_hg38.filtered_SMN-3_SCN-6_SMR-0.1_RPN-1_RTN-2.G2A.mpmat
    shell:
        
        /home/zhaohuanan/zhaohn_HD/miniconda3/envs/snakepipes_detect-seq/bin/python ./program/mpmat-select-V02.py         -i ../mpmat/293T-bat_33A-VEGFA-PD_rep1_hg38.select.G2A.mpmat -o ../mpmat_filter/293T-bat_33A-VEGFA-PD_rep1_hg38.filtered_SMN-3_SCN-6_SMR-0.1_RPN-1_RTN-2.G2A.mpmat         -f G -t A         --SiteMutNum 3         --SiteCoverNum 6         --SiteMutRatio 0.1         --RegionPassNum 1         --RegionToleranceNum 2         --InHeader False         --OutHeader False
        
        (one of the commands exited with non-zero exit code; note that snakemake uses bash strict mode!)
    cluster_jobid: 198228

Error executing rule mpmat_filter on cluster (jobid: 23, external: 198228, jobscript: /gpfs/user/zhaohuanan/3.project/2021_CBE_variant_and_GBE_topic/20210202_DetectSeq_M2-YE1-33A-call-points_sgRNA-EMX1-VEGFA_redo/snakepipes_Detect-seq/.snakemake/tmp.booqmsen/snakejob.mpmat_filter.23.sh). For error details see the cluster log and the log files of the involved rule(s).
Trying to restart job 23.
Submitted job 8 with external jobid '198235'.

[Thu Feb  4 15:20:10 2021]
rule mpmat_filter:
    input: ../mpmat/293T-bat_Vector-VEGFA-PD_rep1_hg38.select.G2A.mpmat
    output: ../mpmat_filter/293T-bat_Vector-VEGFA-PD_rep1_hg38.filtered_SMN-3_SCN-6_SMR-0.1_RPN-1_RTN-2.G2A.mpmat
    jobid: 31
    reason: Missing output files: ../mpmat_filter/293T-bat_Vector-VEGFA-PD_rep1_hg38.filtered_SMN-3_SCN-6_SMR-0.1_RPN-1_RTN-2.G2A.mpmat
    wildcards: sample=Vector-VEGFA-PD, rep=rep1, SMN=3, SCN=6, SMR=0.1, RPN=1, RTN=2, ac=G, bd=A


        /home/zhaohuanan/zhaohn_HD/miniconda3/envs/snakepipes_detect-seq/bin/python ./program/mpmat-select-V02.py         -i ../mpmat/293T-bat_Vector-VEGFA-PD_rep1_hg38.select.G2A.mpmat -o ../mpmat_filter/293T-bat_Vector-VEGFA-PD_rep1_hg38.filtered_SMN-3_SCN-6_SMR-0.1_RPN-1_RTN-2.G2A.mpmat         -f G -t A         --SiteMutNum 3         --SiteCoverNum 6         --SiteMutRatio 0.1         --RegionPassNum 1         --RegionToleranceNum 2         --InHeader False         --OutHeader False
        
Submitted job 31 with external jobid '198236'.

[Thu Feb  4 15:20:11 2021]
rule mpmat_filter:
    input: ../mpmat/293T-bat_33A-EMX1-PD_rep1_hg38.select.G2A.mpmat
    output: ../mpmat_filter/293T-bat_33A-EMX1-PD_rep1_hg38.filtered_SMN-3_SCN-6_SMR-0.1_RPN-1_RTN-2.G2A.mpmat
    jobid: 21
    reason: Missing output files: ../mpmat_filter/293T-bat_33A-EMX1-PD_rep1_hg38.filtered_SMN-3_SCN-6_SMR-0.1_RPN-1_RTN-2.G2A.mpmat
    wildcards: sample=33A-EMX1-PD, rep=rep1, SMN=3, SCN=6, SMR=0.1, RPN=1, RTN=2, ac=G, bd=A


        /home/zhaohuanan/zhaohn_HD/miniconda3/envs/snakepipes_detect-seq/bin/python ./program/mpmat-select-V02.py         -i ../mpmat/293T-bat_33A-EMX1-PD_rep1_hg38.select.G2A.mpmat -o ../mpmat_filter/293T-bat_33A-EMX1-PD_rep1_hg38.filtered_SMN-3_SCN-6_SMR-0.1_RPN-1_RTN-2.G2A.mpmat         -f G -t A         --SiteMutNum 3         --SiteCoverNum 6         --SiteMutRatio 0.1         --RegionPassNum 1         --RegionToleranceNum 2         --InHeader False         --OutHeader False
        
Submitted job 21 with external jobid '198237'.

[Thu Feb  4 15:20:11 2021]
rule mpmat_filter:
    input: ../mpmat/293T-bat_33A-VEGFA-PD_rep1_hg38.select.G2A.mpmat
    output: ../mpmat_filter/293T-bat_33A-VEGFA-PD_rep1_hg38.filtered_SMN-3_SCN-6_SMR-0.1_RPN-1_RTN-2.G2A.mpmat
    jobid: 23
    reason: Missing output files: ../mpmat_filter/293T-bat_33A-VEGFA-PD_rep1_hg38.filtered_SMN-3_SCN-6_SMR-0.1_RPN-1_RTN-2.G2A.mpmat
    wildcards: sample=33A-VEGFA-PD, rep=rep1, SMN=3, SCN=6, SMR=0.1, RPN=1, RTN=2, ac=G, bd=A


        /home/zhaohuanan/zhaohn_HD/miniconda3/envs/snakepipes_detect-seq/bin/python ./program/mpmat-select-V02.py         -i ../mpmat/293T-bat_33A-VEGFA-PD_rep1_hg38.select.G2A.mpmat -o ../mpmat_filter/293T-bat_33A-VEGFA-PD_rep1_hg38.filtered_SMN-3_SCN-6_SMR-0.1_RPN-1_RTN-2.G2A.mpmat         -f G -t A         --SiteMutNum 3         --SiteCoverNum 6         --SiteMutRatio 0.1         --RegionPassNum 1         --RegionToleranceNum 2         --InHeader False         --OutHeader False
        
Submitted job 23 with external jobid '198238'.
[Thu Feb  4 15:20:20 2021]
Error in rule mpmat_filter:
    jobid: 13
    output: ../mpmat_filter/293T-bat_All-VEGFA-PD_rep1_hg38.filtered_SMN-3_SCN-6_SMR-0.1_RPN-1_RTN-2.C2T.mpmat
    shell:
        
        /home/zhaohuanan/zhaohn_HD/miniconda3/envs/snakepipes_detect-seq/bin/python ./program/mpmat-select-V02.py         -i ../mpmat/293T-bat_All-VEGFA-PD_rep1_hg38.select.C2T.mpmat -o ../mpmat_filter/293T-bat_All-VEGFA-PD_rep1_hg38.filtered_SMN-3_SCN-6_SMR-0.1_RPN-1_RTN-2.C2T.mpmat         -f C -t T         --SiteMutNum 3         --SiteCoverNum 6         --SiteMutRatio 0.1         --RegionPassNum 1         --RegionToleranceNum 2         --InHeader False         --OutHeader False
        
        (one of the commands exited with non-zero exit code; note that snakemake uses bash strict mode!)
    cluster_jobid: 198229

Error executing rule mpmat_filter on cluster (jobid: 13, external: 198229, jobscript: /gpfs/user/zhaohuanan/3.project/2021_CBE_variant_and_GBE_topic/20210202_DetectSeq_M2-YE1-33A-call-points_sgRNA-EMX1-VEGFA_redo/snakepipes_Detect-seq/.snakemake/tmp.booqmsen/snakejob.mpmat_filter.13.sh). For error details see the cluster log and the log files of the involved rule(s).
Trying to restart job 13.

[Thu Feb  4 15:20:20 2021]
rule mpmat_filter:
    input: ../mpmat/293T-bat_All-VEGFA-PD_rep1_hg38.select.C2T.mpmat
    output: ../mpmat_filter/293T-bat_All-VEGFA-PD_rep1_hg38.filtered_SMN-3_SCN-6_SMR-0.1_RPN-1_RTN-2.C2T.mpmat
    jobid: 13
    reason: Missing output files: ../mpmat_filter/293T-bat_All-VEGFA-PD_rep1_hg38.filtered_SMN-3_SCN-6_SMR-0.1_RPN-1_RTN-2.C2T.mpmat
    wildcards: sample=All-VEGFA-PD, rep=rep1, SMN=3, SCN=6, SMR=0.1, RPN=1, RTN=2, ac=C, bd=T


        /home/zhaohuanan/zhaohn_HD/miniconda3/envs/snakepipes_detect-seq/bin/python ./program/mpmat-select-V02.py         -i ../mpmat/293T-bat_All-VEGFA-PD_rep1_hg38.select.C2T.mpmat -o ../mpmat_filter/293T-bat_All-VEGFA-PD_rep1_hg38.filtered_SMN-3_SCN-6_SMR-0.1_RPN-1_RTN-2.C2T.mpmat         -f C -t T         --SiteMutNum 3         --SiteCoverNum 6         --SiteMutRatio 0.1         --RegionPassNum 1         --RegionToleranceNum 2         --InHeader False         --OutHeader False
        
[Thu Feb  4 15:20:20 2021]
Error in rule mpmat_filter:
    jobid: 28
    output: ../mpmat_filter/293T-bat_All-EMX1-PD_rep2_hg38.filtered_SMN-3_SCN-6_SMR-0.1_RPN-1_RTN-2.G2A.mpmat
    shell:
        
        /home/zhaohuanan/zhaohn_HD/miniconda3/envs/snakepipes_detect-seq/bin/python ./program/mpmat-select-V02.py         -i ../mpmat/293T-bat_All-EMX1-PD_rep2_hg38.select.G2A.mpmat -o ../mpmat_filter/293T-bat_All-EMX1-PD_rep2_hg38.filtered_SMN-3_SCN-6_SMR-0.1_RPN-1_RTN-2.G2A.mpmat         -f G -t A         --SiteMutNum 3         --SiteCoverNum 6         --SiteMutRatio 0.1         --RegionPassNum 1         --RegionToleranceNum 2         --InHeader False         --OutHeader False
        
        (one of the commands exited with non-zero exit code; note that snakemake uses bash strict mode!)
    cluster_jobid: 198230

Error executing rule mpmat_filter on cluster (jobid: 28, external: 198230, jobscript: /gpfs/user/zhaohuanan/3.project/2021_CBE_variant_and_GBE_topic/20210202_DetectSeq_M2-YE1-33A-call-points_sgRNA-EMX1-VEGFA_redo/snakepipes_Detect-seq/.snakemake/tmp.booqmsen/snakejob.mpmat_filter.28.sh). For error details see the cluster log and the log files of the involved rule(s).
Trying to restart job 28.
Submitted job 13 with external jobid '198239'.

[Thu Feb  4 15:20:21 2021]
rule mpmat_filter:
    input: ../mpmat/293T-bat_All-EMX1-PD_rep2_hg38.select.G2A.mpmat
    output: ../mpmat_filter/293T-bat_All-EMX1-PD_rep2_hg38.filtered_SMN-3_SCN-6_SMR-0.1_RPN-1_RTN-2.G2A.mpmat
    jobid: 28
    reason: Missing output files: ../mpmat_filter/293T-bat_All-EMX1-PD_rep2_hg38.filtered_SMN-3_SCN-6_SMR-0.1_RPN-1_RTN-2.G2A.mpmat
    wildcards: sample=All-EMX1-PD, rep=rep2, SMN=3, SCN=6, SMR=0.1, RPN=1, RTN=2, ac=G, bd=A


        /home/zhaohuanan/zhaohn_HD/miniconda3/envs/snakepipes_detect-seq/bin/python ./program/mpmat-select-V02.py         -i ../mpmat/293T-bat_All-EMX1-PD_rep2_hg38.select.G2A.mpmat -o ../mpmat_filter/293T-bat_All-EMX1-PD_rep2_hg38.filtered_SMN-3_SCN-6_SMR-0.1_RPN-1_RTN-2.G2A.mpmat         -f G -t A         --SiteMutNum 3         --SiteCoverNum 6         --SiteMutRatio 0.1         --RegionPassNum 1         --RegionToleranceNum 2         --InHeader False         --OutHeader False
        
[Thu Feb  4 15:20:21 2021]
Error in rule mpmat_filter:
    jobid: 2
    output: ../mpmat_filter/293T-bat_YE1-EMX1-PD_rep2_hg38.filtered_SMN-3_SCN-6_SMR-0.1_RPN-1_RTN-2.C2T.mpmat
    shell:
        
        /home/zhaohuanan/zhaohn_HD/miniconda3/envs/snakepipes_detect-seq/bin/python ./program/mpmat-select-V02.py         -i ../mpmat/293T-bat_YE1-EMX1-PD_rep2_hg38.select.C2T.mpmat -o ../mpmat_filter/293T-bat_YE1-EMX1-PD_rep2_hg38.filtered_SMN-3_SCN-6_SMR-0.1_RPN-1_RTN-2.C2T.mpmat         -f C -t T         --SiteMutNum 3         --SiteCoverNum 6         --SiteMutRatio 0.1         --RegionPassNum 1         --RegionToleranceNum 2         --InHeader False         --OutHeader False
        
        (one of the commands exited with non-zero exit code; note that snakemake uses bash strict mode!)
    cluster_jobid: 198231

Error executing rule mpmat_filter on cluster (jobid: 2, external: 198231, jobscript: /gpfs/user/zhaohuanan/3.project/2021_CBE_variant_and_GBE_topic/20210202_DetectSeq_M2-YE1-33A-call-points_sgRNA-EMX1-VEGFA_redo/snakepipes_Detect-seq/.snakemake/tmp.booqmsen/snakejob.mpmat_filter.2.sh). For error details see the cluster log and the log files of the involved rule(s).
Trying to restart job 2.
[Thu Feb  4 15:20:21 2021]
Error in rule mpmat_filter:
    jobid: 14
    output: ../mpmat_filter/293T-bat_All-VEGFA-PD_rep2_hg38.filtered_SMN-3_SCN-6_SMR-0.1_RPN-1_RTN-2.C2T.mpmat
    shell:
        
        /home/zhaohuanan/zhaohn_HD/miniconda3/envs/snakepipes_detect-seq/bin/python ./program/mpmat-select-V02.py         -i ../mpmat/293T-bat_All-VEGFA-PD_rep2_hg38.select.C2T.mpmat -o ../mpmat_filter/293T-bat_All-VEGFA-PD_rep2_hg38.filtered_SMN-3_SCN-6_SMR-0.1_RPN-1_RTN-2.C2T.mpmat         -f C -t T         --SiteMutNum 3         --SiteCoverNum 6         --SiteMutRatio 0.1         --RegionPassNum 1         --RegionToleranceNum 2         --InHeader False         --OutHeader False
        
        (one of the commands exited with non-zero exit code; note that snakemake uses bash strict mode!)
    cluster_jobid: 198232

Error executing rule mpmat_filter on cluster (jobid: 14, external: 198232, jobscript: /gpfs/user/zhaohuanan/3.project/2021_CBE_variant_and_GBE_topic/20210202_DetectSeq_M2-YE1-33A-call-points_sgRNA-EMX1-VEGFA_redo/snakepipes_Detect-seq/.snakemake/tmp.booqmsen/snakejob.mpmat_filter.14.sh). For error details see the cluster log and the log files of the involved rule(s).
Submitted job 28 with external jobid '198240'.
[Thu Feb  4 15:20:21 2021]
Error in rule mpmat_filter:
    jobid: 1
    output: ../mpmat_filter/293T-bat_YE1-EMX1-PD_rep1_hg38.filtered_SMN-3_SCN-6_SMR-0.1_RPN-1_RTN-2.C2T.mpmat
    shell:
        
        /home/zhaohuanan/zhaohn_HD/miniconda3/envs/snakepipes_detect-seq/bin/python ./program/mpmat-select-V02.py         -i ../mpmat/293T-bat_YE1-EMX1-PD_rep1_hg38.select.C2T.mpmat -o ../mpmat_filter/293T-bat_YE1-EMX1-PD_rep1_hg38.filtered_SMN-3_SCN-6_SMR-0.1_RPN-1_RTN-2.C2T.mpmat         -f C -t T         --SiteMutNum 3         --SiteCoverNum 6         --SiteMutRatio 0.1         --RegionPassNum 1         --RegionToleranceNum 2         --InHeader False         --OutHeader False
        
        (one of the commands exited with non-zero exit code; note that snakemake uses bash strict mode!)
    cluster_jobid: 198233

Error executing rule mpmat_filter on cluster (jobid: 1, external: 198233, jobscript: /gpfs/user/zhaohuanan/3.project/2021_CBE_variant_and_GBE_topic/20210202_DetectSeq_M2-YE1-33A-call-points_sgRNA-EMX1-VEGFA_redo/snakepipes_Detect-seq/.snakemake/tmp.booqmsen/snakejob.mpmat_filter.1.sh). For error details see the cluster log and the log files of the involved rule(s).
Trying to restart job 1.
[Thu Feb  4 15:20:21 2021]
Error in rule mpmat_filter:
    jobid: 6
    output: ../mpmat_filter/293T-bat_33A-EMX1-PD_rep2_hg38.filtered_SMN-3_SCN-6_SMR-0.1_RPN-1_RTN-2.C2T.mpmat
    shell:
        
        /home/zhaohuanan/zhaohn_HD/miniconda3/envs/snakepipes_detect-seq/bin/python ./program/mpmat-select-V02.py         -i ../mpmat/293T-bat_33A-EMX1-PD_rep2_hg38.select.C2T.mpmat -o ../mpmat_filter/293T-bat_33A-EMX1-PD_rep2_hg38.filtered_SMN-3_SCN-6_SMR-0.1_RPN-1_RTN-2.C2T.mpmat         -f C -t T         --SiteMutNum 3         --SiteCoverNum 6         --SiteMutRatio 0.1         --RegionPassNum 1         --RegionToleranceNum 2         --InHeader False         --OutHeader False
        
        (one of the commands exited with non-zero exit code; note that snakemake uses bash strict mode!)
    cluster_jobid: 198234

Error executing rule mpmat_filter on cluster (jobid: 6, external: 198234, jobscript: /gpfs/user/zhaohuanan/3.project/2021_CBE_variant_and_GBE_topic/20210202_DetectSeq_M2-YE1-33A-call-points_sgRNA-EMX1-VEGFA_redo/snakepipes_Detect-seq/.snakemake/tmp.booqmsen/snakejob.mpmat_filter.6.sh). For error details see the cluster log and the log files of the involved rule(s).
[Thu Feb  4 15:20:21 2021]
Error in rule mpmat_filter:
    jobid: 8
    output: ../mpmat_filter/293T-bat_33A-VEGFA-PD_rep2_hg38.filtered_SMN-3_SCN-6_SMR-0.1_RPN-1_RTN-2.C2T.mpmat
    shell:
        
        /home/zhaohuanan/zhaohn_HD/miniconda3/envs/snakepipes_detect-seq/bin/python ./program/mpmat-select-V02.py         -i ../mpmat/293T-bat_33A-VEGFA-PD_rep2_hg38.select.C2T.mpmat -o ../mpmat_filter/293T-bat_33A-VEGFA-PD_rep2_hg38.filtered_SMN-3_SCN-6_SMR-0.1_RPN-1_RTN-2.C2T.mpmat         -f C -t T         --SiteMutNum 3         --SiteCoverNum 6         --SiteMutRatio 0.1         --RegionPassNum 1         --RegionToleranceNum 2         --InHeader False         --OutHeader False
        
        (one of the commands exited with non-zero exit code; note that snakemake uses bash strict mode!)
    cluster_jobid: 198235

Error executing rule mpmat_filter on cluster (jobid: 8, external: 198235, jobscript: /gpfs/user/zhaohuanan/3.project/2021_CBE_variant_and_GBE_topic/20210202_DetectSeq_M2-YE1-33A-call-points_sgRNA-EMX1-VEGFA_redo/snakepipes_Detect-seq/.snakemake/tmp.booqmsen/snakejob.mpmat_filter.8.sh). For error details see the cluster log and the log files of the involved rule(s).
Trying to restart job 8.
[Thu Feb  4 15:20:22 2021]
Error in rule mpmat_filter:
    jobid: 31
    output: ../mpmat_filter/293T-bat_Vector-VEGFA-PD_rep1_hg38.filtered_SMN-3_SCN-6_SMR-0.1_RPN-1_RTN-2.G2A.mpmat
    shell:
        
        /home/zhaohuanan/zhaohn_HD/miniconda3/envs/snakepipes_detect-seq/bin/python ./program/mpmat-select-V02.py         -i ../mpmat/293T-bat_Vector-VEGFA-PD_rep1_hg38.select.G2A.mpmat -o ../mpmat_filter/293T-bat_Vector-VEGFA-PD_rep1_hg38.filtered_SMN-3_SCN-6_SMR-0.1_RPN-1_RTN-2.G2A.mpmat         -f G -t A         --SiteMutNum 3         --SiteCoverNum 6         --SiteMutRatio 0.1         --RegionPassNum 1         --RegionToleranceNum 2         --InHeader False         --OutHeader False
        
        (one of the commands exited with non-zero exit code; note that snakemake uses bash strict mode!)
    cluster_jobid: 198236

Error executing rule mpmat_filter on cluster (jobid: 31, external: 198236, jobscript: /gpfs/user/zhaohuanan/3.project/2021_CBE_variant_and_GBE_topic/20210202_DetectSeq_M2-YE1-33A-call-points_sgRNA-EMX1-VEGFA_redo/snakepipes_Detect-seq/.snakemake/tmp.booqmsen/snakejob.mpmat_filter.31.sh). For error details see the cluster log and the log files of the involved rule(s).
Trying to restart job 31.
[Thu Feb  4 15:20:22 2021]
Error in rule mpmat_filter:
    jobid: 21
    output: ../mpmat_filter/293T-bat_33A-EMX1-PD_rep1_hg38.filtered_SMN-3_SCN-6_SMR-0.1_RPN-1_RTN-2.G2A.mpmat
    shell:
        
        /home/zhaohuanan/zhaohn_HD/miniconda3/envs/snakepipes_detect-seq/bin/python ./program/mpmat-select-V02.py         -i ../mpmat/293T-bat_33A-EMX1-PD_rep1_hg38.select.G2A.mpmat -o ../mpmat_filter/293T-bat_33A-EMX1-PD_rep1_hg38.filtered_SMN-3_SCN-6_SMR-0.1_RPN-1_RTN-2.G2A.mpmat         -f G -t A         --SiteMutNum 3         --SiteCoverNum 6         --SiteMutRatio 0.1         --RegionPassNum 1         --RegionToleranceNum 2         --InHeader False         --OutHeader False
        
        (one of the commands exited with non-zero exit code; note that snakemake uses bash strict mode!)
    cluster_jobid: 198237

Error executing rule mpmat_filter on cluster (jobid: 21, external: 198237, jobscript: /gpfs/user/zhaohuanan/3.project/2021_CBE_variant_and_GBE_topic/20210202_DetectSeq_M2-YE1-33A-call-points_sgRNA-EMX1-VEGFA_redo/snakepipes_Detect-seq/.snakemake/tmp.booqmsen/snakejob.mpmat_filter.21.sh). For error details see the cluster log and the log files of the involved rule(s).
[Thu Feb  4 15:20:22 2021]
Error in rule mpmat_filter:
    jobid: 23
    output: ../mpmat_filter/293T-bat_33A-VEGFA-PD_rep1_hg38.filtered_SMN-3_SCN-6_SMR-0.1_RPN-1_RTN-2.G2A.mpmat
    shell:
        
        /home/zhaohuanan/zhaohn_HD/miniconda3/envs/snakepipes_detect-seq/bin/python ./program/mpmat-select-V02.py         -i ../mpmat/293T-bat_33A-VEGFA-PD_rep1_hg38.select.G2A.mpmat -o ../mpmat_filter/293T-bat_33A-VEGFA-PD_rep1_hg38.filtered_SMN-3_SCN-6_SMR-0.1_RPN-1_RTN-2.G2A.mpmat         -f G -t A         --SiteMutNum 3         --SiteCoverNum 6         --SiteMutRatio 0.1         --RegionPassNum 1         --RegionToleranceNum 2         --InHeader False         --OutHeader False
        
        (one of the commands exited with non-zero exit code; note that snakemake uses bash strict mode!)
    cluster_jobid: 198238

Error executing rule mpmat_filter on cluster (jobid: 23, external: 198238, jobscript: /gpfs/user/zhaohuanan/3.project/2021_CBE_variant_and_GBE_topic/20210202_DetectSeq_M2-YE1-33A-call-points_sgRNA-EMX1-VEGFA_redo/snakepipes_Detect-seq/.snakemake/tmp.booqmsen/snakejob.mpmat_filter.23.sh). For error details see the cluster log and the log files of the involved rule(s).
Trying to restart job 23.
[Thu Feb  4 15:20:32 2021]
Error in rule mpmat_filter:
    jobid: 13
    output: ../mpmat_filter/293T-bat_All-VEGFA-PD_rep1_hg38.filtered_SMN-3_SCN-6_SMR-0.1_RPN-1_RTN-2.C2T.mpmat
    shell:
        
        /home/zhaohuanan/zhaohn_HD/miniconda3/envs/snakepipes_detect-seq/bin/python ./program/mpmat-select-V02.py         -i ../mpmat/293T-bat_All-VEGFA-PD_rep1_hg38.select.C2T.mpmat -o ../mpmat_filter/293T-bat_All-VEGFA-PD_rep1_hg38.filtered_SMN-3_SCN-6_SMR-0.1_RPN-1_RTN-2.C2T.mpmat         -f C -t T         --SiteMutNum 3         --SiteCoverNum 6         --SiteMutRatio 0.1         --RegionPassNum 1         --RegionToleranceNum 2         --InHeader False         --OutHeader False
        
        (one of the commands exited with non-zero exit code; note that snakemake uses bash strict mode!)
    cluster_jobid: 198239

Error executing rule mpmat_filter on cluster (jobid: 13, external: 198239, jobscript: /gpfs/user/zhaohuanan/3.project/2021_CBE_variant_and_GBE_topic/20210202_DetectSeq_M2-YE1-33A-call-points_sgRNA-EMX1-VEGFA_redo/snakepipes_Detect-seq/.snakemake/tmp.booqmsen/snakejob.mpmat_filter.13.sh). For error details see the cluster log and the log files of the involved rule(s).
[Thu Feb  4 15:20:32 2021]
Error in rule mpmat_filter:
    jobid: 28
    output: ../mpmat_filter/293T-bat_All-EMX1-PD_rep2_hg38.filtered_SMN-3_SCN-6_SMR-0.1_RPN-1_RTN-2.G2A.mpmat
    shell:
        
        /home/zhaohuanan/zhaohn_HD/miniconda3/envs/snakepipes_detect-seq/bin/python ./program/mpmat-select-V02.py         -i ../mpmat/293T-bat_All-EMX1-PD_rep2_hg38.select.G2A.mpmat -o ../mpmat_filter/293T-bat_All-EMX1-PD_rep2_hg38.filtered_SMN-3_SCN-6_SMR-0.1_RPN-1_RTN-2.G2A.mpmat         -f G -t A         --SiteMutNum 3         --SiteCoverNum 6         --SiteMutRatio 0.1         --RegionPassNum 1         --RegionToleranceNum 2         --InHeader False         --OutHeader False
        
        (one of the commands exited with non-zero exit code; note that snakemake uses bash strict mode!)
    cluster_jobid: 198240

Error executing rule mpmat_filter on cluster (jobid: 28, external: 198240, jobscript: /gpfs/user/zhaohuanan/3.project/2021_CBE_variant_and_GBE_topic/20210202_DetectSeq_M2-YE1-33A-call-points_sgRNA-EMX1-VEGFA_redo/snakepipes_Detect-seq/.snakemake/tmp.booqmsen/snakejob.mpmat_filter.28.sh). For error details see the cluster log and the log files of the involved rule(s).
Shutting down, this might take some time.
Exiting because a job execution failed. Look above for error message
Complete log: /gpfs/user/zhaohuanan/3.project/2021_CBE_variant_and_GBE_topic/20210202_DetectSeq_M2-YE1-33A-call-points_sgRNA-EMX1-VEGFA_redo/snakepipes_Detect-seq/.snakemake/log/2021-02-04T151934.470154.snakemake.log
