Filter Align	Total High Mismatch Count	16	0	29	0	E00454:613:H527LCCX2:7:1220:29680:48160_1:N:0:CAAGTT	chr1	54620
Filter Align	Total High Mismatch Count	25	0	50	0	E00454:613:H527LCCX2:7:1220:29680:48160_1:N:0:CAAGTT	chr1	54667
Filter Align	Query High Mismatch Count	19	0	20	0	E00454:613:H527LCCX2:7:1204:26646:22651_1:N:0:CAAGTT	chr1	54693
Filter Align	Total High Mismatch Count	24	0	49	0	E00454:613:H527LCCX2:7:1210:13788:33111_1:N:0:CAAGTT	chr1	83731
Filter Align	Query High Mismatch Count	21	0	21	0	E00454:613:H527LCCX2:7:1123:19563:42763_1:N:0:CAAGTT	chr1	511841
Filter Align	Total High Mismatch Count	4	0	24	0	E00454:613:H527LCCX2:7:1108:26758:66619	chr1	1869263
Filter Align	Query High Mismatch Count	19	0	19	0	E00454:613:H527LCCX2:7:2118:11424:43501_1:N:0:CAAGTT	chr1	2000739
Filter Align	Total High Mismatch Count	26	0	26	0	E00454:613:H527LCCX2:7:2118:11424:43501_1:N:0:CAAGTT	chr1	2000829
Filter Align	Total High Mismatch Count	30	0	42	0	E00490:581:H52CJCCX2:3:2104:10541:46015_1:N:0:CAAGTT	chr1	2435955
Filter Align	Total High Mismatch Count	15	0	29	0	E00454:613:H527LCCX2:7:2105:20506:62153_1:N:0:CAAGTT	chr1	2435987
Filter Align	Total High Mismatch Count	29	0	39	0	E00490:581:H52CJCCX2:3:2104:10541:46015_1:N:0:CAAGTT	chr1	2436080
Filter Align	Query High Mismatch Count	20	0	21	0	E00454:613:H527LCCX2:7:2223:10693:10626_1:N:0:CAAGTT	chr1	2612546
Filter Align	Query High Mismatch Count	19	0	21	0	E00454:613:H527LCCX2:7:2215:20821:7919_1:N:0:CAAGTT	chr1	2841069
Filter Align	Query High Mismatch Count	19	0	20	0	E00454:613:H527LCCX2:7:2215:20821:7919_1:N:0:CAAGTT	chr1	2841162
Filter Align	Query High Mismatch Count	20	0	21	0	E00454:613:H527LCCX2:7:1106:2321:58251_1:N:0:CAAGTT	chr1	2849683
Filter Align	Total High Mismatch Count	27	0	60	0	E00454:613:H527LCCX2:7:2105:25591:17940_1:N:0:CAAGTT	chr1	2859414
Filter Align	Total High Mismatch Count	17	0	38	0	E00490:581:H52CJCCX2:3:2217:3265:61819_1:N:0:CAAGTT	chr1	2859429
Filter Align	Total High Mismatch Count	16	0	40	0	E00454:613:H527LCCX2:7:2103:7466:68430_1:N:0:CAAGTT	chr1	2859456
Filter Align	Total High Mismatch Count	8	0	35	0	E00454:613:H527LCCX2:7:2105:25591:17940_1:N:0:CAAGTT	chr1	2859471
Filter Align	Total High Mismatch Count	35	0	77	0	E00454:613:H527LCCX2:7:1112:13200:12472_1:N:0:CAAGTT	chr1	2872877
Filter Align	Query High Mismatch Count	17	0	18	0	E00454:613:H527LCCX2:7:2107:5142:48195_1:N:0:CAAGTT	chr1	2932303
Filter Align	Query High Mismatch Count	16	0	17	0	E00490:581:H52CJCCX2:3:1107:11586:34043_1:N:0:CAAGTT	chr1	2970836
Filter Align	Total High Mismatch Count	0	0	57	0	E00454:613:H527LCCX2:7:1223:32380:56211	chr1	2984647
Filter Align	Total High Mismatch Count	6	0	36	0	E00490:581:H52CJCCX2:3:2105:26869:39739_1:N:0:CAAGTT	chr1	3016500
Filter Align	Total High Mismatch Count	11	0	37	0	E00490:581:H52CJCCX2:3:2105:26869:39739_1:N:0:CAAGTT	chr1	3016557
Filter Align	Query High Mismatch Count	17	0	17	0	E00454:613:H527LCCX2:7:2116:23490:66970_1:N:0:CAAGTT	chr1	3050009
Filter Align	Query High Mismatch Count	20	0	20	0	E00454:613:H527LCCX2:7:1219:7507:53768_1:N:0:CAAGTT	chr1	3152396
Filter Align	Query High Mismatch Count	17	0	17	0	E00454:613:H527LCCX2:7:1219:7507:53768_1:N:0:CAAGTT	chr1	3152511
Filter Align	Query High Mismatch Count	22	0	22	0	E00454:613:H527LCCX2:7:2122:13321:62189_1:N:0:CAAGTT	chr1	3158489
Filter Align	Query High Mismatch Count	18	0	19	0	E00454:613:H527LCCX2:7:2122:13321:62189_1:N:0:CAAGTT	chr1	3158589
Filter Align	Total High Mismatch Count	30	0	59	0	E00454:613:H527LCCX2:7:2111:24647:10574_1:N:0:CAAGTT	chr1	3158654
Filter Align	Query High Mismatch Count	18	0	19	0	E00454:613:H527LCCX2:7:1224:19938:39686_1:N:0:CAAGTT	chr1	3285667
Filter Align	Query High Mismatch Count	19	0	19	0	E00454:613:H527LCCX2:7:2118:25357:43694_1:N:0:CAAGTT	chr1	3295586
Filter Align	Total High Mismatch Count	0	0	42	0	E00454:613:H527LCCX2:7:1122:32441:40565	chr1	3667346
Filter Align	Query High Mismatch Count	16	0	17	0	E00490:581:H52CJCCX2:3:2208:31345:58180_1:N:0:CAAGTT	chr1	3844947
Filter Align	Total High Mismatch Count	12	0	29	0	E00490:581:H52CJCCX2:3:1117:28686:28962_1:N:0:CAAGTT	chr1	3908344
Filter Align	Total High Mismatch Count	26	0	38	0	E00454:613:H527LCCX2:7:2108:15300:65687_1:N:0:CAAGTT	chr1	3920129
Filter Align	Total High Mismatch Count	52	0	76	0	E00454:613:H527LCCX2:7:2108:15300:65687_1:N:0:CAAGTT	chr1	3920209
Filter Align	Total High Mismatch Count	63	0	90	0	E00454:613:H527LCCX2:7:2212:29437:60571_1:N:0:CAAGTT	chr1	3920442
Filter Align	Total High Mismatch Count	62	0	86	0	E00454:613:H527LCCX2:7:2212:29437:60571_1:N:0:CAAGTT	chr1	3920470
Filter Align	Query High Mismatch Count	18	0	18	0	E00490:581:H52CJCCX2:3:1107:28503:17992_1:N:0:CAAGTT	chr1	4116576
Filter Align	Query High Mismatch Count	20	0	20	0	E00490:581:H52CJCCX2:3:1107:28503:17992_1:N:0:CAAGTT	chr1	4116646
Filter Align	Total High Mismatch Count	20	0	47	0	E00490:581:H52CJCCX2:3:1223:20395:4755_1:N:0:CAAGTT	chr1	4213992
Filter Align	Query High Mismatch Count	18	0	18	0	E00454:613:H527LCCX2:7:2117:26311:6952_1:N:0:CAAGTT	chr1	4386475
Filter Align	Query High Mismatch Count	17	0	19	0	E00490:581:H52CJCCX2:3:1113:24931:56915_1:N:0:CAAGTT	chr1	4494944
Filter Align	Total High Mismatch Count	14	0	25	0	E00454:613:H527LCCX2:7:2107:32136:54489_1:N:0:CAAGTT	chr1	4508778
Filter Align	Total High Mismatch Count	0	0	38	0	E00454:613:H527LCCX2:7:1215:32684:66056	chr1	4509931
Filter Align	Total High Mismatch Count	27	0	32	0	E00454:613:H527LCCX2:7:2208:5893:65283_1:N:0:CAAGTT	chr1	4996205
Filter Align	Query High Mismatch Count	18	0	19	0	E00454:613:H527LCCX2:7:1112:5822:15830_1:N:0:CAAGTT	chr1	5100763
Filter Align	Total High Mismatch Count	11	0	24	0	E00490:581:H52CJCCX2:3:2108:21399:7691_1:N:0:CAAGTT	chr1	5112369
Filter Align	Total High Mismatch Count	13	0	26	0	E00490:581:H52CJCCX2:3:2118:31781:7954_1:N:0:CAAGTT	chr1	5222215
Filter Align	Total High Mismatch Count	15	0	27	0	E00490:581:H52CJCCX2:3:2214:28655:16358_1:N:0:CAAGTT	chr1	5222235
Filter Align	Total High Mismatch Count	12	0	25	0	E00490:581:H52CJCCX2:3:2120:14712:35731_1:N:0:CAAGTT	chr1	5222270
Filter Align	Query High Mismatch Count	16	0	16	0	E00490:581:H52CJCCX2:3:2215:29792:20120_1:N:0:CAAGTT	chr1	5344852
Filter Align	Query High Mismatch Count	16	0	16	0	E00454:613:H527LCCX2:7:2111:14844:66338_1:N:0:CAAGTT	chr1	5355526
Filter Align	Query High Mismatch Count	16	0	16	0	E00490:581:H52CJCCX2:3:2103:10226:68113_1:N:0:CAAGTT	chr1	5408553
Filter Align	Query High Mismatch Count	16	0	16	0	E00490:581:H52CJCCX2:3:2103:10226:68113_1:N:0:CAAGTT	chr1	5408567
Filter Align	Query High Mismatch Count	18	0	20	0	E00490:581:H52CJCCX2:3:2119:29376:33533_1:N:0:CAAGTT	chr1	5647314
Filter Align	Query High Mismatch Count	16	0	16	0	E00454:613:H527LCCX2:7:2202:15108:57723_1:N:0:CAAGTT	chr1	5678882
Filter Align	Total High Mismatch Count	1	0	25	0	E00490:581:H52CJCCX2:3:2117:20923:6196	chr1	5685568
Filter Align	Total High Mismatch Count	15	0	27	0	E00454:613:H527LCCX2:7:2222:23317:38719_1:N:0:CAAGTT	chr1	5821341
Filter Align	Query High Mismatch Count	18	0	18	0	E00454:613:H527LCCX2:7:1203:17888:16832_1:N:0:CAAGTT	chr1	5849571
Filter Align	Query High Mismatch Count	21	0	21	0	E00454:613:H527LCCX2:7:1224:15260:31371_1:N:0:CAAGTT	chr1	6093367
Filter Align	Query High Mismatch Count	17	0	17	0	E00454:613:H527LCCX2:7:2214:26230:55403_1:N:0:CAAGTT	chr1	6119395
Filter Align	Query High Mismatch Count	18	0	19	0	E00454:613:H527LCCX2:7:1220:30157:10556	chr1	6232328
Filter Align	Total High Mismatch Count	4	0	25	0	E00490:581:H52CJCCX2:3:1115:26758:72033	chr1	6315209
Filter Align	Total High Mismatch Count	0	0	42	0	E00454:613:H527LCCX2:7:1218:32552:45540	chr1	6414286
Filter Align	Total High Mismatch Count	0	0	47	0	E00454:613:H527LCCX2:7:1115:32725:19047	chr1	6463203
Filter Align	Total High Mismatch Count	18	0	33	0	E00490:581:H52CJCCX2:3:2219:24139:29244_1:N:0:CAAGTT	chr1	6732295
Filter Align	Query High Mismatch Count	16	0	16	0	E00454:613:H527LCCX2:7:1202:27387:28505_1:N:0:CAAGTT	chr1	6757951
Filter Align	Query High Mismatch Count	16	0	16	0	E00454:613:H527LCCX2:7:2106:25591:2821_1:N:0:CAAGTT	chr1	7078335
Filter Align	Query High Mismatch Count	16	0	16	0	E00490:581:H52CJCCX2:3:1123:6167:46982_1:N:0:CAAGTT	chr1	7101377
Filter Align	Total High Mismatch Count	14	0	30	0	E00490:581:H52CJCCX2:3:1107:28473:72649_1:N:0:CAAGTT	chr1	7270115
Filter Align	Query High Mismatch Count	19	0	19	0	E00490:581:H52CJCCX2:3:2206:21602:16375_1:N:0:CAAGTT	chr1	7277298
Filter Align	Total High Mismatch Count	28	0	28	0	E00454:613:H527LCCX2:7:1112:25408:61046_1:N:0:CAAGTT	chr1	7284026
Filter Align	Total High Mismatch Count	0	0	27	0	E00454:613:H527LCCX2:7:1216:32644:55614	chr1	7292641
Filter Align	Total High Mismatch Count	13	0	25	0	E00454:613:H527LCCX2:7:1113:24403:63173_1:N:0:CAAGTT	chr1	7310523
Filter Align	Total High Mismatch Count	15	0	29	0	E00454:613:H527LCCX2:7:1110:4452:11839_1:N:0:CAAGTT	chr1	7310524
Filter Align	Total High Mismatch Count	13	0	27	0	E00454:613:H527LCCX2:7:2218:9059:6565_1:N:0:CAAGTT	chr1	7310536
Filter Align	Total High Mismatch Count	19	0	35	0	E00490:581:H52CJCCX2:3:2219:21927:72244_1:N:0:CAAGTT	chr1	7310573
Filter Align	Total High Mismatch Count	26	0	29	0	E00454:613:H527LCCX2:7:2218:12631:47175_1:N:0:CAAGTT	chr1	7387372
Filter Align	Query High Mismatch Count	23	0	23	0	E00454:613:H527LCCX2:7:2218:12631:47175_1:N:0:CAAGTT	chr1	7387379
Filter Align	Total High Mismatch Count	31	0	31	0	E00454:613:H527LCCX2:7:1220:20709:67427_1:N:0:CAAGTT	chr1	7392286
Filter Align	Query High Mismatch Count	16	0	16	0	E00454:613:H527LCCX2:7:1110:22912:8657_1:N:0:CAAGTT	chr1	7471628
Filter Align	Query High Mismatch Count	16	0	16	0	E00490:581:H52CJCCX2:3:1213:21065:38719_1:N:0:CAAGTT	chr1	7795865
Filter Align	Total High Mismatch Count	24	0	26	0	E00454:613:H527LCCX2:7:2101:3386:32180_1:N:0:CAAGTT	chr1	8089287
Filter Align	Query High Mismatch Count	20	0	20	0	E00490:581:H52CJCCX2:3:2201:26413:42534_1:N:0:CAAGTT	chr1	8102477
Filter Align	Query High Mismatch Count	21	0	23	0	E00454:613:H527LCCX2:7:2102:31954:29068_1:N:0:CAAGTT	chr1	8109025
Filter Align	Total High Mismatch Count	12	0	32	0	E00454:613:H527LCCX2:7:2217:8501:27785_1:N:0:CAAGTT	chr1	8157655
Filter Align	Total High Mismatch Count	13	0	32	0	E00490:581:H52CJCCX2:3:2212:6664:45066_1:N:0:CAAGTT	chr1	8157656
Filter Align	Total High Mismatch Count	21	0	27	0	E00454:613:H527LCCX2:7:1204:5416:47439_1:N:0:CAAGTT	chr1	8228851
Filter Align	Total High Mismatch Count	28	0	29	0	E00490:581:H52CJCCX2:3:2224:18010:5827_1:N:0:CAAGTT	chr1	8423172
Filter Align	Query High Mismatch Count	18	0	20	0	E00490:581:H52CJCCX2:3:2224:18010:5827_1:N:0:CAAGTT	chr1	8423252
Filter Align	Query High Mismatch Count	17	0	18	0	E00490:581:H52CJCCX2:3:2202:30137:49654	chr1	8573201
Filter Align	Query High Mismatch Count	17	0	17	0	E00454:613:H527LCCX2:7:1103:22211:18661_1:N:0:CAAGTT	chr1	8603626
Filter Align	Total High Mismatch Count	8	0	25	0	E00454:613:H527LCCX2:7:1107:32593:46384	chr1	8717613
Filter Align	Query High Mismatch Count	17	0	17	0	E00490:581:H52CJCCX2:3:1203:9019:48793_1:N:0:CAAGTT	chr1	8885564
Filter Align	Query High Mismatch Count	16	0	16	0	E00490:581:H52CJCCX2:3:1122:9414:51201_1:N:0:CAAGTT	chr1	8889503
Filter Align	Query High Mismatch Count	16	0	16	0	E00490:581:H52CJCCX2:3:1212:27032:13650_1:N:0:CAAGTT	chr1	8910535
Filter Align	Total High Mismatch Count	17	0	34	0	E00454:613:H527LCCX2:7:2105:17097:3049_1:N:0:CAAGTT	chr1	8973646
Filter Align	Total High Mismatch Count	36	0	69	0	E00454:613:H527LCCX2:7:2210:5020:68904_1:N:0:CAAGTT	chr1	8973682
Filter Align	Total High Mismatch Count	15	0	32	0	E00454:613:H527LCCX2:7:1216:31050:44907_1:N:0:CAAGTT	chr1	8973683
Filter Align	Total High Mismatch Count	28	0	53	0	E00454:613:H527LCCX2:7:1216:31050:44907_1:N:0:CAAGTT	chr1	8973683
Filter Align	Total High Mismatch Count	38	0	74	0	E00454:613:H527LCCX2:7:2105:17097:3049_1:N:0:CAAGTT	chr1	8973683
Filter Align	Total High Mismatch Count	23	0	52	0	E00454:613:H527LCCX2:7:1124:2493:52643_1:N:0:CAAGTT	chr1	8973706
Filter Align	Total High Mismatch Count	17	0	31	0	E00454:613:H527LCCX2:7:2204:27559:59780_1:N:0:CAAGTT	chr1	8973739
Filter Align	Total High Mismatch Count	12	0	24	0	E00454:613:H527LCCX2:7:1117:5132:46419_1:N:0:CAAGTT	chr1	9201689
Filter Align	Total High Mismatch Count	36	0	36	0	E00490:581:H52CJCCX2:3:1218:16193:55526_1:N:0:CAAGTT	chr1	9234399
Filter Align	Total High Mismatch Count	31	0	32	0	E00490:581:H52CJCCX2:3:1218:16193:55526_1:N:0:CAAGTT	chr1	9234478
Filter Align	Query High Mismatch Count	18	0	18	0	E00454:613:H527LCCX2:7:1120:12023:42253_1:N:0:CAAGTT	chr1	9279401
Filter Align	Query High Mismatch Count	17	0	17	0	E00454:613:H527LCCX2:7:1120:12023:42253_1:N:0:CAAGTT	chr1	9279464
Filter Align	Total High Mismatch Count	16	0	28	0	E00454:613:H527LCCX2:7:2214:19167:59552_1:N:0:CAAGTT	chr1	9379723
Filter Align	Total High Mismatch Count	22	0	41	0	E00454:613:H527LCCX2:7:2115:27154:10275_1:N:0:CAAGTT	chr1	9397161
Filter Align	Total High Mismatch Count	0	0	49	0	E00454:613:H527LCCX2:7:1114:32735:41813	chr1	9635328
Filter Align	Total High Mismatch Count	9	0	25	0	E00454:613:H527LCCX2:7:1224:8237:60413_1:N:0:CAAGTT	chr1	9810089
Filter Align	Query High Mismatch Count	16	0	16	0	E00454:613:H527LCCX2:7:2209:30381:10099	chr1	9898604
Filter Align	Query High Mismatch Count	19	0	20	0	E00454:613:H527LCCX2:7:2222:5386:51394_1:N:0:CAAGTT	chr1	10168201
Filter Align	Query High Mismatch Count	17	0	17	0	E00454:613:H527LCCX2:7:2111:23642:57424_1:N:0:CAAGTT	chr1	10451661
Filter Align	Query High Mismatch Count	17	0	18	0	E00490:581:H52CJCCX2:3:1108:15361:49689_1:N:0:CAAGTT	chr1	10607724
Filter Align	Query High Mismatch Count	16	0	16	0	E00454:613:H527LCCX2:7:1115:32603:31072_1:N:0:CAAGTT	chr1	10678644
Filter Align	Query High Mismatch Count	16	0	16	0	E00490:581:H52CJCCX2:3:2207:29427:41251_1:N:0:CAAGTT	chr1	10700224
Filter Align	Query High Mismatch Count	17	0	17	0	E00490:581:H52CJCCX2:3:1104:11495:24075_1:N:0:CAAGTT	chr1	10750847
Filter Align	Query High Mismatch Count	23	0	23	0	E00490:581:H52CJCCX2:3:1104:11495:24075_1:N:0:CAAGTT	chr1	10750941
Filter Align	Total High Mismatch Count	28	0	56	0	E00454:613:H527LCCX2:7:2205:10683:41479_1:N:0:CAAGTT	chr1	10784995
Filter Align	Total High Mismatch Count	27	0	57	0	E00490:581:H52CJCCX2:3:1206:17614:21807_1:N:0:CAAGTT	chr1	10817901
Filter Align	Total High Mismatch Count	13	0	26	0	E00454:613:H527LCCX2:7:1117:20506:16199_1:N:0:CAAGTT	chr1	10817994
Filter Align	Total High Mismatch Count	17	0	34	0	E00454:613:H527LCCX2:7:2119:28077:49355_1:N:0:CAAGTT	chr1	10917568
Filter Align	Total High Mismatch Count	17	0	33	0	E00454:613:H527LCCX2:7:2202:20831:58110_1:N:0:CAAGTT	chr1	10981468
Filter Align	Total High Mismatch Count	17	0	33	0	E00454:613:H527LCCX2:7:2202:20831:58110_1:N:0:CAAGTT	chr1	10981468
Filter Align	Total High Mismatch Count	24	0	49	0	E00490:581:H52CJCCX2:3:2122:13697:12560_1:N:0:CAAGTT	chr1	10987968
Filter Align	Total High Mismatch Count	13	0	24	0	E00454:613:H527LCCX2:7:1212:16559:29367_1:N:0:CAAGTT	chr1	10992120
Filter Align	Query High Mismatch Count	19	0	20	0	E00454:613:H527LCCX2:7:1201:17066:56334_1:N:0:CAAGTT	chr1	11060188
Filter Align	Total High Mismatch Count	30	0	47	0	E00454:613:H527LCCX2:7:2120:16833:37330_1:N:0:CAAGTT	chr1	11404516
Filter Align	Total High Mismatch Count	28	0	48	0	E00490:581:H52CJCCX2:3:1222:22150:10292_1:N:0:CAAGTT	chr1	11404516
Filter Align	Total High Mismatch Count	29	0	52	0	E00454:613:H527LCCX2:7:2120:16833:37330_1:N:0:CAAGTT	chr1	11404519
Filter Align	Total High Mismatch Count	30	0	55	0	E00490:581:H52CJCCX2:3:1222:22150:10292_1:N:0:CAAGTT	chr1	11404523
Filter Align	Total High Mismatch Count	21	0	27	0	E00454:613:H527LCCX2:7:1216:13291:2786_1:N:0:CAAGTT	chr1	11465147
Filter Align	Query High Mismatch Count	16	0	16	0	E00490:581:H52CJCCX2:3:1110:17086:54787_1:N:0:CAAGTT	chr1	11561547
Filter Align	Query High Mismatch Count	19	0	19	0	E00490:581:H52CJCCX2:3:1110:17086:54787_1:N:0:CAAGTT	chr1	11561568
Filter Align	Total High Mismatch Count	17	0	40	0	E00490:581:H52CJCCX2:3:1122:28087:32707_1:N:0:CAAGTT	chr1	11632437
Filter Align	Query High Mismatch Count	18	0	18	0	E00454:613:H527LCCX2:7:1106:25388:26237_1:N:0:CAAGTT	chr1	11788413
Filter Align	Query High Mismatch Count	17	0	18	0	E00454:613:H527LCCX2:7:2114:12530:68377_1:N:0:CAAGTT	chr1	11806914
Filter Align	Total High Mismatch Count	4	0	25	0	E00490:581:H52CJCCX2:3:1110:21024:16217	chr1	11837814
Filter Align	Query High Mismatch Count	17	0	17	0	E00490:581:H52CJCCX2:3:2107:28574:38051_1:N:0:CAAGTT	chr1	11846977
Filter Align	Total High Mismatch Count	13	0	26	0	E00454:613:H527LCCX2:7:1221:27265:40530_1:N:0:CAAGTT	chr1	11972164
Filter Align	Query High Mismatch Count	16	0	16	0	E00490:581:H52CJCCX2:3:2208:3447:54155_1:N:0:CAAGTT	chr1	12072841
Filter Align	Total High Mismatch Count	17	0	28	0	E00454:613:H527LCCX2:7:1213:13819:6126_1:N:0:CAAGTT	chr1	12174053
Filter Align	Total High Mismatch Count	41	0	77	0	E00490:581:H52CJCCX2:3:1113:28798:19065_1:N:0:CAAGTT	chr1	12174118
Filter Align	Query High Mismatch Count	17	0	18	0	E00454:613:H527LCCX2:7:1203:11190:63173_1:N:0:CAAGTT	chr1	12229725
Filter Align	Query High Mismatch Count	16	0	17	0	E00454:613:H527LCCX2:7:1203:11190:63173_1:N:0:CAAGTT	chr1	12229814
Filter Align	Query High Mismatch Count	18	0	18	0	E00454:613:H527LCCX2:7:1109:14387:56756_1:N:0:CAAGTT	chr1	12332585
Filter Align	Total High Mismatch Count	20	0	37	0	E00454:613:H527LCCX2:7:2110:11546:16744_1:N:0:CAAGTT	chr1	12381844
Filter Align	Total High Mismatch Count	18	0	24	0	E00490:581:H52CJCCX2:3:1223:19938:44784_1:N:0:CAAGTT	chr1	12638810
Filter Align	Total High Mismatch Count	25	0	38	0	E00490:581:H52CJCCX2:3:2211:17239:40108_1:N:0:CAAGTT	chr1	12658175
Filter Align	Query High Mismatch Count	16	0	19	0	E00490:581:H52CJCCX2:3:2218:6076:37752	chr1	12687709
Filter Align	Total High Mismatch Count	15	0	26	0	E00454:613:H527LCCX2:7:1217:25317:67006_1:N:0:CAAGTT	chr1	12801654
Filter Align	Total High Mismatch Count	17	0	24	0	E00490:581:H52CJCCX2:3:1213:5629:41233_1:N:0:CAAGTT	chr1	12867463
Filter Align	Query High Mismatch Count	16	0	17	0	E00490:581:H52CJCCX2:3:1103:24464:53082_1:N:0:CAAGTT	chr1	12910969
Filter Align	Total High Mismatch Count	16	0	30	0	E00454:613:H527LCCX2:7:2120:13088:44556_1:N:0:CAAGTT	chr1	13025341
Filter Align	Total High Mismatch Count	24	0	24	0	E00490:581:H52CJCCX2:3:1116:8004:14265_1:N:0:CAAGTT	chr1	13203650
Filter Align	Query High Mismatch Count	23	0	23	0	E00490:581:H52CJCCX2:3:1116:8004:14265_1:N:0:CAAGTT	chr1	13203666
Filter Align	Query High Mismatch Count	16	0	16	0	E00454:613:H527LCCX2:7:2217:21369:50041	chr1	13240390
Filter Align	Query High Mismatch Count	17	0	17	0	E00490:581:H52CJCCX2:3:2201:26088:49074_1:N:0:CAAGTT	chr1	13341755
Filter Align	Total High Mismatch Count	14	0	27	0	E00490:581:H52CJCCX2:3:2115:31812:37366_1:N:0:CAAGTT	chr1	13504819
Filter Align	Total High Mismatch Count	25	0	25	0	E00490:581:H52CJCCX2:3:1124:10226:66531_1:N:0:CAAGTT	chr1	13515018
Filter Align	Query High Mismatch Count	19	0	19	0	E00490:581:H52CJCCX2:3:1124:10226:66531_1:N:0:CAAGTT	chr1	13515319
Filter Align	Query High Mismatch Count	18	0	18	0	E00490:581:H52CJCCX2:3:1124:21237:69713_1:N:0:CAAGTT	chr1	13519365
Filter Align	Total High Mismatch Count	0	0	26	0	E00454:613:H527LCCX2:7:1120:32471:70363	chr1	13644323
Filter Align	Total High Mismatch Count	31	0	49	0	E00454:613:H527LCCX2:7:1202:6806:14898_1:N:0:CAAGTT	chr1	13838552
Filter Align	Query High Mismatch Count	17	0	17	0	E00454:613:H527LCCX2:7:2218:14367:22053_1:N:0:CAAGTT	chr1	13842872
Filter Align	Query High Mismatch Count	19	0	19	0	E00490:581:H52CJCCX2:3:1210:19573:14547_1:N:0:CAAGTT	chr1	14075264
Filter Align	Query High Mismatch Count	16	0	16	0	E00454:613:H527LCCX2:7:1219:27803:69801_1:N:0:CAAGTT	chr1	14253393
Filter Align	Query High Mismatch Count	19	0	20	0	E00454:613:H527LCCX2:7:1219:27803:69801_1:N:0:CAAGTT	chr1	14253426
Filter Align	Query High Mismatch Count	20	0	21	0	E00490:581:H52CJCCX2:3:2123:20760:35027_1:N:0:CAAGTT	chr1	14273239
Filter Align	Query High Mismatch Count	20	0	21	0	E00490:581:H52CJCCX2:3:2123:20760:35027_1:N:0:CAAGTT	chr1	14273239
Filter Align	Query High Mismatch Count	18	0	18	0	E00454:613:H527LCCX2:7:1109:9942:28417_1:N:0:CAAGTT	chr1	14424689
Filter Align	Query High Mismatch Count	21	0	21	0	E00454:613:H527LCCX2:7:1115:10419:53750_1:N:0:CAAGTT	chr1	14518427
Filter Align	Query High Mismatch Count	20	0	20	0	E00454:613:H527LCCX2:7:1115:10419:53750_1:N:0:CAAGTT	chr1	14518457
Filter Align	Total High Mismatch Count	27	0	27	0	E00454:613:H527LCCX2:7:2206:10916:5915_1:N:0:CAAGTT	chr1	14574390
Filter Align	Query High Mismatch Count	16	0	16	0	E00454:613:H527LCCX2:7:2110:30228:61626	chr1	14634483
Filter Align	Query High Mismatch Count	17	0	17	0	E00490:581:H52CJCCX2:3:1123:19563:41884_1:N:0:CAAGTT	chr1	14732953
Filter Align	Total High Mismatch Count	13	0	44	0	E00490:581:H52CJCCX2:3:2208:31294:24901	chr1	14772409
Filter Align	Query High Mismatch Count	17	0	18	0	E00454:613:H527LCCX2:7:1108:9374:62945_1:N:0:CAAGTT	chr1	14808061
Filter Align	Total High Mismatch Count	20	0	42	0	E00490:581:H52CJCCX2:3:1108:5863:18819_1:N:0:CAAGTT	chr1	14860114
Filter Align	Total High Mismatch Count	20	0	44	0	E00454:613:H527LCCX2:7:1111:17158:22704_1:N:0:CAAGTT	chr1	14883276
Filter Align	Total High Mismatch Count	27	0	55	0	E00490:581:H52CJCCX2:3:2105:5487:60817_1:N:0:CAAGTT	chr1	14883294
Filter Align	Query High Mismatch Count	19	0	19	0	E00490:581:H52CJCCX2:3:1114:7770:51588_1:N:0:CAAGTT	chr1	14888558
Filter Align	Total High Mismatch Count	0	0	40	0	E00454:613:H527LCCX2:7:1218:32573:13931	chr1	14953906
Filter Align	Query High Mismatch Count	17	0	17	0	E00454:613:H527LCCX2:7:2105:13382:38772_1:N:0:CAAGTT	chr1	15042455
Filter Align	Query High Mismatch Count	17	0	17	0	E00454:613:H527LCCX2:7:1205:2940:72930_1:N:0:CAAGTT	chr1	15154265
Filter Align	Query High Mismatch Count	17	0	18	0	E00454:613:H527LCCX2:7:1219:19248:2100_1:N:0:CAAGTT	chr1	15166494
Filter Align	Total High Mismatch Count	12	0	24	0	E00454:613:H527LCCX2:7:2114:27235:18924_1:N:0:CAAGTT	chr1	15172397
Filter Align	Query High Mismatch Count	19	0	19	0	E00454:613:H527LCCX2:7:1221:15889:35801_1:N:0:CAAGTT	chr1	15191971
Filter Align	Query High Mismatch Count	18	0	18	0	E00454:613:H527LCCX2:7:1204:28331:72578_1:N:0:CAAGTT	chr1	15216270
Filter Align	Total High Mismatch Count	26	0	51	0	E00454:613:H527LCCX2:7:1123:18152:59165_1:N:0:CAAGTT	chr1	15222677
Filter Align	Total High Mismatch Count	24	0	25	0	E00454:613:H527LCCX2:7:2105:9567:60571_1:N:0:CAAGTT	chr1	15305923
Filter Align	Total High Mismatch Count	24	0	24	0	E00454:613:H527LCCX2:7:2105:9567:60571_1:N:0:CAAGTT	chr1	15305923
Filter Align	Total High Mismatch Count	28	0	31	0	E00454:613:H527LCCX2:7:1114:5538:38719_1:N:0:CAAGTT	chr1	15778121
Filter Align	Query High Mismatch Count	17	0	17	0	E00454:613:H527LCCX2:7:2214:23125:8323_1:N:0:CAAGTT	chr1	15906061
Filter Align	Query High Mismatch Count	20	0	20	0	E00454:613:H527LCCX2:7:2214:23125:8323_1:N:0:CAAGTT	chr1	15906262
Filter Align	Total High Mismatch Count	15	0	30	0	E00490:581:H52CJCCX2:3:1120:12773:49566_1:N:0:CAAGTT	chr1	16136642
Filter Align	Total High Mismatch Count	12	0	26	0	E00490:581:H52CJCCX2:3:1121:3102:33129_1:N:0:CAAGTT	chr1	16194774
Filter Align	Total High Mismatch Count	10	0	24	0	E00454:613:H527LCCX2:7:2211:5609:71330_1:N:0:CAAGTT	chr1	16194778
Filter Align	Total High Mismatch Count	13	0	24	0	E00490:581:H52CJCCX2:3:1111:24566:72912_1:N:0:CAAGTT	chr1	16607014
Filter Align	Total High Mismatch Count	11	0	26	0	E00490:581:H52CJCCX2:3:1110:8095:14916_1:N:0:CAAGTT	chr1	16607033
Filter Align	Query High Mismatch Count	16	0	20	0	E00454:613:H527LCCX2:7:1212:3153:19293_1:N:0:CAAGTT	chr1	16745720
Filter Align	Total High Mismatch Count	24	0	26	0	E00454:613:H527LCCX2:7:2217:25986:45452_1:N:0:CAAGTT	chr1	17091451
Filter Align	Total High Mismatch Count	23	0	25	0	E00454:613:H527LCCX2:7:2217:25986:45452_1:N:0:CAAGTT	chr1	17091466
Filter Align	Total High Mismatch Count	1	0	51	0	E00454:613:H527LCCX2:7:1221:32451:27995	chr1	17107050
Filter Align	Query High Mismatch Count	16	0	17	0	E00454:613:H527LCCX2:7:1110:29812:12842	chr1	17426509
Filter Align	Query High Mismatch Count	19	0	20	0	E00490:581:H52CJCCX2:3:2107:3934:23917_1:N:0:CAAGTT	chr1	17510609
Filter Align	Query High Mismatch Count	20	0	20	0	E00490:581:H52CJCCX2:3:2107:3934:23917_1:N:0:CAAGTT	chr1	17510659
Filter Align	Query High Mismatch Count	17	0	17	0	E00490:581:H52CJCCX2:3:1121:28980:54647_1:N:0:CAAGTT	chr1	17558609
Filter Align	Query High Mismatch Count	16	0	16	0	E00490:581:H52CJCCX2:3:1124:4736:21755_1:N:0:CAAGTT	chr1	17605818
Filter Align	Total High Mismatch Count	14	0	27	0	E00454:613:H527LCCX2:7:1212:15432:63208_1:N:0:CAAGTT	chr1	17716613
Filter Align	Total High Mismatch Count	17	0	35	0	E00490:581:H52CJCCX2:3:2212:14955:16006_1:N:0:CAAGTT	chr1	17716760
Filter Align	Total High Mismatch Count	15	0	30	0	E00454:613:H527LCCX2:7:2220:21288:13474_1:N:0:CAAGTT	chr1	17727593
Filter Align	Total High Mismatch Count	13	0	27	0	E00490:581:H52CJCCX2:3:1221:23926:27785_1:N:0:CAAGTT	chr1	17727651
Filter Align	Total High Mismatch Count	6	0	24	0	E00490:581:H52CJCCX2:3:2202:2686:43941	chr1	17763946
Filter Align	Query High Mismatch Count	16	0	16	0	E00454:613:H527LCCX2:7:1105:25378:20454_1:N:0:CAAGTT	chr1	17822718
Filter Align	Query High Mismatch Count	16	0	16	0	E00490:581:H52CJCCX2:3:1112:26717:34025_1:N:0:CAAGTT	chr1	17940106
Filter Align	Query High Mismatch Count	21	0	23	0	E00490:581:H52CJCCX2:3:2221:21775:68008_1:N:0:CAAGTT	chr1	17970333
Filter Align	Total High Mismatch Count	0	0	26	0	E00454:613:H527LCCX2:7:1114:32735:11013	chr1	17998786
Filter Align	Total High Mismatch Count	21	0	39	0	E00454:613:H527LCCX2:7:1104:9394:25253_1:N:0:CAAGTT	chr1	18007326
Filter Align	Query High Mismatch Count	17	0	20	0	E00490:581:H52CJCCX2:3:1118:28331:26765_1:N:0:CAAGTT	chr1	18474676
Filter Align	Total High Mismatch Count	14	0	25	0	E00454:613:H527LCCX2:7:2207:21481:69396_1:N:0:CAAGTT	chr1	18502900
Filter Align	Query High Mismatch Count	17	0	17	0	E00490:581:H52CJCCX2:3:1220:27732:35115_1:N:0:CAAGTT	chr1	18526214
Filter Align	Total High Mismatch Count	12	0	37	0	E00454:613:H527LCCX2:7:2203:10267:55948_1:N:0:CAAGTT	chr1	18599475
Filter Align	Total High Mismatch Count	51	0	51	0	E00454:613:H527LCCX2:7:2216:27499:28839_1:N:0:CAAGTT	chr1	18639976
Filter Align	Total High Mismatch Count	42	0	42	0	E00454:613:H527LCCX2:7:2216:27499:28839_1:N:0:CAAGTT	chr1	18639997
Filter Align	Total High Mismatch Count	25	0	50	0	E00454:613:H527LCCX2:7:1124:3671:53592_1:N:0:CAAGTT	chr1	18667350
Filter Align	Total High Mismatch Count	29	0	57	0	E00490:581:H52CJCCX2:3:2216:4371:56528_1:N:0:CAAGTT	chr1	18667379
Filter Align	Query High Mismatch Count	19	0	21	0	E00454:613:H527LCCX2:7:2113:15290:59130_1:N:0:CAAGTT	chr1	18716728
Filter Align	Query High Mismatch Count	17	0	18	0	E00454:613:H527LCCX2:7:2113:15290:59130_1:N:0:CAAGTT	chr1	18716764
Filter Align	Total High Mismatch Count	19	0	34	0	E00454:613:H527LCCX2:7:1213:10581:55227_1:N:0:CAAGTT	chr1	18759135
Filter Align	Query High Mismatch Count	22	0	22	0	E00490:581:H52CJCCX2:3:1224:20973:23372_1:N:0:CAAGTT	chr1	18864826
Filter Align	Query High Mismatch Count	17	0	17	0	E00454:613:H527LCCX2:7:2105:19421:64703_1:N:0:CAAGTT	chr1	18872053
Filter Align	Query High Mismatch Count	16	0	17	0	E00454:613:H527LCCX2:7:2209:9648:63068	chr1	18893339
Filter Align	Total High Mismatch Count	2	0	28	0	E00454:613:H527LCCX2:7:1214:32715:43501	chr1	18942096
Filter Align	Query High Mismatch Count	19	0	20	0	E00454:613:H527LCCX2:7:1224:27438:7954_1:N:0:CAAGTT	chr1	18970596
Filter Align	Total High Mismatch Count	22	0	40	0	E00454:613:H527LCCX2:7:1117:18964:64931_1:N:0:CAAGTT	chr1	18988609
Filter Align	Total High Mismatch Count	10	0	29	0	E00490:581:H52CJCCX2:3:1223:17929:25517_1:N:0:CAAGTT	chr1	18999912
Filter Align	Total High Mismatch Count	35	0	70	0	E00454:613:H527LCCX2:7:1211:26260:46947_1:N:0:CAAGTT	chr1	18999918
Filter Align	Total High Mismatch Count	37	0	77	0	E00490:581:H52CJCCX2:3:1223:17929:25517_1:N:0:CAAGTT	chr1	18999963
Filter Align	Total High Mismatch Count	29	0	36	0	E00454:613:H527LCCX2:7:1211:26260:46947_1:N:0:CAAGTT	chr1	19000040
Filter Align	Total High Mismatch Count	24	0	25	0	E00454:613:H527LCCX2:7:1104:16407:42077_1:N:0:CAAGTT	chr1	19010164
Filter Align	Query High Mismatch Count	16	0	16	0	E00454:613:H527LCCX2:7:1104:16407:42077_1:N:0:CAAGTT	chr1	19010232
Filter Align	Total High Mismatch Count	10	0	30	0	E00454:613:H527LCCX2:7:2103:16396:21456_1:N:0:CAAGTT	chr1	19020796
Filter Align	Total High Mismatch Count	14	0	30	0	E00454:613:H527LCCX2:7:2204:7162:3911_1:N:0:CAAGTT	chr1	19020809
Filter Align	Total High Mismatch Count	11	0	24	0	E00490:581:H52CJCCX2:3:1215:3437:20770_1:N:0:CAAGTT	chr1	19020821
Filter Align	Query High Mismatch Count	17	0	17	0	E00490:581:H52CJCCX2:3:1216:20912:51570	chr1	19098868
Filter Align	Query High Mismatch Count	18	0	19	0	E00454:613:H527LCCX2:7:1207:4046:29525_1:N:0:CAAGTT	chr1	19105611
Filter Align	Total High Mismatch Count	6	0	24	0	E00490:581:H52CJCCX2:3:1215:27285:29244	chr1	19145224
Filter Align	Query High Mismatch Count	19	0	19	0	E00490:581:H52CJCCX2:3:1203:12398:35414_1:N:0:CAAGTT	chr1	19216995
Filter Align	Total High Mismatch Count	18	0	27	0	E00490:581:H52CJCCX2:3:1208:13910:46999_1:N:0:CAAGTT	chr1	19557664
Filter Align	Total High Mismatch Count	17	0	39	0	E00490:581:H52CJCCX2:3:2224:23094:9255_1:N:0:CAAGTT	chr1	19663617
Filter Align	Query High Mismatch Count	20	0	21	0	E00490:581:H52CJCCX2:3:1209:10033:32373_1:N:0:CAAGTT	chr1	19699795
Filter Align	Total High Mismatch Count	30	0	57	0	E00490:581:H52CJCCX2:3:1212:6948:52238_1:N:0:CAAGTT	chr1	19872691
Filter Align	Total High Mismatch Count	39	0	79	0	E00454:613:H527LCCX2:7:2124:5477:53487_1:N:0:CAAGTT	chr1	19872694
Filter Align	Query High Mismatch Count	16	0	16	0	E00454:613:H527LCCX2:7:2101:16559:13826_1:N:0:CAAGTT	chr1	19938652
Filter Align	Query High Mismatch Count	19	0	19	0	E00454:613:H527LCCX2:7:1110:23997:55825_1:N:0:CAAGTT	chr1	20106598
Filter Align	Total High Mismatch Count	35	0	36	0	E00454:613:H527LCCX2:7:2122:18000:59604_1:N:0:CAAGTT	chr1	20124273
Filter Align	Query High Mismatch Count	18	0	19	0	E00454:613:H527LCCX2:7:1219:21450:64527_1:N:0:CAAGTT	chr1	20133992
Filter Align	Query High Mismatch Count	18	0	18	0	E00490:581:H52CJCCX2:3:1216:18873:70715_1:N:0:CAAGTT	chr1	20147184
Filter Align	Query High Mismatch Count	18	0	18	0	E00454:613:H527LCCX2:7:2224:19309:2311_1:N:0:CAAGTT	chr1	20207417
Filter Align	Query High Mismatch Count	19	0	19	0	E00454:613:H527LCCX2:7:2224:19309:2311_1:N:0:CAAGTT	chr1	20207434
Filter Align	Query High Mismatch Count	19	0	19	0	E00454:613:H527LCCX2:7:1205:23520:7568_1:N:0:CAAGTT	chr1	20208206
Filter Align	Total High Mismatch Count	26	0	27	0	E00490:581:H52CJCCX2:3:2211:17848:33920_1:N:0:CAAGTT	chr1	20284571
Filter Align	Query High Mismatch Count	21	0	22	0	E00454:613:H527LCCX2:7:2210:29599:48230_1:N:0:CAAGTT	chr1	20306042
Filter Align	Total High Mismatch Count	12	0	24	0	E00490:581:H52CJCCX2:3:1103:8065:28294_1:N:0:CAAGTT	chr1	20368042
Filter Align	Total High Mismatch Count	12	0	24	0	E00454:613:H527LCCX2:7:2202:30614:15531_1:N:0:CAAGTT	chr1	20368049
Filter Align	Total High Mismatch Count	12	0	24	0	E00454:613:H527LCCX2:7:2202:30614:15531_1:N:0:CAAGTT	chr1	20368049
Filter Align	Total High Mismatch Count	13	0	25	0	E00490:581:H52CJCCX2:3:1103:8065:28294_1:N:0:CAAGTT	chr1	20368140
Filter Align	Total High Mismatch Count	17	0	28	0	E00454:613:H527LCCX2:7:2119:25317:58251_1:N:0:CAAGTT	chr1	20368145
Filter Align	Query High Mismatch Count	18	0	23	0	E00454:613:H527LCCX2:7:1110:26524:25183_1:N:0:CAAGTT	chr1	20574299
Filter Align	Total High Mismatch Count	2	0	25	0	E00454:613:H527LCCX2:7:1121:19319:22405	chr1	20740362
Filter Align	Total High Mismatch Count	23	0	27	0	E00490:581:H52CJCCX2:3:1217:17259:14265_1:N:0:CAAGTT	chr1	20970669
Filter Align	Query High Mismatch Count	16	0	16	0	E00490:581:H52CJCCX2:3:1219:18710:30492_1:N:0:CAAGTT	chr1	20988236
Filter Align	Total High Mismatch Count	5	0	24	0	E00490:581:H52CJCCX2:3:2215:11789:43466	chr1	21301012
Filter Align	Query High Mismatch Count	20	0	20	0	E00454:613:H527LCCX2:7:2115:12743:35274_1:N:0:CAAGTT	chr1	21527633
Filter Align	Total High Mismatch Count	16	0	26	0	E00454:613:H527LCCX2:7:1224:28067:16076_1:N:0:CAAGTT	chr1	21554851
Filter Align	Total High Mismatch Count	29	0	58	0	E00454:613:H527LCCX2:7:1101:12520:48951_1:N:0:CAAGTT	chr1	21636774
Filter Align	Query High Mismatch Count	16	0	16	0	E00490:581:H52CJCCX2:3:2102:5609:53856_1:N:0:CAAGTT	chr1	21650211
Filter Align	Query High Mismatch Count	17	0	17	0	E00490:581:H52CJCCX2:3:2102:5609:53856_1:N:0:CAAGTT	chr1	21650234
Filter Align	Query High Mismatch Count	23	0	23	0	E00490:581:H52CJCCX2:3:2205:24921:26519_1:N:0:CAAGTT	chr1	21961542
Filter Align	Total High Mismatch Count	14	0	30	0	E00490:581:H52CJCCX2:3:1217:4168:32478_1:N:0:CAAGTT	chr1	22152024
Filter Align	Total High Mismatch Count	0	0	52	0	E00454:613:H527LCCX2:7:1220:32481:21157	chr1	22165310
Filter Align	Total High Mismatch Count	25	0	25	0	E00454:613:H527LCCX2:7:2110:27986:30316_1:N:0:CAAGTT	chr1	22191713
Filter Align	Query High Mismatch Count	21	0	21	0	E00454:613:H527LCCX2:7:2110:27986:30316_1:N:0:CAAGTT	chr1	22191744
Filter Align	Total High Mismatch Count	16	0	33	0	E00490:581:H52CJCCX2:3:2223:20537:48283_1:N:0:CAAGTT	chr1	22227538
Filter Align	Total High Mismatch Count	2	0	24	0	E00454:613:H527LCCX2:7:1214:17614:53522	chr1	22286680
Filter Align	Total High Mismatch Count	0	0	38	0	E00454:613:H527LCCX2:7:1221:32441:59903	chr1	22517908
Filter Align	Query High Mismatch Count	18	0	18	0	E00454:613:H527LCCX2:7:2222:10429:71664_1:N:0:CAAGTT	chr1	22570469
Filter Align	Total High Mismatch Count	12	0	27	0	E00454:613:H527LCCX2:7:1101:8055:7954_1:N:0:CAAGTT	chr1	22609876
Filter Align	Total High Mismatch Count	17	0	32	0	E00454:613:H527LCCX2:7:1109:21318:34131_1:N:0:CAAGTT	chr1	22609949
Filter Align	Query High Mismatch Count	19	0	19	0	E00490:581:H52CJCCX2:3:1104:14052:38948_1:N:0:CAAGTT	chr1	22689779
Filter Align	Query High Mismatch Count	17	0	17	0	E00490:581:H52CJCCX2:3:1214:11424:47369_1:N:0:CAAGTT	chr1	22712856
Filter Align	Query High Mismatch Count	20	0	21	0	E00454:613:H527LCCX2:7:1221:19360:49443_1:N:0:CAAGTT	chr1	22741760
Filter Align	Query High Mismatch Count	18	0	18	0	E00490:581:H52CJCCX2:3:2111:3569:2223_1:N:0:CAAGTT	chr1	22826346
Filter Align	Query High Mismatch Count	17	0	17	0	E00490:581:H52CJCCX2:3:2210:4970:9747_1:N:0:CAAGTT	chr1	22885970
Filter Align	Query High Mismatch Count	22	0	22	0	E00490:581:H52CJCCX2:3:1121:13047:56581_1:N:0:CAAGTT	chr1	22903411
Filter Align	Query High Mismatch Count	20	0	20	0	E00490:581:H52CJCCX2:3:1121:13047:56581_1:N:0:CAAGTT	chr1	22903416
Filter Align	Query High Mismatch Count	16	0	16	0	E00490:581:H52CJCCX2:3:1213:13981:63261_1:N:0:CAAGTT	chr1	22917343
Filter Align	Query High Mismatch Count	16	0	22	0	E00490:581:H52CJCCX2:3:1216:26260:33445_1:N:0:CAAGTT	chr1	22977903
Filter Align	Query High Mismatch Count	18	0	18	0	E00454:613:H527LCCX2:7:2118:12662:22932_1:N:0:CAAGTT	chr1	23082931
Filter Align	Total High Mismatch Count	0	0	58	0	E00454:613:H527LCCX2:7:1218:32573:21350	chr1	23095850
Filter Align	Total High Mismatch Count	1	0	24	0	E00454:613:H527LCCX2:7:1205:13382:31951	chr1	23121417
Filter Align	Query High Mismatch Count	16	0	16	0	E00454:613:H527LCCX2:7:2215:12905:52186_1:N:0:CAAGTT	chr1	23381520
Filter Align	Query High Mismatch Count	16	0	16	0	E00454:613:H527LCCX2:7:2215:12905:52186_1:N:0:CAAGTT	chr1	23381557
Filter Align	Query High Mismatch Count	17	0	18	0	E00490:581:H52CJCCX2:3:1102:14793:68078_1:N:0:CAAGTT	chr1	23738925
Filter Align	Query High Mismatch Count	17	0	18	0	E00490:581:H52CJCCX2:3:1102:14793:68078_1:N:0:CAAGTT	chr1	23738926
Filter Align	Total High Mismatch Count	0	0	58	0	E00454:613:H527LCCX2:7:1217:32623:24286	chr1	23765791
Filter Align	Query High Mismatch Count	17	0	18	0	E00490:581:H52CJCCX2:3:2109:24525:46753_1:N:0:CAAGTT	chr1	23857272
Filter Align	Query High Mismatch Count	21	0	21	0	E00490:581:H52CJCCX2:3:2109:24525:46753_1:N:0:CAAGTT	chr1	23857329
Filter Align	Total High Mismatch Count	24	0	45	0	E00490:581:H52CJCCX2:3:2124:18741:17606_1:N:0:CAAGTT	chr1	24162680
Filter Align	Total High Mismatch Count	22	0	44	0	E00490:581:H52CJCCX2:3:1219:13352:30843_1:N:0:CAAGTT	chr1	24162680
Filter Align	Total High Mismatch Count	15	0	35	0	E00490:581:H52CJCCX2:3:1221:22424:38122_1:N:0:CAAGTT	chr1	24219282
Filter Align	Query High Mismatch Count	17	0	17	0	E00454:613:H527LCCX2:7:1120:23663:44802_1:N:0:CAAGTT	chr1	24222110
Filter Align	Total High Mismatch Count	14	0	28	0	E00454:613:H527LCCX2:7:1122:7090:36276_1:N:0:CAAGTT	chr1	24298609
Filter Align	Query High Mismatch Count	17	0	17	0	E00454:613:H527LCCX2:7:2217:20486:11277_1:N:0:CAAGTT	chr1	24333136
Filter Align	Total High Mismatch Count	12	0	26	0	E00490:581:H52CJCCX2:3:2122:18629:15057_1:N:0:CAAGTT	chr1	24487488
Filter Align	Query High Mismatch Count	16	0	16	0	E00490:581:H52CJCCX2:3:2209:5923:33410_1:N:0:CAAGTT	chr1	24628993
Filter Align	Total High Mismatch Count	26	0	27	0	E00490:581:H52CJCCX2:3:1221:2940:62206_1:N:0:CAAGTT	chr1	24719904
Filter Align	Total High Mismatch Count	25	0	27	0	E00490:581:H52CJCCX2:3:2108:26717:53645_1:N:0:CAAGTT	chr1	24793994
Filter Align	Query High Mismatch Count	21	0	21	0	E00490:581:H52CJCCX2:3:2214:7953:8271_1:N:0:CAAGTT	chr1	24968163
Filter Align	Query High Mismatch Count	19	0	19	0	E00454:613:H527LCCX2:7:1112:21054:70733_1:N:0:CAAGTT	chr1	24974725
Filter Align	Query High Mismatch Count	17	0	19	0	E00490:581:H52CJCCX2:3:2211:3884:46156_1:N:0:CAAGTT	chr1	25041807
Filter Align	Total High Mismatch Count	14	0	43	0	E00490:581:H52CJCCX2:3:1203:25915:22686_1:N:0:CAAGTT	chr1	25044878
Filter Align	Total High Mismatch Count	17	0	31	0	E00490:581:H52CJCCX2:3:1203:25915:22686_1:N:0:CAAGTT	chr1	25044946
Filter Align	Query High Mismatch Count	18	0	18	0	E00454:613:H527LCCX2:7:2115:31954:58391_1:N:0:CAAGTT	chr1	25059268
Filter Align	Query High Mismatch Count	16	0	16	0	E00454:613:H527LCCX2:7:2115:31954:58391_1:N:0:CAAGTT	chr1	25059304
Filter Align	Total High Mismatch Count	12	0	35	0	E00454:613:H527LCCX2:7:1208:2341:36803_1:N:0:CAAGTT	chr1	25108810
Filter Align	Query High Mismatch Count	17	0	17	0	E00490:581:H52CJCCX2:3:1206:23937:5229_1:N:0:CAAGTT	chr1	25373539
Filter Align	Query High Mismatch Count	18	0	18	0	E00490:581:H52CJCCX2:3:1206:23937:5229_1:N:0:CAAGTT	chr1	25373556
Filter Align	Total High Mismatch Count	22	0	25	0	E00490:581:H52CJCCX2:3:1207:3123:4262_1:N:0:CAAGTT	chr1	25601540
Filter Align	Query High Mismatch Count	23	0	23	0	E00490:581:H52CJCCX2:3:2107:13961:31652_1:N:0:CAAGTT	chr1	25684976
Filter Align	Query High Mismatch Count	19	0	21	0	E00490:581:H52CJCCX2:3:1112:10135:38456_1:N:0:CAAGTT	chr1	25952241
Filter Align	Query High Mismatch Count	17	0	18	0	E00490:581:H52CJCCX2:3:1205:11525:46736_1:N:0:CAAGTT	chr1	25968203
Filter Align	Query High Mismatch Count	17	0	18	0	E00490:581:H52CJCCX2:3:1205:11525:46736_1:N:0:CAAGTT	chr1	25968203
Filter Align	Total High Mismatch Count	18	0	34	0	E00454:613:H527LCCX2:7:1207:12581:43712_1:N:0:CAAGTT	chr1	26004062
Filter Align	Query High Mismatch Count	18	0	18	0	E00454:613:H527LCCX2:7:1112:21339:57934_1:N:0:CAAGTT	chr1	26036093
Filter Align	Query High Mismatch Count	18	0	18	0	E00454:613:H527LCCX2:7:1112:21339:57934_1:N:0:CAAGTT	chr1	26036093
Filter Align	Query High Mismatch Count	20	0	20	0	E00490:581:H52CJCCX2:3:2111:4888:4684_1:N:0:CAAGTT	chr1	26227204
Filter Align	Query High Mismatch Count	19	0	19	0	E00490:581:H52CJCCX2:3:2111:4888:4684_1:N:0:CAAGTT	chr1	26227273
Filter Align	Query High Mismatch Count	18	0	18	0	E00490:581:H52CJCCX2:3:2120:13859:38649_1:N:0:CAAGTT	chr1	26310900
Filter Align	Query High Mismatch Count	16	0	16	0	E00454:613:H527LCCX2:7:2217:15229:11066_1:N:0:CAAGTT	chr1	26664493
Filter Align	Query High Mismatch Count	16	0	16	0	E00454:613:H527LCCX2:7:2217:15229:11066_1:N:0:CAAGTT	chr1	26664500
Filter Align	Total High Mismatch Count	22	0	55	0	E00490:581:H52CJCCX2:3:2109:25459:11347_1:N:0:CAAGTT	chr1	26816156
Filter Align	Query High Mismatch Count	16	0	16	0	E00454:613:H527LCCX2:7:1208:30736:15531_1:N:0:CAAGTT	chr1	26904590
Filter Align	Total High Mismatch Count	21	0	43	0	E00490:581:H52CJCCX2:3:1209:18842:32338_1:N:0:CAAGTT	chr1	27076998
Filter Align	Total High Mismatch Count	36	0	55	0	E00490:581:H52CJCCX2:3:1209:18842:32338_1:N:0:CAAGTT	chr1	27077026
Filter Align	Query High Mismatch Count	19	0	19	0	E00454:613:H527LCCX2:7:1117:8958:58813_1:N:0:CAAGTT	chr1	27231650
Filter Align	Query High Mismatch Count	23	0	23	0	E00454:613:H527LCCX2:7:1117:8958:58813_1:N:0:CAAGTT	chr1	27231723
Filter Align	Query High Mismatch Count	16	0	20	0	E00454:613:H527LCCX2:7:1209:7121:48986_1:N:0:CAAGTT	chr1	27232511
Filter Align	Query High Mismatch Count	17	0	17	0	E00454:613:H527LCCX2:7:2122:3742:29455_1:N:0:CAAGTT	chr1	27322278
Filter Align	Query High Mismatch Count	17	0	17	0	E00454:613:H527LCCX2:7:2122:3742:29455_1:N:0:CAAGTT	chr1	27322303
Filter Align	Total High Mismatch Count	22	0	45	0	E00490:581:H52CJCCX2:3:2208:14346:71805_1:N:0:CAAGTT	chr1	27816866
Filter Align	Query High Mismatch Count	20	0	20	0	E00454:613:H527LCCX2:7:1104:26189:62540_1:N:0:CAAGTT	chr1	27826658
Filter Align	Query High Mismatch Count	19	0	19	0	E00454:613:H527LCCX2:7:1203:17076:42147_1:N:0:CAAGTT	chr1	27910745
Filter Align	Query High Mismatch Count	16	0	17	0	E00454:613:H52